"552b9630-b106-4fe7-a1fa-97d04a0010ef","2020-10-16T14:45:28.547Z",OpsManager,"PHSWA\XAwmSDC5B923$",Machine,"WN77043.wa.providence.org","Microsoft-Windows-Security-Auditing",Security,12544,8,,4624,"4624 - An account was successfully logged on.",,,,,,,,,,,,,,,,,,null,null,Kerberos,,,null,,,,,,,,,,,,,,,,,,,,,,,,,,,,null,,,,,,,,,,,,,,,,"%%1833",,"170.173.97.137",52539,0,"-",,,,,,"3f1ce0a7-0dc5-c4a7-985d-822f293eee8e",,,Kerberos,3,"3 - Network",,,,,,,,,,,,,,,,,,,,,,,,,,,,,,,,,,,,,,,,,,,,,,,,,"-",0x0,"-",,,,,,,,,,,,,,,,,,,,,,,null,,,,,,,"-\-",,,,"-",,0x0,,,"-","S-1-0-0",,,"PHSWA\XAwmSDC5B923$",PHSWA,,,,0x210f41ac0,,,,,,"XAwmSDC5B923$","S-1-5-21-420551719-245851362-9522986-621704",,,,,,,,"-",,,,,,,,"-","17784e06-f029-48b9-af31-001560eb6c40","3e3a22f1-77ff-4c9f-bb43-268a5c6d3295","00000000-0000-0000-0000-000000000001","2020-10-16T14:45:29.297Z","AOI-552b9630-b106-4fe7-a1fa-97d04a0010ef",SecurityEvent,
"552b9630-b106-4fe7-a1fa-97d04a0010ef","2020-10-16T14:45:28.547Z",OpsManager,"PHSWA\SETC012192",User,"WN77043.wa.providence.org","Microsoft-Windows-Security-Auditing",Security,12544,8,,4624,"4624 - An account was successfully logged on.",,,,,,,,,,,,,,,,,,null,null,Kerberos,,,null,,,,,,,,,,,,,,,,,,,,,,,,,,,,null,,,,,,,,,,,,,,,,"%%1833",,"10.227.182.172",61550,0,"-",,,,,,"7736493d-d09c-6f9b-873c-31f1c6254cf1",,,Kerberos,3,"3 - Network",,,,,,,,,,,,,,,,,,,,,,,,,,,,,,,,,,,,,,,,,,,,,,,,,"-",0x0,"-",,,,,,,,,,,,,,,,,,,,,,,null,,,,,,,"-\-",,,,"-",,0x0,,,"-","S-1-0-0",,,"PHSWA\SETC012192",PHSWA,,,,0x210f41b96,,,,,,SETC012192,"S-1-5-21-420551719-245851362-9522986-548471",,,,,,,,"-",,,,,,,,"-","17784e06-f029-48b9-af31-001560eb6c40","8413a93d-d10c-49eb-b005-5aa83ff6a975","00000000-0000-0000-0000-000000000001","2020-10-16T14:45:29.297Z","AOI-552b9630-b106-4fe7-a1fa-97d04a0010ef",SecurityEvent,
"552b9630-b106-4fe7-a1fa-97d04a0010ef","2020-10-16T14:45:28.547Z",OpsManager,,,"WN77043.wa.providence.org","Microsoft-Windows-Security-Auditing",Security,14336,8,"<EventData xmlns=""http://schemas.microsoft.com/win/2004/08/events/event"">
  <Data Name=""PackageName"">MICROSOFT_AUTHENTICATION_PACKAGE_V1_0</Data>
  <Data Name=""TargetUserName"">GilxEA1</Data>
  <Data Name=""Workstation"">\\XAWMQDC2B085</Data>
  <Data Name=""Status"">0x0</Data>
</EventData>",4776,"4776 - The domain controller attempted to validate the credentials for an account.",,,,,,,,,,,,,,,,,,null,null,,,,null,,,,,,,,,,,,,,,,,,,,,,,,,,,,null,,,,,,,,,,,,,,,,,,,,null,,,,,,,,,,,null,,,,,,,,,,,,,,,,,,,,,,,,,,,,,,,,,,,,,,,,"MICROSOFT_AUTHENTICATION_PACKAGE_V1_0",,,,,,,,,,,,,,,,,,,,,,,,,,,,,,,,,,,null,,,,,,0x0,,,,,,,,,,,,,,GilxEA1,,,,,,,,,,,GilxEA1,,,,,,,,,,,,,,,,"\\XAWMQDC2B085",,"17784e06-f029-48b9-af31-001560eb6c40","55929457-538a-4924-8506-6d157159d777","00000000-0000-0000-0000-000000000001","2020-10-16T14:45:29.297Z","AOI-552b9630-b106-4fe7-a1fa-97d04a0010ef",SecurityEvent,
"552b9630-b106-4fe7-a1fa-97d04a0010ef","2020-10-16T14:45:28.563Z",OpsManager,"PHSWA\SEDT893610$",Machine,"WN77043.wa.providence.org","Microsoft-Windows-Security-Auditing",Security,12545,8,,4634,"4634 - An account was logged off.",,,,,,,,,,,,,,,,,,null,null,,,,null,,,,,,,,,,,,,,,,,,,,,,,,,,,,null,,,,,,,,,,,,,,,,,,,,null,,,,,,,,,,,3,"3 - Network",,,,,,,,,,,,,,,,,,,,,,,,,,,,,,,,,,,,,,,,,,,,,,,,,,,,,,,,,,,,,,,,,,,,,,,,,,null,,,,,,,,,,,,,,,,,,,,"PHSWA\SEDT893610$",PHSWA,,,,0x210f41802,,,,,,"SEDT893610$","S-1-5-21-420551719-245851362-9522986-495057",,,,,,,,,,,,,,,,,"17784e06-f029-48b9-af31-001560eb6c40","c5d80ebe-2d06-44dd-97ec-8f864f1018ff","00000000-0000-0000-0000-000000000001","2020-10-16T14:45:29.297Z","AOI-552b9630-b106-4fe7-a1fa-97d04a0010ef",SecurityEvent,
"552b9630-b106-4fe7-a1fa-97d04a0010ef","2020-10-16T14:45:28.563Z",OpsManager,"EXT\carol.venable",User,"WN77043.wa.providence.org","Microsoft-Windows-Security-Auditing",Security,12544,8,,4624,"4624 - An account was successfully logged on.",,,,,,,,,,,,,,,,,,null,null,Kerberos,,,null,,,,,,,,,,,,,,,,,,,,,,,,,,,,null,,,,,,,,,,,,,,,,"%%1833",,"170.173.97.137",52540,0,"-",,,,,,"7c654673-acb7-b741-26fb-d03ae2cf5e1e",,,Kerberos,3,"3 - Network",,,,,,,,,,,,,,,,,,,,,,,,,,,,,,,,,,,,,,,,,,,,,,,,,"-",0x0,"-",,,,,,,,,,,,,,,,,,,,,,,null,,,,,,,"-\-",,,,"-",,0x0,,,"-","S-1-0-0",,,"EXT\carol.venable",EXT,,,,0x210f41bce,,,,,,"carol.venable","S-1-5-21-3858881673-1015867954-130600935-62709",,,,,,,,"-",,,,,,,,"-","17784e06-f029-48b9-af31-001560eb6c40","e678f8c1-a467-4536-b17a-73ae01a82fba","00000000-0000-0000-0000-000000000001","2020-10-16T14:45:29.297Z","AOI-552b9630-b106-4fe7-a1fa-97d04a0010ef",SecurityEvent,
"552b9630-b106-4fe7-a1fa-97d04a0010ef","2020-10-16T14:45:28.563Z",OpsManager,"PHSWA\SETC012192",User,"WN77043.wa.providence.org","Microsoft-Windows-Security-Auditing",Security,12545,8,,4634,"4634 - An account was logged off.",,,,,,,,,,,,,,,,,,null,null,,,,null,,,,,,,,,,,,,,,,,,,,,,,,,,,,null,,,,,,,,,,,,,,,,,,,,null,,,,,,,,,,,3,"3 - Network",,,,,,,,,,,,,,,,,,,,,,,,,,,,,,,,,,,,,,,,,,,,,,,,,,,,,,,,,,,,,,,,,,,,,,,,,,null,,,,,,,,,,,,,,,,,,,,"PHSWA\SETC012192",PHSWA,,,,0x210f41b96,,,,,,SETC012192,"S-1-5-21-420551719-245851362-9522986-548471",,,,,,,,,,,,,,,,,"17784e06-f029-48b9-af31-001560eb6c40","f553d268-3be4-49f4-8f50-c5644f712d00","00000000-0000-0000-0000-000000000001","2020-10-16T14:45:29.297Z","AOI-552b9630-b106-4fe7-a1fa-97d04a0010ef",SecurityEvent,
"552b9630-b106-4fe7-a1fa-97d04a0010ef","2020-10-16T14:45:28.563Z",OpsManager,"PHSWA\SEDT1042545$",Machine,"WN77043.wa.providence.org","Microsoft-Windows-Security-Auditing",Security,12544,8,,4624,"4624 - An account was successfully logged on.",,,,,,,,,,,,,,,,,,null,null,Kerberos,,,null,,,,,,,,,,,,,,,,,,,,,,,,,,,,null,,,,,,,,,,,,,,,,"%%1833",,"10.176.70.61",54468,0,"-",,,,,,"2800acae-60ad-f43f-3472-c27b6a3c8d22",,,Kerberos,3,"3 - Network",,,,,,,,,,,,,,,,,,,,,,,,,,,,,,,,,,,,,,,,,,,,,,,,,"-",0x0,"-",,,,,,,,,,,,,,,,,,,,,,,null,,,,,,,"-\-",,,,"-",,0x0,,,"-","S-1-0-0",,,"PHSWA\SEDT1042545$",PHSWA,,,,0x210f41bf0,,,,,,"SEDT1042545$","S-1-5-21-420551719-245851362-9522986-609998",,,,,,,,"-",,,,,,,,"-","17784e06-f029-48b9-af31-001560eb6c40","e2a87d99-36a6-4a71-952c-7837bfc583ee","00000000-0000-0000-0000-000000000001","2020-10-16T14:45:29.297Z","AOI-552b9630-b106-4fe7-a1fa-97d04a0010ef",SecurityEvent,
"552b9630-b106-4fe7-a1fa-97d04a0010ef","2020-10-16T14:45:28.563Z",OpsManager,"PHSWA\WTC877736",User,"WN77043.wa.providence.org","Microsoft-Windows-Security-Auditing",Security,12544,8,,4624,"4624 - An account was successfully logged on.",,,,,,,,,,,,,,,,,,null,null,Kerberos,,,null,,,,,,,,,,,,,,,,,,,,,,,,,,,,null,,,,,,,,,,,,,,,,"%%1833",,"10.227.181.219",64040,0,"-",,,,,,"3f15854e-e5be-8bcf-8a3d-92a8c6d8620c",,,Kerberos,3,"3 - Network",,,,,,,,,,,,,,,,,,,,,,,,,,,,,,,,,,,,,,,,,,,,,,,,,"-",0x0,"-",,,,,,,,,,,,,,,,,,,,,,,null,,,,,,,"-\-",,,,"-",,0x0,,,"-","S-1-0-0",,,"PHSWA\WTC877736",PHSWA,,,,0x210f41c04,,,,,,WTC877736,"S-1-5-21-420551719-245851362-9522986-296645",,,,,,,,"-",,,,,,,,"-","17784e06-f029-48b9-af31-001560eb6c40","069cc849-5175-4634-9da3-9947c5e9a2fb","00000000-0000-0000-0000-000000000001","2020-10-16T14:45:29.297Z","AOI-552b9630-b106-4fe7-a1fa-97d04a0010ef",SecurityEvent,
"552b9630-b106-4fe7-a1fa-97d04a0010ef","2020-10-16T14:45:28.563Z",OpsManager,"PHSWA\SETC012192",User,"WN77043.wa.providence.org","Microsoft-Windows-Security-Auditing",Security,12544,8,,4624,"4624 - An account was successfully logged on.",,,,,,,,,,,,,,,,,,null,null,Kerberos,,,null,,,,,,,,,,,,,,,,,,,,,,,,,,,,null,,,,,,,,,,,,,,,,"%%1833",,"10.227.182.172",61551,0,"-",,,,,,"7736493d-d09c-6f9b-873c-31f1c6254cf1",,,Kerberos,3,"3 - Network",,,,,,,,,,,,,,,,,,,,,,,,,,,,,,,,,,,,,,,,,,,,,,,,,"-",0x0,"-",,,,,,,,,,,,,,,,,,,,,,,null,,,,,,,"-\-",,,,"-",,0x0,,,"-","S-1-0-0",,,"PHSWA\SETC012192",PHSWA,,,,0x210f41c18,,,,,,SETC012192,"S-1-5-21-420551719-245851362-9522986-548471",,,,,,,,"-",,,,,,,,"-","17784e06-f029-48b9-af31-001560eb6c40","d2a96cc9-608c-4b68-b33d-8bf6e35bbde1","00000000-0000-0000-0000-000000000001","2020-10-16T14:45:29.297Z","AOI-552b9630-b106-4fe7-a1fa-97d04a0010ef",SecurityEvent,
"552b9630-b106-4fe7-a1fa-97d04a0010ef","2020-10-16T14:45:28.563Z",OpsManager,"PHSWA\WTC877736",User,"WN77043.wa.providence.org","Microsoft-Windows-Security-Auditing",Security,12544,8,,4624,"4624 - An account was successfully logged on.",,,,,,,,,,,,,,,,,,null,null,Kerberos,,,null,,,,,,,,,,,,,,,,,,,,,,,,,,,,null,,,,,,,,,,,,,,,,"%%1833",,"10.227.181.219",64042,0,"-",,,,,,"3f15854e-e5be-8bcf-8a3d-92a8c6d8620c",,,Kerberos,3,"3 - Network",,,,,,,,,,,,,,,,,,,,,,,,,,,,,,,,,,,,,,,,,,,,,,,,,"-",0x0,"-",,,,,,,,,,,,,,,,,,,,,,,null,,,,,,,"-\-",,,,"-",,0x0,,,"-","S-1-0-0",,,"PHSWA\WTC877736",PHSWA,,,,0x210f41c46,,,,,,WTC877736,"S-1-5-21-420551719-245851362-9522986-296645",,,,,,,,"-",,,,,,,,"-","17784e06-f029-48b9-af31-001560eb6c40","0eac7285-7dcb-49d1-9a66-f0b22d09da66","00000000-0000-0000-0000-000000000001","2020-10-16T14:45:29.297Z","AOI-552b9630-b106-4fe7-a1fa-97d04a0010ef",SecurityEvent,
"552b9630-b106-4fe7-a1fa-97d04a0010ef","2020-10-16T14:45:28.563Z",OpsManager,,,"WN77043.wa.providence.org","Microsoft-Windows-Security-Auditing",Security,14339,8,"<EventData xmlns=""http://schemas.microsoft.com/win/2004/08/events/event"">
  <Data Name=""TargetUserName"">servSCOMSQLREAD</Data>
  <Data Name=""TargetDomainName"">PHSWA</Data>
  <Data Name=""TargetSid"">S-1-5-21-420551719-245851362-9522986-619855</Data>
  <Data Name=""ServiceName"">krbtgt</Data>
  <Data Name=""ServiceSid"">S-1-5-21-420551719-245851362-9522986-502</Data>
  <Data Name=""TicketOptions"">0x40810010</Data>
  <Data Name=""Status"">0x0</Data>
  <Data Name=""TicketEncryptionType"">0x12</Data>
  <Data Name=""PreAuthType"">2</Data>
  <Data Name=""IpAddress"">::ffff:100.100.161.132</Data>
  <Data Name=""IpPort"">50216</Data>
  <Data Name=""CertIssuerName""></Data>
  <Data Name=""CertSerialNumber""></Data>
  <Data Name=""CertThumbprint""></Data>
</EventData>",4768,"4768 - A Kerberos authentication ticket (TGT) was requested.",,,,,,,,,,,,,,,,,,null,null,,,,null,,,,,,,,,,,,,,,,,,,,,,,,,,,,null,,,,,,,,,,,,,,,,,,"::ffff:100.100.161.132",50216,null,,,,,,,,,,,null,,,,,,,,,,,,,,,,,,,,,,,,,,,,,,,,,,,,,,,,,,,,,,,,,,,,,,,,,,,,,,,,,,,,,,,,,,krbtgt,null,,,,,,0x0,,,,,,,,,,,,,,"PHSWA\servSCOMSQLREAD",PHSWA,,,,,,,,"S-1-5-21-420551719-245851362-9522986-619855",,servSCOMSQLREAD,,,,,,,,,,,,,,,,,,"17784e06-f029-48b9-af31-001560eb6c40","4fc0cdd4-f53d-4ecb-8ce4-84eda805e7a6","00000000-0000-0000-0000-000000000001","2020-10-16T14:45:29.297Z","AOI-552b9630-b106-4fe7-a1fa-97d04a0010ef",SecurityEvent,
"552b9630-b106-4fe7-a1fa-97d04a0010ef","2020-10-16T14:45:28.563Z",OpsManager,"PHSWA\SETC012192",User,"WN77043.wa.providence.org","Microsoft-Windows-Security-Auditing",Security,12545,8,,4634,"4634 - An account was logged off.",,,,,,,,,,,,,,,,,,null,null,,,,null,,,,,,,,,,,,,,,,,,,,,,,,,,,,null,,,,,,,,,,,,,,,,,,,,null,,,,,,,,,,,3,"3 - Network",,,,,,,,,,,,,,,,,,,,,,,,,,,,,,,,,,,,,,,,,,,,,,,,,,,,,,,,,,,,,,,,,,,,,,,,,,null,,,,,,,,,,,,,,,,,,,,"PHSWA\SETC012192",PHSWA,,,,0x210f41c18,,,,,,SETC012192,"S-1-5-21-420551719-245851362-9522986-548471",,,,,,,,,,,,,,,,,"17784e06-f029-48b9-af31-001560eb6c40","534ed7fd-26c4-488f-8119-17cb871af9a8","00000000-0000-0000-0000-000000000001","2020-10-16T14:45:29.297Z","AOI-552b9630-b106-4fe7-a1fa-97d04a0010ef",SecurityEvent,
"552b9630-b106-4fe7-a1fa-97d04a0010ef","2020-10-16T14:45:28.58Z",OpsManager,,,"WN77043.wa.providence.org","Microsoft-Windows-Security-Auditing",Security,14336,8,"<EventData xmlns=""http://schemas.microsoft.com/win/2004/08/events/event"">
  <Data Name=""PackageName"">MICROSOFT_AUTHENTICATION_PACKAGE_V1_0</Data>
  <Data Name=""TargetUserName"">serv_epic_ldap</Data>
  <Data Name=""Workstation"">WN77043</Data>
  <Data Name=""Status"">0x0</Data>
</EventData>",4776,"4776 - The domain controller attempted to validate the credentials for an account.",,,,,,,,,,,,,,,,,,null,null,,,,null,,,,,,,,,,,,,,,,,,,,,,,,,,,,null,,,,,,,,,,,,,,,,,,,,null,,,,,,,,,,,null,,,,,,,,,,,,,,,,,,,,,,,,,,,,,,,,,,,,,,,,"MICROSOFT_AUTHENTICATION_PACKAGE_V1_0",,,,,,,,,,,,,,,,,,,,,,,,,,,,,,,,,,,null,,,,,,0x0,,,,,,,,,,,,,,"serv_epic_ldap",,,,,,,,,,,"serv_epic_ldap",,,,,,,,,,,,,,,,WN77043,,"17784e06-f029-48b9-af31-001560eb6c40","e6b5544a-4046-4b39-b03d-f917fe29ff3e","00000000-0000-0000-0000-000000000001","2020-10-16T14:45:29.297Z","AOI-552b9630-b106-4fe7-a1fa-97d04a0010ef",SecurityEvent,
"552b9630-b106-4fe7-a1fa-97d04a0010ef","2020-10-16T14:45:28.58Z",OpsManager,"PHSWA\WN77043$",Machine,"WN77043.wa.providence.org","Microsoft-Windows-Security-Auditing",Security,12544,8,,4648,"4648 - A logon was attempted using explicit credentials.",,,,,,,,,,,,,,,,,,null,null,,,,null,,,,,,,,,,,,,,,,,,,,,,,,,,,,null,,,,,,,,,,,,,,,,,,"170.173.164.140",15991,null,,,,,,,"bd989afc-1347-beda-97ec-be36f4fb166a",,,,null,,,,,,,,,,,,,,,,,,,,,,,,,,,,,,,,,,,,,,,,,,,,,,,,,,"lsass.exe",0x28c,"C:\Windows\System32\lsass.exe",,,,,,,,,,,,,,,,,,,,,,,null,,,,,,,"PHSWA\WN77043$",,,,PHSWA,,0x3e7,,,"WN77043$","S-1-5-18",,,"PHSWA\serv_epic_ldap",PHSWA,localhost,,"00000000-0000-0000-0000-000000000000",,,,localhost,,,"serv_epic_ldap",,,,,,,,,,,,,,,,,,"17784e06-f029-48b9-af31-001560eb6c40","dc320bb5-4cea-404e-98e9-f48b7505e2b6","00000000-0000-0000-0000-000000000001","2020-10-16T14:45:29.297Z","AOI-552b9630-b106-4fe7-a1fa-97d04a0010ef",SecurityEvent,
"552b9630-b106-4fe7-a1fa-97d04a0010ef","2020-10-16T14:45:28.58Z",OpsManager,"PHSWA\serv_epic_ldap",User,"WN77043.wa.providence.org","Microsoft-Windows-Security-Auditing",Security,12544,8,,4624,"4624 - An account was successfully logged on.",,,,,,,,,,,,,,,,,,null,null,"MICROSOFT_AUTHENTICATION_PACKAGE_V1_0",,,null,,,,,,,,,,,,,,,,,,,,,,,,,,,,null,,,,,,,,,,,,,,,,"%%1833",,"170.173.164.140",15991,0,"-",,,,,,"00000000-0000-0000-0000-000000000000",,,"Advapi  ",3,"3 - Network",,,,,,,,,,,,,,,,,,,,,,,,,,,,,,,,,,,,,,,,,,,,,,,,,"lsass.exe",0x28c,"C:\Windows\System32\lsass.exe",,,,,,,,,,,,,,,,,,,,,,,null,,,,,,,"PHSWA\WN77043$",,,,PHSWA,,0x3e7,,,"WN77043$","S-1-5-18",,,"PHSWA\serv_epic_ldap",PHSWA,,,,0x210f41c6a,,,,,,"serv_epic_ldap","S-1-5-21-420551719-245851362-9522986-150956",,,,,,,,"-",,,,,,,,WN77043,"17784e06-f029-48b9-af31-001560eb6c40","a83ab5f9-5b90-4f14-b521-e4f849b3c824","00000000-0000-0000-0000-000000000001","2020-10-16T14:45:29.297Z","AOI-552b9630-b106-4fe7-a1fa-97d04a0010ef",SecurityEvent,
"552b9630-b106-4fe7-a1fa-97d04a0010ef","2020-10-16T14:45:28.58Z",OpsManager,"PHSWA\WALT993442$",Machine,"WN77043.wa.providence.org","Microsoft-Windows-Security-Auditing",Security,12545,8,,4634,"4634 - An account was logged off.",,,,,,,,,,,,,,,,,,null,null,,,,null,,,,,,,,,,,,,,,,,,,,,,,,,,,,null,,,,,,,,,,,,,,,,,,,,null,,,,,,,,,,,3,"3 - Network",,,,,,,,,,,,,,,,,,,,,,,,,,,,,,,,,,,,,,,,,,,,,,,,,,,,,,,,,,,,,,,,,,,,,,,,,,null,,,,,,,,,,,,,,,,,,,,"PHSWA\WALT993442$",PHSWA,,,,0x210f23622,,,,,,"WALT993442$","S-1-5-21-420551719-245851362-9522986-496435",,,,,,,,,,,,,,,,,"17784e06-f029-48b9-af31-001560eb6c40","e31e92ea-cdc5-4d68-be7e-c8c141c5726b","00000000-0000-0000-0000-000000000001","2020-10-16T14:45:29.297Z","AOI-552b9630-b106-4fe7-a1fa-97d04a0010ef",SecurityEvent,
"552b9630-b106-4fe7-a1fa-97d04a0010ef","2020-10-16T14:45:28.593Z",OpsManager,"PHSWA\ServSpProfile",User,"WN77043.wa.providence.org","Microsoft-Windows-Security-Auditing",Security,12544,8,,4624,"4624 - An account was successfully logged on.",,,,,,,,,,,,,,,,,,null,null,Kerberos,,,null,,,,,,,,,,,,,,,,,,,,,,,,,,,,null,,,,,,,,,,,,,,,,"%%1840",,"170.173.107.12",64536,0,"-",,,,,,"0d044f4d-f5c5-3939-b1ba-1c73d3dc6505",,,Kerberos,3,"3 - Network",,,,,,,,,,,,,,,,,,,,,,,,,,,,,,,,,,,,,,,,,,,,,,,,,"-",0x0,"-",,,,,,,,,,,,,,,,,,,,,,,null,,,,,,,"-\-",,,,"-",,0x0,,,"-","S-1-0-0",,,"PHSWA\ServSpProfile",PHSWA,,,,0x210f41cd6,,,,,,ServSpProfile,"S-1-5-21-420551719-245851362-9522986-161618",,,,,,,,"-",,,,,,,,"-","17784e06-f029-48b9-af31-001560eb6c40","5e048765-93b7-4862-90a1-a4a349d83377","00000000-0000-0000-0000-000000000001","2020-10-16T14:45:29.297Z","AOI-552b9630-b106-4fe7-a1fa-97d04a0010ef",SecurityEvent,
"552b9630-b106-4fe7-a1fa-97d04a0010ef","2020-10-16T14:45:28.593Z",OpsManager,"PHSWA\WWA137789$",Machine,"WN77043.wa.providence.org","Microsoft-Windows-Security-Auditing",Security,12544,8,,4624,"4624 - An account was successfully logged on.",,,,,,,,,,,,,,,,,,null,null,Kerberos,,,null,,,,,,,,,,,,,,,,,,,,,,,,,,,,null,,,,,,,,,,,,,,,,"%%1840",,"10.232.34.245",49787,0,"-",,,,,,"ea19e536-7e7c-fdcc-c760-4e22e3379b7f",,,Kerberos,3,"3 - Network",,,,,,,,,,,,,,,,,,,,,,,,,,,,,,,,,,,,,,,,,,,,,,,,,"-",0x0,"-",,,,,,,,,,,,,,,,,,,,,,,null,,,,,,,"-\-",,,,"-",,0x0,,,"-","S-1-0-0",,,"PHSWA\WWA137789$",PHSWA,,,,0x210f41ced,,,,,,"WWA137789$","S-1-5-21-420551719-245851362-9522986-181150",,,,,,,,"-",,,,,,,,"-","17784e06-f029-48b9-af31-001560eb6c40","99ee7852-3d8b-4767-939d-060dc0f50548","00000000-0000-0000-0000-000000000001","2020-10-16T14:45:29.297Z","AOI-552b9630-b106-4fe7-a1fa-97d04a0010ef",SecurityEvent,
"552b9630-b106-4fe7-a1fa-97d04a0010ef","2020-10-16T14:45:28.593Z",OpsManager,,,"WN77043.wa.providence.org","Microsoft-Windows-Security-Auditing",Security,14339,8,"<EventData xmlns=""http://schemas.microsoft.com/win/2004/08/events/event"">
  <Data Name=""TargetUserName"">serv_GEDC</Data>
  <Data Name=""TargetDomainName"">phswa</Data>
  <Data Name=""TargetSid"">S-1-5-21-420551719-245851362-9522986-129291</Data>
  <Data Name=""ServiceName"">krbtgt</Data>
  <Data Name=""ServiceSid"">S-1-5-21-420551719-245851362-9522986-502</Data>
  <Data Name=""TicketOptions"">0x40810010</Data>
  <Data Name=""Status"">0x0</Data>
  <Data Name=""TicketEncryptionType"">0x12</Data>
  <Data Name=""PreAuthType"">2</Data>
  <Data Name=""IpAddress"">2002:aaad:f6f5::aaad:f6f5</Data>
  <Data Name=""IpPort"">58092</Data>
  <Data Name=""CertIssuerName""></Data>
  <Data Name=""CertSerialNumber""></Data>
  <Data Name=""CertThumbprint""></Data>
</EventData>",4768,"4768 - A Kerberos authentication ticket (TGT) was requested.",,,,,,,,,,,,,,,,,,null,null,,,,null,,,,,,,,,,,,,,,,,,,,,,,,,,,,null,,,,,,,,,,,,,,,,,,"2002:aaad:f6f5::aaad:f6f5",58092,null,,,,,,,,,,,null,,,,,,,,,,,,,,,,,,,,,,,,,,,,,,,,,,,,,,,,,,,,,,,,,,,,,,,,,,,,,,,,,,,,,,,,,,krbtgt,null,,,,,,0x0,,,,,,,,,,,,,,"phswa\serv_GEDC",phswa,,,,,,,,"S-1-5-21-420551719-245851362-9522986-129291",,"serv_GEDC",,,,,,,,,,,,,,,,,,"17784e06-f029-48b9-af31-001560eb6c40","2d8c4e64-6814-47e4-a9b3-f878e8ea392a","00000000-0000-0000-0000-000000000001","2020-10-16T14:45:29.297Z","AOI-552b9630-b106-4fe7-a1fa-97d04a0010ef",SecurityEvent,
"552b9630-b106-4fe7-a1fa-97d04a0010ef","2020-10-16T14:45:28.61Z",OpsManager,"PHSWA\WWA143565$",Machine,"WN77043.wa.providence.org","Microsoft-Windows-Security-Auditing",Security,12544,8,,4624,"4624 - An account was successfully logged on.",,,,,,,,,,,,,,,,,,null,null,Kerberos,,,null,,,,,,,,,,,,,,,,,,,,,,,,,,,,null,,,,,,,,,,,,,,,,"%%1833",,"10.230.35.242",59453,0,"-",,,,,,"628c034b-96b7-4142-07fb-00ecb80ec35f",,,Kerberos,3,"3 - Network",,,,,,,,,,,,,,,,,,,,,,,,,,,,,,,,,,,,,,,,,,,,,,,,,"-",0x0,"-",,,,,,,,,,,,,,,,,,,,,,,null,,,,,,,"-\-",,,,"-",,0x0,,,"-","S-1-0-0",,,"PHSWA\WWA143565$",PHSWA,,,,0x210f41d4d,,,,,,"WWA143565$","S-1-5-21-420551719-245851362-9522986-206509",,,,,,,,"-",,,,,,,,"-","17784e06-f029-48b9-af31-001560eb6c40","9452cfe7-1d87-4dec-a132-239a88db4faf","00000000-0000-0000-0000-000000000001","2020-10-16T14:45:29.297Z","AOI-552b9630-b106-4fe7-a1fa-97d04a0010ef",SecurityEvent,
"552b9630-b106-4fe7-a1fa-97d04a0010ef","2020-10-16T14:45:28.61Z",OpsManager,,,"WN77043.wa.providence.org","Microsoft-Windows-Security-Auditing",Security,14336,8,"<EventData xmlns=""http://schemas.microsoft.com/win/2004/08/events/event"">
  <Data Name=""PackageName"">MICROSOFT_AUTHENTICATION_PACKAGE_V1_0</Data>
  <Data Name=""TargetUserName"">soukthida.acosta</Data>
  <Data Name=""Workstation"">WN77043</Data>
  <Data Name=""Status"">0x0</Data>
</EventData>",4776,"4776 - The domain controller attempted to validate the credentials for an account.",,,,,,,,,,,,,,,,,,null,null,,,,null,,,,,,,,,,,,,,,,,,,,,,,,,,,,null,,,,,,,,,,,,,,,,,,,,null,,,,,,,,,,,null,,,,,,,,,,,,,,,,,,,,,,,,,,,,,,,,,,,,,,,,"MICROSOFT_AUTHENTICATION_PACKAGE_V1_0",,,,,,,,,,,,,,,,,,,,,,,,,,,,,,,,,,,null,,,,,,0x0,,,,,,,,,,,,,,"soukthida.acosta",,,,,,,,,,,"soukthida.acosta",,,,,,,,,,,,,,,,WN77043,,"17784e06-f029-48b9-af31-001560eb6c40","365ef16d-5d56-432a-b18b-60f83e094d54","00000000-0000-0000-0000-000000000001","2020-10-16T14:45:29.297Z","AOI-552b9630-b106-4fe7-a1fa-97d04a0010ef",SecurityEvent,
"552b9630-b106-4fe7-a1fa-97d04a0010ef","2020-10-16T14:45:28.61Z",OpsManager,"PHSWA\WN77043$",Machine,"WN77043.wa.providence.org","Microsoft-Windows-Security-Auditing",Security,12544,8,,4648,"4648 - A logon was attempted using explicit credentials.",,,,,,,,,,,,,,,,,,null,null,,,,null,,,,,,,,,,,,,,,,,,,,,,,,,,,,null,,,,,,,,,,,,,,,,,,"170.173.164.140",15991,null,,,,,,,"bd989afc-1347-beda-97ec-be36f4fb166a",,,,null,,,,,,,,,,,,,,,,,,,,,,,,,,,,,,,,,,,,,,,,,,,,,,,,,,"lsass.exe",0x28c,"C:\Windows\System32\lsass.exe",,,,,,,,,,,,,,,,,,,,,,,null,,,,,,,"PHSWA\WN77043$",,,,PHSWA,,0x3e7,,,"WN77043$","S-1-5-18",,,"PHSWA\soukthida.acosta",PHSWA,localhost,,"00000000-0000-0000-0000-000000000000",,,,localhost,,,"soukthida.acosta",,,,,,,,,,,,,,,,,,"17784e06-f029-48b9-af31-001560eb6c40","4aad39ae-e5b9-4a09-a1fa-01c8d02f5149","00000000-0000-0000-0000-000000000001","2020-10-16T14:45:29.297Z","AOI-552b9630-b106-4fe7-a1fa-97d04a0010ef",SecurityEvent,
"552b9630-b106-4fe7-a1fa-97d04a0010ef","2020-10-16T14:45:28.61Z",OpsManager,"PHSWA\soukthida.acosta",User,"WN77043.wa.providence.org","Microsoft-Windows-Security-Auditing",Security,12544,8,,4624,"4624 - An account was successfully logged on.",,,,,,,,,,,,,,,,,,null,null,"MICROSOFT_AUTHENTICATION_PACKAGE_V1_0",,,null,,,,,,,,,,,,,,,,,,,,,,,,,,,,null,,,,,,,,,,,,,,,,"%%1833",,"170.173.164.140",15991,0,"-",,,,,,"00000000-0000-0000-0000-000000000000",,,"Advapi  ",3,"3 - Network",,,,,,,,,,,,,,,,,,,,,,,,,,,,,,,,,,,,,,,,,,,,,,,,,"lsass.exe",0x28c,"C:\Windows\System32\lsass.exe",,,,,,,,,,,,,,,,,,,,,,,null,,,,,,,"PHSWA\WN77043$",,,,PHSWA,,0x3e7,,,"WN77043$","S-1-5-18",,,"PHSWA\soukthida.acosta",PHSWA,,,,0x210f41d2a,,,,,,"soukthida.acosta","S-1-5-21-420551719-245851362-9522986-59908",,,,,,,,"-",,,,,,,,WN77043,"17784e06-f029-48b9-af31-001560eb6c40","6915db8f-743a-484a-88e3-c3bf9acd0daf","00000000-0000-0000-0000-000000000001","2020-10-16T14:45:29.297Z","AOI-552b9630-b106-4fe7-a1fa-97d04a0010ef",SecurityEvent,
"552b9630-b106-4fe7-a1fa-97d04a0010ef","2020-10-16T14:45:28.61Z",OpsManager,"PHSWA\serv_epic_ldap",User,"WN77043.wa.providence.org","Microsoft-Windows-Security-Auditing",Security,12545,8,,4634,"4634 - An account was logged off.",,,,,,,,,,,,,,,,,,null,null,,,,null,,,,,,,,,,,,,,,,,,,,,,,,,,,,null,,,,,,,,,,,,,,,,,,,,null,,,,,,,,,,,3,"3 - Network",,,,,,,,,,,,,,,,,,,,,,,,,,,,,,,,,,,,,,,,,,,,,,,,,,,,,,,,,,,,,,,,,,,,,,,,,,null,,,,,,,,,,,,,,,,,,,,"PHSWA\serv_epic_ldap",PHSWA,,,,0x210f41c6a,,,,,,"serv_epic_ldap","S-1-5-21-420551719-245851362-9522986-150956",,,,,,,,,,,,,,,,,"17784e06-f029-48b9-af31-001560eb6c40","7ce4e7ef-1bf6-4167-9d37-5e6b1c239bec","00000000-0000-0000-0000-000000000001","2020-10-16T14:45:29.297Z","AOI-552b9630-b106-4fe7-a1fa-97d04a0010ef",SecurityEvent,
"552b9630-b106-4fe7-a1fa-97d04a0010ef","2020-10-16T14:45:28.627Z",OpsManager,"PHSWA\p346153",User,"WN77043.wa.providence.org","Microsoft-Windows-Security-Auditing",Security,12544,8,,4624,"4624 - An account was successfully logged on.",,,,,,,,,,,,,,,,,,null,null,Kerberos,,,null,,,,,,,,,,,,,,,,,,,,,,,,,,,,null,,,,,,,,,,,,,,,,"%%1833",,"10.176.68.145",50091,0,"-",,,,,,"629836d5-0b04-3a55-0624-b3bf1dfd852d",,,Kerberos,3,"3 - Network",,,,,,,,,,,,,,,,,,,,,,,,,,,,,,,,,,,,,,,,,,,,,,,,,"-",0x0,"-",,,,,,,,,,,,,,,,,,,,,,,null,,,,,,,"-\-",,,,"-",,0x0,,,"-","S-1-0-0",,,"PHSWA\p346153",PHSWA,,,,0x210f41d91,,,,,,p346153,"S-1-5-21-420551719-245851362-9522986-122236",,,,,,,,"-",,,,,,,,"-","17784e06-f029-48b9-af31-001560eb6c40","dd72011c-c234-4a81-84eb-eab2a365d0e8","00000000-0000-0000-0000-000000000001","2020-10-16T14:45:29.297Z","AOI-552b9630-b106-4fe7-a1fa-97d04a0010ef",SecurityEvent,
"552b9630-b106-4fe7-a1fa-97d04a0010ef","2020-10-16T14:45:28.627Z",OpsManager,"PHSWA\soukthida.acosta",User,"WN77043.wa.providence.org","Microsoft-Windows-Security-Auditing",Security,12545,8,,4634,"4634 - An account was logged off.",,,,,,,,,,,,,,,,,,null,null,,,,null,,,,,,,,,,,,,,,,,,,,,,,,,,,,null,,,,,,,,,,,,,,,,,,,,null,,,,,,,,,,,3,"3 - Network",,,,,,,,,,,,,,,,,,,,,,,,,,,,,,,,,,,,,,,,,,,,,,,,,,,,,,,,,,,,,,,,,,,,,,,,,,null,,,,,,,,,,,,,,,,,,,,"PHSWA\soukthida.acosta",PHSWA,,,,0x210f41d2a,,,,,,"soukthida.acosta","S-1-5-21-420551719-245851362-9522986-59908",,,,,,,,,,,,,,,,,"17784e06-f029-48b9-af31-001560eb6c40","81783dfc-4a12-4427-844b-1e3be01e6bb3","00000000-0000-0000-0000-000000000001","2020-10-16T14:45:29.297Z","AOI-552b9630-b106-4fe7-a1fa-97d04a0010ef",SecurityEvent,
"552b9630-b106-4fe7-a1fa-97d04a0010ef","2020-10-16T14:45:28.627Z",OpsManager,"PHSWA\WADT1047858$",Machine,"WN77043.wa.providence.org","Microsoft-Windows-Security-Auditing",Security,12545,8,,4634,"4634 - An account was logged off.",,,,,,,,,,,,,,,,,,null,null,,,,null,,,,,,,,,,,,,,,,,,,,,,,,,,,,null,,,,,,,,,,,,,,,,,,,,null,,,,,,,,,,,3,"3 - Network",,,,,,,,,,,,,,,,,,,,,,,,,,,,,,,,,,,,,,,,,,,,,,,,,,,,,,,,,,,,,,,,,,,,,,,,,,null,,,,,,,,,,,,,,,,,,,,"PHSWA\WADT1047858$",PHSWA,,,,0x210f4170a,,,,,,"WADT1047858$","S-1-5-21-420551719-245851362-9522986-593145",,,,,,,,,,,,,,,,,"17784e06-f029-48b9-af31-001560eb6c40","2c75478f-8ce5-403b-b151-16a31b825b1d","00000000-0000-0000-0000-000000000001","2020-10-16T14:45:29.297Z","AOI-552b9630-b106-4fe7-a1fa-97d04a0010ef",SecurityEvent,
"552b9630-b106-4fe7-a1fa-97d04a0010ef","2020-10-16T14:45:28.627Z",OpsManager,"EXT\x9046648",User,"WN77043.wa.providence.org","Microsoft-Windows-Security-Auditing",Security,12545,8,,4634,"4634 - An account was logged off.",,,,,,,,,,,,,,,,,,null,null,,,,null,,,,,,,,,,,,,,,,,,,,,,,,,,,,null,,,,,,,,,,,,,,,,,,,,null,,,,,,,,,,,3,"3 - Network",,,,,,,,,,,,,,,,,,,,,,,,,,,,,,,,,,,,,,,,,,,,,,,,,,,,,,,,,,,,,,,,,,,,,,,,,,null,,,,,,,,,,,,,,,,,,,,"EXT\x9046648",EXT,,,,0x210f2de8d,,,,,,x9046648,"S-1-5-21-3858881673-1015867954-130600935-5302",,,,,,,,,,,,,,,,,"17784e06-f029-48b9-af31-001560eb6c40","c5b72af8-e4f3-4a40-880f-58f72b37a3cc","00000000-0000-0000-0000-000000000001","2020-10-16T14:45:29.297Z","AOI-552b9630-b106-4fe7-a1fa-97d04a0010ef",SecurityEvent,
"552b9630-b106-4fe7-a1fa-97d04a0010ef","2020-10-16T14:45:28.627Z",OpsManager,"PHSWA\WTC877736",User,"WN77043.wa.providence.org","Microsoft-Windows-Security-Auditing",Security,12545,8,,4634,"4634 - An account was logged off.",,,,,,,,,,,,,,,,,,null,null,,,,null,,,,,,,,,,,,,,,,,,,,,,,,,,,,null,,,,,,,,,,,,,,,,,,,,null,,,,,,,,,,,3,"3 - Network",,,,,,,,,,,,,,,,,,,,,,,,,,,,,,,,,,,,,,,,,,,,,,,,,,,,,,,,,,,,,,,,,,,,,,,,,,null,,,,,,,,,,,,,,,,,,,,"PHSWA\WTC877736",PHSWA,,,,0x210f41c46,,,,,,WTC877736,"S-1-5-21-420551719-245851362-9522986-296645",,,,,,,,,,,,,,,,,"17784e06-f029-48b9-af31-001560eb6c40","8c72caad-0179-4f2f-9008-af9d7f4afced","00000000-0000-0000-0000-000000000001","2020-10-16T14:45:29.297Z","AOI-552b9630-b106-4fe7-a1fa-97d04a0010ef",SecurityEvent,
"552b9630-b106-4fe7-a1fa-97d04a0010ef","2020-10-16T14:45:28.627Z",OpsManager,"PHSWA\WTC877736",User,"WN77043.wa.providence.org","Microsoft-Windows-Security-Auditing",Security,12545,8,,4634,"4634 - An account was logged off.",,,,,,,,,,,,,,,,,,null,null,,,,null,,,,,,,,,,,,,,,,,,,,,,,,,,,,null,,,,,,,,,,,,,,,,,,,,null,,,,,,,,,,,3,"3 - Network",,,,,,,,,,,,,,,,,,,,,,,,,,,,,,,,,,,,,,,,,,,,,,,,,,,,,,,,,,,,,,,,,,,,,,,,,,null,,,,,,,,,,,,,,,,,,,,"PHSWA\WTC877736",PHSWA,,,,0x210f41c04,,,,,,WTC877736,"S-1-5-21-420551719-245851362-9522986-296645",,,,,,,,,,,,,,,,,"17784e06-f029-48b9-af31-001560eb6c40","2999851a-0a68-4403-a55f-d03fb694426e","00000000-0000-0000-0000-000000000001","2020-10-16T14:45:29.297Z","AOI-552b9630-b106-4fe7-a1fa-97d04a0010ef",SecurityEvent,
"552b9630-b106-4fe7-a1fa-97d04a0010ef","2020-10-16T14:45:28.64Z",OpsManager,,,"WN77043.wa.providence.org","Microsoft-Windows-Security-Auditing",Security,14339,8,"<EventData xmlns=""http://schemas.microsoft.com/win/2004/08/events/event"">
  <Data Name=""TargetUserName"">servTurbonomic</Data>
  <Data Name=""TargetDomainName"">WA.PROVIDENCE.ORG</Data>
  <Data Name=""TargetSid"">S-1-5-21-420551719-245851362-9522986-586698</Data>
  <Data Name=""ServiceName"">krbtgt</Data>
  <Data Name=""ServiceSid"">S-1-5-21-420551719-245851362-9522986-502</Data>
  <Data Name=""TicketOptions"">0x10</Data>
  <Data Name=""Status"">0x0</Data>
  <Data Name=""TicketEncryptionType"">0x12</Data>
  <Data Name=""PreAuthType"">2</Data>
  <Data Name=""IpAddress"">170.173.246.19</Data>
  <Data Name=""IpPort"">56522</Data>
  <Data Name=""CertIssuerName""></Data>
  <Data Name=""CertSerialNumber""></Data>
  <Data Name=""CertThumbprint""></Data>
</EventData>",4768,"4768 - A Kerberos authentication ticket (TGT) was requested.",,,,,,,,,,,,,,,,,,null,null,,,,null,,,,,,,,,,,,,,,,,,,,,,,,,,,,null,,,,,,,,,,,,,,,,,,"170.173.246.19",56522,null,,,,,,,,,,,null,,,,,,,,,,,,,,,,,,,,,,,,,,,,,,,,,,,,,,,,,,,,,,,,,,,,,,,,,,,,,,,,,,,,,,,,,,krbtgt,null,,,,,,0x0,,,,,,,,,,,,,,"WA.PROVIDENCE.ORG\servTurbonomic","WA.PROVIDENCE.ORG",,,,,,,,"S-1-5-21-420551719-245851362-9522986-586698",,servTurbonomic,,,,,,,,,,,,,,,,,,"17784e06-f029-48b9-af31-001560eb6c40","c4cdfce6-8c22-44af-9d19-debcf42b721a","00000000-0000-0000-0000-000000000001","2020-10-16T14:45:29.297Z","AOI-552b9630-b106-4fe7-a1fa-97d04a0010ef",SecurityEvent,
"552b9630-b106-4fe7-a1fa-97d04a0010ef","2020-10-16T14:45:28.64Z",OpsManager,,,"WN77043.wa.providence.org","Microsoft-Windows-Security-Auditing",Security,14336,8,"<EventData xmlns=""http://schemas.microsoft.com/win/2004/08/events/event"">
  <Data Name=""PackageName"">MICROSOFT_AUTHENTICATION_PACKAGE_V1_0</Data>
  <Data Name=""TargetUserName"">WALT1044810</Data>
  <Data Name=""Workstation"">\\XAWMSDC1B158</Data>
  <Data Name=""Status"">0x0</Data>
</EventData>",4776,"4776 - The domain controller attempted to validate the credentials for an account.",,,,,,,,,,,,,,,,,,null,null,,,,null,,,,,,,,,,,,,,,,,,,,,,,,,,,,null,,,,,,,,,,,,,,,,,,,,null,,,,,,,,,,,null,,,,,,,,,,,,,,,,,,,,,,,,,,,,,,,,,,,,,,,,"MICROSOFT_AUTHENTICATION_PACKAGE_V1_0",,,,,,,,,,,,,,,,,,,,,,,,,,,,,,,,,,,null,,,,,,0x0,,,,,,,,,,,,,,WALT1044810,,,,,,,,,,,WALT1044810,,,,,,,,,,,,,,,,"\\XAWMSDC1B158",,"17784e06-f029-48b9-af31-001560eb6c40","841cdeda-84c7-42ed-9fa9-90a65763ca2a","00000000-0000-0000-0000-000000000001","2020-10-16T14:45:29.297Z","AOI-552b9630-b106-4fe7-a1fa-97d04a0010ef",SecurityEvent,
"552b9630-b106-4fe7-a1fa-97d04a0010ef","2020-10-16T14:45:28.64Z",OpsManager,"PHSWA\WWA143565$",Machine,"WN77043.wa.providence.org","Microsoft-Windows-Security-Auditing",Security,12545,8,,4634,"4634 - An account was logged off.",,,,,,,,,,,,,,,,,,null,null,,,,null,,,,,,,,,,,,,,,,,,,,,,,,,,,,null,,,,,,,,,,,,,,,,,,,,null,,,,,,,,,,,3,"3 - Network",,,,,,,,,,,,,,,,,,,,,,,,,,,,,,,,,,,,,,,,,,,,,,,,,,,,,,,,,,,,,,,,,,,,,,,,,,null,,,,,,,,,,,,,,,,,,,,"PHSWA\WWA143565$",PHSWA,,,,0x210f41d4d,,,,,,"WWA143565$","S-1-5-21-420551719-245851362-9522986-206509",,,,,,,,,,,,,,,,,"17784e06-f029-48b9-af31-001560eb6c40","73324d86-abda-42c3-9b57-15e919b63a90","00000000-0000-0000-0000-000000000001","2020-10-16T14:45:29.297Z","AOI-552b9630-b106-4fe7-a1fa-97d04a0010ef",SecurityEvent,
"552b9630-b106-4fe7-a1fa-97d04a0010ef","2020-10-16T14:45:28.64Z",OpsManager,,,"WN77043.wa.providence.org","Microsoft-Windows-Security-Auditing",Security,14339,8,"<EventData xmlns=""http://schemas.microsoft.com/win/2004/08/events/event"">
  <Data Name=""TargetUserName"">servTurbonomic</Data>
  <Data Name=""TargetDomainName"">WA.PROVIDENCE.ORG</Data>
  <Data Name=""TargetSid"">S-1-5-21-420551719-245851362-9522986-586698</Data>
  <Data Name=""ServiceName"">krbtgt</Data>
  <Data Name=""ServiceSid"">S-1-5-21-420551719-245851362-9522986-502</Data>
  <Data Name=""TicketOptions"">0x10</Data>
  <Data Name=""Status"">0x0</Data>
  <Data Name=""TicketEncryptionType"">0x12</Data>
  <Data Name=""PreAuthType"">2</Data>
  <Data Name=""IpAddress"">::ffff:170.173.246.19</Data>
  <Data Name=""IpPort"">38150</Data>
  <Data Name=""CertIssuerName""></Data>
  <Data Name=""CertSerialNumber""></Data>
  <Data Name=""CertThumbprint""></Data>
</EventData>",4768,"4768 - A Kerberos authentication ticket (TGT) was requested.",,,,,,,,,,,,,,,,,,null,null,,,,null,,,,,,,,,,,,,,,,,,,,,,,,,,,,null,,,,,,,,,,,,,,,,,,"::ffff:170.173.246.19",38150,null,,,,,,,,,,,null,,,,,,,,,,,,,,,,,,,,,,,,,,,,,,,,,,,,,,,,,,,,,,,,,,,,,,,,,,,,,,,,,,,,,,,,,,krbtgt,null,,,,,,0x0,,,,,,,,,,,,,,"WA.PROVIDENCE.ORG\servTurbonomic","WA.PROVIDENCE.ORG",,,,,,,,"S-1-5-21-420551719-245851362-9522986-586698",,servTurbonomic,,,,,,,,,,,,,,,,,,"17784e06-f029-48b9-af31-001560eb6c40","7eb3e093-bb43-4c8a-b921-1ad961146d61","00000000-0000-0000-0000-000000000001","2020-10-16T14:45:29.297Z","AOI-552b9630-b106-4fe7-a1fa-97d04a0010ef",SecurityEvent,
"552b9630-b106-4fe7-a1fa-97d04a0010ef","2020-10-16T14:45:28.64Z",OpsManager,"PHSWA\RehxMJ1",User,"WN77043.wa.providence.org","Microsoft-Windows-Security-Auditing",Security,12545,8,,4634,"4634 - An account was logged off.",,,,,,,,,,,,,,,,,,null,null,,,,null,,,,,,,,,,,,,,,,,,,,,,,,,,,,null,,,,,,,,,,,,,,,,,,,,null,,,,,,,,,,,3,"3 - Network",,,,,,,,,,,,,,,,,,,,,,,,,,,,,,,,,,,,,,,,,,,,,,,,,,,,,,,,,,,,,,,,,,,,,,,,,,null,,,,,,,,,,,,,,,,,,,,"PHSWA\RehxMJ1",PHSWA,,,,0x210f02a3c,,,,,,RehxMJ1,"S-1-5-21-420551719-245851362-9522986-468611",,,,,,,,,,,,,,,,,"17784e06-f029-48b9-af31-001560eb6c40","47d1970b-118c-4d95-9fbb-4682bd087368","00000000-0000-0000-0000-000000000001","2020-10-16T14:45:29.297Z","AOI-552b9630-b106-4fe7-a1fa-97d04a0010ef",SecurityEvent,
"552b9630-b106-4fe7-a1fa-97d04a0010ef","2020-10-16T14:45:28.657Z",OpsManager,,,"WN77043.wa.providence.org","Microsoft-Windows-Security-Auditing",Security,14339,8,"<EventData xmlns=""http://schemas.microsoft.com/win/2004/08/events/event"">
  <Data Name=""TargetUserName"">serv_GEDC</Data>
  <Data Name=""TargetDomainName"">phswa</Data>
  <Data Name=""TargetSid"">S-1-5-21-420551719-245851362-9522986-129291</Data>
  <Data Name=""ServiceName"">krbtgt</Data>
  <Data Name=""ServiceSid"">S-1-5-21-420551719-245851362-9522986-502</Data>
  <Data Name=""TicketOptions"">0x40810010</Data>
  <Data Name=""Status"">0x0</Data>
  <Data Name=""TicketEncryptionType"">0x12</Data>
  <Data Name=""PreAuthType"">2</Data>
  <Data Name=""IpAddress"">2002:aaad:f6f5::aaad:f6f5</Data>
  <Data Name=""IpPort"">58097</Data>
  <Data Name=""CertIssuerName""></Data>
  <Data Name=""CertSerialNumber""></Data>
  <Data Name=""CertThumbprint""></Data>
</EventData>",4768,"4768 - A Kerberos authentication ticket (TGT) was requested.",,,,,,,,,,,,,,,,,,null,null,,,,null,,,,,,,,,,,,,,,,,,,,,,,,,,,,null,,,,,,,,,,,,,,,,,,"2002:aaad:f6f5::aaad:f6f5",58097,null,,,,,,,,,,,null,,,,,,,,,,,,,,,,,,,,,,,,,,,,,,,,,,,,,,,,,,,,,,,,,,,,,,,,,,,,,,,,,,,,,,,,,,krbtgt,null,,,,,,0x0,,,,,,,,,,,,,,"phswa\serv_GEDC",phswa,,,,,,,,"S-1-5-21-420551719-245851362-9522986-129291",,"serv_GEDC",,,,,,,,,,,,,,,,,,"17784e06-f029-48b9-af31-001560eb6c40","ae14c520-fdfb-4c17-9f80-6418454aa928","00000000-0000-0000-0000-000000000001","2020-10-16T14:45:29.297Z","AOI-552b9630-b106-4fe7-a1fa-97d04a0010ef",SecurityEvent,
"552b9630-b106-4fe7-a1fa-97d04a0010ef","2020-10-16T14:45:28.72Z",OpsManager,,,"WN77043.wa.providence.org","Microsoft-Windows-Security-Auditing",Security,14339,8,"<EventData xmlns=""http://schemas.microsoft.com/win/2004/08/events/event"">
  <Data Name=""TargetUserName"">serv_GEDC</Data>
  <Data Name=""TargetDomainName"">phswa</Data>
  <Data Name=""TargetSid"">S-1-5-21-420551719-245851362-9522986-129291</Data>
  <Data Name=""ServiceName"">krbtgt</Data>
  <Data Name=""ServiceSid"">S-1-5-21-420551719-245851362-9522986-502</Data>
  <Data Name=""TicketOptions"">0x40810010</Data>
  <Data Name=""Status"">0x0</Data>
  <Data Name=""TicketEncryptionType"">0x12</Data>
  <Data Name=""PreAuthType"">2</Data>
  <Data Name=""IpAddress"">2002:aaad:f6f5::aaad:f6f5</Data>
  <Data Name=""IpPort"">58102</Data>
  <Data Name=""CertIssuerName""></Data>
  <Data Name=""CertSerialNumber""></Data>
  <Data Name=""CertThumbprint""></Data>
</EventData>",4768,"4768 - A Kerberos authentication ticket (TGT) was requested.",,,,,,,,,,,,,,,,,,null,null,,,,null,,,,,,,,,,,,,,,,,,,,,,,,,,,,null,,,,,,,,,,,,,,,,,,"2002:aaad:f6f5::aaad:f6f5",58102,null,,,,,,,,,,,null,,,,,,,,,,,,,,,,,,,,,,,,,,,,,,,,,,,,,,,,,,,,,,,,,,,,,,,,,,,,,,,,,,,,,,,,,,krbtgt,null,,,,,,0x0,,,,,,,,,,,,,,"phswa\serv_GEDC",phswa,,,,,,,,"S-1-5-21-420551719-245851362-9522986-129291",,"serv_GEDC",,,,,,,,,,,,,,,,,,"17784e06-f029-48b9-af31-001560eb6c40","f1cece76-9165-482c-a675-6bda900e8744","00000000-0000-0000-0000-000000000001","2020-10-16T14:45:29.297Z","AOI-552b9630-b106-4fe7-a1fa-97d04a0010ef",SecurityEvent,
"552b9630-b106-4fe7-a1fa-97d04a0010ef","2020-10-16T14:45:28.737Z",OpsManager,"PHSWA\WWA143565$",Machine,"WN77043.wa.providence.org","Microsoft-Windows-Security-Auditing",Security,12545,8,,4634,"4634 - An account was logged off.",,,,,,,,,,,,,,,,,,null,null,,,,null,,,,,,,,,,,,,,,,,,,,,,,,,,,,null,,,,,,,,,,,,,,,,,,,,null,,,,,,,,,,,3,"3 - Network",,,,,,,,,,,,,,,,,,,,,,,,,,,,,,,,,,,,,,,,,,,,,,,,,,,,,,,,,,,,,,,,,,,,,,,,,,null,,,,,,,,,,,,,,,,,,,,"PHSWA\WWA143565$",PHSWA,,,,0x210f35ee4,,,,,,"WWA143565$","S-1-5-21-420551719-245851362-9522986-206509",,,,,,,,,,,,,,,,,"17784e06-f029-48b9-af31-001560eb6c40","d3afe75a-0aa8-4782-8360-17a9923682e8","00000000-0000-0000-0000-000000000001","2020-10-16T14:45:29.297Z","AOI-552b9630-b106-4fe7-a1fa-97d04a0010ef",SecurityEvent,
"552b9630-b106-4fe7-a1fa-97d04a0010ef","2020-10-16T14:45:28.75Z",OpsManager,,,"WN77043.wa.providence.org","Microsoft-Windows-Security-Auditing",Security,14339,8,"<EventData xmlns=""http://schemas.microsoft.com/win/2004/08/events/event"">
  <Data Name=""TargetUserName"">servXAEpicSWED</Data>
  <Data Name=""TargetDomainName"">phswa</Data>
  <Data Name=""TargetSid"">S-1-5-21-420551719-245851362-9522986-411592</Data>
  <Data Name=""ServiceName"">krbtgt</Data>
  <Data Name=""ServiceSid"">S-1-5-21-420551719-245851362-9522986-502</Data>
  <Data Name=""TicketOptions"">0x40810010</Data>
  <Data Name=""Status"">0x0</Data>
  <Data Name=""TicketEncryptionType"">0x12</Data>
  <Data Name=""PreAuthType"">2</Data>
  <Data Name=""IpAddress"">::ffff:170.173.220.242</Data>
  <Data Name=""IpPort"">53384</Data>
  <Data Name=""CertIssuerName""></Data>
  <Data Name=""CertSerialNumber""></Data>
  <Data Name=""CertThumbprint""></Data>
</EventData>",4768,"4768 - A Kerberos authentication ticket (TGT) was requested.",,,,,,,,,,,,,,,,,,null,null,,,,null,,,,,,,,,,,,,,,,,,,,,,,,,,,,null,,,,,,,,,,,,,,,,,,"::ffff:170.173.220.242",53384,null,,,,,,,,,,,null,,,,,,,,,,,,,,,,,,,,,,,,,,,,,,,,,,,,,,,,,,,,,,,,,,,,,,,,,,,,,,,,,,,,,,,,,,krbtgt,null,,,,,,0x0,,,,,,,,,,,,,,"phswa\servXAEpicSWED",phswa,,,,,,,,"S-1-5-21-420551719-245851362-9522986-411592",,servXAEpicSWED,,,,,,,,,,,,,,,,,,"17784e06-f029-48b9-af31-001560eb6c40","6d2ffc0c-5eff-4b6a-993b-a9767d2eedbc","00000000-0000-0000-0000-000000000001","2020-10-16T14:45:29.297Z","AOI-552b9630-b106-4fe7-a1fa-97d04a0010ef",SecurityEvent,
"552b9630-b106-4fe7-a1fa-97d04a0010ef","2020-10-16T14:45:28.75Z",OpsManager,,,"WN77043.wa.providence.org","Microsoft-Windows-Security-Auditing",Security,14339,8,"<EventData xmlns=""http://schemas.microsoft.com/win/2004/08/events/event"">
  <Data Name=""TargetUserName"">servXAEPIC</Data>
  <Data Name=""TargetDomainName"">phswa</Data>
  <Data Name=""TargetSid"">S-1-5-21-420551719-245851362-9522986-334871</Data>
  <Data Name=""ServiceName"">krbtgt</Data>
  <Data Name=""ServiceSid"">S-1-5-21-420551719-245851362-9522986-502</Data>
  <Data Name=""TicketOptions"">0x40810010</Data>
  <Data Name=""Status"">0x0</Data>
  <Data Name=""TicketEncryptionType"">0x12</Data>
  <Data Name=""PreAuthType"">2</Data>
  <Data Name=""IpAddress"">::ffff:170.173.222.44</Data>
  <Data Name=""IpPort"">61943</Data>
  <Data Name=""CertIssuerName""></Data>
  <Data Name=""CertSerialNumber""></Data>
  <Data Name=""CertThumbprint""></Data>
</EventData>",4768,"4768 - A Kerberos authentication ticket (TGT) was requested.",,,,,,,,,,,,,,,,,,null,null,,,,null,,,,,,,,,,,,,,,,,,,,,,,,,,,,null,,,,,,,,,,,,,,,,,,"::ffff:170.173.222.44",61943,null,,,,,,,,,,,null,,,,,,,,,,,,,,,,,,,,,,,,,,,,,,,,,,,,,,,,,,,,,,,,,,,,,,,,,,,,,,,,,,,,,,,,,,krbtgt,null,,,,,,0x0,,,,,,,,,,,,,,"phswa\servXAEPIC",phswa,,,,,,,,"S-1-5-21-420551719-245851362-9522986-334871",,servXAEPIC,,,,,,,,,,,,,,,,,,"17784e06-f029-48b9-af31-001560eb6c40","51d6c403-2972-4cec-9692-9f8f2c13b01e","00000000-0000-0000-0000-000000000001","2020-10-16T14:45:29.297Z","AOI-552b9630-b106-4fe7-a1fa-97d04a0010ef",SecurityEvent,
"552b9630-b106-4fe7-a1fa-97d04a0010ef","2020-10-16T14:45:28.767Z",OpsManager,"PHSWA\WN65506$",Machine,"WN77043.wa.providence.org","Microsoft-Windows-Security-Auditing",Security,12545,8,,4634,"4634 - An account was logged off.",,,,,,,,,,,,,,,,,,null,null,,,,null,,,,,,,,,,,,,,,,,,,,,,,,,,,,null,,,,,,,,,,,,,,,,,,,,null,,,,,,,,,,,3,"3 - Network",,,,,,,,,,,,,,,,,,,,,,,,,,,,,,,,,,,,,,,,,,,,,,,,,,,,,,,,,,,,,,,,,,,,,,,,,,null,,,,,,,,,,,,,,,,,,,,"PHSWA\WN65506$",PHSWA,,,,0x210f41217,,,,,,"WN65506$","S-1-5-21-420551719-245851362-9522986-258875",,,,,,,,,,,,,,,,,"17784e06-f029-48b9-af31-001560eb6c40","d8a69ffb-6660-42ea-8ded-ca8d5d5f71f3","00000000-0000-0000-0000-000000000001","2020-10-16T14:45:29.297Z","AOI-552b9630-b106-4fe7-a1fa-97d04a0010ef",SecurityEvent,
"552b9630-b106-4fe7-a1fa-97d04a0010ef","2020-10-16T14:45:28.767Z",OpsManager,"PHSWA\WN65506$",Machine,"WN77043.wa.providence.org","Microsoft-Windows-Security-Auditing",Security,12544,8,,4624,"4624 - An account was successfully logged on.",,,,,,,,,,,,,,,,,,null,null,Kerberos,,,null,,,,,,,,,,,,,,,,,,,,,,,,,,,,null,,,,,,,,,,,,,,,,"%%1833",,"2002:aaad:a2d8::aaad:a2d8",59725,0,"-",,,,,,"d1cd2234-4ef1-bc00-d38b-8c26aeb8c26b",,,Kerberos,3,"3 - Network",,,,,,,,,,,,,,,,,,,,,,,,,,,,,,,,,,,,,,,,,,,,,,,,,"-",0x0,"-",,,,,,,,,,,,,,,,,,,,,,,null,,,,,,,"-\-",,,,"-",,0x0,,,"-","S-1-0-0",,,"PHSWA\WN65506$",PHSWA,,,,0x210f42358,,,,,,"WN65506$","S-1-5-21-420551719-245851362-9522986-258875",,,,,,,,"-",,,,,,,,"-","17784e06-f029-48b9-af31-001560eb6c40","19b94fc2-70b8-4c86-bfc6-aded1ddd6785","00000000-0000-0000-0000-000000000001","2020-10-16T14:45:29.297Z","AOI-552b9630-b106-4fe7-a1fa-97d04a0010ef",SecurityEvent,
"552b9630-b106-4fe7-a1fa-97d04a0010ef","2020-10-16T14:45:28.783Z",OpsManager,"PHSWA\XAwmSDC1B916$",Machine,"WN77043.wa.providence.org","Microsoft-Windows-Security-Auditing",Security,12545,8,,4634,"4634 - An account was logged off.",,,,,,,,,,,,,,,,,,null,null,,,,null,,,,,,,,,,,,,,,,,,,,,,,,,,,,null,,,,,,,,,,,,,,,,,,,,null,,,,,,,,,,,3,"3 - Network",,,,,,,,,,,,,,,,,,,,,,,,,,,,,,,,,,,,,,,,,,,,,,,,,,,,,,,,,,,,,,,,,,,,,,,,,,null,,,,,,,,,,,,,,,,,,,,"PHSWA\XAwmSDC1B916$",PHSWA,,,,0x210f271fd,,,,,,"XAwmSDC1B916$","S-1-5-21-420551719-245851362-9522986-480388",,,,,,,,,,,,,,,,,"17784e06-f029-48b9-af31-001560eb6c40","504edfa5-5d25-4348-9537-2e9309b8215a","00000000-0000-0000-0000-000000000001","2020-10-16T14:45:29.297Z","AOI-552b9630-b106-4fe7-a1fa-97d04a0010ef",SecurityEvent,
"552b9630-b106-4fe7-a1fa-97d04a0010ef","2020-10-16T14:45:28.783Z",OpsManager,,,"WN77043.wa.providence.org","Microsoft-Windows-Security-Auditing",Security,14339,8,"<EventData xmlns=""http://schemas.microsoft.com/win/2004/08/events/event"">
  <Data Name=""TargetUserName"">serv_GEDC</Data>
  <Data Name=""TargetDomainName"">phswa</Data>
  <Data Name=""TargetSid"">S-1-5-21-420551719-245851362-9522986-129291</Data>
  <Data Name=""ServiceName"">krbtgt</Data>
  <Data Name=""ServiceSid"">S-1-5-21-420551719-245851362-9522986-502</Data>
  <Data Name=""TicketOptions"">0x40810010</Data>
  <Data Name=""Status"">0x0</Data>
  <Data Name=""TicketEncryptionType"">0x12</Data>
  <Data Name=""PreAuthType"">2</Data>
  <Data Name=""IpAddress"">2002:aaad:f6f5::aaad:f6f5</Data>
  <Data Name=""IpPort"">58107</Data>
  <Data Name=""CertIssuerName""></Data>
  <Data Name=""CertSerialNumber""></Data>
  <Data Name=""CertThumbprint""></Data>
</EventData>",4768,"4768 - A Kerberos authentication ticket (TGT) was requested.",,,,,,,,,,,,,,,,,,null,null,,,,null,,,,,,,,,,,,,,,,,,,,,,,,,,,,null,,,,,,,,,,,,,,,,,,"2002:aaad:f6f5::aaad:f6f5",58107,null,,,,,,,,,,,null,,,,,,,,,,,,,,,,,,,,,,,,,,,,,,,,,,,,,,,,,,,,,,,,,,,,,,,,,,,,,,,,,,,,,,,,,,krbtgt,null,,,,,,0x0,,,,,,,,,,,,,,"phswa\serv_GEDC",phswa,,,,,,,,"S-1-5-21-420551719-245851362-9522986-129291",,"serv_GEDC",,,,,,,,,,,,,,,,,,"17784e06-f029-48b9-af31-001560eb6c40","ba877b8b-587e-4a73-a309-badca93f78a1","00000000-0000-0000-0000-000000000001","2020-10-16T14:45:29.297Z","AOI-552b9630-b106-4fe7-a1fa-97d04a0010ef",SecurityEvent,
"552b9630-b106-4fe7-a1fa-97d04a0010ef","2020-10-16T14:45:28.783Z",OpsManager,"PHSWA\WALT955948$",Machine,"WN77043.wa.providence.org","Microsoft-Windows-Security-Auditing",Security,12544,8,,4624,"4624 - An account was successfully logged on.",,,,,,,,,,,,,,,,,,null,null,Kerberos,,,null,,,,,,,,,,,,,,,,,,,,,,,,,,,,null,,,,,,,,,,,,,,,,"%%1840",,"10.176.28.139",55987,0,"-",,,,,,"8bbf3006-0b2b-87e6-f6c5-311178d04d11",,,Kerberos,3,"3 - Network",,,,,,,,,,,,,,,,,,,,,,,,,,,,,,,,,,,,,,,,,,,,,,,,,"-",0x0,"-",,,,,,,,,,,,,,,,,,,,,,,null,,,,,,,"-\-",,,,"-",,0x0,,,"-","S-1-0-0",,,"PHSWA\WALT955948$",PHSWA,,,,0x210f4238a,,,,,,"WALT955948$","S-1-5-21-420551719-245851362-9522986-377414",,,,,,,,"-",,,,,,,,"-","17784e06-f029-48b9-af31-001560eb6c40","0b82a95e-ad26-443c-880b-d1e3042007ec","00000000-0000-0000-0000-000000000001","2020-10-16T14:45:29.297Z","AOI-552b9630-b106-4fe7-a1fa-97d04a0010ef",SecurityEvent,
"552b9630-b106-4fe7-a1fa-97d04a0010ef","2020-10-16T14:45:28.783Z",OpsManager,"PHSWA\XAocSDC5B116$",Machine,"WN77043.wa.providence.org","Microsoft-Windows-Security-Auditing",Security,12544,8,,4624,"4624 - An account was successfully logged on.",,,,,,,,,,,,,,,,,,null,null,Kerberos,,,null,,,,,,,,,,,,,,,,,,,,,,,,,,,,null,,,,,,,,,,,,,,,,"%%1833",,"10.227.176.43",60418,0,"-",,,,,,"e6ba8495-9690-10bc-8bd2-515283ba6b18",,,Kerberos,3,"3 - Network",,,,,,,,,,,,,,,,,,,,,,,,,,,,,,,,,,,,,,,,,,,,,,,,,"-",0x0,"-",,,,,,,,,,,,,,,,,,,,,,,null,,,,,,,"-\-",,,,"-",,0x0,,,"-","S-1-0-0",,,"PHSWA\XAocSDC5B116$",PHSWA,,,,0x210f4239a,,,,,,"XAocSDC5B116$","S-1-5-21-420551719-245851362-9522986-584881",,,,,,,,"-",,,,,,,,"-","17784e06-f029-48b9-af31-001560eb6c40","6978845b-6c84-4e1e-a017-4068b81141c6","00000000-0000-0000-0000-000000000001","2020-10-16T14:45:29.297Z","AOI-552b9630-b106-4fe7-a1fa-97d04a0010ef",SecurityEvent,
"552b9630-b106-4fe7-a1fa-97d04a0010ef","2020-10-16T14:45:28.783Z",OpsManager,"PHSWA\WTC877736",User,"WN77043.wa.providence.org","Microsoft-Windows-Security-Auditing",Security,12544,8,,4624,"4624 - An account was successfully logged on.",,,,,,,,,,,,,,,,,,null,null,Kerberos,,,null,,,,,,,,,,,,,,,,,,,,,,,,,,,,null,,,,,,,,,,,,,,,,"%%1833",,"10.227.181.219",64051,0,"-",,,,,,"3f15854e-e5be-8bcf-8a3d-92a8c6d8620c",,,Kerberos,3,"3 - Network",,,,,,,,,,,,,,,,,,,,,,,,,,,,,,,,,,,,,,,,,,,,,,,,,"-",0x0,"-",,,,,,,,,,,,,,,,,,,,,,,null,,,,,,,"-\-",,,,"-",,0x0,,,"-","S-1-0-0",,,"PHSWA\WTC877736",PHSWA,,,,0x210f423b8,,,,,,WTC877736,"S-1-5-21-420551719-245851362-9522986-296645",,,,,,,,"-",,,,,,,,"-","17784e06-f029-48b9-af31-001560eb6c40","1df22666-6a2e-4228-a09a-667927a202d0","00000000-0000-0000-0000-000000000001","2020-10-16T14:45:29.297Z","AOI-552b9630-b106-4fe7-a1fa-97d04a0010ef",SecurityEvent,
"552b9630-b106-4fe7-a1fa-97d04a0010ef","2020-10-16T14:45:28.783Z",OpsManager,"PHSWA\WN65506$",Machine,"WN77043.wa.providence.org","Microsoft-Windows-Security-Auditing",Security,12545,8,,4634,"4634 - An account was logged off.",,,,,,,,,,,,,,,,,,null,null,,,,null,,,,,,,,,,,,,,,,,,,,,,,,,,,,null,,,,,,,,,,,,,,,,,,,,null,,,,,,,,,,,3,"3 - Network",,,,,,,,,,,,,,,,,,,,,,,,,,,,,,,,,,,,,,,,,,,,,,,,,,,,,,,,,,,,,,,,,,,,,,,,,,null,,,,,,,,,,,,,,,,,,,,"PHSWA\WN65506$",PHSWA,,,,0x210f42358,,,,,,"WN65506$","S-1-5-21-420551719-245851362-9522986-258875",,,,,,,,,,,,,,,,,"17784e06-f029-48b9-af31-001560eb6c40","922d5e58-78a4-457c-b765-4854079cca58","00000000-0000-0000-0000-000000000001","2020-10-16T14:45:29.297Z","AOI-552b9630-b106-4fe7-a1fa-97d04a0010ef",SecurityEvent,
"552b9630-b106-4fe7-a1fa-97d04a0010ef","2020-10-16T14:45:28.797Z",OpsManager,"PHSWA\WTC877736",User,"WN77043.wa.providence.org","Microsoft-Windows-Security-Auditing",Security,12544,8,,4624,"4624 - An account was successfully logged on.",,,,,,,,,,,,,,,,,,null,null,Kerberos,,,null,,,,,,,,,,,,,,,,,,,,,,,,,,,,null,,,,,,,,,,,,,,,,"%%1833",,"10.227.181.219",64052,0,"-",,,,,,"3f15854e-e5be-8bcf-8a3d-92a8c6d8620c",,,Kerberos,3,"3 - Network",,,,,,,,,,,,,,,,,,,,,,,,,,,,,,,,,,,,,,,,,,,,,,,,,"-",0x0,"-",,,,,,,,,,,,,,,,,,,,,,,null,,,,,,,"-\-",,,,"-",,0x0,,,"-","S-1-0-0",,,"PHSWA\WTC877736",PHSWA,,,,0x210f423d9,,,,,,WTC877736,"S-1-5-21-420551719-245851362-9522986-296645",,,,,,,,"-",,,,,,,,"-","17784e06-f029-48b9-af31-001560eb6c40","d19b0b6a-5b7e-45a6-908a-da3778a43c33","00000000-0000-0000-0000-000000000001","2020-10-16T14:45:29.297Z","AOI-552b9630-b106-4fe7-a1fa-97d04a0010ef",SecurityEvent,
