"552b9630-b106-4fe7-a1fa-97d04a0010ef","2020-10-16T14:45:29.82Z",OpsManager,,,"ADSAPPVP-013.stjoe.org","Microsoft-Windows-Security-Auditing",Security,14336,8,"<EventData xmlns=""http://schemas.microsoft.com/win/2004/08/events/event"">
  <Data Name=""PackageName"">MICROSOFT_AUTHENTICATION_PACKAGE_V1_0</Data>
  <Data Name=""TargetUserName"">SysCenter-Action</Data>
  <Data Name=""Workstation"">\\SYNAPPVP-008</Data>
  <Data Name=""Status"">0x0</Data>
</EventData>",4776,"4776 - The domain controller attempted to validate the credentials for an account.",,,,,,,,,,,,,,,,,,null,null,,,,null,,,,,,,,,,,,,,,,,,,,,,,,,,,,null,,,,,,,,,,,,,,,,,,,,null,,,,,,,,,,,null,,,,,,,,,,,,,,,,,,,,,,,,,,,,,,,,,,,,,,,,"MICROSOFT_AUTHENTICATION_PACKAGE_V1_0",,,,,,,,,,,,,,,,,,,,,,,,,,,,,,,,,,,null,,,,,,0x0,,,,,,,,,,,,,,"SysCenter-Action",,,,,,,,,,,"SysCenter-Action",,,,,,,,,,,,,,,,"\\SYNAPPVP-008",,"f90edae5-2f21-4738-af75-b8b5488f8141","cebc0f9b-efce-4221-866c-d40abfb84a96","00000000-0000-0000-0000-000000000001","2020-10-16T14:45:30.776Z","AOI-552b9630-b106-4fe7-a1fa-97d04a0010ef",SecurityEvent,
"552b9630-b106-4fe7-a1fa-97d04a0010ef","2020-10-16T14:45:29.82Z",OpsManager,"SJHS-NT\MHR-SPD-4KMLZC2$",Machine,"ADSAPPVP-013.stjoe.org","Microsoft-Windows-Security-Auditing",Security,12545,8,,4634,"4634 - An account was logged off.",,,,,,,,,,,,,,,,,,null,null,,,,null,,,,,,,,,,,,,,,,,,,,,,,,,,,,null,,,,,,,,,,,,,,,,,,,,null,,,,,,,,,,,3,"3 - Network",,,,,,,,,,,,,,,,,,,,,,,,,,,,,,,,,,,,,,,,,,,,,,,,,,,,,,,,,,,,,,,,,,,,,,,,,,null,,,,,,,,,,,,,,,,,,,,"SJHS-NT\MHR-SPD-4KMLZC2$","SJHS-NT",,,,0x344011927,,,,,,"MHR-SPD-4KMLZC2$","S-1-5-21-798254582-200106796-1537874043-393070",,,,,,,,,,,,,,,,,"f90edae5-2f21-4738-af75-b8b5488f8141","8a122dea-5148-46ce-ab62-b573cd9d66ec","00000000-0000-0000-0000-000000000001","2020-10-16T14:45:30.776Z","AOI-552b9630-b106-4fe7-a1fa-97d04a0010ef",SecurityEvent,
"552b9630-b106-4fe7-a1fa-97d04a0010ef","2020-10-16T14:45:29.82Z",OpsManager,"SJHS-NT\caleb.Magee",User,"ADSAPPVP-013.stjoe.org","Microsoft-Windows-Security-Auditing",Security,12545,8,,4634,"4634 - An account was logged off.",,,,,,,,,,,,,,,,,,null,null,,,,null,,,,,,,,,,,,,,,,,,,,,,,,,,,,null,,,,,,,,,,,,,,,,,,,,null,,,,,,,,,,,3,"3 - Network",,,,,,,,,,,,,,,,,,,,,,,,,,,,,,,,,,,,,,,,,,,,,,,,,,,,,,,,,,,,,,,,,,,,,,,,,,null,,,,,,,,,,,,,,,,,,,,"SJHS-NT\caleb.Magee","SJHS-NT",,,,0x34401fe38,,,,,,"caleb.Magee","S-1-5-21-798254582-200106796-1537874043-775816",,,,,,,,,,,,,,,,,"f90edae5-2f21-4738-af75-b8b5488f8141","e34389c3-b5a7-48bc-a93a-afaba51d312a","00000000-0000-0000-0000-000000000001","2020-10-16T14:45:30.776Z","AOI-552b9630-b106-4fe7-a1fa-97d04a0010ef",SecurityEvent,
"552b9630-b106-4fe7-a1fa-97d04a0010ef","2020-10-16T14:45:29.82Z",OpsManager,"SJHS-NT\caleb.Magee",User,"ADSAPPVP-013.stjoe.org","Microsoft-Windows-Security-Auditing",Security,12545,8,,4634,"4634 - An account was logged off.",,,,,,,,,,,,,,,,,,null,null,,,,null,,,,,,,,,,,,,,,,,,,,,,,,,,,,null,,,,,,,,,,,,,,,,,,,,null,,,,,,,,,,,3,"3 - Network",,,,,,,,,,,,,,,,,,,,,,,,,,,,,,,,,,,,,,,,,,,,,,,,,,,,,,,,,,,,,,,,,,,,,,,,,,null,,,,,,,,,,,,,,,,,,,,"SJHS-NT\caleb.Magee","SJHS-NT",,,,0x34401c03f,,,,,,"caleb.Magee","S-1-5-21-798254582-200106796-1537874043-775816",,,,,,,,,,,,,,,,,"f90edae5-2f21-4738-af75-b8b5488f8141","ad9fa331-f0ab-4cbc-a9ca-f43d17a1803c","00000000-0000-0000-0000-000000000001","2020-10-16T14:45:30.776Z","AOI-552b9630-b106-4fe7-a1fa-97d04a0010ef",SecurityEvent,
"552b9630-b106-4fe7-a1fa-97d04a0010ef","2020-10-16T14:45:29.837Z",OpsManager,,,"ADSAPPVP-013.stjoe.org","Microsoft-Windows-Security-Auditing",Security,14339,16,"<EventData xmlns=""http://schemas.microsoft.com/win/2004/08/events/event"">
  <Data Name=""TargetUserName"">CTXXAP6A118-VP$</Data>
  <Data Name=""TargetSid"">S-1-5-21-798254582-200106796-1537874043-306030</Data>
  <Data Name=""ServiceName"">krbtgt/STJOE.ORG</Data>
  <Data Name=""TicketOptions"">0x40810010</Data>
  <Data Name=""Status"">0x18</Data>
  <Data Name=""PreAuthType"">2</Data>
  <Data Name=""IpAddress"">::ffff:10.250.186.158</Data>
  <Data Name=""IpPort"">52314</Data>
  <Data Name=""CertIssuerName""></Data>
  <Data Name=""CertSerialNumber""></Data>
  <Data Name=""CertThumbprint""></Data>
</EventData>",4771,"4771 - Kerberos pre-authentication failed.",,,,,,,,,,,,,,,,,,null,null,,,,null,,,,,,,,,,,,,,,,,,,,,,,,,,,,null,,,,,,,,,,,,,,,,,,"::ffff:10.250.186.158",52314,null,,,,,,,,,,,null,,,,,,,,,,,,,,,,,,,,,,,,,,,,,,,,,,,,,,,,,,,,,,,,,,,,,,,,,,,,,,,,,,,,,,,,,,"krbtgt/STJOE.ORG",null,,,,,,0x18,,,,,,,,,,,,,,"CTXXAP6A118-VP$",,,,,,,,,"S-1-5-21-798254582-200106796-1537874043-306030",,"CTXXAP6A118-VP$",,,,,,,,,,,,,,,,,,"f90edae5-2f21-4738-af75-b8b5488f8141","207ff563-7a8b-492a-a945-90fbb2211d97","00000000-0000-0000-0000-000000000001","2020-10-16T14:45:30.776Z","AOI-552b9630-b106-4fe7-a1fa-97d04a0010ef",SecurityEvent,
"552b9630-b106-4fe7-a1fa-97d04a0010ef","2020-10-16T14:45:29.837Z",OpsManager,,,"ADSAPPVP-013.stjoe.org","Microsoft-Windows-Security-Auditing",Security,14336,8,"<EventData xmlns=""http://schemas.microsoft.com/win/2004/08/events/event"">
  <Data Name=""PackageName"">MICROSOFT_AUTHENTICATION_PACKAGE_V1_0</Data>
  <Data Name=""TargetUserName"">WILBURNA1</Data>
  <Data Name=""Workstation"">TXDT1046935</Data>
  <Data Name=""Status"">0x0</Data>
</EventData>",4776,"4776 - The domain controller attempted to validate the credentials for an account.",,,,,,,,,,,,,,,,,,null,null,,,,null,,,,,,,,,,,,,,,,,,,,,,,,,,,,null,,,,,,,,,,,,,,,,,,,,null,,,,,,,,,,,null,,,,,,,,,,,,,,,,,,,,,,,,,,,,,,,,,,,,,,,,"MICROSOFT_AUTHENTICATION_PACKAGE_V1_0",,,,,,,,,,,,,,,,,,,,,,,,,,,,,,,,,,,null,,,,,,0x0,,,,,,,,,,,,,,WILBURNA1,,,,,,,,,,,WILBURNA1,,,,,,,,,,,,,,,,TXDT1046935,,"f90edae5-2f21-4738-af75-b8b5488f8141","e9ac068b-1609-4a25-81bc-db79fe24cc9a","00000000-0000-0000-0000-000000000001","2020-10-16T14:45:30.776Z","AOI-552b9630-b106-4fe7-a1fa-97d04a0010ef",SecurityEvent,
"552b9630-b106-4fe7-a1fa-97d04a0010ef","2020-10-16T14:45:29.837Z",OpsManager,"SJHS-NT\SRM-MS-H6458M2$",Machine,"ADSAPPVP-013.stjoe.org","Microsoft-Windows-Security-Auditing",Security,12544,8,,4624,"4624 - An account was successfully logged on.",,,,,,,,,,,,,,,,,,null,null,Kerberos,,,null,,,,,,,,,,,,,,,,,,,,,,,,,,,,null,,,,,,,,,,,,,,,,"%%1840",,"10.156.10.116",53085,0,"-",,,,,,"b0bcc0ac-1afb-4c49-2fd6-27b83e872545",,,Kerberos,3,"3 - Network",,,,,,,,,,,,,,,,,,,,,,,,,,,,,,,,,,,,,,,,,,,,,,,,,"-",0x0,"-",,,,,,,,,,,,,,,,,,,,,,,null,,,,,,,"-\-",,,,"-",,0x0,,,"-","S-1-0-0",,,"SJHS-NT\SRM-MS-H6458M2$","SJHS-NT",,,,0x34402035d,,,,,,"SRM-MS-H6458M2$","S-1-5-21-798254582-200106796-1537874043-654893",,,,,,,,"-",,,,,,,,"-","f90edae5-2f21-4738-af75-b8b5488f8141","61a1de5a-4362-42b2-8d46-7cb3032d1602","00000000-0000-0000-0000-000000000001","2020-10-16T14:45:30.776Z","AOI-552b9630-b106-4fe7-a1fa-97d04a0010ef",SecurityEvent,
"552b9630-b106-4fe7-a1fa-97d04a0010ef","2020-10-16T14:45:29.85Z",OpsManager,"SJHS-NT\SysCenter-Action",User,"ADSAPPVP-013.stjoe.org","Microsoft-Windows-Security-Auditing",Security,12545,8,,4634,"4634 - An account was logged off.",,,,,,,,,,,,,,,,,,null,null,,,,null,,,,,,,,,,,,,,,,,,,,,,,,,,,,null,,,,,,,,,,,,,,,,,,,,null,,,,,,,,,,,3,"3 - Network",,,,,,,,,,,,,,,,,,,,,,,,,,,,,,,,,,,,,,,,,,,,,,,,,,,,,,,,,,,,,,,,,,,,,,,,,,null,,,,,,,,,,,,,,,,,,,,"SJHS-NT\SysCenter-Action","SJHS-NT",,,,0x344009a4b,,,,,,"SysCenter-Action","S-1-5-21-798254582-200106796-1537874043-169374",,,,,,,,,,,,,,,,,"f90edae5-2f21-4738-af75-b8b5488f8141","6c6fcdb6-00a0-461b-bdec-6e8dc2c2814e","00000000-0000-0000-0000-000000000001","2020-10-16T14:45:30.776Z","AOI-552b9630-b106-4fe7-a1fa-97d04a0010ef",SecurityEvent,
"552b9630-b106-4fe7-a1fa-97d04a0010ef","2020-10-16T14:45:29.85Z",OpsManager,"SJHS-NT\SysCenter-Action",User,"ADSAPPVP-013.stjoe.org","Microsoft-Windows-Security-Auditing",Security,12545,8,,4634,"4634 - An account was logged off.",,,,,,,,,,,,,,,,,,null,null,,,,null,,,,,,,,,,,,,,,,,,,,,,,,,,,,null,,,,,,,,,,,,,,,,,,,,null,,,,,,,,,,,3,"3 - Network",,,,,,,,,,,,,,,,,,,,,,,,,,,,,,,,,,,,,,,,,,,,,,,,,,,,,,,,,,,,,,,,,,,,,,,,,,null,,,,,,,,,,,,,,,,,,,,"SJHS-NT\SysCenter-Action","SJHS-NT",,,,0x34400a836,,,,,,"SysCenter-Action","S-1-5-21-798254582-200106796-1537874043-169374",,,,,,,,,,,,,,,,,"f90edae5-2f21-4738-af75-b8b5488f8141","5a8dc107-e8b3-42f1-8c5e-cc226376bc21","00000000-0000-0000-0000-000000000001","2020-10-16T14:45:30.776Z","AOI-552b9630-b106-4fe7-a1fa-97d04a0010ef",SecurityEvent,
"552b9630-b106-4fe7-a1fa-97d04a0010ef","2020-10-16T14:45:29.85Z",OpsManager,,,"ADSAPPVP-013.stjoe.org","Microsoft-Windows-Security-Auditing",Security,14339,8,"<EventData xmlns=""http://schemas.microsoft.com/win/2004/08/events/event"">
  <Data Name=""TargetUserName"">DAVISR14</Data>
  <Data Name=""TargetDomainName"">SJHS-NT</Data>
  <Data Name=""TargetSid"">S-1-5-21-798254582-200106796-1537874043-651052</Data>
  <Data Name=""ServiceName"">krbtgt</Data>
  <Data Name=""ServiceSid"">S-1-5-21-798254582-200106796-1537874043-502</Data>
  <Data Name=""TicketOptions"">0x40810010</Data>
  <Data Name=""Status"">0x0</Data>
  <Data Name=""TicketEncryptionType"">0x12</Data>
  <Data Name=""PreAuthType"">2</Data>
  <Data Name=""IpAddress"">::ffff:10.249.3.168</Data>
  <Data Name=""IpPort"">58812</Data>
  <Data Name=""CertIssuerName""></Data>
  <Data Name=""CertSerialNumber""></Data>
  <Data Name=""CertThumbprint""></Data>
</EventData>",4768,"4768 - A Kerberos authentication ticket (TGT) was requested.",,,,,,,,,,,,,,,,,,null,null,,,,null,,,,,,,,,,,,,,,,,,,,,,,,,,,,null,,,,,,,,,,,,,,,,,,"::ffff:10.249.3.168",58812,null,,,,,,,,,,,null,,,,,,,,,,,,,,,,,,,,,,,,,,,,,,,,,,,,,,,,,,,,,,,,,,,,,,,,,,,,,,,,,,,,,,,,,,krbtgt,null,,,,,,0x0,,,,,,,,,,,,,,"SJHS-NT\DAVISR14","SJHS-NT",,,,,,,,"S-1-5-21-798254582-200106796-1537874043-651052",,DAVISR14,,,,,,,,,,,,,,,,,,"f90edae5-2f21-4738-af75-b8b5488f8141","29fba6e1-d311-4793-bb5c-e9dc05cd3565","00000000-0000-0000-0000-000000000001","2020-10-16T14:45:30.776Z","AOI-552b9630-b106-4fe7-a1fa-97d04a0010ef",SecurityEvent,
"552b9630-b106-4fe7-a1fa-97d04a0010ef","2020-10-16T14:45:29.867Z",OpsManager,,,"ADSAPPVP-013.stjoe.org","Microsoft-Windows-Security-Auditing",Security,14337,8,"<EventData xmlns=""http://schemas.microsoft.com/win/2004/08/events/event"">
  <Data Name=""TargetUserName"">DAVISR14@STJOE.ORG</Data>
  <Data Name=""TargetDomainName"">STJOE.ORG</Data>
  <Data Name=""ServiceName"">AD.PROVIDENCE.ORG</Data>
  <Data Name=""ServiceSid"">S-1-5-21-798254582-200106796-1537874043-0</Data>
  <Data Name=""TicketOptions"">0x40810000</Data>
  <Data Name=""TicketEncryptionType"">0x12</Data>
  <Data Name=""IpAddress"">::ffff:10.249.3.168</Data>
  <Data Name=""IpPort"">58813</Data>
  <Data Name=""Status"">0x0</Data>
  <Data Name=""LogonGuid"">{91956398-8E02-1DB3-F533-1A2864B91D27}</Data>
  <Data Name=""TransmittedServices"">-</Data>
</EventData>",4769,"4769 - A Kerberos service ticket was requested.",,,,,,,,,,,,,,,,,,null,null,,,,null,,,,,,,,,,,,,,,,,,,,,,,,,,,,null,,,,,,,,,,,,,,,,,,,,null,,,,,,,,,,,null,,,,,,,,,,,,,,,,,,,,,,,,,,,,,,,,,,,,,,,,,,,,,,,,,,,,,,,,,,,,,,,,,,,,,,,,,,,null,,,,,,,,,,,,,,,,,,,,,,,,,,,,,,,,,,,,,,,,,,,,,,,,,"f90edae5-2f21-4738-af75-b8b5488f8141","79da9245-e948-4dfc-b553-bc603bca10ab","00000000-0000-0000-0000-000000000001","2020-10-16T14:45:30.776Z","AOI-552b9630-b106-4fe7-a1fa-97d04a0010ef",SecurityEvent,
"552b9630-b106-4fe7-a1fa-97d04a0010ef","2020-10-16T14:45:29.867Z",OpsManager,,,"ADSAPPVP-013.stjoe.org","Microsoft-Windows-Security-Auditing",Security,14337,8,"<EventData xmlns=""http://schemas.microsoft.com/win/2004/08/events/event"">
  <Data Name=""TargetUserName"">CTXADM6A007-VP$@STJOE.ORG</Data>
  <Data Name=""TargetDomainName"">STJOE.ORG</Data>
  <Data Name=""ServiceName"">CTXADM6A007-VP$</Data>
  <Data Name=""ServiceSid"">S-1-5-21-798254582-200106796-1537874043-327156</Data>
  <Data Name=""TicketOptions"">0x40810000</Data>
  <Data Name=""TicketEncryptionType"">0x12</Data>
  <Data Name=""IpAddress"">::ffff:10.250.185.211</Data>
  <Data Name=""IpPort"">55575</Data>
  <Data Name=""Status"">0x0</Data>
  <Data Name=""LogonGuid"">{876073CD-B423-8D10-85C0-A5AAE10B7143}</Data>
  <Data Name=""TransmittedServices"">-</Data>
</EventData>",4769,"4769 - A Kerberos service ticket was requested.",,,,,,,,,,,,,,,,,,null,null,,,,null,,,,,,,,,,,,,,,,,,,,,,,,,,,,null,,,,,,,,,,,,,,,,,,,,null,,,,,,,,,,,null,,,,,,,,,,,,,,,,,,,,,,,,,,,,,,,,,,,,,,,,,,,,,,,,,,,,,,,,,,,,,,,,,,,,,,,,,,,null,,,,,,,,,,,,,,,,,,,,,,,,,,,,,,,,,,,,,,,,,,,,,,,,,"f90edae5-2f21-4738-af75-b8b5488f8141","3a5a4db4-ae1b-4a8e-a04a-ad02e85ec443","00000000-0000-0000-0000-000000000001","2020-10-16T14:45:30.776Z","AOI-552b9630-b106-4fe7-a1fa-97d04a0010ef",SecurityEvent,
"552b9630-b106-4fe7-a1fa-97d04a0010ef","2020-10-16T14:45:29.883Z",OpsManager,"SJHS-NT\SRM-RES-CBBZT32$",Machine,"ADSAPPVP-013.stjoe.org","Microsoft-Windows-Security-Auditing",Security,12544,8,,4624,"4624 - An account was successfully logged on.",,,,,,,,,,,,,,,,,,null,null,Kerberos,,,null,,,,,,,,,,,,,,,,,,,,,,,,,,,,null,,,,,,,,,,,,,,,,"%%1833",,"10.209.111.152",52764,0,"-",,,,,,"3d417a37-5df5-4454-1992-f1b068353ac7",,,Kerberos,3,"3 - Network",,,,,,,,,,,,,,,,,,,,,,,,,,,,,,,,,,,,,,,,,,,,,,,,,"-",0x0,"-",,,,,,,,,,,,,,,,,,,,,,,null,,,,,,,"-\-",,,,"-",,0x0,,,"-","S-1-0-0",,,"SJHS-NT\SRM-RES-CBBZT32$","SJHS-NT",,,,0x344020398,,,,,,"SRM-RES-CBBZT32$","S-1-5-21-798254582-200106796-1537874043-553475",,,,,,,,"-",,,,,,,,"-","f90edae5-2f21-4738-af75-b8b5488f8141","e9c2e818-42c5-417c-8333-e5cfe9cc1cd7","00000000-0000-0000-0000-000000000001","2020-10-16T14:45:30.776Z","AOI-552b9630-b106-4fe7-a1fa-97d04a0010ef",SecurityEvent,
"552b9630-b106-4fe7-a1fa-97d04a0010ef","2020-10-16T14:45:29.883Z",OpsManager,"SJHS-NT\NCDT1045380$",Machine,"ADSAPPVP-013.stjoe.org","Microsoft-Windows-Security-Auditing",Security,12545,8,,4634,"4634 - An account was logged off.",,,,,,,,,,,,,,,,,,null,null,,,,null,,,,,,,,,,,,,,,,,,,,,,,,,,,,null,,,,,,,,,,,,,,,,,,,,null,,,,,,,,,,,3,"3 - Network",,,,,,,,,,,,,,,,,,,,,,,,,,,,,,,,,,,,,,,,,,,,,,,,,,,,,,,,,,,,,,,,,,,,,,,,,,null,,,,,,,,,,,,,,,,,,,,"SJHS-NT\NCDT1045380$","SJHS-NT",,,,0x3440200fc,,,,,,"NCDT1045380$","S-1-5-21-798254582-200106796-1537874043-746572",,,,,,,,,,,,,,,,,"f90edae5-2f21-4738-af75-b8b5488f8141","3c2cb73e-2b68-441c-bb56-555ffe1e6c48","00000000-0000-0000-0000-000000000001","2020-10-16T14:45:30.776Z","AOI-552b9630-b106-4fe7-a1fa-97d04a0010ef",SecurityEvent,
"552b9630-b106-4fe7-a1fa-97d04a0010ef","2020-10-16T14:45:29.913Z",OpsManager,"SJHS-NT\NCDT1045380$",Machine,"ADSAPPVP-013.stjoe.org","Microsoft-Windows-Security-Auditing",Security,12544,8,,4624,"4624 - An account was successfully logged on.",,,,,,,,,,,,,,,,,,null,null,Kerberos,,,null,,,,,,,,,,,,,,,,,,,,,,,,,,,,null,,,,,,,,,,,,,,,,"%%1833",,"10.212.45.217",61485,0,"-",,,,,,"6397babe-63a3-677a-b8af-aa188af80736",,,Kerberos,3,"3 - Network",,,,,,,,,,,,,,,,,,,,,,,,,,,,,,,,,,,,,,,,,,,,,,,,,"-",0x0,"-",,,,,,,,,,,,,,,,,,,,,,,null,,,,,,,"-\-",,,,"-",,0x0,,,"-","S-1-0-0",,,"SJHS-NT\NCDT1045380$","SJHS-NT",,,,0x3440204c9,,,,,,"NCDT1045380$","S-1-5-21-798254582-200106796-1537874043-746572",,,,,,,,"-",,,,,,,,"-","f90edae5-2f21-4738-af75-b8b5488f8141","b2c786e9-bc33-480e-a034-9c0b0d260ad7","00000000-0000-0000-0000-000000000001","2020-10-16T14:45:30.776Z","AOI-552b9630-b106-4fe7-a1fa-97d04a0010ef",SecurityEvent,
"552b9630-b106-4fe7-a1fa-97d04a0010ef","2020-10-16T14:45:29.913Z",OpsManager,"SJHS-NT\SRM-RES-CBBZT32$",Machine,"ADSAPPVP-013.stjoe.org","Microsoft-Windows-Security-Auditing",Security,12545,8,,4634,"4634 - An account was logged off.",,,,,,,,,,,,,,,,,,null,null,,,,null,,,,,,,,,,,,,,,,,,,,,,,,,,,,null,,,,,,,,,,,,,,,,,,,,null,,,,,,,,,,,3,"3 - Network",,,,,,,,,,,,,,,,,,,,,,,,,,,,,,,,,,,,,,,,,,,,,,,,,,,,,,,,,,,,,,,,,,,,,,,,,,null,,,,,,,,,,,,,,,,,,,,"SJHS-NT\SRM-RES-CBBZT32$","SJHS-NT",,,,0x34401ffa9,,,,,,"SRM-RES-CBBZT32$","S-1-5-21-798254582-200106796-1537874043-553475",,,,,,,,,,,,,,,,,"f90edae5-2f21-4738-af75-b8b5488f8141","0024aa1e-a279-440f-b917-33b0bbd45025","00000000-0000-0000-0000-000000000001","2020-10-16T14:45:30.776Z","AOI-552b9630-b106-4fe7-a1fa-97d04a0010ef",SecurityEvent,
"552b9630-b106-4fe7-a1fa-97d04a0010ef","2020-10-16T14:45:29.913Z",OpsManager,"SJHS-NT\SRM-RES-CBBZT32$",Machine,"ADSAPPVP-013.stjoe.org","Microsoft-Windows-Security-Auditing",Security,12545,8,,4634,"4634 - An account was logged off.",,,,,,,,,,,,,,,,,,null,null,,,,null,,,,,,,,,,,,,,,,,,,,,,,,,,,,null,,,,,,,,,,,,,,,,,,,,null,,,,,,,,,,,3,"3 - Network",,,,,,,,,,,,,,,,,,,,,,,,,,,,,,,,,,,,,,,,,,,,,,,,,,,,,,,,,,,,,,,,,,,,,,,,,,null,,,,,,,,,,,,,,,,,,,,"SJHS-NT\SRM-RES-CBBZT32$","SJHS-NT",,,,0x344020398,,,,,,"SRM-RES-CBBZT32$","S-1-5-21-798254582-200106796-1537874043-553475",,,,,,,,,,,,,,,,,"f90edae5-2f21-4738-af75-b8b5488f8141","816e4f31-6f40-4451-b456-4b70f9e73896","00000000-0000-0000-0000-000000000001","2020-10-16T14:45:30.776Z","AOI-552b9630-b106-4fe7-a1fa-97d04a0010ef",SecurityEvent,
"552b9630-b106-4fe7-a1fa-97d04a0010ef","2020-10-16T14:45:29.93Z",OpsManager,"SJHS-NT\SJE-HOS-5RLBGK2$",Machine,"ADSAPPVP-013.stjoe.org","Microsoft-Windows-Security-Auditing",Security,12544,8,,4624,"4624 - An account was successfully logged on.",,,,,,,,,,,,,,,,,,null,null,Kerberos,,,null,,,,,,,,,,,,,,,,,,,,,,,,,,,,null,,,,,,,,,,,,,,,,"%%1833",,"10.215.198.219",63096,0,"-",,,,,,"ebde7849-3de3-6bde-db84-1abb2e44e264",,,Kerberos,3,"3 - Network",,,,,,,,,,,,,,,,,,,,,,,,,,,,,,,,,,,,,,,,,,,,,,,,,"-",0x0,"-",,,,,,,,,,,,,,,,,,,,,,,null,,,,,,,"-\-",,,,"-",,0x0,,,"-","S-1-0-0",,,"SJHS-NT\SJE-HOS-5RLBGK2$","SJHS-NT",,,,0x3440204ef,,,,,,"SJE-HOS-5RLBGK2$","S-1-5-21-798254582-200106796-1537874043-750901",,,,,,,,"-",,,,,,,,"-","f90edae5-2f21-4738-af75-b8b5488f8141","84d22f84-fdcd-427b-80aa-70f1b2087760","00000000-0000-0000-0000-000000000001","2020-10-16T14:45:30.776Z","AOI-552b9630-b106-4fe7-a1fa-97d04a0010ef",SecurityEvent,
"552b9630-b106-4fe7-a1fa-97d04a0010ef","2020-10-16T14:45:29.93Z",OpsManager,,,"ADSAPPVP-013.stjoe.org","Microsoft-Windows-Security-Auditing",Security,14336,8,"<EventData xmlns=""http://schemas.microsoft.com/win/2004/08/events/event"">
  <Data Name=""PackageName"">MICROSOFT_AUTHENTICATION_PACKAGE_V1_0</Data>
  <Data Name=""TargetUserName"">SysCenter-Action</Data>
  <Data Name=""Workstation"">\\SYNWEBVP-005</Data>
  <Data Name=""Status"">0x0</Data>
</EventData>",4776,"4776 - The domain controller attempted to validate the credentials for an account.",,,,,,,,,,,,,,,,,,null,null,,,,null,,,,,,,,,,,,,,,,,,,,,,,,,,,,null,,,,,,,,,,,,,,,,,,,,null,,,,,,,,,,,null,,,,,,,,,,,,,,,,,,,,,,,,,,,,,,,,,,,,,,,,"MICROSOFT_AUTHENTICATION_PACKAGE_V1_0",,,,,,,,,,,,,,,,,,,,,,,,,,,,,,,,,,,null,,,,,,0x0,,,,,,,,,,,,,,"SysCenter-Action",,,,,,,,,,,"SysCenter-Action",,,,,,,,,,,,,,,,"\\SYNWEBVP-005",,"f90edae5-2f21-4738-af75-b8b5488f8141","949a88c4-c108-4ac5-b967-0635dc8bd690","00000000-0000-0000-0000-000000000001","2020-10-16T14:45:30.776Z","AOI-552b9630-b106-4fe7-a1fa-97d04a0010ef",SecurityEvent,
"552b9630-b106-4fe7-a1fa-97d04a0010ef","2020-10-16T14:45:29.993Z",OpsManager,,,"ADSAPPVP-013.stjoe.org","Microsoft-Windows-Security-Auditing",Security,14336,8,"<EventData xmlns=""http://schemas.microsoft.com/win/2004/08/events/event"">
  <Data Name=""PackageName"">MICROSOFT_AUTHENTICATION_PACKAGE_V1_0</Data>
  <Data Name=""TargetUserName"">VANMA007</Data>
  <Data Name=""Workstation"">XDLVS1370943</Data>
  <Data Name=""Status"">0x0</Data>
</EventData>",4776,"4776 - The domain controller attempted to validate the credentials for an account.",,,,,,,,,,,,,,,,,,null,null,,,,null,,,,,,,,,,,,,,,,,,,,,,,,,,,,null,,,,,,,,,,,,,,,,,,,,null,,,,,,,,,,,null,,,,,,,,,,,,,,,,,,,,,,,,,,,,,,,,,,,,,,,,"MICROSOFT_AUTHENTICATION_PACKAGE_V1_0",,,,,,,,,,,,,,,,,,,,,,,,,,,,,,,,,,,null,,,,,,0x0,,,,,,,,,,,,,,VANMA007,,,,,,,,,,,VANMA007,,,,,,,,,,,,,,,,XDLVS1370943,,"f90edae5-2f21-4738-af75-b8b5488f8141","fcfce3c2-c2a2-4283-8028-0ab20fdee6be","00000000-0000-0000-0000-000000000001","2020-10-16T14:45:30.776Z","AOI-552b9630-b106-4fe7-a1fa-97d04a0010ef",SecurityEvent,
"552b9630-b106-4fe7-a1fa-97d04a0010ef","2020-10-16T14:45:30.007Z",OpsManager,"SJHS-NT\SRM-RES-CBBZT32$",Machine,"ADSAPPVP-013.stjoe.org","Microsoft-Windows-Security-Auditing",Security,12544,8,,4624,"4624 - An account was successfully logged on.",,,,,,,,,,,,,,,,,,null,null,Kerberos,,,null,,,,,,,,,,,,,,,,,,,,,,,,,,,,null,,,,,,,,,,,,,,,,"%%1833",,"10.209.111.152",52776,0,"-",,,,,,"3d417a37-5df5-4454-1992-f1b068353ac7",,,Kerberos,3,"3 - Network",,,,,,,,,,,,,,,,,,,,,,,,,,,,,,,,,,,,,,,,,,,,,,,,,"-",0x0,"-",,,,,,,,,,,,,,,,,,,,,,,null,,,,,,,"-\-",,,,"-",,0x0,,,"-","S-1-0-0",,,"SJHS-NT\SRM-RES-CBBZT32$","SJHS-NT",,,,0x34402063a,,,,,,"SRM-RES-CBBZT32$","S-1-5-21-798254582-200106796-1537874043-553475",,,,,,,,"-",,,,,,,,"-","f90edae5-2f21-4738-af75-b8b5488f8141","0e28b666-f90a-4651-8c74-89a30c6d7b87","00000000-0000-0000-0000-000000000001","2020-10-16T14:45:30.776Z","AOI-552b9630-b106-4fe7-a1fa-97d04a0010ef",SecurityEvent,
"552b9630-b106-4fe7-a1fa-97d04a0010ef","2020-10-16T14:45:30.023Z",OpsManager,"SJHS-NT\NCDT1045380$",Machine,"ADSAPPVP-013.stjoe.org","Microsoft-Windows-Security-Auditing",Security,12545,8,,4634,"4634 - An account was logged off.",,,,,,,,,,,,,,,,,,null,null,,,,null,,,,,,,,,,,,,,,,,,,,,,,,,,,,null,,,,,,,,,,,,,,,,,,,,null,,,,,,,,,,,3,"3 - Network",,,,,,,,,,,,,,,,,,,,,,,,,,,,,,,,,,,,,,,,,,,,,,,,,,,,,,,,,,,,,,,,,,,,,,,,,,null,,,,,,,,,,,,,,,,,,,,"SJHS-NT\NCDT1045380$","SJHS-NT",,,,0x3440204c9,,,,,,"NCDT1045380$","S-1-5-21-798254582-200106796-1537874043-746572",,,,,,,,,,,,,,,,,"f90edae5-2f21-4738-af75-b8b5488f8141","100ff03d-78a2-4e99-bd31-3ff9d9278f0e","00000000-0000-0000-0000-000000000001","2020-10-16T14:45:30.776Z","AOI-552b9630-b106-4fe7-a1fa-97d04a0010ef",SecurityEvent,
"552b9630-b106-4fe7-a1fa-97d04a0010ef","2020-10-16T14:45:30.053Z",OpsManager,"SJHS-NT\Hagermanh",User,"ADSAPPVP-013.stjoe.org","Microsoft-Windows-Security-Auditing",Security,12544,8,,4624,"4624 - An account was successfully logged on.",,,,,,,,,,,,,,,,,,null,null,Kerberos,,,null,,,,,,,,,,,,,,,,,,,,,,,,,,,,null,,,,,,,,,,,,,,,,"%%1833",,"156.72.69.229",63362,0,"-",,,,,,"ee5a0b2f-5577-2b9d-f5d1-0b1a28275ad6",,,Kerberos,3,"3 - Network",,,,,,,,,,,,,,,,,,,,,,,,,,,,,,,,,,,,,,,,,,,,,,,,,"-",0x0,"-",,,,,,,,,,,,,,,,,,,,,,,null,,,,,,,"-\-",,,,"-",,0x0,,,"-","S-1-0-0",,,"SJHS-NT\Hagermanh","SJHS-NT",,,,0x344020674,,,,,,Hagermanh,"S-1-5-21-798254582-200106796-1537874043-156195",,,,,,,,"-",,,,,,,,"-","f90edae5-2f21-4738-af75-b8b5488f8141","da96a552-7c28-498d-a73b-4c269bf623e3","00000000-0000-0000-0000-000000000001","2020-10-16T14:45:30.776Z","AOI-552b9630-b106-4fe7-a1fa-97d04a0010ef",SecurityEvent,
"552b9630-b106-4fe7-a1fa-97d04a0010ef","2020-10-16T14:45:30.053Z",OpsManager,"SJHS-NT\BUNDSCHUHS1",User,"ADSAPPVP-013.stjoe.org","Microsoft-Windows-Security-Auditing",Security,12544,8,,4624,"4624 - An account was successfully logged on.",,,,,,,,,,,,,,,,,,null,null,Kerberos,,,null,,,,,,,,,,,,,,,,,,,,,,,,,,,,null,,,,,,,,,,,,,,,,"%%1833",,"10.249.71.86",49555,0,"-",,,,,,"2fa8b41c-cff9-1694-fcce-786d8bbf1984",,,Kerberos,3,"3 - Network",,,,,,,,,,,,,,,,,,,,,,,,,,,,,,,,,,,,,,,,,,,,,,,,,"-",0x0,"-",,,,,,,,,,,,,,,,,,,,,,,null,,,,,,,"-\-",,,,"-",,0x0,,,"-","S-1-0-0",,,"SJHS-NT\BUNDSCHUHS1","SJHS-NT",,,,0x344020688,,,,,,BUNDSCHUHS1,"S-1-5-21-798254582-200106796-1537874043-59298",,,,,,,,"-",,,,,,,,"-","f90edae5-2f21-4738-af75-b8b5488f8141","966d2c31-acc4-45d0-bb0a-2f7001229c17","00000000-0000-0000-0000-000000000001","2020-10-16T14:45:30.776Z","AOI-552b9630-b106-4fe7-a1fa-97d04a0010ef",SecurityEvent,
"552b9630-b106-4fe7-a1fa-97d04a0010ef","2020-10-16T14:45:30.07Z",OpsManager,"SJHS-NT\BUNDSCHUHS1",User,"ADSAPPVP-013.stjoe.org","Microsoft-Windows-Security-Auditing",Security,12545,8,,4634,"4634 - An account was logged off.",,,,,,,,,,,,,,,,,,null,null,,,,null,,,,,,,,,,,,,,,,,,,,,,,,,,,,null,,,,,,,,,,,,,,,,,,,,null,,,,,,,,,,,3,"3 - Network",,,,,,,,,,,,,,,,,,,,,,,,,,,,,,,,,,,,,,,,,,,,,,,,,,,,,,,,,,,,,,,,,,,,,,,,,,null,,,,,,,,,,,,,,,,,,,,"SJHS-NT\BUNDSCHUHS1","SJHS-NT",,,,0x344020688,,,,,,BUNDSCHUHS1,"S-1-5-21-798254582-200106796-1537874043-59298",,,,,,,,,,,,,,,,,"f90edae5-2f21-4738-af75-b8b5488f8141","a0842bf1-6899-44cc-8241-b75cf9057657","00000000-0000-0000-0000-000000000001","2020-10-16T14:45:30.776Z","AOI-552b9630-b106-4fe7-a1fa-97d04a0010ef",SecurityEvent,
"552b9630-b106-4fe7-a1fa-97d04a0010ef","2020-10-16T14:45:30.07Z",OpsManager,"SJHS-NT\BUNDSCHUHS1",User,"ADSAPPVP-013.stjoe.org","Microsoft-Windows-Security-Auditing",Security,12544,8,,4624,"4624 - An account was successfully logged on.",,,,,,,,,,,,,,,,,,null,null,Kerberos,,,null,,,,,,,,,,,,,,,,,,,,,,,,,,,,null,,,,,,,,,,,,,,,,"%%1833",,"10.249.71.86",49556,0,"-",,,,,,"2fa8b41c-cff9-1694-fcce-786d8bbf1984",,,Kerberos,3,"3 - Network",,,,,,,,,,,,,,,,,,,,,,,,,,,,,,,,,,,,,,,,,,,,,,,,,"-",0x0,"-",,,,,,,,,,,,,,,,,,,,,,,null,,,,,,,"-\-",,,,"-",,0x0,,,"-","S-1-0-0",,,"SJHS-NT\BUNDSCHUHS1","SJHS-NT",,,,0x3440206b0,,,,,,BUNDSCHUHS1,"S-1-5-21-798254582-200106796-1537874043-59298",,,,,,,,"-",,,,,,,,"-","f90edae5-2f21-4738-af75-b8b5488f8141","770cce0a-a1b4-4f84-a046-b3c8a9ad8114","00000000-0000-0000-0000-000000000001","2020-10-16T14:45:30.776Z","AOI-552b9630-b106-4fe7-a1fa-97d04a0010ef",SecurityEvent,
"552b9630-b106-4fe7-a1fa-97d04a0010ef","2020-10-16T14:45:30.087Z",OpsManager,,,"ADSAPPVP-013.stjoe.org","Microsoft-Windows-Security-Auditing",Security,14337,8,"<EventData xmlns=""http://schemas.microsoft.com/win/2004/08/events/event"">
  <Data Name=""TargetUserName"">COR-P2-8XGHST2$@STJOE.ORG</Data>
  <Data Name=""TargetDomainName"">STJOE.ORG</Data>
  <Data Name=""ServiceName"">AD.PROVIDENCE.ORG</Data>
  <Data Name=""ServiceSid"">S-1-5-21-798254582-200106796-1537874043-0</Data>
  <Data Name=""TicketOptions"">0x40810000</Data>
  <Data Name=""TicketEncryptionType"">0x12</Data>
  <Data Name=""IpAddress"">::ffff:10.176.66.58</Data>
  <Data Name=""IpPort"">61292</Data>
  <Data Name=""Status"">0x0</Data>
  <Data Name=""LogonGuid"">{B57FB68B-543F-9939-5895-AEED7EFF674B}</Data>
  <Data Name=""TransmittedServices"">-</Data>
</EventData>",4769,"4769 - A Kerberos service ticket was requested.",,,,,,,,,,,,,,,,,,null,null,,,,null,,,,,,,,,,,,,,,,,,,,,,,,,,,,null,,,,,,,,,,,,,,,,,,,,null,,,,,,,,,,,null,,,,,,,,,,,,,,,,,,,,,,,,,,,,,,,,,,,,,,,,,,,,,,,,,,,,,,,,,,,,,,,,,,,,,,,,,,,null,,,,,,,,,,,,,,,,,,,,,,,,,,,,,,,,,,,,,,,,,,,,,,,,,"f90edae5-2f21-4738-af75-b8b5488f8141","afbb9452-cb0d-418f-a292-16b05fd5bb9a","00000000-0000-0000-0000-000000000001","2020-10-16T14:45:30.776Z","AOI-552b9630-b106-4fe7-a1fa-97d04a0010ef",SecurityEvent,
"552b9630-b106-4fe7-a1fa-97d04a0010ef","2020-10-16T14:45:30.087Z",OpsManager,"SJHS-NT\BUNDSCHUHS1",User,"ADSAPPVP-013.stjoe.org","Microsoft-Windows-Security-Auditing",Security,12545,8,,4634,"4634 - An account was logged off.",,,,,,,,,,,,,,,,,,null,null,,,,null,,,,,,,,,,,,,,,,,,,,,,,,,,,,null,,,,,,,,,,,,,,,,,,,,null,,,,,,,,,,,3,"3 - Network",,,,,,,,,,,,,,,,,,,,,,,,,,,,,,,,,,,,,,,,,,,,,,,,,,,,,,,,,,,,,,,,,,,,,,,,,,null,,,,,,,,,,,,,,,,,,,,"SJHS-NT\BUNDSCHUHS1","SJHS-NT",,,,0x3440206b0,,,,,,BUNDSCHUHS1,"S-1-5-21-798254582-200106796-1537874043-59298",,,,,,,,,,,,,,,,,"f90edae5-2f21-4738-af75-b8b5488f8141","6f088bf0-3618-4dd7-9ad4-1b5f9c78f8b8","00000000-0000-0000-0000-000000000001","2020-10-16T14:45:30.776Z","AOI-552b9630-b106-4fe7-a1fa-97d04a0010ef",SecurityEvent,
"552b9630-b106-4fe7-a1fa-97d04a0010ef","2020-10-16T14:45:30.117Z",OpsManager,"SJHS-NT\MMG-PL2-2G6BGK2$",Machine,"ADSAPPVP-013.stjoe.org","Microsoft-Windows-Security-Auditing",Security,12544,8,,4624,"4624 - An account was successfully logged on.",,,,,,,,,,,,,,,,,,null,null,Kerberos,,,null,,,,,,,,,,,,,,,,,,,,,,,,,,,,null,,,,,,,,,,,,,,,,"%%1833",,"10.199.203.158",65453,0,"-",,,,,,"c1947212-91d4-748f-0296-dfc568a9d78d",,,Kerberos,3,"3 - Network",,,,,,,,,,,,,,,,,,,,,,,,,,,,,,,,,,,,,,,,,,,,,,,,,"-",0x0,"-",,,,,,,,,,,,,,,,,,,,,,,null,,,,,,,"-\-",,,,"-",,0x0,,,"-","S-1-0-0",,,"SJHS-NT\MMG-PL2-2G6BGK2$","SJHS-NT",,,,0x3440206e1,,,,,,"MMG-PL2-2G6BGK2$","S-1-5-21-798254582-200106796-1537874043-553557",,,,,,,,"-",,,,,,,,"-","f90edae5-2f21-4738-af75-b8b5488f8141","fce71064-e7a1-4ebf-9c2a-70913a5bc941","00000000-0000-0000-0000-000000000001","2020-10-16T14:45:30.776Z","AOI-552b9630-b106-4fe7-a1fa-97d04a0010ef",SecurityEvent,
"552b9630-b106-4fe7-a1fa-97d04a0010ef","2020-10-16T14:45:30.117Z",OpsManager,,,"ADSAPPVP-013.stjoe.org","Microsoft-Windows-Security-Auditing",Security,14336,8,"<EventData xmlns=""http://schemas.microsoft.com/win/2004/08/events/event"">
  <Data Name=""PackageName"">MICROSOFT_AUTHENTICATION_PACKAGE_V1_0</Data>
  <Data Name=""TargetUserName"">PARKS4</Data>
  <Data Name=""Workstation"">XAMTLVS0A141</Data>
  <Data Name=""Status"">0x0</Data>
</EventData>",4776,"4776 - The domain controller attempted to validate the credentials for an account.",,,,,,,,,,,,,,,,,,null,null,,,,null,,,,,,,,,,,,,,,,,,,,,,,,,,,,null,,,,,,,,,,,,,,,,,,,,null,,,,,,,,,,,null,,,,,,,,,,,,,,,,,,,,,,,,,,,,,,,,,,,,,,,,"MICROSOFT_AUTHENTICATION_PACKAGE_V1_0",,,,,,,,,,,,,,,,,,,,,,,,,,,,,,,,,,,null,,,,,,0x0,,,,,,,,,,,,,,PARKS4,,,,,,,,,,,PARKS4,,,,,,,,,,,,,,,,XAMTLVS0A141,,"f90edae5-2f21-4738-af75-b8b5488f8141","dc8f1323-d2a9-4874-8e28-e8387d495d0b","00000000-0000-0000-0000-000000000001","2020-10-16T14:45:30.776Z","AOI-552b9630-b106-4fe7-a1fa-97d04a0010ef",SecurityEvent,
"552b9630-b106-4fe7-a1fa-97d04a0010ef","2020-10-16T14:45:30.133Z",OpsManager,"SJHS-NT\SRM-RES-CBBZT32$",Machine,"ADSAPPVP-013.stjoe.org","Microsoft-Windows-Security-Auditing",Security,12544,8,,4624,"4624 - An account was successfully logged on.",,,,,,,,,,,,,,,,,,null,null,Kerberos,,,null,,,,,,,,,,,,,,,,,,,,,,,,,,,,null,,,,,,,,,,,,,,,,"%%1833",,"10.209.111.152",52777,0,"-",,,,,,"3d417a37-5df5-4454-1992-f1b068353ac7",,,Kerberos,3,"3 - Network",,,,,,,,,,,,,,,,,,,,,,,,,,,,,,,,,,,,,,,,,,,,,,,,,"-",0x0,"-",,,,,,,,,,,,,,,,,,,,,,,null,,,,,,,"-\-",,,,"-",,0x0,,,"-","S-1-0-0",,,"SJHS-NT\SRM-RES-CBBZT32$","SJHS-NT",,,,0x34402070b,,,,,,"SRM-RES-CBBZT32$","S-1-5-21-798254582-200106796-1537874043-553475",,,,,,,,"-",,,,,,,,"-","f90edae5-2f21-4738-af75-b8b5488f8141","bdcf50ce-cca3-4303-881d-969aefd52d82","00000000-0000-0000-0000-000000000001","2020-10-16T14:45:30.776Z","AOI-552b9630-b106-4fe7-a1fa-97d04a0010ef",SecurityEvent,
"552b9630-b106-4fe7-a1fa-97d04a0010ef","2020-10-16T14:45:30.133Z",OpsManager,"SJHS-NT\SJE-HOS-5RLBGK2$",Machine,"ADSAPPVP-013.stjoe.org","Microsoft-Windows-Security-Auditing",Security,12545,8,,4634,"4634 - An account was logged off.",,,,,,,,,,,,,,,,,,null,null,,,,null,,,,,,,,,,,,,,,,,,,,,,,,,,,,null,,,,,,,,,,,,,,,,,,,,null,,,,,,,,,,,3,"3 - Network",,,,,,,,,,,,,,,,,,,,,,,,,,,,,,,,,,,,,,,,,,,,,,,,,,,,,,,,,,,,,,,,,,,,,,,,,,null,,,,,,,,,,,,,,,,,,,,"SJHS-NT\SJE-HOS-5RLBGK2$","SJHS-NT",,,,0x3440204ef,,,,,,"SJE-HOS-5RLBGK2$","S-1-5-21-798254582-200106796-1537874043-750901",,,,,,,,,,,,,,,,,"f90edae5-2f21-4738-af75-b8b5488f8141","113fe048-1dd5-447c-9c9d-d5f553b104ba","00000000-0000-0000-0000-000000000001","2020-10-16T14:45:30.776Z","AOI-552b9630-b106-4fe7-a1fa-97d04a0010ef",SecurityEvent,
"552b9630-b106-4fe7-a1fa-97d04a0010ef","2020-10-16T14:45:30.133Z",OpsManager,,,"ADSAPPVP-013.stjoe.org","Microsoft-Windows-Security-Auditing",Security,14336,8,"<EventData xmlns=""http://schemas.microsoft.com/win/2004/08/events/event"">
  <Data Name=""PackageName"">MICROSOFT_AUTHENTICATION_PACKAGE_V1_0</Data>
  <Data Name=""TargetUserName"">PARKS4</Data>
  <Data Name=""Workstation"">XAMTLVS0A141</Data>
  <Data Name=""Status"">0x0</Data>
</EventData>",4776,"4776 - The domain controller attempted to validate the credentials for an account.",,,,,,,,,,,,,,,,,,null,null,,,,null,,,,,,,,,,,,,,,,,,,,,,,,,,,,null,,,,,,,,,,,,,,,,,,,,null,,,,,,,,,,,null,,,,,,,,,,,,,,,,,,,,,,,,,,,,,,,,,,,,,,,,"MICROSOFT_AUTHENTICATION_PACKAGE_V1_0",,,,,,,,,,,,,,,,,,,,,,,,,,,,,,,,,,,null,,,,,,0x0,,,,,,,,,,,,,,PARKS4,,,,,,,,,,,PARKS4,,,,,,,,,,,,,,,,XAMTLVS0A141,,"f90edae5-2f21-4738-af75-b8b5488f8141","dd9e56d0-4b12-4dd6-8cd6-629af5a77e9c","00000000-0000-0000-0000-000000000001","2020-10-16T14:45:30.776Z","AOI-552b9630-b106-4fe7-a1fa-97d04a0010ef",SecurityEvent,
"552b9630-b106-4fe7-a1fa-97d04a0010ef","2020-10-16T14:45:30.147Z",OpsManager,"AD\lopezric1",User,"ADSAPPVP-013.stjoe.org","Microsoft-Windows-Security-Auditing",Security,12545,8,,4634,"4634 - An account was logged off.",,,,,,,,,,,,,,,,,,null,null,,,,null,,,,,,,,,,,,,,,,,,,,,,,,,,,,null,,,,,,,,,,,,,,,,,,,,null,,,,,,,,,,,3,"3 - Network",,,,,,,,,,,,,,,,,,,,,,,,,,,,,,,,,,,,,,,,,,,,,,,,,,,,,,,,,,,,,,,,,,,,,,,,,,null,,,,,,,,,,,,,,,,,,,,"AD\lopezric1",AD,,,,0x344015dd5,,,,,,lopezric1,"S-1-5-21-1078081533-725345543-682003330-329300",,,,,,,,,,,,,,,,,"f90edae5-2f21-4738-af75-b8b5488f8141","4f944c23-b409-43a7-b032-f1953365905a","00000000-0000-0000-0000-000000000001","2020-10-16T14:45:30.776Z","AOI-552b9630-b106-4fe7-a1fa-97d04a0010ef",SecurityEvent,
"552b9630-b106-4fe7-a1fa-97d04a0010ef","2020-10-16T14:45:30.163Z",OpsManager,,,"ADSAPPVP-013.stjoe.org","Microsoft-Windows-Security-Auditing",Security,14336,8,"<EventData xmlns=""http://schemas.microsoft.com/win/2004/08/events/event"">
  <Data Name=""PackageName"">MICROSOFT_AUTHENTICATION_PACKAGE_V1_0</Data>
  <Data Name=""TargetUserName"">PARKS4</Data>
  <Data Name=""Workstation"">XAMTLVS0A141</Data>
  <Data Name=""Status"">0x0</Data>
</EventData>",4776,"4776 - The domain controller attempted to validate the credentials for an account.",,,,,,,,,,,,,,,,,,null,null,,,,null,,,,,,,,,,,,,,,,,,,,,,,,,,,,null,,,,,,,,,,,,,,,,,,,,null,,,,,,,,,,,null,,,,,,,,,,,,,,,,,,,,,,,,,,,,,,,,,,,,,,,,"MICROSOFT_AUTHENTICATION_PACKAGE_V1_0",,,,,,,,,,,,,,,,,,,,,,,,,,,,,,,,,,,null,,,,,,0x0,,,,,,,,,,,,,,PARKS4,,,,,,,,,,,PARKS4,,,,,,,,,,,,,,,,XAMTLVS0A141,,"f90edae5-2f21-4738-af75-b8b5488f8141","3e0d0c01-b2f2-4f3a-9e60-ee4ef3e8ff5f","00000000-0000-0000-0000-000000000001","2020-10-16T14:45:30.776Z","AOI-552b9630-b106-4fe7-a1fa-97d04a0010ef",SecurityEvent,
"552b9630-b106-4fe7-a1fa-97d04a0010ef","2020-10-16T14:45:30.163Z",OpsManager,,,"ADSAPPVP-013.stjoe.org","Microsoft-Windows-Security-Auditing",Security,14336,8,"<EventData xmlns=""http://schemas.microsoft.com/win/2004/08/events/event"">
  <Data Name=""PackageName"">MICROSOFT_AUTHENTICATION_PACKAGE_V1_0</Data>
  <Data Name=""TargetUserName"">SysCenter-Action</Data>
  <Data Name=""Workstation"">\\SYNAPPVP-015</Data>
  <Data Name=""Status"">0x0</Data>
</EventData>",4776,"4776 - The domain controller attempted to validate the credentials for an account.",,,,,,,,,,,,,,,,,,null,null,,,,null,,,,,,,,,,,,,,,,,,,,,,,,,,,,null,,,,,,,,,,,,,,,,,,,,null,,,,,,,,,,,null,,,,,,,,,,,,,,,,,,,,,,,,,,,,,,,,,,,,,,,,"MICROSOFT_AUTHENTICATION_PACKAGE_V1_0",,,,,,,,,,,,,,,,,,,,,,,,,,,,,,,,,,,null,,,,,,0x0,,,,,,,,,,,,,,"SysCenter-Action",,,,,,,,,,,"SysCenter-Action",,,,,,,,,,,,,,,,"\\SYNAPPVP-015",,"f90edae5-2f21-4738-af75-b8b5488f8141","662f139f-8827-4dc0-960c-8d31a34abab2","00000000-0000-0000-0000-000000000001","2020-10-16T14:45:30.776Z","AOI-552b9630-b106-4fe7-a1fa-97d04a0010ef",SecurityEvent,
"552b9630-b106-4fe7-a1fa-97d04a0010ef","2020-10-16T14:45:30.163Z",OpsManager,,,"ADSAPPVP-013.stjoe.org","Microsoft-Windows-Security-Auditing",Security,14336,8,"<EventData xmlns=""http://schemas.microsoft.com/win/2004/08/events/event"">
  <Data Name=""PackageName"">MICROSOFT_AUTHENTICATION_PACKAGE_V1_0</Data>
  <Data Name=""TargetUserName"">PARKS4</Data>
  <Data Name=""Workstation"">XAMTLVS0A141</Data>
  <Data Name=""Status"">0x0</Data>
</EventData>",4776,"4776 - The domain controller attempted to validate the credentials for an account.",,,,,,,,,,,,,,,,,,null,null,,,,null,,,,,,,,,,,,,,,,,,,,,,,,,,,,null,,,,,,,,,,,,,,,,,,,,null,,,,,,,,,,,null,,,,,,,,,,,,,,,,,,,,,,,,,,,,,,,,,,,,,,,,"MICROSOFT_AUTHENTICATION_PACKAGE_V1_0",,,,,,,,,,,,,,,,,,,,,,,,,,,,,,,,,,,null,,,,,,0x0,,,,,,,,,,,,,,PARKS4,,,,,,,,,,,PARKS4,,,,,,,,,,,,,,,,XAMTLVS0A141,,"f90edae5-2f21-4738-af75-b8b5488f8141","f1f44be3-92e0-420a-b174-d2957018b89a","00000000-0000-0000-0000-000000000001","2020-10-16T14:45:30.776Z","AOI-552b9630-b106-4fe7-a1fa-97d04a0010ef",SecurityEvent,
"552b9630-b106-4fe7-a1fa-97d04a0010ef","2020-10-16T14:45:23.023Z",OpsManager,,,"WN73201.ad.providence.org","Microsoft-Windows-Security-Auditing",Security,14339,8,"<EventData xmlns=""http://schemas.microsoft.com/win/2004/08/events/event"">
  <Data Name=""TargetUserName"">FLORESJ17</Data>
  <Data Name=""TargetDomainName"">AD</Data>
  <Data Name=""TargetSid"">S-1-5-21-1078081533-725345543-682003330-339756</Data>
  <Data Name=""ServiceName"">krbtgt</Data>
  <Data Name=""ServiceSid"">S-1-5-21-1078081533-725345543-682003330-502</Data>
  <Data Name=""TicketOptions"">0x40810010</Data>
  <Data Name=""Status"">0x0</Data>
  <Data Name=""TicketEncryptionType"">0x12</Data>
  <Data Name=""PreAuthType"">2</Data>
  <Data Name=""IpAddress"">::ffff:10.249.3.161</Data>
  <Data Name=""IpPort"">64726</Data>
  <Data Name=""CertIssuerName""></Data>
  <Data Name=""CertSerialNumber""></Data>
  <Data Name=""CertThumbprint""></Data>
</EventData>",4768,"4768 - A Kerberos authentication ticket (TGT) was requested.",,,,,,,,,,,,,,,,,,null,null,,,,null,,,,,,,,,,,,,,,,,,,,,,,,,,,,null,,,,,,,,,,,,,,,,,,"::ffff:10.249.3.161",64726,null,,,,,,,,,,,null,,,,,,,,,,,,,,,,,,,,,,,,,,,,,,,,,,,,,,,,,,,,,,,,,,,,,,,,,,,,,,,,,,,,,,,,,,krbtgt,null,,,,,,0x0,,,,,,,,,,,,,,"AD\FLORESJ17",AD,,,,,,,,"S-1-5-21-1078081533-725345543-682003330-339756",,FLORESJ17,,,,,,,,,,,,,,,,,,"e9823817-3e12-441f-aa9e-07379874d8fd","0c2662c3-39c5-4154-b4d0-60860674a4d7","00000000-0000-0000-0000-000000000001","2020-10-16T14:45:24.599Z","AOI-552b9630-b106-4fe7-a1fa-97d04a0010ef",SecurityEvent,
"552b9630-b106-4fe7-a1fa-97d04a0010ef","2020-10-16T14:45:23.023Z",OpsManager,"AD\HHF-VMC-JP0WG02$",Machine,"WN73201.ad.providence.org","Microsoft-Windows-Security-Auditing",Security,12544,8,,4624,"4624 - An account was successfully logged on.",,,,,,,,,,,,,,,,,,null,null,Kerberos,,,null,,,,,,,,,,,,,,,,,,,,,,,,,,,,null,,,,,,,,,,,,,,,,"%%1833",,"10.199.184.252",65390,0,"-",,,,,,"026f5479-2954-8ead-9b79-3f3fedb62557",,,Kerberos,3,"3 - Network",,,,,,,,,,,,,,,,,,,,,,,,,,,,,,,,,,,,,,,,,,,,,,,,,"-",0x0,"-",,,,,,,,,,,,,,,,,,,,,,,null,,,,,,,"-\-",,,,"-",,0x0,,,"-","S-1-0-0",,,"AD\HHF-VMC-JP0WG02$",AD,,,,0x45cefc38a,,,,,,"HHF-VMC-JP0WG02$","S-1-5-21-1078081533-725345543-682003330-500940",,,,,,,,"-",,,,,,,,"-","e9823817-3e12-441f-aa9e-07379874d8fd","6aeb7a97-8261-481a-9ec5-0e9e63eb9833","00000000-0000-0000-0000-000000000001","2020-10-16T14:45:24.599Z","AOI-552b9630-b106-4fe7-a1fa-97d04a0010ef",SecurityEvent,
"552b9630-b106-4fe7-a1fa-97d04a0010ef","2020-10-16T14:45:23.023Z",OpsManager,"AD\SCHROEDEH1",User,"WN73201.ad.providence.org","Microsoft-Windows-Security-Auditing",Security,12545,8,,4634,"4634 - An account was logged off.",,,,,,,,,,,,,,,,,,null,null,,,,null,,,,,,,,,,,,,,,,,,,,,,,,,,,,null,,,,,,,,,,,,,,,,,,,,null,,,,,,,,,,,3,"3 - Network",,,,,,,,,,,,,,,,,,,,,,,,,,,,,,,,,,,,,,,,,,,,,,,,,,,,,,,,,,,,,,,,,,,,,,,,,,null,,,,,,,,,,,,,,,,,,,,"AD\SCHROEDEH1",AD,,,,0x45cee87fe,,,,,,SCHROEDEH1,"S-1-5-21-1078081533-725345543-682003330-316352",,,,,,,,,,,,,,,,,"e9823817-3e12-441f-aa9e-07379874d8fd","b73a13ba-e1e2-4d09-a932-53a09f34e5b6","00000000-0000-0000-0000-000000000001","2020-10-16T14:45:24.599Z","AOI-552b9630-b106-4fe7-a1fa-97d04a0010ef",SecurityEvent,
"552b9630-b106-4fe7-a1fa-97d04a0010ef","2020-10-16T14:45:23.073Z",OpsManager,"AD\HHF-VMC-JP0WG02$",Machine,"WN73201.ad.providence.org","Microsoft-Windows-Security-Auditing",Security,12544,8,,4624,"4624 - An account was successfully logged on.",,,,,,,,,,,,,,,,,,null,null,Kerberos,,,null,,,,,,,,,,,,,,,,,,,,,,,,,,,,null,,,,,,,,,,,,,,,,"%%1833",,"10.199.184.252",65391,0,"-",,,,,,"026f5479-2954-8ead-9b79-3f3fedb62557",,,Kerberos,3,"3 - Network",,,,,,,,,,,,,,,,,,,,,,,,,,,,,,,,,,,,,,,,,,,,,,,,,"-",0x0,"-",,,,,,,,,,,,,,,,,,,,,,,null,,,,,,,"-\-",,,,"-",,0x0,,,"-","S-1-0-0",,,"AD\HHF-VMC-JP0WG02$",AD,,,,0x45cefc40b,,,,,,"HHF-VMC-JP0WG02$","S-1-5-21-1078081533-725345543-682003330-500940",,,,,,,,"-",,,,,,,,"-","e9823817-3e12-441f-aa9e-07379874d8fd","5c5b690e-d90b-4c0f-8613-22cdc77be2f6","00000000-0000-0000-0000-000000000001","2020-10-16T14:45:24.599Z","AOI-552b9630-b106-4fe7-a1fa-97d04a0010ef",SecurityEvent,
"552b9630-b106-4fe7-a1fa-97d04a0010ef","2020-10-16T14:45:23.087Z",OpsManager,"AD\XDLVS1471274$",Machine,"WN73201.ad.providence.org","Microsoft-Windows-Security-Auditing",Security,12545,8,,4634,"4634 - An account was logged off.",,,,,,,,,,,,,,,,,,null,null,,,,null,,,,,,,,,,,,,,,,,,,,,,,,,,,,null,,,,,,,,,,,,,,,,,,,,null,,,,,,,,,,,3,"3 - Network",,,,,,,,,,,,,,,,,,,,,,,,,,,,,,,,,,,,,,,,,,,,,,,,,,,,,,,,,,,,,,,,,,,,,,,,,,null,,,,,,,,,,,,,,,,,,,,"AD\XDLVS1471274$",AD,,,,0x45cef18bd,,,,,,"XDLVS1471274$","S-1-5-21-1078081533-725345543-682003330-547032",,,,,,,,,,,,,,,,,"e9823817-3e12-441f-aa9e-07379874d8fd","0050bce3-0c31-4e84-8848-99e1fdf8358d","00000000-0000-0000-0000-000000000001","2020-10-16T14:45:24.599Z","AOI-552b9630-b106-4fe7-a1fa-97d04a0010ef",SecurityEvent,
"552b9630-b106-4fe7-a1fa-97d04a0010ef","2020-10-16T14:45:23.087Z",OpsManager,"AD\XDLVS1270656$",Machine,"WN73201.ad.providence.org","Microsoft-Windows-Security-Auditing",Security,12545,8,,4634,"4634 - An account was logged off.",,,,,,,,,,,,,,,,,,null,null,,,,null,,,,,,,,,,,,,,,,,,,,,,,,,,,,null,,,,,,,,,,,,,,,,,,,,null,,,,,,,,,,,3,"3 - Network",,,,,,,,,,,,,,,,,,,,,,,,,,,,,,,,,,,,,,,,,,,,,,,,,,,,,,,,,,,,,,,,,,,,,,,,,,null,,,,,,,,,,,,,,,,,,,,"AD\XDLVS1270656$",AD,,,,0x45ceec972,,,,,,"XDLVS1270656$","S-1-5-21-1078081533-725345543-682003330-514834",,,,,,,,,,,,,,,,,"e9823817-3e12-441f-aa9e-07379874d8fd","da558017-064e-4d28-b36c-c0dfcf9f5a50","00000000-0000-0000-0000-000000000001","2020-10-16T14:45:24.599Z","AOI-552b9630-b106-4fe7-a1fa-97d04a0010ef",SecurityEvent,
"552b9630-b106-4fe7-a1fa-97d04a0010ef","2020-10-16T14:45:23.087Z",OpsManager,"AD\HHF-VMC-JP0WG02$",Machine,"WN73201.ad.providence.org","Microsoft-Windows-Security-Auditing",Security,12545,8,,4634,"4634 - An account was logged off.",,,,,,,,,,,,,,,,,,null,null,,,,null,,,,,,,,,,,,,,,,,,,,,,,,,,,,null,,,,,,,,,,,,,,,,,,,,null,,,,,,,,,,,3,"3 - Network",,,,,,,,,,,,,,,,,,,,,,,,,,,,,,,,,,,,,,,,,,,,,,,,,,,,,,,,,,,,,,,,,,,,,,,,,,null,,,,,,,,,,,,,,,,,,,,"AD\HHF-VMC-JP0WG02$",AD,,,,0x45cefc38a,,,,,,"HHF-VMC-JP0WG02$","S-1-5-21-1078081533-725345543-682003330-500940",,,,,,,,,,,,,,,,,"e9823817-3e12-441f-aa9e-07379874d8fd","1d66978b-50d1-415b-a2ad-48e334c84d21","00000000-0000-0000-0000-000000000001","2020-10-16T14:45:24.599Z","AOI-552b9630-b106-4fe7-a1fa-97d04a0010ef",SecurityEvent,
"552b9630-b106-4fe7-a1fa-97d04a0010ef","2020-10-16T14:45:23.087Z",OpsManager,"AD\HHF-VMC-JP0WG02$",Machine,"WN73201.ad.providence.org","Microsoft-Windows-Security-Auditing",Security,12545,8,,4634,"4634 - An account was logged off.",,,,,,,,,,,,,,,,,,null,null,,,,null,,,,,,,,,,,,,,,,,,,,,,,,,,,,null,,,,,,,,,,,,,,,,,,,,null,,,,,,,,,,,3,"3 - Network",,,,,,,,,,,,,,,,,,,,,,,,,,,,,,,,,,,,,,,,,,,,,,,,,,,,,,,,,,,,,,,,,,,,,,,,,,null,,,,,,,,,,,,,,,,,,,,"AD\HHF-VMC-JP0WG02$",AD,,,,0x45cefc40b,,,,,,"HHF-VMC-JP0WG02$","S-1-5-21-1078081533-725345543-682003330-500940",,,,,,,,,,,,,,,,,"e9823817-3e12-441f-aa9e-07379874d8fd","eb5f6b00-49af-4773-a5a2-461752105260","00000000-0000-0000-0000-000000000001","2020-10-16T14:45:24.599Z","AOI-552b9630-b106-4fe7-a1fa-97d04a0010ef",SecurityEvent,
"552b9630-b106-4fe7-a1fa-97d04a0010ef","2020-10-16T14:45:23.103Z",OpsManager,"AD\GEBHARDC1",User,"WN73201.ad.providence.org","Microsoft-Windows-Security-Auditing",Security,12545,8,,4634,"4634 - An account was logged off.",,,,,,,,,,,,,,,,,,null,null,,,,null,,,,,,,,,,,,,,,,,,,,,,,,,,,,null,,,,,,,,,,,,,,,,,,,,null,,,,,,,,,,,3,"3 - Network",,,,,,,,,,,,,,,,,,,,,,,,,,,,,,,,,,,,,,,,,,,,,,,,,,,,,,,,,,,,,,,,,,,,,,,,,,null,,,,,,,,,,,,,,,,,,,,"AD\GEBHARDC1",AD,,,,0x45ced994b,,,,,,GEBHARDC1,"S-1-5-21-1078081533-725345543-682003330-338642",,,,,,,,,,,,,,,,,"e9823817-3e12-441f-aa9e-07379874d8fd","ff64271e-fb1f-483f-ba11-dbbf207219e8","00000000-0000-0000-0000-000000000001","2020-10-16T14:45:24.599Z","AOI-552b9630-b106-4fe7-a1fa-97d04a0010ef",SecurityEvent,
"552b9630-b106-4fe7-a1fa-97d04a0010ef","2020-10-16T14:45:23.103Z",OpsManager,"AD\SCANLANV1",User,"WN73201.ad.providence.org","Microsoft-Windows-Security-Auditing",Security,12544,8,,4624,"4624 - An account was successfully logged on.",,,,,,,,,,,,,,,,,,null,null,Kerberos,,,null,,,,,,,,,,,,,,,,,,,,,,,,,,,,null,,,,,,,,,,,,,,,,"%%1833",,"156.72.210.159",63966,0,"-",,,,,,"5c73ab86-ebb3-8dbc-8fd7-1031ced41225",,,Kerberos,3,"3 - Network",,,,,,,,,,,,,,,,,,,,,,,,,,,,,,,,,,,,,,,,,,,,,,,,,"-",0x0,"-",,,,,,,,,,,,,,,,,,,,,,,null,,,,,,,"-\-",,,,"-",,0x0,,,"-","S-1-0-0",,,"AD\SCANLANV1",AD,,,,0x45cefc52e,,,,,,SCANLANV1,"S-1-5-21-1078081533-725345543-682003330-316557",,,,,,,,"-",,,,,,,,"-","e9823817-3e12-441f-aa9e-07379874d8fd","745ec5c2-05f0-4227-b05a-ce8c2870bcb6","00000000-0000-0000-0000-000000000001","2020-10-16T14:45:24.599Z","AOI-552b9630-b106-4fe7-a1fa-97d04a0010ef",SecurityEvent,
"552b9630-b106-4fe7-a1fa-97d04a0010ef","2020-10-16T14:45:23.12Z",OpsManager,"AD\XDLVS1270329$",Machine,"WN73201.ad.providence.org","Microsoft-Windows-Security-Auditing",Security,12544,8,,4624,"4624 - An account was successfully logged on.",,,,,,,,,,,,,,,,,,null,null,Kerberos,,,null,,,,,,,,,,,,,,,,,,,,,,,,,,,,null,,,,,,,,,,,,,,,,"%%1840",,"10.184.6.100",54308,0,"-",,,,,,"cb778645-9491-2753-5177-52fd7ec8d2e8",,,Kerberos,3,"3 - Network",,,,,,,,,,,,,,,,,,,,,,,,,,,,,,,,,,,,,,,,,,,,,,,,,"-",0x0,"-",,,,,,,,,,,,,,,,,,,,,,,null,,,,,,,"-\-",,,,"-",,0x0,,,"-","S-1-0-0",,,"AD\XDLVS1270329$",AD,,,,0x45cefc599,,,,,,"XDLVS1270329$","S-1-5-21-1078081533-725345543-682003330-502769",,,,,,,,"-",,,,,,,,"-","e9823817-3e12-441f-aa9e-07379874d8fd","70137702-543e-41c1-9f8b-d60c2b41d8b5","00000000-0000-0000-0000-000000000001","2020-10-16T14:45:24.599Z","AOI-552b9630-b106-4fe7-a1fa-97d04a0010ef",SecurityEvent,
"552b9630-b106-4fe7-a1fa-97d04a0010ef","2020-10-16T14:45:23.12Z",OpsManager,"AD\GOLDBERGMN1",User,"WN73201.ad.providence.org","Microsoft-Windows-Security-Auditing",Security,12545,8,,4634,"4634 - An account was logged off.",,,,,,,,,,,,,,,,,,null,null,,,,null,,,,,,,,,,,,,,,,,,,,,,,,,,,,null,,,,,,,,,,,,,,,,,,,,null,,,,,,,,,,,3,"3 - Network",,,,,,,,,,,,,,,,,,,,,,,,,,,,,,,,,,,,,,,,,,,,,,,,,,,,,,,,,,,,,,,,,,,,,,,,,,null,,,,,,,,,,,,,,,,,,,,"AD\GOLDBERGMN1",AD,,,,0x45cefbfab,,,,,,GOLDBERGMN1,"S-1-5-21-1078081533-725345543-682003330-338026",,,,,,,,,,,,,,,,,"e9823817-3e12-441f-aa9e-07379874d8fd","e13d9f0a-a3fc-43aa-9146-3839eae8acdd","00000000-0000-0000-0000-000000000001","2020-10-16T14:45:24.599Z","AOI-552b9630-b106-4fe7-a1fa-97d04a0010ef",SecurityEvent,
"552b9630-b106-4fe7-a1fa-97d04a0010ef","2020-10-16T14:45:23.133Z",OpsManager,"AD\KESTERB1",User,"WN73201.ad.providence.org","Microsoft-Windows-Security-Auditing",Security,12544,8,,4624,"4624 - An account was successfully logged on.",,,,,,,,,,,,,,,,,,null,null,Kerberos,,,null,,,,,,,,,,,,,,,,,,,,,,,,,,,,null,,,,,,,,,,,,,,,,"%%1833",,"10.250.186.250",52134,0,"-",,,,,,"56381413-49e4-975b-8b65-0bfd367afceb",,,Kerberos,3,"3 - Network",,,,,,,,,,,,,,,,,,,,,,,,,,,,,,,,,,,,,,,,,,,,,,,,,"-",0x0,"-",,,,,,,,,,,,,,,,,,,,,,,null,,,,,,,"-\-",,,,"-",,0x0,,,"-","S-1-0-0",,,"AD\KESTERB1",AD,,,,0x45cefc5e1,,,,,,KESTERB1,"S-1-5-21-1078081533-725345543-682003330-332480",,,,,,,,"-",,,,,,,,"-","e9823817-3e12-441f-aa9e-07379874d8fd","64f6d813-f4e0-471d-b500-3254f8148d7e","00000000-0000-0000-0000-000000000001","2020-10-16T14:45:24.599Z","AOI-552b9630-b106-4fe7-a1fa-97d04a0010ef",SecurityEvent,
"552b9630-b106-4fe7-a1fa-97d04a0010ef","2020-10-16T14:45:23.133Z",OpsManager,"AD\HHF-VMC-JP0WG02$",Machine,"WN73201.ad.providence.org","Microsoft-Windows-Security-Auditing",Security,12544,8,,4624,"4624 - An account was successfully logged on.",,,,,,,,,,,,,,,,,,null,null,Kerberos,,,null,,,,,,,,,,,,,,,,,,,,,,,,,,,,null,,,,,,,,,,,,,,,,"%%1833",,"10.199.184.252",65393,0,"-",,,,,,"026f5479-2954-8ead-9b79-3f3fedb62557",,,Kerberos,3,"3 - Network",,,,,,,,,,,,,,,,,,,,,,,,,,,,,,,,,,,,,,,,,,,,,,,,,"-",0x0,"-",,,,,,,,,,,,,,,,,,,,,,,null,,,,,,,"-\-",,,,"-",,0x0,,,"-","S-1-0-0",,,"AD\HHF-VMC-JP0WG02$",AD,,,,0x45cefc5f4,,,,,,"HHF-VMC-JP0WG02$","S-1-5-21-1078081533-725345543-682003330-500940",,,,,,,,"-",,,,,,,,"-","e9823817-3e12-441f-aa9e-07379874d8fd","9f05428e-26a3-43ba-89c1-ccc8b56af304","00000000-0000-0000-0000-000000000001","2020-10-16T14:45:24.599Z","AOI-552b9630-b106-4fe7-a1fa-97d04a0010ef",SecurityEvent,
"552b9630-b106-4fe7-a1fa-97d04a0010ef","2020-10-16T14:45:23.133Z",OpsManager,"AD\XDLVS1270156$",Machine,"WN73201.ad.providence.org","Microsoft-Windows-Security-Auditing",Security,12544,8,,4624,"4624 - An account was successfully logged on.",,,,,,,,,,,,,,,,,,null,null,Kerberos,,,null,,,,,,,,,,,,,,,,,,,,,,,,,,,,null,,,,,,,,,,,,,,,,"%%1833",,"10.184.4.172",62149,0,"-",,,,,,"48c03683-0da4-79db-c357-4a4037b2085f",,,Kerberos,3,"3 - Network",,,,,,,,,,,,,,,,,,,,,,,,,,,,,,,,,,,,,,,,,,,,,,,,,"-",0x0,"-",,,,,,,,,,,,,,,,,,,,,,,null,,,,,,,"-\-",,,,"-",,0x0,,,"-","S-1-0-0",,,"AD\XDLVS1270156$",AD,,,,0x45cefc668,,,,,,"XDLVS1270156$","S-1-5-21-1078081533-725345543-682003330-502093",,,,,,,,"-",,,,,,,,"-","e9823817-3e12-441f-aa9e-07379874d8fd","9d2a9db6-9187-4c6d-a740-553afc84f7f3","00000000-0000-0000-0000-000000000001","2020-10-16T14:45:24.599Z","AOI-552b9630-b106-4fe7-a1fa-97d04a0010ef",SecurityEvent,
"552b9630-b106-4fe7-a1fa-97d04a0010ef","2020-10-16T14:45:23.133Z",OpsManager,"AD\XDLVS1270156$",Machine,"WN73201.ad.providence.org","Microsoft-Windows-Security-Auditing",Security,12545,8,,4634,"4634 - An account was logged off.",,,,,,,,,,,,,,,,,,null,null,,,,null,,,,,,,,,,,,,,,,,,,,,,,,,,,,null,,,,,,,,,,,,,,,,,,,,null,,,,,,,,,,,3,"3 - Network",,,,,,,,,,,,,,,,,,,,,,,,,,,,,,,,,,,,,,,,,,,,,,,,,,,,,,,,,,,,,,,,,,,,,,,,,,null,,,,,,,,,,,,,,,,,,,,"AD\XDLVS1270156$",AD,,,,0x45cefc668,,,,,,"XDLVS1270156$","S-1-5-21-1078081533-725345543-682003330-502093",,,,,,,,,,,,,,,,,"e9823817-3e12-441f-aa9e-07379874d8fd","644f94a0-8da0-403d-ab0d-9efed05cd1d0","00000000-0000-0000-0000-000000000001","2020-10-16T14:45:24.599Z","AOI-552b9630-b106-4fe7-a1fa-97d04a0010ef",SecurityEvent,
