"552b9630-b106-4fe7-a1fa-97d04a0010ef","2020-10-16T14:45:27.893Z",OpsManager,,,"WN73018.adi.swedish.org","Microsoft-Windows-Security-Auditing",Security,12544,16,"<EventData xmlns=""http://schemas.microsoft.com/win/2004/08/events/event"">
  <Data Name=""TargetUserSid"">S-1-5-21-420551719-245851362-9522986-442235</Data>
  <Data Name=""TargetUserName"">-</Data>
  <Data Name=""TargetDomainName"">-</Data>
  <Data Name=""TdoDirection"">2</Data>
  <Data Name=""TdoAttributes"">4</Data>
  <Data Name=""TdoType"">2</Data>
  <Data Name=""TdoSid"">S-1-5-21-420551719-245851362-9522986</Data>
  <Data Name=""SidList""> 		%{S-1-5-21-1518083187-624064714-1050887974-38515} 		%{S-1-5-21-950606397-1149711550-2133884337-128010} 		%{S-1-5-21-950606397-1149711550-2133884337-273930} 		%{S-1-5-21-950606397-1149711550-2133884337-309799} 		%{S-1-5-21-1518083187-624064714-1050887974-59274} 		%{S-1-5-21-1518083187-624064714-1050887974-56023} 		%{S-1-5-21-2242814488-728049761-1940932111-115462} 		%{S-1-5-21-2242814488-728049761-1940932111-54036} 		%{S-1-5-21-2242814488-728049761-1940932111-7209} 		%{S-1-5-21-2242814488-728049761-1940932111-9266} 		%{S-1-5-21-2242814488-728049761-1940932111-178242} 		%{S-1-5-21-2242814488-728049761-1940932111-191812} 		%{S-1-5-21-2242814488-728049761-1940932111-9288} 		%{S-1-5-21-2242814488-728049761-1940932111-78677} 		%{S-1-5-21-2242814488-728049761-1940932111-192088} 		%{S-1-5-21-2242814488-728049761-1940932111-51312} 		%{S-1-5-21-2242814488-728049761-1940932111-42107} 		%{S-1-5-21-2242814488-728049761-1940932111-121469} 		%{S-1-5-21-2242814488-728049761-1940932111-176004} 		%{S-1-5-21-2242814488-728049761-1940932111-18053} 		%{S-1-5-21-2242814488-728049761-1940932111-17551} 		%{S-1-5-21-2242814488-728049761-1940932111-27281} 		%{S-1-5-21-2242814488-728049761-1940932111-40849} 		%{S-1-5-21-2242814488-728049761-1940932111-40850} 		%{S-1-5-21-2242814488-728049761-1940932111-81555} 		%{S-1-5-21-2242814488-728049761-1940932111-40851} 		%{S-1-5-21-2242814488-728049761-1940932111-9365} 		%{S-1-5-21-2242814488-728049761-1940932111-9366} 		%{S-1-5-21-2242814488-728049761-1940932111-69785} 		%{S-1-5-21-2242814488-728049761-1940932111-92067} 		%{S-1-5-21-2242814488-728049761-1940932111-161193} 		%{S-1-5-21-2242814488-728049761-1940932111-40363} 		%{S-1-5-21-2242814488-728049761-1940932111-58801} 		%{S-1-5-21-2242814488-728049761-1940932111-30649} 		%{S-1-5-21-2242814488-728049761-1940932111-130745} 		%{S-1-5-21-2242814488-728049761-1940932111-30650} 		%{S-1-5-21-2242814488-728049761-1940932111-30652} 		%{S-1-5-21-2242814488-728049761-1940932111-30653} 		%{S-1-5-21-2242814488-728049761-1940932111-30654} 		%{S-1-5-21-2242814488-728049761-1940932111-51404} 		%{S-1-5-21-2242814488-728049761-1940932111-29136} 		%{S-1-5-21-2242814488-728049761-1940932111-104658} 		%{S-1-5-21-2242814488-728049761-1940932111-122324} 		%{S-1-5-21-2242814488-728049761-1940932111-39382} 		%{S-1-5-21-2242814488-728049761-1940932111-86747} 		%{S-1-5-21-2242814488-728049761-1940932111-191963} 		%{S-1-5-21-2242814488-728049761-1940932111-156137} 		%{S-1-5-21-2242814488-728049761-1940932111-156138} 		%{S-1-5-21-2242814488-728049761-1940932111-102635} 		%{S-1-5-21-2242814488-728049761-1940932111-143609} 		%{S-1-5-21-2242814488-728049761-1940932111-9215} 		%{S-1-5-21-2242814488-728049761-1940932111-109342} 		%{S-1-5-21-2242814488-728049761-1940932111-30713} 		%{S-1-5-21-965358626-1366769340-495535119-5673} 		%{S-1-5-21-965358626-1366769340-495535119-4466} 		%{S-1-5-21-965358626-1366769340-495535119-5770} 		%{S-1-5-21-965358626-1366769340-495535119-5774}</Data>
</EventData>",4675,"4675 - SIDs were filtered.",,,,,,,,,,,,,,,,,,null,null,,,,null,,,,,,,,,,,,,,,,,,,,,,,,,,,,null,,,,,,,,,,,,,,,,,,,,null,,,,,,,,,,,null,,,,,,,,,,,,,,,,,,,,,,,,,,,,,,,,,,,,,,,,,,,,,,,,,,,,,,,,,,,,,,,,,,,,,,,,,,,null,,,,,,,,,,,,,,,,,,,,"-\-","-",,,,,,,,,,"-","S-1-5-21-420551719-245851362-9522986-442235",,,,,,,,,,,,,,,,,"cf2bdb32-3533-4e25-9886-d5a2ba6d0071","e8ecf3b2-fb02-4987-8b17-527c27ed252d","00000000-0000-0000-0000-000000000001","2020-10-16T14:45:29.303Z","AOI-552b9630-b106-4fe7-a1fa-97d04a0010ef",SecurityEvent,
"552b9630-b106-4fe7-a1fa-97d04a0010ef","2020-10-16T14:45:27.91Z",OpsManager,,,"WN73018.adi.swedish.org","Microsoft-Windows-Security-Auditing",Security,12810,8,"<EventData xmlns=""http://schemas.microsoft.com/win/2004/08/events/event"">
  <Data Name=""ProcessID"">644</Data>
  <Data Name=""Application"">\device\harddiskvolume2\windows\system32\lsass.exe</Data>
  <Data Name=""Direction"">%%14592</Data>
  <Data Name=""SourceAddress"">170.173.88.28</Data>
  <Data Name=""SourcePort"">88</Data>
  <Data Name=""DestAddress"">170.173.89.118</Data>
  <Data Name=""DestPort"">56555</Data>
  <Data Name=""Protocol"">6</Data>
  <Data Name=""FilterRTID"">0</Data>
  <Data Name=""LayerName"">%%14610</Data>
  <Data Name=""LayerRTID"">44</Data>
  <Data Name=""RemoteUserID"">S-1-0-0</Data>
  <Data Name=""RemoteMachineID"">S-1-0-0</Data>
</EventData>",5156,"5156 - The Windows Filtering Platform has allowed a connection.",,,,,,,,,,,,,,,,,,null,null,,,,null,,,,,,,,,,,,,,,,,,,,,,,,,,,,null,,,,,,,,,,,,,,,,,,,,null,,,,,,,,,,,null,,,,,,,,,,,,,,,,,,,,,,,,,,,,,,,,,,,,,,,,,,,,,,,,,,,,,,,,,,,,,,,,,,,,,,,,,,,null,,,,,,,,,,,,,,,,,,,,,,,,,,,,,,,,,,,,,,,,,,,,,,,,,"cf2bdb32-3533-4e25-9886-d5a2ba6d0071","e899b733-1f39-4679-b126-e0bbbbd8fece","00000000-0000-0000-0000-000000000001","2020-10-16T14:45:29.303Z","AOI-552b9630-b106-4fe7-a1fa-97d04a0010ef",SecurityEvent,
"552b9630-b106-4fe7-a1fa-97d04a0010ef","2020-10-16T14:45:27.923Z",OpsManager,,,"WN73018.adi.swedish.org","Microsoft-Windows-Security-Auditing",Security,14337,8,"<EventData xmlns=""http://schemas.microsoft.com/win/2004/08/events/event"">
  <Data Name=""TargetUserName"">WN69067$@ADI.SWEDISH.ORG</Data>
  <Data Name=""TargetDomainName"">ADI.SWEDISH.ORG</Data>
  <Data Name=""ServiceName"">WN69067$</Data>
  <Data Name=""ServiceSid"">S-1-5-21-2242814488-728049761-1940932111-175877</Data>
  <Data Name=""TicketOptions"">0x40810000</Data>
  <Data Name=""TicketEncryptionType"">0x12</Data>
  <Data Name=""IpAddress"">::ffff:170.173.89.118</Data>
  <Data Name=""IpPort"">56555</Data>
  <Data Name=""Status"">0x0</Data>
  <Data Name=""LogonGuid"">{341A132F-C59B-89B2-0F67-BBAF7712ADBD}</Data>
  <Data Name=""TransmittedServices"">-</Data>
</EventData>",4769,"4769 - A Kerberos service ticket was requested.",,,,,,,,,,,,,,,,,,null,null,,,,null,,,,,,,,,,,,,,,,,,,,,,,,,,,,null,,,,,,,,,,,,,,,,,,,,null,,,,,,,,,,,null,,,,,,,,,,,,,,,,,,,,,,,,,,,,,,,,,,,,,,,,,,,,,,,,,,,,,,,,,,,,,,,,,,,,,,,,,,,null,,,,,,,,,,,,,,,,,,,,,,,,,,,,,,,,,,,,,,,,,,,,,,,,,"cf2bdb32-3533-4e25-9886-d5a2ba6d0071","a4284cf2-60c6-4cd7-b9ad-c0ef1246e798","00000000-0000-0000-0000-000000000001","2020-10-16T14:45:29.303Z","AOI-552b9630-b106-4fe7-a1fa-97d04a0010ef",SecurityEvent,
"552b9630-b106-4fe7-a1fa-97d04a0010ef","2020-10-16T14:45:27.957Z",OpsManager,,,"WN73018.adi.swedish.org","Microsoft-Windows-Security-Auditing",Security,12810,8,"<EventData xmlns=""http://schemas.microsoft.com/win/2004/08/events/event"">
  <Data Name=""ProcessID"">644</Data>
  <Data Name=""Application"">\device\harddiskvolume2\windows\system32\lsass.exe</Data>
  <Data Name=""Direction"">%%14592</Data>
  <Data Name=""SourceAddress"">170.173.88.28</Data>
  <Data Name=""SourcePort"">88</Data>
  <Data Name=""DestAddress"">170.173.89.119</Data>
  <Data Name=""DestPort"">63798</Data>
  <Data Name=""Protocol"">6</Data>
  <Data Name=""FilterRTID"">0</Data>
  <Data Name=""LayerName"">%%14610</Data>
  <Data Name=""LayerRTID"">44</Data>
  <Data Name=""RemoteUserID"">S-1-0-0</Data>
  <Data Name=""RemoteMachineID"">S-1-0-0</Data>
</EventData>",5156,"5156 - The Windows Filtering Platform has allowed a connection.",,,,,,,,,,,,,,,,,,null,null,,,,null,,,,,,,,,,,,,,,,,,,,,,,,,,,,null,,,,,,,,,,,,,,,,,,,,null,,,,,,,,,,,null,,,,,,,,,,,,,,,,,,,,,,,,,,,,,,,,,,,,,,,,,,,,,,,,,,,,,,,,,,,,,,,,,,,,,,,,,,,null,,,,,,,,,,,,,,,,,,,,,,,,,,,,,,,,,,,,,,,,,,,,,,,,,"cf2bdb32-3533-4e25-9886-d5a2ba6d0071","abcf0c28-73ad-461d-9260-6fbf3416f6ec","00000000-0000-0000-0000-000000000001","2020-10-16T14:45:29.303Z","AOI-552b9630-b106-4fe7-a1fa-97d04a0010ef",SecurityEvent,
"552b9630-b106-4fe7-a1fa-97d04a0010ef","2020-10-16T14:45:27.957Z",OpsManager,,,"WN73018.adi.swedish.org","Microsoft-Windows-Security-Auditing",Security,12810,8,"<EventData xmlns=""http://schemas.microsoft.com/win/2004/08/events/event"">
  <Data Name=""ProcessID"">644</Data>
  <Data Name=""Application"">\device\harddiskvolume2\windows\system32\lsass.exe</Data>
  <Data Name=""Direction"">%%14592</Data>
  <Data Name=""SourceAddress"">170.173.88.28</Data>
  <Data Name=""SourcePort"">88</Data>
  <Data Name=""DestAddress"">170.173.89.118</Data>
  <Data Name=""DestPort"">56559</Data>
  <Data Name=""Protocol"">6</Data>
  <Data Name=""FilterRTID"">0</Data>
  <Data Name=""LayerName"">%%14610</Data>
  <Data Name=""LayerRTID"">44</Data>
  <Data Name=""RemoteUserID"">S-1-0-0</Data>
  <Data Name=""RemoteMachineID"">S-1-0-0</Data>
</EventData>",5156,"5156 - The Windows Filtering Platform has allowed a connection.",,,,,,,,,,,,,,,,,,null,null,,,,null,,,,,,,,,,,,,,,,,,,,,,,,,,,,null,,,,,,,,,,,,,,,,,,,,null,,,,,,,,,,,null,,,,,,,,,,,,,,,,,,,,,,,,,,,,,,,,,,,,,,,,,,,,,,,,,,,,,,,,,,,,,,,,,,,,,,,,,,,null,,,,,,,,,,,,,,,,,,,,,,,,,,,,,,,,,,,,,,,,,,,,,,,,,"cf2bdb32-3533-4e25-9886-d5a2ba6d0071","477f08f0-e954-4d3f-8d61-3f13c8c0ece7","00000000-0000-0000-0000-000000000001","2020-10-16T14:45:29.303Z","AOI-552b9630-b106-4fe7-a1fa-97d04a0010ef",SecurityEvent,
"552b9630-b106-4fe7-a1fa-97d04a0010ef","2020-10-16T14:45:27.957Z",OpsManager,,,"WN73018.adi.swedish.org","Microsoft-Windows-Security-Auditing",Security,12544,16,"<EventData xmlns=""http://schemas.microsoft.com/win/2004/08/events/event"">
  <Data Name=""TargetUserSid"">S-1-5-21-420551719-245851362-9522986-610890</Data>
  <Data Name=""TargetUserName"">-</Data>
  <Data Name=""TargetDomainName"">-</Data>
  <Data Name=""TdoDirection"">2</Data>
  <Data Name=""TdoAttributes"">4</Data>
  <Data Name=""TdoType"">2</Data>
  <Data Name=""TdoSid"">S-1-5-21-420551719-245851362-9522986</Data>
  <Data Name=""SidList""> 		%{S-1-5-21-1518083187-624064714-1050887974-38515} 		%{S-1-5-21-950606397-1149711550-2133884337-128010} 		%{S-1-5-21-950606397-1149711550-2133884337-251256} 		%{S-1-5-21-950606397-1149711550-2133884337-273930} 		%{S-1-5-21-1518083187-624064714-1050887974-59274} 		%{S-1-5-21-1518083187-624064714-1050887974-56023} 		%{S-1-5-21-965358626-1366769340-495535119-5673} 		%{S-1-5-21-965358626-1366769340-495535119-4466} 		%{S-1-5-21-965358626-1366769340-495535119-5770} 		%{S-1-5-21-965358626-1366769340-495535119-5774}</Data>
</EventData>",4675,"4675 - SIDs were filtered.",,,,,,,,,,,,,,,,,,null,null,,,,null,,,,,,,,,,,,,,,,,,,,,,,,,,,,null,,,,,,,,,,,,,,,,,,,,null,,,,,,,,,,,null,,,,,,,,,,,,,,,,,,,,,,,,,,,,,,,,,,,,,,,,,,,,,,,,,,,,,,,,,,,,,,,,,,,,,,,,,,,null,,,,,,,,,,,,,,,,,,,,"-\-","-",,,,,,,,,,"-","S-1-5-21-420551719-245851362-9522986-610890",,,,,,,,,,,,,,,,,"cf2bdb32-3533-4e25-9886-d5a2ba6d0071","6b45da3a-285c-406c-925a-068d68db0026","00000000-0000-0000-0000-000000000001","2020-10-16T14:45:29.303Z","AOI-552b9630-b106-4fe7-a1fa-97d04a0010ef",SecurityEvent,
"552b9630-b106-4fe7-a1fa-97d04a0010ef","2020-10-16T14:45:27.957Z",OpsManager,,,"WN73018.adi.swedish.org","Microsoft-Windows-Security-Auditing",Security,12544,16,"<EventData xmlns=""http://schemas.microsoft.com/win/2004/08/events/event"">
  <Data Name=""TargetUserSid"">S-1-5-21-420551719-245851362-9522986-610890</Data>
  <Data Name=""TargetUserName"">-</Data>
  <Data Name=""TargetDomainName"">-</Data>
  <Data Name=""TdoDirection"">2</Data>
  <Data Name=""TdoAttributes"">4</Data>
  <Data Name=""TdoType"">2</Data>
  <Data Name=""TdoSid"">S-1-5-21-420551719-245851362-9522986</Data>
  <Data Name=""SidList""> 		%{S-1-5-21-1518083187-624064714-1050887974-38515} 		%{S-1-5-21-950606397-1149711550-2133884337-128010} 		%{S-1-5-21-950606397-1149711550-2133884337-251256} 		%{S-1-5-21-950606397-1149711550-2133884337-273930} 		%{S-1-5-21-1518083187-624064714-1050887974-59274} 		%{S-1-5-21-1518083187-624064714-1050887974-56023} 		%{S-1-5-21-965358626-1366769340-495535119-5673} 		%{S-1-5-21-965358626-1366769340-495535119-4466} 		%{S-1-5-21-965358626-1366769340-495535119-5770} 		%{S-1-5-21-965358626-1366769340-495535119-5774}</Data>
</EventData>",4675,"4675 - SIDs were filtered.",,,,,,,,,,,,,,,,,,null,null,,,,null,,,,,,,,,,,,,,,,,,,,,,,,,,,,null,,,,,,,,,,,,,,,,,,,,null,,,,,,,,,,,null,,,,,,,,,,,,,,,,,,,,,,,,,,,,,,,,,,,,,,,,,,,,,,,,,,,,,,,,,,,,,,,,,,,,,,,,,,,null,,,,,,,,,,,,,,,,,,,,"-\-","-",,,,,,,,,,"-","S-1-5-21-420551719-245851362-9522986-610890",,,,,,,,,,,,,,,,,"cf2bdb32-3533-4e25-9886-d5a2ba6d0071","859433df-aef8-4887-aad1-2b084e89ae9b","00000000-0000-0000-0000-000000000001","2020-10-16T14:45:29.303Z","AOI-552b9630-b106-4fe7-a1fa-97d04a0010ef",SecurityEvent,
"552b9630-b106-4fe7-a1fa-97d04a0010ef","2020-10-16T14:45:27.957Z",OpsManager,,,"WN73018.adi.swedish.org","Microsoft-Windows-Security-Auditing",Security,14337,8,"<EventData xmlns=""http://schemas.microsoft.com/win/2004/08/events/event"">
  <Data Name=""TargetUserName"">allison.cohen@WA.PROVIDENCE.ORG</Data>
  <Data Name=""TargetDomainName"">WA.PROVIDENCE.ORG</Data>
  <Data Name=""ServiceName"">WN69067$</Data>
  <Data Name=""ServiceSid"">S-1-5-21-2242814488-728049761-1940932111-175877</Data>
  <Data Name=""TicketOptions"">0x40810000</Data>
  <Data Name=""TicketEncryptionType"">0x12</Data>
  <Data Name=""IpAddress"">::ffff:170.173.89.118</Data>
  <Data Name=""IpPort"">56559</Data>
  <Data Name=""Status"">0x0</Data>
  <Data Name=""LogonGuid"">{B22E470A-BC5D-6278-A6FC-0597F4F3F3B0}</Data>
  <Data Name=""TransmittedServices"">-</Data>
</EventData>",4769,"4769 - A Kerberos service ticket was requested.",,,,,,,,,,,,,,,,,,null,null,,,,null,,,,,,,,,,,,,,,,,,,,,,,,,,,,null,,,,,,,,,,,,,,,,,,,,null,,,,,,,,,,,null,,,,,,,,,,,,,,,,,,,,,,,,,,,,,,,,,,,,,,,,,,,,,,,,,,,,,,,,,,,,,,,,,,,,,,,,,,,null,,,,,,,,,,,,,,,,,,,,,,,,,,,,,,,,,,,,,,,,,,,,,,,,,"cf2bdb32-3533-4e25-9886-d5a2ba6d0071","d01f226e-5eb9-4c9d-9730-48e8c06cbd94","00000000-0000-0000-0000-000000000001","2020-10-16T14:45:29.303Z","AOI-552b9630-b106-4fe7-a1fa-97d04a0010ef",SecurityEvent,
"552b9630-b106-4fe7-a1fa-97d04a0010ef","2020-10-16T14:45:27.957Z",OpsManager,,,"WN73018.adi.swedish.org","Microsoft-Windows-Security-Auditing",Security,14337,8,"<EventData xmlns=""http://schemas.microsoft.com/win/2004/08/events/event"">
  <Data Name=""TargetUserName"">WN69068$@ADI.SWEDISH.ORG</Data>
  <Data Name=""TargetDomainName"">ADI.SWEDISH.ORG</Data>
  <Data Name=""ServiceName"">WN69068$</Data>
  <Data Name=""ServiceSid"">S-1-5-21-2242814488-728049761-1940932111-175878</Data>
  <Data Name=""TicketOptions"">0x40810000</Data>
  <Data Name=""TicketEncryptionType"">0x12</Data>
  <Data Name=""IpAddress"">::ffff:170.173.89.119</Data>
  <Data Name=""IpPort"">63798</Data>
  <Data Name=""Status"">0x0</Data>
  <Data Name=""LogonGuid"">{9F8BF8B8-AD4B-F868-55CA-CFDF95283CD9}</Data>
  <Data Name=""TransmittedServices"">-</Data>
</EventData>",4769,"4769 - A Kerberos service ticket was requested.",,,,,,,,,,,,,,,,,,null,null,,,,null,,,,,,,,,,,,,,,,,,,,,,,,,,,,null,,,,,,,,,,,,,,,,,,,,null,,,,,,,,,,,null,,,,,,,,,,,,,,,,,,,,,,,,,,,,,,,,,,,,,,,,,,,,,,,,,,,,,,,,,,,,,,,,,,,,,,,,,,,null,,,,,,,,,,,,,,,,,,,,,,,,,,,,,,,,,,,,,,,,,,,,,,,,,"cf2bdb32-3533-4e25-9886-d5a2ba6d0071","83fbad34-2354-4877-9da6-570f8e22cee5","00000000-0000-0000-0000-000000000001","2020-10-16T14:45:29.303Z","AOI-552b9630-b106-4fe7-a1fa-97d04a0010ef",SecurityEvent,
"552b9630-b106-4fe7-a1fa-97d04a0010ef","2020-10-16T14:45:27.957Z",OpsManager,,,"WN73018.adi.swedish.org","Microsoft-Windows-Security-Auditing",Security,12810,8,"<EventData xmlns=""http://schemas.microsoft.com/win/2004/08/events/event"">
  <Data Name=""ProcessID"">644</Data>
  <Data Name=""Application"">\device\harddiskvolume2\windows\system32\lsass.exe</Data>
  <Data Name=""Direction"">%%14592</Data>
  <Data Name=""SourceAddress"">170.173.88.28</Data>
  <Data Name=""SourcePort"">88</Data>
  <Data Name=""DestAddress"">10.211.16.78</Data>
  <Data Name=""DestPort"">57430</Data>
  <Data Name=""Protocol"">6</Data>
  <Data Name=""FilterRTID"">0</Data>
  <Data Name=""LayerName"">%%14610</Data>
  <Data Name=""LayerRTID"">44</Data>
  <Data Name=""RemoteUserID"">S-1-0-0</Data>
  <Data Name=""RemoteMachineID"">S-1-0-0</Data>
</EventData>",5156,"5156 - The Windows Filtering Platform has allowed a connection.",,,,,,,,,,,,,,,,,,null,null,,,,null,,,,,,,,,,,,,,,,,,,,,,,,,,,,null,,,,,,,,,,,,,,,,,,,,null,,,,,,,,,,,null,,,,,,,,,,,,,,,,,,,,,,,,,,,,,,,,,,,,,,,,,,,,,,,,,,,,,,,,,,,,,,,,,,,,,,,,,,,null,,,,,,,,,,,,,,,,,,,,,,,,,,,,,,,,,,,,,,,,,,,,,,,,,"cf2bdb32-3533-4e25-9886-d5a2ba6d0071","dac748ae-4910-431c-a288-1091b29e3149","00000000-0000-0000-0000-000000000001","2020-10-16T14:45:29.303Z","AOI-552b9630-b106-4fe7-a1fa-97d04a0010ef",SecurityEvent,
"552b9630-b106-4fe7-a1fa-97d04a0010ef","2020-10-16T14:45:27.957Z",OpsManager,,,"WN73018.adi.swedish.org","Microsoft-Windows-Security-Auditing",Security,12810,8,"<EventData xmlns=""http://schemas.microsoft.com/win/2004/08/events/event"">
  <Data Name=""ProcessID"">644</Data>
  <Data Name=""Application"">\device\harddiskvolume2\windows\system32\lsass.exe</Data>
  <Data Name=""Direction"">%%14592</Data>
  <Data Name=""SourceAddress"">170.173.88.28</Data>
  <Data Name=""SourcePort"">88</Data>
  <Data Name=""DestAddress"">170.173.89.119</Data>
  <Data Name=""DestPort"">63799</Data>
  <Data Name=""Protocol"">6</Data>
  <Data Name=""FilterRTID"">0</Data>
  <Data Name=""LayerName"">%%14610</Data>
  <Data Name=""LayerRTID"">44</Data>
  <Data Name=""RemoteUserID"">S-1-0-0</Data>
  <Data Name=""RemoteMachineID"">S-1-0-0</Data>
</EventData>",5156,"5156 - The Windows Filtering Platform has allowed a connection.",,,,,,,,,,,,,,,,,,null,null,,,,null,,,,,,,,,,,,,,,,,,,,,,,,,,,,null,,,,,,,,,,,,,,,,,,,,null,,,,,,,,,,,null,,,,,,,,,,,,,,,,,,,,,,,,,,,,,,,,,,,,,,,,,,,,,,,,,,,,,,,,,,,,,,,,,,,,,,,,,,,null,,,,,,,,,,,,,,,,,,,,,,,,,,,,,,,,,,,,,,,,,,,,,,,,,"cf2bdb32-3533-4e25-9886-d5a2ba6d0071","84ec3585-6ab5-4dff-b2f2-6d6ab187faa5","00000000-0000-0000-0000-000000000001","2020-10-16T14:45:29.303Z","AOI-552b9630-b106-4fe7-a1fa-97d04a0010ef",SecurityEvent,
"552b9630-b106-4fe7-a1fa-97d04a0010ef","2020-10-16T14:45:27.957Z",OpsManager,,,"WN73018.adi.swedish.org","Microsoft-Windows-Security-Auditing",Security,14337,8,"<EventData xmlns=""http://schemas.microsoft.com/win/2004/08/events/event"">
  <Data Name=""TargetUserName"">WN69068$@ADI.SWEDISH.ORG</Data>
  <Data Name=""TargetDomainName"">ADI.SWEDISH.ORG</Data>
  <Data Name=""ServiceName"">WN69068$</Data>
  <Data Name=""ServiceSid"">S-1-5-21-2242814488-728049761-1940932111-175878</Data>
  <Data Name=""TicketOptions"">0x40810000</Data>
  <Data Name=""TicketEncryptionType"">0x12</Data>
  <Data Name=""IpAddress"">::ffff:170.173.89.119</Data>
  <Data Name=""IpPort"">63799</Data>
  <Data Name=""Status"">0x0</Data>
  <Data Name=""LogonGuid"">{9F8BF8B8-AD4B-F868-55CA-CFDF95283CD9}</Data>
  <Data Name=""TransmittedServices"">-</Data>
</EventData>",4769,"4769 - A Kerberos service ticket was requested.",,,,,,,,,,,,,,,,,,null,null,,,,null,,,,,,,,,,,,,,,,,,,,,,,,,,,,null,,,,,,,,,,,,,,,,,,,,null,,,,,,,,,,,null,,,,,,,,,,,,,,,,,,,,,,,,,,,,,,,,,,,,,,,,,,,,,,,,,,,,,,,,,,,,,,,,,,,,,,,,,,,null,,,,,,,,,,,,,,,,,,,,,,,,,,,,,,,,,,,,,,,,,,,,,,,,,"cf2bdb32-3533-4e25-9886-d5a2ba6d0071","46608e4a-6ee3-41b1-8148-7144b72a4124","00000000-0000-0000-0000-000000000001","2020-10-16T14:45:29.303Z","AOI-552b9630-b106-4fe7-a1fa-97d04a0010ef",SecurityEvent,
"552b9630-b106-4fe7-a1fa-97d04a0010ef","2020-10-16T14:45:27.97Z",OpsManager,"PHSWA\BuscDL1",User,"WN73018.adi.swedish.org","Microsoft-Windows-Security-Auditing",Security,12545,8,,4634,"4634 - An account was logged off.",,,,,,,,,,,,,,,,,,null,null,,,,null,,,,,,,,,,,,,,,,,,,,,,,,,,,,null,,,,,,,,,,,,,,,,,,,,null,,,,,,,,,,,3,"3 - Network",,,,,,,,,,,,,,,,,,,,,,,,,,,,,,,,,,,,,,,,,,,,,,,,,,,,,,,,,,,,,,,,,,,,,,,,,,null,,,,,,,,,,,,,,,,,,,,"PHSWA\BuscDL1",PHSWA,,,,0x10dd8490b,,,,,,BuscDL1,"S-1-5-21-420551719-245851362-9522986-450918",,,,,,,,,,,,,,,,,"cf2bdb32-3533-4e25-9886-d5a2ba6d0071","170f82dd-0651-49c3-ad4d-29dbb39ba158","00000000-0000-0000-0000-000000000001","2020-10-16T14:45:29.303Z","AOI-552b9630-b106-4fe7-a1fa-97d04a0010ef",SecurityEvent,
"552b9630-b106-4fe7-a1fa-97d04a0010ef","2020-10-16T14:45:27.97Z",OpsManager,,,"WN73018.adi.swedish.org","Microsoft-Windows-Security-Auditing",Security,14337,8,"<EventData xmlns=""http://schemas.microsoft.com/win/2004/08/events/event"">
  <Data Name=""TargetUserName"">GierKM1@WA.PROVIDENCE.ORG</Data>
  <Data Name=""TargetDomainName"">WA.PROVIDENCE.ORG</Data>
  <Data Name=""ServiceName"">WN73018$</Data>
  <Data Name=""ServiceSid"">S-1-5-21-2242814488-728049761-1940932111-194671</Data>
  <Data Name=""TicketOptions"">0x40810000</Data>
  <Data Name=""TicketEncryptionType"">0x12</Data>
  <Data Name=""IpAddress"">::ffff:10.211.16.78</Data>
  <Data Name=""IpPort"">57430</Data>
  <Data Name=""Status"">0x0</Data>
  <Data Name=""LogonGuid"">{AAEFF21F-C74C-214F-4547-34D343EE4A8E}</Data>
  <Data Name=""TransmittedServices"">-</Data>
</EventData>",4769,"4769 - A Kerberos service ticket was requested.",,,,,,,,,,,,,,,,,,null,null,,,,null,,,,,,,,,,,,,,,,,,,,,,,,,,,,null,,,,,,,,,,,,,,,,,,,,null,,,,,,,,,,,null,,,,,,,,,,,,,,,,,,,,,,,,,,,,,,,,,,,,,,,,,,,,,,,,,,,,,,,,,,,,,,,,,,,,,,,,,,,null,,,,,,,,,,,,,,,,,,,,,,,,,,,,,,,,,,,,,,,,,,,,,,,,,"cf2bdb32-3533-4e25-9886-d5a2ba6d0071","a67dd8ab-a01e-4af3-93bf-5b5b3eaf4122","00000000-0000-0000-0000-000000000001","2020-10-16T14:45:29.303Z","AOI-552b9630-b106-4fe7-a1fa-97d04a0010ef",SecurityEvent,
"552b9630-b106-4fe7-a1fa-97d04a0010ef","2020-10-16T14:45:27.987Z",OpsManager,"PHSWA\GierKM1",User,"WN73018.adi.swedish.org","Microsoft-Windows-Security-Auditing",Security,12544,8,,4624,"4624 - An account was successfully logged on.",,,,,,,,,,,,,,,,,,null,null,Kerberos,,,null,,,,,,,,,,,,,,,,,,,,,,,,,,,,null,,,,,,,,,,,,,,,,"%%1833",,"10.211.16.78",57427,0,"-",,,,,,"fc39b571-1e01-06fb-d3b4-e41a2f72cb83",,,Kerberos,3,"3 - Network",,,,,,,,,,,,,,,,,,,,,,,,,,,,,,,,,,,,,,,,,,,,,,,,,"-",0x0,"-",,,,,,,,,,,,,,,,,,,,,,,null,,,,,,,"-\-",,,,"-",,0x0,,,"-","S-1-0-0",,,"PHSWA\GierKM1",PHSWA,,,,0x10dda2797,,,,,,GierKM1,"S-1-5-21-420551719-245851362-9522986-456290",,,,,,,,"-",,,,,,,,"-","cf2bdb32-3533-4e25-9886-d5a2ba6d0071","d2b5aa72-014c-4928-a049-f6ee821e6c82","00000000-0000-0000-0000-000000000001","2020-10-16T14:45:29.303Z","AOI-552b9630-b106-4fe7-a1fa-97d04a0010ef",SecurityEvent,
"552b9630-b106-4fe7-a1fa-97d04a0010ef","2020-10-16T14:45:27.987Z",OpsManager,"PHSWA\GierKM1",User,"WN73018.adi.swedish.org","Microsoft-Windows-Security-Auditing",Security,12808,8,"<EventData xmlns=""http://schemas.microsoft.com/win/2004/08/events/event"">
  <Data Name=""SubjectUserSid"">S-1-5-21-420551719-245851362-9522986-456290</Data>
  <Data Name=""SubjectUserName"">GierKM1</Data>
  <Data Name=""SubjectDomainName"">PHSWA</Data>
  <Data Name=""SubjectLogonId"">0x10dda2797</Data>
  <Data Name=""ObjectType"">File</Data>
  <Data Name=""IpAddress"">10.211.16.78</Data>
  <Data Name=""IpPort"">57427</Data>
  <Data Name=""ShareName"">\\*\IPC$</Data>
  <Data Name=""ShareLocalPath""></Data>
  <Data Name=""AccessMask"">0x1</Data>
  <Data Name=""AccessList"">%%4416 				</Data>
</EventData>",5140,"5140 - A network share object was accessed.",,,,,,"%%4416 				",0x1,,,,,,,,,,,null,null,,,,null,,,,,,,,,,,,,,,,,,,,,,,,,,,,null,,,,,,,,,,,,,,,,,,"10.211.16.78",57427,null,,,,,,,,,,,null,,,,,,,,,,,,,,,,,,,,,,,,,,,,,,File,,,,,,,,,,,,,,,,,,,,,,,,,,,,,,,,,,,,,,,,,,,,,null,,,,"\\*\IPC$",,,"PHSWA\GierKM1",,,,PHSWA,,0x10dda2797,,,GierKM1,"S-1-5-21-420551719-245851362-9522986-456290",,,,,,,,,,,,,,,,,,,,,,,,,,,,,,,,"cf2bdb32-3533-4e25-9886-d5a2ba6d0071","53aab096-0c5c-4f2d-8c12-6d2cf358d837","00000000-0000-0000-0000-000000000001","2020-10-16T14:45:29.303Z","AOI-552b9630-b106-4fe7-a1fa-97d04a0010ef",SecurityEvent,
"552b9630-b106-4fe7-a1fa-97d04a0010ef","2020-10-16T14:45:27.987Z",OpsManager,"PHSWA\FranCT1",User,"WN73018.adi.swedish.org","Microsoft-Windows-Security-Auditing",Security,12544,8,,4624,"4624 - An account was successfully logged on.",,,,,,,,,,,,,,,,,,null,null,Kerberos,,,null,,,,,,,,,,,,,,,,,,,,,,,,,,,,null,,,,,,,,,,,,,,,,"%%1833",,"10.231.255.36",49234,0,"-",,,,,,"7a2b95e5-7edd-111f-d5d1-1067acc632f2",,,Kerberos,3,"3 - Network",,,,,,,,,,,,,,,,,,,,,,,,,,,,,,,,,,,,,,,,,,,,,,,,,"-",0x0,"-",,,,,,,,,,,,,,,,,,,,,,,null,,,,,,,"-\-",,,,"-",,0x0,,,"-","S-1-0-0",,,"PHSWA\FranCT1",PHSWA,,,,0x10dda27a8,,,,,,FranCT1,"S-1-5-21-420551719-245851362-9522986-455620",,,,,,,,"-",,,,,,,,"-","cf2bdb32-3533-4e25-9886-d5a2ba6d0071","9e5392ab-9bda-4847-b696-9cb4d2d6b141","00000000-0000-0000-0000-000000000001","2020-10-16T14:45:29.303Z","AOI-552b9630-b106-4fe7-a1fa-97d04a0010ef",SecurityEvent,
"552b9630-b106-4fe7-a1fa-97d04a0010ef","2020-10-16T14:45:28.003Z",OpsManager,"PHSWA\FranCT1",User,"WN73018.adi.swedish.org","Microsoft-Windows-Security-Auditing",Security,12808,8,"<EventData xmlns=""http://schemas.microsoft.com/win/2004/08/events/event"">
  <Data Name=""SubjectUserSid"">S-1-5-21-420551719-245851362-9522986-455620</Data>
  <Data Name=""SubjectUserName"">FranCT1</Data>
  <Data Name=""SubjectDomainName"">PHSWA</Data>
  <Data Name=""SubjectLogonId"">0x10dda27a8</Data>
  <Data Name=""ObjectType"">File</Data>
  <Data Name=""IpAddress"">10.231.255.36</Data>
  <Data Name=""IpPort"">49234</Data>
  <Data Name=""ShareName"">\\*\IPC$</Data>
  <Data Name=""ShareLocalPath""></Data>
  <Data Name=""AccessMask"">0x1</Data>
  <Data Name=""AccessList"">%%4416 				</Data>
</EventData>",5140,"5140 - A network share object was accessed.",,,,,,"%%4416 				",0x1,,,,,,,,,,,null,null,,,,null,,,,,,,,,,,,,,,,,,,,,,,,,,,,null,,,,,,,,,,,,,,,,,,"10.231.255.36",49234,null,,,,,,,,,,,null,,,,,,,,,,,,,,,,,,,,,,,,,,,,,,File,,,,,,,,,,,,,,,,,,,,,,,,,,,,,,,,,,,,,,,,,,,,,null,,,,"\\*\IPC$",,,"PHSWA\FranCT1",,,,PHSWA,,0x10dda27a8,,,FranCT1,"S-1-5-21-420551719-245851362-9522986-455620",,,,,,,,,,,,,,,,,,,,,,,,,,,,,,,,"cf2bdb32-3533-4e25-9886-d5a2ba6d0071","1e3e5054-cebf-4503-95a2-98f7769e61dd","00000000-0000-0000-0000-000000000001","2020-10-16T14:45:29.303Z","AOI-552b9630-b106-4fe7-a1fa-97d04a0010ef",SecurityEvent,
"552b9630-b106-4fe7-a1fa-97d04a0010ef","2020-10-16T14:45:28.017Z",OpsManager,"PHSWA\KrisGx1",User,"WN73018.adi.swedish.org","Microsoft-Windows-Security-Auditing",Security,12545,8,,4634,"4634 - An account was logged off.",,,,,,,,,,,,,,,,,,null,null,,,,null,,,,,,,,,,,,,,,,,,,,,,,,,,,,null,,,,,,,,,,,,,,,,,,,,null,,,,,,,,,,,3,"3 - Network",,,,,,,,,,,,,,,,,,,,,,,,,,,,,,,,,,,,,,,,,,,,,,,,,,,,,,,,,,,,,,,,,,,,,,,,,,null,,,,,,,,,,,,,,,,,,,,"PHSWA\KrisGx1",PHSWA,,,,0x10dd8d448,,,,,,KrisGx1,"S-1-5-21-420551719-245851362-9522986-460911",,,,,,,,,,,,,,,,,"cf2bdb32-3533-4e25-9886-d5a2ba6d0071","5b7b6ecb-2b3c-46a2-a121-06386fad004c","00000000-0000-0000-0000-000000000001","2020-10-16T14:45:29.303Z","AOI-552b9630-b106-4fe7-a1fa-97d04a0010ef",SecurityEvent,
"552b9630-b106-4fe7-a1fa-97d04a0010ef","2020-10-16T14:45:28.063Z",OpsManager,,,"WN73018.adi.swedish.org","Microsoft-Windows-Security-Auditing",Security,12810,8,"<EventData xmlns=""http://schemas.microsoft.com/win/2004/08/events/event"">
  <Data Name=""ProcessID"">4</Data>
  <Data Name=""Application"">System</Data>
  <Data Name=""Direction"">%%14592</Data>
  <Data Name=""SourceAddress"">170.173.89.255</Data>
  <Data Name=""SourcePort"">137</Data>
  <Data Name=""DestAddress"">170.173.88.92</Data>
  <Data Name=""DestPort"">137</Data>
  <Data Name=""Protocol"">17</Data>
  <Data Name=""FilterRTID"">0</Data>
  <Data Name=""LayerName"">%%14610</Data>
  <Data Name=""LayerRTID"">44</Data>
  <Data Name=""RemoteUserID"">S-1-0-0</Data>
  <Data Name=""RemoteMachineID"">S-1-0-0</Data>
</EventData>",5156,"5156 - The Windows Filtering Platform has allowed a connection.",,,,,,,,,,,,,,,,,,null,null,,,,null,,,,,,,,,,,,,,,,,,,,,,,,,,,,null,,,,,,,,,,,,,,,,,,,,null,,,,,,,,,,,null,,,,,,,,,,,,,,,,,,,,,,,,,,,,,,,,,,,,,,,,,,,,,,,,,,,,,,,,,,,,,,,,,,,,,,,,,,,null,,,,,,,,,,,,,,,,,,,,,,,,,,,,,,,,,,,,,,,,,,,,,,,,,"cf2bdb32-3533-4e25-9886-d5a2ba6d0071","647ad740-f97e-4e4e-933a-5e968834f70a","00000000-0000-0000-0000-000000000001","2020-10-16T14:45:29.303Z","AOI-552b9630-b106-4fe7-a1fa-97d04a0010ef",SecurityEvent,
"552b9630-b106-4fe7-a1fa-97d04a0010ef","2020-10-16T14:45:28.113Z",OpsManager,,,"WN73018.adi.swedish.org","Microsoft-Windows-Security-Auditing",Security,12810,8,"<EventData xmlns=""http://schemas.microsoft.com/win/2004/08/events/event"">
  <Data Name=""ProcessID"">644</Data>
  <Data Name=""Application"">\device\harddiskvolume2\windows\system32\lsass.exe</Data>
  <Data Name=""Direction"">%%14592</Data>
  <Data Name=""SourceAddress"">170.173.88.28</Data>
  <Data Name=""SourcePort"">88</Data>
  <Data Name=""DestAddress"">10.211.16.78</Data>
  <Data Name=""DestPort"">57436</Data>
  <Data Name=""Protocol"">6</Data>
  <Data Name=""FilterRTID"">0</Data>
  <Data Name=""LayerName"">%%14610</Data>
  <Data Name=""LayerRTID"">44</Data>
  <Data Name=""RemoteUserID"">S-1-0-0</Data>
  <Data Name=""RemoteMachineID"">S-1-0-0</Data>
</EventData>",5156,"5156 - The Windows Filtering Platform has allowed a connection.",,,,,,,,,,,,,,,,,,null,null,,,,null,,,,,,,,,,,,,,,,,,,,,,,,,,,,null,,,,,,,,,,,,,,,,,,,,null,,,,,,,,,,,null,,,,,,,,,,,,,,,,,,,,,,,,,,,,,,,,,,,,,,,,,,,,,,,,,,,,,,,,,,,,,,,,,,,,,,,,,,,null,,,,,,,,,,,,,,,,,,,,,,,,,,,,,,,,,,,,,,,,,,,,,,,,,"cf2bdb32-3533-4e25-9886-d5a2ba6d0071","027f4e30-c1cc-4865-ae5c-0b4d4f82d074","00000000-0000-0000-0000-000000000001","2020-10-16T14:45:29.303Z","AOI-552b9630-b106-4fe7-a1fa-97d04a0010ef",SecurityEvent,
"552b9630-b106-4fe7-a1fa-97d04a0010ef","2020-10-16T14:45:28.16Z",OpsManager,,,"WN73018.adi.swedish.org","Microsoft-Windows-Security-Auditing",Security,12810,8,"<EventData xmlns=""http://schemas.microsoft.com/win/2004/08/events/event"">
  <Data Name=""ProcessID"">644</Data>
  <Data Name=""Application"">\device\harddiskvolume2\windows\system32\lsass.exe</Data>
  <Data Name=""Direction"">%%14592</Data>
  <Data Name=""SourceAddress"">170.173.88.28</Data>
  <Data Name=""SourcePort"">88</Data>
  <Data Name=""DestAddress"">170.173.89.118</Data>
  <Data Name=""DestPort"">56562</Data>
  <Data Name=""Protocol"">6</Data>
  <Data Name=""FilterRTID"">0</Data>
  <Data Name=""LayerName"">%%14610</Data>
  <Data Name=""LayerRTID"">44</Data>
  <Data Name=""RemoteUserID"">S-1-0-0</Data>
  <Data Name=""RemoteMachineID"">S-1-0-0</Data>
</EventData>",5156,"5156 - The Windows Filtering Platform has allowed a connection.",,,,,,,,,,,,,,,,,,null,null,,,,null,,,,,,,,,,,,,,,,,,,,,,,,,,,,null,,,,,,,,,,,,,,,,,,,,null,,,,,,,,,,,null,,,,,,,,,,,,,,,,,,,,,,,,,,,,,,,,,,,,,,,,,,,,,,,,,,,,,,,,,,,,,,,,,,,,,,,,,,,null,,,,,,,,,,,,,,,,,,,,,,,,,,,,,,,,,,,,,,,,,,,,,,,,,"cf2bdb32-3533-4e25-9886-d5a2ba6d0071","01795312-80d9-4227-9241-12d7a01f7191","00000000-0000-0000-0000-000000000001","2020-10-16T14:45:29.303Z","AOI-552b9630-b106-4fe7-a1fa-97d04a0010ef",SecurityEvent,
"552b9630-b106-4fe7-a1fa-97d04a0010ef","2020-10-16T14:45:28.16Z",OpsManager,,,"WN73018.adi.swedish.org","Microsoft-Windows-Security-Auditing",Security,14337,8,"<EventData xmlns=""http://schemas.microsoft.com/win/2004/08/events/event"">
  <Data Name=""TargetUserName"">WN69067$@ADI.SWEDISH.ORG</Data>
  <Data Name=""TargetDomainName"">ADI.SWEDISH.ORG</Data>
  <Data Name=""ServiceName"">WN69067$</Data>
  <Data Name=""ServiceSid"">S-1-5-21-2242814488-728049761-1940932111-175877</Data>
  <Data Name=""TicketOptions"">0x40810000</Data>
  <Data Name=""TicketEncryptionType"">0x12</Data>
  <Data Name=""IpAddress"">::ffff:170.173.89.118</Data>
  <Data Name=""IpPort"">56562</Data>
  <Data Name=""Status"">0x0</Data>
  <Data Name=""LogonGuid"">{E9F74FBA-B104-B445-0B5E-851A546503DF}</Data>
  <Data Name=""TransmittedServices"">-</Data>
</EventData>",4769,"4769 - A Kerberos service ticket was requested.",,,,,,,,,,,,,,,,,,null,null,,,,null,,,,,,,,,,,,,,,,,,,,,,,,,,,,null,,,,,,,,,,,,,,,,,,,,null,,,,,,,,,,,null,,,,,,,,,,,,,,,,,,,,,,,,,,,,,,,,,,,,,,,,,,,,,,,,,,,,,,,,,,,,,,,,,,,,,,,,,,,null,,,,,,,,,,,,,,,,,,,,,,,,,,,,,,,,,,,,,,,,,,,,,,,,,"cf2bdb32-3533-4e25-9886-d5a2ba6d0071","9e75716e-b990-4e50-b428-33f0d01b707d","00000000-0000-0000-0000-000000000001","2020-10-16T14:45:29.303Z","AOI-552b9630-b106-4fe7-a1fa-97d04a0010ef",SecurityEvent,
"552b9630-b106-4fe7-a1fa-97d04a0010ef","2020-10-16T14:45:28.237Z",OpsManager,,,"WN73018.adi.swedish.org","Microsoft-Windows-Security-Auditing",Security,12810,8,"<EventData xmlns=""http://schemas.microsoft.com/win/2004/08/events/event"">
  <Data Name=""ProcessID"">4</Data>
  <Data Name=""Application"">System</Data>
  <Data Name=""Direction"">%%14592</Data>
  <Data Name=""SourceAddress"">170.173.89.255</Data>
  <Data Name=""SourcePort"">137</Data>
  <Data Name=""DestAddress"">170.173.88.16</Data>
  <Data Name=""DestPort"">137</Data>
  <Data Name=""Protocol"">17</Data>
  <Data Name=""FilterRTID"">0</Data>
  <Data Name=""LayerName"">%%14610</Data>
  <Data Name=""LayerRTID"">44</Data>
  <Data Name=""RemoteUserID"">S-1-0-0</Data>
  <Data Name=""RemoteMachineID"">S-1-0-0</Data>
</EventData>",5156,"5156 - The Windows Filtering Platform has allowed a connection.",,,,,,,,,,,,,,,,,,null,null,,,,null,,,,,,,,,,,,,,,,,,,,,,,,,,,,null,,,,,,,,,,,,,,,,,,,,null,,,,,,,,,,,null,,,,,,,,,,,,,,,,,,,,,,,,,,,,,,,,,,,,,,,,,,,,,,,,,,,,,,,,,,,,,,,,,,,,,,,,,,,null,,,,,,,,,,,,,,,,,,,,,,,,,,,,,,,,,,,,,,,,,,,,,,,,,"cf2bdb32-3533-4e25-9886-d5a2ba6d0071","2c36106e-8196-4968-b9b8-1f3ffc11edf9","00000000-0000-0000-0000-000000000001","2020-10-16T14:45:29.303Z","AOI-552b9630-b106-4fe7-a1fa-97d04a0010ef",SecurityEvent,
"552b9630-b106-4fe7-a1fa-97d04a0010ef","2020-10-16T14:45:28.41Z",OpsManager,,,"WN73018.adi.swedish.org","Microsoft-Windows-Security-Auditing",Security,12810,8,"<EventData xmlns=""http://schemas.microsoft.com/win/2004/08/events/event"">
  <Data Name=""ProcessID"">644</Data>
  <Data Name=""Application"">\device\harddiskvolume2\windows\system32\lsass.exe</Data>
  <Data Name=""Direction"">%%14592</Data>
  <Data Name=""SourceAddress"">170.173.88.28</Data>
  <Data Name=""SourcePort"">389</Data>
  <Data Name=""DestAddress"">10.211.134.67</Data>
  <Data Name=""DestPort"">49693</Data>
  <Data Name=""Protocol"">17</Data>
  <Data Name=""FilterRTID"">0</Data>
  <Data Name=""LayerName"">%%14610</Data>
  <Data Name=""LayerRTID"">44</Data>
  <Data Name=""RemoteUserID"">S-1-0-0</Data>
  <Data Name=""RemoteMachineID"">S-1-0-0</Data>
</EventData>",5156,"5156 - The Windows Filtering Platform has allowed a connection.",,,,,,,,,,,,,,,,,,null,null,,,,null,,,,,,,,,,,,,,,,,,,,,,,,,,,,null,,,,,,,,,,,,,,,,,,,,null,,,,,,,,,,,null,,,,,,,,,,,,,,,,,,,,,,,,,,,,,,,,,,,,,,,,,,,,,,,,,,,,,,,,,,,,,,,,,,,,,,,,,,,null,,,,,,,,,,,,,,,,,,,,,,,,,,,,,,,,,,,,,,,,,,,,,,,,,"cf2bdb32-3533-4e25-9886-d5a2ba6d0071","114206aa-c429-45e7-8e3b-1e07f99f7fb0","00000000-0000-0000-0000-000000000001","2020-10-16T14:45:29.303Z","AOI-552b9630-b106-4fe7-a1fa-97d04a0010ef",SecurityEvent,
"552b9630-b106-4fe7-a1fa-97d04a0010ef","2020-10-16T14:45:28.423Z",OpsManager,,,"WN73018.adi.swedish.org","Microsoft-Windows-Security-Auditing",Security,12810,8,"<EventData xmlns=""http://schemas.microsoft.com/win/2004/08/events/event"">
  <Data Name=""ProcessID"">644</Data>
  <Data Name=""Application"">\device\harddiskvolume2\windows\system32\lsass.exe</Data>
  <Data Name=""Direction"">%%14592</Data>
  <Data Name=""SourceAddress"">170.173.88.28</Data>
  <Data Name=""SourcePort"">389</Data>
  <Data Name=""DestAddress"">10.211.134.67</Data>
  <Data Name=""DestPort"">49694</Data>
  <Data Name=""Protocol"">17</Data>
  <Data Name=""FilterRTID"">0</Data>
  <Data Name=""LayerName"">%%14610</Data>
  <Data Name=""LayerRTID"">44</Data>
  <Data Name=""RemoteUserID"">S-1-0-0</Data>
  <Data Name=""RemoteMachineID"">S-1-0-0</Data>
</EventData>",5156,"5156 - The Windows Filtering Platform has allowed a connection.",,,,,,,,,,,,,,,,,,null,null,,,,null,,,,,,,,,,,,,,,,,,,,,,,,,,,,null,,,,,,,,,,,,,,,,,,,,null,,,,,,,,,,,null,,,,,,,,,,,,,,,,,,,,,,,,,,,,,,,,,,,,,,,,,,,,,,,,,,,,,,,,,,,,,,,,,,,,,,,,,,,null,,,,,,,,,,,,,,,,,,,,,,,,,,,,,,,,,,,,,,,,,,,,,,,,,"cf2bdb32-3533-4e25-9886-d5a2ba6d0071","ba22f99c-df0c-4756-8db1-79aec24d658d","00000000-0000-0000-0000-000000000001","2020-10-16T14:45:29.303Z","AOI-552b9630-b106-4fe7-a1fa-97d04a0010ef",SecurityEvent,
"552b9630-b106-4fe7-a1fa-97d04a0010ef","2020-10-16T14:45:28.517Z",OpsManager,,,"WN73018.adi.swedish.org","Microsoft-Windows-Security-Auditing",Security,12810,8,"<EventData xmlns=""http://schemas.microsoft.com/win/2004/08/events/event"">
  <Data Name=""ProcessID"">856</Data>
  <Data Name=""Application"">\device\harddiskvolume2\windows\system32\svchost.exe</Data>
  <Data Name=""Direction"">%%14592</Data>
  <Data Name=""SourceAddress"">170.173.88.28</Data>
  <Data Name=""SourcePort"">135</Data>
  <Data Name=""DestAddress"">10.211.134.67</Data>
  <Data Name=""DestPort"">58051</Data>
  <Data Name=""Protocol"">6</Data>
  <Data Name=""FilterRTID"">0</Data>
  <Data Name=""LayerName"">%%14610</Data>
  <Data Name=""LayerRTID"">44</Data>
  <Data Name=""RemoteUserID"">S-1-0-0</Data>
  <Data Name=""RemoteMachineID"">S-1-0-0</Data>
</EventData>",5156,"5156 - The Windows Filtering Platform has allowed a connection.",,,,,,,,,,,,,,,,,,null,null,,,,null,,,,,,,,,,,,,,,,,,,,,,,,,,,,null,,,,,,,,,,,,,,,,,,,,null,,,,,,,,,,,null,,,,,,,,,,,,,,,,,,,,,,,,,,,,,,,,,,,,,,,,,,,,,,,,,,,,,,,,,,,,,,,,,,,,,,,,,,,null,,,,,,,,,,,,,,,,,,,,,,,,,,,,,,,,,,,,,,,,,,,,,,,,,"cf2bdb32-3533-4e25-9886-d5a2ba6d0071","cb040430-4ccd-473b-87ec-f9a714c91508","00000000-0000-0000-0000-000000000001","2020-10-16T14:45:29.303Z","AOI-552b9630-b106-4fe7-a1fa-97d04a0010ef",SecurityEvent,
"552b9630-b106-4fe7-a1fa-97d04a0010ef","2020-10-16T14:45:28.517Z",OpsManager,,,"WN73018.adi.swedish.org","Microsoft-Windows-Security-Auditing",Security,12810,8,"<EventData xmlns=""http://schemas.microsoft.com/win/2004/08/events/event"">
  <Data Name=""ProcessID"">644</Data>
  <Data Name=""Application"">\device\harddiskvolume2\windows\system32\lsass.exe</Data>
  <Data Name=""Direction"">%%14592</Data>
  <Data Name=""SourceAddress"">170.173.88.28</Data>
  <Data Name=""SourcePort"">49159</Data>
  <Data Name=""DestAddress"">10.211.134.67</Data>
  <Data Name=""DestPort"">58052</Data>
  <Data Name=""Protocol"">6</Data>
  <Data Name=""FilterRTID"">0</Data>
  <Data Name=""LayerName"">%%14610</Data>
  <Data Name=""LayerRTID"">44</Data>
  <Data Name=""RemoteUserID"">S-1-0-0</Data>
  <Data Name=""RemoteMachineID"">S-1-0-0</Data>
</EventData>",5156,"5156 - The Windows Filtering Platform has allowed a connection.",,,,,,,,,,,,,,,,,,null,null,,,,null,,,,,,,,,,,,,,,,,,,,,,,,,,,,null,,,,,,,,,,,,,,,,,,,,null,,,,,,,,,,,null,,,,,,,,,,,,,,,,,,,,,,,,,,,,,,,,,,,,,,,,,,,,,,,,,,,,,,,,,,,,,,,,,,,,,,,,,,,null,,,,,,,,,,,,,,,,,,,,,,,,,,,,,,,,,,,,,,,,,,,,,,,,,"cf2bdb32-3533-4e25-9886-d5a2ba6d0071","aaffbe48-9076-4563-9032-7f8d09bb0fab","00000000-0000-0000-0000-000000000001","2020-10-16T14:45:29.303Z","AOI-552b9630-b106-4fe7-a1fa-97d04a0010ef",SecurityEvent,
"552b9630-b106-4fe7-a1fa-97d04a0010ef","2020-10-16T14:45:28.517Z",OpsManager,"ADI\ZZCervalloAS11",User,"WN73018.adi.swedish.org","Microsoft-Windows-Security-Auditing",Security,12544,8,,4624,"4624 - An account was successfully logged on.",,,,,,,,,,,,,,,,,,null,null,Kerberos,,,null,,,,,,,,,,,,,,,,,,,,,,,,,,,,null,,,,,,,,,,,,,,,,"%%1833",,"10.211.134.67",58052,0,"-",,,,,,"09f6b18d-74fa-c80e-3913-1f71b08bb75d",,,Kerberos,3,"3 - Network",,,,,,,,,,,,,,,,,,,,,,,,,,,,,,,,,,,,,,,,,,,,,,,,,"-",0x0,"-",,,,,,,,,,,,,,,,,,,,,,,null,,,,,,,"-\-",,,,"-",,0x0,,,"-","S-1-0-0",,,"ADI\ZZCervalloAS11",ADI,,,,0x10dda2e09,,,,,,ZZCervalloAS11,"S-1-5-21-2242814488-728049761-1940932111-140100",,,,,,,,"-",,,,,,,,"-","cf2bdb32-3533-4e25-9886-d5a2ba6d0071","606b8506-5606-4818-88d1-835a92020385","00000000-0000-0000-0000-000000000001","2020-10-16T14:45:29.303Z","AOI-552b9630-b106-4fe7-a1fa-97d04a0010ef",SecurityEvent,
"552b9630-b106-4fe7-a1fa-97d04a0010ef","2020-10-16T14:45:28.533Z",OpsManager,,,"WN73018.adi.swedish.org","Microsoft-Windows-Security-Auditing",Security,12810,8,"<EventData xmlns=""http://schemas.microsoft.com/win/2004/08/events/event"">
  <Data Name=""ProcessID"">856</Data>
  <Data Name=""Application"">\device\harddiskvolume2\windows\system32\svchost.exe</Data>
  <Data Name=""Direction"">%%14592</Data>
  <Data Name=""SourceAddress"">170.173.88.28</Data>
  <Data Name=""SourcePort"">135</Data>
  <Data Name=""DestAddress"">10.211.134.67</Data>
  <Data Name=""DestPort"">58053</Data>
  <Data Name=""Protocol"">6</Data>
  <Data Name=""FilterRTID"">0</Data>
  <Data Name=""LayerName"">%%14610</Data>
  <Data Name=""LayerRTID"">44</Data>
  <Data Name=""RemoteUserID"">S-1-0-0</Data>
  <Data Name=""RemoteMachineID"">S-1-0-0</Data>
</EventData>",5156,"5156 - The Windows Filtering Platform has allowed a connection.",,,,,,,,,,,,,,,,,,null,null,,,,null,,,,,,,,,,,,,,,,,,,,,,,,,,,,null,,,,,,,,,,,,,,,,,,,,null,,,,,,,,,,,null,,,,,,,,,,,,,,,,,,,,,,,,,,,,,,,,,,,,,,,,,,,,,,,,,,,,,,,,,,,,,,,,,,,,,,,,,,,null,,,,,,,,,,,,,,,,,,,,,,,,,,,,,,,,,,,,,,,,,,,,,,,,,"cf2bdb32-3533-4e25-9886-d5a2ba6d0071","b6f9c8b7-714b-46c4-b6b6-868453dfee69","00000000-0000-0000-0000-000000000001","2020-10-16T14:45:29.303Z","AOI-552b9630-b106-4fe7-a1fa-97d04a0010ef",SecurityEvent,
"552b9630-b106-4fe7-a1fa-97d04a0010ef","2020-10-16T14:45:28.567Z",OpsManager,"SJHS-NT\TEGAPP001-VT$",Machine,"ADSAPPVP-010.stjoe.org","Microsoft-Windows-Security-Auditing",Security,12544,8,,4624,"4624 - An account was successfully logged on.",,,,,,,,,,,,,,,,,,null,null,Kerberos,,,null,,,,,,,,,,,,,,,,,,,,,,,,,,,,null,,,,,,,,,,,,,,,,"%%1833",,"10.250.118.151",60815,0,"-",,,,,,"bb6fe0b3-db8e-9dd9-a3a9-872b9832ca93",,,Kerberos,3,"3 - Network",,,,,,,,,,,,,,,,,,,,,,,,,,,,,,,,,,,,,,,,,,,,,,,,,"-",0x0,"-",,,,,,,,,,,,,,,,,,,,,,,null,,,,,,,"-\-",,,,"-",,0x0,,,"-","S-1-0-0",,,"SJHS-NT\TEGAPP001-VT$","SJHS-NT",,,,0x36ad1fee5,,,,,,"TEGAPP001-VT$","S-1-5-21-798254582-200106796-1537874043-346827",,,,,,,,"-",,,,,,,,"-","63c77c3c-1ec2-4f06-9f6e-99edf6acfc9b","4babe66f-41bb-482c-9cd1-847e01475974","00000000-0000-0000-0000-000000000001","2020-10-16T14:45:30.052Z","AOI-552b9630-b106-4fe7-a1fa-97d04a0010ef",SecurityEvent,
"552b9630-b106-4fe7-a1fa-97d04a0010ef","2020-10-16T14:45:28.583Z",OpsManager,,,"ADSAPPVP-010.stjoe.org","Microsoft-Windows-Security-Auditing",Security,14336,8,"<EventData xmlns=""http://schemas.microsoft.com/win/2004/08/events/event"">
  <Data Name=""PackageName"">MICROSOFT_AUTHENTICATION_PACKAGE_V1_0</Data>
  <Data Name=""TargetUserName"">SysCenter-Action</Data>
  <Data Name=""Workstation"">\\SYNWEBVP-006</Data>
  <Data Name=""Status"">0x0</Data>
</EventData>",4776,"4776 - The domain controller attempted to validate the credentials for an account.",,,,,,,,,,,,,,,,,,null,null,,,,null,,,,,,,,,,,,,,,,,,,,,,,,,,,,null,,,,,,,,,,,,,,,,,,,,null,,,,,,,,,,,null,,,,,,,,,,,,,,,,,,,,,,,,,,,,,,,,,,,,,,,,"MICROSOFT_AUTHENTICATION_PACKAGE_V1_0",,,,,,,,,,,,,,,,,,,,,,,,,,,,,,,,,,,null,,,,,,0x0,,,,,,,,,,,,,,"SysCenter-Action",,,,,,,,,,,"SysCenter-Action",,,,,,,,,,,,,,,,"\\SYNWEBVP-006",,"63c77c3c-1ec2-4f06-9f6e-99edf6acfc9b","464fee54-feef-4d53-9d6b-b68f7de94413","00000000-0000-0000-0000-000000000001","2020-10-16T14:45:30.052Z","AOI-552b9630-b106-4fe7-a1fa-97d04a0010ef",SecurityEvent,
"552b9630-b106-4fe7-a1fa-97d04a0010ef","2020-10-16T14:45:28.583Z",OpsManager,,,"ADSAPPVP-010.stjoe.org","Microsoft-Windows-Security-Auditing",Security,14337,8,"<EventData xmlns=""http://schemas.microsoft.com/win/2004/08/events/event"">
  <Data Name=""TargetUserName"">MEEKSB1@AD.PROVIDENCE.ORG</Data>
  <Data Name=""TargetDomainName"">AD.PROVIDENCE.ORG</Data>
  <Data Name=""ServiceName"">CTXXML6A012-VP$</Data>
  <Data Name=""ServiceSid"">S-1-5-21-798254582-200106796-1537874043-716465</Data>
  <Data Name=""TicketOptions"">0x40810000</Data>
  <Data Name=""TicketEncryptionType"">0x12</Data>
  <Data Name=""IpAddress"">::ffff:10.249.3.137</Data>
  <Data Name=""IpPort"">53284</Data>
  <Data Name=""Status"">0x0</Data>
  <Data Name=""LogonGuid"">{0CCAF6BF-E07D-DAED-D48F-617173AEF257}</Data>
  <Data Name=""TransmittedServices"">-</Data>
</EventData>",4769,"4769 - A Kerberos service ticket was requested.",,,,,,,,,,,,,,,,,,null,null,,,,null,,,,,,,,,,,,,,,,,,,,,,,,,,,,null,,,,,,,,,,,,,,,,,,,,null,,,,,,,,,,,null,,,,,,,,,,,,,,,,,,,,,,,,,,,,,,,,,,,,,,,,,,,,,,,,,,,,,,,,,,,,,,,,,,,,,,,,,,,null,,,,,,,,,,,,,,,,,,,,,,,,,,,,,,,,,,,,,,,,,,,,,,,,,"63c77c3c-1ec2-4f06-9f6e-99edf6acfc9b","e1c55dca-a8f7-4aee-bfc7-b2c5541a1e3c","00000000-0000-0000-0000-000000000001","2020-10-16T14:45:30.052Z","AOI-552b9630-b106-4fe7-a1fa-97d04a0010ef",SecurityEvent,
"552b9630-b106-4fe7-a1fa-97d04a0010ef","2020-10-16T14:45:28.583Z",OpsManager,,,"ADSAPPVP-010.stjoe.org","Microsoft-Windows-Security-Auditing",Security,14336,8,"<EventData xmlns=""http://schemas.microsoft.com/win/2004/08/events/event"">
  <Data Name=""PackageName"">MICROSOFT_AUTHENTICATION_PACKAGE_V1_0</Data>
  <Data Name=""TargetUserName"">SysCenter-DWWrite</Data>
  <Data Name=""Workstation"">SCOAPPVP-107</Data>
  <Data Name=""Status"">0x0</Data>
</EventData>",4776,"4776 - The domain controller attempted to validate the credentials for an account.",,,,,,,,,,,,,,,,,,null,null,,,,null,,,,,,,,,,,,,,,,,,,,,,,,,,,,null,,,,,,,,,,,,,,,,,,,,null,,,,,,,,,,,null,,,,,,,,,,,,,,,,,,,,,,,,,,,,,,,,,,,,,,,,"MICROSOFT_AUTHENTICATION_PACKAGE_V1_0",,,,,,,,,,,,,,,,,,,,,,,,,,,,,,,,,,,null,,,,,,0x0,,,,,,,,,,,,,,"SysCenter-DWWrite",,,,,,,,,,,"SysCenter-DWWrite",,,,,,,,,,,,,,,,"SCOAPPVP-107",,"63c77c3c-1ec2-4f06-9f6e-99edf6acfc9b","1e2741c5-82af-4c94-ac15-e8060fde3ca7","00000000-0000-0000-0000-000000000001","2020-10-16T14:45:30.052Z","AOI-552b9630-b106-4fe7-a1fa-97d04a0010ef",SecurityEvent,
"552b9630-b106-4fe7-a1fa-97d04a0010ef","2020-10-16T14:45:28.583Z",OpsManager,"SJHS-NT\NCDT023847$",Machine,"ADSAPPVP-010.stjoe.org","Microsoft-Windows-Security-Auditing",Security,12545,8,,4634,"4634 - An account was logged off.",,,,,,,,,,,,,,,,,,null,null,,,,null,,,,,,,,,,,,,,,,,,,,,,,,,,,,null,,,,,,,,,,,,,,,,,,,,null,,,,,,,,,,,3,"3 - Network",,,,,,,,,,,,,,,,,,,,,,,,,,,,,,,,,,,,,,,,,,,,,,,,,,,,,,,,,,,,,,,,,,,,,,,,,,null,,,,,,,,,,,,,,,,,,,,"SJHS-NT\NCDT023847$","SJHS-NT",,,,0x36ad1fd77,,,,,,"NCDT023847$","S-1-5-21-798254582-200106796-1537874043-746354",,,,,,,,,,,,,,,,,"63c77c3c-1ec2-4f06-9f6e-99edf6acfc9b","a474f98f-d17c-460c-ac47-8687c9151286","00000000-0000-0000-0000-000000000001","2020-10-16T14:45:30.052Z","AOI-552b9630-b106-4fe7-a1fa-97d04a0010ef",SecurityEvent,
"552b9630-b106-4fe7-a1fa-97d04a0010ef","2020-10-16T14:45:28.583Z",OpsManager,,,"ADSAPPVP-010.stjoe.org","Microsoft-Windows-Security-Auditing",Security,14336,8,"<EventData xmlns=""http://schemas.microsoft.com/win/2004/08/events/event"">
  <Data Name=""PackageName"">MICROSOFT_AUTHENTICATION_PACKAGE_V1_0</Data>
  <Data Name=""TargetUserName"">SysCenter-DWWrite</Data>
  <Data Name=""Workstation"">SCOAPPVP-103</Data>
  <Data Name=""Status"">0x0</Data>
</EventData>",4776,"4776 - The domain controller attempted to validate the credentials for an account.",,,,,,,,,,,,,,,,,,null,null,,,,null,,,,,,,,,,,,,,,,,,,,,,,,,,,,null,,,,,,,,,,,,,,,,,,,,null,,,,,,,,,,,null,,,,,,,,,,,,,,,,,,,,,,,,,,,,,,,,,,,,,,,,"MICROSOFT_AUTHENTICATION_PACKAGE_V1_0",,,,,,,,,,,,,,,,,,,,,,,,,,,,,,,,,,,null,,,,,,0x0,,,,,,,,,,,,,,"SysCenter-DWWrite",,,,,,,,,,,"SysCenter-DWWrite",,,,,,,,,,,,,,,,"SCOAPPVP-103",,"63c77c3c-1ec2-4f06-9f6e-99edf6acfc9b","0be2ae3c-c569-4abe-8b75-3fd12b3fa921","00000000-0000-0000-0000-000000000001","2020-10-16T14:45:30.052Z","AOI-552b9630-b106-4fe7-a1fa-97d04a0010ef",SecurityEvent,
"552b9630-b106-4fe7-a1fa-97d04a0010ef","2020-10-16T14:45:28.583Z",OpsManager,,,"ADSAPPVP-010.stjoe.org","Microsoft-Windows-Security-Auditing",Security,14336,8,"<EventData xmlns=""http://schemas.microsoft.com/win/2004/08/events/event"">
  <Data Name=""PackageName"">MICROSOFT_AUTHENTICATION_PACKAGE_V1_0</Data>
  <Data Name=""TargetUserName"">TWSupp1SVC</Data>
  <Data Name=""Workstation"">TWKMON001-VP</Data>
  <Data Name=""Status"">0x0</Data>
</EventData>",4776,"4776 - The domain controller attempted to validate the credentials for an account.",,,,,,,,,,,,,,,,,,null,null,,,,null,,,,,,,,,,,,,,,,,,,,,,,,,,,,null,,,,,,,,,,,,,,,,,,,,null,,,,,,,,,,,null,,,,,,,,,,,,,,,,,,,,,,,,,,,,,,,,,,,,,,,,"MICROSOFT_AUTHENTICATION_PACKAGE_V1_0",,,,,,,,,,,,,,,,,,,,,,,,,,,,,,,,,,,null,,,,,,0x0,,,,,,,,,,,,,,TWSupp1SVC,,,,,,,,,,,TWSupp1SVC,,,,,,,,,,,,,,,,"TWKMON001-VP",,"63c77c3c-1ec2-4f06-9f6e-99edf6acfc9b","eb61e449-115f-467e-aa64-042925077f6e","00000000-0000-0000-0000-000000000001","2020-10-16T14:45:30.052Z","AOI-552b9630-b106-4fe7-a1fa-97d04a0010ef",SecurityEvent,
"552b9630-b106-4fe7-a1fa-97d04a0010ef","2020-10-16T14:45:28.6Z",OpsManager,"SJHS-NT\WOODJ12",User,"ADSAPPVP-010.stjoe.org","Microsoft-Windows-Security-Auditing",Security,12545,8,,4634,"4634 - An account was logged off.",,,,,,,,,,,,,,,,,,null,null,,,,null,,,,,,,,,,,,,,,,,,,,,,,,,,,,null,,,,,,,,,,,,,,,,,,,,null,,,,,,,,,,,3,"3 - Network",,,,,,,,,,,,,,,,,,,,,,,,,,,,,,,,,,,,,,,,,,,,,,,,,,,,,,,,,,,,,,,,,,,,,,,,,,null,,,,,,,,,,,,,,,,,,,,"SJHS-NT\WOODJ12","SJHS-NT",,,,0x36acf9f94,,,,,,WOODJ12,"S-1-5-21-798254582-200106796-1537874043-724782",,,,,,,,,,,,,,,,,"63c77c3c-1ec2-4f06-9f6e-99edf6acfc9b","ae531532-5e82-4c0b-9c44-1d858ac70510","00000000-0000-0000-0000-000000000001","2020-10-16T14:45:30.052Z","AOI-552b9630-b106-4fe7-a1fa-97d04a0010ef",SecurityEvent,
