"552b9630-b106-4fe7-a1fa-97d04a0010ef","2020-10-16T14:45:28.86Z",OpsManager,,,"WN73200.ad.providence.org","Microsoft-Windows-Security-Auditing",Security,14339,8,"<EventData xmlns=""http://schemas.microsoft.com/win/2004/08/events/event"">
  <Data Name=""TargetUserName"">FLORESJ17</Data>
  <Data Name=""TargetDomainName"">AD</Data>
  <Data Name=""TargetSid"">S-1-5-21-1078081533-725345543-682003330-339756</Data>
  <Data Name=""ServiceName"">krbtgt</Data>
  <Data Name=""ServiceSid"">S-1-5-21-1078081533-725345543-682003330-502</Data>
  <Data Name=""TicketOptions"">0x40810010</Data>
  <Data Name=""Status"">0x0</Data>
  <Data Name=""TicketEncryptionType"">0x12</Data>
  <Data Name=""PreAuthType"">2</Data>
  <Data Name=""IpAddress"">::ffff:10.249.3.140</Data>
  <Data Name=""IpPort"">52237</Data>
  <Data Name=""CertIssuerName""></Data>
  <Data Name=""CertSerialNumber""></Data>
  <Data Name=""CertThumbprint""></Data>
</EventData>",4768,"4768 - A Kerberos authentication ticket (TGT) was requested.",,,,,,,,,,,,,,,,,,null,null,,,,null,,,,,,,,,,,,,,,,,,,,,,,,,,,,null,,,,,,,,,,,,,,,,,,"::ffff:10.249.3.140",52237,null,,,,,,,,,,,null,,,,,,,,,,,,,,,,,,,,,,,,,,,,,,,,,,,,,,,,,,,,,,,,,,,,,,,,,,,,,,,,,,,,,,,,,,krbtgt,null,,,,,,0x0,,,,,,,,,,,,,,"AD\FLORESJ17",AD,,,,,,,,"S-1-5-21-1078081533-725345543-682003330-339756",,FLORESJ17,,,,,,,,,,,,,,,,,,"edcb625c-bbfa-4330-b8e0-39556d321ef7","b45a4043-145c-4500-a5b5-9b2ad68b8547","00000000-0000-0000-0000-000000000001","2020-10-16T14:45:30.52Z","AOI-552b9630-b106-4fe7-a1fa-97d04a0010ef",SecurityEvent,
"552b9630-b106-4fe7-a1fa-97d04a0010ef","2020-10-16T14:45:28.86Z",OpsManager,"AD\XDLVS1370530$",Machine,"WN73200.ad.providence.org","Microsoft-Windows-Security-Auditing",Security,12545,8,,4634,"4634 - An account was logged off.",,,,,,,,,,,,,,,,,,null,null,,,,null,,,,,,,,,,,,,,,,,,,,,,,,,,,,null,,,,,,,,,,,,,,,,,,,,null,,,,,,,,,,,3,"3 - Network",,,,,,,,,,,,,,,,,,,,,,,,,,,,,,,,,,,,,,,,,,,,,,,,,,,,,,,,,,,,,,,,,,,,,,,,,,null,,,,,,,,,,,,,,,,,,,,"AD\XDLVS1370530$",AD,,,,0x12a5db03e,,,,,,"XDLVS1370530$","S-1-5-21-1078081533-725345543-682003330-509546",,,,,,,,,,,,,,,,,"edcb625c-bbfa-4330-b8e0-39556d321ef7","e5ab6b86-3433-45dc-827f-d78503c937fc","00000000-0000-0000-0000-000000000001","2020-10-16T14:45:30.52Z","AOI-552b9630-b106-4fe7-a1fa-97d04a0010ef",SecurityEvent,
"552b9630-b106-4fe7-a1fa-97d04a0010ef","2020-10-16T14:45:28.877Z",OpsManager,"AD\HHF-YLM-82K3H02$",Machine,"WN73200.ad.providence.org","Microsoft-Windows-Security-Auditing",Security,12544,8,,4624,"4624 - An account was successfully logged on.",,,,,,,,,,,,,,,,,,null,null,Kerberos,,,null,,,,,,,,,,,,,,,,,,,,,,,,,,,,null,,,,,,,,,,,,,,,,"%%1840",,"10.199.74.243",61762,0,"-",,,,,,"c0078297-422c-7b0d-9cf3-aad1eb34e96c",,,Kerberos,3,"3 - Network",,,,,,,,,,,,,,,,,,,,,,,,,,,,,,,,,,,,,,,,,,,,,,,,,"-",0x0,"-",,,,,,,,,,,,,,,,,,,,,,,null,,,,,,,"-\-",,,,"-",,0x0,,,"-","S-1-0-0",,,"AD\HHF-YLM-82K3H02$",AD,,,,0x12a5ec623,,,,,,"HHF-YLM-82K3H02$","S-1-5-21-1078081533-725345543-682003330-491118",,,,,,,,"-",,,,,,,,"-","edcb625c-bbfa-4330-b8e0-39556d321ef7","75ab2704-d1d1-4dc5-9e94-12468bae0d49","00000000-0000-0000-0000-000000000001","2020-10-16T14:45:30.52Z","AOI-552b9630-b106-4fe7-a1fa-97d04a0010ef",SecurityEvent,
"552b9630-b106-4fe7-a1fa-97d04a0010ef","2020-10-16T14:45:28.877Z",OpsManager,"GRACESUPPORT\SysAdmin",User,"WN73200.ad.providence.org","Microsoft-Windows-Security-Auditing",Security,12545,8,,4634,"4634 - An account was logged off.",,,,,,,,,,,,,,,,,,null,null,,,,null,,,,,,,,,,,,,,,,,,,,,,,,,,,,null,,,,,,,,,,,,,,,,,,,,null,,,,,,,,,,,3,"3 - Network",,,,,,,,,,,,,,,,,,,,,,,,,,,,,,,,,,,,,,,,,,,,,,,,,,,,,,,,,,,,,,,,,,,,,,,,,,null,,,,,,,,,,,,,,,,,,,,"GRACESUPPORT\SysAdmin",GRACESUPPORT,,,,0x12a5ec0c3,,,,,,SysAdmin,"S-1-5-21-1727216671-1110163928-1990356773-5522",,,,,,,,,,,,,,,,,"edcb625c-bbfa-4330-b8e0-39556d321ef7","7821c453-be6f-4880-80a2-f141d730015d","00000000-0000-0000-0000-000000000001","2020-10-16T14:45:30.52Z","AOI-552b9630-b106-4fe7-a1fa-97d04a0010ef",SecurityEvent,
"552b9630-b106-4fe7-a1fa-97d04a0010ef","2020-10-16T14:45:28.877Z",OpsManager,,,"WN73200.ad.providence.org","Microsoft-Windows-Security-Auditing",Security,14336,8,"<EventData xmlns=""http://schemas.microsoft.com/win/2004/08/events/event"">
  <Data Name=""PackageName"">MICROSOFT_AUTHENTICATION_PACKAGE_V1_0</Data>
  <Data Name=""TargetUserName"">BGINESI</Data>
  <Data Name=""Workstation"">CTXXAP6A225-VP</Data>
  <Data Name=""Status"">0x0</Data>
</EventData>",4776,"4776 - The domain controller attempted to validate the credentials for an account.",,,,,,,,,,,,,,,,,,null,null,,,,null,,,,,,,,,,,,,,,,,,,,,,,,,,,,null,,,,,,,,,,,,,,,,,,,,null,,,,,,,,,,,null,,,,,,,,,,,,,,,,,,,,,,,,,,,,,,,,,,,,,,,,"MICROSOFT_AUTHENTICATION_PACKAGE_V1_0",,,,,,,,,,,,,,,,,,,,,,,,,,,,,,,,,,,null,,,,,,0x0,,,,,,,,,,,,,,BGINESI,,,,,,,,,,,BGINESI,,,,,,,,,,,,,,,,"CTXXAP6A225-VP",,"edcb625c-bbfa-4330-b8e0-39556d321ef7","58201df5-aa50-4de5-a104-6bf67b18c1a5","00000000-0000-0000-0000-000000000001","2020-10-16T14:45:30.52Z","AOI-552b9630-b106-4fe7-a1fa-97d04a0010ef",SecurityEvent,
"552b9630-b106-4fe7-a1fa-97d04a0010ef","2020-10-16T14:45:28.877Z",OpsManager,,,"WN73200.ad.providence.org","Microsoft-Windows-Security-Auditing",Security,14339,8,"<EventData xmlns=""http://schemas.microsoft.com/win/2004/08/events/event"">
  <Data Name=""TargetUserName"">kuboyamaj1</Data>
  <Data Name=""TargetDomainName"">ad</Data>
  <Data Name=""TargetSid"">S-1-5-21-1078081533-725345543-682003330-331695</Data>
  <Data Name=""ServiceName"">krbtgt</Data>
  <Data Name=""ServiceSid"">S-1-5-21-1078081533-725345543-682003330-502</Data>
  <Data Name=""TicketOptions"">0x40810010</Data>
  <Data Name=""Status"">0x0</Data>
  <Data Name=""TicketEncryptionType"">0x12</Data>
  <Data Name=""PreAuthType"">2</Data>
  <Data Name=""IpAddress"">::ffff:10.249.3.64</Data>
  <Data Name=""IpPort"">51895</Data>
  <Data Name=""CertIssuerName""></Data>
  <Data Name=""CertSerialNumber""></Data>
  <Data Name=""CertThumbprint""></Data>
</EventData>",4768,"4768 - A Kerberos authentication ticket (TGT) was requested.",,,,,,,,,,,,,,,,,,null,null,,,,null,,,,,,,,,,,,,,,,,,,,,,,,,,,,null,,,,,,,,,,,,,,,,,,"::ffff:10.249.3.64",51895,null,,,,,,,,,,,null,,,,,,,,,,,,,,,,,,,,,,,,,,,,,,,,,,,,,,,,,,,,,,,,,,,,,,,,,,,,,,,,,,,,,,,,,,krbtgt,null,,,,,,0x0,,,,,,,,,,,,,,"ad\kuboyamaj1",ad,,,,,,,,"S-1-5-21-1078081533-725345543-682003330-331695",,kuboyamaj1,,,,,,,,,,,,,,,,,,"edcb625c-bbfa-4330-b8e0-39556d321ef7","784cbd91-e05a-4eb9-88fe-2f9e2107ffe3","00000000-0000-0000-0000-000000000001","2020-10-16T14:45:30.52Z","AOI-552b9630-b106-4fe7-a1fa-97d04a0010ef",SecurityEvent,
"552b9630-b106-4fe7-a1fa-97d04a0010ef","2020-10-16T14:45:28.893Z",OpsManager,"AD\XDLVS1270044$",Machine,"WN73200.ad.providence.org","Microsoft-Windows-Security-Auditing",Security,12545,8,,4634,"4634 - An account was logged off.",,,,,,,,,,,,,,,,,,null,null,,,,null,,,,,,,,,,,,,,,,,,,,,,,,,,,,null,,,,,,,,,,,,,,,,,,,,null,,,,,,,,,,,3,"3 - Network",,,,,,,,,,,,,,,,,,,,,,,,,,,,,,,,,,,,,,,,,,,,,,,,,,,,,,,,,,,,,,,,,,,,,,,,,,null,,,,,,,,,,,,,,,,,,,,"AD\XDLVS1270044$",AD,,,,0x12a57c566,,,,,,"XDLVS1270044$","S-1-5-21-1078081533-725345543-682003330-501980",,,,,,,,,,,,,,,,,"edcb625c-bbfa-4330-b8e0-39556d321ef7","07495b38-9b2c-4cc2-a449-2e058a30b602","00000000-0000-0000-0000-000000000001","2020-10-16T14:45:30.52Z","AOI-552b9630-b106-4fe7-a1fa-97d04a0010ef",SecurityEvent,
"552b9630-b106-4fe7-a1fa-97d04a0010ef","2020-10-16T14:45:28.893Z",OpsManager,"AD\MaXI",User,"WN73200.ad.providence.org","Microsoft-Windows-Security-Auditing",Security,12544,8,,4624,"4624 - An account was successfully logged on.",,,,,,,,,,,,,,,,,,null,null,Kerberos,,,null,,,,,,,,,,,,,,,,,,,,,,,,,,,,null,,,,,,,,,,,,,,,,"%%1833",,"10.250.187.219",60092,0,"-",,,,,,"d571b44a-5a90-53a7-11aa-092e41c1f8d5",,,Kerberos,3,"3 - Network",,,,,,,,,,,,,,,,,,,,,,,,,,,,,,,,,,,,,,,,,,,,,,,,,"-",0x0,"-",,,,,,,,,,,,,,,,,,,,,,,null,,,,,,,"-\-",,,,"-",,0x0,,,"-","S-1-0-0",,,"AD\MaXI",AD,,,,0x12a5ec75c,,,,,,MaXI,"S-1-5-21-1078081533-725345543-682003330-327146",,,,,,,,"-",,,,,,,,"-","edcb625c-bbfa-4330-b8e0-39556d321ef7","b709280d-21c8-4ec7-b655-405a2fd439f4","00000000-0000-0000-0000-000000000001","2020-10-16T14:45:30.52Z","AOI-552b9630-b106-4fe7-a1fa-97d04a0010ef",SecurityEvent,
"552b9630-b106-4fe7-a1fa-97d04a0010ef","2020-10-16T14:45:28.893Z",OpsManager,"AD\MHR-COM-4KJLZC2$",Machine,"WN73200.ad.providence.org","Microsoft-Windows-Security-Auditing",Security,12544,8,,4624,"4624 - An account was successfully logged on.",,,,,,,,,,,,,,,,,,null,null,Kerberos,,,null,,,,,,,,,,,,,,,,,,,,,,,,,,,,null,,,,,,,,,,,,,,,,"%%1833",,"10.187.142.248",52015,0,"-",,,,,,"6e768dcf-cf72-69ab-7f75-c8825031a1b6",,,Kerberos,3,"3 - Network",,,,,,,,,,,,,,,,,,,,,,,,,,,,,,,,,,,,,,,,,,,,,,,,,"-",0x0,"-",,,,,,,,,,,,,,,,,,,,,,,null,,,,,,,"-\-",,,,"-",,0x0,,,"-","S-1-0-0",,,"AD\MHR-COM-4KJLZC2$",AD,,,,0x12a5ec770,,,,,,"MHR-COM-4KJLZC2$","S-1-5-21-1078081533-725345543-682003330-475006",,,,,,,,"-",,,,,,,,"-","edcb625c-bbfa-4330-b8e0-39556d321ef7","9bb35d73-bfd1-4975-a6cb-04f123eca9c0","00000000-0000-0000-0000-000000000001","2020-10-16T14:45:30.52Z","AOI-552b9630-b106-4fe7-a1fa-97d04a0010ef",SecurityEvent,
"552b9630-b106-4fe7-a1fa-97d04a0010ef","2020-10-16T14:45:28.907Z",OpsManager,,,"WN73200.ad.providence.org","Microsoft-Windows-Security-Auditing",Security,14339,8,"<EventData xmlns=""http://schemas.microsoft.com/win/2004/08/events/event"">
  <Data Name=""TargetUserName"">kuboyamaj1</Data>
  <Data Name=""TargetDomainName"">ad</Data>
  <Data Name=""TargetSid"">S-1-5-21-1078081533-725345543-682003330-331695</Data>
  <Data Name=""ServiceName"">krbtgt</Data>
  <Data Name=""ServiceSid"">S-1-5-21-1078081533-725345543-682003330-502</Data>
  <Data Name=""TicketOptions"">0x40810010</Data>
  <Data Name=""Status"">0x0</Data>
  <Data Name=""TicketEncryptionType"">0x12</Data>
  <Data Name=""PreAuthType"">2</Data>
  <Data Name=""IpAddress"">::ffff:10.249.3.60</Data>
  <Data Name=""IpPort"">54431</Data>
  <Data Name=""CertIssuerName""></Data>
  <Data Name=""CertSerialNumber""></Data>
  <Data Name=""CertThumbprint""></Data>
</EventData>",4768,"4768 - A Kerberos authentication ticket (TGT) was requested.",,,,,,,,,,,,,,,,,,null,null,,,,null,,,,,,,,,,,,,,,,,,,,,,,,,,,,null,,,,,,,,,,,,,,,,,,"::ffff:10.249.3.60",54431,null,,,,,,,,,,,null,,,,,,,,,,,,,,,,,,,,,,,,,,,,,,,,,,,,,,,,,,,,,,,,,,,,,,,,,,,,,,,,,,,,,,,,,,krbtgt,null,,,,,,0x0,,,,,,,,,,,,,,"ad\kuboyamaj1",ad,,,,,,,,"S-1-5-21-1078081533-725345543-682003330-331695",,kuboyamaj1,,,,,,,,,,,,,,,,,,"edcb625c-bbfa-4330-b8e0-39556d321ef7","f59a8f3e-d8e0-4989-afd9-f3f20cc7d67f","00000000-0000-0000-0000-000000000001","2020-10-16T14:45:30.52Z","AOI-552b9630-b106-4fe7-a1fa-97d04a0010ef",SecurityEvent,
"552b9630-b106-4fe7-a1fa-97d04a0010ef","2020-10-16T14:45:28.923Z",OpsManager,"AD\MaXI",User,"WN73200.ad.providence.org","Microsoft-Windows-Security-Auditing",Security,12545,8,,4634,"4634 - An account was logged off.",,,,,,,,,,,,,,,,,,null,null,,,,null,,,,,,,,,,,,,,,,,,,,,,,,,,,,null,,,,,,,,,,,,,,,,,,,,null,,,,,,,,,,,3,"3 - Network",,,,,,,,,,,,,,,,,,,,,,,,,,,,,,,,,,,,,,,,,,,,,,,,,,,,,,,,,,,,,,,,,,,,,,,,,,null,,,,,,,,,,,,,,,,,,,,"AD\MaXI",AD,,,,0x12a5ec75c,,,,,,MaXI,"S-1-5-21-1078081533-725345543-682003330-327146",,,,,,,,,,,,,,,,,"edcb625c-bbfa-4330-b8e0-39556d321ef7","47f3d239-1471-4d97-9bc0-a5d630e6f47e","00000000-0000-0000-0000-000000000001","2020-10-16T14:45:30.52Z","AOI-552b9630-b106-4fe7-a1fa-97d04a0010ef",SecurityEvent,
"552b9630-b106-4fe7-a1fa-97d04a0010ef","2020-10-16T14:45:28.923Z",OpsManager,"AD\MHR-COM-4KJLZC2$",Machine,"WN73200.ad.providence.org","Microsoft-Windows-Security-Auditing",Security,12545,8,,4634,"4634 - An account was logged off.",,,,,,,,,,,,,,,,,,null,null,,,,null,,,,,,,,,,,,,,,,,,,,,,,,,,,,null,,,,,,,,,,,,,,,,,,,,null,,,,,,,,,,,3,"3 - Network",,,,,,,,,,,,,,,,,,,,,,,,,,,,,,,,,,,,,,,,,,,,,,,,,,,,,,,,,,,,,,,,,,,,,,,,,,null,,,,,,,,,,,,,,,,,,,,"AD\MHR-COM-4KJLZC2$",AD,,,,0x12a5ec517,,,,,,"MHR-COM-4KJLZC2$","S-1-5-21-1078081533-725345543-682003330-475006",,,,,,,,,,,,,,,,,"edcb625c-bbfa-4330-b8e0-39556d321ef7","e1e39a7c-9f50-431b-9315-35c5787fb6ef","00000000-0000-0000-0000-000000000001","2020-10-16T14:45:30.52Z","AOI-552b9630-b106-4fe7-a1fa-97d04a0010ef",SecurityEvent,
"552b9630-b106-4fe7-a1fa-97d04a0010ef","2020-10-16T14:45:28.923Z",OpsManager,"GRACESUPPORT\SysAdmin",User,"WN73200.ad.providence.org","Microsoft-Windows-Security-Auditing",Security,12544,8,,4624,"4624 - An account was successfully logged on.",,,,,,,,,,,,,,,,,,null,null,Kerberos,,,null,,,,,,,,,,,,,,,,,,,,,,,,,,,,null,,,,,,,,,,,,,,,,"%%1833",,"156.72.83.94",53029,0,"-",,,,,,"9e1da1c4-dd5d-ce30-93d0-9233e2a7c685",,,Kerberos,3,"3 - Network",,,,,,,,,,,,,,,,,,,,,,,,,,,,,,,,,,,,,,,,,,,,,,,,,"-",0x0,"-",,,,,,,,,,,,,,,,,,,,,,,null,,,,,,,"-\-",,,,"-",,0x0,,,"-","S-1-0-0",,,"GRACESUPPORT\SysAdmin",GRACESUPPORT,,,,0x12a5ec8a3,,,,,,SysAdmin,"S-1-5-21-1727216671-1110163928-1990356773-5522",,,,,,,,"-",,,,,,,,"-","edcb625c-bbfa-4330-b8e0-39556d321ef7","3028312f-f4a3-4ccc-b383-8725bbb4aefa","00000000-0000-0000-0000-000000000001","2020-10-16T14:45:30.52Z","AOI-552b9630-b106-4fe7-a1fa-97d04a0010ef",SecurityEvent,
"552b9630-b106-4fe7-a1fa-97d04a0010ef","2020-10-16T14:45:28.923Z",OpsManager,"AD\MaXI",User,"WN73200.ad.providence.org","Microsoft-Windows-Security-Auditing",Security,12544,8,,4624,"4624 - An account was successfully logged on.",,,,,,,,,,,,,,,,,,null,null,Kerberos,,,null,,,,,,,,,,,,,,,,,,,,,,,,,,,,null,,,,,,,,,,,,,,,,"%%1833",,"10.250.187.219",60093,0,"-",,,,,,"d571b44a-5a90-53a7-11aa-092e41c1f8d5",,,Kerberos,3,"3 - Network",,,,,,,,,,,,,,,,,,,,,,,,,,,,,,,,,,,,,,,,,,,,,,,,,"-",0x0,"-",,,,,,,,,,,,,,,,,,,,,,,null,,,,,,,"-\-",,,,"-",,0x0,,,"-","S-1-0-0",,,"AD\MaXI",AD,,,,0x12a5ec8b3,,,,,,MaXI,"S-1-5-21-1078081533-725345543-682003330-327146",,,,,,,,"-",,,,,,,,"-","edcb625c-bbfa-4330-b8e0-39556d321ef7","173516b5-710c-4c4f-8e95-27cc865777bd","00000000-0000-0000-0000-000000000001","2020-10-16T14:45:30.52Z","AOI-552b9630-b106-4fe7-a1fa-97d04a0010ef",SecurityEvent,
"552b9630-b106-4fe7-a1fa-97d04a0010ef","2020-10-16T14:45:28.923Z",OpsManager,"AD\MHR-COM-4KJLZC2$",Machine,"WN73200.ad.providence.org","Microsoft-Windows-Security-Auditing",Security,12545,8,,4634,"4634 - An account was logged off.",,,,,,,,,,,,,,,,,,null,null,,,,null,,,,,,,,,,,,,,,,,,,,,,,,,,,,null,,,,,,,,,,,,,,,,,,,,null,,,,,,,,,,,3,"3 - Network",,,,,,,,,,,,,,,,,,,,,,,,,,,,,,,,,,,,,,,,,,,,,,,,,,,,,,,,,,,,,,,,,,,,,,,,,,null,,,,,,,,,,,,,,,,,,,,"AD\MHR-COM-4KJLZC2$",AD,,,,0x12a5ec770,,,,,,"MHR-COM-4KJLZC2$","S-1-5-21-1078081533-725345543-682003330-475006",,,,,,,,,,,,,,,,,"edcb625c-bbfa-4330-b8e0-39556d321ef7","c3553b14-a59f-44fb-9092-05d85c681fc0","00000000-0000-0000-0000-000000000001","2020-10-16T14:45:30.52Z","AOI-552b9630-b106-4fe7-a1fa-97d04a0010ef",SecurityEvent,
"552b9630-b106-4fe7-a1fa-97d04a0010ef","2020-10-16T14:45:28.923Z",OpsManager,"AD\MaXI",User,"WN73200.ad.providence.org","Microsoft-Windows-Security-Auditing",Security,12545,8,,4634,"4634 - An account was logged off.",,,,,,,,,,,,,,,,,,null,null,,,,null,,,,,,,,,,,,,,,,,,,,,,,,,,,,null,,,,,,,,,,,,,,,,,,,,null,,,,,,,,,,,3,"3 - Network",,,,,,,,,,,,,,,,,,,,,,,,,,,,,,,,,,,,,,,,,,,,,,,,,,,,,,,,,,,,,,,,,,,,,,,,,,null,,,,,,,,,,,,,,,,,,,,"AD\MaXI",AD,,,,0x12a5ec8b3,,,,,,MaXI,"S-1-5-21-1078081533-725345543-682003330-327146",,,,,,,,,,,,,,,,,"edcb625c-bbfa-4330-b8e0-39556d321ef7","fe328d49-4f23-436b-926d-7dd010574ca2","00000000-0000-0000-0000-000000000001","2020-10-16T14:45:30.52Z","AOI-552b9630-b106-4fe7-a1fa-97d04a0010ef",SecurityEvent,
"552b9630-b106-4fe7-a1fa-97d04a0010ef","2020-10-16T14:45:28.923Z",OpsManager,"AD\SJO-CAR-H9L18M2$",Machine,"WN73200.ad.providence.org","Microsoft-Windows-Security-Auditing",Security,12544,8,,4624,"4624 - An account was successfully logged on.",,,,,,,,,,,,,,,,,,null,null,Kerberos,,,null,,,,,,,,,,,,,,,,,,,,,,,,,,,,null,,,,,,,,,,,,,,,,"%%1833",,"10.193.114.113",56529,0,"-",,,,,,"8b5c1d0a-97ed-1201-f60a-5079028d9bac",,,Kerberos,3,"3 - Network",,,,,,,,,,,,,,,,,,,,,,,,,,,,,,,,,,,,,,,,,,,,,,,,,"-",0x0,"-",,,,,,,,,,,,,,,,,,,,,,,null,,,,,,,"-\-",,,,"-",,0x0,,,"-","S-1-0-0",,,"AD\SJO-CAR-H9L18M2$",AD,,,,0x12a5ec8e4,,,,,,"SJO-CAR-H9L18M2$","S-1-5-21-1078081533-725345543-682003330-477706",,,,,,,,"-",,,,,,,,"-","edcb625c-bbfa-4330-b8e0-39556d321ef7","685a4a35-2afd-42d0-a05b-d9c93e5ef1b7","00000000-0000-0000-0000-000000000001","2020-10-16T14:45:30.52Z","AOI-552b9630-b106-4fe7-a1fa-97d04a0010ef",SecurityEvent,
"552b9630-b106-4fe7-a1fa-97d04a0010ef","2020-10-16T14:45:28.923Z",OpsManager,"SJHS-NT\abigail.estrada",User,"WN73200.ad.providence.org","Microsoft-Windows-Security-Auditing",Security,12545,8,,4634,"4634 - An account was logged off.",,,,,,,,,,,,,,,,,,null,null,,,,null,,,,,,,,,,,,,,,,,,,,,,,,,,,,null,,,,,,,,,,,,,,,,,,,,null,,,,,,,,,,,3,"3 - Network",,,,,,,,,,,,,,,,,,,,,,,,,,,,,,,,,,,,,,,,,,,,,,,,,,,,,,,,,,,,,,,,,,,,,,,,,,null,,,,,,,,,,,,,,,,,,,,"SJHS-NT\abigail.estrada","SJHS-NT",,,,0x12a5db1d0,,,,,,"abigail.estrada","S-1-5-21-798254582-200106796-1537874043-784632",,,,,,,,,,,,,,,,,"edcb625c-bbfa-4330-b8e0-39556d321ef7","1fc104dd-7bca-495b-ae08-34785252843e","00000000-0000-0000-0000-000000000001","2020-10-16T14:45:30.52Z","AOI-552b9630-b106-4fe7-a1fa-97d04a0010ef",SecurityEvent,
"552b9630-b106-4fe7-a1fa-97d04a0010ef","2020-10-16T14:45:28.953Z",OpsManager,"AD\SJO-CAR-H9L18M2$",Machine,"WN73200.ad.providence.org","Microsoft-Windows-Security-Auditing",Security,12545,8,,4634,"4634 - An account was logged off.",,,,,,,,,,,,,,,,,,null,null,,,,null,,,,,,,,,,,,,,,,,,,,,,,,,,,,null,,,,,,,,,,,,,,,,,,,,null,,,,,,,,,,,3,"3 - Network",,,,,,,,,,,,,,,,,,,,,,,,,,,,,,,,,,,,,,,,,,,,,,,,,,,,,,,,,,,,,,,,,,,,,,,,,,null,,,,,,,,,,,,,,,,,,,,"AD\SJO-CAR-H9L18M2$",AD,,,,0x12a5ec5cd,,,,,,"SJO-CAR-H9L18M2$","S-1-5-21-1078081533-725345543-682003330-477706",,,,,,,,,,,,,,,,,"edcb625c-bbfa-4330-b8e0-39556d321ef7","913fca6c-4bf6-4c99-8a38-1869fb01810d","00000000-0000-0000-0000-000000000001","2020-10-16T14:45:30.52Z","AOI-552b9630-b106-4fe7-a1fa-97d04a0010ef",SecurityEvent,
"552b9630-b106-4fe7-a1fa-97d04a0010ef","2020-10-16T14:45:28.953Z",OpsManager,,,"WN73200.ad.providence.org","Microsoft-Windows-Security-Auditing",Security,14339,8,"<EventData xmlns=""http://schemas.microsoft.com/win/2004/08/events/event"">
  <Data Name=""TargetUserName"">FranklinJ1</Data>
  <Data Name=""TargetDomainName"">ad.providence.org</Data>
  <Data Name=""TargetSid"">S-1-5-21-1078081533-725345543-682003330-339470</Data>
  <Data Name=""ServiceName"">krbtgt</Data>
  <Data Name=""ServiceSid"">S-1-5-21-1078081533-725345543-682003330-502</Data>
  <Data Name=""TicketOptions"">0x40810010</Data>
  <Data Name=""Status"">0x0</Data>
  <Data Name=""TicketEncryptionType"">0x12</Data>
  <Data Name=""PreAuthType"">2</Data>
  <Data Name=""IpAddress"">::ffff:10.249.3.144</Data>
  <Data Name=""IpPort"">62937</Data>
  <Data Name=""CertIssuerName""></Data>
  <Data Name=""CertSerialNumber""></Data>
  <Data Name=""CertThumbprint""></Data>
</EventData>",4768,"4768 - A Kerberos authentication ticket (TGT) was requested.",,,,,,,,,,,,,,,,,,null,null,,,,null,,,,,,,,,,,,,,,,,,,,,,,,,,,,null,,,,,,,,,,,,,,,,,,"::ffff:10.249.3.144",62937,null,,,,,,,,,,,null,,,,,,,,,,,,,,,,,,,,,,,,,,,,,,,,,,,,,,,,,,,,,,,,,,,,,,,,,,,,,,,,,,,,,,,,,,krbtgt,null,,,,,,0x0,,,,,,,,,,,,,,"ad.providence.org\FranklinJ1","ad.providence.org",,,,,,,,"S-1-5-21-1078081533-725345543-682003330-339470",,FranklinJ1,,,,,,,,,,,,,,,,,,"edcb625c-bbfa-4330-b8e0-39556d321ef7","5f73ced2-83cd-4749-92e6-57ea33610e82","00000000-0000-0000-0000-000000000001","2020-10-16T14:45:30.52Z","AOI-552b9630-b106-4fe7-a1fa-97d04a0010ef",SecurityEvent,
"552b9630-b106-4fe7-a1fa-97d04a0010ef","2020-10-16T14:45:28.953Z",OpsManager,"AD\SJO-CAR-H9L18M2$",Machine,"WN73200.ad.providence.org","Microsoft-Windows-Security-Auditing",Security,12545,8,,4634,"4634 - An account was logged off.",,,,,,,,,,,,,,,,,,null,null,,,,null,,,,,,,,,,,,,,,,,,,,,,,,,,,,null,,,,,,,,,,,,,,,,,,,,null,,,,,,,,,,,3,"3 - Network",,,,,,,,,,,,,,,,,,,,,,,,,,,,,,,,,,,,,,,,,,,,,,,,,,,,,,,,,,,,,,,,,,,,,,,,,,null,,,,,,,,,,,,,,,,,,,,"AD\SJO-CAR-H9L18M2$",AD,,,,0x12a5ec8e4,,,,,,"SJO-CAR-H9L18M2$","S-1-5-21-1078081533-725345543-682003330-477706",,,,,,,,,,,,,,,,,"edcb625c-bbfa-4330-b8e0-39556d321ef7","5072c827-7b8c-4e3f-8318-d3e1fe0505b6","00000000-0000-0000-0000-000000000001","2020-10-16T14:45:30.52Z","AOI-552b9630-b106-4fe7-a1fa-97d04a0010ef",SecurityEvent,
"552b9630-b106-4fe7-a1fa-97d04a0010ef","2020-10-16T14:45:28.97Z",OpsManager,,,"WN73200.ad.providence.org","Microsoft-Windows-Security-Auditing",Security,14339,8,"<EventData xmlns=""http://schemas.microsoft.com/win/2004/08/events/event"">
  <Data Name=""TargetUserName"">FranklinJ1</Data>
  <Data Name=""TargetDomainName"">AD.PROVIDENCE.ORG</Data>
  <Data Name=""TargetSid"">S-1-5-21-1078081533-725345543-682003330-339470</Data>
  <Data Name=""ServiceName"">krbtgt</Data>
  <Data Name=""ServiceSid"">S-1-5-21-1078081533-725345543-682003330-502</Data>
  <Data Name=""TicketOptions"">0x40810010</Data>
  <Data Name=""Status"">0x0</Data>
  <Data Name=""TicketEncryptionType"">0x12</Data>
  <Data Name=""PreAuthType"">2</Data>
  <Data Name=""IpAddress"">::ffff:10.249.3.164</Data>
  <Data Name=""IpPort"">51705</Data>
  <Data Name=""CertIssuerName""></Data>
  <Data Name=""CertSerialNumber""></Data>
  <Data Name=""CertThumbprint""></Data>
</EventData>",4768,"4768 - A Kerberos authentication ticket (TGT) was requested.",,,,,,,,,,,,,,,,,,null,null,,,,null,,,,,,,,,,,,,,,,,,,,,,,,,,,,null,,,,,,,,,,,,,,,,,,"::ffff:10.249.3.164",51705,null,,,,,,,,,,,null,,,,,,,,,,,,,,,,,,,,,,,,,,,,,,,,,,,,,,,,,,,,,,,,,,,,,,,,,,,,,,,,,,,,,,,,,,krbtgt,null,,,,,,0x0,,,,,,,,,,,,,,"AD.PROVIDENCE.ORG\FranklinJ1","AD.PROVIDENCE.ORG",,,,,,,,"S-1-5-21-1078081533-725345543-682003330-339470",,FranklinJ1,,,,,,,,,,,,,,,,,,"edcb625c-bbfa-4330-b8e0-39556d321ef7","dd7d6c7f-33b6-445d-8d19-9f038742329f","00000000-0000-0000-0000-000000000001","2020-10-16T14:45:30.52Z","AOI-552b9630-b106-4fe7-a1fa-97d04a0010ef",SecurityEvent,
"552b9630-b106-4fe7-a1fa-97d04a0010ef","2020-10-16T14:45:28.97Z",OpsManager,,,"WN73200.ad.providence.org","Microsoft-Windows-Security-Auditing",Security,14339,8,"<EventData xmlns=""http://schemas.microsoft.com/win/2004/08/events/event"">
  <Data Name=""TargetUserName"">FranklinJ1</Data>
  <Data Name=""TargetDomainName"">AD.PROVIDENCE.ORG</Data>
  <Data Name=""TargetSid"">S-1-5-21-1078081533-725345543-682003330-339470</Data>
  <Data Name=""ServiceName"">krbtgt</Data>
  <Data Name=""ServiceSid"">S-1-5-21-1078081533-725345543-682003330-502</Data>
  <Data Name=""TicketOptions"">0x40810010</Data>
  <Data Name=""Status"">0x0</Data>
  <Data Name=""TicketEncryptionType"">0x12</Data>
  <Data Name=""PreAuthType"">2</Data>
  <Data Name=""IpAddress"">::ffff:10.249.3.165</Data>
  <Data Name=""IpPort"">52058</Data>
  <Data Name=""CertIssuerName""></Data>
  <Data Name=""CertSerialNumber""></Data>
  <Data Name=""CertThumbprint""></Data>
</EventData>",4768,"4768 - A Kerberos authentication ticket (TGT) was requested.",,,,,,,,,,,,,,,,,,null,null,,,,null,,,,,,,,,,,,,,,,,,,,,,,,,,,,null,,,,,,,,,,,,,,,,,,"::ffff:10.249.3.165",52058,null,,,,,,,,,,,null,,,,,,,,,,,,,,,,,,,,,,,,,,,,,,,,,,,,,,,,,,,,,,,,,,,,,,,,,,,,,,,,,,,,,,,,,,krbtgt,null,,,,,,0x0,,,,,,,,,,,,,,"AD.PROVIDENCE.ORG\FranklinJ1","AD.PROVIDENCE.ORG",,,,,,,,"S-1-5-21-1078081533-725345543-682003330-339470",,FranklinJ1,,,,,,,,,,,,,,,,,,"edcb625c-bbfa-4330-b8e0-39556d321ef7","d1b4627b-a037-40d6-b4b1-38f955952694","00000000-0000-0000-0000-000000000001","2020-10-16T14:45:30.52Z","AOI-552b9630-b106-4fe7-a1fa-97d04a0010ef",SecurityEvent,
"552b9630-b106-4fe7-a1fa-97d04a0010ef","2020-10-16T14:45:28.97Z",OpsManager,,,"WN73200.ad.providence.org","Microsoft-Windows-Security-Auditing",Security,12544,16,"<EventData xmlns=""http://schemas.microsoft.com/win/2004/08/events/event"">
  <Data Name=""TargetUserSid"">S-1-5-21-798254582-200106796-1537874043-346044</Data>
  <Data Name=""TargetUserName"">-</Data>
  <Data Name=""TargetDomainName"">-</Data>
  <Data Name=""TdoDirection"">2</Data>
  <Data Name=""TdoAttributes"">8</Data>
  <Data Name=""TdoType"">2</Data>
  <Data Name=""TdoSid"">S-1-5-21-798254582-200106796-1537874043</Data>
  <Data Name=""SidList""> 		%{S-1-5-21-379607110-125704906-1236795852-513} 		%{S-1-5-21-422978413-2066309399-315576832-513} 		%{S-1-5-21-1078081533-1844237615-1417001333-23833} 		%{S-1-5-21-1078081533-1844237615-1417001333-34773} 		%{S-1-5-21-1078081533-1844237615-1417001333-55534} 		%{S-1-5-21-1078081533-1844237615-1417001333-21015}</Data>
</EventData>",4675,"4675 - SIDs were filtered.",,,,,,,,,,,,,,,,,,null,null,,,,null,,,,,,,,,,,,,,,,,,,,,,,,,,,,null,,,,,,,,,,,,,,,,,,,,null,,,,,,,,,,,null,,,,,,,,,,,,,,,,,,,,,,,,,,,,,,,,,,,,,,,,,,,,,,,,,,,,,,,,,,,,,,,,,,,,,,,,,,,null,,,,,,,,,,,,,,,,,,,,"-\-","-",,,,,,,,,,"-","S-1-5-21-798254582-200106796-1537874043-346044",,,,,,,,,,,,,,,,,"edcb625c-bbfa-4330-b8e0-39556d321ef7","33bfabd7-4ad1-4f28-b6e8-5eac8ce89648","00000000-0000-0000-0000-000000000001","2020-10-16T14:45:30.52Z","AOI-552b9630-b106-4fe7-a1fa-97d04a0010ef",SecurityEvent,
"552b9630-b106-4fe7-a1fa-97d04a0010ef","2020-10-16T14:45:28.987Z",OpsManager,,,"WN73200.ad.providence.org","Microsoft-Windows-Security-Auditing",Security,14339,8,"<EventData xmlns=""http://schemas.microsoft.com/win/2004/08/events/event"">
  <Data Name=""TargetUserName"">FranklinJ1</Data>
  <Data Name=""TargetDomainName"">ad.providence.org</Data>
  <Data Name=""TargetSid"">S-1-5-21-1078081533-725345543-682003330-339470</Data>
  <Data Name=""ServiceName"">krbtgt</Data>
  <Data Name=""ServiceSid"">S-1-5-21-1078081533-725345543-682003330-502</Data>
  <Data Name=""TicketOptions"">0x40810010</Data>
  <Data Name=""Status"">0x0</Data>
  <Data Name=""TicketEncryptionType"">0x12</Data>
  <Data Name=""PreAuthType"">2</Data>
  <Data Name=""IpAddress"">::ffff:10.249.3.139</Data>
  <Data Name=""IpPort"">64557</Data>
  <Data Name=""CertIssuerName""></Data>
  <Data Name=""CertSerialNumber""></Data>
  <Data Name=""CertThumbprint""></Data>
</EventData>",4768,"4768 - A Kerberos authentication ticket (TGT) was requested.",,,,,,,,,,,,,,,,,,null,null,,,,null,,,,,,,,,,,,,,,,,,,,,,,,,,,,null,,,,,,,,,,,,,,,,,,"::ffff:10.249.3.139",64557,null,,,,,,,,,,,null,,,,,,,,,,,,,,,,,,,,,,,,,,,,,,,,,,,,,,,,,,,,,,,,,,,,,,,,,,,,,,,,,,,,,,,,,,krbtgt,null,,,,,,0x0,,,,,,,,,,,,,,"ad.providence.org\FranklinJ1","ad.providence.org",,,,,,,,"S-1-5-21-1078081533-725345543-682003330-339470",,FranklinJ1,,,,,,,,,,,,,,,,,,"edcb625c-bbfa-4330-b8e0-39556d321ef7","45d9f556-8d60-402c-a8e2-2f34bdb0eedc","00000000-0000-0000-0000-000000000001","2020-10-16T14:45:30.52Z","AOI-552b9630-b106-4fe7-a1fa-97d04a0010ef",SecurityEvent,
"552b9630-b106-4fe7-a1fa-97d04a0010ef","2020-10-16T14:45:28.987Z",OpsManager,,,"WN73200.ad.providence.org","Microsoft-Windows-Security-Auditing",Security,12544,16,"<EventData xmlns=""http://schemas.microsoft.com/win/2004/08/events/event"">
  <Data Name=""TargetUserSid"">S-1-5-21-798254582-200106796-1537874043-346044</Data>
  <Data Name=""TargetUserName"">-</Data>
  <Data Name=""TargetDomainName"">-</Data>
  <Data Name=""TdoDirection"">2</Data>
  <Data Name=""TdoAttributes"">8</Data>
  <Data Name=""TdoType"">2</Data>
  <Data Name=""TdoSid"">S-1-5-21-798254582-200106796-1537874043</Data>
  <Data Name=""SidList""> 		%{S-1-5-21-379607110-125704906-1236795852-513} 		%{S-1-5-21-422978413-2066309399-315576832-513} 		%{S-1-5-21-1078081533-1844237615-1417001333-23833} 		%{S-1-5-21-1078081533-1844237615-1417001333-34773} 		%{S-1-5-21-1078081533-1844237615-1417001333-55534} 		%{S-1-5-21-1078081533-1844237615-1417001333-21015}</Data>
</EventData>",4675,"4675 - SIDs were filtered.",,,,,,,,,,,,,,,,,,null,null,,,,null,,,,,,,,,,,,,,,,,,,,,,,,,,,,null,,,,,,,,,,,,,,,,,,,,null,,,,,,,,,,,null,,,,,,,,,,,,,,,,,,,,,,,,,,,,,,,,,,,,,,,,,,,,,,,,,,,,,,,,,,,,,,,,,,,,,,,,,,,null,,,,,,,,,,,,,,,,,,,,"-\-","-",,,,,,,,,,"-","S-1-5-21-798254582-200106796-1537874043-346044",,,,,,,,,,,,,,,,,"edcb625c-bbfa-4330-b8e0-39556d321ef7","648d7f52-166a-45dc-a095-9fa5e00b7bed","00000000-0000-0000-0000-000000000001","2020-10-16T14:45:30.52Z","AOI-552b9630-b106-4fe7-a1fa-97d04a0010ef",SecurityEvent,
"552b9630-b106-4fe7-a1fa-97d04a0010ef","2020-10-16T14:45:28.987Z",OpsManager,"AD\MHR-COM-4KJLZC2$",Machine,"WN73200.ad.providence.org","Microsoft-Windows-Security-Auditing",Security,12544,8,,4624,"4624 - An account was successfully logged on.",,,,,,,,,,,,,,,,,,null,null,Kerberos,,,null,,,,,,,,,,,,,,,,,,,,,,,,,,,,null,,,,,,,,,,,,,,,,"%%1833",,"10.187.142.248",52016,0,"-",,,,,,"6e768dcf-cf72-69ab-7f75-c8825031a1b6",,,Kerberos,3,"3 - Network",,,,,,,,,,,,,,,,,,,,,,,,,,,,,,,,,,,,,,,,,,,,,,,,,"-",0x0,"-",,,,,,,,,,,,,,,,,,,,,,,null,,,,,,,"-\-",,,,"-",,0x0,,,"-","S-1-0-0",,,"AD\MHR-COM-4KJLZC2$",AD,,,,0x12a5ec997,,,,,,"MHR-COM-4KJLZC2$","S-1-5-21-1078081533-725345543-682003330-475006",,,,,,,,"-",,,,,,,,"-","edcb625c-bbfa-4330-b8e0-39556d321ef7","693ae9f7-87c4-4098-984d-2eb47c0b5edf","00000000-0000-0000-0000-000000000001","2020-10-16T14:45:30.52Z","AOI-552b9630-b106-4fe7-a1fa-97d04a0010ef",SecurityEvent,
"552b9630-b106-4fe7-a1fa-97d04a0010ef","2020-10-16T14:45:29Z",OpsManager,,,"WN73200.ad.providence.org","Microsoft-Windows-Security-Auditing",Security,14336,8,"<EventData xmlns=""http://schemas.microsoft.com/win/2004/08/events/event"">
  <Data Name=""PackageName"">MICROSOFT_AUTHENTICATION_PACKAGE_V1_0</Data>
  <Data Name=""TargetUserName"">TAINGSL</Data>
  <Data Name=""Workstation"">CTXXAP6A553-VP</Data>
  <Data Name=""Status"">0x0</Data>
</EventData>",4776,"4776 - The domain controller attempted to validate the credentials for an account.",,,,,,,,,,,,,,,,,,null,null,,,,null,,,,,,,,,,,,,,,,,,,,,,,,,,,,null,,,,,,,,,,,,,,,,,,,,null,,,,,,,,,,,null,,,,,,,,,,,,,,,,,,,,,,,,,,,,,,,,,,,,,,,,"MICROSOFT_AUTHENTICATION_PACKAGE_V1_0",,,,,,,,,,,,,,,,,,,,,,,,,,,,,,,,,,,null,,,,,,0x0,,,,,,,,,,,,,,TAINGSL,,,,,,,,,,,TAINGSL,,,,,,,,,,,,,,,,"CTXXAP6A553-VP",,"edcb625c-bbfa-4330-b8e0-39556d321ef7","0765f3eb-66a4-4df9-b559-6529d89033ea","00000000-0000-0000-0000-000000000001","2020-10-16T14:45:30.52Z","AOI-552b9630-b106-4fe7-a1fa-97d04a0010ef",SecurityEvent,
"552b9630-b106-4fe7-a1fa-97d04a0010ef","2020-10-16T14:45:29Z",OpsManager,"AD\XDLVS1570027$",Machine,"WN73200.ad.providence.org","Microsoft-Windows-Security-Auditing",Security,12545,8,,4634,"4634 - An account was logged off.",,,,,,,,,,,,,,,,,,null,null,,,,null,,,,,,,,,,,,,,,,,,,,,,,,,,,,null,,,,,,,,,,,,,,,,,,,,null,,,,,,,,,,,3,"3 - Network",,,,,,,,,,,,,,,,,,,,,,,,,,,,,,,,,,,,,,,,,,,,,,,,,,,,,,,,,,,,,,,,,,,,,,,,,,null,,,,,,,,,,,,,,,,,,,,"AD\XDLVS1570027$",AD,,,,0x12a5db5b2,,,,,,"XDLVS1570027$","S-1-5-21-1078081533-725345543-682003330-542219",,,,,,,,,,,,,,,,,"edcb625c-bbfa-4330-b8e0-39556d321ef7","5d120b39-4032-46ed-b8ce-37c490904d00","00000000-0000-0000-0000-000000000001","2020-10-16T14:45:30.52Z","AOI-552b9630-b106-4fe7-a1fa-97d04a0010ef",SecurityEvent,
"552b9630-b106-4fe7-a1fa-97d04a0010ef","2020-10-16T14:45:29Z",OpsManager,"AD\MHR-LAB-CPKRND2$",Machine,"WN73200.ad.providence.org","Microsoft-Windows-Security-Auditing",Security,12544,8,,4624,"4624 - An account was successfully logged on.",,,,,,,,,,,,,,,,,,null,null,Kerberos,,,null,,,,,,,,,,,,,,,,,,,,,,,,,,,,null,,,,,,,,,,,,,,,,"%%1833",,"10.187.25.247",53635,0,"-",,,,,,"24670b29-788a-4a79-65b4-71e14db37225",,,Kerberos,3,"3 - Network",,,,,,,,,,,,,,,,,,,,,,,,,,,,,,,,,,,,,,,,,,,,,,,,,"-",0x0,"-",,,,,,,,,,,,,,,,,,,,,,,null,,,,,,,"-\-",,,,"-",,0x0,,,"-","S-1-0-0",,,"AD\MHR-LAB-CPKRND2$",AD,,,,0x12a5ec9c7,,,,,,"MHR-LAB-CPKRND2$","S-1-5-21-1078081533-725345543-682003330-473374",,,,,,,,"-",,,,,,,,"-","edcb625c-bbfa-4330-b8e0-39556d321ef7","c2ad6a31-ad11-4394-be89-ae17b439a8c9","00000000-0000-0000-0000-000000000001","2020-10-16T14:45:30.52Z","AOI-552b9630-b106-4fe7-a1fa-97d04a0010ef",SecurityEvent,
"552b9630-b106-4fe7-a1fa-97d04a0010ef","2020-10-16T14:45:29Z",OpsManager,"AD\LOT1",User,"WN73200.ad.providence.org","Microsoft-Windows-Security-Auditing",Security,12544,8,,4624,"4624 - An account was successfully logged on.",,,,,,,,,,,,,,,,,,null,null,Kerberos,,,null,,,,,,,,,,,,,,,,,,,,,,,,,,,,null,,,,,,,,,,,,,,,,"%%1840",,"10.194.84.251",59364,0,"-",,,,,,"4351c95e-4a58-dd89-338c-499cd61fa3be",,,Kerberos,3,"3 - Network",,,,,,,,,,,,,,,,,,,,,,,,,,,,,,,,,,,,,,,,,,,,,,,,,"-",0x0,"-",,,,,,,,,,,,,,,,,,,,,,,null,,,,,,,"-\-",,,,"-",,0x0,,,"-","S-1-0-0",,,"AD\LOT1",AD,,,,0x12a5ec9e2,,,,,,LOT1,"S-1-5-21-1078081533-725345543-682003330-355200",,,,,,,,"-",,,,,,,,"-","edcb625c-bbfa-4330-b8e0-39556d321ef7","0bbd06db-6adb-4f8a-8bed-18d766373606","00000000-0000-0000-0000-000000000001","2020-10-16T14:45:30.52Z","AOI-552b9630-b106-4fe7-a1fa-97d04a0010ef",SecurityEvent,
"552b9630-b106-4fe7-a1fa-97d04a0010ef","2020-10-16T14:45:29Z",OpsManager,"AD\SJO-CAR-H9L18M2$",Machine,"WN73200.ad.providence.org","Microsoft-Windows-Security-Auditing",Security,12544,8,,4624,"4624 - An account was successfully logged on.",,,,,,,,,,,,,,,,,,null,null,Kerberos,,,null,,,,,,,,,,,,,,,,,,,,,,,,,,,,null,,,,,,,,,,,,,,,,"%%1833",,"10.193.114.113",56530,0,"-",,,,,,"8b5c1d0a-97ed-1201-f60a-5079028d9bac",,,Kerberos,3,"3 - Network",,,,,,,,,,,,,,,,,,,,,,,,,,,,,,,,,,,,,,,,,,,,,,,,,"-",0x0,"-",,,,,,,,,,,,,,,,,,,,,,,null,,,,,,,"-\-",,,,"-",,0x0,,,"-","S-1-0-0",,,"AD\SJO-CAR-H9L18M2$",AD,,,,0x12a5ec9f0,,,,,,"SJO-CAR-H9L18M2$","S-1-5-21-1078081533-725345543-682003330-477706",,,,,,,,"-",,,,,,,,"-","edcb625c-bbfa-4330-b8e0-39556d321ef7","171ad6b8-c10b-495a-b111-693d6802ca30","00000000-0000-0000-0000-000000000001","2020-10-16T14:45:30.52Z","AOI-552b9630-b106-4fe7-a1fa-97d04a0010ef",SecurityEvent,
"552b9630-b106-4fe7-a1fa-97d04a0010ef","2020-10-16T14:45:29.017Z",OpsManager,"AD\HHF-DMC-5VLXG13$",Machine,"WN73200.ad.providence.org","Microsoft-Windows-Security-Auditing",Security,12545,8,,4634,"4634 - An account was logged off.",,,,,,,,,,,,,,,,,,null,null,,,,null,,,,,,,,,,,,,,,,,,,,,,,,,,,,null,,,,,,,,,,,,,,,,,,,,null,,,,,,,,,,,3,"3 - Network",,,,,,,,,,,,,,,,,,,,,,,,,,,,,,,,,,,,,,,,,,,,,,,,,,,,,,,,,,,,,,,,,,,,,,,,,,null,,,,,,,,,,,,,,,,,,,,"AD\HHF-DMC-5VLXG13$",AD,,,,0x12a5db6c9,,,,,,"HHF-DMC-5VLXG13$","S-1-5-21-1078081533-725345543-682003330-536122",,,,,,,,,,,,,,,,,"edcb625c-bbfa-4330-b8e0-39556d321ef7","d34934fa-0e27-4d92-93b2-11030b7a2067","00000000-0000-0000-0000-000000000001","2020-10-16T14:45:30.52Z","AOI-552b9630-b106-4fe7-a1fa-97d04a0010ef",SecurityEvent,
"552b9630-b106-4fe7-a1fa-97d04a0010ef","2020-10-16T14:45:29.017Z",OpsManager,"AD\MHR-LAB-3V7KXV1$",Machine,"WN73200.ad.providence.org","Microsoft-Windows-Security-Auditing",Security,12545,8,,4634,"4634 - An account was logged off.",,,,,,,,,,,,,,,,,,null,null,,,,null,,,,,,,,,,,,,,,,,,,,,,,,,,,,null,,,,,,,,,,,,,,,,,,,,null,,,,,,,,,,,3,"3 - Network",,,,,,,,,,,,,,,,,,,,,,,,,,,,,,,,,,,,,,,,,,,,,,,,,,,,,,,,,,,,,,,,,,,,,,,,,,null,,,,,,,,,,,,,,,,,,,,"AD\MHR-LAB-3V7KXV1$",AD,,,,0x12a5e63ab,,,,,,"MHR-LAB-3V7KXV1$","S-1-5-21-1078081533-725345543-682003330-474309",,,,,,,,,,,,,,,,,"edcb625c-bbfa-4330-b8e0-39556d321ef7","543cd8c5-a8b9-4dc0-b22a-48c62dcda6f3","00000000-0000-0000-0000-000000000001","2020-10-16T14:45:30.52Z","AOI-552b9630-b106-4fe7-a1fa-97d04a0010ef",SecurityEvent,
"552b9630-b106-4fe7-a1fa-97d04a0010ef","2020-10-16T14:45:29.017Z",OpsManager,"AD\XDLVS1470548$",Machine,"WN73200.ad.providence.org","Microsoft-Windows-Security-Auditing",Security,12544,8,,4624,"4624 - An account was successfully logged on.",,,,,,,,,,,,,,,,,,null,null,Kerberos,,,null,,,,,,,,,,,,,,,,,,,,,,,,,,,,null,,,,,,,,,,,,,,,,"%%1840",,"10.184.25.213",57773,0,"-",,,,,,"92cda301-9635-f228-d162-c4e06931f929",,,Kerberos,3,"3 - Network",,,,,,,,,,,,,,,,,,,,,,,,,,,,,,,,,,,,,,,,,,,,,,,,,"-",0x0,"-",,,,,,,,,,,,,,,,,,,,,,,null,,,,,,,"-\-",,,,"-",,0x0,,,"-","S-1-0-0",,,"AD\XDLVS1470548$",AD,,,,0x12a5eca40,,,,,,"XDLVS1470548$","S-1-5-21-1078081533-725345543-682003330-546297",,,,,,,,"-",,,,,,,,"-","edcb625c-bbfa-4330-b8e0-39556d321ef7","8b6546dd-04b2-4bac-acab-dddbf15c7649","00000000-0000-0000-0000-000000000001","2020-10-16T14:45:30.52Z","AOI-552b9630-b106-4fe7-a1fa-97d04a0010ef",SecurityEvent,
"552b9630-b106-4fe7-a1fa-97d04a0010ef","2020-10-16T14:45:29.017Z",OpsManager,"AD\XDLVS1470573$",Machine,"WN73200.ad.providence.org","Microsoft-Windows-Security-Auditing",Security,12545,8,,4634,"4634 - An account was logged off.",,,,,,,,,,,,,,,,,,null,null,,,,null,,,,,,,,,,,,,,,,,,,,,,,,,,,,null,,,,,,,,,,,,,,,,,,,,null,,,,,,,,,,,3,"3 - Network",,,,,,,,,,,,,,,,,,,,,,,,,,,,,,,,,,,,,,,,,,,,,,,,,,,,,,,,,,,,,,,,,,,,,,,,,,null,,,,,,,,,,,,,,,,,,,,"AD\XDLVS1470573$",AD,,,,0x12a5b41cb,,,,,,"XDLVS1470573$","S-1-5-21-1078081533-725345543-682003330-546322",,,,,,,,,,,,,,,,,"edcb625c-bbfa-4330-b8e0-39556d321ef7","dc6bd07e-b968-4f1b-8a3a-8c48dc17fc25","00000000-0000-0000-0000-000000000001","2020-10-16T14:45:30.52Z","AOI-552b9630-b106-4fe7-a1fa-97d04a0010ef",SecurityEvent,
"552b9630-b106-4fe7-a1fa-97d04a0010ef","2020-10-16T14:45:29.033Z",OpsManager,"AD\MHR-MPT-4KVJZC2$",Machine,"WN73200.ad.providence.org","Microsoft-Windows-Security-Auditing",Security,12545,8,,4634,"4634 - An account was logged off.",,,,,,,,,,,,,,,,,,null,null,,,,null,,,,,,,,,,,,,,,,,,,,,,,,,,,,null,,,,,,,,,,,,,,,,,,,,null,,,,,,,,,,,3,"3 - Network",,,,,,,,,,,,,,,,,,,,,,,,,,,,,,,,,,,,,,,,,,,,,,,,,,,,,,,,,,,,,,,,,,,,,,,,,,null,,,,,,,,,,,,,,,,,,,,"AD\MHR-MPT-4KVJZC2$",AD,,,,0x12a5d7106,,,,,,"MHR-MPT-4KVJZC2$","S-1-5-21-1078081533-725345543-682003330-495912",,,,,,,,,,,,,,,,,"edcb625c-bbfa-4330-b8e0-39556d321ef7","831d06ae-7646-482d-a6d2-067e0009a9dd","00000000-0000-0000-0000-000000000001","2020-10-16T14:45:30.52Z","AOI-552b9630-b106-4fe7-a1fa-97d04a0010ef",SecurityEvent,
"552b9630-b106-4fe7-a1fa-97d04a0010ef","2020-10-16T14:45:29.033Z",OpsManager,"AD\XDLVS1270542$",Machine,"WN73200.ad.providence.org","Microsoft-Windows-Security-Auditing",Security,12544,8,,4624,"4624 - An account was successfully logged on.",,,,,,,,,,,,,,,,,,null,null,Kerberos,,,null,,,,,,,,,,,,,,,,,,,,,,,,,,,,null,,,,,,,,,,,,,,,,"%%1840",,"10.184.5.143",57459,0,"-",,,,,,"347e60f2-3f4b-cdae-9e89-d22277317a09",,,Kerberos,3,"3 - Network",,,,,,,,,,,,,,,,,,,,,,,,,,,,,,,,,,,,,,,,,,,,,,,,,"-",0x0,"-",,,,,,,,,,,,,,,,,,,,,,,null,,,,,,,"-\-",,,,"-",,0x0,,,"-","S-1-0-0",,,"AD\XDLVS1270542$",AD,,,,0x12a5ecc95,,,,,,"XDLVS1270542$","S-1-5-21-1078081533-725345543-682003330-502982",,,,,,,,"-",,,,,,,,"-","edcb625c-bbfa-4330-b8e0-39556d321ef7","536f03b6-778c-4a88-b93f-89bceb985c0d","00000000-0000-0000-0000-000000000001","2020-10-16T14:45:30.52Z","AOI-552b9630-b106-4fe7-a1fa-97d04a0010ef",SecurityEvent,
"552b9630-b106-4fe7-a1fa-97d04a0010ef","2020-10-16T14:45:29.05Z",OpsManager,"AD\MHR-LAB-3V7KXV1$",Machine,"WN73200.ad.providence.org","Microsoft-Windows-Security-Auditing",Security,12544,8,,4624,"4624 - An account was successfully logged on.",,,,,,,,,,,,,,,,,,null,null,Kerberos,,,null,,,,,,,,,,,,,,,,,,,,,,,,,,,,null,,,,,,,,,,,,,,,,"%%1833",,"10.187.25.213",52936,0,"-",,,,,,"84658b1a-2625-6115-986b-5fe435a38dcb",,,Kerberos,3,"3 - Network",,,,,,,,,,,,,,,,,,,,,,,,,,,,,,,,,,,,,,,,,,,,,,,,,"-",0x0,"-",,,,,,,,,,,,,,,,,,,,,,,null,,,,,,,"-\-",,,,"-",,0x0,,,"-","S-1-0-0",,,"AD\MHR-LAB-3V7KXV1$",AD,,,,0x12a5ecd49,,,,,,"MHR-LAB-3V7KXV1$","S-1-5-21-1078081533-725345543-682003330-474309",,,,,,,,"-",,,,,,,,"-","edcb625c-bbfa-4330-b8e0-39556d321ef7","175db1ba-2158-4e37-96fc-ea37de25d9b3","00000000-0000-0000-0000-000000000001","2020-10-16T14:45:30.52Z","AOI-552b9630-b106-4fe7-a1fa-97d04a0010ef",SecurityEvent,
"552b9630-b106-4fe7-a1fa-97d04a0010ef","2020-10-16T14:45:29.05Z",OpsManager,,,"WN73200.ad.providence.org","Microsoft-Windows-Security-Auditing",Security,12544,16,"<EventData xmlns=""http://schemas.microsoft.com/win/2004/08/events/event"">
  <Data Name=""TargetUserSid"">S-1-5-21-798254582-200106796-1537874043-426032</Data>
  <Data Name=""TargetUserName"">-</Data>
  <Data Name=""TargetDomainName"">-</Data>
  <Data Name=""TdoDirection"">2</Data>
  <Data Name=""TdoAttributes"">8</Data>
  <Data Name=""TdoType"">2</Data>
  <Data Name=""TdoSid"">S-1-5-21-798254582-200106796-1537874043</Data>
  <Data Name=""SidList""> 		%{S-1-5-21-379607110-125704906-1236795852-513} 		%{S-1-5-21-422978413-2066309399-315576832-513}</Data>
</EventData>",4675,"4675 - SIDs were filtered.",,,,,,,,,,,,,,,,,,null,null,,,,null,,,,,,,,,,,,,,,,,,,,,,,,,,,,null,,,,,,,,,,,,,,,,,,,,null,,,,,,,,,,,null,,,,,,,,,,,,,,,,,,,,,,,,,,,,,,,,,,,,,,,,,,,,,,,,,,,,,,,,,,,,,,,,,,,,,,,,,,,null,,,,,,,,,,,,,,,,,,,,"-\-","-",,,,,,,,,,"-","S-1-5-21-798254582-200106796-1537874043-426032",,,,,,,,,,,,,,,,,"edcb625c-bbfa-4330-b8e0-39556d321ef7","846bdfb0-f7bf-47a4-becb-ecd2c44c8429","00000000-0000-0000-0000-000000000001","2020-10-16T14:45:30.52Z","AOI-552b9630-b106-4fe7-a1fa-97d04a0010ef",SecurityEvent,
"552b9630-b106-4fe7-a1fa-97d04a0010ef","2020-10-16T14:45:29.05Z",OpsManager,,,"WN73200.ad.providence.org","Microsoft-Windows-Security-Auditing",Security,12544,16,"<EventData xmlns=""http://schemas.microsoft.com/win/2004/08/events/event"">
  <Data Name=""TargetUserSid"">S-1-5-21-798254582-200106796-1537874043-426032</Data>
  <Data Name=""TargetUserName"">-</Data>
  <Data Name=""TargetDomainName"">-</Data>
  <Data Name=""TdoDirection"">2</Data>
  <Data Name=""TdoAttributes"">8</Data>
  <Data Name=""TdoType"">2</Data>
  <Data Name=""TdoSid"">S-1-5-21-798254582-200106796-1537874043</Data>
  <Data Name=""SidList""> 		%{S-1-5-21-379607110-125704906-1236795852-513} 		%{S-1-5-21-422978413-2066309399-315576832-513}</Data>
</EventData>",4675,"4675 - SIDs were filtered.",,,,,,,,,,,,,,,,,,null,null,,,,null,,,,,,,,,,,,,,,,,,,,,,,,,,,,null,,,,,,,,,,,,,,,,,,,,null,,,,,,,,,,,null,,,,,,,,,,,,,,,,,,,,,,,,,,,,,,,,,,,,,,,,,,,,,,,,,,,,,,,,,,,,,,,,,,,,,,,,,,,null,,,,,,,,,,,,,,,,,,,,"-\-","-",,,,,,,,,,"-","S-1-5-21-798254582-200106796-1537874043-426032",,,,,,,,,,,,,,,,,"edcb625c-bbfa-4330-b8e0-39556d321ef7","ea2f83ce-ab2d-4daa-9e20-bbf45a7ab238","00000000-0000-0000-0000-000000000001","2020-10-16T14:45:30.52Z","AOI-552b9630-b106-4fe7-a1fa-97d04a0010ef",SecurityEvent,
"552b9630-b106-4fe7-a1fa-97d04a0010ef","2020-10-16T14:45:29.05Z",OpsManager,"AD\VSOTO",User,"WN73200.ad.providence.org","Microsoft-Windows-Security-Auditing",Security,12544,8,,4624,"4624 - An account was successfully logged on.",,,,,,,,,,,,,,,,,,null,null,Kerberos,,,null,,,,,,,,,,,,,,,,,,,,,,,,,,,,null,,,,,,,,,,,,,,,,"%%1833",,"-","-",0,"-",,,,,,"53607bc1-4d4a-86fc-3a1e-db3e4192e552",,,Kerberos,3,"3 - Network",,,,,,,,,,,,,,,,,,,,,,,,,,,,,,,,,,,,,,,,,,,,,,,,,"-",0x0,"-",,,,,,,,,,,,,,,,,,,,,,,null,,,,,,,"-\-",,,,"-",,0x0,,,"-","S-1-0-0",,,"AD\VSOTO",AD,,,,0x12a5ec8d3,,,,,,VSOTO,"S-1-5-21-1078081533-725345543-682003330-484768",,,,,,,,"-",,,,,,,,"-","edcb625c-bbfa-4330-b8e0-39556d321ef7","43f26705-827e-4f06-a75f-fae3bfb298de","00000000-0000-0000-0000-000000000001","2020-10-16T14:45:30.52Z","AOI-552b9630-b106-4fe7-a1fa-97d04a0010ef",SecurityEvent,
"552b9630-b106-4fe7-a1fa-97d04a0010ef","2020-10-16T14:45:29.063Z",OpsManager,"AD\MHR-COM-4KJLZC2$",Machine,"WN73200.ad.providence.org","Microsoft-Windows-Security-Auditing",Security,12544,8,,4624,"4624 - An account was successfully logged on.",,,,,,,,,,,,,,,,,,null,null,Kerberos,,,null,,,,,,,,,,,,,,,,,,,,,,,,,,,,null,,,,,,,,,,,,,,,,"%%1833",,"10.187.142.248",52017,0,"-",,,,,,"6e768dcf-cf72-69ab-7f75-c8825031a1b6",,,Kerberos,3,"3 - Network",,,,,,,,,,,,,,,,,,,,,,,,,,,,,,,,,,,,,,,,,,,,,,,,,"-",0x0,"-",,,,,,,,,,,,,,,,,,,,,,,null,,,,,,,"-\-",,,,"-",,0x0,,,"-","S-1-0-0",,,"AD\MHR-COM-4KJLZC2$",AD,,,,0x12a5ecd75,,,,,,"MHR-COM-4KJLZC2$","S-1-5-21-1078081533-725345543-682003330-475006",,,,,,,,"-",,,,,,,,"-","edcb625c-bbfa-4330-b8e0-39556d321ef7","251d7633-819f-453b-b938-97ade31e5964","00000000-0000-0000-0000-000000000001","2020-10-16T14:45:30.52Z","AOI-552b9630-b106-4fe7-a1fa-97d04a0010ef",SecurityEvent,
"552b9630-b106-4fe7-a1fa-97d04a0010ef","2020-10-16T14:45:29.063Z",OpsManager,"AD\XDLVS1270938$",Machine,"WN73200.ad.providence.org","Microsoft-Windows-Security-Auditing",Security,12544,8,,4624,"4624 - An account was successfully logged on.",,,,,,,,,,,,,,,,,,null,null,Kerberos,,,null,,,,,,,,,,,,,,,,,,,,,,,,,,,,null,,,,,,,,,,,,,,,,"%%1833",,"10.184.9.52",60940,0,"-",,,,,,"3bbea1bb-5a2a-1f2f-bb66-46492e1c1f73",,,Kerberos,3,"3 - Network",,,,,,,,,,,,,,,,,,,,,,,,,,,,,,,,,,,,,,,,,,,,,,,,,"-",0x0,"-",,,,,,,,,,,,,,,,,,,,,,,null,,,,,,,"-\-",,,,"-",,0x0,,,"-","S-1-0-0",,,"AD\XDLVS1270938$",AD,,,,0x12a5ecd87,,,,,,"XDLVS1270938$","S-1-5-21-1078081533-725345543-682003330-527776",,,,,,,,"-",,,,,,,,"-","edcb625c-bbfa-4330-b8e0-39556d321ef7","4e668cd5-b643-4865-9bed-cb0a1d74d92c","00000000-0000-0000-0000-000000000001","2020-10-16T14:45:30.52Z","AOI-552b9630-b106-4fe7-a1fa-97d04a0010ef",SecurityEvent,
"552b9630-b106-4fe7-a1fa-97d04a0010ef","2020-10-16T14:45:29.08Z",OpsManager,"AD\MHR-COM-4KJLZC2$",Machine,"WN73200.ad.providence.org","Microsoft-Windows-Security-Auditing",Security,12545,8,,4634,"4634 - An account was logged off.",,,,,,,,,,,,,,,,,,null,null,,,,null,,,,,,,,,,,,,,,,,,,,,,,,,,,,null,,,,,,,,,,,,,,,,,,,,null,,,,,,,,,,,3,"3 - Network",,,,,,,,,,,,,,,,,,,,,,,,,,,,,,,,,,,,,,,,,,,,,,,,,,,,,,,,,,,,,,,,,,,,,,,,,,null,,,,,,,,,,,,,,,,,,,,"AD\MHR-COM-4KJLZC2$",AD,,,,0x12a5ecd75,,,,,,"MHR-COM-4KJLZC2$","S-1-5-21-1078081533-725345543-682003330-475006",,,,,,,,,,,,,,,,,"edcb625c-bbfa-4330-b8e0-39556d321ef7","1ee60925-7ec0-43bd-ba11-9a762e74fde1","00000000-0000-0000-0000-000000000001","2020-10-16T14:45:30.52Z","AOI-552b9630-b106-4fe7-a1fa-97d04a0010ef",SecurityEvent,
"552b9630-b106-4fe7-a1fa-97d04a0010ef","2020-10-16T14:45:29.08Z",OpsManager,"AD\MHR-COM-4KJLZC2$",Machine,"WN73200.ad.providence.org","Microsoft-Windows-Security-Auditing",Security,12545,8,,4634,"4634 - An account was logged off.",,,,,,,,,,,,,,,,,,null,null,,,,null,,,,,,,,,,,,,,,,,,,,,,,,,,,,null,,,,,,,,,,,,,,,,,,,,null,,,,,,,,,,,3,"3 - Network",,,,,,,,,,,,,,,,,,,,,,,,,,,,,,,,,,,,,,,,,,,,,,,,,,,,,,,,,,,,,,,,,,,,,,,,,,null,,,,,,,,,,,,,,,,,,,,"AD\MHR-COM-4KJLZC2$",AD,,,,0x12a5ec997,,,,,,"MHR-COM-4KJLZC2$","S-1-5-21-1078081533-725345543-682003330-475006",,,,,,,,,,,,,,,,,"edcb625c-bbfa-4330-b8e0-39556d321ef7","579880ae-7d9f-4ae4-830b-61479eb7aa29","00000000-0000-0000-0000-000000000001","2020-10-16T14:45:30.52Z","AOI-552b9630-b106-4fe7-a1fa-97d04a0010ef",SecurityEvent,
"552b9630-b106-4fe7-a1fa-97d04a0010ef","2020-10-16T14:45:29.08Z",OpsManager,"AD\SJO-CAR-H9L18M2$",Machine,"WN73200.ad.providence.org","Microsoft-Windows-Security-Auditing",Security,12544,8,,4624,"4624 - An account was successfully logged on.",,,,,,,,,,,,,,,,,,null,null,Kerberos,,,null,,,,,,,,,,,,,,,,,,,,,,,,,,,,null,,,,,,,,,,,,,,,,"%%1833",,"10.193.114.113",56533,0,"-",,,,,,"8b5c1d0a-97ed-1201-f60a-5079028d9bac",,,Kerberos,3,"3 - Network",,,,,,,,,,,,,,,,,,,,,,,,,,,,,,,,,,,,,,,,,,,,,,,,,"-",0x0,"-",,,,,,,,,,,,,,,,,,,,,,,null,,,,,,,"-\-",,,,"-",,0x0,,,"-","S-1-0-0",,,"AD\SJO-CAR-H9L18M2$",AD,,,,0x12a5ece2e,,,,,,"SJO-CAR-H9L18M2$","S-1-5-21-1078081533-725345543-682003330-477706",,,,,,,,"-",,,,,,,,"-","edcb625c-bbfa-4330-b8e0-39556d321ef7","985d50b2-4ade-4ffc-89a0-c75436553805","00000000-0000-0000-0000-000000000001","2020-10-16T14:45:30.52Z","AOI-552b9630-b106-4fe7-a1fa-97d04a0010ef",SecurityEvent,
"552b9630-b106-4fe7-a1fa-97d04a0010ef","2020-10-16T14:45:29.097Z",OpsManager,,,"WN73200.ad.providence.org","Microsoft-Windows-Security-Auditing",Security,14339,8,"<EventData xmlns=""http://schemas.microsoft.com/win/2004/08/events/event"">
  <Data Name=""TargetUserName"">FranklinJ1</Data>
  <Data Name=""TargetDomainName"">ad.providence.org</Data>
  <Data Name=""TargetSid"">S-1-5-21-1078081533-725345543-682003330-339470</Data>
  <Data Name=""ServiceName"">krbtgt</Data>
  <Data Name=""ServiceSid"">S-1-5-21-1078081533-725345543-682003330-502</Data>
  <Data Name=""TicketOptions"">0x40810010</Data>
  <Data Name=""Status"">0x0</Data>
  <Data Name=""TicketEncryptionType"">0x12</Data>
  <Data Name=""PreAuthType"">2</Data>
  <Data Name=""IpAddress"">::ffff:10.249.3.140</Data>
  <Data Name=""IpPort"">52242</Data>
  <Data Name=""CertIssuerName""></Data>
  <Data Name=""CertSerialNumber""></Data>
  <Data Name=""CertThumbprint""></Data>
</EventData>",4768,"4768 - A Kerberos authentication ticket (TGT) was requested.",,,,,,,,,,,,,,,,,,null,null,,,,null,,,,,,,,,,,,,,,,,,,,,,,,,,,,null,,,,,,,,,,,,,,,,,,"::ffff:10.249.3.140",52242,null,,,,,,,,,,,null,,,,,,,,,,,,,,,,,,,,,,,,,,,,,,,,,,,,,,,,,,,,,,,,,,,,,,,,,,,,,,,,,,,,,,,,,,krbtgt,null,,,,,,0x0,,,,,,,,,,,,,,"ad.providence.org\FranklinJ1","ad.providence.org",,,,,,,,"S-1-5-21-1078081533-725345543-682003330-339470",,FranklinJ1,,,,,,,,,,,,,,,,,,"edcb625c-bbfa-4330-b8e0-39556d321ef7","e4a2e03b-8b66-4c6c-892b-494d91e92014","00000000-0000-0000-0000-000000000001","2020-10-16T14:45:30.52Z","AOI-552b9630-b106-4fe7-a1fa-97d04a0010ef",SecurityEvent,
"552b9630-b106-4fe7-a1fa-97d04a0010ef","2020-10-16T14:45:29.097Z",OpsManager,"PHSWA\XAMTLVS0A184$",Machine,"WN73200.ad.providence.org","Microsoft-Windows-Security-Auditing",Security,12544,8,,4624,"4624 - An account was successfully logged on.",,,,,,,,,,,,,,,,,,null,null,Kerberos,,,null,,,,,,,,,,,,,,,,,,,,,,,,,,,,null,,,,,,,,,,,,,,,,"%%1833",,"10.184.39.66",52258,0,"-",,,,,,"817c320c-f5dd-096f-6b84-27e7b3830617",,,Kerberos,3,"3 - Network",,,,,,,,,,,,,,,,,,,,,,,,,,,,,,,,,,,,,,,,,,,,,,,,,"-",0x0,"-",,,,,,,,,,,,,,,,,,,,,,,null,,,,,,,"-\-",,,,"-",,0x0,,,"-","S-1-0-0",,,"PHSWA\XAMTLVS0A184$",PHSWA,,,,0x12a5ece80,,,,,,"XAMTLVS0A184$","S-1-5-21-420551719-245851362-9522986-617551",,,,,,,,"-",,,,,,,,"-","edcb625c-bbfa-4330-b8e0-39556d321ef7","39f33fac-c59f-4f96-a2c4-d3f1f14d614f","00000000-0000-0000-0000-000000000001","2020-10-16T14:45:30.52Z","AOI-552b9630-b106-4fe7-a1fa-97d04a0010ef",SecurityEvent,
