TenantId,TimeGenerated,SourceSystem,Account,AccountType,Computer,EventSourceName,Channel,Task,Level,EventData,EventID,Activity,PartitionKey,RowKey,StorageAccount,AzureDeploymentID,AzureTableName,AccessList,AccessMask,AccessReason,AccountDomain,AccountExpires,AccountName,AccountSessionIdentifier,AdditionalInfo,AdditionalInfo2,AllowedToDelegateTo,Attributes,AuditPolicyChanges,AuditsDiscarded,AuthenticationLevel,AuthenticationPackageName,AuthenticationProvider,AuthenticationServer,AuthenticationService,AuthenticationType,CACertificateHash,CalledStationID,CallerProcessId,CallerProcessName,CallingStationID,CAPublicKeyHash,CategoryId,CertificateDatabaseHash,ClassId,ClassName,ClientAddress,ClientIPAddress,ClientName,CommandLine,CompatibleIds,DCDNSName,DeviceDescription,DeviceId,DisplayName,Disposition,DomainBehaviorVersion,DomainName,DomainPolicyChanged,DomainSid,EAPType,ElevatedToken,ErrorCode,ExtendedQuarantineState,FailureReason,FileHash,FilePath,FilePathNoUser,Filter,ForceLogoff,Fqbn,FullyQualifiedSubjectMachineName,FullyQualifiedSubjectUserName,GroupMembership,HandleId,HardwareIds,HomeDirectory,HomePath,ImpersonationLevel,InterfaceUuid,IpAddress,IpPort,KeyLength,LmPackageName,LocationInformation,LockoutDuration,LockoutObservationWindow,LockoutThreshold,LoggingResult,LogonGuid,LogonHours,LogonID,LogonProcessName,LogonType,LogonTypeName,MachineAccountQuota,MachineInventory,MachineLogon,MandatoryLabel,MaxPasswordAge,MemberName,MemberSid,MinPasswordAge,MinPasswordLength,MixedDomainMode,NASIdentifier,NASIPv4Address,NASIPv6Address,NASPort,NASPortType,NetworkPolicyName,NewDate,NewMaxUsers,NewProcessId,NewProcessName,NewRemark,NewShareFlags,NewTime,NewUacValue,NewValue,NewValueType,ObjectName,ObjectServer,ObjectType,ObjectValueName,OemInformation,OldMaxUsers,OldRemark,OldShareFlags,OldUacValue,OldValue,OldValueType,OperationType,PackageName,ParentProcessName,PasswordHistoryLength,PasswordLastSet,PasswordProperties,PreviousDate,PreviousTime,PrimaryGroupId,PrivateKeyUsageCount,PrivilegeList,Process,ProcessId,ProcessName,Properties,ProfilePath,ProtocolSequence,ProxyPolicyName,QuarantineHelpURL,QuarantineSessionID,QuarantineSessionIdentifier,QuarantineState,QuarantineSystemHealthResult,RelativeTargetName,RemoteIpAddress,RemotePort,Requester,RequestId,RestrictedAdminMode,RowsDeleted,SamAccountName,ScriptPath,SecurityDescriptor,ServiceAccount,ServiceFileName,ServiceName,ServiceStartType,ServiceType,SessionName,ShareLocalPath,ShareName,SidHistory,Status,SubjectAccount,SubcategoryGuid,SubcategoryId,Subject,SubjectDomainName,SubjectKeyIdentifier,SubjectLogonId,SubjectMachineName,SubjectMachineSID,SubjectUserName,SubjectUserSid,SubStatus,TableId,TargetAccount,TargetDomainName,TargetInfo,TargetLinkedLogonId,TargetLogonGuid,TargetLogonId,TargetOutboundDomainName,TargetOutboundUserName,TargetServerName,TargetSid,TargetUser,TargetUserName,TargetUserSid,TemplateContent,TemplateDSObjectFQDN,TemplateInternalName,TemplateOID,TemplateSchemaVersion,TemplateVersion,TokenElevationType,TransmittedServices,UserAccountControl,UserParameters,UserPrincipalName,UserWorkstations,VirtualAccount,VendorIds,Workstation,WorkstationName,SourceComputerId,EventOriginId,MG,TimeCollected,ManagementGroupName,Type,"_ResourceId"
"552b9630-b106-4fe7-a1fa-97d04a0010ef","2020-10-16T14:45:28.437Z",OpsManager,"PHSWA\n8345143",User,"WN77043.wa.providence.org","Microsoft-Windows-Security-Auditing",Security,12545,8,,4634,"4634 - An account was logged off.",,,,,,,,,,,,,,,,,,null,null,,,,null,,,,,,,,,,,,,,,,,,,,,,,,,,,,null,,,,,,,,,,,,,,,,,,,,null,,,,,,,,,,,3,"3 - Network",,,,,,,,,,,,,,,,,,,,,,,,,,,,,,,,,,,,,,,,,,,,,,,,,,,,,,,,,,,,,,,,,,,,,,,,,,null,,,,,,,,,,,,,,,,,,,,"PHSWA\n8345143",PHSWA,,,,0x210f412c8,,,,,,n8345143,"S-1-5-21-420551719-245851362-9522986-536576",,,,,,,,,,,,,,,,,"17784e06-f029-48b9-af31-001560eb6c40","9f095b03-7b98-45a3-b33b-24aff7e45370","00000000-0000-0000-0000-000000000001","2020-10-16T14:45:29.297Z","AOI-552b9630-b106-4fe7-a1fa-97d04a0010ef",SecurityEvent,
"552b9630-b106-4fe7-a1fa-97d04a0010ef","2020-10-16T14:45:28.437Z",OpsManager,"AD\servInfobloxSyncDNS",User,"WN77043.wa.providence.org","Microsoft-Windows-Security-Auditing",Security,12545,8,,4634,"4634 - An account was logged off.",,,,,,,,,,,,,,,,,,null,null,,,,null,,,,,,,,,,,,,,,,,,,,,,,,,,,,null,,,,,,,,,,,,,,,,,,,,null,,,,,,,,,,,3,"3 - Network",,,,,,,,,,,,,,,,,,,,,,,,,,,,,,,,,,,,,,,,,,,,,,,,,,,,,,,,,,,,,,,,,,,,,,,,,,null,,,,,,,,,,,,,,,,,,,,"AD\servInfobloxSyncDNS",AD,,,,0x210f4114b,,,,,,servInfobloxSyncDNS,"S-1-5-21-1078081533-725345543-682003330-38622",,,,,,,,,,,,,,,,,"17784e06-f029-48b9-af31-001560eb6c40","a0b79935-9aab-4bec-b45b-c66c3811ef10","00000000-0000-0000-0000-000000000001","2020-10-16T14:45:29.297Z","AOI-552b9630-b106-4fe7-a1fa-97d04a0010ef",SecurityEvent,
"552b9630-b106-4fe7-a1fa-97d04a0010ef","2020-10-16T14:45:28.437Z",OpsManager,"PHSWA\SETC012192",User,"WN77043.wa.providence.org","Microsoft-Windows-Security-Auditing",Security,12544,8,,4624,"4624 - An account was successfully logged on.",,,,,,,,,,,,,,,,,,null,null,Kerberos,,,null,,,,,,,,,,,,,,,,,,,,,,,,,,,,null,,,,,,,,,,,,,,,,"%%1833",,"10.227.182.172",61549,0,"-",,,,,,"7736493d-d09c-6f9b-873c-31f1c6254cf1",,,Kerberos,3,"3 - Network",,,,,,,,,,,,,,,,,,,,,,,,,,,,,,,,,,,,,,,,,,,,,,,,,"-",0x0,"-",,,,,,,,,,,,,,,,,,,,,,,null,,,,,,,"-\-",,,,"-",,0x0,,,"-","S-1-0-0",,,"PHSWA\SETC012192",PHSWA,,,,0x210f4165d,,,,,,SETC012192,"S-1-5-21-420551719-245851362-9522986-548471",,,,,,,,"-",,,,,,,,"-","17784e06-f029-48b9-af31-001560eb6c40","6a6d91a2-4919-4372-ae9c-73238263167e","00000000-0000-0000-0000-000000000001","2020-10-16T14:45:29.297Z","AOI-552b9630-b106-4fe7-a1fa-97d04a0010ef",SecurityEvent,
"552b9630-b106-4fe7-a1fa-97d04a0010ef","2020-10-16T14:45:28.437Z",OpsManager,"PHSWA\WWA143565$",Machine,"WN77043.wa.providence.org","Microsoft-Windows-Security-Auditing",Security,12545,8,,4634,"4634 - An account was logged off.",,,,,,,,,,,,,,,,,,null,null,,,,null,,,,,,,,,,,,,,,,,,,,,,,,,,,,null,,,,,,,,,,,,,,,,,,,,null,,,,,,,,,,,3,"3 - Network",,,,,,,,,,,,,,,,,,,,,,,,,,,,,,,,,,,,,,,,,,,,,,,,,,,,,,,,,,,,,,,,,,,,,,,,,,null,,,,,,,,,,,,,,,,,,,,"PHSWA\WWA143565$",PHSWA,,,,0x210f415bc,,,,,,"WWA143565$","S-1-5-21-420551719-245851362-9522986-206509",,,,,,,,,,,,,,,,,"17784e06-f029-48b9-af31-001560eb6c40","871aca6e-c298-47d6-8e91-0aeaeb86cb40","00000000-0000-0000-0000-000000000001","2020-10-16T14:45:29.297Z","AOI-552b9630-b106-4fe7-a1fa-97d04a0010ef",SecurityEvent,
"552b9630-b106-4fe7-a1fa-97d04a0010ef","2020-10-16T14:45:28.453Z",OpsManager,"AD\servInfobloxSyncDNS",User,"WN77043.wa.providence.org","Microsoft-Windows-Security-Auditing",Security,12545,8,,4634,"4634 - An account was logged off.",,,,,,,,,,,,,,,,,,null,null,,,,null,,,,,,,,,,,,,,,,,,,,,,,,,,,,null,,,,,,,,,,,,,,,,,,,,null,,,,,,,,,,,3,"3 - Network",,,,,,,,,,,,,,,,,,,,,,,,,,,,,,,,,,,,,,,,,,,,,,,,,,,,,,,,,,,,,,,,,,,,,,,,,,null,,,,,,,,,,,,,,,,,,,,"AD\servInfobloxSyncDNS",AD,,,,0x210f41216,,,,,,servInfobloxSyncDNS,"S-1-5-21-1078081533-725345543-682003330-38622",,,,,,,,,,,,,,,,,"17784e06-f029-48b9-af31-001560eb6c40","f723e1b4-3fd5-46f6-b1a2-a5246f96f322","00000000-0000-0000-0000-000000000001","2020-10-16T14:45:29.297Z","AOI-552b9630-b106-4fe7-a1fa-97d04a0010ef",SecurityEvent,
"552b9630-b106-4fe7-a1fa-97d04a0010ef","2020-10-16T14:45:28.453Z",OpsManager,"AD\servInfobloxSyncDNS",User,"WN77043.wa.providence.org","Microsoft-Windows-Security-Auditing",Security,12545,8,,4634,"4634 - An account was logged off.",,,,,,,,,,,,,,,,,,null,null,,,,null,,,,,,,,,,,,,,,,,,,,,,,,,,,,null,,,,,,,,,,,,,,,,,,,,null,,,,,,,,,,,3,"3 - Network",,,,,,,,,,,,,,,,,,,,,,,,,,,,,,,,,,,,,,,,,,,,,,,,,,,,,,,,,,,,,,,,,,,,,,,,,,null,,,,,,,,,,,,,,,,,,,,"AD\servInfobloxSyncDNS",AD,,,,0x210f40f08,,,,,,servInfobloxSyncDNS,"S-1-5-21-1078081533-725345543-682003330-38622",,,,,,,,,,,,,,,,,"17784e06-f029-48b9-af31-001560eb6c40","84fa9ab5-6032-4b41-8621-488bb23e4056","00000000-0000-0000-0000-000000000001","2020-10-16T14:45:29.297Z","AOI-552b9630-b106-4fe7-a1fa-97d04a0010ef",SecurityEvent,
"552b9630-b106-4fe7-a1fa-97d04a0010ef","2020-10-16T14:45:28.453Z",OpsManager,"AD\servInfobloxSyncDNS",User,"WN77043.wa.providence.org","Microsoft-Windows-Security-Auditing",Security,12545,8,,4634,"4634 - An account was logged off.",,,,,,,,,,,,,,,,,,null,null,,,,null,,,,,,,,,,,,,,,,,,,,,,,,,,,,null,,,,,,,,,,,,,,,,,,,,null,,,,,,,,,,,3,"3 - Network",,,,,,,,,,,,,,,,,,,,,,,,,,,,,,,,,,,,,,,,,,,,,,,,,,,,,,,,,,,,,,,,,,,,,,,,,,null,,,,,,,,,,,,,,,,,,,,"AD\servInfobloxSyncDNS",AD,,,,0x210f40f9d,,,,,,servInfobloxSyncDNS,"S-1-5-21-1078081533-725345543-682003330-38622",,,,,,,,,,,,,,,,,"17784e06-f029-48b9-af31-001560eb6c40","d676d280-8e52-44d5-b3c2-e6a284327484","00000000-0000-0000-0000-000000000001","2020-10-16T14:45:29.297Z","AOI-552b9630-b106-4fe7-a1fa-97d04a0010ef",SecurityEvent,
"552b9630-b106-4fe7-a1fa-97d04a0010ef","2020-10-16T14:45:28.453Z",OpsManager,"PHSWA\SETC012192",User,"WN77043.wa.providence.org","Microsoft-Windows-Security-Auditing",Security,12545,8,,4634,"4634 - An account was logged off.",,,,,,,,,,,,,,,,,,null,null,,,,null,,,,,,,,,,,,,,,,,,,,,,,,,,,,null,,,,,,,,,,,,,,,,,,,,null,,,,,,,,,,,3,"3 - Network",,,,,,,,,,,,,,,,,,,,,,,,,,,,,,,,,,,,,,,,,,,,,,,,,,,,,,,,,,,,,,,,,,,,,,,,,,null,,,,,,,,,,,,,,,,,,,,"PHSWA\SETC012192",PHSWA,,,,0x210f4165d,,,,,,SETC012192,"S-1-5-21-420551719-245851362-9522986-548471",,,,,,,,,,,,,,,,,"17784e06-f029-48b9-af31-001560eb6c40","fcf6818c-bd9d-4c75-a30a-fbd2af3c2b69","00000000-0000-0000-0000-000000000001","2020-10-16T14:45:29.297Z","AOI-552b9630-b106-4fe7-a1fa-97d04a0010ef",SecurityEvent,
"552b9630-b106-4fe7-a1fa-97d04a0010ef","2020-10-16T14:45:28.453Z",OpsManager,"AD\servInfobloxSyncDNS",User,"WN77043.wa.providence.org","Microsoft-Windows-Security-Auditing",Security,12548,8,,4672,"4672 - Special privileges assigned to new logon.",,,,,,,,,,,,,,,,,,null,null,,,,null,,,,,,,,,,,,,,,,,,,,,,,,,,,,null,,,,,,,,,,,,,,,,,,,,null,,,,,,,,,,,null,,,,,,,,,,,,,,,,,,,,,,,,,,,,,,,,,,,,,,,,,,,,,,,,,"SeSecurityPrivilege 			SeBackupPrivilege 			SeRestorePrivilege 			SeTakeOwnershipPrivilege 			SeDebugPrivilege 			SeSystemEnvironmentPrivilege 			SeLoadDriverPrivilege 			SeImpersonatePrivilege 			SeTcbPrivilege 			SeEnableDelegationPrivilege",,,,,,,,,,,,,,,,,,,,,,,,,,null,,,,,,,"AD\servInfobloxSyncDNS",,,,AD,,0x210f416e7,,,servInfobloxSyncDNS,"S-1-5-21-1078081533-725345543-682003330-38622",,,,,,,,,,,,,,,,,,,,,,,,,,,,,,,,"17784e06-f029-48b9-af31-001560eb6c40","11b871c1-1804-4f8a-9355-60b331bb5c33","00000000-0000-0000-0000-000000000001","2020-10-16T14:45:29.297Z","AOI-552b9630-b106-4fe7-a1fa-97d04a0010ef",SecurityEvent,
"552b9630-b106-4fe7-a1fa-97d04a0010ef","2020-10-16T14:45:28.453Z",OpsManager,"AD\servInfobloxSyncDNS",User,"WN77043.wa.providence.org","Microsoft-Windows-Security-Auditing",Security,12544,8,,4624,"4624 - An account was successfully logged on.",,,,,,,,,,,,,,,,,,null,null,NTLM,,,null,,,,,,,,,,,,,,,,,,,,,,,,,,,,null,,,,,,,,,,,,,,,,"%%1833",,"170.173.166.32",47785,128,"NTLM V2",,,,,,"00000000-0000-0000-0000-000000000000",,,"NtLmSsp ",3,"3 - Network",,,,,,,,,,,,,,,,,,,,,,,,,,,,,,,,,,,,,,,,,,,,,,,,,"-",0x0,"-",,,,,,,,,,,,,,,,,,,,,,,null,,,,,,,"-\-",,,,"-",,0x0,,,"-","S-1-0-0",,,"AD\servInfobloxSyncDNS",AD,,,,0x210f416e7,,,,,,servInfobloxSyncDNS,"S-1-5-21-1078081533-725345543-682003330-38622",,,,,,,,"-",,,,,,,,LX6037,"17784e06-f029-48b9-af31-001560eb6c40","c2f5de17-a10e-4d08-bfb8-1c4e9acf20f5","00000000-0000-0000-0000-000000000001","2020-10-16T14:45:29.297Z","AOI-552b9630-b106-4fe7-a1fa-97d04a0010ef",SecurityEvent,
"552b9630-b106-4fe7-a1fa-97d04a0010ef","2020-10-16T14:45:28.47Z",OpsManager,"PHSWA\WADT1047858$",Machine,"WN77043.wa.providence.org","Microsoft-Windows-Security-Auditing",Security,12544,8,,4624,"4624 - An account was successfully logged on.",,,,,,,,,,,,,,,,,,null,null,Kerberos,,,null,,,,,,,,,,,,,,,,,,,,,,,,,,,,null,,,,,,,,,,,,,,,,"%%1833",,"10.153.244.120",49383,0,"-",,,,,,"9d3d57e5-210d-c496-5f9b-697c168e9e95",,,Kerberos,3,"3 - Network",,,,,,,,,,,,,,,,,,,,,,,,,,,,,,,,,,,,,,,,,,,,,,,,,"-",0x0,"-",,,,,,,,,,,,,,,,,,,,,,,null,,,,,,,"-\-",,,,"-",,0x0,,,"-","S-1-0-0",,,"PHSWA\WADT1047858$",PHSWA,,,,0x210f4170a,,,,,,"WADT1047858$","S-1-5-21-420551719-245851362-9522986-593145",,,,,,,,"-",,,,,,,,"-","17784e06-f029-48b9-af31-001560eb6c40","5b00b438-dd44-4fd2-b02d-b880215ae462","00000000-0000-0000-0000-000000000001","2020-10-16T14:45:29.297Z","AOI-552b9630-b106-4fe7-a1fa-97d04a0010ef",SecurityEvent,
"552b9630-b106-4fe7-a1fa-97d04a0010ef","2020-10-16T14:45:28.47Z",OpsManager,"AD\servInfobloxSyncDNS",User,"WN77043.wa.providence.org","Microsoft-Windows-Security-Auditing",Security,12545,8,,4634,"4634 - An account was logged off.",,,,,,,,,,,,,,,,,,null,null,,,,null,,,,,,,,,,,,,,,,,,,,,,,,,,,,null,,,,,,,,,,,,,,,,,,,,null,,,,,,,,,,,3,"3 - Network",,,,,,,,,,,,,,,,,,,,,,,,,,,,,,,,,,,,,,,,,,,,,,,,,,,,,,,,,,,,,,,,,,,,,,,,,,null,,,,,,,,,,,,,,,,,,,,"AD\servInfobloxSyncDNS",AD,,,,0x210f416e7,,,,,,servInfobloxSyncDNS,"S-1-5-21-1078081533-725345543-682003330-38622",,,,,,,,,,,,,,,,,"17784e06-f029-48b9-af31-001560eb6c40","1be76bdf-694d-47e6-8ae2-6fd9f015f7e7","00000000-0000-0000-0000-000000000001","2020-10-16T14:45:29.297Z","AOI-552b9630-b106-4fe7-a1fa-97d04a0010ef",SecurityEvent,
"552b9630-b106-4fe7-a1fa-97d04a0010ef","2020-10-16T14:45:28.47Z",OpsManager,"AD\servInfobloxSyncDNS",User,"WN77043.wa.providence.org","Microsoft-Windows-Security-Auditing",Security,12548,8,,4672,"4672 - Special privileges assigned to new logon.",,,,,,,,,,,,,,,,,,null,null,,,,null,,,,,,,,,,,,,,,,,,,,,,,,,,,,null,,,,,,,,,,,,,,,,,,,,null,,,,,,,,,,,null,,,,,,,,,,,,,,,,,,,,,,,,,,,,,,,,,,,,,,,,,,,,,,,,,"SeSecurityPrivilege 			SeBackupPrivilege 			SeRestorePrivilege 			SeTakeOwnershipPrivilege 			SeDebugPrivilege 			SeSystemEnvironmentPrivilege 			SeLoadDriverPrivilege 			SeImpersonatePrivilege 			SeTcbPrivilege 			SeEnableDelegationPrivilege",,,,,,,,,,,,,,,,,,,,,,,,,,null,,,,,,,"AD\servInfobloxSyncDNS",,,,AD,,0x210f41709,,,servInfobloxSyncDNS,"S-1-5-21-1078081533-725345543-682003330-38622",,,,,,,,,,,,,,,,,,,,,,,,,,,,,,,,"17784e06-f029-48b9-af31-001560eb6c40","038dabfb-e648-4698-b6d5-68a28f128e82","00000000-0000-0000-0000-000000000001","2020-10-16T14:45:29.297Z","AOI-552b9630-b106-4fe7-a1fa-97d04a0010ef",SecurityEvent,
"552b9630-b106-4fe7-a1fa-97d04a0010ef","2020-10-16T14:45:28.47Z",OpsManager,"AD\servInfobloxSyncDNS",User,"WN77043.wa.providence.org","Microsoft-Windows-Security-Auditing",Security,12544,8,,4624,"4624 - An account was successfully logged on.",,,,,,,,,,,,,,,,,,null,null,NTLM,,,null,,,,,,,,,,,,,,,,,,,,,,,,,,,,null,,,,,,,,,,,,,,,,"%%1833",,"170.173.166.32",60721,128,"NTLM V2",,,,,,"00000000-0000-0000-0000-000000000000",,,"NtLmSsp ",3,"3 - Network",,,,,,,,,,,,,,,,,,,,,,,,,,,,,,,,,,,,,,,,,,,,,,,,,"-",0x0,"-",,,,,,,,,,,,,,,,,,,,,,,null,,,,,,,"-\-",,,,"-",,0x0,,,"-","S-1-0-0",,,"AD\servInfobloxSyncDNS",AD,,,,0x210f41709,,,,,,servInfobloxSyncDNS,"S-1-5-21-1078081533-725345543-682003330-38622",,,,,,,,"-",,,,,,,,LX6037,"17784e06-f029-48b9-af31-001560eb6c40","016f3ee5-64c6-44cb-890c-4fd72c36cb2c","00000000-0000-0000-0000-000000000001","2020-10-16T14:45:29.297Z","AOI-552b9630-b106-4fe7-a1fa-97d04a0010ef",SecurityEvent,
"552b9630-b106-4fe7-a1fa-97d04a0010ef","2020-10-16T14:45:28.47Z",OpsManager,,,"WN77043.wa.providence.org","Microsoft-Windows-Security-Auditing",Security,14339,8,"<EventData xmlns=""http://schemas.microsoft.com/win/2004/08/events/event"">
  <Data Name=""TargetUserName"">serv_GEDC</Data>
  <Data Name=""TargetDomainName"">phswa</Data>
  <Data Name=""TargetSid"">S-1-5-21-420551719-245851362-9522986-129291</Data>
  <Data Name=""ServiceName"">krbtgt</Data>
  <Data Name=""ServiceSid"">S-1-5-21-420551719-245851362-9522986-502</Data>
  <Data Name=""TicketOptions"">0x40810010</Data>
  <Data Name=""Status"">0x0</Data>
  <Data Name=""TicketEncryptionType"">0x12</Data>
  <Data Name=""PreAuthType"">2</Data>
  <Data Name=""IpAddress"">2002:aaad:f6f5::aaad:f6f5</Data>
  <Data Name=""IpPort"">58082</Data>
  <Data Name=""CertIssuerName""></Data>
  <Data Name=""CertSerialNumber""></Data>
  <Data Name=""CertThumbprint""></Data>
</EventData>",4768,"4768 - A Kerberos authentication ticket (TGT) was requested.",,,,,,,,,,,,,,,,,,null,null,,,,null,,,,,,,,,,,,,,,,,,,,,,,,,,,,null,,,,,,,,,,,,,,,,,,"2002:aaad:f6f5::aaad:f6f5",58082,null,,,,,,,,,,,null,,,,,,,,,,,,,,,,,,,,,,,,,,,,,,,,,,,,,,,,,,,,,,,,,,,,,,,,,,,,,,,,,,,,,,,,,,krbtgt,null,,,,,,0x0,,,,,,,,,,,,,,"phswa\serv_GEDC",phswa,,,,,,,,"S-1-5-21-420551719-245851362-9522986-129291",,"serv_GEDC",,,,,,,,,,,,,,,,,,"17784e06-f029-48b9-af31-001560eb6c40","fa69cf88-b8f7-4bef-874a-c4841d7ff5d0","00000000-0000-0000-0000-000000000001","2020-10-16T14:45:29.297Z","AOI-552b9630-b106-4fe7-a1fa-97d04a0010ef",SecurityEvent,
"552b9630-b106-4fe7-a1fa-97d04a0010ef","2020-10-16T14:45:28.47Z",OpsManager,"AD\servInfobloxSyncDNS",User,"WN77043.wa.providence.org","Microsoft-Windows-Security-Auditing",Security,12548,8,,4672,"4672 - Special privileges assigned to new logon.",,,,,,,,,,,,,,,,,,null,null,,,,null,,,,,,,,,,,,,,,,,,,,,,,,,,,,null,,,,,,,,,,,,,,,,,,,,null,,,,,,,,,,,null,,,,,,,,,,,,,,,,,,,,,,,,,,,,,,,,,,,,,,,,,,,,,,,,,"SeSecurityPrivilege 			SeBackupPrivilege 			SeRestorePrivilege 			SeTakeOwnershipPrivilege 			SeDebugPrivilege 			SeSystemEnvironmentPrivilege 			SeLoadDriverPrivilege 			SeImpersonatePrivilege 			SeTcbPrivilege 			SeEnableDelegationPrivilege",,,,,,,,,,,,,,,,,,,,,,,,,,null,,,,,,,"AD\servInfobloxSyncDNS",,,,AD,,0x210f4171c,,,servInfobloxSyncDNS,"S-1-5-21-1078081533-725345543-682003330-38622",,,,,,,,,,,,,,,,,,,,,,,,,,,,,,,,"17784e06-f029-48b9-af31-001560eb6c40","425618cf-34f5-4402-89d6-442a57c045e3","00000000-0000-0000-0000-000000000001","2020-10-16T14:45:29.297Z","AOI-552b9630-b106-4fe7-a1fa-97d04a0010ef",SecurityEvent,
"552b9630-b106-4fe7-a1fa-97d04a0010ef","2020-10-16T14:45:28.47Z",OpsManager,"AD\servInfobloxSyncDNS",User,"WN77043.wa.providence.org","Microsoft-Windows-Security-Auditing",Security,12544,8,,4624,"4624 - An account was successfully logged on.",,,,,,,,,,,,,,,,,,null,null,NTLM,,,null,,,,,,,,,,,,,,,,,,,,,,,,,,,,null,,,,,,,,,,,,,,,,"%%1833",,"170.173.166.32",35407,128,"NTLM V2",,,,,,"00000000-0000-0000-0000-000000000000",,,"NtLmSsp ",3,"3 - Network",,,,,,,,,,,,,,,,,,,,,,,,,,,,,,,,,,,,,,,,,,,,,,,,,"-",0x0,"-",,,,,,,,,,,,,,,,,,,,,,,null,,,,,,,"-\-",,,,"-",,0x0,,,"-","S-1-0-0",,,"AD\servInfobloxSyncDNS",AD,,,,0x210f4171c,,,,,,servInfobloxSyncDNS,"S-1-5-21-1078081533-725345543-682003330-38622",,,,,,,,"-",,,,,,,,LX6037,"17784e06-f029-48b9-af31-001560eb6c40","0bdae8c3-8408-4abd-88e0-185901bcdb0d","00000000-0000-0000-0000-000000000001","2020-10-16T14:45:29.297Z","AOI-552b9630-b106-4fe7-a1fa-97d04a0010ef",SecurityEvent,
"552b9630-b106-4fe7-a1fa-97d04a0010ef","2020-10-16T14:45:28.47Z",OpsManager,"PHSOR\XDSDC1361086$",Machine,"WN77043.wa.providence.org","Microsoft-Windows-Security-Auditing",Security,12545,8,,4634,"4634 - An account was logged off.",,,,,,,,,,,,,,,,,,null,null,,,,null,,,,,,,,,,,,,,,,,,,,,,,,,,,,null,,,,,,,,,,,,,,,,,,,,null,,,,,,,,,,,3,"3 - Network",,,,,,,,,,,,,,,,,,,,,,,,,,,,,,,,,,,,,,,,,,,,,,,,,,,,,,,,,,,,,,,,,,,,,,,,,,null,,,,,,,,,,,,,,,,,,,,"PHSOR\XDSDC1361086$",PHSOR,,,,0x210f36780,,,,,,"XDSDC1361086$","S-1-5-21-950606397-1149711550-2133884337-624963",,,,,,,,,,,,,,,,,"17784e06-f029-48b9-af31-001560eb6c40","b7a99792-c13f-4f54-8777-18dfe4678dd0","00000000-0000-0000-0000-000000000001","2020-10-16T14:45:29.297Z","AOI-552b9630-b106-4fe7-a1fa-97d04a0010ef",SecurityEvent,
"552b9630-b106-4fe7-a1fa-97d04a0010ef","2020-10-16T14:45:28.47Z",OpsManager,"AD\servInfobloxSyncDNS",User,"WN77043.wa.providence.org","Microsoft-Windows-Security-Auditing",Security,12545,8,,4634,"4634 - An account was logged off.",,,,,,,,,,,,,,,,,,null,null,,,,null,,,,,,,,,,,,,,,,,,,,,,,,,,,,null,,,,,,,,,,,,,,,,,,,,null,,,,,,,,,,,3,"3 - Network",,,,,,,,,,,,,,,,,,,,,,,,,,,,,,,,,,,,,,,,,,,,,,,,,,,,,,,,,,,,,,,,,,,,,,,,,,null,,,,,,,,,,,,,,,,,,,,"AD\servInfobloxSyncDNS",AD,,,,0x210f41709,,,,,,servInfobloxSyncDNS,"S-1-5-21-1078081533-725345543-682003330-38622",,,,,,,,,,,,,,,,,"17784e06-f029-48b9-af31-001560eb6c40","5c58a6cd-fdbc-44f4-b44d-24e5702e7a70","00000000-0000-0000-0000-000000000001","2020-10-16T14:45:29.297Z","AOI-552b9630-b106-4fe7-a1fa-97d04a0010ef",SecurityEvent,
"552b9630-b106-4fe7-a1fa-97d04a0010ef","2020-10-16T14:45:28.47Z",OpsManager,"AD\servInfobloxSyncDNS",User,"WN77043.wa.providence.org","Microsoft-Windows-Security-Auditing",Security,12545,8,,4634,"4634 - An account was logged off.",,,,,,,,,,,,,,,,,,null,null,,,,null,,,,,,,,,,,,,,,,,,,,,,,,,,,,null,,,,,,,,,,,,,,,,,,,,null,,,,,,,,,,,3,"3 - Network",,,,,,,,,,,,,,,,,,,,,,,,,,,,,,,,,,,,,,,,,,,,,,,,,,,,,,,,,,,,,,,,,,,,,,,,,,null,,,,,,,,,,,,,,,,,,,,"AD\servInfobloxSyncDNS",AD,,,,0x210f4171c,,,,,,servInfobloxSyncDNS,"S-1-5-21-1078081533-725345543-682003330-38622",,,,,,,,,,,,,,,,,"17784e06-f029-48b9-af31-001560eb6c40","3ffa36c8-6ddf-4826-a6ee-b391564cd779","00000000-0000-0000-0000-000000000001","2020-10-16T14:45:29.297Z","AOI-552b9630-b106-4fe7-a1fa-97d04a0010ef",SecurityEvent,
"552b9630-b106-4fe7-a1fa-97d04a0010ef","2020-10-16T14:45:28.47Z",OpsManager,"PHSWA\XAocSDC5B116$",Machine,"WN77043.wa.providence.org","Microsoft-Windows-Security-Auditing",Security,12544,8,,4624,"4624 - An account was successfully logged on.",,,,,,,,,,,,,,,,,,null,null,Kerberos,,,null,,,,,,,,,,,,,,,,,,,,,,,,,,,,null,,,,,,,,,,,,,,,,"%%1833",,"10.227.176.43",60417,0,"-",,,,,,"e6ba8495-9690-10bc-8bd2-515283ba6b18",,,Kerberos,3,"3 - Network",,,,,,,,,,,,,,,,,,,,,,,,,,,,,,,,,,,,,,,,,,,,,,,,,"-",0x0,"-",,,,,,,,,,,,,,,,,,,,,,,null,,,,,,,"-\-",,,,"-",,0x0,,,"-","S-1-0-0",,,"PHSWA\XAocSDC5B116$",PHSWA,,,,0x210f41767,,,,,,"XAocSDC5B116$","S-1-5-21-420551719-245851362-9522986-584881",,,,,,,,"-",,,,,,,,"-","17784e06-f029-48b9-af31-001560eb6c40","8df64023-b465-4d71-9b13-734a28f0e5a3","00000000-0000-0000-0000-000000000001","2020-10-16T14:45:29.297Z","AOI-552b9630-b106-4fe7-a1fa-97d04a0010ef",SecurityEvent,
"552b9630-b106-4fe7-a1fa-97d04a0010ef","2020-10-16T14:45:28.47Z",OpsManager,"PHSWA\SEDT893610$",Machine,"WN77043.wa.providence.org","Microsoft-Windows-Security-Auditing",Security,12545,8,,4634,"4634 - An account was logged off.",,,,,,,,,,,,,,,,,,null,null,,,,null,,,,,,,,,,,,,,,,,,,,,,,,,,,,null,,,,,,,,,,,,,,,,,,,,null,,,,,,,,,,,3,"3 - Network",,,,,,,,,,,,,,,,,,,,,,,,,,,,,,,,,,,,,,,,,,,,,,,,,,,,,,,,,,,,,,,,,,,,,,,,,,null,,,,,,,,,,,,,,,,,,,,"PHSWA\SEDT893610$",PHSWA,,,,0x210f415e5,,,,,,"SEDT893610$","S-1-5-21-420551719-245851362-9522986-495057",,,,,,,,,,,,,,,,,"17784e06-f029-48b9-af31-001560eb6c40","868af353-6387-4388-a3a3-6c4ba412a04a","00000000-0000-0000-0000-000000000001","2020-10-16T14:45:29.297Z","AOI-552b9630-b106-4fe7-a1fa-97d04a0010ef",SecurityEvent,
"552b9630-b106-4fe7-a1fa-97d04a0010ef","2020-10-16T14:45:28.47Z",OpsManager,"AD\servInfobloxSyncDNS",User,"WN77043.wa.providence.org","Microsoft-Windows-Security-Auditing",Security,12548,8,,4672,"4672 - Special privileges assigned to new logon.",,,,,,,,,,,,,,,,,,null,null,,,,null,,,,,,,,,,,,,,,,,,,,,,,,,,,,null,,,,,,,,,,,,,,,,,,,,null,,,,,,,,,,,null,,,,,,,,,,,,,,,,,,,,,,,,,,,,,,,,,,,,,,,,,,,,,,,,,"SeSecurityPrivilege 			SeBackupPrivilege 			SeRestorePrivilege 			SeTakeOwnershipPrivilege 			SeDebugPrivilege 			SeSystemEnvironmentPrivilege 			SeLoadDriverPrivilege 			SeImpersonatePrivilege 			SeTcbPrivilege 			SeEnableDelegationPrivilege",,,,,,,,,,,,,,,,,,,,,,,,,,null,,,,,,,"AD\servInfobloxSyncDNS",,,,AD,,0x210f4175d,,,servInfobloxSyncDNS,"S-1-5-21-1078081533-725345543-682003330-38622",,,,,,,,,,,,,,,,,,,,,,,,,,,,,,,,"17784e06-f029-48b9-af31-001560eb6c40","f29bcaf9-f204-497a-b754-bf658fb1af77","00000000-0000-0000-0000-000000000001","2020-10-16T14:45:29.297Z","AOI-552b9630-b106-4fe7-a1fa-97d04a0010ef",SecurityEvent,
"552b9630-b106-4fe7-a1fa-97d04a0010ef","2020-10-16T14:45:28.47Z",OpsManager,"AD\servInfobloxSyncDNS",User,"WN77043.wa.providence.org","Microsoft-Windows-Security-Auditing",Security,12544,8,,4624,"4624 - An account was successfully logged on.",,,,,,,,,,,,,,,,,,null,null,NTLM,,,null,,,,,,,,,,,,,,,,,,,,,,,,,,,,null,,,,,,,,,,,,,,,,"%%1833",,"170.173.166.32",43023,128,"NTLM V2",,,,,,"00000000-0000-0000-0000-000000000000",,,"NtLmSsp ",3,"3 - Network",,,,,,,,,,,,,,,,,,,,,,,,,,,,,,,,,,,,,,,,,,,,,,,,,"-",0x0,"-",,,,,,,,,,,,,,,,,,,,,,,null,,,,,,,"-\-",,,,"-",,0x0,,,"-","S-1-0-0",,,"AD\servInfobloxSyncDNS",AD,,,,0x210f4175d,,,,,,servInfobloxSyncDNS,"S-1-5-21-1078081533-725345543-682003330-38622",,,,,,,,"-",,,,,,,,LX6037,"17784e06-f029-48b9-af31-001560eb6c40","717dd412-510c-4f59-a2f1-8637c38df4df","00000000-0000-0000-0000-000000000001","2020-10-16T14:45:29.297Z","AOI-552b9630-b106-4fe7-a1fa-97d04a0010ef",SecurityEvent,
"552b9630-b106-4fe7-a1fa-97d04a0010ef","2020-10-16T14:45:28.487Z",OpsManager,"PHSWA\p441073",User,"WN77043.wa.providence.org","Microsoft-Windows-Security-Auditing",Security,12544,8,,4624,"4624 - An account was successfully logged on.",,,,,,,,,,,,,,,,,,null,null,Kerberos,,,null,,,,,,,,,,,,,,,,,,,,,,,,,,,,null,,,,,,,,,,,,,,,,"%%1833",,"10.176.52.91",52431,0,"-",,,,,,"ca4414e5-d046-bac5-c2e2-3d3239f14213",,,Kerberos,3,"3 - Network",,,,,,,,,,,,,,,,,,,,,,,,,,,,,,,,,,,,,,,,,,,,,,,,,"-",0x0,"-",,,,,,,,,,,,,,,,,,,,,,,null,,,,,,,"-\-",,,,"-",,0x0,,,"-","S-1-0-0",,,"PHSWA\p441073",PHSWA,,,,0x210f417b9,,,,,,p441073,"S-1-5-21-420551719-245851362-9522986-310174",,,,,,,,"-",,,,,,,,"-","17784e06-f029-48b9-af31-001560eb6c40","fe90f227-f229-46ad-a474-03b12f7e0140","00000000-0000-0000-0000-000000000001","2020-10-16T14:45:29.297Z","AOI-552b9630-b106-4fe7-a1fa-97d04a0010ef",SecurityEvent,
"552b9630-b106-4fe7-a1fa-97d04a0010ef","2020-10-16T14:45:28.487Z",OpsManager,"PHSWA\n8345143",User,"WN77043.wa.providence.org","Microsoft-Windows-Security-Auditing",Security,12545,8,,4634,"4634 - An account was logged off.",,,,,,,,,,,,,,,,,,null,null,,,,null,,,,,,,,,,,,,,,,,,,,,,,,,,,,null,,,,,,,,,,,,,,,,,,,,null,,,,,,,,,,,3,"3 - Network",,,,,,,,,,,,,,,,,,,,,,,,,,,,,,,,,,,,,,,,,,,,,,,,,,,,,,,,,,,,,,,,,,,,,,,,,,null,,,,,,,,,,,,,,,,,,,,"PHSWA\n8345143",PHSWA,,,,0x210f2ede8,,,,,,n8345143,"S-1-5-21-420551719-245851362-9522986-536576",,,,,,,,,,,,,,,,,"17784e06-f029-48b9-af31-001560eb6c40","f78911ca-0d7a-4b88-ac65-75d8798b2261","00000000-0000-0000-0000-000000000001","2020-10-16T14:45:29.297Z","AOI-552b9630-b106-4fe7-a1fa-97d04a0010ef",SecurityEvent,
"552b9630-b106-4fe7-a1fa-97d04a0010ef","2020-10-16T14:45:28.487Z",OpsManager,"AD\servInfobloxSyncDNS",User,"WN77043.wa.providence.org","Microsoft-Windows-Security-Auditing",Security,12548,8,,4672,"4672 - Special privileges assigned to new logon.",,,,,,,,,,,,,,,,,,null,null,,,,null,,,,,,,,,,,,,,,,,,,,,,,,,,,,null,,,,,,,,,,,,,,,,,,,,null,,,,,,,,,,,null,,,,,,,,,,,,,,,,,,,,,,,,,,,,,,,,,,,,,,,,,,,,,,,,,"SeSecurityPrivilege 			SeBackupPrivilege 			SeRestorePrivilege 			SeTakeOwnershipPrivilege 			SeDebugPrivilege 			SeSystemEnvironmentPrivilege 			SeLoadDriverPrivilege 			SeImpersonatePrivilege 			SeTcbPrivilege 			SeEnableDelegationPrivilege",,,,,,,,,,,,,,,,,,,,,,,,,,null,,,,,,,"AD\servInfobloxSyncDNS",,,,AD,,0x210f417b6,,,servInfobloxSyncDNS,"S-1-5-21-1078081533-725345543-682003330-38622",,,,,,,,,,,,,,,,,,,,,,,,,,,,,,,,"17784e06-f029-48b9-af31-001560eb6c40","10d0d5c7-1dc1-4555-b227-b7141b9c4caf","00000000-0000-0000-0000-000000000001","2020-10-16T14:45:29.297Z","AOI-552b9630-b106-4fe7-a1fa-97d04a0010ef",SecurityEvent,
"552b9630-b106-4fe7-a1fa-97d04a0010ef","2020-10-16T14:45:28.487Z",OpsManager,"AD\servInfobloxSyncDNS",User,"WN77043.wa.providence.org","Microsoft-Windows-Security-Auditing",Security,12544,8,,4624,"4624 - An account was successfully logged on.",,,,,,,,,,,,,,,,,,null,null,NTLM,,,null,,,,,,,,,,,,,,,,,,,,,,,,,,,,null,,,,,,,,,,,,,,,,"%%1833",,"170.173.166.32",53439,128,"NTLM V2",,,,,,"00000000-0000-0000-0000-000000000000",,,"NtLmSsp ",3,"3 - Network",,,,,,,,,,,,,,,,,,,,,,,,,,,,,,,,,,,,,,,,,,,,,,,,,"-",0x0,"-",,,,,,,,,,,,,,,,,,,,,,,null,,,,,,,"-\-",,,,"-",,0x0,,,"-","S-1-0-0",,,"AD\servInfobloxSyncDNS",AD,,,,0x210f417b6,,,,,,servInfobloxSyncDNS,"S-1-5-21-1078081533-725345543-682003330-38622",,,,,,,,"-",,,,,,,,LX6037,"17784e06-f029-48b9-af31-001560eb6c40","4399e368-572e-400a-ba75-0d98d015c2a6","00000000-0000-0000-0000-000000000001","2020-10-16T14:45:29.297Z","AOI-552b9630-b106-4fe7-a1fa-97d04a0010ef",SecurityEvent,
"552b9630-b106-4fe7-a1fa-97d04a0010ef","2020-10-16T14:45:28.487Z",OpsManager,"AD\servInfobloxSyncDNS",User,"WN77043.wa.providence.org","Microsoft-Windows-Security-Auditing",Security,12548,8,,4672,"4672 - Special privileges assigned to new logon.",,,,,,,,,,,,,,,,,,null,null,,,,null,,,,,,,,,,,,,,,,,,,,,,,,,,,,null,,,,,,,,,,,,,,,,,,,,null,,,,,,,,,,,null,,,,,,,,,,,,,,,,,,,,,,,,,,,,,,,,,,,,,,,,,,,,,,,,,"SeSecurityPrivilege 			SeBackupPrivilege 			SeRestorePrivilege 			SeTakeOwnershipPrivilege 			SeDebugPrivilege 			SeSystemEnvironmentPrivilege 			SeLoadDriverPrivilege 			SeImpersonatePrivilege 			SeTcbPrivilege 			SeEnableDelegationPrivilege",,,,,,,,,,,,,,,,,,,,,,,,,,null,,,,,,,"AD\servInfobloxSyncDNS",,,,AD,,0x210f417ca,,,servInfobloxSyncDNS,"S-1-5-21-1078081533-725345543-682003330-38622",,,,,,,,,,,,,,,,,,,,,,,,,,,,,,,,"17784e06-f029-48b9-af31-001560eb6c40","2b69205d-0273-4102-a145-3ac6ce8811d7","00000000-0000-0000-0000-000000000001","2020-10-16T14:45:29.297Z","AOI-552b9630-b106-4fe7-a1fa-97d04a0010ef",SecurityEvent,
"552b9630-b106-4fe7-a1fa-97d04a0010ef","2020-10-16T14:45:28.487Z",OpsManager,"AD\servInfobloxSyncDNS",User,"WN77043.wa.providence.org","Microsoft-Windows-Security-Auditing",Security,12544,8,,4624,"4624 - An account was successfully logged on.",,,,,,,,,,,,,,,,,,null,null,NTLM,,,null,,,,,,,,,,,,,,,,,,,,,,,,,,,,null,,,,,,,,,,,,,,,,"%%1833",,"170.173.166.32",54499,128,"NTLM V2",,,,,,"00000000-0000-0000-0000-000000000000",,,"NtLmSsp ",3,"3 - Network",,,,,,,,,,,,,,,,,,,,,,,,,,,,,,,,,,,,,,,,,,,,,,,,,"-",0x0,"-",,,,,,,,,,,,,,,,,,,,,,,null,,,,,,,"-\-",,,,"-",,0x0,,,"-","S-1-0-0",,,"AD\servInfobloxSyncDNS",AD,,,,0x210f417ca,,,,,,servInfobloxSyncDNS,"S-1-5-21-1078081533-725345543-682003330-38622",,,,,,,,"-",,,,,,,,LX6037,"17784e06-f029-48b9-af31-001560eb6c40","a320855e-4fe2-44f6-a8b5-8dbae280e299","00000000-0000-0000-0000-000000000001","2020-10-16T14:45:29.297Z","AOI-552b9630-b106-4fe7-a1fa-97d04a0010ef",SecurityEvent,
"552b9630-b106-4fe7-a1fa-97d04a0010ef","2020-10-16T14:45:28.487Z",OpsManager,"PHSOR\n9003380",User,"WN77043.wa.providence.org","Microsoft-Windows-Security-Auditing",Security,12545,8,,4634,"4634 - An account was logged off.",,,,,,,,,,,,,,,,,,null,null,,,,null,,,,,,,,,,,,,,,,,,,,,,,,,,,,null,,,,,,,,,,,,,,,,,,,,null,,,,,,,,,,,3,"3 - Network",,,,,,,,,,,,,,,,,,,,,,,,,,,,,,,,,,,,,,,,,,,,,,,,,,,,,,,,,,,,,,,,,,,,,,,,,,null,,,,,,,,,,,,,,,,,,,,"PHSOR\n9003380",PHSOR,,,,0x210f231f9,,,,,,n9003380,"S-1-5-21-950606397-1149711550-2133884337-263799",,,,,,,,,,,,,,,,,"17784e06-f029-48b9-af31-001560eb6c40","9363b2d3-0c91-4123-b8b4-af82cdada655","00000000-0000-0000-0000-000000000001","2020-10-16T14:45:29.297Z","AOI-552b9630-b106-4fe7-a1fa-97d04a0010ef",SecurityEvent,
"552b9630-b106-4fe7-a1fa-97d04a0010ef","2020-10-16T14:45:28.487Z",OpsManager,"PHSWA\SEDT893610$",Machine,"WN77043.wa.providence.org","Microsoft-Windows-Security-Auditing",Security,12544,8,,4624,"4624 - An account was successfully logged on.",,,,,,,,,,,,,,,,,,null,null,Kerberos,,,null,,,,,,,,,,,,,,,,,,,,,,,,,,,,null,,,,,,,,,,,,,,,,"%%1833",,"10.216.112.157",54531,0,"-",,,,,,"a1551e4e-31e4-db01-e2b9-f82dba5365b8",,,Kerberos,3,"3 - Network",,,,,,,,,,,,,,,,,,,,,,,,,,,,,,,,,,,,,,,,,,,,,,,,,"-",0x0,"-",,,,,,,,,,,,,,,,,,,,,,,null,,,,,,,"-\-",,,,"-",,0x0,,,"-","S-1-0-0",,,"PHSWA\SEDT893610$",PHSWA,,,,0x210f41802,,,,,,"SEDT893610$","S-1-5-21-420551719-245851362-9522986-495057",,,,,,,,"-",,,,,,,,"-","17784e06-f029-48b9-af31-001560eb6c40","48e48443-c97f-4019-88ec-f9f35a0e3b13","00000000-0000-0000-0000-000000000001","2020-10-16T14:45:29.297Z","AOI-552b9630-b106-4fe7-a1fa-97d04a0010ef",SecurityEvent,
"552b9630-b106-4fe7-a1fa-97d04a0010ef","2020-10-16T14:45:28.5Z",OpsManager,"AD\servInfobloxSyncDNS",User,"WN77043.wa.providence.org","Microsoft-Windows-Security-Auditing",Security,12548,8,,4672,"4672 - Special privileges assigned to new logon.",,,,,,,,,,,,,,,,,,null,null,,,,null,,,,,,,,,,,,,,,,,,,,,,,,,,,,null,,,,,,,,,,,,,,,,,,,,null,,,,,,,,,,,null,,,,,,,,,,,,,,,,,,,,,,,,,,,,,,,,,,,,,,,,,,,,,,,,,"SeSecurityPrivilege 			SeBackupPrivilege 			SeRestorePrivilege 			SeTakeOwnershipPrivilege 			SeDebugPrivilege 			SeSystemEnvironmentPrivilege 			SeLoadDriverPrivilege 			SeImpersonatePrivilege 			SeTcbPrivilege 			SeEnableDelegationPrivilege",,,,,,,,,,,,,,,,,,,,,,,,,,null,,,,,,,"AD\servInfobloxSyncDNS",,,,AD,,0x210f41815,,,servInfobloxSyncDNS,"S-1-5-21-1078081533-725345543-682003330-38622",,,,,,,,,,,,,,,,,,,,,,,,,,,,,,,,"17784e06-f029-48b9-af31-001560eb6c40","fb01fb74-299e-4f33-a0ce-f932c57e2011","00000000-0000-0000-0000-000000000001","2020-10-16T14:45:29.297Z","AOI-552b9630-b106-4fe7-a1fa-97d04a0010ef",SecurityEvent,
"552b9630-b106-4fe7-a1fa-97d04a0010ef","2020-10-16T14:45:28.5Z",OpsManager,"AD\servInfobloxSyncDNS",User,"WN77043.wa.providence.org","Microsoft-Windows-Security-Auditing",Security,12544,8,,4624,"4624 - An account was successfully logged on.",,,,,,,,,,,,,,,,,,null,null,NTLM,,,null,,,,,,,,,,,,,,,,,,,,,,,,,,,,null,,,,,,,,,,,,,,,,"%%1833",,"170.173.166.32",44107,128,"NTLM V2",,,,,,"00000000-0000-0000-0000-000000000000",,,"NtLmSsp ",3,"3 - Network",,,,,,,,,,,,,,,,,,,,,,,,,,,,,,,,,,,,,,,,,,,,,,,,,"-",0x0,"-",,,,,,,,,,,,,,,,,,,,,,,null,,,,,,,"-\-",,,,"-",,0x0,,,"-","S-1-0-0",,,"AD\servInfobloxSyncDNS",AD,,,,0x210f41815,,,,,,servInfobloxSyncDNS,"S-1-5-21-1078081533-725345543-682003330-38622",,,,,,,,"-",,,,,,,,LX6037,"17784e06-f029-48b9-af31-001560eb6c40","d62fab78-74a5-4228-88a8-56043ec3ba87","00000000-0000-0000-0000-000000000001","2020-10-16T14:45:29.297Z","AOI-552b9630-b106-4fe7-a1fa-97d04a0010ef",SecurityEvent,
"552b9630-b106-4fe7-a1fa-97d04a0010ef","2020-10-16T14:45:28.5Z",OpsManager,"PHSOR\p424902",User,"WN77043.wa.providence.org","Microsoft-Windows-Security-Auditing",Security,12545,8,,4634,"4634 - An account was logged off.",,,,,,,,,,,,,,,,,,null,null,,,,null,,,,,,,,,,,,,,,,,,,,,,,,,,,,null,,,,,,,,,,,,,,,,,,,,null,,,,,,,,,,,3,"3 - Network",,,,,,,,,,,,,,,,,,,,,,,,,,,,,,,,,,,,,,,,,,,,,,,,,,,,,,,,,,,,,,,,,,,,,,,,,,null,,,,,,,,,,,,,,,,,,,,"PHSOR\p424902",PHSOR,,,,0x210f1eec7,,,,,,p424902,"S-1-5-21-950606397-1149711550-2133884337-379422",,,,,,,,,,,,,,,,,"17784e06-f029-48b9-af31-001560eb6c40","1afdd49a-a66c-4187-8792-29c0bc5984d9","00000000-0000-0000-0000-000000000001","2020-10-16T14:45:29.297Z","AOI-552b9630-b106-4fe7-a1fa-97d04a0010ef",SecurityEvent,
"552b9630-b106-4fe7-a1fa-97d04a0010ef","2020-10-16T14:45:28.5Z",OpsManager,"AD\servInfobloxSyncDNS",User,"WN77043.wa.providence.org","Microsoft-Windows-Security-Auditing",Security,12548,8,,4672,"4672 - Special privileges assigned to new logon.",,,,,,,,,,,,,,,,,,null,null,,,,null,,,,,,,,,,,,,,,,,,,,,,,,,,,,null,,,,,,,,,,,,,,,,,,,,null,,,,,,,,,,,null,,,,,,,,,,,,,,,,,,,,,,,,,,,,,,,,,,,,,,,,,,,,,,,,,"SeSecurityPrivilege 			SeBackupPrivilege 			SeRestorePrivilege 			SeTakeOwnershipPrivilege 			SeDebugPrivilege 			SeSystemEnvironmentPrivilege 			SeLoadDriverPrivilege 			SeImpersonatePrivilege 			SeTcbPrivilege 			SeEnableDelegationPrivilege",,,,,,,,,,,,,,,,,,,,,,,,,,null,,,,,,,"AD\servInfobloxSyncDNS",,,,AD,,0x210f4182f,,,servInfobloxSyncDNS,"S-1-5-21-1078081533-725345543-682003330-38622",,,,,,,,,,,,,,,,,,,,,,,,,,,,,,,,"17784e06-f029-48b9-af31-001560eb6c40","21a3d625-f8e6-4ba0-ae12-cb74284864c3","00000000-0000-0000-0000-000000000001","2020-10-16T14:45:29.297Z","AOI-552b9630-b106-4fe7-a1fa-97d04a0010ef",SecurityEvent,
"552b9630-b106-4fe7-a1fa-97d04a0010ef","2020-10-16T14:45:28.5Z",OpsManager,"AD\servInfobloxSyncDNS",User,"WN77043.wa.providence.org","Microsoft-Windows-Security-Auditing",Security,12544,8,,4624,"4624 - An account was successfully logged on.",,,,,,,,,,,,,,,,,,null,null,NTLM,,,null,,,,,,,,,,,,,,,,,,,,,,,,,,,,null,,,,,,,,,,,,,,,,"%%1833",,"170.173.166.32",48723,128,"NTLM V2",,,,,,"00000000-0000-0000-0000-000000000000",,,"NtLmSsp ",3,"3 - Network",,,,,,,,,,,,,,,,,,,,,,,,,,,,,,,,,,,,,,,,,,,,,,,,,"-",0x0,"-",,,,,,,,,,,,,,,,,,,,,,,null,,,,,,,"-\-",,,,"-",,0x0,,,"-","S-1-0-0",,,"AD\servInfobloxSyncDNS",AD,,,,0x210f4182f,,,,,,servInfobloxSyncDNS,"S-1-5-21-1078081533-725345543-682003330-38622",,,,,,,,"-",,,,,,,,LX6037,"17784e06-f029-48b9-af31-001560eb6c40","7b439ff6-1923-4d3e-aa89-bfb7b2e6c1b2","00000000-0000-0000-0000-000000000001","2020-10-16T14:45:29.297Z","AOI-552b9630-b106-4fe7-a1fa-97d04a0010ef",SecurityEvent,
"552b9630-b106-4fe7-a1fa-97d04a0010ef","2020-10-16T14:45:28.5Z",OpsManager,"PHSWA\WADT1047460$",Machine,"WN77043.wa.providence.org","Microsoft-Windows-Security-Auditing",Security,12544,8,,4624,"4624 - An account was successfully logged on.",,,,,,,,,,,,,,,,,,null,null,Kerberos,,,null,,,,,,,,,,,,,,,,,,,,,,,,,,,,null,,,,,,,,,,,,,,,,"%%1840",,"10.152.32.87",59963,0,"-",,,,,,"d9b0c23b-47b8-fc82-ea1b-2a9da37cbe02",,,Kerberos,3,"3 - Network",,,,,,,,,,,,,,,,,,,,,,,,,,,,,,,,,,,,,,,,,,,,,,,,,"-",0x0,"-",,,,,,,,,,,,,,,,,,,,,,,null,,,,,,,"-\-",,,,"-",,0x0,,,"-","S-1-0-0",,,"PHSWA\WADT1047460$",PHSWA,,,,0x210f41879,,,,,,"WADT1047460$","S-1-5-21-420551719-245851362-9522986-594194",,,,,,,,"-",,,,,,,,"-","17784e06-f029-48b9-af31-001560eb6c40","fedb5106-3e75-4f61-91ea-8d2e5aa0f5dd","00000000-0000-0000-0000-000000000001","2020-10-16T14:45:29.297Z","AOI-552b9630-b106-4fe7-a1fa-97d04a0010ef",SecurityEvent,
"552b9630-b106-4fe7-a1fa-97d04a0010ef","2020-10-16T14:45:28.5Z",OpsManager,"AD\servInfobloxSyncDNS",User,"WN77043.wa.providence.org","Microsoft-Windows-Security-Auditing",Security,12548,8,,4672,"4672 - Special privileges assigned to new logon.",,,,,,,,,,,,,,,,,,null,null,,,,null,,,,,,,,,,,,,,,,,,,,,,,,,,,,null,,,,,,,,,,,,,,,,,,,,null,,,,,,,,,,,null,,,,,,,,,,,,,,,,,,,,,,,,,,,,,,,,,,,,,,,,,,,,,,,,,"SeSecurityPrivilege 			SeBackupPrivilege 			SeRestorePrivilege 			SeTakeOwnershipPrivilege 			SeDebugPrivilege 			SeSystemEnvironmentPrivilege 			SeLoadDriverPrivilege 			SeImpersonatePrivilege 			SeTcbPrivilege 			SeEnableDelegationPrivilege",,,,,,,,,,,,,,,,,,,,,,,,,,null,,,,,,,"AD\servInfobloxSyncDNS",,,,AD,,0x210f41847,,,servInfobloxSyncDNS,"S-1-5-21-1078081533-725345543-682003330-38622",,,,,,,,,,,,,,,,,,,,,,,,,,,,,,,,"17784e06-f029-48b9-af31-001560eb6c40","5e7bcbd6-3cfa-4709-9f1d-1cc0467a63e1","00000000-0000-0000-0000-000000000001","2020-10-16T14:45:29.297Z","AOI-552b9630-b106-4fe7-a1fa-97d04a0010ef",SecurityEvent,
"552b9630-b106-4fe7-a1fa-97d04a0010ef","2020-10-16T14:45:28.5Z",OpsManager,"AD\servInfobloxSyncDNS",User,"WN77043.wa.providence.org","Microsoft-Windows-Security-Auditing",Security,12544,8,,4624,"4624 - An account was successfully logged on.",,,,,,,,,,,,,,,,,,null,null,NTLM,,,null,,,,,,,,,,,,,,,,,,,,,,,,,,,,null,,,,,,,,,,,,,,,,"%%1833",,"170.173.166.32",42781,128,"NTLM V2",,,,,,"00000000-0000-0000-0000-000000000000",,,"NtLmSsp ",3,"3 - Network",,,,,,,,,,,,,,,,,,,,,,,,,,,,,,,,,,,,,,,,,,,,,,,,,"-",0x0,"-",,,,,,,,,,,,,,,,,,,,,,,null,,,,,,,"-\-",,,,"-",,0x0,,,"-","S-1-0-0",,,"AD\servInfobloxSyncDNS",AD,,,,0x210f41847,,,,,,servInfobloxSyncDNS,"S-1-5-21-1078081533-725345543-682003330-38622",,,,,,,,"-",,,,,,,,LX6037,"17784e06-f029-48b9-af31-001560eb6c40","55b5146c-113c-4972-91fa-65587c187ead","00000000-0000-0000-0000-000000000001","2020-10-16T14:45:29.297Z","AOI-552b9630-b106-4fe7-a1fa-97d04a0010ef",SecurityEvent,
"552b9630-b106-4fe7-a1fa-97d04a0010ef","2020-10-16T14:45:28.5Z",OpsManager,,,"WN77043.wa.providence.org","Microsoft-Windows-Security-Auditing",Security,14339,8,"<EventData xmlns=""http://schemas.microsoft.com/win/2004/08/events/event"">
  <Data Name=""TargetUserName"">p380355</Data>
  <Data Name=""TargetDomainName"">PHSWA</Data>
  <Data Name=""TargetSid"">S-1-5-21-420551719-245851362-9522986-126573</Data>
  <Data Name=""ServiceName"">krbtgt</Data>
  <Data Name=""ServiceSid"">S-1-5-21-420551719-245851362-9522986-502</Data>
  <Data Name=""TicketOptions"">0x40810010</Data>
  <Data Name=""Status"">0x0</Data>
  <Data Name=""TicketEncryptionType"">0x12</Data>
  <Data Name=""PreAuthType"">2</Data>
  <Data Name=""IpAddress"">::ffff:170.173.150.46</Data>
  <Data Name=""IpPort"">57895</Data>
  <Data Name=""CertIssuerName""></Data>
  <Data Name=""CertSerialNumber""></Data>
  <Data Name=""CertThumbprint""></Data>
</EventData>",4768,"4768 - A Kerberos authentication ticket (TGT) was requested.",,,,,,,,,,,,,,,,,,null,null,,,,null,,,,,,,,,,,,,,,,,,,,,,,,,,,,null,,,,,,,,,,,,,,,,,,"::ffff:170.173.150.46",57895,null,,,,,,,,,,,null,,,,,,,,,,,,,,,,,,,,,,,,,,,,,,,,,,,,,,,,,,,,,,,,,,,,,,,,,,,,,,,,,,,,,,,,,,krbtgt,null,,,,,,0x0,,,,,,,,,,,,,,"PHSWA\p380355",PHSWA,,,,,,,,"S-1-5-21-420551719-245851362-9522986-126573",,p380355,,,,,,,,,,,,,,,,,,"17784e06-f029-48b9-af31-001560eb6c40","ae07aab5-a9e2-465b-b87e-bd913b616465","00000000-0000-0000-0000-000000000001","2020-10-16T14:45:29.297Z","AOI-552b9630-b106-4fe7-a1fa-97d04a0010ef",SecurityEvent,
"552b9630-b106-4fe7-a1fa-97d04a0010ef","2020-10-16T14:45:28.5Z",OpsManager,"PHSWA\SEDT920366$",Machine,"WN77043.wa.providence.org","Microsoft-Windows-Security-Auditing",Security,12544,8,,4624,"4624 - An account was successfully logged on.",,,,,,,,,,,,,,,,,,null,null,Kerberos,,,null,,,,,,,,,,,,,,,,,,,,,,,,,,,,null,,,,,,,,,,,,,,,,"%%1833",,"10.217.168.46",63909,0,"-",,,,,,"15f8f896-a685-da18-843d-5541b5baf1ea",,,Kerberos,3,"3 - Network",,,,,,,,,,,,,,,,,,,,,,,,,,,,,,,,,,,,,,,,,,,,,,,,,"-",0x0,"-",,,,,,,,,,,,,,,,,,,,,,,null,,,,,,,"-\-",,,,"-",,0x0,,,"-","S-1-0-0",,,"PHSWA\SEDT920366$",PHSWA,,,,0x210f418a6,,,,,,"SEDT920366$","S-1-5-21-420551719-245851362-9522986-501842",,,,,,,,"-",,,,,,,,"-","17784e06-f029-48b9-af31-001560eb6c40","888b8e1f-d785-4037-a1c2-f7b726e696f6","00000000-0000-0000-0000-000000000001","2020-10-16T14:45:29.297Z","AOI-552b9630-b106-4fe7-a1fa-97d04a0010ef",SecurityEvent,
"552b9630-b106-4fe7-a1fa-97d04a0010ef","2020-10-16T14:45:28.5Z",OpsManager,"EXT\x9022152",User,"WN77043.wa.providence.org","Microsoft-Windows-Security-Auditing",Security,12544,8,,4624,"4624 - An account was successfully logged on.",,,,,,,,,,,,,,,,,,null,null,Kerberos,,,null,,,,,,,,,,,,,,,,,,,,,,,,,,,,null,,,,,,,,,,,,,,,,"%%1833",,"170.173.96.202",59898,0,"-",,,,,,"508c1153-315d-2785-56a3-c21fcd7e1f54",,,Kerberos,3,"3 - Network",,,,,,,,,,,,,,,,,,,,,,,,,,,,,,,,,,,,,,,,,,,,,,,,,"-",0x0,"-",,,,,,,,,,,,,,,,,,,,,,,null,,,,,,,"-\-",,,,"-",,0x0,,,"-","S-1-0-0",,,"EXT\x9022152",EXT,,,,0x210f418ca,,,,,,x9022152,"S-1-5-21-3858881673-1015867954-130600935-1496",,,,,,,,"-",,,,,,,,"-","17784e06-f029-48b9-af31-001560eb6c40","d897f646-b9c6-468c-b633-f5f1d06e0497","00000000-0000-0000-0000-000000000001","2020-10-16T14:45:29.297Z","AOI-552b9630-b106-4fe7-a1fa-97d04a0010ef",SecurityEvent,
"552b9630-b106-4fe7-a1fa-97d04a0010ef","2020-10-16T14:45:28.517Z",OpsManager,"PHSWA\SEDT911315$",Machine,"WN77043.wa.providence.org","Microsoft-Windows-Security-Auditing",Security,12545,8,,4634,"4634 - An account was logged off.",,,,,,,,,,,,,,,,,,null,null,,,,null,,,,,,,,,,,,,,,,,,,,,,,,,,,,null,,,,,,,,,,,,,,,,,,,,null,,,,,,,,,,,3,"3 - Network",,,,,,,,,,,,,,,,,,,,,,,,,,,,,,,,,,,,,,,,,,,,,,,,,,,,,,,,,,,,,,,,,,,,,,,,,,null,,,,,,,,,,,,,,,,,,,,"PHSWA\SEDT911315$",PHSWA,,,,0x210eeefee,,,,,,"SEDT911315$","S-1-5-21-420551719-245851362-9522986-510895",,,,,,,,,,,,,,,,,"17784e06-f029-48b9-af31-001560eb6c40","b8764398-254b-4cd5-8c50-d1721cf10fa3","00000000-0000-0000-0000-000000000001","2020-10-16T14:45:29.297Z","AOI-552b9630-b106-4fe7-a1fa-97d04a0010ef",SecurityEvent,
"552b9630-b106-4fe7-a1fa-97d04a0010ef","2020-10-16T14:45:28.517Z",OpsManager,"AD\servInfobloxSyncDNS",User,"WN77043.wa.providence.org","Microsoft-Windows-Security-Auditing",Security,12545,8,,4634,"4634 - An account was logged off.",,,,,,,,,,,,,,,,,,null,null,,,,null,,,,,,,,,,,,,,,,,,,,,,,,,,,,null,,,,,,,,,,,,,,,,,,,,null,,,,,,,,,,,3,"3 - Network",,,,,,,,,,,,,,,,,,,,,,,,,,,,,,,,,,,,,,,,,,,,,,,,,,,,,,,,,,,,,,,,,,,,,,,,,,null,,,,,,,,,,,,,,,,,,,,"AD\servInfobloxSyncDNS",AD,,,,0x210f417b6,,,,,,servInfobloxSyncDNS,"S-1-5-21-1078081533-725345543-682003330-38622",,,,,,,,,,,,,,,,,"17784e06-f029-48b9-af31-001560eb6c40","0cb0aae0-c80e-4e03-a91e-9988fbee93cf","00000000-0000-0000-0000-000000000001","2020-10-16T14:45:29.297Z","AOI-552b9630-b106-4fe7-a1fa-97d04a0010ef",SecurityEvent,
"552b9630-b106-4fe7-a1fa-97d04a0010ef","2020-10-16T14:45:28.517Z",OpsManager,"AD\servInfobloxSyncDNS",User,"WN77043.wa.providence.org","Microsoft-Windows-Security-Auditing",Security,12545,8,,4634,"4634 - An account was logged off.",,,,,,,,,,,,,,,,,,null,null,,,,null,,,,,,,,,,,,,,,,,,,,,,,,,,,,null,,,,,,,,,,,,,,,,,,,,null,,,,,,,,,,,3,"3 - Network",,,,,,,,,,,,,,,,,,,,,,,,,,,,,,,,,,,,,,,,,,,,,,,,,,,,,,,,,,,,,,,,,,,,,,,,,,null,,,,,,,,,,,,,,,,,,,,"AD\servInfobloxSyncDNS",AD,,,,0x210f4182f,,,,,,servInfobloxSyncDNS,"S-1-5-21-1078081533-725345543-682003330-38622",,,,,,,,,,,,,,,,,"17784e06-f029-48b9-af31-001560eb6c40","0f4604c0-3a90-4c18-87dd-af2c575f6d37","00000000-0000-0000-0000-000000000001","2020-10-16T14:45:29.297Z","AOI-552b9630-b106-4fe7-a1fa-97d04a0010ef",SecurityEvent,
"552b9630-b106-4fe7-a1fa-97d04a0010ef","2020-10-16T14:45:28.517Z",OpsManager,"AD\servInfobloxSyncDNS",User,"WN77043.wa.providence.org","Microsoft-Windows-Security-Auditing",Security,12545,8,,4634,"4634 - An account was logged off.",,,,,,,,,,,,,,,,,,null,null,,,,null,,,,,,,,,,,,,,,,,,,,,,,,,,,,null,,,,,,,,,,,,,,,,,,,,null,,,,,,,,,,,3,"3 - Network",,,,,,,,,,,,,,,,,,,,,,,,,,,,,,,,,,,,,,,,,,,,,,,,,,,,,,,,,,,,,,,,,,,,,,,,,,null,,,,,,,,,,,,,,,,,,,,"AD\servInfobloxSyncDNS",AD,,,,0x210f417ca,,,,,,servInfobloxSyncDNS,"S-1-5-21-1078081533-725345543-682003330-38622",,,,,,,,,,,,,,,,,"17784e06-f029-48b9-af31-001560eb6c40","457c0285-ea17-48de-a7db-8acfb4781397","00000000-0000-0000-0000-000000000001","2020-10-16T14:45:29.297Z","AOI-552b9630-b106-4fe7-a1fa-97d04a0010ef",SecurityEvent,
"552b9630-b106-4fe7-a1fa-97d04a0010ef","2020-10-16T14:45:28.533Z",OpsManager,"AD\servInfobloxSyncDNS",User,"WN77043.wa.providence.org","Microsoft-Windows-Security-Auditing",Security,12545,8,,4634,"4634 - An account was logged off.",,,,,,,,,,,,,,,,,,null,null,,,,null,,,,,,,,,,,,,,,,,,,,,,,,,,,,null,,,,,,,,,,,,,,,,,,,,null,,,,,,,,,,,3,"3 - Network",,,,,,,,,,,,,,,,,,,,,,,,,,,,,,,,,,,,,,,,,,,,,,,,,,,,,,,,,,,,,,,,,,,,,,,,,,null,,,,,,,,,,,,,,,,,,,,"AD\servInfobloxSyncDNS",AD,,,,0x210f41847,,,,,,servInfobloxSyncDNS,"S-1-5-21-1078081533-725345543-682003330-38622",,,,,,,,,,,,,,,,,"17784e06-f029-48b9-af31-001560eb6c40","fae8c7e8-725e-41c1-97f9-908aeab6c3d5","00000000-0000-0000-0000-000000000001","2020-10-16T14:45:29.297Z","AOI-552b9630-b106-4fe7-a1fa-97d04a0010ef",SecurityEvent,
"552b9630-b106-4fe7-a1fa-97d04a0010ef","2020-10-16T14:45:28.533Z",OpsManager,"PHSWA\WADT1018226$",Machine,"WN77043.wa.providence.org","Microsoft-Windows-Security-Auditing",Security,12545,8,,4634,"4634 - An account was logged off.",,,,,,,,,,,,,,,,,,null,null,,,,null,,,,,,,,,,,,,,,,,,,,,,,,,,,,null,,,,,,,,,,,,,,,,,,,,null,,,,,,,,,,,3,"3 - Network",,,,,,,,,,,,,,,,,,,,,,,,,,,,,,,,,,,,,,,,,,,,,,,,,,,,,,,,,,,,,,,,,,,,,,,,,,null,,,,,,,,,,,,,,,,,,,,"PHSWA\WADT1018226$",PHSWA,,,,0x210f23448,,,,,,"WADT1018226$","S-1-5-21-420551719-245851362-9522986-552558",,,,,,,,,,,,,,,,,"17784e06-f029-48b9-af31-001560eb6c40","f20c7093-5fe0-481c-b720-69676d5ab98a","00000000-0000-0000-0000-000000000001","2020-10-16T14:45:29.297Z","AOI-552b9630-b106-4fe7-a1fa-97d04a0010ef",SecurityEvent,
"552b9630-b106-4fe7-a1fa-97d04a0010ef","2020-10-16T14:45:28.533Z",OpsManager,,,"WN77043.wa.providence.org","Microsoft-Windows-Security-Auditing",Security,14339,8,"<EventData xmlns=""http://schemas.microsoft.com/win/2004/08/events/event"">
  <Data Name=""TargetUserName"">serv_GEDC</Data>
  <Data Name=""TargetDomainName"">phswa</Data>
  <Data Name=""TargetSid"">S-1-5-21-420551719-245851362-9522986-129291</Data>
  <Data Name=""ServiceName"">krbtgt</Data>
  <Data Name=""ServiceSid"">S-1-5-21-420551719-245851362-9522986-502</Data>
  <Data Name=""TicketOptions"">0x40810010</Data>
  <Data Name=""Status"">0x0</Data>
  <Data Name=""TicketEncryptionType"">0x12</Data>
  <Data Name=""PreAuthType"">2</Data>
  <Data Name=""IpAddress"">2002:aaad:f6f5::aaad:f6f5</Data>
  <Data Name=""IpPort"">58087</Data>
  <Data Name=""CertIssuerName""></Data>
  <Data Name=""CertSerialNumber""></Data>
  <Data Name=""CertThumbprint""></Data>
</EventData>",4768,"4768 - A Kerberos authentication ticket (TGT) was requested.",,,,,,,,,,,,,,,,,,null,null,,,,null,,,,,,,,,,,,,,,,,,,,,,,,,,,,null,,,,,,,,,,,,,,,,,,"2002:aaad:f6f5::aaad:f6f5",58087,null,,,,,,,,,,,null,,,,,,,,,,,,,,,,,,,,,,,,,,,,,,,,,,,,,,,,,,,,,,,,,,,,,,,,,,,,,,,,,,,,,,,,,,krbtgt,null,,,,,,0x0,,,,,,,,,,,,,,"phswa\serv_GEDC",phswa,,,,,,,,"S-1-5-21-420551719-245851362-9522986-129291",,"serv_GEDC",,,,,,,,,,,,,,,,,,"17784e06-f029-48b9-af31-001560eb6c40","5061cb25-cb31-49bb-b3c3-05add3bce314","00000000-0000-0000-0000-000000000001","2020-10-16T14:45:29.297Z","AOI-552b9630-b106-4fe7-a1fa-97d04a0010ef",SecurityEvent,
"552b9630-b106-4fe7-a1fa-97d04a0010ef","2020-10-16T14:45:28.547Z",OpsManager,"PHSWA\p397218",User,"WN77043.wa.providence.org","Microsoft-Windows-Security-Auditing",Security,12545,8,,4634,"4634 - An account was logged off.",,,,,,,,,,,,,,,,,,null,null,,,,null,,,,,,,,,,,,,,,,,,,,,,,,,,,,null,,,,,,,,,,,,,,,,,,,,null,,,,,,,,,,,3,"3 - Network",,,,,,,,,,,,,,,,,,,,,,,,,,,,,,,,,,,,,,,,,,,,,,,,,,,,,,,,,,,,,,,,,,,,,,,,,,null,,,,,,,,,,,,,,,,,,,,"PHSWA\p397218",PHSWA,,,,0x210e62142,,,,,,p397218,"S-1-5-21-420551719-245851362-9522986-187517",,,,,,,,,,,,,,,,,"17784e06-f029-48b9-af31-001560eb6c40","03f8a592-e438-4a08-84fb-250aaddf38ce","00000000-0000-0000-0000-000000000001","2020-10-16T14:45:29.297Z","AOI-552b9630-b106-4fe7-a1fa-97d04a0010ef",SecurityEvent,
