"552b9630-b106-4fe7-a1fa-97d04a0010ef","2020-10-16T14:45:27.307Z",OpsManager,,,"WN73201.ad.providence.org","Microsoft-Windows-Security-Auditing",Security,14339,8,"<EventData xmlns=""http://schemas.microsoft.com/win/2004/08/events/event"">
  <Data Name=""TargetUserName"">RUIZJ13</Data>
  <Data Name=""TargetDomainName"">AD</Data>
  <Data Name=""TargetSid"">S-1-5-21-1078081533-725345543-682003330-479897</Data>
  <Data Name=""ServiceName"">krbtgt</Data>
  <Data Name=""ServiceSid"">S-1-5-21-1078081533-725345543-682003330-502</Data>
  <Data Name=""TicketOptions"">0x40810010</Data>
  <Data Name=""Status"">0x0</Data>
  <Data Name=""TicketEncryptionType"">0x12</Data>
  <Data Name=""PreAuthType"">2</Data>
  <Data Name=""IpAddress"">::ffff:10.249.3.63</Data>
  <Data Name=""IpPort"">57173</Data>
  <Data Name=""CertIssuerName""></Data>
  <Data Name=""CertSerialNumber""></Data>
  <Data Name=""CertThumbprint""></Data>
</EventData>",4768,"4768 - A Kerberos authentication ticket (TGT) was requested.",,,,,,,,,,,,,,,,,,null,null,,,,null,,,,,,,,,,,,,,,,,,,,,,,,,,,,null,,,,,,,,,,,,,,,,,,"::ffff:10.249.3.63",57173,null,,,,,,,,,,,null,,,,,,,,,,,,,,,,,,,,,,,,,,,,,,,,,,,,,,,,,,,,,,,,,,,,,,,,,,,,,,,,,,,,,,,,,,krbtgt,null,,,,,,0x0,,,,,,,,,,,,,,"AD\RUIZJ13",AD,,,,,,,,"S-1-5-21-1078081533-725345543-682003330-479897",,RUIZJ13,,,,,,,,,,,,,,,,,,"e9823817-3e12-441f-aa9e-07379874d8fd","694bca3a-974b-4963-a7fb-09450250a485","00000000-0000-0000-0000-000000000001","2020-10-16T14:45:28.279Z","AOI-552b9630-b106-4fe7-a1fa-97d04a0010ef",SecurityEvent,
"552b9630-b106-4fe7-a1fa-97d04a0010ef","2020-10-16T14:45:27.307Z",OpsManager,,,"WN73201.ad.providence.org","Microsoft-Windows-Security-Auditing",Security,14339,8,"<EventData xmlns=""http://schemas.microsoft.com/win/2004/08/events/event"">
  <Data Name=""TargetUserName"">SPEEDONHJ1</Data>
  <Data Name=""TargetDomainName"">AD</Data>
  <Data Name=""TargetSid"">S-1-5-21-1078081533-725345543-682003330-353701</Data>
  <Data Name=""ServiceName"">krbtgt</Data>
  <Data Name=""ServiceSid"">S-1-5-21-1078081533-725345543-682003330-502</Data>
  <Data Name=""TicketOptions"">0x40810010</Data>
  <Data Name=""Status"">0x0</Data>
  <Data Name=""TicketEncryptionType"">0x12</Data>
  <Data Name=""PreAuthType"">2</Data>
  <Data Name=""IpAddress"">::ffff:10.249.3.156</Data>
  <Data Name=""IpPort"">59976</Data>
  <Data Name=""CertIssuerName""></Data>
  <Data Name=""CertSerialNumber""></Data>
  <Data Name=""CertThumbprint""></Data>
</EventData>",4768,"4768 - A Kerberos authentication ticket (TGT) was requested.",,,,,,,,,,,,,,,,,,null,null,,,,null,,,,,,,,,,,,,,,,,,,,,,,,,,,,null,,,,,,,,,,,,,,,,,,"::ffff:10.249.3.156",59976,null,,,,,,,,,,,null,,,,,,,,,,,,,,,,,,,,,,,,,,,,,,,,,,,,,,,,,,,,,,,,,,,,,,,,,,,,,,,,,,,,,,,,,,krbtgt,null,,,,,,0x0,,,,,,,,,,,,,,"AD\SPEEDONHJ1",AD,,,,,,,,"S-1-5-21-1078081533-725345543-682003330-353701",,SPEEDONHJ1,,,,,,,,,,,,,,,,,,"e9823817-3e12-441f-aa9e-07379874d8fd","ab5a6dc3-16be-4d29-a1c2-5bb87ef5d1c8","00000000-0000-0000-0000-000000000001","2020-10-16T14:45:28.279Z","AOI-552b9630-b106-4fe7-a1fa-97d04a0010ef",SecurityEvent,
"552b9630-b106-4fe7-a1fa-97d04a0010ef","2020-10-16T14:45:27.307Z",OpsManager,,,"WN73201.ad.providence.org","Microsoft-Windows-Security-Auditing",Security,14339,8,"<EventData xmlns=""http://schemas.microsoft.com/win/2004/08/events/event"">
  <Data Name=""TargetUserName"">FranklinJ1</Data>
  <Data Name=""TargetDomainName"">ad.providence.org</Data>
  <Data Name=""TargetSid"">S-1-5-21-1078081533-725345543-682003330-339470</Data>
  <Data Name=""ServiceName"">krbtgt</Data>
  <Data Name=""ServiceSid"">S-1-5-21-1078081533-725345543-682003330-502</Data>
  <Data Name=""TicketOptions"">0x40810010</Data>
  <Data Name=""Status"">0x0</Data>
  <Data Name=""TicketEncryptionType"">0x12</Data>
  <Data Name=""PreAuthType"">2</Data>
  <Data Name=""IpAddress"">::ffff:10.249.3.53</Data>
  <Data Name=""IpPort"">64742</Data>
  <Data Name=""CertIssuerName""></Data>
  <Data Name=""CertSerialNumber""></Data>
  <Data Name=""CertThumbprint""></Data>
</EventData>",4768,"4768 - A Kerberos authentication ticket (TGT) was requested.",,,,,,,,,,,,,,,,,,null,null,,,,null,,,,,,,,,,,,,,,,,,,,,,,,,,,,null,,,,,,,,,,,,,,,,,,"::ffff:10.249.3.53",64742,null,,,,,,,,,,,null,,,,,,,,,,,,,,,,,,,,,,,,,,,,,,,,,,,,,,,,,,,,,,,,,,,,,,,,,,,,,,,,,,,,,,,,,,krbtgt,null,,,,,,0x0,,,,,,,,,,,,,,"ad.providence.org\FranklinJ1","ad.providence.org",,,,,,,,"S-1-5-21-1078081533-725345543-682003330-339470",,FranklinJ1,,,,,,,,,,,,,,,,,,"e9823817-3e12-441f-aa9e-07379874d8fd","f232c6f3-0711-43bb-b40d-52f4fa77bc17","00000000-0000-0000-0000-000000000001","2020-10-16T14:45:28.279Z","AOI-552b9630-b106-4fe7-a1fa-97d04a0010ef",SecurityEvent,
"552b9630-b106-4fe7-a1fa-97d04a0010ef","2020-10-16T14:45:27.307Z",OpsManager,,,"WN73201.ad.providence.org","Microsoft-Windows-Security-Auditing",Security,14339,8,"<EventData xmlns=""http://schemas.microsoft.com/win/2004/08/events/event"">
  <Data Name=""TargetUserName"">FranklinJ1</Data>
  <Data Name=""TargetDomainName"">ad.providence.org</Data>
  <Data Name=""TargetSid"">S-1-5-21-1078081533-725345543-682003330-339470</Data>
  <Data Name=""ServiceName"">krbtgt</Data>
  <Data Name=""ServiceSid"">S-1-5-21-1078081533-725345543-682003330-502</Data>
  <Data Name=""TicketOptions"">0x40810010</Data>
  <Data Name=""Status"">0x0</Data>
  <Data Name=""TicketEncryptionType"">0x12</Data>
  <Data Name=""PreAuthType"">2</Data>
  <Data Name=""IpAddress"">::ffff:10.249.3.53</Data>
  <Data Name=""IpPort"">64743</Data>
  <Data Name=""CertIssuerName""></Data>
  <Data Name=""CertSerialNumber""></Data>
  <Data Name=""CertThumbprint""></Data>
</EventData>",4768,"4768 - A Kerberos authentication ticket (TGT) was requested.",,,,,,,,,,,,,,,,,,null,null,,,,null,,,,,,,,,,,,,,,,,,,,,,,,,,,,null,,,,,,,,,,,,,,,,,,"::ffff:10.249.3.53",64743,null,,,,,,,,,,,null,,,,,,,,,,,,,,,,,,,,,,,,,,,,,,,,,,,,,,,,,,,,,,,,,,,,,,,,,,,,,,,,,,,,,,,,,,krbtgt,null,,,,,,0x0,,,,,,,,,,,,,,"ad.providence.org\FranklinJ1","ad.providence.org",,,,,,,,"S-1-5-21-1078081533-725345543-682003330-339470",,FranklinJ1,,,,,,,,,,,,,,,,,,"e9823817-3e12-441f-aa9e-07379874d8fd","600f6cf6-8d57-447e-945d-905b1ec84660","00000000-0000-0000-0000-000000000001","2020-10-16T14:45:28.279Z","AOI-552b9630-b106-4fe7-a1fa-97d04a0010ef",SecurityEvent,
"552b9630-b106-4fe7-a1fa-97d04a0010ef","2020-10-16T14:45:27.323Z",OpsManager,,,"WN73201.ad.providence.org","Microsoft-Windows-Security-Auditing",Security,12544,16,"<EventData xmlns=""http://schemas.microsoft.com/win/2004/08/events/event"">
  <Data Name=""TargetUserSid"">S-1-5-21-798254582-200106796-1537874043-659043</Data>
  <Data Name=""TargetUserName"">-</Data>
  <Data Name=""TargetDomainName"">-</Data>
  <Data Name=""TdoDirection"">2</Data>
  <Data Name=""TdoAttributes"">8</Data>
  <Data Name=""TdoType"">2</Data>
  <Data Name=""TdoSid"">S-1-5-21-798254582-200106796-1537874043</Data>
  <Data Name=""SidList""> 		%{S-1-5-21-2077830440-1524508046-10498456-512} 		%{S-1-5-21-379607110-125704906-1236795852-512} 		%{S-1-5-21-379607110-125704906-1236795852-513} 		%{S-1-5-21-422978413-2066309399-315576832-512} 		%{S-1-5-21-422978413-2066309399-315576832-513} 		%{S-1-5-21-1078081533-1844237615-1417001333-23299} 		%{S-1-5-21-1078081533-1844237615-1417001333-34836} 		%{S-1-5-21-1078081533-1844237615-1417001333-29206} 		%{S-1-5-21-1078081533-1844237615-1417001333-34868} 		%{S-1-5-21-1078081533-1844237615-1417001333-23875} 		%{S-1-5-21-1078081533-1844237615-1417001333-34752} 		%{S-1-5-21-1078081533-1844237615-1417001333-34787} 		%{S-1-5-21-970664977-1458773745-315576832-3078} 		%{S-1-5-21-422978413-2066309399-315576832-6693} 		%{S-1-5-21-251936714-831723214-1236795852-3298} 		%{S-1-5-21-1078081533-1844237615-1417001333-21015} 		%{S-1-5-21-1078081533-1844237615-1417001333-28628}</Data>
</EventData>",4675,"4675 - SIDs were filtered.",,,,,,,,,,,,,,,,,,null,null,,,,null,,,,,,,,,,,,,,,,,,,,,,,,,,,,null,,,,,,,,,,,,,,,,,,,,null,,,,,,,,,,,null,,,,,,,,,,,,,,,,,,,,,,,,,,,,,,,,,,,,,,,,,,,,,,,,,,,,,,,,,,,,,,,,,,,,,,,,,,,null,,,,,,,,,,,,,,,,,,,,"-\-","-",,,,,,,,,,"-","S-1-5-21-798254582-200106796-1537874043-659043",,,,,,,,,,,,,,,,,"e9823817-3e12-441f-aa9e-07379874d8fd","d5dec6af-c4b9-43d5-a350-e091ee1f23be","00000000-0000-0000-0000-000000000001","2020-10-16T14:45:28.279Z","AOI-552b9630-b106-4fe7-a1fa-97d04a0010ef",SecurityEvent,
"552b9630-b106-4fe7-a1fa-97d04a0010ef","2020-10-16T14:45:27.323Z",OpsManager,,,"WN73201.ad.providence.org","Microsoft-Windows-Security-Auditing",Security,14339,8,"<EventData xmlns=""http://schemas.microsoft.com/win/2004/08/events/event"">
  <Data Name=""TargetUserName"">FranklinJ1</Data>
  <Data Name=""TargetDomainName"">ad.providence.org</Data>
  <Data Name=""TargetSid"">S-1-5-21-1078081533-725345543-682003330-339470</Data>
  <Data Name=""ServiceName"">krbtgt</Data>
  <Data Name=""ServiceSid"">S-1-5-21-1078081533-725345543-682003330-502</Data>
  <Data Name=""TicketOptions"">0x40810010</Data>
  <Data Name=""Status"">0x0</Data>
  <Data Name=""TicketEncryptionType"">0x12</Data>
  <Data Name=""PreAuthType"">2</Data>
  <Data Name=""IpAddress"">::ffff:10.249.3.53</Data>
  <Data Name=""IpPort"">64750</Data>
  <Data Name=""CertIssuerName""></Data>
  <Data Name=""CertSerialNumber""></Data>
  <Data Name=""CertThumbprint""></Data>
</EventData>",4768,"4768 - A Kerberos authentication ticket (TGT) was requested.",,,,,,,,,,,,,,,,,,null,null,,,,null,,,,,,,,,,,,,,,,,,,,,,,,,,,,null,,,,,,,,,,,,,,,,,,"::ffff:10.249.3.53",64750,null,,,,,,,,,,,null,,,,,,,,,,,,,,,,,,,,,,,,,,,,,,,,,,,,,,,,,,,,,,,,,,,,,,,,,,,,,,,,,,,,,,,,,,krbtgt,null,,,,,,0x0,,,,,,,,,,,,,,"ad.providence.org\FranklinJ1","ad.providence.org",,,,,,,,"S-1-5-21-1078081533-725345543-682003330-339470",,FranklinJ1,,,,,,,,,,,,,,,,,,"e9823817-3e12-441f-aa9e-07379874d8fd","a52c11fb-c866-4b91-8235-d8926dbf5b3b","00000000-0000-0000-0000-000000000001","2020-10-16T14:45:28.279Z","AOI-552b9630-b106-4fe7-a1fa-97d04a0010ef",SecurityEvent,
"552b9630-b106-4fe7-a1fa-97d04a0010ef","2020-10-16T14:45:27.323Z",OpsManager,"SJHS-NT\tmcculloch",User,"WN73201.ad.providence.org","Microsoft-Windows-Security-Auditing",Security,12545,8,,4634,"4634 - An account was logged off.",,,,,,,,,,,,,,,,,,null,null,,,,null,,,,,,,,,,,,,,,,,,,,,,,,,,,,null,,,,,,,,,,,,,,,,,,,,null,,,,,,,,,,,3,"3 - Network",,,,,,,,,,,,,,,,,,,,,,,,,,,,,,,,,,,,,,,,,,,,,,,,,,,,,,,,,,,,,,,,,,,,,,,,,,null,,,,,,,,,,,,,,,,,,,,"SJHS-NT\tmcculloch","SJHS-NT",,,,0x45cf07db6,,,,,,tmcculloch,"S-1-5-21-798254582-200106796-1537874043-60177",,,,,,,,,,,,,,,,,"e9823817-3e12-441f-aa9e-07379874d8fd","a1a1fd70-9576-43b1-bbd3-975acc6e42f6","00000000-0000-0000-0000-000000000001","2020-10-16T14:45:28.279Z","AOI-552b9630-b106-4fe7-a1fa-97d04a0010ef",SecurityEvent,
"552b9630-b106-4fe7-a1fa-97d04a0010ef","2020-10-16T14:45:27.323Z",OpsManager,"SJHS-NT\tmcculloch",User,"WN73201.ad.providence.org","Microsoft-Windows-Security-Auditing",Security,12545,8,,4634,"4634 - An account was logged off.",,,,,,,,,,,,,,,,,,null,null,,,,null,,,,,,,,,,,,,,,,,,,,,,,,,,,,null,,,,,,,,,,,,,,,,,,,,null,,,,,,,,,,,3,"3 - Network",,,,,,,,,,,,,,,,,,,,,,,,,,,,,,,,,,,,,,,,,,,,,,,,,,,,,,,,,,,,,,,,,,,,,,,,,,null,,,,,,,,,,,,,,,,,,,,"SJHS-NT\tmcculloch","SJHS-NT",,,,0x45cf07cae,,,,,,tmcculloch,"S-1-5-21-798254582-200106796-1537874043-60177",,,,,,,,,,,,,,,,,"e9823817-3e12-441f-aa9e-07379874d8fd","ab374e14-3910-4580-8837-ca28387c72b4","00000000-0000-0000-0000-000000000001","2020-10-16T14:45:28.279Z","AOI-552b9630-b106-4fe7-a1fa-97d04a0010ef",SecurityEvent,
"552b9630-b106-4fe7-a1fa-97d04a0010ef","2020-10-16T14:45:27.323Z",OpsManager,"SJHS-NT\tmcculloch",User,"WN73201.ad.providence.org","Microsoft-Windows-Security-Auditing",Security,12545,8,,4634,"4634 - An account was logged off.",,,,,,,,,,,,,,,,,,null,null,,,,null,,,,,,,,,,,,,,,,,,,,,,,,,,,,null,,,,,,,,,,,,,,,,,,,,null,,,,,,,,,,,3,"3 - Network",,,,,,,,,,,,,,,,,,,,,,,,,,,,,,,,,,,,,,,,,,,,,,,,,,,,,,,,,,,,,,,,,,,,,,,,,,null,,,,,,,,,,,,,,,,,,,,"SJHS-NT\tmcculloch","SJHS-NT",,,,0x45cf078af,,,,,,tmcculloch,"S-1-5-21-798254582-200106796-1537874043-60177",,,,,,,,,,,,,,,,,"e9823817-3e12-441f-aa9e-07379874d8fd","2deeb106-c5bf-4691-b034-ad994685e0ac","00000000-0000-0000-0000-000000000001","2020-10-16T14:45:28.279Z","AOI-552b9630-b106-4fe7-a1fa-97d04a0010ef",SecurityEvent,
"552b9630-b106-4fe7-a1fa-97d04a0010ef","2020-10-16T14:45:27.323Z",OpsManager,,,"WN73201.ad.providence.org","Microsoft-Windows-Security-Auditing",Security,14336,8,"<EventData xmlns=""http://schemas.microsoft.com/win/2004/08/events/event"">
  <Data Name=""PackageName"">MICROSOFT_AUTHENTICATION_PACKAGE_V1_0</Data>
  <Data Name=""TargetUserName"">UNZUETAU1</Data>
  <Data Name=""Workstation"">CTXXAP6A331-VP</Data>
  <Data Name=""Status"">0x0</Data>
</EventData>",4776,"4776 - The domain controller attempted to validate the credentials for an account.",,,,,,,,,,,,,,,,,,null,null,,,,null,,,,,,,,,,,,,,,,,,,,,,,,,,,,null,,,,,,,,,,,,,,,,,,,,null,,,,,,,,,,,null,,,,,,,,,,,,,,,,,,,,,,,,,,,,,,,,,,,,,,,,"MICROSOFT_AUTHENTICATION_PACKAGE_V1_0",,,,,,,,,,,,,,,,,,,,,,,,,,,,,,,,,,,null,,,,,,0x0,,,,,,,,,,,,,,UNZUETAU1,,,,,,,,,,,UNZUETAU1,,,,,,,,,,,,,,,,"CTXXAP6A331-VP",,"e9823817-3e12-441f-aa9e-07379874d8fd","a671315d-d59e-4250-b4eb-fe80f8dae0da","00000000-0000-0000-0000-000000000001","2020-10-16T14:45:28.279Z","AOI-552b9630-b106-4fe7-a1fa-97d04a0010ef",SecurityEvent,
"552b9630-b106-4fe7-a1fa-97d04a0010ef","2020-10-16T14:45:27.323Z",OpsManager,,,"WN73201.ad.providence.org","Microsoft-Windows-Security-Auditing",Security,14339,8,"<EventData xmlns=""http://schemas.microsoft.com/win/2004/08/events/event"">
  <Data Name=""TargetUserName"">FranklinJ1</Data>
  <Data Name=""TargetDomainName"">ad.providence.org</Data>
  <Data Name=""TargetSid"">S-1-5-21-1078081533-725345543-682003330-339470</Data>
  <Data Name=""ServiceName"">krbtgt</Data>
  <Data Name=""ServiceSid"">S-1-5-21-1078081533-725345543-682003330-502</Data>
  <Data Name=""TicketOptions"">0x40810010</Data>
  <Data Name=""Status"">0x0</Data>
  <Data Name=""TicketEncryptionType"">0x12</Data>
  <Data Name=""PreAuthType"">2</Data>
  <Data Name=""IpAddress"">::ffff:10.249.3.138</Data>
  <Data Name=""IpPort"">54207</Data>
  <Data Name=""CertIssuerName""></Data>
  <Data Name=""CertSerialNumber""></Data>
  <Data Name=""CertThumbprint""></Data>
</EventData>",4768,"4768 - A Kerberos authentication ticket (TGT) was requested.",,,,,,,,,,,,,,,,,,null,null,,,,null,,,,,,,,,,,,,,,,,,,,,,,,,,,,null,,,,,,,,,,,,,,,,,,"::ffff:10.249.3.138",54207,null,,,,,,,,,,,null,,,,,,,,,,,,,,,,,,,,,,,,,,,,,,,,,,,,,,,,,,,,,,,,,,,,,,,,,,,,,,,,,,,,,,,,,,krbtgt,null,,,,,,0x0,,,,,,,,,,,,,,"ad.providence.org\FranklinJ1","ad.providence.org",,,,,,,,"S-1-5-21-1078081533-725345543-682003330-339470",,FranklinJ1,,,,,,,,,,,,,,,,,,"e9823817-3e12-441f-aa9e-07379874d8fd","e33a517b-c1aa-4422-8720-6dd2834102b8","00000000-0000-0000-0000-000000000001","2020-10-16T14:45:28.279Z","AOI-552b9630-b106-4fe7-a1fa-97d04a0010ef",SecurityEvent,
"552b9630-b106-4fe7-a1fa-97d04a0010ef","2020-10-16T14:45:27.323Z",OpsManager,,,"WN73201.ad.providence.org","Microsoft-Windows-Security-Auditing",Security,14339,8,"<EventData xmlns=""http://schemas.microsoft.com/win/2004/08/events/event"">
  <Data Name=""TargetUserName"">FLORESJ17</Data>
  <Data Name=""TargetDomainName"">AD</Data>
  <Data Name=""TargetSid"">S-1-5-21-1078081533-725345543-682003330-339756</Data>
  <Data Name=""ServiceName"">krbtgt</Data>
  <Data Name=""ServiceSid"">S-1-5-21-1078081533-725345543-682003330-502</Data>
  <Data Name=""TicketOptions"">0x40810010</Data>
  <Data Name=""Status"">0x0</Data>
  <Data Name=""TicketEncryptionType"">0x12</Data>
  <Data Name=""PreAuthType"">2</Data>
  <Data Name=""IpAddress"">::ffff:10.249.3.162</Data>
  <Data Name=""IpPort"">51674</Data>
  <Data Name=""CertIssuerName""></Data>
  <Data Name=""CertSerialNumber""></Data>
  <Data Name=""CertThumbprint""></Data>
</EventData>",4768,"4768 - A Kerberos authentication ticket (TGT) was requested.",,,,,,,,,,,,,,,,,,null,null,,,,null,,,,,,,,,,,,,,,,,,,,,,,,,,,,null,,,,,,,,,,,,,,,,,,"::ffff:10.249.3.162",51674,null,,,,,,,,,,,null,,,,,,,,,,,,,,,,,,,,,,,,,,,,,,,,,,,,,,,,,,,,,,,,,,,,,,,,,,,,,,,,,,,,,,,,,,krbtgt,null,,,,,,0x0,,,,,,,,,,,,,,"AD\FLORESJ17",AD,,,,,,,,"S-1-5-21-1078081533-725345543-682003330-339756",,FLORESJ17,,,,,,,,,,,,,,,,,,"e9823817-3e12-441f-aa9e-07379874d8fd","a3d2a68a-aa2c-4fe3-9edd-64f6751e3f4c","00000000-0000-0000-0000-000000000001","2020-10-16T14:45:28.279Z","AOI-552b9630-b106-4fe7-a1fa-97d04a0010ef",SecurityEvent,
"552b9630-b106-4fe7-a1fa-97d04a0010ef","2020-10-16T14:45:27.337Z",OpsManager,,,"WN73201.ad.providence.org","Microsoft-Windows-Security-Auditing",Security,14339,8,"<EventData xmlns=""http://schemas.microsoft.com/win/2004/08/events/event"">
  <Data Name=""TargetUserName"">MEEKSB1</Data>
  <Data Name=""TargetDomainName"">AD.PROVIDENCE.ORG</Data>
  <Data Name=""TargetSid"">S-1-5-21-1078081533-725345543-682003330-326531</Data>
  <Data Name=""ServiceName"">krbtgt</Data>
  <Data Name=""ServiceSid"">S-1-5-21-1078081533-725345543-682003330-502</Data>
  <Data Name=""TicketOptions"">0x40810010</Data>
  <Data Name=""Status"">0x0</Data>
  <Data Name=""TicketEncryptionType"">0x12</Data>
  <Data Name=""PreAuthType"">2</Data>
  <Data Name=""IpAddress"">::ffff:10.249.3.157</Data>
  <Data Name=""IpPort"">58924</Data>
  <Data Name=""CertIssuerName""></Data>
  <Data Name=""CertSerialNumber""></Data>
  <Data Name=""CertThumbprint""></Data>
</EventData>",4768,"4768 - A Kerberos authentication ticket (TGT) was requested.",,,,,,,,,,,,,,,,,,null,null,,,,null,,,,,,,,,,,,,,,,,,,,,,,,,,,,null,,,,,,,,,,,,,,,,,,"::ffff:10.249.3.157",58924,null,,,,,,,,,,,null,,,,,,,,,,,,,,,,,,,,,,,,,,,,,,,,,,,,,,,,,,,,,,,,,,,,,,,,,,,,,,,,,,,,,,,,,,krbtgt,null,,,,,,0x0,,,,,,,,,,,,,,"AD.PROVIDENCE.ORG\MEEKSB1","AD.PROVIDENCE.ORG",,,,,,,,"S-1-5-21-1078081533-725345543-682003330-326531",,MEEKSB1,,,,,,,,,,,,,,,,,,"e9823817-3e12-441f-aa9e-07379874d8fd","14229cb3-e2a9-4685-98c8-8311ebab5bb2","00000000-0000-0000-0000-000000000001","2020-10-16T14:45:28.279Z","AOI-552b9630-b106-4fe7-a1fa-97d04a0010ef",SecurityEvent,
"552b9630-b106-4fe7-a1fa-97d04a0010ef","2020-10-16T14:45:27.337Z",OpsManager,"AD\HHF-VMC-JP0WG02$",Machine,"WN73201.ad.providence.org","Microsoft-Windows-Security-Auditing",Security,12544,8,,4624,"4624 - An account was successfully logged on.",,,,,,,,,,,,,,,,,,null,null,Kerberos,,,null,,,,,,,,,,,,,,,,,,,,,,,,,,,,null,,,,,,,,,,,,,,,,"%%1833",,"10.199.184.252",65511,0,"-",,,,,,"026f5479-2954-8ead-9b79-3f3fedb62557",,,Kerberos,3,"3 - Network",,,,,,,,,,,,,,,,,,,,,,,,,,,,,,,,,,,,,,,,,,,,,,,,,"-",0x0,"-",,,,,,,,,,,,,,,,,,,,,,,null,,,,,,,"-\-",,,,"-",,0x0,,,"-","S-1-0-0",,,"AD\HHF-VMC-JP0WG02$",AD,,,,0x45cf0883e,,,,,,"HHF-VMC-JP0WG02$","S-1-5-21-1078081533-725345543-682003330-500940",,,,,,,,"-",,,,,,,,"-","e9823817-3e12-441f-aa9e-07379874d8fd","60ea50f2-3b83-4774-88d2-de275c20b8a7","00000000-0000-0000-0000-000000000001","2020-10-16T14:45:28.279Z","AOI-552b9630-b106-4fe7-a1fa-97d04a0010ef",SecurityEvent,
"552b9630-b106-4fe7-a1fa-97d04a0010ef","2020-10-16T14:45:00.007Z",OpsManager,"NT AUTHORITY\SYSTEM",User,"CTXDBSVT-ALL001.wa.providence.org","Microsoft-Windows-AppLocker","Microsoft-Windows-AppLocker/EXE and DLL",0,4,"<UserData xmlns=""http://schemas.microsoft.com/win/2004/08/events/event"">
  <RuleAndFileData xmlns=""http://schemas.microsoft.com/schemas/event/Microsoft.Windows/1.0.0.0"">
    <PolicyNameLength>3</PolicyNameLength>
    <PolicyName>EXE</PolicyName>
    <RuleId>{8197c27c-0a16-429f-a14e-a46290a7acda}</RuleId>
    <RuleNameLength>24</RuleNameLength>
    <RuleName>(Default Rule) All Exe's</RuleName>
    <RuleSddlLength>48</RuleSddlLength>
    <RuleSddl>D:(XA;;FX;;;S-1-1-0;(APPID://PATH Contains ""*""))</RuleSddl>
    <TargetUser>S-1-5-18</TargetUser>
    <TargetProcessId>3656</TargetProcessId>
    <FilePathLength>22</FilePathLength>
    <FilePath>%SYSTEM32%\CSCRIPT.EXE</FilePath>
    <FileHashLength>32</FileHashLength>
    <FileHash>7EA894876FF19F8E2B3D2803BE3D3317FDFD23297BCACC116D79230C8A9E1741</FileHash>
    <FqbnLength>116</FqbnLength>
    <Fqbn>O=MICROSOFT CORPORATION, L=REDMOND, S=WASHINGTON, C=US\MICROSOFT ® WINDOWS SCRIPT HOST\CSCRIPT.EXE\5.812.10240.16384</Fqbn>
    <TargetLogonId>0x3e7</TargetLogonId>
  </RuleAndFileData>
</UserData>",8002,"8002 - A process was allowed to run.",,,,,,,,,,,,,,,,,,null,null,,,,null,,,,,,,,,,,,,,,,,,,,,,,,,,,,null,,,7EA894876FF19F8E2B3D2803BE3D3317FDFD23297BCACC116D79230C8A9E1741,"%SYSTEM32%\CSCRIPT.EXE",,,,"O=MICROSOFT CORPORATION, L=REDMOND, S=WASHINGTON, C=US\MICROSOFT ® WINDOWS SCRIPT HOST\CSCRIPT.EXE\5.812.10240.16384",,,,,,,,,,,,null,,,,,,,,,,,null,,,,,,,,,,,,,,,,,,,,,,,,,,,,,,,,,,,,,,,,,,,,,,,,,,"CSCRIPT.EXE",,,,,,,,,,,,,,,,,,,,,,,,,null,,,,,,,,,,,,,,,,,,,,,,,,,,,,,,"S-1-5-18",,,,,,,,,,,,,,,,,,,"cde4ce27-474b-4fd1-b593-3066dce05a36","af52c4f0-23dd-4427-99cc-a97907c029cd","00000000-0000-0000-0000-000000000001","2020-10-16T14:45:31.209Z","AOI-552b9630-b106-4fe7-a1fa-97d04a0010ef",SecurityEvent,"/subscriptions/d2fdcc78-8450-466b-a819-8aa3051a29c3/resourcegroups/ctx-t01-sql-wu2-rg/providers/microsoft.compute/virtualmachines/ctxdbsvt-all001"
"552b9630-b106-4fe7-a1fa-97d04a0010ef","2020-10-16T14:45:00.02Z",OpsManager,"NT AUTHORITY\SYSTEM",User,"CTXDBSVT-ALL001.wa.providence.org","Microsoft-Windows-AppLocker","Microsoft-Windows-AppLocker/EXE and DLL",0,4,"<UserData xmlns=""http://schemas.microsoft.com/win/2004/08/events/event"">
  <RuleAndFileData xmlns=""http://schemas.microsoft.com/schemas/event/Microsoft.Windows/1.0.0.0"">
    <PolicyNameLength>3</PolicyNameLength>
    <PolicyName>EXE</PolicyName>
    <RuleId>{8197c27c-0a16-429f-a14e-a46290a7acda}</RuleId>
    <RuleNameLength>24</RuleNameLength>
    <RuleName>(Default Rule) All Exe's</RuleName>
    <RuleSddlLength>48</RuleSddlLength>
    <RuleSddl>D:(XA;;FX;;;S-1-1-0;(APPID://PATH Contains ""*""))</RuleSddl>
    <TargetUser>S-1-5-18</TargetUser>
    <TargetProcessId>784</TargetProcessId>
    <FilePathLength>22</FilePathLength>
    <FilePath>%SYSTEM32%\CONHOST.EXE</FilePath>
    <FileHashLength>32</FileHashLength>
    <FileHash>BC1227A2616D84BB32AA432860C4B2A6E1B2C0062784FEC034EF2B3D9BED66AE</FileHash>
    <FqbnLength>119</FqbnLength>
    <Fqbn>O=MICROSOFT CORPORATION, L=REDMOND, S=WASHINGTON, C=US\MICROSOFT® WINDOWS® OPERATING SYSTEM\CONHOST.EXE\10.0.17763.1075</Fqbn>
    <TargetLogonId>0x3e7</TargetLogonId>
  </RuleAndFileData>
</UserData>",8002,"8002 - A process was allowed to run.",,,,,,,,,,,,,,,,,,null,null,,,,null,,,,,,,,,,,,,,,,,,,,,,,,,,,,null,,,BC1227A2616D84BB32AA432860C4B2A6E1B2C0062784FEC034EF2B3D9BED66AE,"%SYSTEM32%\CONHOST.EXE",,,,"O=MICROSOFT CORPORATION, L=REDMOND, S=WASHINGTON, C=US\MICROSOFT® WINDOWS® OPERATING SYSTEM\CONHOST.EXE\10.0.17763.1075",,,,,,,,,,,,null,,,,,,,,,,,null,,,,,,,,,,,,,,,,,,,,,,,,,,,,,,,,,,,,,,,,,,,,,,,,,,"CONHOST.EXE",,,,,,,,,,,,,,,,,,,,,,,,,null,,,,,,,,,,,,,,,,,,,,,,,,,,,,,,"S-1-5-18",,,,,,,,,,,,,,,,,,,"cde4ce27-474b-4fd1-b593-3066dce05a36","e74d08ba-f183-48ed-9551-861770786c46","00000000-0000-0000-0000-000000000001","2020-10-16T14:45:31.209Z","AOI-552b9630-b106-4fe7-a1fa-97d04a0010ef",SecurityEvent,"/subscriptions/d2fdcc78-8450-466b-a819-8aa3051a29c3/resourcegroups/ctx-t01-sql-wu2-rg/providers/microsoft.compute/virtualmachines/ctxdbsvt-all001"
"552b9630-b106-4fe7-a1fa-97d04a0010ef","2020-10-16T14:45:00.003Z",OpsManager,"PHSWA\CTXDBSVT-ALL001$",Machine,"CTXDBSVT-ALL001.wa.providence.org","Microsoft-Windows-Security-Auditing",Security,13312,8,,4688,"4688 - A new process has been created.",,,,,,,,,,,,,,,,,,null,null,,,,null,,,,,,,,,,,,,,,"""C:\windows\system32\cscript.exe"" /nologo ""MonitorKnowledgeDiscovery.vbs""",,,,,,,,,,,,,null,,,,,,,,,,,,,,,,,,,,null,,,,,,,,,,,null,,,,,"S-1-16-16384",,,,,,,,,,,,,,,0xe48,"C:\Windows\System32\cscript.exe",,,,,,,,,,,,,,,,,,,,"C:\Program Files\Microsoft Monitoring Agent\Agent\MonitoringHost.exe",,,,,,,,,"cscript.exe",0x844,,,,,,,,,,,,,,,,,,,,,,,,null,,,,,,,"PHSWA\CTXDBSVT-ALL001$",,,,PHSWA,,0x3e7,,,"CTXDBSVT-ALL001$","S-1-5-18",,,"-\-","-",,,,0x0,,,,,,"-","S-1-0-0",,,,,,,"%%1936",,,,,,,,,,"cde4ce27-474b-4fd1-b593-3066dce05a36","59577903-60e3-4c27-9856-a15aa2e975dd","00000000-0000-0000-0000-000000000001","2020-10-16T14:45:31.209Z","AOI-552b9630-b106-4fe7-a1fa-97d04a0010ef",SecurityEvent,"/subscriptions/d2fdcc78-8450-466b-a819-8aa3051a29c3/resourcegroups/ctx-t01-sql-wu2-rg/providers/microsoft.compute/virtualmachines/ctxdbsvt-all001"
"552b9630-b106-4fe7-a1fa-97d04a0010ef","2020-10-16T14:45:00.02Z",OpsManager,"PHSWA\CTXDBSVT-ALL001$",Machine,"CTXDBSVT-ALL001.wa.providence.org","Microsoft-Windows-Security-Auditing",Security,13312,8,,4688,"4688 - A new process has been created.",,,,,,,,,,,,,,,,,,null,null,,,,null,,,,,,,,,,,,,,,"\??\C:\windows\system32\conhost.exe 0xffffffff -ForceV1",,,,,,,,,,,,,null,,,,,,,,,,,,,,,,,,,,null,,,,,,,,,,,null,,,,,"S-1-16-16384",,,,,,,,,,,,,,,0x310,"C:\Windows\System32\conhost.exe",,,,,,,,,,,,,,,,,,,,"C:\Windows\System32\cscript.exe",,,,,,,,,"conhost.exe",0xe48,,,,,,,,,,,,,,,,,,,,,,,,null,,,,,,,"PHSWA\CTXDBSVT-ALL001$",,,,PHSWA,,0x3e7,,,"CTXDBSVT-ALL001$","S-1-5-18",,,"-\-","-",,,,0x0,,,,,,"-","S-1-0-0",,,,,,,"%%1936",,,,,,,,,,"cde4ce27-474b-4fd1-b593-3066dce05a36","9415469b-f262-4226-b12b-322e8585588c","00000000-0000-0000-0000-000000000001","2020-10-16T14:45:31.209Z","AOI-552b9630-b106-4fe7-a1fa-97d04a0010ef",SecurityEvent,"/subscriptions/d2fdcc78-8450-466b-a819-8aa3051a29c3/resourcegroups/ctx-t01-sql-wu2-rg/providers/microsoft.compute/virtualmachines/ctxdbsvt-all001"
"552b9630-b106-4fe7-a1fa-97d04a0010ef","2020-10-16T14:45:29.037Z",OpsManager,"SJHS-NT\EXCDBSVP-002$",Machine,"ADSAPPVP-013.stjoe.org","Microsoft-Windows-Security-Auditing",Security,12545,8,,4634,"4634 - An account was logged off.",,,,,,,,,,,,,,,,,,null,null,,,,null,,,,,,,,,,,,,,,,,,,,,,,,,,,,null,,,,,,,,,,,,,,,,,,,,null,,,,,,,,,,,3,"3 - Network",,,,,,,,,,,,,,,,,,,,,,,,,,,,,,,,,,,,,,,,,,,,,,,,,,,,,,,,,,,,,,,,,,,,,,,,,,null,,,,,,,,,,,,,,,,,,,,"SJHS-NT\EXCDBSVP-002$","SJHS-NT",,,,0x34401f99f,,,,,,"EXCDBSVP-002$","S-1-5-21-798254582-200106796-1537874043-436497",,,,,,,,,,,,,,,,,"f90edae5-2f21-4738-af75-b8b5488f8141","65302539-ae0f-4656-877d-7748698b4b81","00000000-0000-0000-0000-000000000001","2020-10-16T14:45:30.776Z","AOI-552b9630-b106-4fe7-a1fa-97d04a0010ef",SecurityEvent,
"552b9630-b106-4fe7-a1fa-97d04a0010ef","2020-10-16T14:45:29.07Z",OpsManager,,,"ADSAPPVP-013.stjoe.org","Microsoft-Windows-Security-Auditing",Security,14336,8,"<EventData xmlns=""http://schemas.microsoft.com/win/2004/08/events/event"">
  <Data Name=""PackageName"">MICROSOFT_AUTHENTICATION_PACKAGE_V1_0</Data>
  <Data Name=""TargetUserName"">SysCenter-Action</Data>
  <Data Name=""Workstation"">\\SYNAPPVP-009</Data>
  <Data Name=""Status"">0x0</Data>
</EventData>",4776,"4776 - The domain controller attempted to validate the credentials for an account.",,,,,,,,,,,,,,,,,,null,null,,,,null,,,,,,,,,,,,,,,,,,,,,,,,,,,,null,,,,,,,,,,,,,,,,,,,,null,,,,,,,,,,,null,,,,,,,,,,,,,,,,,,,,,,,,,,,,,,,,,,,,,,,,"MICROSOFT_AUTHENTICATION_PACKAGE_V1_0",,,,,,,,,,,,,,,,,,,,,,,,,,,,,,,,,,,null,,,,,,0x0,,,,,,,,,,,,,,"SysCenter-Action",,,,,,,,,,,"SysCenter-Action",,,,,,,,,,,,,,,,"\\SYNAPPVP-009",,"f90edae5-2f21-4738-af75-b8b5488f8141","1552913a-139b-4f0c-b193-101e897a2e0d","00000000-0000-0000-0000-000000000001","2020-10-16T14:45:30.776Z","AOI-552b9630-b106-4fe7-a1fa-97d04a0010ef",SecurityEvent,
"552b9630-b106-4fe7-a1fa-97d04a0010ef","2020-10-16T14:45:29.1Z",OpsManager,"SJHS-NT\ZINGLERG1",User,"ADSAPPVP-013.stjoe.org","Microsoft-Windows-Security-Auditing",Security,12545,8,,4634,"4634 - An account was logged off.",,,,,,,,,,,,,,,,,,null,null,,,,null,,,,,,,,,,,,,,,,,,,,,,,,,,,,null,,,,,,,,,,,,,,,,,,,,null,,,,,,,,,,,3,"3 - Network",,,,,,,,,,,,,,,,,,,,,,,,,,,,,,,,,,,,,,,,,,,,,,,,,,,,,,,,,,,,,,,,,,,,,,,,,,null,,,,,,,,,,,,,,,,,,,,"SJHS-NT\ZINGLERG1","SJHS-NT",,,,0x34401e301,,,,,,ZINGLERG1,"S-1-5-21-798254582-200106796-1537874043-407246",,,,,,,,,,,,,,,,,"f90edae5-2f21-4738-af75-b8b5488f8141","ee429347-451d-4a37-b586-45d1bc5e937f","00000000-0000-0000-0000-000000000001","2020-10-16T14:45:30.776Z","AOI-552b9630-b106-4fe7-a1fa-97d04a0010ef",SecurityEvent,
"552b9630-b106-4fe7-a1fa-97d04a0010ef","2020-10-16T14:45:29.117Z",OpsManager,"SJHS-NT\SRM-RES-CBBZT32$",Machine,"ADSAPPVP-013.stjoe.org","Microsoft-Windows-Security-Auditing",Security,12544,8,,4624,"4624 - An account was successfully logged on.",,,,,,,,,,,,,,,,,,null,null,Kerberos,,,null,,,,,,,,,,,,,,,,,,,,,,,,,,,,null,,,,,,,,,,,,,,,,"%%1833",,"10.209.111.152",52730,0,"-",,,,,,"3d417a37-5df5-4454-1992-f1b068353ac7",,,Kerberos,3,"3 - Network",,,,,,,,,,,,,,,,,,,,,,,,,,,,,,,,,,,,,,,,,,,,,,,,,"-",0x0,"-",,,,,,,,,,,,,,,,,,,,,,,null,,,,,,,"-\-",,,,"-",,0x0,,,"-","S-1-0-0",,,"SJHS-NT\SRM-RES-CBBZT32$","SJHS-NT",,,,0x34401fa6d,,,,,,"SRM-RES-CBBZT32$","S-1-5-21-798254582-200106796-1537874043-553475",,,,,,,,"-",,,,,,,,"-","f90edae5-2f21-4738-af75-b8b5488f8141","c31e37a4-47f1-4d42-93e5-02fe271abefd","00000000-0000-0000-0000-000000000001","2020-10-16T14:45:30.776Z","AOI-552b9630-b106-4fe7-a1fa-97d04a0010ef",SecurityEvent,
"552b9630-b106-4fe7-a1fa-97d04a0010ef","2020-10-16T14:45:29.147Z",OpsManager,"SJHS-NT\ZINGLERG1",User,"ADSAPPVP-013.stjoe.org","Microsoft-Windows-Security-Auditing",Security,12544,8,,4624,"4624 - An account was successfully logged on.",,,,,,,,,,,,,,,,,,null,null,Kerberos,,,null,,,,,,,,,,,,,,,,,,,,,,,,,,,,null,,,,,,,,,,,,,,,,"%%1833",,"10.250.229.13",59007,0,"-",,,,,,"314c6f2c-7cf6-0d61-7259-28f05e5d3813",,,Kerberos,3,"3 - Network",,,,,,,,,,,,,,,,,,,,,,,,,,,,,,,,,,,,,,,,,,,,,,,,,"-",0x0,"-",,,,,,,,,,,,,,,,,,,,,,,null,,,,,,,"-\-",,,,"-",,0x0,,,"-","S-1-0-0",,,"SJHS-NT\ZINGLERG1","SJHS-NT",,,,0x34401fa96,,,,,,ZINGLERG1,"S-1-5-21-798254582-200106796-1537874043-407246",,,,,,,,"-",,,,,,,,"-","f90edae5-2f21-4738-af75-b8b5488f8141","27a571e1-6fad-4252-86a3-bc52a03739d9","00000000-0000-0000-0000-000000000001","2020-10-16T14:45:30.776Z","AOI-552b9630-b106-4fe7-a1fa-97d04a0010ef",SecurityEvent,
"552b9630-b106-4fe7-a1fa-97d04a0010ef","2020-10-16T14:45:29.18Z",OpsManager,"SJHS-NT\HMS-HPS-5WKFSD2$",Machine,"ADSAPPVP-013.stjoe.org","Microsoft-Windows-Security-Auditing",Security,12544,8,,4624,"4624 - An account was successfully logged on.",,,,,,,,,,,,,,,,,,null,null,Kerberos,,,null,,,,,,,,,,,,,,,,,,,,,,,,,,,,null,,,,,,,,,,,,,,,,"%%1840",,"10.210.78.90",50095,0,"-",,,,,,"1c6dfc4f-0488-9d7a-d18c-22177a115c70",,,Kerberos,3,"3 - Network",,,,,,,,,,,,,,,,,,,,,,,,,,,,,,,,,,,,,,,,,,,,,,,,,"-",0x0,"-",,,,,,,,,,,,,,,,,,,,,,,null,,,,,,,"-\-",,,,"-",,0x0,,,"-","S-1-0-0",,,"SJHS-NT\HMS-HPS-5WKFSD2$","SJHS-NT",,,,0x34401faed,,,,,,"HMS-HPS-5WKFSD2$","S-1-5-21-798254582-200106796-1537874043-378068",,,,,,,,"-",,,,,,,,"-","f90edae5-2f21-4738-af75-b8b5488f8141","a6449ebe-793c-4e73-ac1e-21c6a1e3e2f3","00000000-0000-0000-0000-000000000001","2020-10-16T14:45:30.776Z","AOI-552b9630-b106-4fe7-a1fa-97d04a0010ef",SecurityEvent,
"552b9630-b106-4fe7-a1fa-97d04a0010ef","2020-10-16T14:45:29.18Z",OpsManager,,,"ADSAPPVP-013.stjoe.org","Microsoft-Windows-Security-Auditing",Security,14336,8,"<EventData xmlns=""http://schemas.microsoft.com/win/2004/08/events/event"">
  <Data Name=""PackageName"">MICROSOFT_AUTHENTICATION_PACKAGE_V1_0</Data>
  <Data Name=""TargetUserName"">mfears</Data>
  <Data Name=""Workstation"">XAMTLVS0A135</Data>
  <Data Name=""Status"">0x0</Data>
</EventData>",4776,"4776 - The domain controller attempted to validate the credentials for an account.",,,,,,,,,,,,,,,,,,null,null,,,,null,,,,,,,,,,,,,,,,,,,,,,,,,,,,null,,,,,,,,,,,,,,,,,,,,null,,,,,,,,,,,null,,,,,,,,,,,,,,,,,,,,,,,,,,,,,,,,,,,,,,,,"MICROSOFT_AUTHENTICATION_PACKAGE_V1_0",,,,,,,,,,,,,,,,,,,,,,,,,,,,,,,,,,,null,,,,,,0x0,,,,,,,,,,,,,,mfears,,,,,,,,,,,mfears,,,,,,,,,,,,,,,,XAMTLVS0A135,,"f90edae5-2f21-4738-af75-b8b5488f8141","36f0a5d7-f956-4722-a60a-496639c15f86","00000000-0000-0000-0000-000000000001","2020-10-16T14:45:30.776Z","AOI-552b9630-b106-4fe7-a1fa-97d04a0010ef",SecurityEvent,
"552b9630-b106-4fe7-a1fa-97d04a0010ef","2020-10-16T14:45:29.18Z",OpsManager,,,"ADSAPPVP-013.stjoe.org","Microsoft-Windows-Security-Auditing",Security,14336,8,"<EventData xmlns=""http://schemas.microsoft.com/win/2004/08/events/event"">
  <Data Name=""PackageName"">MICROSOFT_AUTHENTICATION_PACKAGE_V1_0</Data>
  <Data Name=""TargetUserName"">DESOTOTM1</Data>
  <Data Name=""Workstation"">XAMTLVS0A163</Data>
  <Data Name=""Status"">0x0</Data>
</EventData>",4776,"4776 - The domain controller attempted to validate the credentials for an account.",,,,,,,,,,,,,,,,,,null,null,,,,null,,,,,,,,,,,,,,,,,,,,,,,,,,,,null,,,,,,,,,,,,,,,,,,,,null,,,,,,,,,,,null,,,,,,,,,,,,,,,,,,,,,,,,,,,,,,,,,,,,,,,,"MICROSOFT_AUTHENTICATION_PACKAGE_V1_0",,,,,,,,,,,,,,,,,,,,,,,,,,,,,,,,,,,null,,,,,,0x0,,,,,,,,,,,,,,DESOTOTM1,,,,,,,,,,,DESOTOTM1,,,,,,,,,,,,,,,,XAMTLVS0A163,,"f90edae5-2f21-4738-af75-b8b5488f8141","d1691772-0414-4a60-a43a-b058a75bdde9","00000000-0000-0000-0000-000000000001","2020-10-16T14:45:30.776Z","AOI-552b9630-b106-4fe7-a1fa-97d04a0010ef",SecurityEvent,
"552b9630-b106-4fe7-a1fa-97d04a0010ef","2020-10-16T14:45:29.21Z",OpsManager,"AD\CASTELLAY1",User,"ADSAPPVP-013.stjoe.org","Microsoft-Windows-Security-Auditing",Security,12544,8,,4624,"4624 - An account was successfully logged on.",,,,,,,,,,,,,,,,,,null,null,Kerberos,,,null,,,,,,,,,,,,,,,,,,,,,,,,,,,,null,,,,,,,,,,,,,,,,"%%1833",,"10.184.19.166",63521,0,"-",,,,,,"309333c9-e13e-2cf6-7d5b-4147eba68a33",,,Kerberos,3,"3 - Network",,,,,,,,,,,,,,,,,,,,,,,,,,,,,,,,,,,,,,,,,,,,,,,,,"-",0x0,"-",,,,,,,,,,,,,,,,,,,,,,,null,,,,,,,"-\-",,,,"-",,0x0,,,"-","S-1-0-0",,,"AD\CASTELLAY1",AD,,,,0x34401fb63,,,,,,CASTELLAY1,"S-1-5-21-1078081533-725345543-682003330-346424",,,,,,,,"-",,,,,,,,"-","f90edae5-2f21-4738-af75-b8b5488f8141","d5cc7e4a-35cf-43a4-9be9-bc1b3ce60a1a","00000000-0000-0000-0000-000000000001","2020-10-16T14:45:30.776Z","AOI-552b9630-b106-4fe7-a1fa-97d04a0010ef",SecurityEvent,
"552b9630-b106-4fe7-a1fa-97d04a0010ef","2020-10-16T14:45:29.21Z",OpsManager,,,"ADSAPPVP-013.stjoe.org","Microsoft-Windows-Security-Auditing",Security,14336,8,"<EventData xmlns=""http://schemas.microsoft.com/win/2004/08/events/event"">
  <Data Name=""PackageName"">MICROSOFT_AUTHENTICATION_PACKAGE_V1_0</Data>
  <Data Name=""TargetUserName"">DESOTOTM1</Data>
  <Data Name=""Workstation"">XAMTLVS0A163</Data>
  <Data Name=""Status"">0x0</Data>
</EventData>",4776,"4776 - The domain controller attempted to validate the credentials for an account.",,,,,,,,,,,,,,,,,,null,null,,,,null,,,,,,,,,,,,,,,,,,,,,,,,,,,,null,,,,,,,,,,,,,,,,,,,,null,,,,,,,,,,,null,,,,,,,,,,,,,,,,,,,,,,,,,,,,,,,,,,,,,,,,"MICROSOFT_AUTHENTICATION_PACKAGE_V1_0",,,,,,,,,,,,,,,,,,,,,,,,,,,,,,,,,,,null,,,,,,0x0,,,,,,,,,,,,,,DESOTOTM1,,,,,,,,,,,DESOTOTM1,,,,,,,,,,,,,,,,XAMTLVS0A163,,"f90edae5-2f21-4738-af75-b8b5488f8141","265f99ee-7fd3-487a-8bd9-a4ec37d1720a","00000000-0000-0000-0000-000000000001","2020-10-16T14:45:30.776Z","AOI-552b9630-b106-4fe7-a1fa-97d04a0010ef",SecurityEvent,
"552b9630-b106-4fe7-a1fa-97d04a0010ef","2020-10-16T14:45:29.227Z",OpsManager,,,"ADSAPPVP-013.stjoe.org","Microsoft-Windows-Security-Auditing",Security,14336,8,"<EventData xmlns=""http://schemas.microsoft.com/win/2004/08/events/event"">
  <Data Name=""PackageName"">MICROSOFT_AUTHENTICATION_PACKAGE_V1_0</Data>
  <Data Name=""TargetUserName"">DESOTOTM1</Data>
  <Data Name=""Workstation"">XAMTLVS0A163</Data>
  <Data Name=""Status"">0x0</Data>
</EventData>",4776,"4776 - The domain controller attempted to validate the credentials for an account.",,,,,,,,,,,,,,,,,,null,null,,,,null,,,,,,,,,,,,,,,,,,,,,,,,,,,,null,,,,,,,,,,,,,,,,,,,,null,,,,,,,,,,,null,,,,,,,,,,,,,,,,,,,,,,,,,,,,,,,,,,,,,,,,"MICROSOFT_AUTHENTICATION_PACKAGE_V1_0",,,,,,,,,,,,,,,,,,,,,,,,,,,,,,,,,,,null,,,,,,0x0,,,,,,,,,,,,,,DESOTOTM1,,,,,,,,,,,DESOTOTM1,,,,,,,,,,,,,,,,XAMTLVS0A163,,"f90edae5-2f21-4738-af75-b8b5488f8141","b4e1e86a-f57a-47d7-8ec1-fda6cc2af39d","00000000-0000-0000-0000-000000000001","2020-10-16T14:45:30.776Z","AOI-552b9630-b106-4fe7-a1fa-97d04a0010ef",SecurityEvent,
"552b9630-b106-4fe7-a1fa-97d04a0010ef","2020-10-16T14:45:29.24Z",OpsManager,"SJHS-NT\SRM-RES-CBBZT32$",Machine,"ADSAPPVP-013.stjoe.org","Microsoft-Windows-Security-Auditing",Security,12544,8,,4624,"4624 - An account was successfully logged on.",,,,,,,,,,,,,,,,,,null,null,Kerberos,,,null,,,,,,,,,,,,,,,,,,,,,,,,,,,,null,,,,,,,,,,,,,,,,"%%1833",,"10.209.111.152",52740,0,"-",,,,,,"3d417a37-5df5-4454-1992-f1b068353ac7",,,Kerberos,3,"3 - Network",,,,,,,,,,,,,,,,,,,,,,,,,,,,,,,,,,,,,,,,,,,,,,,,,"-",0x0,"-",,,,,,,,,,,,,,,,,,,,,,,null,,,,,,,"-\-",,,,"-",,0x0,,,"-","S-1-0-0",,,"SJHS-NT\SRM-RES-CBBZT32$","SJHS-NT",,,,0x34401fb8c,,,,,,"SRM-RES-CBBZT32$","S-1-5-21-798254582-200106796-1537874043-553475",,,,,,,,"-",,,,,,,,"-","f90edae5-2f21-4738-af75-b8b5488f8141","31a9ee2e-3e74-4957-a671-6abc0d4c1c16","00000000-0000-0000-0000-000000000001","2020-10-16T14:45:30.776Z","AOI-552b9630-b106-4fe7-a1fa-97d04a0010ef",SecurityEvent,
"552b9630-b106-4fe7-a1fa-97d04a0010ef","2020-10-16T14:45:29.24Z",OpsManager,,,"ADSAPPVP-013.stjoe.org","Microsoft-Windows-Security-Auditing",Security,14336,8,"<EventData xmlns=""http://schemas.microsoft.com/win/2004/08/events/event"">
  <Data Name=""PackageName"">MICROSOFT_AUTHENTICATION_PACKAGE_V1_0</Data>
  <Data Name=""TargetUserName"">DESOTOTM1</Data>
  <Data Name=""Workstation"">XAMTLVS0A163</Data>
  <Data Name=""Status"">0x0</Data>
</EventData>",4776,"4776 - The domain controller attempted to validate the credentials for an account.",,,,,,,,,,,,,,,,,,null,null,,,,null,,,,,,,,,,,,,,,,,,,,,,,,,,,,null,,,,,,,,,,,,,,,,,,,,null,,,,,,,,,,,null,,,,,,,,,,,,,,,,,,,,,,,,,,,,,,,,,,,,,,,,"MICROSOFT_AUTHENTICATION_PACKAGE_V1_0",,,,,,,,,,,,,,,,,,,,,,,,,,,,,,,,,,,null,,,,,,0x0,,,,,,,,,,,,,,DESOTOTM1,,,,,,,,,,,DESOTOTM1,,,,,,,,,,,,,,,,XAMTLVS0A163,,"f90edae5-2f21-4738-af75-b8b5488f8141","49788b3a-3da6-4997-939b-eb2401a72c33","00000000-0000-0000-0000-000000000001","2020-10-16T14:45:30.776Z","AOI-552b9630-b106-4fe7-a1fa-97d04a0010ef",SecurityEvent,
"552b9630-b106-4fe7-a1fa-97d04a0010ef","2020-10-16T14:45:29.257Z",OpsManager,,,"ADSAPPVP-013.stjoe.org","Microsoft-Windows-Security-Auditing",Security,14336,8,"<EventData xmlns=""http://schemas.microsoft.com/win/2004/08/events/event"">
  <Data Name=""PackageName"">MICROSOFT_AUTHENTICATION_PACKAGE_V1_0</Data>
  <Data Name=""TargetUserName"">SysCenter-Action</Data>
  <Data Name=""Workstation"">\\SYNWEBVP-006</Data>
  <Data Name=""Status"">0x0</Data>
</EventData>",4776,"4776 - The domain controller attempted to validate the credentials for an account.",,,,,,,,,,,,,,,,,,null,null,,,,null,,,,,,,,,,,,,,,,,,,,,,,,,,,,null,,,,,,,,,,,,,,,,,,,,null,,,,,,,,,,,null,,,,,,,,,,,,,,,,,,,,,,,,,,,,,,,,,,,,,,,,"MICROSOFT_AUTHENTICATION_PACKAGE_V1_0",,,,,,,,,,,,,,,,,,,,,,,,,,,,,,,,,,,null,,,,,,0x0,,,,,,,,,,,,,,"SysCenter-Action",,,,,,,,,,,"SysCenter-Action",,,,,,,,,,,,,,,,"\\SYNWEBVP-006",,"f90edae5-2f21-4738-af75-b8b5488f8141","c703f46d-b87b-42d3-aa75-dff06988856f","00000000-0000-0000-0000-000000000001","2020-10-16T14:45:30.776Z","AOI-552b9630-b106-4fe7-a1fa-97d04a0010ef",SecurityEvent,
"552b9630-b106-4fe7-a1fa-97d04a0010ef","2020-10-16T14:45:29.273Z",OpsManager,,,"ADSAPPVP-013.stjoe.org","Microsoft-Windows-Security-Auditing",Security,14336,8,"<EventData xmlns=""http://schemas.microsoft.com/win/2004/08/events/event"">
  <Data Name=""PackageName"">MICROSOFT_AUTHENTICATION_PACKAGE_V1_0</Data>
  <Data Name=""TargetUserName"">TWSupp1SVC</Data>
  <Data Name=""Workstation"">TWKMON001-VP</Data>
  <Data Name=""Status"">0x0</Data>
</EventData>",4776,"4776 - The domain controller attempted to validate the credentials for an account.",,,,,,,,,,,,,,,,,,null,null,,,,null,,,,,,,,,,,,,,,,,,,,,,,,,,,,null,,,,,,,,,,,,,,,,,,,,null,,,,,,,,,,,null,,,,,,,,,,,,,,,,,,,,,,,,,,,,,,,,,,,,,,,,"MICROSOFT_AUTHENTICATION_PACKAGE_V1_0",,,,,,,,,,,,,,,,,,,,,,,,,,,,,,,,,,,null,,,,,,0x0,,,,,,,,,,,,,,TWSupp1SVC,,,,,,,,,,,TWSupp1SVC,,,,,,,,,,,,,,,,"TWKMON001-VP",,"f90edae5-2f21-4738-af75-b8b5488f8141","84eab979-00ba-4398-92ca-c09b972a6894","00000000-0000-0000-0000-000000000001","2020-10-16T14:45:30.776Z","AOI-552b9630-b106-4fe7-a1fa-97d04a0010ef",SecurityEvent,
"552b9630-b106-4fe7-a1fa-97d04a0010ef","2020-10-16T14:45:29.287Z",OpsManager,"SJHS-NT\MHR-ISD-5CDX7M2$",Machine,"ADSAPPVP-013.stjoe.org","Microsoft-Windows-Security-Auditing",Security,12544,8,,4624,"4624 - An account was successfully logged on.",,,,,,,,,,,,,,,,,,null,null,Kerberos,,,null,,,,,,,,,,,,,,,,,,,,,,,,,,,,null,,,,,,,,,,,,,,,,"%%1833",,"10.187.21.185",49619,0,"-",,,,,,"2cb0a33b-6a17-32e2-aeb5-f20ac71b750a",,,Kerberos,3,"3 - Network",,,,,,,,,,,,,,,,,,,,,,,,,,,,,,,,,,,,,,,,,,,,,,,,,"-",0x0,"-",,,,,,,,,,,,,,,,,,,,,,,null,,,,,,,"-\-",,,,"-",,0x0,,,"-","S-1-0-0",,,"SJHS-NT\MHR-ISD-5CDX7M2$","SJHS-NT",,,,0x34401fbd7,,,,,,"MHR-ISD-5CDX7M2$","S-1-5-21-798254582-200106796-1537874043-767856",,,,,,,,"-",,,,,,,,"-","f90edae5-2f21-4738-af75-b8b5488f8141","6ae453a3-47e6-47f7-b89d-e9095293545e","00000000-0000-0000-0000-000000000001","2020-10-16T14:45:30.776Z","AOI-552b9630-b106-4fe7-a1fa-97d04a0010ef",SecurityEvent,
"552b9630-b106-4fe7-a1fa-97d04a0010ef","2020-10-16T14:45:29.287Z",OpsManager,"SJHS-NT\SJF-PAC-3H87GK2$",Machine,"ADSAPPVP-013.stjoe.org","Microsoft-Windows-Security-Auditing",Security,12544,8,,4624,"4624 - An account was successfully logged on.",,,,,,,,,,,,,,,,,,null,null,Kerberos,,,null,,,,,,,,,,,,,,,,,,,,,,,,,,,,null,,,,,,,,,,,,,,,,"%%1840",,"10.194.228.181",55762,0,"-",,,,,,"67452bd2-2224-1c63-78c3-0623fec753c7",,,Kerberos,3,"3 - Network",,,,,,,,,,,,,,,,,,,,,,,,,,,,,,,,,,,,,,,,,,,,,,,,,"-",0x0,"-",,,,,,,,,,,,,,,,,,,,,,,null,,,,,,,"-\-",,,,"-",,0x0,,,"-","S-1-0-0",,,"SJHS-NT\SJF-PAC-3H87GK2$","SJHS-NT",,,,0x34401fc04,,,,,,"SJF-PAC-3H87GK2$","S-1-5-21-798254582-200106796-1537874043-734230",,,,,,,,"-",,,,,,,,"-","f90edae5-2f21-4738-af75-b8b5488f8141","43fa438f-d58a-4a31-b905-7a7184a292d6","00000000-0000-0000-0000-000000000001","2020-10-16T14:45:30.776Z","AOI-552b9630-b106-4fe7-a1fa-97d04a0010ef",SecurityEvent,
"552b9630-b106-4fe7-a1fa-97d04a0010ef","2020-10-16T14:45:29.32Z",OpsManager,,,"ADSAPPVP-013.stjoe.org","Microsoft-Windows-Security-Auditing",Security,14336,8,"<EventData xmlns=""http://schemas.microsoft.com/win/2004/08/events/event"">
  <Data Name=""PackageName"">MICROSOFT_AUTHENTICATION_PACKAGE_V1_0</Data>
  <Data Name=""TargetUserName"">EDWINFORMATICA</Data>
  <Data Name=""Workstation"">INFPCM001-VA</Data>
  <Data Name=""Status"">0x0</Data>
</EventData>",4776,"4776 - The domain controller attempted to validate the credentials for an account.",,,,,,,,,,,,,,,,,,null,null,,,,null,,,,,,,,,,,,,,,,,,,,,,,,,,,,null,,,,,,,,,,,,,,,,,,,,null,,,,,,,,,,,null,,,,,,,,,,,,,,,,,,,,,,,,,,,,,,,,,,,,,,,,"MICROSOFT_AUTHENTICATION_PACKAGE_V1_0",,,,,,,,,,,,,,,,,,,,,,,,,,,,,,,,,,,null,,,,,,0x0,,,,,,,,,,,,,,EDWINFORMATICA,,,,,,,,,,,EDWINFORMATICA,,,,,,,,,,,,,,,,"INFPCM001-VA",,"f90edae5-2f21-4738-af75-b8b5488f8141","4fc605e2-aaa0-4e19-89bd-db72e3fc0500","00000000-0000-0000-0000-000000000001","2020-10-16T14:45:30.776Z","AOI-552b9630-b106-4fe7-a1fa-97d04a0010ef",SecurityEvent,
"552b9630-b106-4fe7-a1fa-97d04a0010ef","2020-10-16T14:45:29.35Z",OpsManager,,,"ADSAPPVP-013.stjoe.org","Microsoft-Windows-Security-Auditing",Security,14336,8,"<EventData xmlns=""http://schemas.microsoft.com/win/2004/08/events/event"">
  <Data Name=""PackageName"">MICROSOFT_AUTHENTICATION_PACKAGE_V1_0</Data>
  <Data Name=""TargetUserName"">TWSupp1SVC</Data>
  <Data Name=""Workstation"">TWKMON001-VP</Data>
  <Data Name=""Status"">0x0</Data>
</EventData>",4776,"4776 - The domain controller attempted to validate the credentials for an account.",,,,,,,,,,,,,,,,,,null,null,,,,null,,,,,,,,,,,,,,,,,,,,,,,,,,,,null,,,,,,,,,,,,,,,,,,,,null,,,,,,,,,,,null,,,,,,,,,,,,,,,,,,,,,,,,,,,,,,,,,,,,,,,,"MICROSOFT_AUTHENTICATION_PACKAGE_V1_0",,,,,,,,,,,,,,,,,,,,,,,,,,,,,,,,,,,null,,,,,,0x0,,,,,,,,,,,,,,TWSupp1SVC,,,,,,,,,,,TWSupp1SVC,,,,,,,,,,,,,,,,"TWKMON001-VP",,"f90edae5-2f21-4738-af75-b8b5488f8141","9daba79d-2fa8-41e3-ba58-f7639e2f9c0f","00000000-0000-0000-0000-000000000001","2020-10-16T14:45:30.776Z","AOI-552b9630-b106-4fe7-a1fa-97d04a0010ef",SecurityEvent,
"552b9630-b106-4fe7-a1fa-97d04a0010ef","2020-10-16T14:45:29.367Z",OpsManager,"SJHS-NT\COLJO",User,"ADSAPPVP-013.stjoe.org","Microsoft-Windows-Security-Auditing",Security,12544,8,,4624,"4624 - An account was successfully logged on.",,,,,,,,,,,,,,,,,,null,null,Kerberos,,,null,,,,,,,,,,,,,,,,,,,,,,,,,,,,null,,,,,,,,,,,,,,,,"%%1833",,"10.208.78.156",52694,0,"-",,,,,,"c6a022ea-a0bf-71b9-fb7b-67e98360d5c5",,,Kerberos,3,"3 - Network",,,,,,,,,,,,,,,,,,,,,,,,,,,,,,,,,,,,,,,,,,,,,,,,,"-",0x0,"-",,,,,,,,,,,,,,,,,,,,,,,null,,,,,,,"-\-",,,,"-",,0x0,,,"-","S-1-0-0",,,"SJHS-NT\COLJO","SJHS-NT",,,,0x34401fc61,,,,,,COLJO,"S-1-5-21-798254582-200106796-1537874043-171088",,,,,,,,"-",,,,,,,,"-","f90edae5-2f21-4738-af75-b8b5488f8141","6ac31f56-5ff0-47e3-934a-a32ebf682c1f","00000000-0000-0000-0000-000000000001","2020-10-16T14:45:30.776Z","AOI-552b9630-b106-4fe7-a1fa-97d04a0010ef",SecurityEvent,
"552b9630-b106-4fe7-a1fa-97d04a0010ef","2020-10-16T14:45:29.367Z",OpsManager,"SJHS-NT\AMG-DNS-FFTYT32$",Machine,"ADSAPPVP-013.stjoe.org","Microsoft-Windows-Security-Auditing",Security,12544,8,,4624,"4624 - An account was successfully logged on.",,,,,,,,,,,,,,,,,,null,null,Kerberos,,,null,,,,,,,,,,,,,,,,,,,,,,,,,,,,null,,,,,,,,,,,,,,,,"%%1833",,"10.176.68.156",52579,0,"-",,,,,,"999ecf02-8452-1659-a051-37a5123587e3",,,Kerberos,3,"3 - Network",,,,,,,,,,,,,,,,,,,,,,,,,,,,,,,,,,,,,,,,,,,,,,,,,"-",0x0,"-",,,,,,,,,,,,,,,,,,,,,,,null,,,,,,,"-\-",,,,"-",,0x0,,,"-","S-1-0-0",,,"SJHS-NT\AMG-DNS-FFTYT32$","SJHS-NT",,,,0x34401fc2d,,,,,,"AMG-DNS-FFTYT32$","S-1-5-21-798254582-200106796-1537874043-551576",,,,,,,,"-",,,,,,,,"-","f90edae5-2f21-4738-af75-b8b5488f8141","e8fab977-7cb7-4c7a-97ac-dac99ab54199","00000000-0000-0000-0000-000000000001","2020-10-16T14:45:30.776Z","AOI-552b9630-b106-4fe7-a1fa-97d04a0010ef",SecurityEvent,
"552b9630-b106-4fe7-a1fa-97d04a0010ef","2020-10-16T14:45:29.367Z",OpsManager,"SJHS-NT\QVM-ASC-DRYND42$",Machine,"ADSAPPVP-013.stjoe.org","Microsoft-Windows-Security-Auditing",Security,12545,8,,4634,"4634 - An account was logged off.",,,,,,,,,,,,,,,,,,null,null,,,,null,,,,,,,,,,,,,,,,,,,,,,,,,,,,null,,,,,,,,,,,,,,,,,,,,null,,,,,,,,,,,3,"3 - Network",,,,,,,,,,,,,,,,,,,,,,,,,,,,,,,,,,,,,,,,,,,,,,,,,,,,,,,,,,,,,,,,,,,,,,,,,,null,,,,,,,,,,,,,,,,,,,,"SJHS-NT\QVM-ASC-DRYND42$","SJHS-NT",,,,0x344013b64,,,,,,"QVM-ASC-DRYND42$","S-1-5-21-798254582-200106796-1537874043-298715",,,,,,,,,,,,,,,,,"f90edae5-2f21-4738-af75-b8b5488f8141","7f2ca221-96fd-4062-a25d-69d8875083e3","00000000-0000-0000-0000-000000000001","2020-10-16T14:45:30.776Z","AOI-552b9630-b106-4fe7-a1fa-97d04a0010ef",SecurityEvent,
"552b9630-b106-4fe7-a1fa-97d04a0010ef","2020-10-16T14:45:29.367Z",OpsManager,,,"ADSAPPVP-013.stjoe.org","Microsoft-Windows-Security-Auditing",Security,14336,8,"<EventData xmlns=""http://schemas.microsoft.com/win/2004/08/events/event"">
  <Data Name=""PackageName"">MICROSOFT_AUTHENTICATION_PACKAGE_V1_0</Data>
  <Data Name=""TargetUserName"">trevinod1</Data>
  <Data Name=""Workstation"">TXDT1039527</Data>
  <Data Name=""Status"">0x0</Data>
</EventData>",4776,"4776 - The domain controller attempted to validate the credentials for an account.",,,,,,,,,,,,,,,,,,null,null,,,,null,,,,,,,,,,,,,,,,,,,,,,,,,,,,null,,,,,,,,,,,,,,,,,,,,null,,,,,,,,,,,null,,,,,,,,,,,,,,,,,,,,,,,,,,,,,,,,,,,,,,,,"MICROSOFT_AUTHENTICATION_PACKAGE_V1_0",,,,,,,,,,,,,,,,,,,,,,,,,,,,,,,,,,,null,,,,,,0x0,,,,,,,,,,,,,,trevinod1,,,,,,,,,,,trevinod1,,,,,,,,,,,,,,,,TXDT1039527,,"f90edae5-2f21-4738-af75-b8b5488f8141","797e7c33-0be1-48a9-85c9-e1840c7dd361","00000000-0000-0000-0000-000000000001","2020-10-16T14:45:30.776Z","AOI-552b9630-b106-4fe7-a1fa-97d04a0010ef",SecurityEvent,
"552b9630-b106-4fe7-a1fa-97d04a0010ef","2020-10-16T14:45:29.367Z",OpsManager,,,"ADSAPPVP-013.stjoe.org","Microsoft-Windows-Security-Auditing",Security,14336,8,"<EventData xmlns=""http://schemas.microsoft.com/win/2004/08/events/event"">
  <Data Name=""PackageName"">MICROSOFT_AUTHENTICATION_PACKAGE_V1_0</Data>
  <Data Name=""TargetUserName"">TWSupp1SVC</Data>
  <Data Name=""Workstation"">TWKMON001-VP</Data>
  <Data Name=""Status"">0x0</Data>
</EventData>",4776,"4776 - The domain controller attempted to validate the credentials for an account.",,,,,,,,,,,,,,,,,,null,null,,,,null,,,,,,,,,,,,,,,,,,,,,,,,,,,,null,,,,,,,,,,,,,,,,,,,,null,,,,,,,,,,,null,,,,,,,,,,,,,,,,,,,,,,,,,,,,,,,,,,,,,,,,"MICROSOFT_AUTHENTICATION_PACKAGE_V1_0",,,,,,,,,,,,,,,,,,,,,,,,,,,,,,,,,,,null,,,,,,0x0,,,,,,,,,,,,,,TWSupp1SVC,,,,,,,,,,,TWSupp1SVC,,,,,,,,,,,,,,,,"TWKMON001-VP",,"f90edae5-2f21-4738-af75-b8b5488f8141","943bc6e5-d34c-4caf-89e6-b2d993ebf7e6","00000000-0000-0000-0000-000000000001","2020-10-16T14:45:30.776Z","AOI-552b9630-b106-4fe7-a1fa-97d04a0010ef",SecurityEvent,
"552b9630-b106-4fe7-a1fa-97d04a0010ef","2020-10-16T14:45:29.383Z",OpsManager,"SJHS-NT\caleb.Magee",User,"ADSAPPVP-013.stjoe.org","Microsoft-Windows-Security-Auditing",Security,12545,8,,4634,"4634 - An account was logged off.",,,,,,,,,,,,,,,,,,null,null,,,,null,,,,,,,,,,,,,,,,,,,,,,,,,,,,null,,,,,,,,,,,,,,,,,,,,null,,,,,,,,,,,3,"3 - Network",,,,,,,,,,,,,,,,,,,,,,,,,,,,,,,,,,,,,,,,,,,,,,,,,,,,,,,,,,,,,,,,,,,,,,,,,,null,,,,,,,,,,,,,,,,,,,,"SJHS-NT\caleb.Magee","SJHS-NT",,,,0x34401f978,,,,,,"caleb.Magee","S-1-5-21-798254582-200106796-1537874043-775816",,,,,,,,,,,,,,,,,"f90edae5-2f21-4738-af75-b8b5488f8141","73a4d8e5-2950-41f1-ac48-53d3d9372e5a","00000000-0000-0000-0000-000000000001","2020-10-16T14:45:30.776Z","AOI-552b9630-b106-4fe7-a1fa-97d04a0010ef",SecurityEvent,
