"552b9630-b106-4fe7-a1fa-97d04a0010ef","2020-10-16T14:45:29.383Z",OpsManager,"SJHS-NT\SRM-RES-CBBZT32$",Machine,"ADSAPPVP-013.stjoe.org","Microsoft-Windows-Security-Auditing",Security,12545,8,,4634,"4634 - An account was logged off.",,,,,,,,,,,,,,,,,,null,null,,,,null,,,,,,,,,,,,,,,,,,,,,,,,,,,,null,,,,,,,,,,,,,,,,,,,,null,,,,,,,,,,,3,"3 - Network",,,,,,,,,,,,,,,,,,,,,,,,,,,,,,,,,,,,,,,,,,,,,,,,,,,,,,,,,,,,,,,,,,,,,,,,,,null,,,,,,,,,,,,,,,,,,,,"SJHS-NT\SRM-RES-CBBZT32$","SJHS-NT",,,,0x34401fa6d,,,,,,"SRM-RES-CBBZT32$","S-1-5-21-798254582-200106796-1537874043-553475",,,,,,,,,,,,,,,,,"f90edae5-2f21-4738-af75-b8b5488f8141","c981f282-5ad5-4bdf-9031-730b3ef48085","00000000-0000-0000-0000-000000000001","2020-10-16T14:45:30.776Z","AOI-552b9630-b106-4fe7-a1fa-97d04a0010ef",SecurityEvent,
"552b9630-b106-4fe7-a1fa-97d04a0010ef","2020-10-16T14:45:29.383Z",OpsManager,"SJHS-NT\SRM-RES-CBBZT32$",Machine,"ADSAPPVP-013.stjoe.org","Microsoft-Windows-Security-Auditing",Security,12545,8,,4634,"4634 - An account was logged off.",,,,,,,,,,,,,,,,,,null,null,,,,null,,,,,,,,,,,,,,,,,,,,,,,,,,,,null,,,,,,,,,,,,,,,,,,,,null,,,,,,,,,,,3,"3 - Network",,,,,,,,,,,,,,,,,,,,,,,,,,,,,,,,,,,,,,,,,,,,,,,,,,,,,,,,,,,,,,,,,,,,,,,,,,null,,,,,,,,,,,,,,,,,,,,"SJHS-NT\SRM-RES-CBBZT32$","SJHS-NT",,,,0x34401fb8c,,,,,,"SRM-RES-CBBZT32$","S-1-5-21-798254582-200106796-1537874043-553475",,,,,,,,,,,,,,,,,"f90edae5-2f21-4738-af75-b8b5488f8141","8e55d4ce-6fe1-44ae-9acc-dc1f3659786d","00000000-0000-0000-0000-000000000001","2020-10-16T14:45:30.776Z","AOI-552b9630-b106-4fe7-a1fa-97d04a0010ef",SecurityEvent,
"552b9630-b106-4fe7-a1fa-97d04a0010ef","2020-10-16T14:45:29.397Z",OpsManager,"SJHS-NT\SRM-RAD-BGDJYR1$",Machine,"ADSAPPVP-013.stjoe.org","Microsoft-Windows-Security-Auditing",Security,12544,8,,4624,"4624 - An account was successfully logged on.",,,,,,,,,,,,,,,,,,null,null,Kerberos,,,null,,,,,,,,,,,,,,,,,,,,,,,,,,,,null,,,,,,,,,,,,,,,,"%%1840",,"2002:9c48:37bf::9c48:37bf",1663,0,"-",,,,,,"d5273181-5446-6683-2d47-c84e279dc9bc",,,Kerberos,3,"3 - Network",,,,,,,,,,,,,,,,,,,,,,,,,,,,,,,,,,,,,,,,,,,,,,,,,"-",0x0,"-",,,,,,,,,,,,,,,,,,,,,,,null,,,,,,,"-\-",,,,"-",,0x0,,,"-","S-1-0-0",,,"SJHS-NT\SRM-RAD-BGDJYR1$","SJHS-NT",,,,0x34401fca2,,,,,,"SRM-RAD-BGDJYR1$","S-1-5-21-798254582-200106796-1537874043-268067",,,,,,,,"-",,,,,,,,"-","f90edae5-2f21-4738-af75-b8b5488f8141","b1c03d0b-5cf8-4891-ae8c-f5521edf6818","00000000-0000-0000-0000-000000000001","2020-10-16T14:45:30.776Z","AOI-552b9630-b106-4fe7-a1fa-97d04a0010ef",SecurityEvent,
"552b9630-b106-4fe7-a1fa-97d04a0010ef","2020-10-16T14:45:29.397Z",OpsManager,"SJHS-NT\SRM-DPT-6DZFGB2$",Machine,"ADSAPPVP-013.stjoe.org","Microsoft-Windows-Security-Auditing",Security,12544,8,,4624,"4624 - An account was successfully logged on.",,,,,,,,,,,,,,,,,,null,null,Kerberos,,,null,,,,,,,,,,,,,,,,,,,,,,,,,,,,null,,,,,,,,,,,,,,,,"%%1833",,"10.156.163.122",49791,0,"-",,,,,,"c7c6178d-bead-f7e0-7d71-3b923798775b",,,Kerberos,3,"3 - Network",,,,,,,,,,,,,,,,,,,,,,,,,,,,,,,,,,,,,,,,,,,,,,,,,"-",0x0,"-",,,,,,,,,,,,,,,,,,,,,,,null,,,,,,,"-\-",,,,"-",,0x0,,,"-","S-1-0-0",,,"SJHS-NT\SRM-DPT-6DZFGB2$","SJHS-NT",,,,0x34401fc4d,,,,,,"SRM-DPT-6DZFGB2$","S-1-5-21-798254582-200106796-1537874043-391349",,,,,,,,"-",,,,,,,,"-","f90edae5-2f21-4738-af75-b8b5488f8141","71997d0a-6e52-4817-a453-842a0df1febe","00000000-0000-0000-0000-000000000001","2020-10-16T14:45:30.776Z","AOI-552b9630-b106-4fe7-a1fa-97d04a0010ef",SecurityEvent,
"552b9630-b106-4fe7-a1fa-97d04a0010ef","2020-10-16T14:45:29.397Z",OpsManager,"SJHS-NT\MHR-ISD-5CDX7M2$",Machine,"ADSAPPVP-013.stjoe.org","Microsoft-Windows-Security-Auditing",Security,12545,8,,4634,"4634 - An account was logged off.",,,,,,,,,,,,,,,,,,null,null,,,,null,,,,,,,,,,,,,,,,,,,,,,,,,,,,null,,,,,,,,,,,,,,,,,,,,null,,,,,,,,,,,3,"3 - Network",,,,,,,,,,,,,,,,,,,,,,,,,,,,,,,,,,,,,,,,,,,,,,,,,,,,,,,,,,,,,,,,,,,,,,,,,,null,,,,,,,,,,,,,,,,,,,,"SJHS-NT\MHR-ISD-5CDX7M2$","SJHS-NT",,,,0x34401fbd7,,,,,,"MHR-ISD-5CDX7M2$","S-1-5-21-798254582-200106796-1537874043-767856",,,,,,,,,,,,,,,,,"f90edae5-2f21-4738-af75-b8b5488f8141","9e0cf1a2-304e-4ac9-b4b4-39b13ae4ee56","00000000-0000-0000-0000-000000000001","2020-10-16T14:45:30.776Z","AOI-552b9630-b106-4fe7-a1fa-97d04a0010ef",SecurityEvent,
"552b9630-b106-4fe7-a1fa-97d04a0010ef","2020-10-16T14:45:29.413Z",OpsManager,"SJHS-NT\BUNDSCHUHS1",User,"ADSAPPVP-013.stjoe.org","Microsoft-Windows-Security-Auditing",Security,12545,8,,4634,"4634 - An account was logged off.",,,,,,,,,,,,,,,,,,null,null,,,,null,,,,,,,,,,,,,,,,,,,,,,,,,,,,null,,,,,,,,,,,,,,,,,,,,null,,,,,,,,,,,3,"3 - Network",,,,,,,,,,,,,,,,,,,,,,,,,,,,,,,,,,,,,,,,,,,,,,,,,,,,,,,,,,,,,,,,,,,,,,,,,,null,,,,,,,,,,,,,,,,,,,,"SJHS-NT\BUNDSCHUHS1","SJHS-NT",,,,0x344012b34,,,,,,BUNDSCHUHS1,"S-1-5-21-798254582-200106796-1537874043-59298",,,,,,,,,,,,,,,,,"f90edae5-2f21-4738-af75-b8b5488f8141","3bb7e11a-3bf1-4840-b214-8c88965fb46a","00000000-0000-0000-0000-000000000001","2020-10-16T14:45:30.776Z","AOI-552b9630-b106-4fe7-a1fa-97d04a0010ef",SecurityEvent,
"552b9630-b106-4fe7-a1fa-97d04a0010ef","2020-10-16T14:45:29.413Z",OpsManager,"SJHS-NT\MHR-ISD-5CDX7M2$",Machine,"ADSAPPVP-013.stjoe.org","Microsoft-Windows-Security-Auditing",Security,12544,8,,4624,"4624 - An account was successfully logged on.",,,,,,,,,,,,,,,,,,null,null,Kerberos,,,null,,,,,,,,,,,,,,,,,,,,,,,,,,,,null,,,,,,,,,,,,,,,,"%%1833",,"10.187.21.185",49620,0,"-",,,,,,"2cb0a33b-6a17-32e2-aeb5-f20ac71b750a",,,Kerberos,3,"3 - Network",,,,,,,,,,,,,,,,,,,,,,,,,,,,,,,,,,,,,,,,,,,,,,,,,"-",0x0,"-",,,,,,,,,,,,,,,,,,,,,,,null,,,,,,,"-\-",,,,"-",,0x0,,,"-","S-1-0-0",,,"SJHS-NT\MHR-ISD-5CDX7M2$","SJHS-NT",,,,0x34401fccf,,,,,,"MHR-ISD-5CDX7M2$","S-1-5-21-798254582-200106796-1537874043-767856",,,,,,,,"-",,,,,,,,"-","f90edae5-2f21-4738-af75-b8b5488f8141","c03a31e0-cac2-4b6a-9d00-b3a345ebb650","00000000-0000-0000-0000-000000000001","2020-10-16T14:45:30.776Z","AOI-552b9630-b106-4fe7-a1fa-97d04a0010ef",SecurityEvent,
"552b9630-b106-4fe7-a1fa-97d04a0010ef","2020-10-16T14:45:29.413Z",OpsManager,"SJHS-NT\TORRESI1",User,"ADSAPPVP-013.stjoe.org","Microsoft-Windows-Security-Auditing",Security,12545,8,,4634,"4634 - An account was logged off.",,,,,,,,,,,,,,,,,,null,null,,,,null,,,,,,,,,,,,,,,,,,,,,,,,,,,,null,,,,,,,,,,,,,,,,,,,,null,,,,,,,,,,,3,"3 - Network",,,,,,,,,,,,,,,,,,,,,,,,,,,,,,,,,,,,,,,,,,,,,,,,,,,,,,,,,,,,,,,,,,,,,,,,,,null,,,,,,,,,,,,,,,,,,,,"SJHS-NT\TORRESI1","SJHS-NT",,,,0x343faf9eb,,,,,,TORRESI1,"S-1-5-21-798254582-200106796-1537874043-342035",,,,,,,,,,,,,,,,,"f90edae5-2f21-4738-af75-b8b5488f8141","6c2c0cc7-1903-41fc-91ed-7305403f2c93","00000000-0000-0000-0000-000000000001","2020-10-16T14:45:30.776Z","AOI-552b9630-b106-4fe7-a1fa-97d04a0010ef",SecurityEvent,
"552b9630-b106-4fe7-a1fa-97d04a0010ef","2020-10-16T14:45:29.43Z",OpsManager,,,"ADSAPPVP-013.stjoe.org","Microsoft-Windows-Security-Auditing",Security,14336,8,"<EventData xmlns=""http://schemas.microsoft.com/win/2004/08/events/event"">
  <Data Name=""PackageName"">MICROSOFT_AUTHENTICATION_PACKAGE_V1_0</Data>
  <Data Name=""TargetUserName"">DESOTOTM1</Data>
  <Data Name=""Workstation"">XAMTLVS0A163</Data>
  <Data Name=""Status"">0x0</Data>
</EventData>",4776,"4776 - The domain controller attempted to validate the credentials for an account.",,,,,,,,,,,,,,,,,,null,null,,,,null,,,,,,,,,,,,,,,,,,,,,,,,,,,,null,,,,,,,,,,,,,,,,,,,,null,,,,,,,,,,,null,,,,,,,,,,,,,,,,,,,,,,,,,,,,,,,,,,,,,,,,"MICROSOFT_AUTHENTICATION_PACKAGE_V1_0",,,,,,,,,,,,,,,,,,,,,,,,,,,,,,,,,,,null,,,,,,0x0,,,,,,,,,,,,,,DESOTOTM1,,,,,,,,,,,DESOTOTM1,,,,,,,,,,,,,,,,XAMTLVS0A163,,"f90edae5-2f21-4738-af75-b8b5488f8141","65dfe894-d585-4d37-84d1-3e04fcf1b4c2","00000000-0000-0000-0000-000000000001","2020-10-16T14:45:30.776Z","AOI-552b9630-b106-4fe7-a1fa-97d04a0010ef",SecurityEvent,
"552b9630-b106-4fe7-a1fa-97d04a0010ef","2020-10-16T14:45:29.43Z",OpsManager,"SJHS-NT\QVM-RT-G47PCS2$",Machine,"ADSAPPVP-013.stjoe.org","Microsoft-Windows-Security-Auditing",Security,12545,8,,4634,"4634 - An account was logged off.",,,,,,,,,,,,,,,,,,null,null,,,,null,,,,,,,,,,,,,,,,,,,,,,,,,,,,null,,,,,,,,,,,,,,,,,,,,null,,,,,,,,,,,3,"3 - Network",,,,,,,,,,,,,,,,,,,,,,,,,,,,,,,,,,,,,,,,,,,,,,,,,,,,,,,,,,,,,,,,,,,,,,,,,,null,,,,,,,,,,,,,,,,,,,,"SJHS-NT\QVM-RT-G47PCS2$","SJHS-NT",,,,0x34401f19a,,,,,,"QVM-RT-G47PCS2$","S-1-5-21-798254582-200106796-1537874043-541628",,,,,,,,,,,,,,,,,"f90edae5-2f21-4738-af75-b8b5488f8141","a2f37b9d-f57e-4d86-af5b-7da2465ad04e","00000000-0000-0000-0000-000000000001","2020-10-16T14:45:30.776Z","AOI-552b9630-b106-4fe7-a1fa-97d04a0010ef",SecurityEvent,
"552b9630-b106-4fe7-a1fa-97d04a0010ef","2020-10-16T14:45:29.46Z",OpsManager,,,"ADSAPPVP-013.stjoe.org","Microsoft-Windows-Security-Auditing",Security,14336,8,"<EventData xmlns=""http://schemas.microsoft.com/win/2004/08/events/event"">
  <Data Name=""PackageName"">MICROSOFT_AUTHENTICATION_PACKAGE_V1_0</Data>
  <Data Name=""TargetUserName"">SysCenter-Action</Data>
  <Data Name=""Workstation"">\\SYNWEBVP-005</Data>
  <Data Name=""Status"">0x0</Data>
</EventData>",4776,"4776 - The domain controller attempted to validate the credentials for an account.",,,,,,,,,,,,,,,,,,null,null,,,,null,,,,,,,,,,,,,,,,,,,,,,,,,,,,null,,,,,,,,,,,,,,,,,,,,null,,,,,,,,,,,null,,,,,,,,,,,,,,,,,,,,,,,,,,,,,,,,,,,,,,,,"MICROSOFT_AUTHENTICATION_PACKAGE_V1_0",,,,,,,,,,,,,,,,,,,,,,,,,,,,,,,,,,,null,,,,,,0x0,,,,,,,,,,,,,,"SysCenter-Action",,,,,,,,,,,"SysCenter-Action",,,,,,,,,,,,,,,,"\\SYNWEBVP-005",,"f90edae5-2f21-4738-af75-b8b5488f8141","89289496-3998-4cf4-931f-0c61ba4ba422","00000000-0000-0000-0000-000000000001","2020-10-16T14:45:30.776Z","AOI-552b9630-b106-4fe7-a1fa-97d04a0010ef",SecurityEvent,
"552b9630-b106-4fe7-a1fa-97d04a0010ef","2020-10-16T14:45:29.46Z",OpsManager,,,"ADSAPPVP-013.stjoe.org","Microsoft-Windows-Security-Auditing",Security,14336,8,"<EventData xmlns=""http://schemas.microsoft.com/win/2004/08/events/event"">
  <Data Name=""PackageName"">MICROSOFT_AUTHENTICATION_PACKAGE_V1_0</Data>
  <Data Name=""TargetUserName"">EDWINFORMATICA</Data>
  <Data Name=""Workstation"">INFPCM001-VA</Data>
  <Data Name=""Status"">0x0</Data>
</EventData>",4776,"4776 - The domain controller attempted to validate the credentials for an account.",,,,,,,,,,,,,,,,,,null,null,,,,null,,,,,,,,,,,,,,,,,,,,,,,,,,,,null,,,,,,,,,,,,,,,,,,,,null,,,,,,,,,,,null,,,,,,,,,,,,,,,,,,,,,,,,,,,,,,,,,,,,,,,,"MICROSOFT_AUTHENTICATION_PACKAGE_V1_0",,,,,,,,,,,,,,,,,,,,,,,,,,,,,,,,,,,null,,,,,,0x0,,,,,,,,,,,,,,EDWINFORMATICA,,,,,,,,,,,EDWINFORMATICA,,,,,,,,,,,,,,,,"INFPCM001-VA",,"f90edae5-2f21-4738-af75-b8b5488f8141","2249b924-40a5-43b1-9bcb-33e00bad49f6","00000000-0000-0000-0000-000000000001","2020-10-16T14:45:30.776Z","AOI-552b9630-b106-4fe7-a1fa-97d04a0010ef",SecurityEvent,
"552b9630-b106-4fe7-a1fa-97d04a0010ef","2020-10-16T14:45:29.477Z",OpsManager,"SJHS-NT\QVM-RT-G47PCS2$",Machine,"ADSAPPVP-013.stjoe.org","Microsoft-Windows-Security-Auditing",Security,12544,8,,4624,"4624 - An account was successfully logged on.",,,,,,,,,,,,,,,,,,null,null,Kerberos,,,null,,,,,,,,,,,,,,,,,,,,,,,,,,,,null,,,,,,,,,,,,,,,,"%%1833",,"10.208.113.94",49727,0,"-",,,,,,"dc7f74a5-dc0e-6bac-72a2-19e9d071b856",,,Kerberos,3,"3 - Network",,,,,,,,,,,,,,,,,,,,,,,,,,,,,,,,,,,,,,,,,,,,,,,,,"-",0x0,"-",,,,,,,,,,,,,,,,,,,,,,,null,,,,,,,"-\-",,,,"-",,0x0,,,"-","S-1-0-0",,,"SJHS-NT\QVM-RT-G47PCS2$","SJHS-NT",,,,0x34401fd17,,,,,,"QVM-RT-G47PCS2$","S-1-5-21-798254582-200106796-1537874043-541628",,,,,,,,"-",,,,,,,,"-","f90edae5-2f21-4738-af75-b8b5488f8141","bd641cf4-f611-4e7f-a10b-5c8e70b6562a","00000000-0000-0000-0000-000000000001","2020-10-16T14:45:30.776Z","AOI-552b9630-b106-4fe7-a1fa-97d04a0010ef",SecurityEvent,
"552b9630-b106-4fe7-a1fa-97d04a0010ef","2020-10-16T14:45:29.477Z",OpsManager,"SJHS-NT\SRM-RES-CBBZT32$",Machine,"ADSAPPVP-013.stjoe.org","Microsoft-Windows-Security-Auditing",Security,12544,8,,4624,"4624 - An account was successfully logged on.",,,,,,,,,,,,,,,,,,null,null,Kerberos,,,null,,,,,,,,,,,,,,,,,,,,,,,,,,,,null,,,,,,,,,,,,,,,,"%%1833",,"10.209.111.152",52744,0,"-",,,,,,"3d417a37-5df5-4454-1992-f1b068353ac7",,,Kerberos,3,"3 - Network",,,,,,,,,,,,,,,,,,,,,,,,,,,,,,,,,,,,,,,,,,,,,,,,,"-",0x0,"-",,,,,,,,,,,,,,,,,,,,,,,null,,,,,,,"-\-",,,,"-",,0x0,,,"-","S-1-0-0",,,"SJHS-NT\SRM-RES-CBBZT32$","SJHS-NT",,,,0x34401fd27,,,,,,"SRM-RES-CBBZT32$","S-1-5-21-798254582-200106796-1537874043-553475",,,,,,,,"-",,,,,,,,"-","f90edae5-2f21-4738-af75-b8b5488f8141","6ab49972-054b-4ef6-a606-6396d5df14db","00000000-0000-0000-0000-000000000001","2020-10-16T14:45:30.776Z","AOI-552b9630-b106-4fe7-a1fa-97d04a0010ef",SecurityEvent,
"552b9630-b106-4fe7-a1fa-97d04a0010ef","2020-10-16T14:45:29.49Z",OpsManager,,,"ADSAPPVP-013.stjoe.org","Microsoft-Windows-Security-Auditing",Security,14336,8,"<EventData xmlns=""http://schemas.microsoft.com/win/2004/08/events/event"">
  <Data Name=""PackageName"">MICROSOFT_AUTHENTICATION_PACKAGE_V1_0</Data>
  <Data Name=""TargetUserName"">DESOTOTM1</Data>
  <Data Name=""Workstation"">XAMTLVS0A163</Data>
  <Data Name=""Status"">0x0</Data>
</EventData>",4776,"4776 - The domain controller attempted to validate the credentials for an account.",,,,,,,,,,,,,,,,,,null,null,,,,null,,,,,,,,,,,,,,,,,,,,,,,,,,,,null,,,,,,,,,,,,,,,,,,,,null,,,,,,,,,,,null,,,,,,,,,,,,,,,,,,,,,,,,,,,,,,,,,,,,,,,,"MICROSOFT_AUTHENTICATION_PACKAGE_V1_0",,,,,,,,,,,,,,,,,,,,,,,,,,,,,,,,,,,null,,,,,,0x0,,,,,,,,,,,,,,DESOTOTM1,,,,,,,,,,,DESOTOTM1,,,,,,,,,,,,,,,,XAMTLVS0A163,,"f90edae5-2f21-4738-af75-b8b5488f8141","10ab83cd-a457-474c-a294-62da2d71518a","00000000-0000-0000-0000-000000000001","2020-10-16T14:45:30.776Z","AOI-552b9630-b106-4fe7-a1fa-97d04a0010ef",SecurityEvent,
"552b9630-b106-4fe7-a1fa-97d04a0010ef","2020-10-16T14:45:29.507Z",OpsManager,"SJHS-NT\COLJO",User,"ADSAPPVP-013.stjoe.org","Microsoft-Windows-Security-Auditing",Security,12545,8,,4634,"4634 - An account was logged off.",,,,,,,,,,,,,,,,,,null,null,,,,null,,,,,,,,,,,,,,,,,,,,,,,,,,,,null,,,,,,,,,,,,,,,,,,,,null,,,,,,,,,,,3,"3 - Network",,,,,,,,,,,,,,,,,,,,,,,,,,,,,,,,,,,,,,,,,,,,,,,,,,,,,,,,,,,,,,,,,,,,,,,,,,null,,,,,,,,,,,,,,,,,,,,"SJHS-NT\COLJO","SJHS-NT",,,,0x34401fc61,,,,,,COLJO,"S-1-5-21-798254582-200106796-1537874043-171088",,,,,,,,,,,,,,,,,"f90edae5-2f21-4738-af75-b8b5488f8141","7f0a575e-8d17-4311-8efa-fad35ecc88a0","00000000-0000-0000-0000-000000000001","2020-10-16T14:45:30.776Z","AOI-552b9630-b106-4fe7-a1fa-97d04a0010ef",SecurityEvent,
"552b9630-b106-4fe7-a1fa-97d04a0010ef","2020-10-16T14:45:29.507Z",OpsManager,"SJHS-NT\MHR-ISD-5CDX7M2$",Machine,"ADSAPPVP-013.stjoe.org","Microsoft-Windows-Security-Auditing",Security,12545,8,,4634,"4634 - An account was logged off.",,,,,,,,,,,,,,,,,,null,null,,,,null,,,,,,,,,,,,,,,,,,,,,,,,,,,,null,,,,,,,,,,,,,,,,,,,,null,,,,,,,,,,,3,"3 - Network",,,,,,,,,,,,,,,,,,,,,,,,,,,,,,,,,,,,,,,,,,,,,,,,,,,,,,,,,,,,,,,,,,,,,,,,,,null,,,,,,,,,,,,,,,,,,,,"SJHS-NT\MHR-ISD-5CDX7M2$","SJHS-NT",,,,0x34401fccf,,,,,,"MHR-ISD-5CDX7M2$","S-1-5-21-798254582-200106796-1537874043-767856",,,,,,,,,,,,,,,,,"f90edae5-2f21-4738-af75-b8b5488f8141","cefb4ca3-6f31-423b-a9fd-2e52596ee3b8","00000000-0000-0000-0000-000000000001","2020-10-16T14:45:30.776Z","AOI-552b9630-b106-4fe7-a1fa-97d04a0010ef",SecurityEvent,
"552b9630-b106-4fe7-a1fa-97d04a0010ef","2020-10-16T14:45:29.507Z",OpsManager,,,"ADSAPPVP-013.stjoe.org","Microsoft-Windows-Security-Auditing",Security,14336,8,"<EventData xmlns=""http://schemas.microsoft.com/win/2004/08/events/event"">
  <Data Name=""PackageName"">MICROSOFT_AUTHENTICATION_PACKAGE_V1_0</Data>
  <Data Name=""TargetUserName"">EDWINFORMATICA</Data>
  <Data Name=""Workstation"">INFPCM001-VA</Data>
  <Data Name=""Status"">0x0</Data>
</EventData>",4776,"4776 - The domain controller attempted to validate the credentials for an account.",,,,,,,,,,,,,,,,,,null,null,,,,null,,,,,,,,,,,,,,,,,,,,,,,,,,,,null,,,,,,,,,,,,,,,,,,,,null,,,,,,,,,,,null,,,,,,,,,,,,,,,,,,,,,,,,,,,,,,,,,,,,,,,,"MICROSOFT_AUTHENTICATION_PACKAGE_V1_0",,,,,,,,,,,,,,,,,,,,,,,,,,,,,,,,,,,null,,,,,,0x0,,,,,,,,,,,,,,EDWINFORMATICA,,,,,,,,,,,EDWINFORMATICA,,,,,,,,,,,,,,,,"INFPCM001-VA",,"f90edae5-2f21-4738-af75-b8b5488f8141","2ba7036b-bb25-4122-aabd-6c248d0d1f18","00000000-0000-0000-0000-000000000001","2020-10-16T14:45:30.776Z","AOI-552b9630-b106-4fe7-a1fa-97d04a0010ef",SecurityEvent,
"552b9630-b106-4fe7-a1fa-97d04a0010ef","2020-10-16T14:45:29.537Z",OpsManager,"SJHS-NT\COLJO",User,"ADSAPPVP-013.stjoe.org","Microsoft-Windows-Security-Auditing",Security,12544,8,,4624,"4624 - An account was successfully logged on.",,,,,,,,,,,,,,,,,,null,null,Kerberos,,,null,,,,,,,,,,,,,,,,,,,,,,,,,,,,null,,,,,,,,,,,,,,,,"%%1833",,"10.208.78.156",52695,0,"-",,,,,,"c6a022ea-a0bf-71b9-fb7b-67e98360d5c5",,,Kerberos,3,"3 - Network",,,,,,,,,,,,,,,,,,,,,,,,,,,,,,,,,,,,,,,,,,,,,,,,,"-",0x0,"-",,,,,,,,,,,,,,,,,,,,,,,null,,,,,,,"-\-",,,,"-",,0x0,,,"-","S-1-0-0",,,"SJHS-NT\COLJO","SJHS-NT",,,,0x34401fd68,,,,,,COLJO,"S-1-5-21-798254582-200106796-1537874043-171088",,,,,,,,"-",,,,,,,,"-","f90edae5-2f21-4738-af75-b8b5488f8141","105a82fb-6b4a-43c2-88ea-fdb72e0a2e35","00000000-0000-0000-0000-000000000001","2020-10-16T14:45:30.776Z","AOI-552b9630-b106-4fe7-a1fa-97d04a0010ef",SecurityEvent,
"552b9630-b106-4fe7-a1fa-97d04a0010ef","2020-10-16T14:45:29.537Z",OpsManager,,,"ADSAPPVP-013.stjoe.org","Microsoft-Windows-Security-Auditing",Security,14336,8,"<EventData xmlns=""http://schemas.microsoft.com/win/2004/08/events/event"">
  <Data Name=""PackageName"">MICROSOFT_AUTHENTICATION_PACKAGE_V1_0</Data>
  <Data Name=""TargetUserName"">EDWINFORMATICA</Data>
  <Data Name=""Workstation"">INFPCM001-VA</Data>
  <Data Name=""Status"">0x0</Data>
</EventData>",4776,"4776 - The domain controller attempted to validate the credentials for an account.",,,,,,,,,,,,,,,,,,null,null,,,,null,,,,,,,,,,,,,,,,,,,,,,,,,,,,null,,,,,,,,,,,,,,,,,,,,null,,,,,,,,,,,null,,,,,,,,,,,,,,,,,,,,,,,,,,,,,,,,,,,,,,,,"MICROSOFT_AUTHENTICATION_PACKAGE_V1_0",,,,,,,,,,,,,,,,,,,,,,,,,,,,,,,,,,,null,,,,,,0x0,,,,,,,,,,,,,,EDWINFORMATICA,,,,,,,,,,,EDWINFORMATICA,,,,,,,,,,,,,,,,"INFPCM001-VA",,"f90edae5-2f21-4738-af75-b8b5488f8141","53219f49-aeba-4f2b-9632-494291b57223","00000000-0000-0000-0000-000000000001","2020-10-16T14:45:30.776Z","AOI-552b9630-b106-4fe7-a1fa-97d04a0010ef",SecurityEvent,
"552b9630-b106-4fe7-a1fa-97d04a0010ef","2020-10-16T14:45:29.537Z",OpsManager,"SJHS-NT\SRM-HSP-49YRMR2$",Machine,"ADSAPPVP-013.stjoe.org","Microsoft-Windows-Security-Auditing",Security,12545,8,,4634,"4634 - An account was logged off.",,,,,,,,,,,,,,,,,,null,null,,,,null,,,,,,,,,,,,,,,,,,,,,,,,,,,,null,,,,,,,,,,,,,,,,,,,,null,,,,,,,,,,,3,"3 - Network",,,,,,,,,,,,,,,,,,,,,,,,,,,,,,,,,,,,,,,,,,,,,,,,,,,,,,,,,,,,,,,,,,,,,,,,,,null,,,,,,,,,,,,,,,,,,,,"SJHS-NT\SRM-HSP-49YRMR2$","SJHS-NT",,,,0x344013636,,,,,,"SRM-HSP-49YRMR2$","S-1-5-21-798254582-200106796-1537874043-553799",,,,,,,,,,,,,,,,,"f90edae5-2f21-4738-af75-b8b5488f8141","dcd1e23e-dc2f-4a61-8df3-1cd3c3808bf1","00000000-0000-0000-0000-000000000001","2020-10-16T14:45:30.776Z","AOI-552b9630-b106-4fe7-a1fa-97d04a0010ef",SecurityEvent,
"552b9630-b106-4fe7-a1fa-97d04a0010ef","2020-10-16T14:45:29.553Z",OpsManager,,,"ADSAPPVP-013.stjoe.org","Microsoft-Windows-Security-Auditing",Security,14336,8,"<EventData xmlns=""http://schemas.microsoft.com/win/2004/08/events/event"">
  <Data Name=""PackageName"">MICROSOFT_AUTHENTICATION_PACKAGE_V1_0</Data>
  <Data Name=""TargetUserName"">SysCenter-Action</Data>
  <Data Name=""Workstation"">ADSAPPVP-013</Data>
  <Data Name=""Status"">0x0</Data>
</EventData>",4776,"4776 - The domain controller attempted to validate the credentials for an account.",,,,,,,,,,,,,,,,,,null,null,,,,null,,,,,,,,,,,,,,,,,,,,,,,,,,,,null,,,,,,,,,,,,,,,,,,,,null,,,,,,,,,,,null,,,,,,,,,,,,,,,,,,,,,,,,,,,,,,,,,,,,,,,,"MICROSOFT_AUTHENTICATION_PACKAGE_V1_0",,,,,,,,,,,,,,,,,,,,,,,,,,,,,,,,,,,null,,,,,,0x0,,,,,,,,,,,,,,"SysCenter-Action",,,,,,,,,,,"SysCenter-Action",,,,,,,,,,,,,,,,"ADSAPPVP-013",,"f90edae5-2f21-4738-af75-b8b5488f8141","b328fde0-fd6d-44aa-9356-b3bcba16dd01","00000000-0000-0000-0000-000000000001","2020-10-16T14:45:30.776Z","AOI-552b9630-b106-4fe7-a1fa-97d04a0010ef",SecurityEvent,
"552b9630-b106-4fe7-a1fa-97d04a0010ef","2020-10-16T14:45:29.57Z",OpsManager,"SJHS-NT\ADSAPPVP-013$",Machine,"ADSAPPVP-013.stjoe.org","Microsoft-Windows-Security-Auditing",Security,12544,8,,4648,"4648 - A logon was attempted using explicit credentials.",,,,,,,,,,,,,,,,,,null,null,,,,null,,,,,,,,,,,,,,,,,,,,,,,,,,,,null,,,,,,,,,,,,,,,,,,"10.250.0.132",64197,null,,,,,,,"9c444698-7de0-8a24-1f06-22e48812cab5",,,,null,,,,,,,,,,,,,,,,,,,,,,,,,,,,,,,,,,,,,,,,,,,,,,,,,,"lsass.exe",0x2c0,"C:\Windows\System32\lsass.exe",,,,,,,,,,,,,,,,,,,,,,,null,,,,,,,"SJHS-NT\ADSAPPVP-013$",,,,"SJHS-NT",,0x3e7,,,"ADSAPPVP-013$","S-1-5-18",,,"SJHS-NT\SysCenter-Action","SJHS-NT",localhost,,"00000000-0000-0000-0000-000000000000",,,,localhost,,,"SysCenter-Action",,,,,,,,,,,,,,,,,,"f90edae5-2f21-4738-af75-b8b5488f8141","68319aa0-1b64-497f-8425-1b6799de45c4","00000000-0000-0000-0000-000000000001","2020-10-16T14:45:30.776Z","AOI-552b9630-b106-4fe7-a1fa-97d04a0010ef",SecurityEvent,
"552b9630-b106-4fe7-a1fa-97d04a0010ef","2020-10-16T14:45:29.57Z",OpsManager,"SJHS-NT\SysCenter-Action",User,"ADSAPPVP-013.stjoe.org","Microsoft-Windows-Security-Auditing",Security,12544,8,,4624,"4624 - An account was successfully logged on.",,,,,,,,,,,,,,,,,,null,null,"MICROSOFT_AUTHENTICATION_PACKAGE_V1_0",,,null,,,,,,,,,,,,,,,,,,,,,,,,,,,,null,,,,,,,,,,,,,,,,"%%1833",,"10.250.0.132",64197,0,"-",,,,,,"00000000-0000-0000-0000-000000000000",,,"Advapi  ",3,"3 - Network",,,,,,,,,,,,,,,,,,,,,,,,,,,,,,,,,,,,,,,,,,,,,,,,,"lsass.exe",0x2c0,"C:\Windows\System32\lsass.exe",,,,,,,,,,,,,,,,,,,,,,,null,,,,,,,"SJHS-NT\ADSAPPVP-013$",,,,"SJHS-NT",,0x3e7,,,"ADSAPPVP-013$","S-1-5-18",,,"SJHS-NT\SysCenter-Action","SJHS-NT",,,,0x34401fd90,,,,,,"SysCenter-Action","S-1-5-21-798254582-200106796-1537874043-169374",,,,,,,,"-",,,,,,,,"ADSAPPVP-013","f90edae5-2f21-4738-af75-b8b5488f8141","ec0a0a55-f02c-4ad8-8506-a44503a1fa8e","00000000-0000-0000-0000-000000000001","2020-10-16T14:45:30.776Z","AOI-552b9630-b106-4fe7-a1fa-97d04a0010ef",SecurityEvent,
"552b9630-b106-4fe7-a1fa-97d04a0010ef","2020-10-16T14:45:29.57Z",OpsManager,"SJHS-NT\SysCenter-Action",User,"ADSAPPVP-013.stjoe.org","Microsoft-Windows-Security-Auditing",Security,12548,8,,4672,"4672 - Special privileges assigned to new logon.",,,,,,,,,,,,,,,,,,null,null,,,,null,,,,,,,,,,,,,,,,,,,,,,,,,,,,null,,,,,,,,,,,,,,,,,,,,null,,,,,,,,,,,null,,,,,,,,,,,,,,,,,,,,,,,,,,,,,,,,,,,,,,,,,,,,,,,,,"SeSecurityPrivilege 			SeTakeOwnershipPrivilege 			SeLoadDriverPrivilege 			SeBackupPrivilege 			SeRestorePrivilege 			SeDebugPrivilege 			SeSystemEnvironmentPrivilege 			SeEnableDelegationPrivilege 			SeImpersonatePrivilege",,,,,,,,,,,,,,,,,,,,,,,,,,null,,,,,,,"SJHS-NT\SysCenter-Action",,,,"SJHS-NT",,0x34401fd90,,,"SysCenter-Action","S-1-5-21-798254582-200106796-1537874043-169374",,,,,,,,,,,,,,,,,,,,,,,,,,,,,,,,"f90edae5-2f21-4738-af75-b8b5488f8141","020a8006-0eac-4374-9dd8-60a7f207f97d","00000000-0000-0000-0000-000000000001","2020-10-16T14:45:30.776Z","AOI-552b9630-b106-4fe7-a1fa-97d04a0010ef",SecurityEvent,
"552b9630-b106-4fe7-a1fa-97d04a0010ef","2020-10-16T14:45:29.583Z",OpsManager,,,"ADSAPPVP-013.stjoe.org","Microsoft-Windows-Security-Auditing",Security,14339,8,"<EventData xmlns=""http://schemas.microsoft.com/win/2004/08/events/event"">
  <Data Name=""TargetUserName"">MTCVAP-TS02$</Data>
  <Data Name=""TargetDomainName"">STJOE.ORG</Data>
  <Data Name=""TargetSid"">S-1-5-21-798254582-200106796-1537874043-274513</Data>
  <Data Name=""ServiceName"">krbtgt</Data>
  <Data Name=""ServiceSid"">S-1-5-21-798254582-200106796-1537874043-502</Data>
  <Data Name=""TicketOptions"">0x40810010</Data>
  <Data Name=""Status"">0x0</Data>
  <Data Name=""TicketEncryptionType"">0x12</Data>
  <Data Name=""PreAuthType"">2</Data>
  <Data Name=""IpAddress"">::ffff:10.250.129.219</Data>
  <Data Name=""IpPort"">49863</Data>
  <Data Name=""CertIssuerName""></Data>
  <Data Name=""CertSerialNumber""></Data>
  <Data Name=""CertThumbprint""></Data>
</EventData>",4768,"4768 - A Kerberos authentication ticket (TGT) was requested.",,,,,,,,,,,,,,,,,,null,null,,,,null,,,,,,,,,,,,,,,,,,,,,,,,,,,,null,,,,,,,,,,,,,,,,,,"::ffff:10.250.129.219",49863,null,,,,,,,,,,,null,,,,,,,,,,,,,,,,,,,,,,,,,,,,,,,,,,,,,,,,,,,,,,,,,,,,,,,,,,,,,,,,,,,,,,,,,,krbtgt,null,,,,,,0x0,,,,,,,,,,,,,,"STJOE.ORG\MTCVAP-TS02$","STJOE.ORG",,,,,,,,"S-1-5-21-798254582-200106796-1537874043-274513",,"MTCVAP-TS02$",,,,,,,,,,,,,,,,,,"f90edae5-2f21-4738-af75-b8b5488f8141","f856bc9d-342d-44e6-97fa-cd1a6053b0c5","00000000-0000-0000-0000-000000000001","2020-10-16T14:45:30.776Z","AOI-552b9630-b106-4fe7-a1fa-97d04a0010ef",SecurityEvent,
"552b9630-b106-4fe7-a1fa-97d04a0010ef","2020-10-16T14:45:29.583Z",OpsManager,,,"ADSAPPVP-013.stjoe.org","Microsoft-Windows-Security-Auditing",Security,14337,8,"<EventData xmlns=""http://schemas.microsoft.com/win/2004/08/events/event"">
  <Data Name=""TargetUserName"">MTCVAP-TS02$@STJOE.ORG</Data>
  <Data Name=""TargetDomainName"">STJOE.ORG</Data>
  <Data Name=""ServiceName"">ADSAPPVP-011$</Data>
  <Data Name=""ServiceSid"">S-1-5-21-798254582-200106796-1537874043-628815</Data>
  <Data Name=""TicketOptions"">0x40810000</Data>
  <Data Name=""TicketEncryptionType"">0x12</Data>
  <Data Name=""IpAddress"">::ffff:10.250.129.219</Data>
  <Data Name=""IpPort"">49864</Data>
  <Data Name=""Status"">0x0</Data>
  <Data Name=""LogonGuid"">{1C9E1E7C-24EB-C29E-CC42-9D3F1622B36A}</Data>
  <Data Name=""TransmittedServices"">-</Data>
</EventData>",4769,"4769 - A Kerberos service ticket was requested.",,,,,,,,,,,,,,,,,,null,null,,,,null,,,,,,,,,,,,,,,,,,,,,,,,,,,,null,,,,,,,,,,,,,,,,,,,,null,,,,,,,,,,,null,,,,,,,,,,,,,,,,,,,,,,,,,,,,,,,,,,,,,,,,,,,,,,,,,,,,,,,,,,,,,,,,,,,,,,,,,,,null,,,,,,,,,,,,,,,,,,,,,,,,,,,,,,,,,,,,,,,,,,,,,,,,,"f90edae5-2f21-4738-af75-b8b5488f8141","6ea87ac1-6af3-4696-8a3b-1545ac8119d9","00000000-0000-0000-0000-000000000001","2020-10-16T14:45:30.776Z","AOI-552b9630-b106-4fe7-a1fa-97d04a0010ef",SecurityEvent,
"552b9630-b106-4fe7-a1fa-97d04a0010ef","2020-10-16T14:45:29.6Z",OpsManager,"SJHS-NT\CTXXAP6A530-VP$",Machine,"ADSAPPVP-013.stjoe.org","Microsoft-Windows-Security-Auditing",Security,12545,8,,4634,"4634 - An account was logged off.",,,,,,,,,,,,,,,,,,null,null,,,,null,,,,,,,,,,,,,,,,,,,,,,,,,,,,null,,,,,,,,,,,,,,,,,,,,null,,,,,,,,,,,3,"3 - Network",,,,,,,,,,,,,,,,,,,,,,,,,,,,,,,,,,,,,,,,,,,,,,,,,,,,,,,,,,,,,,,,,,,,,,,,,,null,,,,,,,,,,,,,,,,,,,,"SJHS-NT\CTXXAP6A530-VP$","SJHS-NT",,,,0x343f668ce,,,,,,"CTXXAP6A530-VP$","S-1-5-21-798254582-200106796-1537874043-409674",,,,,,,,,,,,,,,,,"f90edae5-2f21-4738-af75-b8b5488f8141","90327b8b-7cea-437e-ab8f-44b4568ed973","00000000-0000-0000-0000-000000000001","2020-10-16T14:45:30.776Z","AOI-552b9630-b106-4fe7-a1fa-97d04a0010ef",SecurityEvent,
"552b9630-b106-4fe7-a1fa-97d04a0010ef","2020-10-16T14:45:29.6Z",OpsManager,"SJHS-NT\POLLARDP1",User,"ADSAPPVP-013.stjoe.org","Microsoft-Windows-Security-Auditing",Security,12545,8,,4634,"4634 - An account was logged off.",,,,,,,,,,,,,,,,,,null,null,,,,null,,,,,,,,,,,,,,,,,,,,,,,,,,,,null,,,,,,,,,,,,,,,,,,,,null,,,,,,,,,,,3,"3 - Network",,,,,,,,,,,,,,,,,,,,,,,,,,,,,,,,,,,,,,,,,,,,,,,,,,,,,,,,,,,,,,,,,,,,,,,,,,null,,,,,,,,,,,,,,,,,,,,"SJHS-NT\POLLARDP1","SJHS-NT",,,,0x344011c6f,,,,,,POLLARDP1,"S-1-5-21-798254582-200106796-1537874043-428494",,,,,,,,,,,,,,,,,"f90edae5-2f21-4738-af75-b8b5488f8141","4499a259-6b2c-40e4-921b-3ecdb607e83f","00000000-0000-0000-0000-000000000001","2020-10-16T14:45:30.776Z","AOI-552b9630-b106-4fe7-a1fa-97d04a0010ef",SecurityEvent,
"552b9630-b106-4fe7-a1fa-97d04a0010ef","2020-10-16T14:45:29.617Z",OpsManager,"SJHS-NT\AMG-RMC-4JZ8KB2$",Machine,"ADSAPPVP-013.stjoe.org","Microsoft-Windows-Security-Auditing",Security,12544,8,,4624,"4624 - An account was successfully logged on.",,,,,,,,,,,,,,,,,,null,null,Kerberos,,,null,,,,,,,,,,,,,,,,,,,,,,,,,,,,null,,,,,,,,,,,,,,,,"%%1840",,"10.156.240.147",50005,0,"-",,,,,,"abea61cc-495c-c141-a6ae-977452e13545",,,Kerberos,3,"3 - Network",,,,,,,,,,,,,,,,,,,,,,,,,,,,,,,,,,,,,,,,,,,,,,,,,"-",0x0,"-",,,,,,,,,,,,,,,,,,,,,,,null,,,,,,,"-\-",,,,"-",,0x0,,,"-","S-1-0-0",,,"SJHS-NT\AMG-RMC-4JZ8KB2$","SJHS-NT",,,,0x34401fdf4,,,,,,"AMG-RMC-4JZ8KB2$","S-1-5-21-798254582-200106796-1537874043-551796",,,,,,,,"-",,,,,,,,"-","f90edae5-2f21-4738-af75-b8b5488f8141","bc490fcc-9f7e-4fec-9c23-2d5497803023","00000000-0000-0000-0000-000000000001","2020-10-16T14:45:30.776Z","AOI-552b9630-b106-4fe7-a1fa-97d04a0010ef",SecurityEvent,
"552b9630-b106-4fe7-a1fa-97d04a0010ef","2020-10-16T14:45:29.617Z",OpsManager,"SJHS-NT\SRM-RES-CBBZT32$",Machine,"ADSAPPVP-013.stjoe.org","Microsoft-Windows-Security-Auditing",Security,12544,8,,4624,"4624 - An account was successfully logged on.",,,,,,,,,,,,,,,,,,null,null,Kerberos,,,null,,,,,,,,,,,,,,,,,,,,,,,,,,,,null,,,,,,,,,,,,,,,,"%%1833",,"10.209.111.152",52754,0,"-",,,,,,"3d417a37-5df5-4454-1992-f1b068353ac7",,,Kerberos,3,"3 - Network",,,,,,,,,,,,,,,,,,,,,,,,,,,,,,,,,,,,,,,,,,,,,,,,,"-",0x0,"-",,,,,,,,,,,,,,,,,,,,,,,null,,,,,,,"-\-",,,,"-",,0x0,,,"-","S-1-0-0",,,"SJHS-NT\SRM-RES-CBBZT32$","SJHS-NT",,,,0x34401fe06,,,,,,"SRM-RES-CBBZT32$","S-1-5-21-798254582-200106796-1537874043-553475",,,,,,,,"-",,,,,,,,"-","f90edae5-2f21-4738-af75-b8b5488f8141","95b5baf2-0b12-458a-b4c6-88e0105fa576","00000000-0000-0000-0000-000000000001","2020-10-16T14:45:30.776Z","AOI-552b9630-b106-4fe7-a1fa-97d04a0010ef",SecurityEvent,
"552b9630-b106-4fe7-a1fa-97d04a0010ef","2020-10-16T14:45:29.617Z",OpsManager,"SJHS-NT\SJE-HOS-5RLBGK2$",Machine,"ADSAPPVP-013.stjoe.org","Microsoft-Windows-Security-Auditing",Security,12545,8,,4634,"4634 - An account was logged off.",,,,,,,,,,,,,,,,,,null,null,,,,null,,,,,,,,,,,,,,,,,,,,,,,,,,,,null,,,,,,,,,,,,,,,,,,,,null,,,,,,,,,,,3,"3 - Network",,,,,,,,,,,,,,,,,,,,,,,,,,,,,,,,,,,,,,,,,,,,,,,,,,,,,,,,,,,,,,,,,,,,,,,,,,null,,,,,,,,,,,,,,,,,,,,"SJHS-NT\SJE-HOS-5RLBGK2$","SJHS-NT",,,,0x343fe9a7f,,,,,,"SJE-HOS-5RLBGK2$","S-1-5-21-798254582-200106796-1537874043-750901",,,,,,,,,,,,,,,,,"f90edae5-2f21-4738-af75-b8b5488f8141","96dd3c88-e4d7-440a-954c-ba700e2d6c7a","00000000-0000-0000-0000-000000000001","2020-10-16T14:45:30.776Z","AOI-552b9630-b106-4fe7-a1fa-97d04a0010ef",SecurityEvent,
"552b9630-b106-4fe7-a1fa-97d04a0010ef","2020-10-16T14:45:29.617Z",OpsManager,"SJHS-NT\QVM-RT-G47PCS2$",Machine,"ADSAPPVP-013.stjoe.org","Microsoft-Windows-Security-Auditing",Security,12545,8,,4634,"4634 - An account was logged off.",,,,,,,,,,,,,,,,,,null,null,,,,null,,,,,,,,,,,,,,,,,,,,,,,,,,,,null,,,,,,,,,,,,,,,,,,,,null,,,,,,,,,,,3,"3 - Network",,,,,,,,,,,,,,,,,,,,,,,,,,,,,,,,,,,,,,,,,,,,,,,,,,,,,,,,,,,,,,,,,,,,,,,,,,null,,,,,,,,,,,,,,,,,,,,"SJHS-NT\QVM-RT-G47PCS2$","SJHS-NT",,,,0x34401fd17,,,,,,"QVM-RT-G47PCS2$","S-1-5-21-798254582-200106796-1537874043-541628",,,,,,,,,,,,,,,,,"f90edae5-2f21-4738-af75-b8b5488f8141","fe9b67be-d43f-4fd0-92bd-ca8cdaca36ca","00000000-0000-0000-0000-000000000001","2020-10-16T14:45:30.776Z","AOI-552b9630-b106-4fe7-a1fa-97d04a0010ef",SecurityEvent,
"552b9630-b106-4fe7-a1fa-97d04a0010ef","2020-10-16T14:45:29.633Z",OpsManager,"SJHS-NT\caleb.Magee",User,"ADSAPPVP-013.stjoe.org","Microsoft-Windows-Security-Auditing",Security,12544,8,,4624,"4624 - An account was successfully logged on.",,,,,,,,,,,,,,,,,,null,null,Kerberos,,,null,,,,,,,,,,,,,,,,,,,,,,,,,,,,null,,,,,,,,,,,,,,,,"%%1833",,"10.250.247.32",56770,0,"-",,,,,,"33fea845-beff-e2a3-3d54-75fba36adb95",,,Kerberos,3,"3 - Network",,,,,,,,,,,,,,,,,,,,,,,,,,,,,,,,,,,,,,,,,,,,,,,,,"-",0x0,"-",,,,,,,,,,,,,,,,,,,,,,,null,,,,,,,"-\-",,,,"-",,0x0,,,"-","S-1-0-0",,,"SJHS-NT\caleb.Magee","SJHS-NT",,,,0x34401fe38,,,,,,"caleb.Magee","S-1-5-21-798254582-200106796-1537874043-775816",,,,,,,,"-",,,,,,,,"-","f90edae5-2f21-4738-af75-b8b5488f8141","fbf87766-6d43-4e60-8de5-d15a98a8248b","00000000-0000-0000-0000-000000000001","2020-10-16T14:45:30.776Z","AOI-552b9630-b106-4fe7-a1fa-97d04a0010ef",SecurityEvent,
"552b9630-b106-4fe7-a1fa-97d04a0010ef","2020-10-16T14:45:29.647Z",OpsManager,"SJHS-NT\COLJO",User,"ADSAPPVP-013.stjoe.org","Microsoft-Windows-Security-Auditing",Security,12545,8,,4634,"4634 - An account was logged off.",,,,,,,,,,,,,,,,,,null,null,,,,null,,,,,,,,,,,,,,,,,,,,,,,,,,,,null,,,,,,,,,,,,,,,,,,,,null,,,,,,,,,,,3,"3 - Network",,,,,,,,,,,,,,,,,,,,,,,,,,,,,,,,,,,,,,,,,,,,,,,,,,,,,,,,,,,,,,,,,,,,,,,,,,null,,,,,,,,,,,,,,,,,,,,"SJHS-NT\COLJO","SJHS-NT",,,,0x34401fd68,,,,,,COLJO,"S-1-5-21-798254582-200106796-1537874043-171088",,,,,,,,,,,,,,,,,"f90edae5-2f21-4738-af75-b8b5488f8141","b4fca07c-1ddf-4062-8934-b7cc0c0b70d6","00000000-0000-0000-0000-000000000001","2020-10-16T14:45:30.776Z","AOI-552b9630-b106-4fe7-a1fa-97d04a0010ef",SecurityEvent,
"552b9630-b106-4fe7-a1fa-97d04a0010ef","2020-10-16T14:45:29.647Z",OpsManager,,,"ADSAPPVP-013.stjoe.org","Microsoft-Windows-Security-Auditing",Security,14336,16,"<EventData xmlns=""http://schemas.microsoft.com/win/2004/08/events/event"">
  <Data Name=""PackageName"">MICROSOFT_AUTHENTICATION_PACKAGE_V1_0</Data>
  <Data Name=""TargetUserName"">Admin</Data>
  <Data Name=""Workstation"">FreeRDP</Data>
  <Data Name=""Status"">0xc0000064</Data>
</EventData>",4776,"4776 - The domain controller attempted to validate the credentials for an account.",,,,,,,,,,,,,,,,,,null,null,,,,null,,,,,,,,,,,,,,,,,,,,,,,,,,,,null,,,,,,,,,,,,,,,,,,,,null,,,,,,,,,,,null,,,,,,,,,,,,,,,,,,,,,,,,,,,,,,,,,,,,,,,,"MICROSOFT_AUTHENTICATION_PACKAGE_V1_0",,,,,,,,,,,,,,,,,,,,,,,,,,,,,,,,,,,null,,,,,,0xc0000064,,,,,,,,,,,,,,Admin,,,,,,,,,,,Admin,,,,,,,,,,,,,,,,FreeRDP,,"f90edae5-2f21-4738-af75-b8b5488f8141","6b33910d-b769-4a6e-a2b4-a5816d00d9d8","00000000-0000-0000-0000-000000000001","2020-10-16T14:45:30.776Z","AOI-552b9630-b106-4fe7-a1fa-97d04a0010ef",SecurityEvent,
"552b9630-b106-4fe7-a1fa-97d04a0010ef","2020-10-16T14:45:29.663Z",OpsManager,"SJHS-NT\SRM-RES-CBBZT32$",Machine,"ADSAPPVP-013.stjoe.org","Microsoft-Windows-Security-Auditing",Security,12545,8,,4634,"4634 - An account was logged off.",,,,,,,,,,,,,,,,,,null,null,,,,null,,,,,,,,,,,,,,,,,,,,,,,,,,,,null,,,,,,,,,,,,,,,,,,,,null,,,,,,,,,,,3,"3 - Network",,,,,,,,,,,,,,,,,,,,,,,,,,,,,,,,,,,,,,,,,,,,,,,,,,,,,,,,,,,,,,,,,,,,,,,,,,null,,,,,,,,,,,,,,,,,,,,"SJHS-NT\SRM-RES-CBBZT32$","SJHS-NT",,,,0x34401fd27,,,,,,"SRM-RES-CBBZT32$","S-1-5-21-798254582-200106796-1537874043-553475",,,,,,,,,,,,,,,,,"f90edae5-2f21-4738-af75-b8b5488f8141","88e7e782-61ca-4fbf-976d-44e59eb57962","00000000-0000-0000-0000-000000000001","2020-10-16T14:45:30.776Z","AOI-552b9630-b106-4fe7-a1fa-97d04a0010ef",SecurityEvent,
"552b9630-b106-4fe7-a1fa-97d04a0010ef","2020-10-16T14:45:29.663Z",OpsManager,"SJHS-NT\SRM-RES-CBBZT32$",Machine,"ADSAPPVP-013.stjoe.org","Microsoft-Windows-Security-Auditing",Security,12545,8,,4634,"4634 - An account was logged off.",,,,,,,,,,,,,,,,,,null,null,,,,null,,,,,,,,,,,,,,,,,,,,,,,,,,,,null,,,,,,,,,,,,,,,,,,,,null,,,,,,,,,,,3,"3 - Network",,,,,,,,,,,,,,,,,,,,,,,,,,,,,,,,,,,,,,,,,,,,,,,,,,,,,,,,,,,,,,,,,,,,,,,,,,null,,,,,,,,,,,,,,,,,,,,"SJHS-NT\SRM-RES-CBBZT32$","SJHS-NT",,,,0x34401fe06,,,,,,"SRM-RES-CBBZT32$","S-1-5-21-798254582-200106796-1537874043-553475",,,,,,,,,,,,,,,,,"f90edae5-2f21-4738-af75-b8b5488f8141","43878bad-ac25-4a43-a174-77cef19d7afb","00000000-0000-0000-0000-000000000001","2020-10-16T14:45:30.776Z","AOI-552b9630-b106-4fe7-a1fa-97d04a0010ef",SecurityEvent,
"552b9630-b106-4fe7-a1fa-97d04a0010ef","2020-10-16T14:45:29.663Z",OpsManager,"SJHS-NT\MHR-ISD-5CDX7M2$",Machine,"ADSAPPVP-013.stjoe.org","Microsoft-Windows-Security-Auditing",Security,12545,8,,4634,"4634 - An account was logged off.",,,,,,,,,,,,,,,,,,null,null,,,,null,,,,,,,,,,,,,,,,,,,,,,,,,,,,null,,,,,,,,,,,,,,,,,,,,null,,,,,,,,,,,3,"3 - Network",,,,,,,,,,,,,,,,,,,,,,,,,,,,,,,,,,,,,,,,,,,,,,,,,,,,,,,,,,,,,,,,,,,,,,,,,,null,,,,,,,,,,,,,,,,,,,,"SJHS-NT\MHR-ISD-5CDX7M2$","SJHS-NT",,,,0x343fc2984,,,,,,"MHR-ISD-5CDX7M2$","S-1-5-21-798254582-200106796-1537874043-767856",,,,,,,,,,,,,,,,,"f90edae5-2f21-4738-af75-b8b5488f8141","3da9ccc9-39fa-4076-94f1-95385b69a5f3","00000000-0000-0000-0000-000000000001","2020-10-16T14:45:30.776Z","AOI-552b9630-b106-4fe7-a1fa-97d04a0010ef",SecurityEvent,
"552b9630-b106-4fe7-a1fa-97d04a0010ef","2020-10-16T14:45:29.68Z",OpsManager,"SJHS-NT\RICOM2",User,"ADSAPPVP-013.stjoe.org","Microsoft-Windows-Security-Auditing",Security,12545,8,,4634,"4634 - An account was logged off.",,,,,,,,,,,,,,,,,,null,null,,,,null,,,,,,,,,,,,,,,,,,,,,,,,,,,,null,,,,,,,,,,,,,,,,,,,,null,,,,,,,,,,,3,"3 - Network",,,,,,,,,,,,,,,,,,,,,,,,,,,,,,,,,,,,,,,,,,,,,,,,,,,,,,,,,,,,,,,,,,,,,,,,,,null,,,,,,,,,,,,,,,,,,,,"SJHS-NT\RICOM2","SJHS-NT",,,,0x343ff46f8,,,,,,RICOM2,"S-1-5-21-798254582-200106796-1537874043-371797",,,,,,,,,,,,,,,,,"f90edae5-2f21-4738-af75-b8b5488f8141","3441fd1d-8484-4453-ae0a-5e119a3646ff","00000000-0000-0000-0000-000000000001","2020-10-16T14:45:30.776Z","AOI-552b9630-b106-4fe7-a1fa-97d04a0010ef",SecurityEvent,
"552b9630-b106-4fe7-a1fa-97d04a0010ef","2020-10-16T14:45:29.693Z",OpsManager,,,"ADSAPPVP-013.stjoe.org","Microsoft-Windows-Security-Auditing",Security,14336,8,"<EventData xmlns=""http://schemas.microsoft.com/win/2004/08/events/event"">
  <Data Name=""PackageName"">MICROSOFT_AUTHENTICATION_PACKAGE_V1_0</Data>
  <Data Name=""TargetUserName"">EDWINFORMATICA</Data>
  <Data Name=""Workstation"">INFPCM001-VA</Data>
  <Data Name=""Status"">0x0</Data>
</EventData>",4776,"4776 - The domain controller attempted to validate the credentials for an account.",,,,,,,,,,,,,,,,,,null,null,,,,null,,,,,,,,,,,,,,,,,,,,,,,,,,,,null,,,,,,,,,,,,,,,,,,,,null,,,,,,,,,,,null,,,,,,,,,,,,,,,,,,,,,,,,,,,,,,,,,,,,,,,,"MICROSOFT_AUTHENTICATION_PACKAGE_V1_0",,,,,,,,,,,,,,,,,,,,,,,,,,,,,,,,,,,null,,,,,,0x0,,,,,,,,,,,,,,EDWINFORMATICA,,,,,,,,,,,EDWINFORMATICA,,,,,,,,,,,,,,,,"INFPCM001-VA",,"f90edae5-2f21-4738-af75-b8b5488f8141","c848eab4-e858-42bd-aba1-99b49eed7aa3","00000000-0000-0000-0000-000000000001","2020-10-16T14:45:30.776Z","AOI-552b9630-b106-4fe7-a1fa-97d04a0010ef",SecurityEvent,
"552b9630-b106-4fe7-a1fa-97d04a0010ef","2020-10-16T14:45:29.71Z",OpsManager,"SJHS-NT\ZINGLERG1",User,"ADSAPPVP-013.stjoe.org","Microsoft-Windows-Security-Auditing",Security,12545,8,,4634,"4634 - An account was logged off.",,,,,,,,,,,,,,,,,,null,null,,,,null,,,,,,,,,,,,,,,,,,,,,,,,,,,,null,,,,,,,,,,,,,,,,,,,,null,,,,,,,,,,,3,"3 - Network",,,,,,,,,,,,,,,,,,,,,,,,,,,,,,,,,,,,,,,,,,,,,,,,,,,,,,,,,,,,,,,,,,,,,,,,,,null,,,,,,,,,,,,,,,,,,,,"SJHS-NT\ZINGLERG1","SJHS-NT",,,,0x34401fa96,,,,,,ZINGLERG1,"S-1-5-21-798254582-200106796-1537874043-407246",,,,,,,,,,,,,,,,,"f90edae5-2f21-4738-af75-b8b5488f8141","7686fdfe-7e39-4ecb-8527-b3da55228e16","00000000-0000-0000-0000-000000000001","2020-10-16T14:45:30.776Z","AOI-552b9630-b106-4fe7-a1fa-97d04a0010ef",SecurityEvent,
"552b9630-b106-4fe7-a1fa-97d04a0010ef","2020-10-16T14:45:29.74Z",OpsManager,"SJHS-NT\SRM-RES-CBBZT32$",Machine,"ADSAPPVP-013.stjoe.org","Microsoft-Windows-Security-Auditing",Security,12544,8,,4624,"4624 - An account was successfully logged on.",,,,,,,,,,,,,,,,,,null,null,Kerberos,,,null,,,,,,,,,,,,,,,,,,,,,,,,,,,,null,,,,,,,,,,,,,,,,"%%1833",,"10.209.111.152",52755,0,"-",,,,,,"3d417a37-5df5-4454-1992-f1b068353ac7",,,Kerberos,3,"3 - Network",,,,,,,,,,,,,,,,,,,,,,,,,,,,,,,,,,,,,,,,,,,,,,,,,"-",0x0,"-",,,,,,,,,,,,,,,,,,,,,,,null,,,,,,,"-\-",,,,"-",,0x0,,,"-","S-1-0-0",,,"SJHS-NT\SRM-RES-CBBZT32$","SJHS-NT",,,,0x34401ffa9,,,,,,"SRM-RES-CBBZT32$","S-1-5-21-798254582-200106796-1537874043-553475",,,,,,,,"-",,,,,,,,"-","f90edae5-2f21-4738-af75-b8b5488f8141","a04a1aa1-58fb-49d9-9bc0-a8fdf9d880d5","00000000-0000-0000-0000-000000000001","2020-10-16T14:45:30.776Z","AOI-552b9630-b106-4fe7-a1fa-97d04a0010ef",SecurityEvent,
"552b9630-b106-4fe7-a1fa-97d04a0010ef","2020-10-16T14:45:29.773Z",OpsManager,"SJHS-NT\NCDT1045380$",Machine,"ADSAPPVP-013.stjoe.org","Microsoft-Windows-Security-Auditing",Security,12544,8,,4624,"4624 - An account was successfully logged on.",,,,,,,,,,,,,,,,,,null,null,Kerberos,,,null,,,,,,,,,,,,,,,,,,,,,,,,,,,,null,,,,,,,,,,,,,,,,"%%1833",,"10.212.45.217",61484,0,"-",,,,,,"6397babe-63a3-677a-b8af-aa188af80736",,,Kerberos,3,"3 - Network",,,,,,,,,,,,,,,,,,,,,,,,,,,,,,,,,,,,,,,,,,,,,,,,,"-",0x0,"-",,,,,,,,,,,,,,,,,,,,,,,null,,,,,,,"-\-",,,,"-",,0x0,,,"-","S-1-0-0",,,"SJHS-NT\NCDT1045380$","SJHS-NT",,,,0x3440200fc,,,,,,"NCDT1045380$","S-1-5-21-798254582-200106796-1537874043-746572",,,,,,,,"-",,,,,,,,"-","f90edae5-2f21-4738-af75-b8b5488f8141","3851d161-8372-476f-bb49-a0c10d9da55e","00000000-0000-0000-0000-000000000001","2020-10-16T14:45:30.776Z","AOI-552b9630-b106-4fe7-a1fa-97d04a0010ef",SecurityEvent,
"552b9630-b106-4fe7-a1fa-97d04a0010ef","2020-10-16T14:45:29.79Z",OpsManager,,,"ADSAPPVP-013.stjoe.org","Microsoft-Windows-Security-Auditing",Security,14339,16,"<EventData xmlns=""http://schemas.microsoft.com/win/2004/08/events/event"">
  <Data Name=""TargetUserName"">CTXXAP6A118-VP$</Data>
  <Data Name=""TargetSid"">S-1-5-21-798254582-200106796-1537874043-306030</Data>
  <Data Name=""ServiceName"">krbtgt/STJOE.ORG</Data>
  <Data Name=""TicketOptions"">0x40810010</Data>
  <Data Name=""Status"">0x18</Data>
  <Data Name=""PreAuthType"">2</Data>
  <Data Name=""IpAddress"">::ffff:10.250.186.158</Data>
  <Data Name=""IpPort"">52312</Data>
  <Data Name=""CertIssuerName""></Data>
  <Data Name=""CertSerialNumber""></Data>
  <Data Name=""CertThumbprint""></Data>
</EventData>",4771,"4771 - Kerberos pre-authentication failed.",,,,,,,,,,,,,,,,,,null,null,,,,null,,,,,,,,,,,,,,,,,,,,,,,,,,,,null,,,,,,,,,,,,,,,,,,"::ffff:10.250.186.158",52312,null,,,,,,,,,,,null,,,,,,,,,,,,,,,,,,,,,,,,,,,,,,,,,,,,,,,,,,,,,,,,,,,,,,,,,,,,,,,,,,,,,,,,,,"krbtgt/STJOE.ORG",null,,,,,,0x18,,,,,,,,,,,,,,"CTXXAP6A118-VP$",,,,,,,,,"S-1-5-21-798254582-200106796-1537874043-306030",,"CTXXAP6A118-VP$",,,,,,,,,,,,,,,,,,"f90edae5-2f21-4738-af75-b8b5488f8141","7be46ce3-855c-4a84-bc29-86c92b4c7c36","00000000-0000-0000-0000-000000000001","2020-10-16T14:45:30.776Z","AOI-552b9630-b106-4fe7-a1fa-97d04a0010ef",SecurityEvent,
"552b9630-b106-4fe7-a1fa-97d04a0010ef","2020-10-16T14:45:29.79Z",OpsManager,,,"ADSAPPVP-013.stjoe.org","Microsoft-Windows-Security-Auditing",Security,14337,8,"<EventData xmlns=""http://schemas.microsoft.com/win/2004/08/events/event"">
  <Data Name=""TargetUserName"">TWKWEB018-VP$@STJOE.ORG</Data>
  <Data Name=""TargetDomainName"">STJOE.ORG</Data>
  <Data Name=""ServiceName"">TWKWEB018-VP$</Data>
  <Data Name=""ServiceSid"">S-1-5-21-798254582-200106796-1537874043-333444</Data>
  <Data Name=""TicketOptions"">0x40810000</Data>
  <Data Name=""TicketEncryptionType"">0x12</Data>
  <Data Name=""IpAddress"">::ffff:10.250.114.105</Data>
  <Data Name=""IpPort"">65037</Data>
  <Data Name=""Status"">0x0</Data>
  <Data Name=""LogonGuid"">{DC39968E-FF3A-5D35-A9E9-373E0A7A3855}</Data>
  <Data Name=""TransmittedServices"">-</Data>
</EventData>",4769,"4769 - A Kerberos service ticket was requested.",,,,,,,,,,,,,,,,,,null,null,,,,null,,,,,,,,,,,,,,,,,,,,,,,,,,,,null,,,,,,,,,,,,,,,,,,,,null,,,,,,,,,,,null,,,,,,,,,,,,,,,,,,,,,,,,,,,,,,,,,,,,,,,,,,,,,,,,,,,,,,,,,,,,,,,,,,,,,,,,,,,null,,,,,,,,,,,,,,,,,,,,,,,,,,,,,,,,,,,,,,,,,,,,,,,,,"f90edae5-2f21-4738-af75-b8b5488f8141","f8db4ffe-4384-4b00-aef1-006a29bb4b11","00000000-0000-0000-0000-000000000001","2020-10-16T14:45:30.776Z","AOI-552b9630-b106-4fe7-a1fa-97d04a0010ef",SecurityEvent,
"552b9630-b106-4fe7-a1fa-97d04a0010ef","2020-10-16T14:45:29.79Z",OpsManager,,,"ADSAPPVP-013.stjoe.org","Microsoft-Windows-Security-Auditing",Security,14336,16,"<EventData xmlns=""http://schemas.microsoft.com/win/2004/08/events/event"">
  <Data Name=""PackageName"">MICROSOFT_AUTHENTICATION_PACKAGE_V1_0</Data>
  <Data Name=""TargetUserName"">SRM-RX-ALARIS@stjoe.org</Data>
  <Data Name=""Workstation"">\\SRMMCVACSAPP01</Data>
  <Data Name=""Status"">0xc0000064</Data>
</EventData>",4776,"4776 - The domain controller attempted to validate the credentials for an account.",,,,,,,,,,,,,,,,,,null,null,,,,null,,,,,,,,,,,,,,,,,,,,,,,,,,,,null,,,,,,,,,,,,,,,,,,,,null,,,,,,,,,,,null,,,,,,,,,,,,,,,,,,,,,,,,,,,,,,,,,,,,,,,,"MICROSOFT_AUTHENTICATION_PACKAGE_V1_0",,,,,,,,,,,,,,,,,,,,,,,,,,,,,,,,,,,null,,,,,,0xc0000064,,,,,,,,,,,,,,"SRM-RX-ALARIS@stjoe.org",,,,,,,,,,,"SRM-RX-ALARIS@stjoe.org",,,,,,,,,,,,,,,,"\\SRMMCVACSAPP01",,"f90edae5-2f21-4738-af75-b8b5488f8141","17b67df1-44af-4086-8251-83c2b2ea2531","00000000-0000-0000-0000-000000000001","2020-10-16T14:45:30.776Z","AOI-552b9630-b106-4fe7-a1fa-97d04a0010ef",SecurityEvent,
"552b9630-b106-4fe7-a1fa-97d04a0010ef","2020-10-16T14:45:29.79Z",OpsManager,,,"ADSAPPVP-013.stjoe.org","Microsoft-Windows-Security-Auditing",Security,14336,8,"<EventData xmlns=""http://schemas.microsoft.com/win/2004/08/events/event"">
  <Data Name=""PackageName"">MICROSOFT_AUTHENTICATION_PACKAGE_V1_0</Data>
  <Data Name=""TargetUserName"">SRM-RX-ALARIS@stjoe.org</Data>
  <Data Name=""Workstation"">\\SRMMCVACSAPP01</Data>
  <Data Name=""Status"">0x0</Data>
</EventData>",4776,"4776 - The domain controller attempted to validate the credentials for an account.",,,,,,,,,,,,,,,,,,null,null,,,,null,,,,,,,,,,,,,,,,,,,,,,,,,,,,null,,,,,,,,,,,,,,,,,,,,null,,,,,,,,,,,null,,,,,,,,,,,,,,,,,,,,,,,,,,,,,,,,,,,,,,,,"MICROSOFT_AUTHENTICATION_PACKAGE_V1_0",,,,,,,,,,,,,,,,,,,,,,,,,,,,,,,,,,,null,,,,,,0x0,,,,,,,,,,,,,,"SRM-RX-ALARIS@stjoe.org",,,,,,,,,,,"SRM-RX-ALARIS@stjoe.org",,,,,,,,,,,,,,,,"\\SRMMCVACSAPP01",,"f90edae5-2f21-4738-af75-b8b5488f8141","b9b2cb88-3dac-4397-9b10-bc00189921e9","00000000-0000-0000-0000-000000000001","2020-10-16T14:45:30.776Z","AOI-552b9630-b106-4fe7-a1fa-97d04a0010ef",SecurityEvent,
"552b9630-b106-4fe7-a1fa-97d04a0010ef","2020-10-16T14:45:29.79Z",OpsManager,,,"ADSAPPVP-013.stjoe.org","Microsoft-Windows-Security-Auditing",Security,14336,8,"<EventData xmlns=""http://schemas.microsoft.com/win/2004/08/events/event"">
  <Data Name=""PackageName"">MICROSOFT_AUTHENTICATION_PACKAGE_V1_0</Data>
  <Data Name=""TargetUserName"">MURILLOL1</Data>
  <Data Name=""Workstation"">TXDT1046935</Data>
  <Data Name=""Status"">0x0</Data>
</EventData>",4776,"4776 - The domain controller attempted to validate the credentials for an account.",,,,,,,,,,,,,,,,,,null,null,,,,null,,,,,,,,,,,,,,,,,,,,,,,,,,,,null,,,,,,,,,,,,,,,,,,,,null,,,,,,,,,,,null,,,,,,,,,,,,,,,,,,,,,,,,,,,,,,,,,,,,,,,,"MICROSOFT_AUTHENTICATION_PACKAGE_V1_0",,,,,,,,,,,,,,,,,,,,,,,,,,,,,,,,,,,null,,,,,,0x0,,,,,,,,,,,,,,MURILLOL1,,,,,,,,,,,MURILLOL1,,,,,,,,,,,,,,,,TXDT1046935,,"f90edae5-2f21-4738-af75-b8b5488f8141","93c7335e-1fb9-4327-8e90-c7a30c1c797a","00000000-0000-0000-0000-000000000001","2020-10-16T14:45:30.776Z","AOI-552b9630-b106-4fe7-a1fa-97d04a0010ef",SecurityEvent,
"552b9630-b106-4fe7-a1fa-97d04a0010ef","2020-10-16T14:45:29.803Z",OpsManager,,,"ADSAPPVP-013.stjoe.org","Microsoft-Windows-Security-Auditing",Security,14336,8,"<EventData xmlns=""http://schemas.microsoft.com/win/2004/08/events/event"">
  <Data Name=""PackageName"">MICROSOFT_AUTHENTICATION_PACKAGE_V1_0</Data>
  <Data Name=""TargetUserName"">SysCenter-Action</Data>
  <Data Name=""Workstation"">\\SYNAPPVP-015</Data>
  <Data Name=""Status"">0x0</Data>
</EventData>",4776,"4776 - The domain controller attempted to validate the credentials for an account.",,,,,,,,,,,,,,,,,,null,null,,,,null,,,,,,,,,,,,,,,,,,,,,,,,,,,,null,,,,,,,,,,,,,,,,,,,,null,,,,,,,,,,,null,,,,,,,,,,,,,,,,,,,,,,,,,,,,,,,,,,,,,,,,"MICROSOFT_AUTHENTICATION_PACKAGE_V1_0",,,,,,,,,,,,,,,,,,,,,,,,,,,,,,,,,,,null,,,,,,0x0,,,,,,,,,,,,,,"SysCenter-Action",,,,,,,,,,,"SysCenter-Action",,,,,,,,,,,,,,,,"\\SYNAPPVP-015",,"f90edae5-2f21-4738-af75-b8b5488f8141","4bc8fa21-84ae-45db-add7-25a7033caac3","00000000-0000-0000-0000-000000000001","2020-10-16T14:45:30.776Z","AOI-552b9630-b106-4fe7-a1fa-97d04a0010ef",SecurityEvent,
"552b9630-b106-4fe7-a1fa-97d04a0010ef","2020-10-16T14:45:29.803Z",OpsManager,"SJHS-NT\HHF-SS7-6TDR433$",Machine,"ADSAPPVP-013.stjoe.org","Microsoft-Windows-Security-Auditing",Security,12545,8,,4634,"4634 - An account was logged off.",,,,,,,,,,,,,,,,,,null,null,,,,null,,,,,,,,,,,,,,,,,,,,,,,,,,,,null,,,,,,,,,,,,,,,,,,,,null,,,,,,,,,,,3,"3 - Network",,,,,,,,,,,,,,,,,,,,,,,,,,,,,,,,,,,,,,,,,,,,,,,,,,,,,,,,,,,,,,,,,,,,,,,,,,null,,,,,,,,,,,,,,,,,,,,"SJHS-NT\HHF-SS7-6TDR433$","SJHS-NT",,,,0x343fe0eeb,,,,,,"HHF-SS7-6TDR433$","S-1-5-21-798254582-200106796-1537874043-754580",,,,,,,,,,,,,,,,,"f90edae5-2f21-4738-af75-b8b5488f8141","64c70390-80e6-4914-9360-c1047c5f5d79","00000000-0000-0000-0000-000000000001","2020-10-16T14:45:30.776Z","AOI-552b9630-b106-4fe7-a1fa-97d04a0010ef",SecurityEvent,
"552b9630-b106-4fe7-a1fa-97d04a0010ef","2020-10-16T14:45:29.803Z",OpsManager,,,"ADSAPPVP-013.stjoe.org","Microsoft-Windows-Security-Auditing",Security,14339,16,"<EventData xmlns=""http://schemas.microsoft.com/win/2004/08/events/event"">
  <Data Name=""TargetUserName"">CTXXAP6A118-VP$</Data>
  <Data Name=""TargetSid"">S-1-5-21-798254582-200106796-1537874043-306030</Data>
  <Data Name=""ServiceName"">krbtgt/STJOE.ORG</Data>
  <Data Name=""TicketOptions"">0x40810010</Data>
  <Data Name=""Status"">0x18</Data>
  <Data Name=""PreAuthType"">2</Data>
  <Data Name=""IpAddress"">::ffff:10.250.186.158</Data>
  <Data Name=""IpPort"">52313</Data>
  <Data Name=""CertIssuerName""></Data>
  <Data Name=""CertSerialNumber""></Data>
  <Data Name=""CertThumbprint""></Data>
</EventData>",4771,"4771 - Kerberos pre-authentication failed.",,,,,,,,,,,,,,,,,,null,null,,,,null,,,,,,,,,,,,,,,,,,,,,,,,,,,,null,,,,,,,,,,,,,,,,,,"::ffff:10.250.186.158",52313,null,,,,,,,,,,,null,,,,,,,,,,,,,,,,,,,,,,,,,,,,,,,,,,,,,,,,,,,,,,,,,,,,,,,,,,,,,,,,,,,,,,,,,,"krbtgt/STJOE.ORG",null,,,,,,0x18,,,,,,,,,,,,,,"CTXXAP6A118-VP$",,,,,,,,,"S-1-5-21-798254582-200106796-1537874043-306030",,"CTXXAP6A118-VP$",,,,,,,,,,,,,,,,,,"f90edae5-2f21-4738-af75-b8b5488f8141","fdc1211f-3c8a-40d8-aa0c-a40da8ceba21","00000000-0000-0000-0000-000000000001","2020-10-16T14:45:30.776Z","AOI-552b9630-b106-4fe7-a1fa-97d04a0010ef",SecurityEvent,
