"552b9630-b106-4fe7-a1fa-97d04a0010ef","2020-10-16T14:45:27.023Z",OpsManager,"AD\XDLVS1470827$",Machine,"WN73201.ad.providence.org","Microsoft-Windows-Security-Auditing",Security,12545,8,,4634,"4634 - An account was logged off.",,,,,,,,,,,,,,,,,,null,null,,,,null,,,,,,,,,,,,,,,,,,,,,,,,,,,,null,,,,,,,,,,,,,,,,,,,,null,,,,,,,,,,,3,"3 - Network",,,,,,,,,,,,,,,,,,,,,,,,,,,,,,,,,,,,,,,,,,,,,,,,,,,,,,,,,,,,,,,,,,,,,,,,,,null,,,,,,,,,,,,,,,,,,,,"AD\XDLVS1470827$",AD,,,,0x45cef55f5,,,,,,"XDLVS1470827$","S-1-5-21-1078081533-725345543-682003330-546576",,,,,,,,,,,,,,,,,"e9823817-3e12-441f-aa9e-07379874d8fd","6b4c60d8-21c4-476b-9e06-8a2e2688a89b","00000000-0000-0000-0000-000000000001","2020-10-16T14:45:28.279Z","AOI-552b9630-b106-4fe7-a1fa-97d04a0010ef",SecurityEvent,
"552b9630-b106-4fe7-a1fa-97d04a0010ef","2020-10-16T14:45:27.023Z",OpsManager,"AD\XDLVS1170789$",Machine,"WN73201.ad.providence.org","Microsoft-Windows-Security-Auditing",Security,12544,8,,4624,"4624 - An account was successfully logged on.",,,,,,,,,,,,,,,,,,null,null,Kerberos,,,null,,,,,,,,,,,,,,,,,,,,,,,,,,,,null,,,,,,,,,,,,,,,,"%%1833",,"10.184.0.98",63163,0,"-",,,,,,"1d21289e-48f5-a5e8-0af0-472666642aa3",,,Kerberos,3,"3 - Network",,,,,,,,,,,,,,,,,,,,,,,,,,,,,,,,,,,,,,,,,,,,,,,,,"-",0x0,"-",,,,,,,,,,,,,,,,,,,,,,,null,,,,,,,"-\-",,,,"-",,0x0,,,"-","S-1-0-0",,,"AD\XDLVS1170789$",AD,,,,0x45cf07b46,,,,,,"XDLVS1170789$","S-1-5-21-1078081533-725345543-682003330-498271",,,,,,,,"-",,,,,,,,"-","e9823817-3e12-441f-aa9e-07379874d8fd","38106863-5fed-4e27-b94d-5b8eaab11161","00000000-0000-0000-0000-000000000001","2020-10-16T14:45:28.279Z","AOI-552b9630-b106-4fe7-a1fa-97d04a0010ef",SecurityEvent,
"552b9630-b106-4fe7-a1fa-97d04a0010ef","2020-10-16T14:45:27.04Z",OpsManager,"AD\HHF-VMC-JP0WG02$",Machine,"WN73201.ad.providence.org","Microsoft-Windows-Security-Auditing",Security,12544,8,,4624,"4624 - An account was successfully logged on.",,,,,,,,,,,,,,,,,,null,null,Kerberos,,,null,,,,,,,,,,,,,,,,,,,,,,,,,,,,null,,,,,,,,,,,,,,,,"%%1833",,"10.199.184.252",65503,0,"-",,,,,,"026f5479-2954-8ead-9b79-3f3fedb62557",,,Kerberos,3,"3 - Network",,,,,,,,,,,,,,,,,,,,,,,,,,,,,,,,,,,,,,,,,,,,,,,,,"-",0x0,"-",,,,,,,,,,,,,,,,,,,,,,,null,,,,,,,"-\-",,,,"-",,0x0,,,"-","S-1-0-0",,,"AD\HHF-VMC-JP0WG02$",AD,,,,0x45cf07b80,,,,,,"HHF-VMC-JP0WG02$","S-1-5-21-1078081533-725345543-682003330-500940",,,,,,,,"-",,,,,,,,"-","e9823817-3e12-441f-aa9e-07379874d8fd","ebbfa890-f5c1-4ebf-8fc2-cd3ba275d17d","00000000-0000-0000-0000-000000000001","2020-10-16T14:45:28.279Z","AOI-552b9630-b106-4fe7-a1fa-97d04a0010ef",SecurityEvent,
"552b9630-b106-4fe7-a1fa-97d04a0010ef","2020-10-16T14:45:27.04Z",OpsManager,,,"WN73201.ad.providence.org","Microsoft-Windows-Security-Auditing",Security,14339,8,"<EventData xmlns=""http://schemas.microsoft.com/win/2004/08/events/event"">
  <Data Name=""TargetUserName"">FLORESJ17</Data>
  <Data Name=""TargetDomainName"">AD</Data>
  <Data Name=""TargetSid"">S-1-5-21-1078081533-725345543-682003330-339756</Data>
  <Data Name=""ServiceName"">krbtgt</Data>
  <Data Name=""ServiceSid"">S-1-5-21-1078081533-725345543-682003330-502</Data>
  <Data Name=""TicketOptions"">0x40810010</Data>
  <Data Name=""Status"">0x0</Data>
  <Data Name=""TicketEncryptionType"">0x12</Data>
  <Data Name=""PreAuthType"">2</Data>
  <Data Name=""IpAddress"">::ffff:10.249.3.53</Data>
  <Data Name=""IpPort"">64707</Data>
  <Data Name=""CertIssuerName""></Data>
  <Data Name=""CertSerialNumber""></Data>
  <Data Name=""CertThumbprint""></Data>
</EventData>",4768,"4768 - A Kerberos authentication ticket (TGT) was requested.",,,,,,,,,,,,,,,,,,null,null,,,,null,,,,,,,,,,,,,,,,,,,,,,,,,,,,null,,,,,,,,,,,,,,,,,,"::ffff:10.249.3.53",64707,null,,,,,,,,,,,null,,,,,,,,,,,,,,,,,,,,,,,,,,,,,,,,,,,,,,,,,,,,,,,,,,,,,,,,,,,,,,,,,,,,,,,,,,krbtgt,null,,,,,,0x0,,,,,,,,,,,,,,"AD\FLORESJ17",AD,,,,,,,,"S-1-5-21-1078081533-725345543-682003330-339756",,FLORESJ17,,,,,,,,,,,,,,,,,,"e9823817-3e12-441f-aa9e-07379874d8fd","eab83568-a5f2-46a5-8523-8ab6229ca9ee","00000000-0000-0000-0000-000000000001","2020-10-16T14:45:28.279Z","AOI-552b9630-b106-4fe7-a1fa-97d04a0010ef",SecurityEvent,
"552b9630-b106-4fe7-a1fa-97d04a0010ef","2020-10-16T14:45:27.04Z",OpsManager,"AD\XDLVS1170789$",Machine,"WN73201.ad.providence.org","Microsoft-Windows-Security-Auditing",Security,12545,8,,4634,"4634 - An account was logged off.",,,,,,,,,,,,,,,,,,null,null,,,,null,,,,,,,,,,,,,,,,,,,,,,,,,,,,null,,,,,,,,,,,,,,,,,,,,null,,,,,,,,,,,3,"3 - Network",,,,,,,,,,,,,,,,,,,,,,,,,,,,,,,,,,,,,,,,,,,,,,,,,,,,,,,,,,,,,,,,,,,,,,,,,,null,,,,,,,,,,,,,,,,,,,,"AD\XDLVS1170789$",AD,,,,0x45cf07b46,,,,,,"XDLVS1170789$","S-1-5-21-1078081533-725345543-682003330-498271",,,,,,,,,,,,,,,,,"e9823817-3e12-441f-aa9e-07379874d8fd","6cd927a8-0efd-4dff-92e9-f90af8826b2c","00000000-0000-0000-0000-000000000001","2020-10-16T14:45:28.279Z","AOI-552b9630-b106-4fe7-a1fa-97d04a0010ef",SecurityEvent,
"552b9630-b106-4fe7-a1fa-97d04a0010ef","2020-10-16T14:45:27.04Z",OpsManager,,,"WN73201.ad.providence.org","Microsoft-Windows-Security-Auditing",Security,14339,8,"<EventData xmlns=""http://schemas.microsoft.com/win/2004/08/events/event"">
  <Data Name=""TargetUserName"">AGUILAD1</Data>
  <Data Name=""TargetDomainName"">AD</Data>
  <Data Name=""TargetSid"">S-1-5-21-1078081533-725345543-682003330-352080</Data>
  <Data Name=""ServiceName"">krbtgt</Data>
  <Data Name=""ServiceSid"">S-1-5-21-1078081533-725345543-682003330-502</Data>
  <Data Name=""TicketOptions"">0x40810010</Data>
  <Data Name=""Status"">0x0</Data>
  <Data Name=""TicketEncryptionType"">0x12</Data>
  <Data Name=""PreAuthType"">2</Data>
  <Data Name=""IpAddress"">::ffff:10.249.3.55</Data>
  <Data Name=""IpPort"">61484</Data>
  <Data Name=""CertIssuerName""></Data>
  <Data Name=""CertSerialNumber""></Data>
  <Data Name=""CertThumbprint""></Data>
</EventData>",4768,"4768 - A Kerberos authentication ticket (TGT) was requested.",,,,,,,,,,,,,,,,,,null,null,,,,null,,,,,,,,,,,,,,,,,,,,,,,,,,,,null,,,,,,,,,,,,,,,,,,"::ffff:10.249.3.55",61484,null,,,,,,,,,,,null,,,,,,,,,,,,,,,,,,,,,,,,,,,,,,,,,,,,,,,,,,,,,,,,,,,,,,,,,,,,,,,,,,,,,,,,,,krbtgt,null,,,,,,0x0,,,,,,,,,,,,,,"AD\AGUILAD1",AD,,,,,,,,"S-1-5-21-1078081533-725345543-682003330-352080",,AGUILAD1,,,,,,,,,,,,,,,,,,"e9823817-3e12-441f-aa9e-07379874d8fd","c219f840-bd9e-4394-8907-4c0ca9d13d16","00000000-0000-0000-0000-000000000001","2020-10-16T14:45:28.279Z","AOI-552b9630-b106-4fe7-a1fa-97d04a0010ef",SecurityEvent,
"552b9630-b106-4fe7-a1fa-97d04a0010ef","2020-10-16T14:45:27.04Z",OpsManager,"AD\COZINEK1",User,"WN73201.ad.providence.org","Microsoft-Windows-Security-Auditing",Security,12544,8,,4624,"4624 - An account was successfully logged on.",,,,,,,,,,,,,,,,,,null,null,Kerberos,,,null,,,,,,,,,,,,,,,,,,,,,,,,,,,,null,,,,,,,,,,,,,,,,"%%1833",,"10.191.53.188",54521,0,"-",,,,,,"f625d170-ccb4-a5d3-0ad6-954e1b84f19a",,,Kerberos,3,"3 - Network",,,,,,,,,,,,,,,,,,,,,,,,,,,,,,,,,,,,,,,,,,,,,,,,,"-",0x0,"-",,,,,,,,,,,,,,,,,,,,,,,null,,,,,,,"-\-",,,,"-",,0x0,,,"-","S-1-0-0",,,"AD\COZINEK1",AD,,,,0x45cf07ba2,,,,,,COZINEK1,"S-1-5-21-1078081533-725345543-682003330-483232",,,,,,,,"-",,,,,,,,"-","e9823817-3e12-441f-aa9e-07379874d8fd","9b2d796e-115a-4a42-b8db-ee7d5b4b2151","00000000-0000-0000-0000-000000000001","2020-10-16T14:45:28.279Z","AOI-552b9630-b106-4fe7-a1fa-97d04a0010ef",SecurityEvent,
"552b9630-b106-4fe7-a1fa-97d04a0010ef","2020-10-16T14:45:27.04Z",OpsManager,"AD\GARCIAC28",User,"WN73201.ad.providence.org","Microsoft-Windows-Security-Auditing",Security,12544,8,,4624,"4624 - An account was successfully logged on.",,,,,,,,,,,,,,,,,,null,null,Kerberos,,,null,,,,,,,,,,,,,,,,,,,,,,,,,,,,null,,,,,,,,,,,,,,,,"%%1840",,"10.184.25.57",60944,0,"-",,,,,,"4a5b3dda-5684-2958-19cc-fabec24b29f5",,,Kerberos,3,"3 - Network",,,,,,,,,,,,,,,,,,,,,,,,,,,,,,,,,,,,,,,,,,,,,,,,,"-",0x0,"-",,,,,,,,,,,,,,,,,,,,,,,null,,,,,,,"-\-",,,,"-",,0x0,,,"-","S-1-0-0",,,"AD\GARCIAC28",AD,,,,0x45cf07bb9,,,,,,GARCIAC28,"S-1-5-21-1078081533-725345543-682003330-470152",,,,,,,,"-",,,,,,,,"-","e9823817-3e12-441f-aa9e-07379874d8fd","82120f07-1fac-4b46-8151-51a61ea8a1fc","00000000-0000-0000-0000-000000000001","2020-10-16T14:45:28.279Z","AOI-552b9630-b106-4fe7-a1fa-97d04a0010ef",SecurityEvent,
"552b9630-b106-4fe7-a1fa-97d04a0010ef","2020-10-16T14:45:27.04Z",OpsManager,,,"WN73201.ad.providence.org","Microsoft-Windows-Security-Auditing",Security,14339,8,"<EventData xmlns=""http://schemas.microsoft.com/win/2004/08/events/event"">
  <Data Name=""TargetUserName"">FLORESJ17</Data>
  <Data Name=""TargetDomainName"">AD</Data>
  <Data Name=""TargetSid"">S-1-5-21-1078081533-725345543-682003330-339756</Data>
  <Data Name=""ServiceName"">krbtgt</Data>
  <Data Name=""ServiceSid"">S-1-5-21-1078081533-725345543-682003330-502</Data>
  <Data Name=""TicketOptions"">0x40810010</Data>
  <Data Name=""Status"">0x0</Data>
  <Data Name=""TicketEncryptionType"">0x12</Data>
  <Data Name=""PreAuthType"">2</Data>
  <Data Name=""IpAddress"">::ffff:10.249.3.53</Data>
  <Data Name=""IpPort"">64712</Data>
  <Data Name=""CertIssuerName""></Data>
  <Data Name=""CertSerialNumber""></Data>
  <Data Name=""CertThumbprint""></Data>
</EventData>",4768,"4768 - A Kerberos authentication ticket (TGT) was requested.",,,,,,,,,,,,,,,,,,null,null,,,,null,,,,,,,,,,,,,,,,,,,,,,,,,,,,null,,,,,,,,,,,,,,,,,,"::ffff:10.249.3.53",64712,null,,,,,,,,,,,null,,,,,,,,,,,,,,,,,,,,,,,,,,,,,,,,,,,,,,,,,,,,,,,,,,,,,,,,,,,,,,,,,,,,,,,,,,krbtgt,null,,,,,,0x0,,,,,,,,,,,,,,"AD\FLORESJ17",AD,,,,,,,,"S-1-5-21-1078081533-725345543-682003330-339756",,FLORESJ17,,,,,,,,,,,,,,,,,,"e9823817-3e12-441f-aa9e-07379874d8fd","4f60364d-cd86-4e53-a315-40daccf91c6d","00000000-0000-0000-0000-000000000001","2020-10-16T14:45:28.279Z","AOI-552b9630-b106-4fe7-a1fa-97d04a0010ef",SecurityEvent,
"552b9630-b106-4fe7-a1fa-97d04a0010ef","2020-10-16T14:45:27.04Z",OpsManager,"AD\JaramilloLa1",User,"WN73201.ad.providence.org","Microsoft-Windows-Security-Auditing",Security,12545,8,,4634,"4634 - An account was logged off.",,,,,,,,,,,,,,,,,,null,null,,,,null,,,,,,,,,,,,,,,,,,,,,,,,,,,,null,,,,,,,,,,,,,,,,,,,,null,,,,,,,,,,,3,"3 - Network",,,,,,,,,,,,,,,,,,,,,,,,,,,,,,,,,,,,,,,,,,,,,,,,,,,,,,,,,,,,,,,,,,,,,,,,,,null,,,,,,,,,,,,,,,,,,,,"AD\JaramilloLa1",AD,,,,0x45cf078c1,,,,,,JaramilloLa1,"S-1-5-21-1078081533-725345543-682003330-333955",,,,,,,,,,,,,,,,,"e9823817-3e12-441f-aa9e-07379874d8fd","914bc832-a2da-4cf5-ab1f-741046acfe1a","00000000-0000-0000-0000-000000000001","2020-10-16T14:45:28.279Z","AOI-552b9630-b106-4fe7-a1fa-97d04a0010ef",SecurityEvent,
"552b9630-b106-4fe7-a1fa-97d04a0010ef","2020-10-16T14:45:27.057Z",OpsManager,"AD\HHF-VMC-JP0WG02$",Machine,"WN73201.ad.providence.org","Microsoft-Windows-Security-Auditing",Security,12545,8,,4634,"4634 - An account was logged off.",,,,,,,,,,,,,,,,,,null,null,,,,null,,,,,,,,,,,,,,,,,,,,,,,,,,,,null,,,,,,,,,,,,,,,,,,,,null,,,,,,,,,,,3,"3 - Network",,,,,,,,,,,,,,,,,,,,,,,,,,,,,,,,,,,,,,,,,,,,,,,,,,,,,,,,,,,,,,,,,,,,,,,,,,null,,,,,,,,,,,,,,,,,,,,"AD\HHF-VMC-JP0WG02$",AD,,,,0x45cf0791f,,,,,,"HHF-VMC-JP0WG02$","S-1-5-21-1078081533-725345543-682003330-500940",,,,,,,,,,,,,,,,,"e9823817-3e12-441f-aa9e-07379874d8fd","d419799a-cb5c-4b3c-bb56-87181fff40bc","00000000-0000-0000-0000-000000000001","2020-10-16T14:45:28.279Z","AOI-552b9630-b106-4fe7-a1fa-97d04a0010ef",SecurityEvent,
"552b9630-b106-4fe7-a1fa-97d04a0010ef","2020-10-16T14:45:27.057Z",OpsManager,"AD\XDLVS1571267$",Machine,"WN73201.ad.providence.org","Microsoft-Windows-Security-Auditing",Security,12544,8,,4624,"4624 - An account was successfully logged on.",,,,,,,,,,,,,,,,,,null,null,Kerberos,,,null,,,,,,,,,,,,,,,,,,,,,,,,,,,,null,,,,,,,,,,,,,,,,"%%1840",,"10.184.22.244",58454,0,"-",,,,,,"93df5989-410d-1caa-3284-e97550da14e9",,,Kerberos,3,"3 - Network",,,,,,,,,,,,,,,,,,,,,,,,,,,,,,,,,,,,,,,,,,,,,,,,,"-",0x0,"-",,,,,,,,,,,,,,,,,,,,,,,null,,,,,,,"-\-",,,,"-",,0x0,,,"-","S-1-0-0",,,"AD\XDLVS1571267$",AD,,,,0x45cf07bf1,,,,,,"XDLVS1571267$","S-1-5-21-1078081533-725345543-682003330-543732",,,,,,,,"-",,,,,,,,"-","e9823817-3e12-441f-aa9e-07379874d8fd","161b422c-a8cb-4c5d-8756-649ee0aa10a2","00000000-0000-0000-0000-000000000001","2020-10-16T14:45:28.279Z","AOI-552b9630-b106-4fe7-a1fa-97d04a0010ef",SecurityEvent,
"552b9630-b106-4fe7-a1fa-97d04a0010ef","2020-10-16T14:45:27.057Z",OpsManager,"PHSWA\XAMTLVS0A184$",Machine,"WN73201.ad.providence.org","Microsoft-Windows-Security-Auditing",Security,12544,8,,4624,"4624 - An account was successfully logged on.",,,,,,,,,,,,,,,,,,null,null,Kerberos,,,null,,,,,,,,,,,,,,,,,,,,,,,,,,,,null,,,,,,,,,,,,,,,,"%%1833",,"10.184.39.66",52221,0,"-",,,,,,"d4f8c178-5680-f977-4fed-a22adfbb5d36",,,Kerberos,3,"3 - Network",,,,,,,,,,,,,,,,,,,,,,,,,,,,,,,,,,,,,,,,,,,,,,,,,"-",0x0,"-",,,,,,,,,,,,,,,,,,,,,,,null,,,,,,,"-\-",,,,"-",,0x0,,,"-","S-1-0-0",,,"PHSWA\XAMTLVS0A184$",PHSWA,,,,0x45cf07c38,,,,,,"XAMTLVS0A184$","S-1-5-21-420551719-245851362-9522986-617551",,,,,,,,"-",,,,,,,,"-","e9823817-3e12-441f-aa9e-07379874d8fd","9f357884-d6b6-4568-8ee3-b47fa0f210fd","00000000-0000-0000-0000-000000000001","2020-10-16T14:45:28.279Z","AOI-552b9630-b106-4fe7-a1fa-97d04a0010ef",SecurityEvent,
"552b9630-b106-4fe7-a1fa-97d04a0010ef","2020-10-16T14:45:27.057Z",OpsManager,,,"WN73201.ad.providence.org","Microsoft-Windows-Security-Auditing",Security,14339,8,"<EventData xmlns=""http://schemas.microsoft.com/win/2004/08/events/event"">
  <Data Name=""TargetUserName"">FranklinJ1</Data>
  <Data Name=""TargetDomainName"">ad.providence.org</Data>
  <Data Name=""TargetSid"">S-1-5-21-1078081533-725345543-682003330-339470</Data>
  <Data Name=""ServiceName"">krbtgt</Data>
  <Data Name=""ServiceSid"">S-1-5-21-1078081533-725345543-682003330-502</Data>
  <Data Name=""TicketOptions"">0x40810010</Data>
  <Data Name=""Status"">0x0</Data>
  <Data Name=""TicketEncryptionType"">0x12</Data>
  <Data Name=""PreAuthType"">2</Data>
  <Data Name=""IpAddress"">::ffff:10.249.3.53</Data>
  <Data Name=""IpPort"">64719</Data>
  <Data Name=""CertIssuerName""></Data>
  <Data Name=""CertSerialNumber""></Data>
  <Data Name=""CertThumbprint""></Data>
</EventData>",4768,"4768 - A Kerberos authentication ticket (TGT) was requested.",,,,,,,,,,,,,,,,,,null,null,,,,null,,,,,,,,,,,,,,,,,,,,,,,,,,,,null,,,,,,,,,,,,,,,,,,"::ffff:10.249.3.53",64719,null,,,,,,,,,,,null,,,,,,,,,,,,,,,,,,,,,,,,,,,,,,,,,,,,,,,,,,,,,,,,,,,,,,,,,,,,,,,,,,,,,,,,,,krbtgt,null,,,,,,0x0,,,,,,,,,,,,,,"ad.providence.org\FranklinJ1","ad.providence.org",,,,,,,,"S-1-5-21-1078081533-725345543-682003330-339470",,FranklinJ1,,,,,,,,,,,,,,,,,,"e9823817-3e12-441f-aa9e-07379874d8fd","fb2d56d9-f64a-420c-93f6-2f2c8529942e","00000000-0000-0000-0000-000000000001","2020-10-16T14:45:28.279Z","AOI-552b9630-b106-4fe7-a1fa-97d04a0010ef",SecurityEvent,
"552b9630-b106-4fe7-a1fa-97d04a0010ef","2020-10-16T14:45:27.057Z",OpsManager,"PHSWA\XAMTLVS0A184$",Machine,"WN73201.ad.providence.org","Microsoft-Windows-Security-Auditing",Security,12544,8,,4624,"4624 - An account was successfully logged on.",,,,,,,,,,,,,,,,,,null,null,Kerberos,,,null,,,,,,,,,,,,,,,,,,,,,,,,,,,,null,,,,,,,,,,,,,,,,"%%1833",,"10.184.39.66",52224,0,"-",,,,,,"d4f8c178-5680-f977-4fed-a22adfbb5d36",,,Kerberos,3,"3 - Network",,,,,,,,,,,,,,,,,,,,,,,,,,,,,,,,,,,,,,,,,,,,,,,,,"-",0x0,"-",,,,,,,,,,,,,,,,,,,,,,,null,,,,,,,"-\-",,,,"-",,0x0,,,"-","S-1-0-0",,,"PHSWA\XAMTLVS0A184$",PHSWA,,,,0x45cf07c58,,,,,,"XAMTLVS0A184$","S-1-5-21-420551719-245851362-9522986-617551",,,,,,,,"-",,,,,,,,"-","e9823817-3e12-441f-aa9e-07379874d8fd","0af0a6c4-401d-48a0-bf96-83e59b3b1b79","00000000-0000-0000-0000-000000000001","2020-10-16T14:45:28.279Z","AOI-552b9630-b106-4fe7-a1fa-97d04a0010ef",SecurityEvent,
"552b9630-b106-4fe7-a1fa-97d04a0010ef","2020-10-16T14:45:27.073Z",OpsManager,"AD\SJO-ED-FMBKST2$",Machine,"WN73201.ad.providence.org","Microsoft-Windows-Security-Auditing",Security,12545,8,,4634,"4634 - An account was logged off.",,,,,,,,,,,,,,,,,,null,null,,,,null,,,,,,,,,,,,,,,,,,,,,,,,,,,,null,,,,,,,,,,,,,,,,,,,,null,,,,,,,,,,,3,"3 - Network",,,,,,,,,,,,,,,,,,,,,,,,,,,,,,,,,,,,,,,,,,,,,,,,,,,,,,,,,,,,,,,,,,,,,,,,,,null,,,,,,,,,,,,,,,,,,,,"AD\SJO-ED-FMBKST2$",AD,,,,0x45cef2ca0,,,,,,"SJO-ED-FMBKST2$","S-1-5-21-1078081533-725345543-682003330-524819",,,,,,,,,,,,,,,,,"e9823817-3e12-441f-aa9e-07379874d8fd","6186b9a7-ddd0-4e18-ae08-3026ab08edce","00000000-0000-0000-0000-000000000001","2020-10-16T14:45:28.279Z","AOI-552b9630-b106-4fe7-a1fa-97d04a0010ef",SecurityEvent,
"552b9630-b106-4fe7-a1fa-97d04a0010ef","2020-10-16T14:45:27.073Z",OpsManager,"AD\GARCIAC28",User,"WN73201.ad.providence.org","Microsoft-Windows-Security-Auditing",Security,12545,8,,4634,"4634 - An account was logged off.",,,,,,,,,,,,,,,,,,null,null,,,,null,,,,,,,,,,,,,,,,,,,,,,,,,,,,null,,,,,,,,,,,,,,,,,,,,null,,,,,,,,,,,3,"3 - Network",,,,,,,,,,,,,,,,,,,,,,,,,,,,,,,,,,,,,,,,,,,,,,,,,,,,,,,,,,,,,,,,,,,,,,,,,,null,,,,,,,,,,,,,,,,,,,,"AD\GARCIAC28",AD,,,,0x45cf077d2,,,,,,GARCIAC28,"S-1-5-21-1078081533-725345543-682003330-470152",,,,,,,,,,,,,,,,,"e9823817-3e12-441f-aa9e-07379874d8fd","046388da-ec6a-45c4-9473-2cee8339d7f4","00000000-0000-0000-0000-000000000001","2020-10-16T14:45:28.279Z","AOI-552b9630-b106-4fe7-a1fa-97d04a0010ef",SecurityEvent,
"552b9630-b106-4fe7-a1fa-97d04a0010ef","2020-10-16T14:45:27.073Z",OpsManager,"SJHS-NT\tmcculloch",User,"WN73201.ad.providence.org","Microsoft-Windows-Security-Auditing",Security,12544,8,,4624,"4624 - An account was successfully logged on.",,,,,,,,,,,,,,,,,,null,null,Kerberos,,,null,,,,,,,,,,,,,,,,,,,,,,,,,,,,null,,,,,,,,,,,,,,,,"%%1833",,"10.184.10.117",59709,0,"-",,,,,,"e6ac1817-1715-be84-bd64-109a3c552677",,,Kerberos,3,"3 - Network",,,,,,,,,,,,,,,,,,,,,,,,,,,,,,,,,,,,,,,,,,,,,,,,,"-",0x0,"-",,,,,,,,,,,,,,,,,,,,,,,null,,,,,,,"-\-",,,,"-",,0x0,,,"-","S-1-0-0",,,"SJHS-NT\tmcculloch","SJHS-NT",,,,0x45cf07cae,,,,,,tmcculloch,"S-1-5-21-798254582-200106796-1537874043-60177",,,,,,,,"-",,,,,,,,"-","e9823817-3e12-441f-aa9e-07379874d8fd","e23418c5-bc35-499a-bdf6-95e696647a00","00000000-0000-0000-0000-000000000001","2020-10-16T14:45:28.279Z","AOI-552b9630-b106-4fe7-a1fa-97d04a0010ef",SecurityEvent,
"552b9630-b106-4fe7-a1fa-97d04a0010ef","2020-10-16T14:45:27.073Z",OpsManager,,,"WN73201.ad.providence.org","Microsoft-Windows-Security-Auditing",Security,14336,8,"<EventData xmlns=""http://schemas.microsoft.com/win/2004/08/events/event"">
  <Data Name=""PackageName"">MICROSOFT_AUTHENTICATION_PACKAGE_V1_0</Data>
  <Data Name=""TargetUserName"">DOV1</Data>
  <Data Name=""Workstation"">CTXXAP6A336-VP</Data>
  <Data Name=""Status"">0x0</Data>
</EventData>",4776,"4776 - The domain controller attempted to validate the credentials for an account.",,,,,,,,,,,,,,,,,,null,null,,,,null,,,,,,,,,,,,,,,,,,,,,,,,,,,,null,,,,,,,,,,,,,,,,,,,,null,,,,,,,,,,,null,,,,,,,,,,,,,,,,,,,,,,,,,,,,,,,,,,,,,,,,"MICROSOFT_AUTHENTICATION_PACKAGE_V1_0",,,,,,,,,,,,,,,,,,,,,,,,,,,,,,,,,,,null,,,,,,0x0,,,,,,,,,,,,,,DOV1,,,,,,,,,,,DOV1,,,,,,,,,,,,,,,,"CTXXAP6A336-VP",,"e9823817-3e12-441f-aa9e-07379874d8fd","51850b66-f6a2-4e68-aee5-f6b4b0d30032","00000000-0000-0000-0000-000000000001","2020-10-16T14:45:28.279Z","AOI-552b9630-b106-4fe7-a1fa-97d04a0010ef",SecurityEvent,
"552b9630-b106-4fe7-a1fa-97d04a0010ef","2020-10-16T14:45:27.087Z",OpsManager,,,"WN73201.ad.providence.org","Microsoft-Windows-Security-Auditing",Security,14336,8,"<EventData xmlns=""http://schemas.microsoft.com/win/2004/08/events/event"">
  <Data Name=""PackageName"">MICROSOFT_AUTHENTICATION_PACKAGE_V1_0</Data>
  <Data Name=""TargetUserName"">CLINEDL1</Data>
  <Data Name=""Workstation"">CTXXAP6A717-VP</Data>
  <Data Name=""Status"">0x0</Data>
</EventData>",4776,"4776 - The domain controller attempted to validate the credentials for an account.",,,,,,,,,,,,,,,,,,null,null,,,,null,,,,,,,,,,,,,,,,,,,,,,,,,,,,null,,,,,,,,,,,,,,,,,,,,null,,,,,,,,,,,null,,,,,,,,,,,,,,,,,,,,,,,,,,,,,,,,,,,,,,,,"MICROSOFT_AUTHENTICATION_PACKAGE_V1_0",,,,,,,,,,,,,,,,,,,,,,,,,,,,,,,,,,,null,,,,,,0x0,,,,,,,,,,,,,,CLINEDL1,,,,,,,,,,,CLINEDL1,,,,,,,,,,,,,,,,"CTXXAP6A717-VP",,"e9823817-3e12-441f-aa9e-07379874d8fd","0e09a1cf-88e5-453a-baa1-4f3cdf232049","00000000-0000-0000-0000-000000000001","2020-10-16T14:45:28.279Z","AOI-552b9630-b106-4fe7-a1fa-97d04a0010ef",SecurityEvent,
"552b9630-b106-4fe7-a1fa-97d04a0010ef","2020-10-16T14:45:27.087Z",OpsManager,"AD\XDLVS1170789$",Machine,"WN73201.ad.providence.org","Microsoft-Windows-Security-Auditing",Security,12544,8,,4624,"4624 - An account was successfully logged on.",,,,,,,,,,,,,,,,,,null,null,Kerberos,,,null,,,,,,,,,,,,,,,,,,,,,,,,,,,,null,,,,,,,,,,,,,,,,"%%1833",,"10.184.0.98",63164,0,"-",,,,,,"1d21289e-48f5-a5e8-0af0-472666642aa3",,,Kerberos,3,"3 - Network",,,,,,,,,,,,,,,,,,,,,,,,,,,,,,,,,,,,,,,,,,,,,,,,,"-",0x0,"-",,,,,,,,,,,,,,,,,,,,,,,null,,,,,,,"-\-",,,,"-",,0x0,,,"-","S-1-0-0",,,"AD\XDLVS1170789$",AD,,,,0x45cf07cec,,,,,,"XDLVS1170789$","S-1-5-21-1078081533-725345543-682003330-498271",,,,,,,,"-",,,,,,,,"-","e9823817-3e12-441f-aa9e-07379874d8fd","196500fe-94eb-4f35-9ebb-579d59bd10e0","00000000-0000-0000-0000-000000000001","2020-10-16T14:45:28.279Z","AOI-552b9630-b106-4fe7-a1fa-97d04a0010ef",SecurityEvent,
"552b9630-b106-4fe7-a1fa-97d04a0010ef","2020-10-16T14:45:27.087Z",OpsManager,"AD\HHF-VMC-JP0WG02$",Machine,"WN73201.ad.providence.org","Microsoft-Windows-Security-Auditing",Security,12544,8,,4624,"4624 - An account was successfully logged on.",,,,,,,,,,,,,,,,,,null,null,Kerberos,,,null,,,,,,,,,,,,,,,,,,,,,,,,,,,,null,,,,,,,,,,,,,,,,"%%1833",,"10.199.184.252",65507,0,"-",,,,,,"026f5479-2954-8ead-9b79-3f3fedb62557",,,Kerberos,3,"3 - Network",,,,,,,,,,,,,,,,,,,,,,,,,,,,,,,,,,,,,,,,,,,,,,,,,"-",0x0,"-",,,,,,,,,,,,,,,,,,,,,,,null,,,,,,,"-\-",,,,"-",,0x0,,,"-","S-1-0-0",,,"AD\HHF-VMC-JP0WG02$",AD,,,,0x45cf07d06,,,,,,"HHF-VMC-JP0WG02$","S-1-5-21-1078081533-725345543-682003330-500940",,,,,,,,"-",,,,,,,,"-","e9823817-3e12-441f-aa9e-07379874d8fd","c90f5afa-017c-4bae-bfba-6cc1d7fc0420","00000000-0000-0000-0000-000000000001","2020-10-16T14:45:28.279Z","AOI-552b9630-b106-4fe7-a1fa-97d04a0010ef",SecurityEvent,
"552b9630-b106-4fe7-a1fa-97d04a0010ef","2020-10-16T14:45:27.087Z",OpsManager,"PHSWA\XAMTLVS0A184$",Machine,"WN73201.ad.providence.org","Microsoft-Windows-Security-Auditing",Security,12545,8,,4634,"4634 - An account was logged off.",,,,,,,,,,,,,,,,,,null,null,,,,null,,,,,,,,,,,,,,,,,,,,,,,,,,,,null,,,,,,,,,,,,,,,,,,,,null,,,,,,,,,,,3,"3 - Network",,,,,,,,,,,,,,,,,,,,,,,,,,,,,,,,,,,,,,,,,,,,,,,,,,,,,,,,,,,,,,,,,,,,,,,,,,null,,,,,,,,,,,,,,,,,,,,"PHSWA\XAMTLVS0A184$",PHSWA,,,,0x45cf07c58,,,,,,"XAMTLVS0A184$","S-1-5-21-420551719-245851362-9522986-617551",,,,,,,,,,,,,,,,,"e9823817-3e12-441f-aa9e-07379874d8fd","dd16e2f6-5d60-4cf8-8f5f-e346a8a71b30","00000000-0000-0000-0000-000000000001","2020-10-16T14:45:28.279Z","AOI-552b9630-b106-4fe7-a1fa-97d04a0010ef",SecurityEvent,
"552b9630-b106-4fe7-a1fa-97d04a0010ef","2020-10-16T14:45:27.087Z",OpsManager,"PHSWA\XAMTLVS0A184$",Machine,"WN73201.ad.providence.org","Microsoft-Windows-Security-Auditing",Security,12545,8,,4634,"4634 - An account was logged off.",,,,,,,,,,,,,,,,,,null,null,,,,null,,,,,,,,,,,,,,,,,,,,,,,,,,,,null,,,,,,,,,,,,,,,,,,,,null,,,,,,,,,,,3,"3 - Network",,,,,,,,,,,,,,,,,,,,,,,,,,,,,,,,,,,,,,,,,,,,,,,,,,,,,,,,,,,,,,,,,,,,,,,,,,null,,,,,,,,,,,,,,,,,,,,"PHSWA\XAMTLVS0A184$",PHSWA,,,,0x45cf07c38,,,,,,"XAMTLVS0A184$","S-1-5-21-420551719-245851362-9522986-617551",,,,,,,,,,,,,,,,,"e9823817-3e12-441f-aa9e-07379874d8fd","bae1ff03-f788-4e0e-94d7-bdad074c8dc5","00000000-0000-0000-0000-000000000001","2020-10-16T14:45:28.279Z","AOI-552b9630-b106-4fe7-a1fa-97d04a0010ef",SecurityEvent,
"552b9630-b106-4fe7-a1fa-97d04a0010ef","2020-10-16T14:45:27.087Z",OpsManager,"AD\XDLVS1170789$",Machine,"WN73201.ad.providence.org","Microsoft-Windows-Security-Auditing",Security,12545,8,,4634,"4634 - An account was logged off.",,,,,,,,,,,,,,,,,,null,null,,,,null,,,,,,,,,,,,,,,,,,,,,,,,,,,,null,,,,,,,,,,,,,,,,,,,,null,,,,,,,,,,,3,"3 - Network",,,,,,,,,,,,,,,,,,,,,,,,,,,,,,,,,,,,,,,,,,,,,,,,,,,,,,,,,,,,,,,,,,,,,,,,,,null,,,,,,,,,,,,,,,,,,,,"AD\XDLVS1170789$",AD,,,,0x45cf07cec,,,,,,"XDLVS1170789$","S-1-5-21-1078081533-725345543-682003330-498271",,,,,,,,,,,,,,,,,"e9823817-3e12-441f-aa9e-07379874d8fd","c9cb087e-a405-4897-82c0-c62d4e1f661c","00000000-0000-0000-0000-000000000001","2020-10-16T14:45:28.279Z","AOI-552b9630-b106-4fe7-a1fa-97d04a0010ef",SecurityEvent,
"552b9630-b106-4fe7-a1fa-97d04a0010ef","2020-10-16T14:45:27.087Z",OpsManager,"AD\XDLVS1571267$",Machine,"WN73201.ad.providence.org","Microsoft-Windows-Security-Auditing",Security,12544,8,,4624,"4624 - An account was successfully logged on.",,,,,,,,,,,,,,,,,,null,null,Kerberos,,,null,,,,,,,,,,,,,,,,,,,,,,,,,,,,null,,,,,,,,,,,,,,,,"%%1833",,"10.184.22.244",58456,0,"-",,,,,,"93df5989-410d-1caa-3284-e97550da14e9",,,Kerberos,3,"3 - Network",,,,,,,,,,,,,,,,,,,,,,,,,,,,,,,,,,,,,,,,,,,,,,,,,"-",0x0,"-",,,,,,,,,,,,,,,,,,,,,,,null,,,,,,,"-\-",,,,"-",,0x0,,,"-","S-1-0-0",,,"AD\XDLVS1571267$",AD,,,,0x45cf07d4b,,,,,,"XDLVS1571267$","S-1-5-21-1078081533-725345543-682003330-543732",,,,,,,,"-",,,,,,,,"-","e9823817-3e12-441f-aa9e-07379874d8fd","588cee41-6823-4dd7-86dd-cb18908f2446","00000000-0000-0000-0000-000000000001","2020-10-16T14:45:28.279Z","AOI-552b9630-b106-4fe7-a1fa-97d04a0010ef",SecurityEvent,
"552b9630-b106-4fe7-a1fa-97d04a0010ef","2020-10-16T14:45:27.087Z",OpsManager,"AD\RQUINTAN",User,"WN73201.ad.providence.org","Microsoft-Windows-Security-Auditing",Security,12544,8,,4624,"4624 - An account was successfully logged on.",,,,,,,,,,,,,,,,,,null,null,Kerberos,,,null,,,,,,,,,,,,,,,,,,,,,,,,,,,,null,,,,,,,,,,,,,,,,"%%1833",,"10.184.39.66",52226,0,"-",,,,,,"47b7848f-0549-98f4-5e6a-764a10aab619",,,Kerberos,3,"3 - Network",,,,,,,,,,,,,,,,,,,,,,,,,,,,,,,,,,,,,,,,,,,,,,,,,"-",0x0,"-",,,,,,,,,,,,,,,,,,,,,,,null,,,,,,,"-\-",,,,"-",,0x0,,,"-","S-1-0-0",,,"AD\RQUINTAN",AD,,,,0x45cf07d4a,,,,,,RQUINTAN,"S-1-5-21-1078081533-725345543-682003330-318009",,,,,,,,"-",,,,,,,,"-","e9823817-3e12-441f-aa9e-07379874d8fd","7610ca79-149c-4dde-b2de-e9c6ba05fb08","00000000-0000-0000-0000-000000000001","2020-10-16T14:45:28.279Z","AOI-552b9630-b106-4fe7-a1fa-97d04a0010ef",SecurityEvent,
"552b9630-b106-4fe7-a1fa-97d04a0010ef","2020-10-16T14:45:27.103Z",OpsManager,"AD\XDLVS1371365$",Machine,"WN73201.ad.providence.org","Microsoft-Windows-Security-Auditing",Security,12545,8,,4634,"4634 - An account was logged off.",,,,,,,,,,,,,,,,,,null,null,,,,null,,,,,,,,,,,,,,,,,,,,,,,,,,,,null,,,,,,,,,,,,,,,,,,,,null,,,,,,,,,,,3,"3 - Network",,,,,,,,,,,,,,,,,,,,,,,,,,,,,,,,,,,,,,,,,,,,,,,,,,,,,,,,,,,,,,,,,,,,,,,,,,null,,,,,,,,,,,,,,,,,,,,"AD\XDLVS1371365$",AD,,,,0x45ce993ab,,,,,,"XDLVS1371365$","S-1-5-21-1078081533-725345543-682003330-515923",,,,,,,,,,,,,,,,,"e9823817-3e12-441f-aa9e-07379874d8fd","efbc5f27-105f-4108-8754-ea69ffed77b6","00000000-0000-0000-0000-000000000001","2020-10-16T14:45:28.279Z","AOI-552b9630-b106-4fe7-a1fa-97d04a0010ef",SecurityEvent,
"552b9630-b106-4fe7-a1fa-97d04a0010ef","2020-10-16T14:45:27.103Z",OpsManager,,,"WN73201.ad.providence.org","Microsoft-Windows-Security-Auditing",Security,14336,8,"<EventData xmlns=""http://schemas.microsoft.com/win/2004/08/events/event"">
  <Data Name=""PackageName"">MICROSOFT_AUTHENTICATION_PACKAGE_V1_0</Data>
  <Data Name=""TargetUserName"">MORRISL4</Data>
  <Data Name=""Workstation"">COR-IS-G7H68M2</Data>
  <Data Name=""Status"">0x0</Data>
</EventData>",4776,"4776 - The domain controller attempted to validate the credentials for an account.",,,,,,,,,,,,,,,,,,null,null,,,,null,,,,,,,,,,,,,,,,,,,,,,,,,,,,null,,,,,,,,,,,,,,,,,,,,null,,,,,,,,,,,null,,,,,,,,,,,,,,,,,,,,,,,,,,,,,,,,,,,,,,,,"MICROSOFT_AUTHENTICATION_PACKAGE_V1_0",,,,,,,,,,,,,,,,,,,,,,,,,,,,,,,,,,,null,,,,,,0x0,,,,,,,,,,,,,,MORRISL4,,,,,,,,,,,MORRISL4,,,,,,,,,,,,,,,,"COR-IS-G7H68M2",,"e9823817-3e12-441f-aa9e-07379874d8fd","e251ff44-f842-4d59-a6ec-0ed020352a32","00000000-0000-0000-0000-000000000001","2020-10-16T14:45:28.279Z","AOI-552b9630-b106-4fe7-a1fa-97d04a0010ef",SecurityEvent,
"552b9630-b106-4fe7-a1fa-97d04a0010ef","2020-10-16T14:45:27.103Z",OpsManager,"AD\XDLVS1170789$",Machine,"WN73201.ad.providence.org","Microsoft-Windows-Security-Auditing",Security,12544,8,,4624,"4624 - An account was successfully logged on.",,,,,,,,,,,,,,,,,,null,null,Kerberos,,,null,,,,,,,,,,,,,,,,,,,,,,,,,,,,null,,,,,,,,,,,,,,,,"%%1833",,"10.184.0.98",63165,0,"-",,,,,,"1d21289e-48f5-a5e8-0af0-472666642aa3",,,Kerberos,3,"3 - Network",,,,,,,,,,,,,,,,,,,,,,,,,,,,,,,,,,,,,,,,,,,,,,,,,"-",0x0,"-",,,,,,,,,,,,,,,,,,,,,,,null,,,,,,,"-\-",,,,"-",,0x0,,,"-","S-1-0-0",,,"AD\XDLVS1170789$",AD,,,,0x45cf07d9a,,,,,,"XDLVS1170789$","S-1-5-21-1078081533-725345543-682003330-498271",,,,,,,,"-",,,,,,,,"-","e9823817-3e12-441f-aa9e-07379874d8fd","8de5abfa-d15d-4220-9c5b-d2de7cf0d69c","00000000-0000-0000-0000-000000000001","2020-10-16T14:45:28.279Z","AOI-552b9630-b106-4fe7-a1fa-97d04a0010ef",SecurityEvent,
"552b9630-b106-4fe7-a1fa-97d04a0010ef","2020-10-16T14:45:27.103Z",OpsManager,"AD\SJO-RAD-2PC8GK2$",Machine,"WN73201.ad.providence.org","Microsoft-Windows-Security-Auditing",Security,12545,8,,4634,"4634 - An account was logged off.",,,,,,,,,,,,,,,,,,null,null,,,,null,,,,,,,,,,,,,,,,,,,,,,,,,,,,null,,,,,,,,,,,,,,,,,,,,null,,,,,,,,,,,3,"3 - Network",,,,,,,,,,,,,,,,,,,,,,,,,,,,,,,,,,,,,,,,,,,,,,,,,,,,,,,,,,,,,,,,,,,,,,,,,,null,,,,,,,,,,,,,,,,,,,,"AD\SJO-RAD-2PC8GK2$",AD,,,,0x45cf0793d,,,,,,"SJO-RAD-2PC8GK2$","S-1-5-21-1078081533-725345543-682003330-489239",,,,,,,,,,,,,,,,,"e9823817-3e12-441f-aa9e-07379874d8fd","1350b6f6-e805-4c9f-9b94-14edb20d0529","00000000-0000-0000-0000-000000000001","2020-10-16T14:45:28.279Z","AOI-552b9630-b106-4fe7-a1fa-97d04a0010ef",SecurityEvent,
"552b9630-b106-4fe7-a1fa-97d04a0010ef","2020-10-16T14:45:27.103Z",OpsManager,"AD\XDLVS1170789$",Machine,"WN73201.ad.providence.org","Microsoft-Windows-Security-Auditing",Security,12545,8,,4634,"4634 - An account was logged off.",,,,,,,,,,,,,,,,,,null,null,,,,null,,,,,,,,,,,,,,,,,,,,,,,,,,,,null,,,,,,,,,,,,,,,,,,,,null,,,,,,,,,,,3,"3 - Network",,,,,,,,,,,,,,,,,,,,,,,,,,,,,,,,,,,,,,,,,,,,,,,,,,,,,,,,,,,,,,,,,,,,,,,,,,null,,,,,,,,,,,,,,,,,,,,"AD\XDLVS1170789$",AD,,,,0x45cf07d9a,,,,,,"XDLVS1170789$","S-1-5-21-1078081533-725345543-682003330-498271",,,,,,,,,,,,,,,,,"e9823817-3e12-441f-aa9e-07379874d8fd","a5879df7-d0f4-4b23-b11b-6864f5bf1937","00000000-0000-0000-0000-000000000001","2020-10-16T14:45:28.279Z","AOI-552b9630-b106-4fe7-a1fa-97d04a0010ef",SecurityEvent,
"552b9630-b106-4fe7-a1fa-97d04a0010ef","2020-10-16T14:45:27.103Z",OpsManager,"SJHS-NT\tmcculloch",User,"WN73201.ad.providence.org","Microsoft-Windows-Security-Auditing",Security,12544,8,,4624,"4624 - An account was successfully logged on.",,,,,,,,,,,,,,,,,,null,null,Kerberos,,,null,,,,,,,,,,,,,,,,,,,,,,,,,,,,null,,,,,,,,,,,,,,,,"%%1833",,"10.184.10.117",59711,0,"-",,,,,,"e6ac1817-1715-be84-bd64-109a3c552677",,,Kerberos,3,"3 - Network",,,,,,,,,,,,,,,,,,,,,,,,,,,,,,,,,,,,,,,,,,,,,,,,,"-",0x0,"-",,,,,,,,,,,,,,,,,,,,,,,null,,,,,,,"-\-",,,,"-",,0x0,,,"-","S-1-0-0",,,"SJHS-NT\tmcculloch","SJHS-NT",,,,0x45cf07db6,,,,,,tmcculloch,"S-1-5-21-798254582-200106796-1537874043-60177",,,,,,,,"-",,,,,,,,"-","e9823817-3e12-441f-aa9e-07379874d8fd","2effc86c-35dd-42d9-b60b-ebd68f8baa40","00000000-0000-0000-0000-000000000001","2020-10-16T14:45:28.279Z","AOI-552b9630-b106-4fe7-a1fa-97d04a0010ef",SecurityEvent,
"552b9630-b106-4fe7-a1fa-97d04a0010ef","2020-10-16T14:45:27.12Z",OpsManager,,,"WN73201.ad.providence.org","Microsoft-Windows-Security-Auditing",Security,14339,8,"<EventData xmlns=""http://schemas.microsoft.com/win/2004/08/events/event"">
  <Data Name=""TargetUserName"">AGUILAD1</Data>
  <Data Name=""TargetDomainName"">AD</Data>
  <Data Name=""TargetSid"">S-1-5-21-1078081533-725345543-682003330-352080</Data>
  <Data Name=""ServiceName"">krbtgt</Data>
  <Data Name=""ServiceSid"">S-1-5-21-1078081533-725345543-682003330-502</Data>
  <Data Name=""TicketOptions"">0x40810010</Data>
  <Data Name=""Status"">0x0</Data>
  <Data Name=""TicketEncryptionType"">0x12</Data>
  <Data Name=""PreAuthType"">2</Data>
  <Data Name=""IpAddress"">::ffff:10.249.3.163</Data>
  <Data Name=""IpPort"">49837</Data>
  <Data Name=""CertIssuerName""></Data>
  <Data Name=""CertSerialNumber""></Data>
  <Data Name=""CertThumbprint""></Data>
</EventData>",4768,"4768 - A Kerberos authentication ticket (TGT) was requested.",,,,,,,,,,,,,,,,,,null,null,,,,null,,,,,,,,,,,,,,,,,,,,,,,,,,,,null,,,,,,,,,,,,,,,,,,"::ffff:10.249.3.163",49837,null,,,,,,,,,,,null,,,,,,,,,,,,,,,,,,,,,,,,,,,,,,,,,,,,,,,,,,,,,,,,,,,,,,,,,,,,,,,,,,,,,,,,,,krbtgt,null,,,,,,0x0,,,,,,,,,,,,,,"AD\AGUILAD1",AD,,,,,,,,"S-1-5-21-1078081533-725345543-682003330-352080",,AGUILAD1,,,,,,,,,,,,,,,,,,"e9823817-3e12-441f-aa9e-07379874d8fd","d6546988-4582-471b-a55b-b7d0dcc72b40","00000000-0000-0000-0000-000000000001","2020-10-16T14:45:28.279Z","AOI-552b9630-b106-4fe7-a1fa-97d04a0010ef",SecurityEvent,
"552b9630-b106-4fe7-a1fa-97d04a0010ef","2020-10-16T14:45:27.12Z",OpsManager,,,"WN73201.ad.providence.org","Microsoft-Windows-Security-Auditing",Security,14336,8,"<EventData xmlns=""http://schemas.microsoft.com/win/2004/08/events/event"">
  <Data Name=""PackageName"">MICROSOFT_AUTHENTICATION_PACKAGE_V1_0</Data>
  <Data Name=""TargetUserName"">CLINEDL1</Data>
  <Data Name=""Workstation"">CTXXAP6A717-VP</Data>
  <Data Name=""Status"">0x0</Data>
</EventData>",4776,"4776 - The domain controller attempted to validate the credentials for an account.",,,,,,,,,,,,,,,,,,null,null,,,,null,,,,,,,,,,,,,,,,,,,,,,,,,,,,null,,,,,,,,,,,,,,,,,,,,null,,,,,,,,,,,null,,,,,,,,,,,,,,,,,,,,,,,,,,,,,,,,,,,,,,,,"MICROSOFT_AUTHENTICATION_PACKAGE_V1_0",,,,,,,,,,,,,,,,,,,,,,,,,,,,,,,,,,,null,,,,,,0x0,,,,,,,,,,,,,,CLINEDL1,,,,,,,,,,,CLINEDL1,,,,,,,,,,,,,,,,"CTXXAP6A717-VP",,"e9823817-3e12-441f-aa9e-07379874d8fd","a7630e97-da99-4541-8053-2cf3ffe3df33","00000000-0000-0000-0000-000000000001","2020-10-16T14:45:28.279Z","AOI-552b9630-b106-4fe7-a1fa-97d04a0010ef",SecurityEvent,
"552b9630-b106-4fe7-a1fa-97d04a0010ef","2020-10-16T14:45:27.12Z",OpsManager,"PHSWA\XSFLVSENTIN007$",Machine,"WN73201.ad.providence.org","Microsoft-Windows-Security-Auditing",Security,12544,8,,4624,"4624 - An account was successfully logged on.",,,,,,,,,,,,,,,,,,null,null,Kerberos,,,null,,,,,,,,,,,,,,,,,,,,,,,,,,,,null,,,,,,,,,,,,,,,,"%%1833",,"10.249.3.157",58913,0,"-",,,,,,"557f2091-4937-e42d-e677-b15fa2cd6b47",,,Kerberos,3,"3 - Network",,,,,,,,,,,,,,,,,,,,,,,,,,,,,,,,,,,,,,,,,,,,,,,,,"-",0x0,"-",,,,,,,,,,,,,,,,,,,,,,,null,,,,,,,"-\-",,,,"-",,0x0,,,"-","S-1-0-0",,,"PHSWA\XSFLVSENTIN007$",PHSWA,,,,0x45cf07de5,,,,,,"XSFLVSENTIN007$","S-1-5-21-420551719-245851362-9522986-586494",,,,,,,,"-",,,,,,,,"-","e9823817-3e12-441f-aa9e-07379874d8fd","6c2fc2d6-357c-45ef-8612-5fe1fe43a11b","00000000-0000-0000-0000-000000000001","2020-10-16T14:45:28.279Z","AOI-552b9630-b106-4fe7-a1fa-97d04a0010ef",SecurityEvent,
"552b9630-b106-4fe7-a1fa-97d04a0010ef","2020-10-16T14:45:27.12Z",OpsManager,"AD\JaramilloLa1",User,"WN73201.ad.providence.org","Microsoft-Windows-Security-Auditing",Security,12544,8,,4624,"4624 - An account was successfully logged on.",,,,,,,,,,,,,,,,,,null,null,Kerberos,,,null,,,,,,,,,,,,,,,,,,,,,,,,,,,,null,,,,,,,,,,,,,,,,"%%1833",,"10.176.66.63",54369,0,"-",,,,,,"4cd12bae-ef9e-1866-6da9-f107abc267e7",,,Kerberos,3,"3 - Network",,,,,,,,,,,,,,,,,,,,,,,,,,,,,,,,,,,,,,,,,,,,,,,,,"-",0x0,"-",,,,,,,,,,,,,,,,,,,,,,,null,,,,,,,"-\-",,,,"-",,0x0,,,"-","S-1-0-0",,,"AD\JaramilloLa1",AD,,,,0x45cf07df5,,,,,,JaramilloLa1,"S-1-5-21-1078081533-725345543-682003330-333955",,,,,,,,"-",,,,,,,,"-","e9823817-3e12-441f-aa9e-07379874d8fd","5aaac0c4-b101-42b4-8891-0b634ac25062","00000000-0000-0000-0000-000000000001","2020-10-16T14:45:28.279Z","AOI-552b9630-b106-4fe7-a1fa-97d04a0010ef",SecurityEvent,
"552b9630-b106-4fe7-a1fa-97d04a0010ef","2020-10-16T14:45:27.12Z",OpsManager,"PHSWA\XSFLVSENTIN007$",Machine,"WN73201.ad.providence.org","Microsoft-Windows-Security-Auditing",Security,12545,8,,4634,"4634 - An account was logged off.",,,,,,,,,,,,,,,,,,null,null,,,,null,,,,,,,,,,,,,,,,,,,,,,,,,,,,null,,,,,,,,,,,,,,,,,,,,null,,,,,,,,,,,3,"3 - Network",,,,,,,,,,,,,,,,,,,,,,,,,,,,,,,,,,,,,,,,,,,,,,,,,,,,,,,,,,,,,,,,,,,,,,,,,,null,,,,,,,,,,,,,,,,,,,,"PHSWA\XSFLVSENTIN007$",PHSWA,,,,0x45cf07de5,,,,,,"XSFLVSENTIN007$","S-1-5-21-420551719-245851362-9522986-586494",,,,,,,,,,,,,,,,,"e9823817-3e12-441f-aa9e-07379874d8fd","89e20935-1ea6-4f4f-a849-5fccd249809a","00000000-0000-0000-0000-000000000001","2020-10-16T14:45:28.279Z","AOI-552b9630-b106-4fe7-a1fa-97d04a0010ef",SecurityEvent,
"552b9630-b106-4fe7-a1fa-97d04a0010ef","2020-10-16T14:45:27.133Z",OpsManager,"AD\COZINEK1",User,"WN73201.ad.providence.org","Microsoft-Windows-Security-Auditing",Security,12545,8,,4634,"4634 - An account was logged off.",,,,,,,,,,,,,,,,,,null,null,,,,null,,,,,,,,,,,,,,,,,,,,,,,,,,,,null,,,,,,,,,,,,,,,,,,,,null,,,,,,,,,,,3,"3 - Network",,,,,,,,,,,,,,,,,,,,,,,,,,,,,,,,,,,,,,,,,,,,,,,,,,,,,,,,,,,,,,,,,,,,,,,,,,null,,,,,,,,,,,,,,,,,,,,"AD\COZINEK1",AD,,,,0x45cf07ba2,,,,,,COZINEK1,"S-1-5-21-1078081533-725345543-682003330-483232",,,,,,,,,,,,,,,,,"e9823817-3e12-441f-aa9e-07379874d8fd","b2788991-5be5-4a34-b411-df91985684e8","00000000-0000-0000-0000-000000000001","2020-10-16T14:45:28.279Z","AOI-552b9630-b106-4fe7-a1fa-97d04a0010ef",SecurityEvent,
"552b9630-b106-4fe7-a1fa-97d04a0010ef","2020-10-16T14:45:27.133Z",OpsManager,"AD\XDLVS1170630$",Machine,"WN73201.ad.providence.org","Microsoft-Windows-Security-Auditing",Security,12544,8,,4624,"4624 - An account was successfully logged on.",,,,,,,,,,,,,,,,,,null,null,Kerberos,,,null,,,,,,,,,,,,,,,,,,,,,,,,,,,,null,,,,,,,,,,,,,,,,"%%1833",,"10.184.1.8",54162,0,"-",,,,,,"b92d0b10-ead3-263b-4419-b5fe39a8f37c",,,Kerberos,3,"3 - Network",,,,,,,,,,,,,,,,,,,,,,,,,,,,,,,,,,,,,,,,,,,,,,,,,"-",0x0,"-",,,,,,,,,,,,,,,,,,,,,,,null,,,,,,,"-\-",,,,"-",,0x0,,,"-","S-1-0-0",,,"AD\XDLVS1170630$",AD,,,,0x45cf07e2b,,,,,,"XDLVS1170630$","S-1-5-21-1078081533-725345543-682003330-498114",,,,,,,,"-",,,,,,,,"-","e9823817-3e12-441f-aa9e-07379874d8fd","a90e7e3f-128f-49e7-9195-9f666a9af7b9","00000000-0000-0000-0000-000000000001","2020-10-16T14:45:28.279Z","AOI-552b9630-b106-4fe7-a1fa-97d04a0010ef",SecurityEvent,
"552b9630-b106-4fe7-a1fa-97d04a0010ef","2020-10-16T14:45:27.133Z",OpsManager,"PHSWA\XSFLVSENTIN007$",Machine,"WN73201.ad.providence.org","Microsoft-Windows-Security-Auditing",Security,12544,8,,4624,"4624 - An account was successfully logged on.",,,,,,,,,,,,,,,,,,null,null,Kerberos,,,null,,,,,,,,,,,,,,,,,,,,,,,,,,,,null,,,,,,,,,,,,,,,,"%%1833",,"10.249.3.157",58915,0,"-",,,,,,"870c870a-d977-3b59-8aef-b41e36486bd4",,,Kerberos,3,"3 - Network",,,,,,,,,,,,,,,,,,,,,,,,,,,,,,,,,,,,,,,,,,,,,,,,,"-",0x0,"-",,,,,,,,,,,,,,,,,,,,,,,null,,,,,,,"-\-",,,,"-",,0x0,,,"-","S-1-0-0",,,"PHSWA\XSFLVSENTIN007$",PHSWA,,,,0x45cf07e40,,,,,,"XSFLVSENTIN007$","S-1-5-21-420551719-245851362-9522986-586494",,,,,,,,"-",,,,,,,,"-","e9823817-3e12-441f-aa9e-07379874d8fd","ada8c5c9-f012-4d24-8882-672e86faa5a6","00000000-0000-0000-0000-000000000001","2020-10-16T14:45:28.279Z","AOI-552b9630-b106-4fe7-a1fa-97d04a0010ef",SecurityEvent,
"552b9630-b106-4fe7-a1fa-97d04a0010ef","2020-10-16T14:45:27.133Z",OpsManager,"AD\XDLVS1170630$",Machine,"WN73201.ad.providence.org","Microsoft-Windows-Security-Auditing",Security,12544,8,,4624,"4624 - An account was successfully logged on.",,,,,,,,,,,,,,,,,,null,null,Kerberos,,,null,,,,,,,,,,,,,,,,,,,,,,,,,,,,null,,,,,,,,,,,,,,,,"%%1833",,"10.184.1.8",54163,0,"-",,,,,,"b92d0b10-ead3-263b-4419-b5fe39a8f37c",,,Kerberos,3,"3 - Network",,,,,,,,,,,,,,,,,,,,,,,,,,,,,,,,,,,,,,,,,,,,,,,,,"-",0x0,"-",,,,,,,,,,,,,,,,,,,,,,,null,,,,,,,"-\-",,,,"-",,0x0,,,"-","S-1-0-0",,,"AD\XDLVS1170630$",AD,,,,0x45cf07e7d,,,,,,"XDLVS1170630$","S-1-5-21-1078081533-725345543-682003330-498114",,,,,,,,"-",,,,,,,,"-","e9823817-3e12-441f-aa9e-07379874d8fd","cdc3e0d1-5a2d-4080-9d2e-37a5b1a7e1e5","00000000-0000-0000-0000-000000000001","2020-10-16T14:45:28.279Z","AOI-552b9630-b106-4fe7-a1fa-97d04a0010ef",SecurityEvent,
"552b9630-b106-4fe7-a1fa-97d04a0010ef","2020-10-16T14:45:27.133Z",OpsManager,,,"WN73201.ad.providence.org","Microsoft-Windows-Security-Auditing",Security,14336,8,"<EventData xmlns=""http://schemas.microsoft.com/win/2004/08/events/event"">
  <Data Name=""PackageName"">MICROSOFT_AUTHENTICATION_PACKAGE_V1_0</Data>
  <Data Name=""TargetUserName"">UNZUETAU1</Data>
  <Data Name=""Workstation"">CTXXAP6A331-VP</Data>
  <Data Name=""Status"">0x0</Data>
</EventData>",4776,"4776 - The domain controller attempted to validate the credentials for an account.",,,,,,,,,,,,,,,,,,null,null,,,,null,,,,,,,,,,,,,,,,,,,,,,,,,,,,null,,,,,,,,,,,,,,,,,,,,null,,,,,,,,,,,null,,,,,,,,,,,,,,,,,,,,,,,,,,,,,,,,,,,,,,,,"MICROSOFT_AUTHENTICATION_PACKAGE_V1_0",,,,,,,,,,,,,,,,,,,,,,,,,,,,,,,,,,,null,,,,,,0x0,,,,,,,,,,,,,,UNZUETAU1,,,,,,,,,,,UNZUETAU1,,,,,,,,,,,,,,,,"CTXXAP6A331-VP",,"e9823817-3e12-441f-aa9e-07379874d8fd","2c8ac4c9-281e-4b6c-9c63-27c03c84fe3b","00000000-0000-0000-0000-000000000001","2020-10-16T14:45:28.279Z","AOI-552b9630-b106-4fe7-a1fa-97d04a0010ef",SecurityEvent,
"552b9630-b106-4fe7-a1fa-97d04a0010ef","2020-10-16T14:45:27.133Z",OpsManager,,,"WN73201.ad.providence.org","Microsoft-Windows-Security-Auditing",Security,14336,16,"<EventData xmlns=""http://schemas.microsoft.com/win/2004/08/events/event"">
  <Data Name=""PackageName"">MICROSOFT_AUTHENTICATION_PACKAGE_V1_0</Data>
  <Data Name=""TargetUserName"">citnetscale@wa.providence.org</Data>
  <Data Name=""Workstation"">\\ISEAPPPP-003</Data>
  <Data Name=""Status"">0xc0000064</Data>
</EventData>",4776,"4776 - The domain controller attempted to validate the credentials for an account.",,,,,,,,,,,,,,,,,,null,null,,,,null,,,,,,,,,,,,,,,,,,,,,,,,,,,,null,,,,,,,,,,,,,,,,,,,,null,,,,,,,,,,,null,,,,,,,,,,,,,,,,,,,,,,,,,,,,,,,,,,,,,,,,"MICROSOFT_AUTHENTICATION_PACKAGE_V1_0",,,,,,,,,,,,,,,,,,,,,,,,,,,,,,,,,,,null,,,,,,0xc0000064,,,,,,,,,,,,,,"citnetscale@wa.providence.org",,,,,,,,,,,"citnetscale@wa.providence.org",,,,,,,,,,,,,,,,"\\ISEAPPPP-003",,"e9823817-3e12-441f-aa9e-07379874d8fd","5d1598d2-69c9-4a6a-98c3-d8de6beba797","00000000-0000-0000-0000-000000000001","2020-10-16T14:45:28.279Z","AOI-552b9630-b106-4fe7-a1fa-97d04a0010ef",SecurityEvent,
"552b9630-b106-4fe7-a1fa-97d04a0010ef","2020-10-16T14:45:27.133Z",OpsManager,"AD\XDLVS1170567$",Machine,"WN73201.ad.providence.org","Microsoft-Windows-Security-Auditing",Security,12544,8,,4624,"4624 - An account was successfully logged on.",,,,,,,,,,,,,,,,,,null,null,Kerberos,,,null,,,,,,,,,,,,,,,,,,,,,,,,,,,,null,,,,,,,,,,,,,,,,"%%1833",,"10.184.1.78",58571,0,"-",,,,,,"db1eb8a0-711d-e92f-43ac-c77fbdf245fb",,,Kerberos,3,"3 - Network",,,,,,,,,,,,,,,,,,,,,,,,,,,,,,,,,,,,,,,,,,,,,,,,,"-",0x0,"-",,,,,,,,,,,,,,,,,,,,,,,null,,,,,,,"-\-",,,,"-",,0x0,,,"-","S-1-0-0",,,"AD\XDLVS1170567$",AD,,,,0x45cf07e96,,,,,,"XDLVS1170567$","S-1-5-21-1078081533-725345543-682003330-496051",,,,,,,,"-",,,,,,,,"-","e9823817-3e12-441f-aa9e-07379874d8fd","6913a463-06da-4f45-b38b-57b2ac597c9e","00000000-0000-0000-0000-000000000001","2020-10-16T14:45:28.279Z","AOI-552b9630-b106-4fe7-a1fa-97d04a0010ef",SecurityEvent,
"552b9630-b106-4fe7-a1fa-97d04a0010ef","2020-10-16T14:45:27.15Z",OpsManager,,,"WN73201.ad.providence.org","Microsoft-Windows-Security-Auditing",Security,14336,16,"<EventData xmlns=""http://schemas.microsoft.com/win/2004/08/events/event"">
  <Data Name=""PackageName"">MICROSOFT_AUTHENTICATION_PACKAGE_V1_0</Data>
  <Data Name=""TargetUserName"">citnetscale@wa.providence.org</Data>
  <Data Name=""Workstation"">\\ISEAPPPP-005</Data>
  <Data Name=""Status"">0xc0000064</Data>
</EventData>",4776,"4776 - The domain controller attempted to validate the credentials for an account.",,,,,,,,,,,,,,,,,,null,null,,,,null,,,,,,,,,,,,,,,,,,,,,,,,,,,,null,,,,,,,,,,,,,,,,,,,,null,,,,,,,,,,,null,,,,,,,,,,,,,,,,,,,,,,,,,,,,,,,,,,,,,,,,"MICROSOFT_AUTHENTICATION_PACKAGE_V1_0",,,,,,,,,,,,,,,,,,,,,,,,,,,,,,,,,,,null,,,,,,0xc0000064,,,,,,,,,,,,,,"citnetscale@wa.providence.org",,,,,,,,,,,"citnetscale@wa.providence.org",,,,,,,,,,,,,,,,"\\ISEAPPPP-005",,"e9823817-3e12-441f-aa9e-07379874d8fd","0448af73-d4e1-469f-991a-cc2f11bf3388","00000000-0000-0000-0000-000000000001","2020-10-16T14:45:28.279Z","AOI-552b9630-b106-4fe7-a1fa-97d04a0010ef",SecurityEvent,
"552b9630-b106-4fe7-a1fa-97d04a0010ef","2020-10-16T14:45:27.15Z",OpsManager,"AD\XDLVS1170567$",Machine,"WN73201.ad.providence.org","Microsoft-Windows-Security-Auditing",Security,12544,8,,4624,"4624 - An account was successfully logged on.",,,,,,,,,,,,,,,,,,null,null,Kerberos,,,null,,,,,,,,,,,,,,,,,,,,,,,,,,,,null,,,,,,,,,,,,,,,,"%%1833",,"10.184.1.78",58572,0,"-",,,,,,"db1eb8a0-711d-e92f-43ac-c77fbdf245fb",,,Kerberos,3,"3 - Network",,,,,,,,,,,,,,,,,,,,,,,,,,,,,,,,,,,,,,,,,,,,,,,,,"-",0x0,"-",,,,,,,,,,,,,,,,,,,,,,,null,,,,,,,"-\-",,,,"-",,0x0,,,"-","S-1-0-0",,,"AD\XDLVS1170567$",AD,,,,0x45cf07ebc,,,,,,"XDLVS1170567$","S-1-5-21-1078081533-725345543-682003330-496051",,,,,,,,"-",,,,,,,,"-","e9823817-3e12-441f-aa9e-07379874d8fd","a1fad41b-73ef-4444-b6d6-88490083dbb2","00000000-0000-0000-0000-000000000001","2020-10-16T14:45:28.279Z","AOI-552b9630-b106-4fe7-a1fa-97d04a0010ef",SecurityEvent,
"552b9630-b106-4fe7-a1fa-97d04a0010ef","2020-10-16T14:45:27.15Z",OpsManager,"AD\HHF-VMC-JP0WG02$",Machine,"WN73201.ad.providence.org","Microsoft-Windows-Security-Auditing",Security,12544,8,,4624,"4624 - An account was successfully logged on.",,,,,,,,,,,,,,,,,,null,null,Kerberos,,,null,,,,,,,,,,,,,,,,,,,,,,,,,,,,null,,,,,,,,,,,,,,,,"%%1833",,"10.199.184.252",65508,0,"-",,,,,,"026f5479-2954-8ead-9b79-3f3fedb62557",,,Kerberos,3,"3 - Network",,,,,,,,,,,,,,,,,,,,,,,,,,,,,,,,,,,,,,,,,,,,,,,,,"-",0x0,"-",,,,,,,,,,,,,,,,,,,,,,,null,,,,,,,"-\-",,,,"-",,0x0,,,"-","S-1-0-0",,,"AD\HHF-VMC-JP0WG02$",AD,,,,0x45cf07ede,,,,,,"HHF-VMC-JP0WG02$","S-1-5-21-1078081533-725345543-682003330-500940",,,,,,,,"-",,,,,,,,"-","e9823817-3e12-441f-aa9e-07379874d8fd","f0c168a6-ce0e-479a-bfa2-8b086c73d9b9","00000000-0000-0000-0000-000000000001","2020-10-16T14:45:28.279Z","AOI-552b9630-b106-4fe7-a1fa-97d04a0010ef",SecurityEvent,
"552b9630-b106-4fe7-a1fa-97d04a0010ef","2020-10-16T14:45:27.15Z",OpsManager,,,"WN73201.ad.providence.org","Microsoft-Windows-Security-Auditing",Security,12544,16,"<EventData xmlns=""http://schemas.microsoft.com/win/2004/08/events/event"">
  <Data Name=""TargetUserSid"">S-1-5-21-798254582-200106796-1537874043-272974</Data>
  <Data Name=""TargetUserName"">-</Data>
  <Data Name=""TargetDomainName"">-</Data>
  <Data Name=""TdoDirection"">2</Data>
  <Data Name=""TdoAttributes"">8</Data>
  <Data Name=""TdoType"">2</Data>
  <Data Name=""TdoSid"">S-1-5-21-798254582-200106796-1537874043</Data>
  <Data Name=""SidList""> 		%{S-1-5-21-379607110-125704906-1236795852-513} 		%{S-1-5-21-422978413-2066309399-315576832-513} 		%{S-1-5-21-1078081533-1844237615-1417001333-23833} 		%{S-1-5-21-1078081533-1844237615-1417001333-34773} 		%{S-1-5-21-1078081533-1844237615-1417001333-21015} 		%{S-1-5-21-1078081533-1844237615-1417001333-26231} 		%{S-1-5-21-1078081533-1844237615-1417001333-40598}</Data>
</EventData>",4675,"4675 - SIDs were filtered.",,,,,,,,,,,,,,,,,,null,null,,,,null,,,,,,,,,,,,,,,,,,,,,,,,,,,,null,,,,,,,,,,,,,,,,,,,,null,,,,,,,,,,,null,,,,,,,,,,,,,,,,,,,,,,,,,,,,,,,,,,,,,,,,,,,,,,,,,,,,,,,,,,,,,,,,,,,,,,,,,,,null,,,,,,,,,,,,,,,,,,,,"-\-","-",,,,,,,,,,"-","S-1-5-21-798254582-200106796-1537874043-272974",,,,,,,,,,,,,,,,,"e9823817-3e12-441f-aa9e-07379874d8fd","12c6f870-bc74-4c83-8421-a88c0a2a97ac","00000000-0000-0000-0000-000000000001","2020-10-16T14:45:28.279Z","AOI-552b9630-b106-4fe7-a1fa-97d04a0010ef",SecurityEvent,
"552b9630-b106-4fe7-a1fa-97d04a0010ef","2020-10-16T14:45:27.15Z",OpsManager,"NT AUTHORITY\LOCAL SERVICE",Machine,"WN73201.ad.providence.org","Microsoft-Windows-Security-Auditing",Security,12544,8,,4648,"4648 - A logon was attempted using explicit credentials.",,,,,,,,,,,,,,,,,,null,null,,,,null,,,,,,,,,,,,,,,,,,,,,,,,,,,,null,,,,,,,,,,,,,,,,,,"-","-",null,,,,,,,"00000000-0000-0000-0000-000000000000",,,,null,,,,,,,,,,,,,,,,,,,,,,,,,,,,,,,,,,,,,,,,,,,,,,,,,,,0x4,,,,,,,,,,,,,,,,,,,,,,,,null,,,,,,,"NT AUTHORITY\LOCAL SERVICE",,,,"NT AUTHORITY",,0x45cb49f17,,,"LOCAL SERVICE","S-1-5-19",,,"AD.PROVIDENCE.ORG\svc_ADPReader","AD.PROVIDENCE.ORG","cifs/MHR-CC2-FR8NFX2.ad.providence.org",,"0d9239a3-c38b-eb6b-b08a-a315c3b2097a",,,,"MHR-CC2-FR8NFX2.ad.providence.org",,,"svc_ADPReader",,,,,,,,,,,,,,,,,,"e9823817-3e12-441f-aa9e-07379874d8fd","9485d6fd-9400-47ad-b63b-c8a096458a25","00000000-0000-0000-0000-000000000001","2020-10-16T14:45:28.279Z","AOI-552b9630-b106-4fe7-a1fa-97d04a0010ef",SecurityEvent,
"552b9630-b106-4fe7-a1fa-97d04a0010ef","2020-10-16T14:45:27.167Z",OpsManager,,,"WN73201.ad.providence.org","Microsoft-Windows-Security-Auditing",Security,14336,8,"<EventData xmlns=""http://schemas.microsoft.com/win/2004/08/events/event"">
  <Data Name=""PackageName"">MICROSOFT_AUTHENTICATION_PACKAGE_V1_0</Data>
  <Data Name=""TargetUserName"">CLINEDL1</Data>
  <Data Name=""Workstation"">CTXXAP6A717-VP</Data>
  <Data Name=""Status"">0x0</Data>
</EventData>",4776,"4776 - The domain controller attempted to validate the credentials for an account.",,,,,,,,,,,,,,,,,,null,null,,,,null,,,,,,,,,,,,,,,,,,,,,,,,,,,,null,,,,,,,,,,,,,,,,,,,,null,,,,,,,,,,,null,,,,,,,,,,,,,,,,,,,,,,,,,,,,,,,,,,,,,,,,"MICROSOFT_AUTHENTICATION_PACKAGE_V1_0",,,,,,,,,,,,,,,,,,,,,,,,,,,,,,,,,,,null,,,,,,0x0,,,,,,,,,,,,,,CLINEDL1,,,,,,,,,,,CLINEDL1,,,,,,,,,,,,,,,,"CTXXAP6A717-VP",,"e9823817-3e12-441f-aa9e-07379874d8fd","a1f66f4c-d24c-4833-8360-0e652609c8f9","00000000-0000-0000-0000-000000000001","2020-10-16T14:45:28.279Z","AOI-552b9630-b106-4fe7-a1fa-97d04a0010ef",SecurityEvent,
