"552b9630-b106-4fe7-a1fa-97d04a0010ef","2020-10-16T14:45:28.6Z",OpsManager,"SJHS-NT\MLB-OPS-5BWCGK2$",Machine,"ADSAPPVP-010.stjoe.org","Microsoft-Windows-Security-Auditing",Security,12545,8,,4634,"4634 - An account was logged off.",,,,,,,,,,,,,,,,,,null,null,,,,null,,,,,,,,,,,,,,,,,,,,,,,,,,,,null,,,,,,,,,,,,,,,,,,,,null,,,,,,,,,,,3,"3 - Network",,,,,,,,,,,,,,,,,,,,,,,,,,,,,,,,,,,,,,,,,,,,,,,,,,,,,,,,,,,,,,,,,,,,,,,,,,null,,,,,,,,,,,,,,,,,,,,"SJHS-NT\MLB-OPS-5BWCGK2$","SJHS-NT",,,,0x36acf9801,,,,,,"MLB-OPS-5BWCGK2$","S-1-5-21-798254582-200106796-1537874043-740154",,,,,,,,,,,,,,,,,"63c77c3c-1ec2-4f06-9f6e-99edf6acfc9b","afc5ce55-7315-4a06-9b56-c51b1cc947c5","00000000-0000-0000-0000-000000000001","2020-10-16T14:45:30.052Z","AOI-552b9630-b106-4fe7-a1fa-97d04a0010ef",SecurityEvent,
"552b9630-b106-4fe7-a1fa-97d04a0010ef","2020-10-16T14:45:28.6Z",OpsManager,"SJHS-NT\RENAUXSL",User,"ADSAPPVP-010.stjoe.org","Microsoft-Windows-Security-Auditing",Security,12544,8,,4624,"4624 - An account was successfully logged on.",,,,,,,,,,,,,,,,,,null,null,Kerberos,,,null,,,,,,,,,,,,,,,,,,,,,,,,,,,,null,,,,,,,,,,,,,,,,"%%1833",,"10.208.103.244",57898,0,"-",,,,,,"cdfc0067-82f9-1ef9-e987-770ac77e56cf",,,Kerberos,3,"3 - Network",,,,,,,,,,,,,,,,,,,,,,,,,,,,,,,,,,,,,,,,,,,,,,,,,"-",0x0,"-",,,,,,,,,,,,,,,,,,,,,,,null,,,,,,,"-\-",,,,"-",,0x0,,,"-","S-1-0-0",,,"SJHS-NT\RENAUXSL","SJHS-NT",,,,0x36ad1ff22,,,,,,RENAUXSL,"S-1-5-21-798254582-200106796-1537874043-27524",,,,,,,,"-",,,,,,,,"-","63c77c3c-1ec2-4f06-9f6e-99edf6acfc9b","6026bbdc-6af3-4df5-9c7c-8a9488c8b5cc","00000000-0000-0000-0000-000000000001","2020-10-16T14:45:30.052Z","AOI-552b9630-b106-4fe7-a1fa-97d04a0010ef",SecurityEvent,
"552b9630-b106-4fe7-a1fa-97d04a0010ef","2020-10-16T14:45:28.613Z",OpsManager,"SJHS-NT\SJO-CM-BFLGYR1$",Machine,"ADSAPPVP-010.stjoe.org","Microsoft-Windows-Security-Auditing",Security,12544,8,,4624,"4624 - An account was successfully logged on.",,,,,,,,,,,,,,,,,,null,null,Kerberos,,,null,,,,,,,,,,,,,,,,,,,,,,,,,,,,null,,,,,,,,,,,,,,,,"%%1833",,"156.72.8.227",55909,0,"-",,,,,,"523be745-31a9-cc8b-8d11-9816a8a0e59e",,,Kerberos,3,"3 - Network",,,,,,,,,,,,,,,,,,,,,,,,,,,,,,,,,,,,,,,,,,,,,,,,,"-",0x0,"-",,,,,,,,,,,,,,,,,,,,,,,null,,,,,,,"-\-",,,,"-",,0x0,,,"-","S-1-0-0",,,"SJHS-NT\SJO-CM-BFLGYR1$","SJHS-NT",,,,0x36ad1ff32,,,,,,"SJO-CM-BFLGYR1$","S-1-5-21-798254582-200106796-1537874043-704673",,,,,,,,"-",,,,,,,,"-","63c77c3c-1ec2-4f06-9f6e-99edf6acfc9b","378c417a-3fee-447e-a020-7d477e2fe6dc","00000000-0000-0000-0000-000000000001","2020-10-16T14:45:30.052Z","AOI-552b9630-b106-4fe7-a1fa-97d04a0010ef",SecurityEvent,
"552b9630-b106-4fe7-a1fa-97d04a0010ef","2020-10-16T14:45:28.613Z",OpsManager,"SJHS-NT\ONCENTRA-PC$",Machine,"ADSAPPVP-010.stjoe.org","Microsoft-Windows-Security-Auditing",Security,12544,8,,4624,"4624 - An account was successfully logged on.",,,,,,,,,,,,,,,,,,null,null,Kerberos,,,null,,,,,,,,,,,,,,,,,,,,,,,,,,,,null,,,,,,,,,,,,,,,,"%%1833",,"10.156.240.47",56149,0,"-",,,,,,"f0304110-546a-751a-a21f-62a0975e6010",,,Kerberos,3,"3 - Network",,,,,,,,,,,,,,,,,,,,,,,,,,,,,,,,,,,,,,,,,,,,,,,,,"-",0x0,"-",,,,,,,,,,,,,,,,,,,,,,,null,,,,,,,"-\-",,,,"-",,0x0,,,"-","S-1-0-0",,,"SJHS-NT\ONCENTRA-PC$","SJHS-NT",,,,0x36ad1ff4a,,,,,,"ONCENTRA-PC$","S-1-5-21-798254582-200106796-1537874043-652989",,,,,,,,"-",,,,,,,,"-","63c77c3c-1ec2-4f06-9f6e-99edf6acfc9b","c0549070-9a31-45f5-93bb-a906c2374d83","00000000-0000-0000-0000-000000000001","2020-10-16T14:45:30.052Z","AOI-552b9630-b106-4fe7-a1fa-97d04a0010ef",SecurityEvent,
"552b9630-b106-4fe7-a1fa-97d04a0010ef","2020-10-16T14:45:28.63Z",OpsManager,"AD\GARCIAC28",User,"ADSAPPVP-010.stjoe.org","Microsoft-Windows-Security-Auditing",Security,12544,8,,4624,"4624 - An account was successfully logged on.",,,,,,,,,,,,,,,,,,null,null,Kerberos,,,null,,,,,,,,,,,,,,,,,,,,,,,,,,,,null,,,,,,,,,,,,,,,,"%%1833",,"10.184.25.57",63097,0,"-",,,,,,"bf0141ed-f70d-769f-0646-41bf21caac01",,,Kerberos,3,"3 - Network",,,,,,,,,,,,,,,,,,,,,,,,,,,,,,,,,,,,,,,,,,,,,,,,,"-",0x0,"-",,,,,,,,,,,,,,,,,,,,,,,null,,,,,,,"-\-",,,,"-",,0x0,,,"-","S-1-0-0",,,"AD\GARCIAC28",AD,,,,0x36ad1ff5d,,,,,,GARCIAC28,"S-1-5-21-1078081533-725345543-682003330-470152",,,,,,,,"-",,,,,,,,"-","63c77c3c-1ec2-4f06-9f6e-99edf6acfc9b","30b4a0d9-7a6f-411f-859c-591f101a6f79","00000000-0000-0000-0000-000000000001","2020-10-16T14:45:30.052Z","AOI-552b9630-b106-4fe7-a1fa-97d04a0010ef",SecurityEvent,
"552b9630-b106-4fe7-a1fa-97d04a0010ef","2020-10-16T14:45:28.63Z",OpsManager,,,"ADSAPPVP-010.stjoe.org","Microsoft-Windows-Security-Auditing",Security,14336,8,"<EventData xmlns=""http://schemas.microsoft.com/win/2004/08/events/event"">
  <Data Name=""PackageName"">MICROSOFT_AUTHENTICATION_PACKAGE_V1_0</Data>
  <Data Name=""TargetUserName"">NGUHOX</Data>
  <Data Name=""Workstation"">XDLVS1371264</Data>
  <Data Name=""Status"">0x0</Data>
</EventData>",4776,"4776 - The domain controller attempted to validate the credentials for an account.",,,,,,,,,,,,,,,,,,null,null,,,,null,,,,,,,,,,,,,,,,,,,,,,,,,,,,null,,,,,,,,,,,,,,,,,,,,null,,,,,,,,,,,null,,,,,,,,,,,,,,,,,,,,,,,,,,,,,,,,,,,,,,,,"MICROSOFT_AUTHENTICATION_PACKAGE_V1_0",,,,,,,,,,,,,,,,,,,,,,,,,,,,,,,,,,,null,,,,,,0x0,,,,,,,,,,,,,,NGUHOX,,,,,,,,,,,NGUHOX,,,,,,,,,,,,,,,,XDLVS1371264,,"63c77c3c-1ec2-4f06-9f6e-99edf6acfc9b","63d4ce77-b002-4748-a929-48fa5b3bb16b","00000000-0000-0000-0000-000000000001","2020-10-16T14:45:30.052Z","AOI-552b9630-b106-4fe7-a1fa-97d04a0010ef",SecurityEvent,
"552b9630-b106-4fe7-a1fa-97d04a0010ef","2020-10-16T14:45:28.63Z",OpsManager,"SJHS-NT\SJO-CM-BFLGYR1$",Machine,"ADSAPPVP-010.stjoe.org","Microsoft-Windows-Security-Auditing",Security,12545,8,,4634,"4634 - An account was logged off.",,,,,,,,,,,,,,,,,,null,null,,,,null,,,,,,,,,,,,,,,,,,,,,,,,,,,,null,,,,,,,,,,,,,,,,,,,,null,,,,,,,,,,,3,"3 - Network",,,,,,,,,,,,,,,,,,,,,,,,,,,,,,,,,,,,,,,,,,,,,,,,,,,,,,,,,,,,,,,,,,,,,,,,,,null,,,,,,,,,,,,,,,,,,,,"SJHS-NT\SJO-CM-BFLGYR1$","SJHS-NT",,,,0x36ad1fe48,,,,,,"SJO-CM-BFLGYR1$","S-1-5-21-798254582-200106796-1537874043-704673",,,,,,,,,,,,,,,,,"63c77c3c-1ec2-4f06-9f6e-99edf6acfc9b","abbd3d9a-fcf0-4328-b850-f10ceb45b3e5","00000000-0000-0000-0000-000000000001","2020-10-16T14:45:30.052Z","AOI-552b9630-b106-4fe7-a1fa-97d04a0010ef",SecurityEvent,
"552b9630-b106-4fe7-a1fa-97d04a0010ef","2020-10-16T14:45:28.63Z",OpsManager,,,"ADSAPPVP-010.stjoe.org","Microsoft-Windows-Security-Auditing",Security,14336,8,"<EventData xmlns=""http://schemas.microsoft.com/win/2004/08/events/event"">
  <Data Name=""PackageName"">MICROSOFT_AUTHENTICATION_PACKAGE_V1_0</Data>
  <Data Name=""TargetUserName"">SysCenter-DWWrite</Data>
  <Data Name=""Workstation"">SCOAPPVP-103</Data>
  <Data Name=""Status"">0x0</Data>
</EventData>",4776,"4776 - The domain controller attempted to validate the credentials for an account.",,,,,,,,,,,,,,,,,,null,null,,,,null,,,,,,,,,,,,,,,,,,,,,,,,,,,,null,,,,,,,,,,,,,,,,,,,,null,,,,,,,,,,,null,,,,,,,,,,,,,,,,,,,,,,,,,,,,,,,,,,,,,,,,"MICROSOFT_AUTHENTICATION_PACKAGE_V1_0",,,,,,,,,,,,,,,,,,,,,,,,,,,,,,,,,,,null,,,,,,0x0,,,,,,,,,,,,,,"SysCenter-DWWrite",,,,,,,,,,,"SysCenter-DWWrite",,,,,,,,,,,,,,,,"SCOAPPVP-103",,"63c77c3c-1ec2-4f06-9f6e-99edf6acfc9b","d1f82c31-ae17-4794-8ad3-80701314e7dc","00000000-0000-0000-0000-000000000001","2020-10-16T14:45:30.052Z","AOI-552b9630-b106-4fe7-a1fa-97d04a0010ef",SecurityEvent,
"552b9630-b106-4fe7-a1fa-97d04a0010ef","2020-10-16T14:45:28.647Z",OpsManager,"SJHS-NT\SJO-CM-BFLGYR1$",Machine,"ADSAPPVP-010.stjoe.org","Microsoft-Windows-Security-Auditing",Security,12545,8,,4634,"4634 - An account was logged off.",,,,,,,,,,,,,,,,,,null,null,,,,null,,,,,,,,,,,,,,,,,,,,,,,,,,,,null,,,,,,,,,,,,,,,,,,,,null,,,,,,,,,,,3,"3 - Network",,,,,,,,,,,,,,,,,,,,,,,,,,,,,,,,,,,,,,,,,,,,,,,,,,,,,,,,,,,,,,,,,,,,,,,,,,null,,,,,,,,,,,,,,,,,,,,"SJHS-NT\SJO-CM-BFLGYR1$","SJHS-NT",,,,0x36ad1ff32,,,,,,"SJO-CM-BFLGYR1$","S-1-5-21-798254582-200106796-1537874043-704673",,,,,,,,,,,,,,,,,"63c77c3c-1ec2-4f06-9f6e-99edf6acfc9b","3633a2b2-4a20-44dc-adf2-2aab790a2bf6","00000000-0000-0000-0000-000000000001","2020-10-16T14:45:30.052Z","AOI-552b9630-b106-4fe7-a1fa-97d04a0010ef",SecurityEvent,
"552b9630-b106-4fe7-a1fa-97d04a0010ef","2020-10-16T14:45:28.647Z",OpsManager,"SJHS-NT\ONCENTRA-PC$",Machine,"ADSAPPVP-010.stjoe.org","Microsoft-Windows-Security-Auditing",Security,12545,8,,4634,"4634 - An account was logged off.",,,,,,,,,,,,,,,,,,null,null,,,,null,,,,,,,,,,,,,,,,,,,,,,,,,,,,null,,,,,,,,,,,,,,,,,,,,null,,,,,,,,,,,3,"3 - Network",,,,,,,,,,,,,,,,,,,,,,,,,,,,,,,,,,,,,,,,,,,,,,,,,,,,,,,,,,,,,,,,,,,,,,,,,,null,,,,,,,,,,,,,,,,,,,,"SJHS-NT\ONCENTRA-PC$","SJHS-NT",,,,0x36ad1fe0f,,,,,,"ONCENTRA-PC$","S-1-5-21-798254582-200106796-1537874043-652989",,,,,,,,,,,,,,,,,"63c77c3c-1ec2-4f06-9f6e-99edf6acfc9b","c1564c3f-1341-4d43-9a19-d42168e16546","00000000-0000-0000-0000-000000000001","2020-10-16T14:45:30.052Z","AOI-552b9630-b106-4fe7-a1fa-97d04a0010ef",SecurityEvent,
"552b9630-b106-4fe7-a1fa-97d04a0010ef","2020-10-16T14:45:28.647Z",OpsManager,,,"ADSAPPVP-010.stjoe.org","Microsoft-Windows-Security-Auditing",Security,14339,16,"<EventData xmlns=""http://schemas.microsoft.com/win/2004/08/events/event"">
  <Data Name=""TargetUserName"">SERIOZAJ1</Data>
  <Data Name=""TargetDomainName"">STJOE.ORG</Data>
  <Data Name=""TargetSid"">S-1-0-0</Data>
  <Data Name=""ServiceName"">krbtgt/STJOE.ORG</Data>
  <Data Name=""ServiceSid"">S-1-0-0</Data>
  <Data Name=""TicketOptions"">0x40810010</Data>
  <Data Name=""Status"">0x6</Data>
  <Data Name=""TicketEncryptionType"">0xffffffff</Data>
  <Data Name=""PreAuthType"">-</Data>
  <Data Name=""IpAddress"">::ffff:10.176.44.240</Data>
  <Data Name=""IpPort"">51579</Data>
  <Data Name=""CertIssuerName""></Data>
  <Data Name=""CertSerialNumber""></Data>
  <Data Name=""CertThumbprint""></Data>
</EventData>",4768,"4768 - A Kerberos authentication ticket (TGT) was requested.",,,,,,,,,,,,,,,,,,null,null,,,,null,,,,,,,,,,,,,,,,,,,,,,,,,,,,null,,,,,,,,,,,,,,,,,,"::ffff:10.176.44.240",51579,null,,,,,,,,,,,null,,,,,,,,,,,,,,,,,,,,,,,,,,,,,,,,,,,,,,,,,,,,,,,,,,,,,,,,,,,,,,,,,,,,,,,,,,"krbtgt/STJOE.ORG",null,,,,,,0x6,,,,,,,,,,,,,,"STJOE.ORG\SERIOZAJ1","STJOE.ORG",,,,,,,,"S-1-0-0",,SERIOZAJ1,,,,,,,,,,,,,,,,,,"63c77c3c-1ec2-4f06-9f6e-99edf6acfc9b","b6cd7d00-2cd3-4304-8b0e-c176c7a0c9d3","00000000-0000-0000-0000-000000000001","2020-10-16T14:45:30.052Z","AOI-552b9630-b106-4fe7-a1fa-97d04a0010ef",SecurityEvent,
"552b9630-b106-4fe7-a1fa-97d04a0010ef","2020-10-16T14:45:28.647Z",OpsManager,,,"ADSAPPVP-010.stjoe.org","Microsoft-Windows-Security-Auditing",Security,14339,8,"<EventData xmlns=""http://schemas.microsoft.com/win/2004/08/events/event"">
  <Data Name=""TargetUserName"">TWSupp1SVC</Data>
  <Data Name=""TargetDomainName"">SJHS-NT</Data>
  <Data Name=""TargetSid"">S-1-5-21-798254582-200106796-1537874043-176573</Data>
  <Data Name=""ServiceName"">krbtgt</Data>
  <Data Name=""ServiceSid"">S-1-5-21-798254582-200106796-1537874043-502</Data>
  <Data Name=""TicketOptions"">0x40810010</Data>
  <Data Name=""Status"">0x0</Data>
  <Data Name=""TicketEncryptionType"">0x12</Data>
  <Data Name=""PreAuthType"">2</Data>
  <Data Name=""IpAddress"">::ffff:10.250.118.179</Data>
  <Data Name=""IpPort"">56737</Data>
  <Data Name=""CertIssuerName""></Data>
  <Data Name=""CertSerialNumber""></Data>
  <Data Name=""CertThumbprint""></Data>
</EventData>",4768,"4768 - A Kerberos authentication ticket (TGT) was requested.",,,,,,,,,,,,,,,,,,null,null,,,,null,,,,,,,,,,,,,,,,,,,,,,,,,,,,null,,,,,,,,,,,,,,,,,,"::ffff:10.250.118.179",56737,null,,,,,,,,,,,null,,,,,,,,,,,,,,,,,,,,,,,,,,,,,,,,,,,,,,,,,,,,,,,,,,,,,,,,,,,,,,,,,,,,,,,,,,krbtgt,null,,,,,,0x0,,,,,,,,,,,,,,"SJHS-NT\TWSupp1SVC","SJHS-NT",,,,,,,,"S-1-5-21-798254582-200106796-1537874043-176573",,TWSupp1SVC,,,,,,,,,,,,,,,,,,"63c77c3c-1ec2-4f06-9f6e-99edf6acfc9b","ae0f5aa9-2b1f-4000-8c32-e53bb0632e53","00000000-0000-0000-0000-000000000001","2020-10-16T14:45:30.052Z","AOI-552b9630-b106-4fe7-a1fa-97d04a0010ef",SecurityEvent,
"552b9630-b106-4fe7-a1fa-97d04a0010ef","2020-10-16T14:45:28.66Z",OpsManager,,,"ADSAPPVP-010.stjoe.org","Microsoft-Windows-Security-Auditing",Security,14337,8,"<EventData xmlns=""http://schemas.microsoft.com/win/2004/08/events/event"">
  <Data Name=""TargetUserName"">TWSupp1SVC@STJOE.ORG</Data>
  <Data Name=""TargetDomainName"">STJOE.ORG</Data>
  <Data Name=""ServiceName"">TWKWEB025-VP$</Data>
  <Data Name=""ServiceSid"">S-1-5-21-798254582-200106796-1537874043-333412</Data>
  <Data Name=""TicketOptions"">0x40810000</Data>
  <Data Name=""TicketEncryptionType"">0x12</Data>
  <Data Name=""IpAddress"">::ffff:10.250.118.179</Data>
  <Data Name=""IpPort"">56738</Data>
  <Data Name=""Status"">0x0</Data>
  <Data Name=""LogonGuid"">{D0579D7E-A533-6E03-53FE-9825E7D680A7}</Data>
  <Data Name=""TransmittedServices"">-</Data>
</EventData>",4769,"4769 - A Kerberos service ticket was requested.",,,,,,,,,,,,,,,,,,null,null,,,,null,,,,,,,,,,,,,,,,,,,,,,,,,,,,null,,,,,,,,,,,,,,,,,,,,null,,,,,,,,,,,null,,,,,,,,,,,,,,,,,,,,,,,,,,,,,,,,,,,,,,,,,,,,,,,,,,,,,,,,,,,,,,,,,,,,,,,,,,,null,,,,,,,,,,,,,,,,,,,,,,,,,,,,,,,,,,,,,,,,,,,,,,,,,"63c77c3c-1ec2-4f06-9f6e-99edf6acfc9b","be1a7ce9-6274-4c81-9b3e-32fffc86a4a2","00000000-0000-0000-0000-000000000001","2020-10-16T14:45:30.052Z","AOI-552b9630-b106-4fe7-a1fa-97d04a0010ef",SecurityEvent,
"552b9630-b106-4fe7-a1fa-97d04a0010ef","2020-10-16T14:45:28.677Z",OpsManager,"SJHS-NT\MEDAS1",User,"ADSAPPVP-010.stjoe.org","Microsoft-Windows-Security-Auditing",Security,12545,8,,4634,"4634 - An account was logged off.",,,,,,,,,,,,,,,,,,null,null,,,,null,,,,,,,,,,,,,,,,,,,,,,,,,,,,null,,,,,,,,,,,,,,,,,,,,null,,,,,,,,,,,3,"3 - Network",,,,,,,,,,,,,,,,,,,,,,,,,,,,,,,,,,,,,,,,,,,,,,,,,,,,,,,,,,,,,,,,,,,,,,,,,,null,,,,,,,,,,,,,,,,,,,,"SJHS-NT\MEDAS1","SJHS-NT",,,,0x36ad1fe28,,,,,,MEDAS1,"S-1-5-21-798254582-200106796-1537874043-772909",,,,,,,,,,,,,,,,,"63c77c3c-1ec2-4f06-9f6e-99edf6acfc9b","b3fc88a6-daf8-47a3-b66d-d3f787ed8adf","00000000-0000-0000-0000-000000000001","2020-10-16T14:45:30.052Z","AOI-552b9630-b106-4fe7-a1fa-97d04a0010ef",SecurityEvent,
"552b9630-b106-4fe7-a1fa-97d04a0010ef","2020-10-16T14:45:28.677Z",OpsManager,"SJHS-NT\SJO-CM-BFLGYR1$",Machine,"ADSAPPVP-010.stjoe.org","Microsoft-Windows-Security-Auditing",Security,12544,8,,4624,"4624 - An account was successfully logged on.",,,,,,,,,,,,,,,,,,null,null,Kerberos,,,null,,,,,,,,,,,,,,,,,,,,,,,,,,,,null,,,,,,,,,,,,,,,,"%%1833",,"156.72.8.227",55910,0,"-",,,,,,"523be745-31a9-cc8b-8d11-9816a8a0e59e",,,Kerberos,3,"3 - Network",,,,,,,,,,,,,,,,,,,,,,,,,,,,,,,,,,,,,,,,,,,,,,,,,"-",0x0,"-",,,,,,,,,,,,,,,,,,,,,,,null,,,,,,,"-\-",,,,"-",,0x0,,,"-","S-1-0-0",,,"SJHS-NT\SJO-CM-BFLGYR1$","SJHS-NT",,,,0x36ad1ffa9,,,,,,"SJO-CM-BFLGYR1$","S-1-5-21-798254582-200106796-1537874043-704673",,,,,,,,"-",,,,,,,,"-","63c77c3c-1ec2-4f06-9f6e-99edf6acfc9b","700c1f93-8e9a-4470-90f6-da4e6934297e","00000000-0000-0000-0000-000000000001","2020-10-16T14:45:30.052Z","AOI-552b9630-b106-4fe7-a1fa-97d04a0010ef",SecurityEvent,
"552b9630-b106-4fe7-a1fa-97d04a0010ef","2020-10-16T14:45:28.677Z",OpsManager,,,"ADSAPPVP-010.stjoe.org","Microsoft-Windows-Security-Auditing",Security,14337,8,"<EventData xmlns=""http://schemas.microsoft.com/win/2004/08/events/event"">
  <Data Name=""TargetUserName"">FranklinJ1@AD.PROVIDENCE.ORG</Data>
  <Data Name=""TargetDomainName"">AD.PROVIDENCE.ORG</Data>
  <Data Name=""ServiceName"">CTXXML6A015-VP$</Data>
  <Data Name=""ServiceSid"">S-1-5-21-798254582-200106796-1537874043-716468</Data>
  <Data Name=""TicketOptions"">0x40810000</Data>
  <Data Name=""TicketEncryptionType"">0x12</Data>
  <Data Name=""IpAddress"">::ffff:10.249.3.140</Data>
  <Data Name=""IpPort"">52235</Data>
  <Data Name=""Status"">0x0</Data>
  <Data Name=""LogonGuid"">{B190B036-594B-306B-A9F8-AEBF12A757CA}</Data>
  <Data Name=""TransmittedServices"">-</Data>
</EventData>",4769,"4769 - A Kerberos service ticket was requested.",,,,,,,,,,,,,,,,,,null,null,,,,null,,,,,,,,,,,,,,,,,,,,,,,,,,,,null,,,,,,,,,,,,,,,,,,,,null,,,,,,,,,,,null,,,,,,,,,,,,,,,,,,,,,,,,,,,,,,,,,,,,,,,,,,,,,,,,,,,,,,,,,,,,,,,,,,,,,,,,,,,null,,,,,,,,,,,,,,,,,,,,,,,,,,,,,,,,,,,,,,,,,,,,,,,,,"63c77c3c-1ec2-4f06-9f6e-99edf6acfc9b","566f0d9a-ffe3-40cc-91d0-f17286881efc","00000000-0000-0000-0000-000000000001","2020-10-16T14:45:30.052Z","AOI-552b9630-b106-4fe7-a1fa-97d04a0010ef",SecurityEvent,
"552b9630-b106-4fe7-a1fa-97d04a0010ef","2020-10-16T14:45:28.677Z",OpsManager,"SJHS-NT\MHR-GIL-383KZC2$",Machine,"ADSAPPVP-010.stjoe.org","Microsoft-Windows-Security-Auditing",Security,12545,8,,4634,"4634 - An account was logged off.",,,,,,,,,,,,,,,,,,null,null,,,,null,,,,,,,,,,,,,,,,,,,,,,,,,,,,null,,,,,,,,,,,,,,,,,,,,null,,,,,,,,,,,3,"3 - Network",,,,,,,,,,,,,,,,,,,,,,,,,,,,,,,,,,,,,,,,,,,,,,,,,,,,,,,,,,,,,,,,,,,,,,,,,,null,,,,,,,,,,,,,,,,,,,,"SJHS-NT\MHR-GIL-383KZC2$","SJHS-NT",,,,0x36ad0f88b,,,,,,"MHR-GIL-383KZC2$","S-1-5-21-798254582-200106796-1537874043-393483",,,,,,,,,,,,,,,,,"63c77c3c-1ec2-4f06-9f6e-99edf6acfc9b","df9422f3-851e-4624-969c-2813e5fc4c03","00000000-0000-0000-0000-000000000001","2020-10-16T14:45:30.052Z","AOI-552b9630-b106-4fe7-a1fa-97d04a0010ef",SecurityEvent,
"552b9630-b106-4fe7-a1fa-97d04a0010ef","2020-10-16T14:45:28.677Z",OpsManager,"SJHS-NT\ONCENTRA-PC$",Machine,"ADSAPPVP-010.stjoe.org","Microsoft-Windows-Security-Auditing",Security,12544,8,,4624,"4624 - An account was successfully logged on.",,,,,,,,,,,,,,,,,,null,null,Kerberos,,,null,,,,,,,,,,,,,,,,,,,,,,,,,,,,null,,,,,,,,,,,,,,,,"%%1833",,"10.156.240.47",56150,0,"-",,,,,,"f0304110-546a-751a-a21f-62a0975e6010",,,Kerberos,3,"3 - Network",,,,,,,,,,,,,,,,,,,,,,,,,,,,,,,,,,,,,,,,,,,,,,,,,"-",0x0,"-",,,,,,,,,,,,,,,,,,,,,,,null,,,,,,,"-\-",,,,"-",,0x0,,,"-","S-1-0-0",,,"SJHS-NT\ONCENTRA-PC$","SJHS-NT",,,,0x36ad1ffb9,,,,,,"ONCENTRA-PC$","S-1-5-21-798254582-200106796-1537874043-652989",,,,,,,,"-",,,,,,,,"-","63c77c3c-1ec2-4f06-9f6e-99edf6acfc9b","a56c15ea-721b-4e01-b03d-81696c91fbc9","00000000-0000-0000-0000-000000000001","2020-10-16T14:45:30.052Z","AOI-552b9630-b106-4fe7-a1fa-97d04a0010ef",SecurityEvent,
"552b9630-b106-4fe7-a1fa-97d04a0010ef","2020-10-16T14:45:28.71Z",OpsManager,,,"ADSAPPVP-010.stjoe.org","Microsoft-Windows-Security-Auditing",Security,14336,8,"<EventData xmlns=""http://schemas.microsoft.com/win/2004/08/events/event"">
  <Data Name=""PackageName"">MICROSOFT_AUTHENTICATION_PACKAGE_V1_0</Data>
  <Data Name=""TargetUserName"">SysCenter-Action</Data>
  <Data Name=""Workstation"">\\SYNWEBVP-006</Data>
  <Data Name=""Status"">0x0</Data>
</EventData>",4776,"4776 - The domain controller attempted to validate the credentials for an account.",,,,,,,,,,,,,,,,,,null,null,,,,null,,,,,,,,,,,,,,,,,,,,,,,,,,,,null,,,,,,,,,,,,,,,,,,,,null,,,,,,,,,,,null,,,,,,,,,,,,,,,,,,,,,,,,,,,,,,,,,,,,,,,,"MICROSOFT_AUTHENTICATION_PACKAGE_V1_0",,,,,,,,,,,,,,,,,,,,,,,,,,,,,,,,,,,null,,,,,,0x0,,,,,,,,,,,,,,"SysCenter-Action",,,,,,,,,,,"SysCenter-Action",,,,,,,,,,,,,,,,"\\SYNWEBVP-006",,"63c77c3c-1ec2-4f06-9f6e-99edf6acfc9b","35755b27-17db-4ab1-85eb-498af92104b1","00000000-0000-0000-0000-000000000001","2020-10-16T14:45:30.052Z","AOI-552b9630-b106-4fe7-a1fa-97d04a0010ef",SecurityEvent,
"552b9630-b106-4fe7-a1fa-97d04a0010ef","2020-10-16T14:45:28.723Z",OpsManager,"AD\HALLRD",User,"ADSAPPVP-010.stjoe.org","Microsoft-Windows-Security-Auditing",Security,12544,8,,4624,"4624 - An account was successfully logged on.",,,,,,,,,,,,,,,,,,null,null,Kerberos,,,null,,,,,,,,,,,,,,,,,,,,,,,,,,,,null,,,,,,,,,,,,,,,,"%%1833",,"10.187.13.142",57105,0,"-",,,,,,"821f771e-b606-f836-e842-7a165902ad69",,,Kerberos,3,"3 - Network",,,,,,,,,,,,,,,,,,,,,,,,,,,,,,,,,,,,,,,,,,,,,,,,,"-",0x0,"-",,,,,,,,,,,,,,,,,,,,,,,null,,,,,,,"-\-",,,,"-",,0x0,,,"-","S-1-0-0",,,"AD\HALLRD",AD,,,,0x36ad1ffe9,,,,,,HALLRD,"S-1-5-21-1078081533-725345543-682003330-336382",,,,,,,,"-",,,,,,,,"-","63c77c3c-1ec2-4f06-9f6e-99edf6acfc9b","3e510592-fb20-4f3b-8b27-1673d760f2ab","00000000-0000-0000-0000-000000000001","2020-10-16T14:45:30.052Z","AOI-552b9630-b106-4fe7-a1fa-97d04a0010ef",SecurityEvent,
"552b9630-b106-4fe7-a1fa-97d04a0010ef","2020-10-16T14:45:28.723Z",OpsManager,"SJHS-NT\SysCenter-Action",User,"ADSAPPVP-010.stjoe.org","Microsoft-Windows-Security-Auditing",Security,12545,8,,4634,"4634 - An account was logged off.",,,,,,,,,,,,,,,,,,null,null,,,,null,,,,,,,,,,,,,,,,,,,,,,,,,,,,null,,,,,,,,,,,,,,,,,,,,null,,,,,,,,,,,3,"3 - Network",,,,,,,,,,,,,,,,,,,,,,,,,,,,,,,,,,,,,,,,,,,,,,,,,,,,,,,,,,,,,,,,,,,,,,,,,,null,,,,,,,,,,,,,,,,,,,,"SJHS-NT\SysCenter-Action","SJHS-NT",,,,0x36ad09302,,,,,,"SysCenter-Action","S-1-5-21-798254582-200106796-1537874043-169374",,,,,,,,,,,,,,,,,"63c77c3c-1ec2-4f06-9f6e-99edf6acfc9b","79ddcc32-2f5f-4708-9298-d7f7134e0064","00000000-0000-0000-0000-000000000001","2020-10-16T14:45:30.052Z","AOI-552b9630-b106-4fe7-a1fa-97d04a0010ef",SecurityEvent,
"552b9630-b106-4fe7-a1fa-97d04a0010ef","2020-10-16T14:45:28.723Z",OpsManager,"SJHS-NT\SysCenter-Action",User,"ADSAPPVP-010.stjoe.org","Microsoft-Windows-Security-Auditing",Security,12545,8,,4634,"4634 - An account was logged off.",,,,,,,,,,,,,,,,,,null,null,,,,null,,,,,,,,,,,,,,,,,,,,,,,,,,,,null,,,,,,,,,,,,,,,,,,,,null,,,,,,,,,,,3,"3 - Network",,,,,,,,,,,,,,,,,,,,,,,,,,,,,,,,,,,,,,,,,,,,,,,,,,,,,,,,,,,,,,,,,,,,,,,,,,null,,,,,,,,,,,,,,,,,,,,"SJHS-NT\SysCenter-Action","SJHS-NT",,,,0x36ad09a7a,,,,,,"SysCenter-Action","S-1-5-21-798254582-200106796-1537874043-169374",,,,,,,,,,,,,,,,,"63c77c3c-1ec2-4f06-9f6e-99edf6acfc9b","64c4c385-18b1-4df4-a03d-ee2fb1f5d09b","00000000-0000-0000-0000-000000000001","2020-10-16T14:45:30.052Z","AOI-552b9630-b106-4fe7-a1fa-97d04a0010ef",SecurityEvent,
"552b9630-b106-4fe7-a1fa-97d04a0010ef","2020-10-16T14:45:28.723Z",OpsManager,"SJHS-NT\SysCenter-Action",User,"ADSAPPVP-010.stjoe.org","Microsoft-Windows-Security-Auditing",Security,12545,8,,4634,"4634 - An account was logged off.",,,,,,,,,,,,,,,,,,null,null,,,,null,,,,,,,,,,,,,,,,,,,,,,,,,,,,null,,,,,,,,,,,,,,,,,,,,null,,,,,,,,,,,3,"3 - Network",,,,,,,,,,,,,,,,,,,,,,,,,,,,,,,,,,,,,,,,,,,,,,,,,,,,,,,,,,,,,,,,,,,,,,,,,,null,,,,,,,,,,,,,,,,,,,,"SJHS-NT\SysCenter-Action","SJHS-NT",,,,0x36ad1f4ce,,,,,,"SysCenter-Action","S-1-5-21-798254582-200106796-1537874043-169374",,,,,,,,,,,,,,,,,"63c77c3c-1ec2-4f06-9f6e-99edf6acfc9b","e8e825c3-8a3a-4582-9b34-c361578bd94c","00000000-0000-0000-0000-000000000001","2020-10-16T14:45:30.052Z","AOI-552b9630-b106-4fe7-a1fa-97d04a0010ef",SecurityEvent,
"552b9630-b106-4fe7-a1fa-97d04a0010ef","2020-10-16T14:45:28.723Z",OpsManager,"SJHS-NT\SysCenter-Action",User,"ADSAPPVP-010.stjoe.org","Microsoft-Windows-Security-Auditing",Security,12545,8,,4634,"4634 - An account was logged off.",,,,,,,,,,,,,,,,,,null,null,,,,null,,,,,,,,,,,,,,,,,,,,,,,,,,,,null,,,,,,,,,,,,,,,,,,,,null,,,,,,,,,,,3,"3 - Network",,,,,,,,,,,,,,,,,,,,,,,,,,,,,,,,,,,,,,,,,,,,,,,,,,,,,,,,,,,,,,,,,,,,,,,,,,null,,,,,,,,,,,,,,,,,,,,"SJHS-NT\SysCenter-Action","SJHS-NT",,,,0x36ad088d3,,,,,,"SysCenter-Action","S-1-5-21-798254582-200106796-1537874043-169374",,,,,,,,,,,,,,,,,"63c77c3c-1ec2-4f06-9f6e-99edf6acfc9b","c7154f9a-e005-4b7f-9684-68bb3e974dfa","00000000-0000-0000-0000-000000000001","2020-10-16T14:45:30.052Z","AOI-552b9630-b106-4fe7-a1fa-97d04a0010ef",SecurityEvent,
"552b9630-b106-4fe7-a1fa-97d04a0010ef","2020-10-16T14:45:28.723Z",OpsManager,"SJHS-NT\SysCenter-Action",User,"ADSAPPVP-010.stjoe.org","Microsoft-Windows-Security-Auditing",Security,12545,8,,4634,"4634 - An account was logged off.",,,,,,,,,,,,,,,,,,null,null,,,,null,,,,,,,,,,,,,,,,,,,,,,,,,,,,null,,,,,,,,,,,,,,,,,,,,null,,,,,,,,,,,3,"3 - Network",,,,,,,,,,,,,,,,,,,,,,,,,,,,,,,,,,,,,,,,,,,,,,,,,,,,,,,,,,,,,,,,,,,,,,,,,,null,,,,,,,,,,,,,,,,,,,,"SJHS-NT\SysCenter-Action","SJHS-NT",,,,0x36ad1b6c1,,,,,,"SysCenter-Action","S-1-5-21-798254582-200106796-1537874043-169374",,,,,,,,,,,,,,,,,"63c77c3c-1ec2-4f06-9f6e-99edf6acfc9b","8e991be6-2469-41c8-9bad-90728e938926","00000000-0000-0000-0000-000000000001","2020-10-16T14:45:30.052Z","AOI-552b9630-b106-4fe7-a1fa-97d04a0010ef",SecurityEvent,
"552b9630-b106-4fe7-a1fa-97d04a0010ef","2020-10-16T14:45:28.723Z",OpsManager,"SJHS-NT\SysCenter-Action",User,"ADSAPPVP-010.stjoe.org","Microsoft-Windows-Security-Auditing",Security,12545,8,,4634,"4634 - An account was logged off.",,,,,,,,,,,,,,,,,,null,null,,,,null,,,,,,,,,,,,,,,,,,,,,,,,,,,,null,,,,,,,,,,,,,,,,,,,,null,,,,,,,,,,,3,"3 - Network",,,,,,,,,,,,,,,,,,,,,,,,,,,,,,,,,,,,,,,,,,,,,,,,,,,,,,,,,,,,,,,,,,,,,,,,,,null,,,,,,,,,,,,,,,,,,,,"SJHS-NT\SysCenter-Action","SJHS-NT",,,,0x36ad09d4b,,,,,,"SysCenter-Action","S-1-5-21-798254582-200106796-1537874043-169374",,,,,,,,,,,,,,,,,"63c77c3c-1ec2-4f06-9f6e-99edf6acfc9b","6bf1999c-255c-4f0d-9721-04be6815daf4","00000000-0000-0000-0000-000000000001","2020-10-16T14:45:30.052Z","AOI-552b9630-b106-4fe7-a1fa-97d04a0010ef",SecurityEvent,
"552b9630-b106-4fe7-a1fa-97d04a0010ef","2020-10-16T14:45:28.723Z",OpsManager,"SJHS-NT\SysCenter-Action",User,"ADSAPPVP-010.stjoe.org","Microsoft-Windows-Security-Auditing",Security,12545,8,,4634,"4634 - An account was logged off.",,,,,,,,,,,,,,,,,,null,null,,,,null,,,,,,,,,,,,,,,,,,,,,,,,,,,,null,,,,,,,,,,,,,,,,,,,,null,,,,,,,,,,,3,"3 - Network",,,,,,,,,,,,,,,,,,,,,,,,,,,,,,,,,,,,,,,,,,,,,,,,,,,,,,,,,,,,,,,,,,,,,,,,,,null,,,,,,,,,,,,,,,,,,,,"SJHS-NT\SysCenter-Action","SJHS-NT",,,,0x36ad1e0ea,,,,,,"SysCenter-Action","S-1-5-21-798254582-200106796-1537874043-169374",,,,,,,,,,,,,,,,,"63c77c3c-1ec2-4f06-9f6e-99edf6acfc9b","5c04fbbd-5a75-4737-b6c3-d6566e7a4a53","00000000-0000-0000-0000-000000000001","2020-10-16T14:45:30.052Z","AOI-552b9630-b106-4fe7-a1fa-97d04a0010ef",SecurityEvent,
"552b9630-b106-4fe7-a1fa-97d04a0010ef","2020-10-16T14:45:28.723Z",OpsManager,"SJHS-NT\SysCenter-Action",User,"ADSAPPVP-010.stjoe.org","Microsoft-Windows-Security-Auditing",Security,12545,8,,4634,"4634 - An account was logged off.",,,,,,,,,,,,,,,,,,null,null,,,,null,,,,,,,,,,,,,,,,,,,,,,,,,,,,null,,,,,,,,,,,,,,,,,,,,null,,,,,,,,,,,3,"3 - Network",,,,,,,,,,,,,,,,,,,,,,,,,,,,,,,,,,,,,,,,,,,,,,,,,,,,,,,,,,,,,,,,,,,,,,,,,,null,,,,,,,,,,,,,,,,,,,,"SJHS-NT\SysCenter-Action","SJHS-NT",,,,0x36ad09a46,,,,,,"SysCenter-Action","S-1-5-21-798254582-200106796-1537874043-169374",,,,,,,,,,,,,,,,,"63c77c3c-1ec2-4f06-9f6e-99edf6acfc9b","b01efa62-ae9f-40e9-b1b9-d6abae784914","00000000-0000-0000-0000-000000000001","2020-10-16T14:45:30.052Z","AOI-552b9630-b106-4fe7-a1fa-97d04a0010ef",SecurityEvent,
"552b9630-b106-4fe7-a1fa-97d04a0010ef","2020-10-16T14:45:28.723Z",OpsManager,"SJHS-NT\SysCenter-Action",User,"ADSAPPVP-010.stjoe.org","Microsoft-Windows-Security-Auditing",Security,12545,8,,4634,"4634 - An account was logged off.",,,,,,,,,,,,,,,,,,null,null,,,,null,,,,,,,,,,,,,,,,,,,,,,,,,,,,null,,,,,,,,,,,,,,,,,,,,null,,,,,,,,,,,3,"3 - Network",,,,,,,,,,,,,,,,,,,,,,,,,,,,,,,,,,,,,,,,,,,,,,,,,,,,,,,,,,,,,,,,,,,,,,,,,,null,,,,,,,,,,,,,,,,,,,,"SJHS-NT\SysCenter-Action","SJHS-NT",,,,0x36ad09d5f,,,,,,"SysCenter-Action","S-1-5-21-798254582-200106796-1537874043-169374",,,,,,,,,,,,,,,,,"63c77c3c-1ec2-4f06-9f6e-99edf6acfc9b","d9f667d6-0ed9-43f5-b48f-ef927f30587c","00000000-0000-0000-0000-000000000001","2020-10-16T14:45:30.052Z","AOI-552b9630-b106-4fe7-a1fa-97d04a0010ef",SecurityEvent,
"552b9630-b106-4fe7-a1fa-97d04a0010ef","2020-10-16T14:45:28.723Z",OpsManager,"SJHS-NT\SysCenter-Action",User,"ADSAPPVP-010.stjoe.org","Microsoft-Windows-Security-Auditing",Security,12545,8,,4634,"4634 - An account was logged off.",,,,,,,,,,,,,,,,,,null,null,,,,null,,,,,,,,,,,,,,,,,,,,,,,,,,,,null,,,,,,,,,,,,,,,,,,,,null,,,,,,,,,,,3,"3 - Network",,,,,,,,,,,,,,,,,,,,,,,,,,,,,,,,,,,,,,,,,,,,,,,,,,,,,,,,,,,,,,,,,,,,,,,,,,null,,,,,,,,,,,,,,,,,,,,"SJHS-NT\SysCenter-Action","SJHS-NT",,,,0x36ad09cf2,,,,,,"SysCenter-Action","S-1-5-21-798254582-200106796-1537874043-169374",,,,,,,,,,,,,,,,,"63c77c3c-1ec2-4f06-9f6e-99edf6acfc9b","a7315129-516e-4241-a663-52eb4e0393d9","00000000-0000-0000-0000-000000000001","2020-10-16T14:45:30.052Z","AOI-552b9630-b106-4fe7-a1fa-97d04a0010ef",SecurityEvent,
"552b9630-b106-4fe7-a1fa-97d04a0010ef","2020-10-16T14:45:28.723Z",OpsManager,"SJHS-NT\SysCenter-Action",User,"ADSAPPVP-010.stjoe.org","Microsoft-Windows-Security-Auditing",Security,12545,8,,4634,"4634 - An account was logged off.",,,,,,,,,,,,,,,,,,null,null,,,,null,,,,,,,,,,,,,,,,,,,,,,,,,,,,null,,,,,,,,,,,,,,,,,,,,null,,,,,,,,,,,3,"3 - Network",,,,,,,,,,,,,,,,,,,,,,,,,,,,,,,,,,,,,,,,,,,,,,,,,,,,,,,,,,,,,,,,,,,,,,,,,,null,,,,,,,,,,,,,,,,,,,,"SJHS-NT\SysCenter-Action","SJHS-NT",,,,0x36ad17410,,,,,,"SysCenter-Action","S-1-5-21-798254582-200106796-1537874043-169374",,,,,,,,,,,,,,,,,"63c77c3c-1ec2-4f06-9f6e-99edf6acfc9b","b53ec705-1c44-48d1-a539-7e336f92e348","00000000-0000-0000-0000-000000000001","2020-10-16T14:45:30.052Z","AOI-552b9630-b106-4fe7-a1fa-97d04a0010ef",SecurityEvent,
"552b9630-b106-4fe7-a1fa-97d04a0010ef","2020-10-16T14:45:28.723Z",OpsManager,"SJHS-NT\SysCenter-Action",User,"ADSAPPVP-010.stjoe.org","Microsoft-Windows-Security-Auditing",Security,12545,8,,4634,"4634 - An account was logged off.",,,,,,,,,,,,,,,,,,null,null,,,,null,,,,,,,,,,,,,,,,,,,,,,,,,,,,null,,,,,,,,,,,,,,,,,,,,null,,,,,,,,,,,3,"3 - Network",,,,,,,,,,,,,,,,,,,,,,,,,,,,,,,,,,,,,,,,,,,,,,,,,,,,,,,,,,,,,,,,,,,,,,,,,,null,,,,,,,,,,,,,,,,,,,,"SJHS-NT\SysCenter-Action","SJHS-NT",,,,0x36ad0ba59,,,,,,"SysCenter-Action","S-1-5-21-798254582-200106796-1537874043-169374",,,,,,,,,,,,,,,,,"63c77c3c-1ec2-4f06-9f6e-99edf6acfc9b","f117bf90-eb9e-4655-a797-c19b44ad3746","00000000-0000-0000-0000-000000000001","2020-10-16T14:45:30.052Z","AOI-552b9630-b106-4fe7-a1fa-97d04a0010ef",SecurityEvent,
"552b9630-b106-4fe7-a1fa-97d04a0010ef","2020-10-16T14:45:28.723Z",OpsManager,"SJHS-NT\SysCenter-Action",User,"ADSAPPVP-010.stjoe.org","Microsoft-Windows-Security-Auditing",Security,12545,8,,4634,"4634 - An account was logged off.",,,,,,,,,,,,,,,,,,null,null,,,,null,,,,,,,,,,,,,,,,,,,,,,,,,,,,null,,,,,,,,,,,,,,,,,,,,null,,,,,,,,,,,3,"3 - Network",,,,,,,,,,,,,,,,,,,,,,,,,,,,,,,,,,,,,,,,,,,,,,,,,,,,,,,,,,,,,,,,,,,,,,,,,,null,,,,,,,,,,,,,,,,,,,,"SJHS-NT\SysCenter-Action","SJHS-NT",,,,0x36ad0a69d,,,,,,"SysCenter-Action","S-1-5-21-798254582-200106796-1537874043-169374",,,,,,,,,,,,,,,,,"63c77c3c-1ec2-4f06-9f6e-99edf6acfc9b","1407f2e0-200a-4d97-b4f6-ffede041dabc","00000000-0000-0000-0000-000000000001","2020-10-16T14:45:30.052Z","AOI-552b9630-b106-4fe7-a1fa-97d04a0010ef",SecurityEvent,
"552b9630-b106-4fe7-a1fa-97d04a0010ef","2020-10-16T14:45:28.723Z",OpsManager,"SJHS-NT\SysCenter-Action",User,"ADSAPPVP-010.stjoe.org","Microsoft-Windows-Security-Auditing",Security,12545,8,,4634,"4634 - An account was logged off.",,,,,,,,,,,,,,,,,,null,null,,,,null,,,,,,,,,,,,,,,,,,,,,,,,,,,,null,,,,,,,,,,,,,,,,,,,,null,,,,,,,,,,,3,"3 - Network",,,,,,,,,,,,,,,,,,,,,,,,,,,,,,,,,,,,,,,,,,,,,,,,,,,,,,,,,,,,,,,,,,,,,,,,,,null,,,,,,,,,,,,,,,,,,,,"SJHS-NT\SysCenter-Action","SJHS-NT",,,,0x36ad0a48c,,,,,,"SysCenter-Action","S-1-5-21-798254582-200106796-1537874043-169374",,,,,,,,,,,,,,,,,"63c77c3c-1ec2-4f06-9f6e-99edf6acfc9b","8a307861-8efb-4c00-a5c1-e4876e2eb9eb","00000000-0000-0000-0000-000000000001","2020-10-16T14:45:30.052Z","AOI-552b9630-b106-4fe7-a1fa-97d04a0010ef",SecurityEvent,
"552b9630-b106-4fe7-a1fa-97d04a0010ef","2020-10-16T14:45:28.723Z",OpsManager,"SJHS-NT\RENAUXSL",User,"ADSAPPVP-010.stjoe.org","Microsoft-Windows-Security-Auditing",Security,12545,8,,4634,"4634 - An account was logged off.",,,,,,,,,,,,,,,,,,null,null,,,,null,,,,,,,,,,,,,,,,,,,,,,,,,,,,null,,,,,,,,,,,,,,,,,,,,null,,,,,,,,,,,3,"3 - Network",,,,,,,,,,,,,,,,,,,,,,,,,,,,,,,,,,,,,,,,,,,,,,,,,,,,,,,,,,,,,,,,,,,,,,,,,,null,,,,,,,,,,,,,,,,,,,,"SJHS-NT\RENAUXSL","SJHS-NT",,,,0x36ad1ff22,,,,,,RENAUXSL,"S-1-5-21-798254582-200106796-1537874043-27524",,,,,,,,,,,,,,,,,"63c77c3c-1ec2-4f06-9f6e-99edf6acfc9b","b0208944-5254-44d6-9645-3ea66896cf07","00000000-0000-0000-0000-000000000001","2020-10-16T14:45:30.052Z","AOI-552b9630-b106-4fe7-a1fa-97d04a0010ef",SecurityEvent,
"552b9630-b106-4fe7-a1fa-97d04a0010ef","2020-10-16T14:45:28.74Z",OpsManager,"SJHS-NT\SJO-CM-BFLGYR1$",Machine,"ADSAPPVP-010.stjoe.org","Microsoft-Windows-Security-Auditing",Security,12544,8,,4624,"4624 - An account was successfully logged on.",,,,,,,,,,,,,,,,,,null,null,Kerberos,,,null,,,,,,,,,,,,,,,,,,,,,,,,,,,,null,,,,,,,,,,,,,,,,"%%1833",,"156.72.8.227",55911,0,"-",,,,,,"523be745-31a9-cc8b-8d11-9816a8a0e59e",,,Kerberos,3,"3 - Network",,,,,,,,,,,,,,,,,,,,,,,,,,,,,,,,,,,,,,,,,,,,,,,,,"-",0x0,"-",,,,,,,,,,,,,,,,,,,,,,,null,,,,,,,"-\-",,,,"-",,0x0,,,"-","S-1-0-0",,,"SJHS-NT\SJO-CM-BFLGYR1$","SJHS-NT",,,,0x36ad2001d,,,,,,"SJO-CM-BFLGYR1$","S-1-5-21-798254582-200106796-1537874043-704673",,,,,,,,"-",,,,,,,,"-","63c77c3c-1ec2-4f06-9f6e-99edf6acfc9b","9f1c680d-188e-4b3c-9500-027a062ff4ff","00000000-0000-0000-0000-000000000001","2020-10-16T14:45:30.052Z","AOI-552b9630-b106-4fe7-a1fa-97d04a0010ef",SecurityEvent,
"552b9630-b106-4fe7-a1fa-97d04a0010ef","2020-10-16T14:45:28.74Z",OpsManager,"SJHS-NT\HHF-SS7-1B2ZPHZ$",Machine,"ADSAPPVP-010.stjoe.org","Microsoft-Windows-Security-Auditing",Security,12545,8,,4634,"4634 - An account was logged off.",,,,,,,,,,,,,,,,,,null,null,,,,null,,,,,,,,,,,,,,,,,,,,,,,,,,,,null,,,,,,,,,,,,,,,,,,,,null,,,,,,,,,,,3,"3 - Network",,,,,,,,,,,,,,,,,,,,,,,,,,,,,,,,,,,,,,,,,,,,,,,,,,,,,,,,,,,,,,,,,,,,,,,,,,null,,,,,,,,,,,,,,,,,,,,"SJHS-NT\HHF-SS7-1B2ZPHZ$","SJHS-NT",,,,0x36ad1260e,,,,,,"HHF-SS7-1B2ZPHZ$","S-1-5-21-798254582-200106796-1537874043-727354",,,,,,,,,,,,,,,,,"63c77c3c-1ec2-4f06-9f6e-99edf6acfc9b","1b45748e-cc71-4e92-a590-223bf61d9502","00000000-0000-0000-0000-000000000001","2020-10-16T14:45:30.052Z","AOI-552b9630-b106-4fe7-a1fa-97d04a0010ef",SecurityEvent,
"552b9630-b106-4fe7-a1fa-97d04a0010ef","2020-10-16T14:45:28.74Z",OpsManager,,,"ADSAPPVP-010.stjoe.org","Microsoft-Windows-Security-Auditing",Security,14336,16,"<EventData xmlns=""http://schemas.microsoft.com/win/2004/08/events/event"">
  <Data Name=""PackageName"">MICROSOFT_AUTHENTICATION_PACKAGE_V1_0</Data>
  <Data Name=""TargetUserName"">SJF-BED-PHILIPS@stjoe.org</Data>
  <Data Name=""Workstation"">\\ACSAPPVP-003</Data>
  <Data Name=""Status"">0xc0000064</Data>
</EventData>",4776,"4776 - The domain controller attempted to validate the credentials for an account.",,,,,,,,,,,,,,,,,,null,null,,,,null,,,,,,,,,,,,,,,,,,,,,,,,,,,,null,,,,,,,,,,,,,,,,,,,,null,,,,,,,,,,,null,,,,,,,,,,,,,,,,,,,,,,,,,,,,,,,,,,,,,,,,"MICROSOFT_AUTHENTICATION_PACKAGE_V1_0",,,,,,,,,,,,,,,,,,,,,,,,,,,,,,,,,,,null,,,,,,0xc0000064,,,,,,,,,,,,,,"SJF-BED-PHILIPS@stjoe.org",,,,,,,,,,,"SJF-BED-PHILIPS@stjoe.org",,,,,,,,,,,,,,,,"\\ACSAPPVP-003",,"63c77c3c-1ec2-4f06-9f6e-99edf6acfc9b","e0270b97-b682-424b-b4f6-86e608b7687e","00000000-0000-0000-0000-000000000001","2020-10-16T14:45:30.052Z","AOI-552b9630-b106-4fe7-a1fa-97d04a0010ef",SecurityEvent,
"552b9630-b106-4fe7-a1fa-97d04a0010ef","2020-10-16T14:45:28.74Z",OpsManager,,,"ADSAPPVP-010.stjoe.org","Microsoft-Windows-Security-Auditing",Security,14336,8,"<EventData xmlns=""http://schemas.microsoft.com/win/2004/08/events/event"">
  <Data Name=""PackageName"">MICROSOFT_AUTHENTICATION_PACKAGE_V1_0</Data>
  <Data Name=""TargetUserName"">SJF-BED-PHILIPS@stjoe.org</Data>
  <Data Name=""Workstation"">\\ACSAPPVP-003</Data>
  <Data Name=""Status"">0x0</Data>
</EventData>",4776,"4776 - The domain controller attempted to validate the credentials for an account.",,,,,,,,,,,,,,,,,,null,null,,,,null,,,,,,,,,,,,,,,,,,,,,,,,,,,,null,,,,,,,,,,,,,,,,,,,,null,,,,,,,,,,,null,,,,,,,,,,,,,,,,,,,,,,,,,,,,,,,,,,,,,,,,"MICROSOFT_AUTHENTICATION_PACKAGE_V1_0",,,,,,,,,,,,,,,,,,,,,,,,,,,,,,,,,,,null,,,,,,0x0,,,,,,,,,,,,,,"SJF-BED-PHILIPS@stjoe.org",,,,,,,,,,,"SJF-BED-PHILIPS@stjoe.org",,,,,,,,,,,,,,,,"\\ACSAPPVP-003",,"63c77c3c-1ec2-4f06-9f6e-99edf6acfc9b","d4e7c7e5-1435-45ff-ad1c-6f005abf5552","00000000-0000-0000-0000-000000000001","2020-10-16T14:45:30.052Z","AOI-552b9630-b106-4fe7-a1fa-97d04a0010ef",SecurityEvent,
"552b9630-b106-4fe7-a1fa-97d04a0010ef","2020-10-16T14:45:28.74Z",OpsManager,,,"ADSAPPVP-010.stjoe.org","Microsoft-Windows-Security-Auditing",Security,14337,8,"<EventData xmlns=""http://schemas.microsoft.com/win/2004/08/events/event"">
  <Data Name=""TargetUserName"">AMG-DIN-H6138M2$@STJOE.ORG</Data>
  <Data Name=""TargetDomainName"">STJOE.ORG</Data>
  <Data Name=""ServiceName"">AD.PROVIDENCE.ORG</Data>
  <Data Name=""ServiceSid"">S-1-5-21-798254582-200106796-1537874043-0</Data>
  <Data Name=""TicketOptions"">0x40810000</Data>
  <Data Name=""TicketEncryptionType"">0x12</Data>
  <Data Name=""IpAddress"">::ffff:156.72.53.207</Data>
  <Data Name=""IpPort"">63503</Data>
  <Data Name=""Status"">0x0</Data>
  <Data Name=""LogonGuid"">{3AB93BB3-1D07-1206-09E6-79565C60FD95}</Data>
  <Data Name=""TransmittedServices"">-</Data>
</EventData>",4769,"4769 - A Kerberos service ticket was requested.",,,,,,,,,,,,,,,,,,null,null,,,,null,,,,,,,,,,,,,,,,,,,,,,,,,,,,null,,,,,,,,,,,,,,,,,,,,null,,,,,,,,,,,null,,,,,,,,,,,,,,,,,,,,,,,,,,,,,,,,,,,,,,,,,,,,,,,,,,,,,,,,,,,,,,,,,,,,,,,,,,,null,,,,,,,,,,,,,,,,,,,,,,,,,,,,,,,,,,,,,,,,,,,,,,,,,"63c77c3c-1ec2-4f06-9f6e-99edf6acfc9b","20159611-a134-487a-b8af-1cc91a844aa3","00000000-0000-0000-0000-000000000001","2020-10-16T14:45:30.052Z","AOI-552b9630-b106-4fe7-a1fa-97d04a0010ef",SecurityEvent,
"552b9630-b106-4fe7-a1fa-97d04a0010ef","2020-10-16T14:45:28.757Z",OpsManager,"SJHS-NT\SJO-CM-BFLGYR1$",Machine,"ADSAPPVP-010.stjoe.org","Microsoft-Windows-Security-Auditing",Security,12545,8,,4634,"4634 - An account was logged off.",,,,,,,,,,,,,,,,,,null,null,,,,null,,,,,,,,,,,,,,,,,,,,,,,,,,,,null,,,,,,,,,,,,,,,,,,,,null,,,,,,,,,,,3,"3 - Network",,,,,,,,,,,,,,,,,,,,,,,,,,,,,,,,,,,,,,,,,,,,,,,,,,,,,,,,,,,,,,,,,,,,,,,,,,null,,,,,,,,,,,,,,,,,,,,"SJHS-NT\SJO-CM-BFLGYR1$","SJHS-NT",,,,0x36ad1ffa9,,,,,,"SJO-CM-BFLGYR1$","S-1-5-21-798254582-200106796-1537874043-704673",,,,,,,,,,,,,,,,,"63c77c3c-1ec2-4f06-9f6e-99edf6acfc9b","4d336272-faec-4f72-b8ea-0b7a932dfb13","00000000-0000-0000-0000-000000000001","2020-10-16T14:45:30.052Z","AOI-552b9630-b106-4fe7-a1fa-97d04a0010ef",SecurityEvent,
"552b9630-b106-4fe7-a1fa-97d04a0010ef","2020-10-16T14:45:28.757Z",OpsManager,"SJHS-NT\SJO-CM-BFLGYR1$",Machine,"ADSAPPVP-010.stjoe.org","Microsoft-Windows-Security-Auditing",Security,12545,8,,4634,"4634 - An account was logged off.",,,,,,,,,,,,,,,,,,null,null,,,,null,,,,,,,,,,,,,,,,,,,,,,,,,,,,null,,,,,,,,,,,,,,,,,,,,null,,,,,,,,,,,3,"3 - Network",,,,,,,,,,,,,,,,,,,,,,,,,,,,,,,,,,,,,,,,,,,,,,,,,,,,,,,,,,,,,,,,,,,,,,,,,,null,,,,,,,,,,,,,,,,,,,,"SJHS-NT\SJO-CM-BFLGYR1$","SJHS-NT",,,,0x36ad2001d,,,,,,"SJO-CM-BFLGYR1$","S-1-5-21-798254582-200106796-1537874043-704673",,,,,,,,,,,,,,,,,"63c77c3c-1ec2-4f06-9f6e-99edf6acfc9b","b674ad49-13f5-4004-8161-b0abb9cbf9b7","00000000-0000-0000-0000-000000000001","2020-10-16T14:45:30.052Z","AOI-552b9630-b106-4fe7-a1fa-97d04a0010ef",SecurityEvent,
"552b9630-b106-4fe7-a1fa-97d04a0010ef","2020-10-16T14:45:28.757Z",OpsManager,,,"ADSAPPVP-010.stjoe.org","Microsoft-Windows-Security-Auditing",Security,14337,8,"<EventData xmlns=""http://schemas.microsoft.com/win/2004/08/events/event"">
  <Data Name=""TargetUserName"">hessiank1@STJOE.ORG</Data>
  <Data Name=""TargetDomainName"">STJOE.ORG</Data>
  <Data Name=""ServiceName"">CCMAPPVP-005$</Data>
  <Data Name=""ServiceSid"">S-1-5-21-798254582-200106796-1537874043-572347</Data>
  <Data Name=""TicketOptions"">0x40810000</Data>
  <Data Name=""TicketEncryptionType"">0x12</Data>
  <Data Name=""IpAddress"">::ffff:156.72.137.117</Data>
  <Data Name=""IpPort"">64048</Data>
  <Data Name=""Status"">0x0</Data>
  <Data Name=""LogonGuid"">{A0239CE1-D87A-56CD-A749-000F7712A041}</Data>
  <Data Name=""TransmittedServices"">-</Data>
</EventData>",4769,"4769 - A Kerberos service ticket was requested.",,,,,,,,,,,,,,,,,,null,null,,,,null,,,,,,,,,,,,,,,,,,,,,,,,,,,,null,,,,,,,,,,,,,,,,,,,,null,,,,,,,,,,,null,,,,,,,,,,,,,,,,,,,,,,,,,,,,,,,,,,,,,,,,,,,,,,,,,,,,,,,,,,,,,,,,,,,,,,,,,,,null,,,,,,,,,,,,,,,,,,,,,,,,,,,,,,,,,,,,,,,,,,,,,,,,,"63c77c3c-1ec2-4f06-9f6e-99edf6acfc9b","98e8dfaf-bafb-4a7a-85c5-fed3739cf605","00000000-0000-0000-0000-000000000001","2020-10-16T14:45:30.052Z","AOI-552b9630-b106-4fe7-a1fa-97d04a0010ef",SecurityEvent,
"552b9630-b106-4fe7-a1fa-97d04a0010ef","2020-10-16T14:45:28.77Z",OpsManager,"SJHS-NT\ONCENTRA-PC$",Machine,"ADSAPPVP-010.stjoe.org","Microsoft-Windows-Security-Auditing",Security,12544,8,,4624,"4624 - An account was successfully logged on.",,,,,,,,,,,,,,,,,,null,null,Kerberos,,,null,,,,,,,,,,,,,,,,,,,,,,,,,,,,null,,,,,,,,,,,,,,,,"%%1833",,"10.156.240.47",56151,0,"-",,,,,,"f0304110-546a-751a-a21f-62a0975e6010",,,Kerberos,3,"3 - Network",,,,,,,,,,,,,,,,,,,,,,,,,,,,,,,,,,,,,,,,,,,,,,,,,"-",0x0,"-",,,,,,,,,,,,,,,,,,,,,,,null,,,,,,,"-\-",,,,"-",,0x0,,,"-","S-1-0-0",,,"SJHS-NT\ONCENTRA-PC$","SJHS-NT",,,,0x36ad20049,,,,,,"ONCENTRA-PC$","S-1-5-21-798254582-200106796-1537874043-652989",,,,,,,,"-",,,,,,,,"-","63c77c3c-1ec2-4f06-9f6e-99edf6acfc9b","24210c4e-b258-4fce-83b2-21b9f706a09d","00000000-0000-0000-0000-000000000001","2020-10-16T14:45:30.052Z","AOI-552b9630-b106-4fe7-a1fa-97d04a0010ef",SecurityEvent,
"552b9630-b106-4fe7-a1fa-97d04a0010ef","2020-10-16T14:45:28.787Z",OpsManager,"SJHS-NT\brianda.munoz",User,"ADSAPPVP-010.stjoe.org","Microsoft-Windows-Security-Auditing",Security,12545,8,,4634,"4634 - An account was logged off.",,,,,,,,,,,,,,,,,,null,null,,,,null,,,,,,,,,,,,,,,,,,,,,,,,,,,,null,,,,,,,,,,,,,,,,,,,,null,,,,,,,,,,,3,"3 - Network",,,,,,,,,,,,,,,,,,,,,,,,,,,,,,,,,,,,,,,,,,,,,,,,,,,,,,,,,,,,,,,,,,,,,,,,,,null,,,,,,,,,,,,,,,,,,,,"SJHS-NT\brianda.munoz","SJHS-NT",,,,0x36ad10cc0,,,,,,"brianda.munoz","S-1-5-21-798254582-200106796-1537874043-784369",,,,,,,,,,,,,,,,,"63c77c3c-1ec2-4f06-9f6e-99edf6acfc9b","5d61377f-ce83-4651-852d-0383610c54f5","00000000-0000-0000-0000-000000000001","2020-10-16T14:45:30.052Z","AOI-552b9630-b106-4fe7-a1fa-97d04a0010ef",SecurityEvent,
"552b9630-b106-4fe7-a1fa-97d04a0010ef","2020-10-16T14:45:28.787Z",OpsManager,,,"ADSAPPVP-010.stjoe.org","Microsoft-Windows-Security-Auditing",Security,14339,8,"<EventData xmlns=""http://schemas.microsoft.com/win/2004/08/events/event"">
  <Data Name=""TargetUserName"">TWSupp1SVC</Data>
  <Data Name=""TargetDomainName"">SJHS-NT</Data>
  <Data Name=""TargetSid"">S-1-5-21-798254582-200106796-1537874043-176573</Data>
  <Data Name=""ServiceName"">krbtgt</Data>
  <Data Name=""ServiceSid"">S-1-5-21-798254582-200106796-1537874043-502</Data>
  <Data Name=""TicketOptions"">0x40810010</Data>
  <Data Name=""Status"">0x0</Data>
  <Data Name=""TicketEncryptionType"">0x12</Data>
  <Data Name=""PreAuthType"">2</Data>
  <Data Name=""IpAddress"">::ffff:10.250.118.179</Data>
  <Data Name=""IpPort"">56743</Data>
  <Data Name=""CertIssuerName""></Data>
  <Data Name=""CertSerialNumber""></Data>
  <Data Name=""CertThumbprint""></Data>
</EventData>",4768,"4768 - A Kerberos authentication ticket (TGT) was requested.",,,,,,,,,,,,,,,,,,null,null,,,,null,,,,,,,,,,,,,,,,,,,,,,,,,,,,null,,,,,,,,,,,,,,,,,,"::ffff:10.250.118.179",56743,null,,,,,,,,,,,null,,,,,,,,,,,,,,,,,,,,,,,,,,,,,,,,,,,,,,,,,,,,,,,,,,,,,,,,,,,,,,,,,,,,,,,,,,krbtgt,null,,,,,,0x0,,,,,,,,,,,,,,"SJHS-NT\TWSupp1SVC","SJHS-NT",,,,,,,,"S-1-5-21-798254582-200106796-1537874043-176573",,TWSupp1SVC,,,,,,,,,,,,,,,,,,"63c77c3c-1ec2-4f06-9f6e-99edf6acfc9b","257c2c30-f1c3-48d1-922e-7dc12bd94758","00000000-0000-0000-0000-000000000001","2020-10-16T14:45:30.052Z","AOI-552b9630-b106-4fe7-a1fa-97d04a0010ef",SecurityEvent,
"552b9630-b106-4fe7-a1fa-97d04a0010ef","2020-10-16T14:45:28.803Z",OpsManager,"SJHS-NT\SJO-CM-BFLGYR1$",Machine,"ADSAPPVP-010.stjoe.org","Microsoft-Windows-Security-Auditing",Security,12544,8,,4624,"4624 - An account was successfully logged on.",,,,,,,,,,,,,,,,,,null,null,Kerberos,,,null,,,,,,,,,,,,,,,,,,,,,,,,,,,,null,,,,,,,,,,,,,,,,"%%1833",,"156.72.8.227",55913,0,"-",,,,,,"523be745-31a9-cc8b-8d11-9816a8a0e59e",,,Kerberos,3,"3 - Network",,,,,,,,,,,,,,,,,,,,,,,,,,,,,,,,,,,,,,,,,,,,,,,,,"-",0x0,"-",,,,,,,,,,,,,,,,,,,,,,,null,,,,,,,"-\-",,,,"-",,0x0,,,"-","S-1-0-0",,,"SJHS-NT\SJO-CM-BFLGYR1$","SJHS-NT",,,,0x36ad20076,,,,,,"SJO-CM-BFLGYR1$","S-1-5-21-798254582-200106796-1537874043-704673",,,,,,,,"-",,,,,,,,"-","63c77c3c-1ec2-4f06-9f6e-99edf6acfc9b","c976a52c-d06a-42ad-8b5b-7975cc96fa95","00000000-0000-0000-0000-000000000001","2020-10-16T14:45:30.052Z","AOI-552b9630-b106-4fe7-a1fa-97d04a0010ef",SecurityEvent,
"552b9630-b106-4fe7-a1fa-97d04a0010ef","2020-10-16T14:45:28.803Z",OpsManager,"SJHS-NT\CTXSFT102-VP$",Machine,"ADSAPPVP-010.stjoe.org","Microsoft-Windows-Security-Auditing",Security,12544,8,,4624,"4624 - An account was successfully logged on.",,,,,,,,,,,,,,,,,,null,null,Kerberos,,,null,,,,,,,,,,,,,,,,,,,,,,,,,,,,null,,,,,,,,,,,,,,,,"%%1833",,"10.249.3.54",54070,0,"-",,,,,,"9262e174-e889-6214-0203-485276e10291",,,Kerberos,3,"3 - Network",,,,,,,,,,,,,,,,,,,,,,,,,,,,,,,,,,,,,,,,,,,,,,,,,"-",0x0,"-",,,,,,,,,,,,,,,,,,,,,,,null,,,,,,,"-\-",,,,"-",,0x0,,,"-","S-1-0-0",,,"SJHS-NT\CTXSFT102-VP$","SJHS-NT",,,,0x36ad20077,,,,,,"CTXSFT102-VP$","S-1-5-21-798254582-200106796-1537874043-327063",,,,,,,,"-",,,,,,,,"-","63c77c3c-1ec2-4f06-9f6e-99edf6acfc9b","7ed3fdf2-7de4-49e6-9495-edffb768a536","00000000-0000-0000-0000-000000000001","2020-10-16T14:45:30.052Z","AOI-552b9630-b106-4fe7-a1fa-97d04a0010ef",SecurityEvent,
"552b9630-b106-4fe7-a1fa-97d04a0010ef","2020-10-16T14:45:28.803Z",OpsManager,,,"ADSAPPVP-010.stjoe.org","Microsoft-Windows-Security-Auditing",Security,14337,8,"<EventData xmlns=""http://schemas.microsoft.com/win/2004/08/events/event"">
  <Data Name=""TargetUserName"">TWSupp1SVC@STJOE.ORG</Data>
  <Data Name=""TargetDomainName"">STJOE.ORG</Data>
  <Data Name=""ServiceName"">TWKDBSVS-001$</Data>
  <Data Name=""ServiceSid"">S-1-5-21-798254582-200106796-1537874043-436440</Data>
  <Data Name=""TicketOptions"">0x40810000</Data>
  <Data Name=""TicketEncryptionType"">0x12</Data>
  <Data Name=""IpAddress"">::ffff:10.250.118.179</Data>
  <Data Name=""IpPort"">56744</Data>
  <Data Name=""Status"">0x0</Data>
  <Data Name=""LogonGuid"">{D0579D7E-A533-6E03-53FE-9825E7D680A7}</Data>
  <Data Name=""TransmittedServices"">-</Data>
</EventData>",4769,"4769 - A Kerberos service ticket was requested.",,,,,,,,,,,,,,,,,,null,null,,,,null,,,,,,,,,,,,,,,,,,,,,,,,,,,,null,,,,,,,,,,,,,,,,,,,,null,,,,,,,,,,,null,,,,,,,,,,,,,,,,,,,,,,,,,,,,,,,,,,,,,,,,,,,,,,,,,,,,,,,,,,,,,,,,,,,,,,,,,,,null,,,,,,,,,,,,,,,,,,,,,,,,,,,,,,,,,,,,,,,,,,,,,,,,,"63c77c3c-1ec2-4f06-9f6e-99edf6acfc9b","cd41b1db-12b1-421c-8c7e-5f255a02240b","00000000-0000-0000-0000-000000000001","2020-10-16T14:45:30.052Z","AOI-552b9630-b106-4fe7-a1fa-97d04a0010ef",SecurityEvent,
"552b9630-b106-4fe7-a1fa-97d04a0010ef","2020-10-16T14:45:28.803Z",OpsManager,"SJHS-NT\CTXSFT102-VP$",Machine,"ADSAPPVP-010.stjoe.org","Microsoft-Windows-Security-Auditing",Security,12545,8,,4634,"4634 - An account was logged off.",,,,,,,,,,,,,,,,,,null,null,,,,null,,,,,,,,,,,,,,,,,,,,,,,,,,,,null,,,,,,,,,,,,,,,,,,,,null,,,,,,,,,,,3,"3 - Network",,,,,,,,,,,,,,,,,,,,,,,,,,,,,,,,,,,,,,,,,,,,,,,,,,,,,,,,,,,,,,,,,,,,,,,,,,null,,,,,,,,,,,,,,,,,,,,"SJHS-NT\CTXSFT102-VP$","SJHS-NT",,,,0x36ad20077,,,,,,"CTXSFT102-VP$","S-1-5-21-798254582-200106796-1537874043-327063",,,,,,,,,,,,,,,,,"63c77c3c-1ec2-4f06-9f6e-99edf6acfc9b","a131fd08-a140-464b-9bfa-095c0e1364ca","00000000-0000-0000-0000-000000000001","2020-10-16T14:45:30.052Z","AOI-552b9630-b106-4fe7-a1fa-97d04a0010ef",SecurityEvent,
"552b9630-b106-4fe7-a1fa-97d04a0010ef","2020-10-16T14:45:28.803Z",OpsManager,"SJHS-NT\CTXSFT102-VP$",Machine,"ADSAPPVP-010.stjoe.org","Microsoft-Windows-Security-Auditing",Security,12544,8,,4624,"4624 - An account was successfully logged on.",,,,,,,,,,,,,,,,,,null,null,Kerberos,,,null,,,,,,,,,,,,,,,,,,,,,,,,,,,,null,,,,,,,,,,,,,,,,"%%1833",,"10.249.3.54",54071,0,"-",,,,,,"9262e174-e889-6214-0203-485276e10291",,,Kerberos,3,"3 - Network",,,,,,,,,,,,,,,,,,,,,,,,,,,,,,,,,,,,,,,,,,,,,,,,,"-",0x0,"-",,,,,,,,,,,,,,,,,,,,,,,null,,,,,,,"-\-",,,,"-",,0x0,,,"-","S-1-0-0",,,"SJHS-NT\CTXSFT102-VP$","SJHS-NT",,,,0x36ad2009d,,,,,,"CTXSFT102-VP$","S-1-5-21-798254582-200106796-1537874043-327063",,,,,,,,"-",,,,,,,,"-","63c77c3c-1ec2-4f06-9f6e-99edf6acfc9b","51b698e7-1ad8-4e01-bff6-5652cf3a478e","00000000-0000-0000-0000-000000000001","2020-10-16T14:45:30.052Z","AOI-552b9630-b106-4fe7-a1fa-97d04a0010ef",SecurityEvent,
"552b9630-b106-4fe7-a1fa-97d04a0010ef","2020-10-16T14:45:28.803Z",OpsManager,"SJHS-NT\ONCENTRA-PC$",Machine,"ADSAPPVP-010.stjoe.org","Microsoft-Windows-Security-Auditing",Security,12545,8,,4634,"4634 - An account was logged off.",,,,,,,,,,,,,,,,,,null,null,,,,null,,,,,,,,,,,,,,,,,,,,,,,,,,,,null,,,,,,,,,,,,,,,,,,,,null,,,,,,,,,,,3,"3 - Network",,,,,,,,,,,,,,,,,,,,,,,,,,,,,,,,,,,,,,,,,,,,,,,,,,,,,,,,,,,,,,,,,,,,,,,,,,null,,,,,,,,,,,,,,,,,,,,"SJHS-NT\ONCENTRA-PC$","SJHS-NT",,,,0x36ad1ffb9,,,,,,"ONCENTRA-PC$","S-1-5-21-798254582-200106796-1537874043-652989",,,,,,,,,,,,,,,,,"63c77c3c-1ec2-4f06-9f6e-99edf6acfc9b","d0b22fb5-1e17-4d63-bafe-1764863c724b","00000000-0000-0000-0000-000000000001","2020-10-16T14:45:30.052Z","AOI-552b9630-b106-4fe7-a1fa-97d04a0010ef",SecurityEvent,
"552b9630-b106-4fe7-a1fa-97d04a0010ef","2020-10-16T14:45:28.817Z",OpsManager,"SJHS-NT\CTXSFT102-VP$",Machine,"ADSAPPVP-010.stjoe.org","Microsoft-Windows-Security-Auditing",Security,12545,8,,4634,"4634 - An account was logged off.",,,,,,,,,,,,,,,,,,null,null,,,,null,,,,,,,,,,,,,,,,,,,,,,,,,,,,null,,,,,,,,,,,,,,,,,,,,null,,,,,,,,,,,3,"3 - Network",,,,,,,,,,,,,,,,,,,,,,,,,,,,,,,,,,,,,,,,,,,,,,,,,,,,,,,,,,,,,,,,,,,,,,,,,,null,,,,,,,,,,,,,,,,,,,,"SJHS-NT\CTXSFT102-VP$","SJHS-NT",,,,0x36ad2009d,,,,,,"CTXSFT102-VP$","S-1-5-21-798254582-200106796-1537874043-327063",,,,,,,,,,,,,,,,,"63c77c3c-1ec2-4f06-9f6e-99edf6acfc9b","a2ca6443-a18d-4fd6-93c3-d2e93c6337a6","00000000-0000-0000-0000-000000000001","2020-10-16T14:45:30.052Z","AOI-552b9630-b106-4fe7-a1fa-97d04a0010ef",SecurityEvent,
