"552b9630-b106-4fe7-a1fa-97d04a0010ef","2020-10-16T14:45:25.867Z",OpsManager,"SJHS-NT\ADSAPPPP-018$",Machine,"ADSAPPPP-018.stjoe.org","Microsoft-Windows-Security-Auditing",Security,12544,8,,4648,"4648 - A logon was attempted using explicit credentials.",,,,,,,,,,,,,,,,,,null,null,,,,null,,,,,,,,,,,,,,,,,,,,,,,,,,,,null,,,,,,,,,,,,,,,,,,"10.250.109.232",33641,null,,,,,,,"856aec15-1888-c531-d745-c8fc0db98d81",,,,null,,,,,,,,,,,,,,,,,,,,,,,,,,,,,,,,,,,,,,,,,,,,,,,,,,"lsass.exe",0x334,"C:\Windows\System32\lsass.exe",,,,,,,,,,,,,,,,,,,,,,,null,,,,,,,"SJHS-NT\ADSAPPPP-018$",,,,"SJHS-NT",,0x3e7,,,"ADSAPPPP-018$","S-1-5-18",,,"SJHS-NT\BOSHAC1","SJHS-NT",localhost,,"00000000-0000-0000-0000-000000000000",,,,localhost,,,BOSHAC1,,,,,,,,,,,,,,,,,,"3d178505-6738-487b-8446-e606abdefd74","f06a63c4-203f-4ca5-85f3-a5e4e3338da0","00000000-0000-0000-0000-000000000001","2020-10-16T14:45:26.847Z","AOI-552b9630-b106-4fe7-a1fa-97d04a0010ef",SecurityEvent,
"552b9630-b106-4fe7-a1fa-97d04a0010ef","2020-10-16T14:45:25.867Z",OpsManager,"SJHS-NT\BOSHAC1",User,"ADSAPPPP-018.stjoe.org","Microsoft-Windows-Security-Auditing",Security,12544,8,,4624,"4624 - An account was successfully logged on.",,,,,,,,,,,,,,,,,,null,null,"MICROSOFT_AUTHENTICATION_PACKAGE_V1_0",,,null,,,,,,,,,,,,,,,,,,,,,,,,,,,,null,,,,,,,,,,,,,,,,"%%1833",,"10.250.109.232",33641,0,"-",,,,,,"00000000-0000-0000-0000-000000000000",,,"Advapi  ",3,"3 - Network",,,,,,,,,,,,,,,,,,,,,,,,,,,,,,,,,,,,,,,,,,,,,,,,,"lsass.exe",0x334,"C:\Windows\System32\lsass.exe",,,,,,,,,,,,,,,,,,,,,,,null,,,,,,,"SJHS-NT\ADSAPPPP-018$",,,,"SJHS-NT",,0x3e7,,,"ADSAPPPP-018$","S-1-5-18",,,"SJHS-NT\BOSHAC1","SJHS-NT",,,,0x3b02ba71e,,,,,,BOSHAC1,"S-1-5-21-798254582-200106796-1537874043-578972",,,,,,,,"-",,,,,,,,"ADSAPPPP-018","3d178505-6738-487b-8446-e606abdefd74","38b8f082-ea85-428a-abe5-8da9a185b90e","00000000-0000-0000-0000-000000000001","2020-10-16T14:45:26.847Z","AOI-552b9630-b106-4fe7-a1fa-97d04a0010ef",SecurityEvent,
"552b9630-b106-4fe7-a1fa-97d04a0010ef","2020-10-16T14:45:25.867Z",OpsManager,,,"ADSAPPPP-018.stjoe.org","Microsoft-Windows-Security-Auditing",Security,14339,16,"<EventData xmlns=""http://schemas.microsoft.com/win/2004/08/events/event"">
  <Data Name=""TargetUserName"">SVC-AzureAD-Connect</Data>
  <Data Name=""TargetSid"">S-1-5-21-798254582-200106796-1537874043-370654</Data>
  <Data Name=""ServiceName"">krbtgt/SJHS-NT</Data>
  <Data Name=""TicketOptions"">0x40810010</Data>
  <Data Name=""Status"">0x18</Data>
  <Data Name=""PreAuthType"">2</Data>
  <Data Name=""IpAddress"">::ffff:10.248.128.25</Data>
  <Data Name=""IpPort"">54275</Data>
  <Data Name=""CertIssuerName""></Data>
  <Data Name=""CertSerialNumber""></Data>
  <Data Name=""CertThumbprint""></Data>
</EventData>",4771,"4771 - Kerberos pre-authentication failed.",,,,,,,,,,,,,,,,,,null,null,,,,null,,,,,,,,,,,,,,,,,,,,,,,,,,,,null,,,,,,,,,,,,,,,,,,"::ffff:10.248.128.25",54275,null,,,,,,,,,,,null,,,,,,,,,,,,,,,,,,,,,,,,,,,,,,,,,,,,,,,,,,,,,,,,,,,,,,,,,,,,,,,,,,,,,,,,,,"krbtgt/SJHS-NT",null,,,,,,0x18,,,,,,,,,,,,,,"SVC-AzureAD-Connect",,,,,,,,,"S-1-5-21-798254582-200106796-1537874043-370654",,"SVC-AzureAD-Connect",,,,,,,,,,,,,,,,,,"3d178505-6738-487b-8446-e606abdefd74","4ea42d47-6afb-414b-a696-9e05472eae22","00000000-0000-0000-0000-000000000001","2020-10-16T14:45:26.847Z","AOI-552b9630-b106-4fe7-a1fa-97d04a0010ef",SecurityEvent,
"552b9630-b106-4fe7-a1fa-97d04a0010ef","2020-10-16T14:45:25.867Z",OpsManager,"SJHS-NT\SJF-DDR-3KC6JH2$",Machine,"ADSAPPPP-018.stjoe.org","Microsoft-Windows-Security-Auditing",Security,12544,8,,4624,"4624 - An account was successfully logged on.",,,,,,,,,,,,,,,,,,null,null,Kerberos,,,null,,,,,,,,,,,,,,,,,,,,,,,,,,,,null,,,,,,,,,,,,,,,,"%%1833",,"10.194.220.246",61953,0,"-",,,,,,"26c9d28d-7f27-9178-cda4-1594a980575f",,,Kerberos,3,"3 - Network",,,,,,,,,,,,,,,,,,,,,,,,,,,,,,,,,,,,,,,,,,,,,,,,,"-",0x0,"-",,,,,,,,,,,,,,,,,,,,,,,null,,,,,,,"-\-",,,,"-",,0x0,,,"-","S-1-0-0",,,"SJHS-NT\SJF-DDR-3KC6JH2$","SJHS-NT",,,,0x3b02ba748,,,,,,"SJF-DDR-3KC6JH2$","S-1-5-21-798254582-200106796-1537874043-563811",,,,,,,,"-",,,,,,,,"-","3d178505-6738-487b-8446-e606abdefd74","b5bf6687-2767-435c-9b1f-6b88bf0923c4","00000000-0000-0000-0000-000000000001","2020-10-16T14:45:26.847Z","AOI-552b9630-b106-4fe7-a1fa-97d04a0010ef",SecurityEvent,
"552b9630-b106-4fe7-a1fa-97d04a0010ef","2020-10-16T14:45:25.88Z",OpsManager,"SJHS-NT\TXDT034323$",Machine,"ADSAPPPP-018.stjoe.org","Microsoft-Windows-Security-Auditing",Security,12544,8,,4624,"4624 - An account was successfully logged on.",,,,,,,,,,,,,,,,,,null,null,Kerberos,,,null,,,,,,,,,,,,,,,,,,,,,,,,,,,,null,,,,,,,,,,,,,,,,"%%1840",,"10.203.27.186",55643,0,"-",,,,,,"df6e4551-0511-ce5a-fa4d-a10381a7e432",,,Kerberos,3,"3 - Network",,,,,,,,,,,,,,,,,,,,,,,,,,,,,,,,,,,,,,,,,,,,,,,,,"-",0x0,"-",,,,,,,,,,,,,,,,,,,,,,,null,,,,,,,"-\-",,,,"-",,0x0,,,"-","S-1-0-0",,,"SJHS-NT\TXDT034323$","SJHS-NT",,,,0x3b02ba761,,,,,,"TXDT034323$","S-1-5-21-798254582-200106796-1537874043-713408",,,,,,,,"-",,,,,,,,"-","3d178505-6738-487b-8446-e606abdefd74","c85d55e2-9678-4051-acd3-594fd93db19f","00000000-0000-0000-0000-000000000001","2020-10-16T14:45:26.847Z","AOI-552b9630-b106-4fe7-a1fa-97d04a0010ef",SecurityEvent,
"552b9630-b106-4fe7-a1fa-97d04a0010ef","2020-10-16T14:45:25.88Z",OpsManager,,,"ADSAPPPP-018.stjoe.org","Microsoft-Windows-Security-Auditing",Security,14339,16,"<EventData xmlns=""http://schemas.microsoft.com/win/2004/08/events/event"">
  <Data Name=""TargetUserName"">summit</Data>
  <Data Name=""TargetSid"">S-1-5-21-798254582-200106796-1537874043-17823</Data>
  <Data Name=""ServiceName"">krbtgt/sjhs-nt</Data>
  <Data Name=""TicketOptions"">0x40810010</Data>
  <Data Name=""Status"">0x18</Data>
  <Data Name=""PreAuthType"">2</Data>
  <Data Name=""IpAddress"">::ffff:10.250.131.239</Data>
  <Data Name=""IpPort"">65173</Data>
  <Data Name=""CertIssuerName""></Data>
  <Data Name=""CertSerialNumber""></Data>
  <Data Name=""CertThumbprint""></Data>
</EventData>",4771,"4771 - Kerberos pre-authentication failed.",,,,,,,,,,,,,,,,,,null,null,,,,null,,,,,,,,,,,,,,,,,,,,,,,,,,,,null,,,,,,,,,,,,,,,,,,"::ffff:10.250.131.239",65173,null,,,,,,,,,,,null,,,,,,,,,,,,,,,,,,,,,,,,,,,,,,,,,,,,,,,,,,,,,,,,,,,,,,,,,,,,,,,,,,,,,,,,,,"krbtgt/sjhs-nt",null,,,,,,0x18,,,,,,,,,,,,,,summit,,,,,,,,,"S-1-5-21-798254582-200106796-1537874043-17823",,summit,,,,,,,,,,,,,,,,,,"3d178505-6738-487b-8446-e606abdefd74","67c7dfbf-91b4-4d1e-934a-5ef9c15c399e","00000000-0000-0000-0000-000000000001","2020-10-16T14:45:26.847Z","AOI-552b9630-b106-4fe7-a1fa-97d04a0010ef",SecurityEvent,
"552b9630-b106-4fe7-a1fa-97d04a0010ef","2020-10-16T14:45:25.88Z",OpsManager,"SJHS-NT\BOSHAC1",User,"ADSAPPPP-018.stjoe.org","Microsoft-Windows-Security-Auditing",Security,12545,8,,4634,"4634 - An account was logged off.",,,,,,,,,,,,,,,,,,null,null,,,,null,,,,,,,,,,,,,,,,,,,,,,,,,,,,null,,,,,,,,,,,,,,,,,,,,null,,,,,,,,,,,3,"3 - Network",,,,,,,,,,,,,,,,,,,,,,,,,,,,,,,,,,,,,,,,,,,,,,,,,,,,,,,,,,,,,,,,,,,,,,,,,,null,,,,,,,,,,,,,,,,,,,,"SJHS-NT\BOSHAC1","SJHS-NT",,,,0x3b02ba71e,,,,,,BOSHAC1,"S-1-5-21-798254582-200106796-1537874043-578972",,,,,,,,,,,,,,,,,"3d178505-6738-487b-8446-e606abdefd74","6297436b-ded1-4be4-ae27-1dc28c200de1","00000000-0000-0000-0000-000000000001","2020-10-16T14:45:26.847Z","AOI-552b9630-b106-4fe7-a1fa-97d04a0010ef",SecurityEvent,
"552b9630-b106-4fe7-a1fa-97d04a0010ef","2020-10-16T14:45:25.88Z",OpsManager,"SJHS-NT\HAYESC2",User,"ADSAPPPP-018.stjoe.org","Microsoft-Windows-Security-Auditing",Security,12545,8,,4634,"4634 - An account was logged off.",,,,,,,,,,,,,,,,,,null,null,,,,null,,,,,,,,,,,,,,,,,,,,,,,,,,,,null,,,,,,,,,,,,,,,,,,,,null,,,,,,,,,,,3,"3 - Network",,,,,,,,,,,,,,,,,,,,,,,,,,,,,,,,,,,,,,,,,,,,,,,,,,,,,,,,,,,,,,,,,,,,,,,,,,null,,,,,,,,,,,,,,,,,,,,"SJHS-NT\HAYESC2","SJHS-NT",,,,0x3b02ba3c1,,,,,,HAYESC2,"S-1-5-21-798254582-200106796-1537874043-164854",,,,,,,,,,,,,,,,,"3d178505-6738-487b-8446-e606abdefd74","75a0a40c-df5c-488a-9320-94667af5e658","00000000-0000-0000-0000-000000000001","2020-10-16T14:45:26.847Z","AOI-552b9630-b106-4fe7-a1fa-97d04a0010ef",SecurityEvent,
"552b9630-b106-4fe7-a1fa-97d04a0010ef","2020-10-16T14:45:25.88Z",OpsManager,"SJHS-NT\SRM-RES-FYN23M2$",Machine,"ADSAPPPP-018.stjoe.org","Microsoft-Windows-Security-Auditing",Security,12544,8,,4624,"4624 - An account was successfully logged on.",,,,,,,,,,,,,,,,,,null,null,Kerberos,,,null,,,,,,,,,,,,,,,,,,,,,,,,,,,,null,,,,,,,,,,,,,,,,"%%1833",,"10.209.112.73",51745,0,"-",,,,,,"3e5358ba-9838-a345-5457-c6c3c871df90",,,Kerberos,3,"3 - Network",,,,,,,,,,,,,,,,,,,,,,,,,,,,,,,,,,,,,,,,,,,,,,,,,"-",0x0,"-",,,,,,,,,,,,,,,,,,,,,,,null,,,,,,,"-\-",,,,"-",,0x0,,,"-","S-1-0-0",,,"SJHS-NT\SRM-RES-FYN23M2$","SJHS-NT",,,,0x3b02ba7ae,,,,,,"SRM-RES-FYN23M2$","S-1-5-21-798254582-200106796-1537874043-553577",,,,,,,,"-",,,,,,,,"-","3d178505-6738-487b-8446-e606abdefd74","123b9835-8de8-477f-9670-993f04f53402","00000000-0000-0000-0000-000000000001","2020-10-16T14:45:26.847Z","AOI-552b9630-b106-4fe7-a1fa-97d04a0010ef",SecurityEvent,
"552b9630-b106-4fe7-a1fa-97d04a0010ef","2020-10-16T14:45:25.897Z",OpsManager,"AD\JSAKOWSK",User,"ADSAPPPP-018.stjoe.org","Microsoft-Windows-Security-Auditing",Security,12545,8,,4634,"4634 - An account was logged off.",,,,,,,,,,,,,,,,,,null,null,,,,null,,,,,,,,,,,,,,,,,,,,,,,,,,,,null,,,,,,,,,,,,,,,,,,,,null,,,,,,,,,,,3,"3 - Network",,,,,,,,,,,,,,,,,,,,,,,,,,,,,,,,,,,,,,,,,,,,,,,,,,,,,,,,,,,,,,,,,,,,,,,,,,null,,,,,,,,,,,,,,,,,,,,"AD\JSAKOWSK",AD,,,,0x3b0240c69,,,,,,JSAKOWSK,"S-1-5-21-1078081533-725345543-682003330-333173",,,,,,,,,,,,,,,,,"3d178505-6738-487b-8446-e606abdefd74","281a23b8-289c-4d7c-b639-32f9650568ac","00000000-0000-0000-0000-000000000001","2020-10-16T14:45:26.847Z","AOI-552b9630-b106-4fe7-a1fa-97d04a0010ef",SecurityEvent,
"552b9630-b106-4fe7-a1fa-97d04a0010ef","2020-10-16T14:45:25.897Z",OpsManager,"SJHS-NT\CTXXAP6A218-VP$",Machine,"ADSAPPPP-018.stjoe.org","Microsoft-Windows-Security-Auditing",Security,12545,8,,4634,"4634 - An account was logged off.",,,,,,,,,,,,,,,,,,null,null,,,,null,,,,,,,,,,,,,,,,,,,,,,,,,,,,null,,,,,,,,,,,,,,,,,,,,null,,,,,,,,,,,3,"3 - Network",,,,,,,,,,,,,,,,,,,,,,,,,,,,,,,,,,,,,,,,,,,,,,,,,,,,,,,,,,,,,,,,,,,,,,,,,,null,,,,,,,,,,,,,,,,,,,,"SJHS-NT\CTXXAP6A218-VP$","SJHS-NT",,,,0x3b0241301,,,,,,"CTXXAP6A218-VP$","S-1-5-21-798254582-200106796-1537874043-308953",,,,,,,,,,,,,,,,,"3d178505-6738-487b-8446-e606abdefd74","7c6e5fd6-4410-4a97-8dab-eb8bfca0d395","00000000-0000-0000-0000-000000000001","2020-10-16T14:45:26.847Z","AOI-552b9630-b106-4fe7-a1fa-97d04a0010ef",SecurityEvent,
"552b9630-b106-4fe7-a1fa-97d04a0010ef","2020-10-16T14:45:25.897Z",OpsManager,"SJHS-NT\sje-main-sur",User,"ADSAPPPP-018.stjoe.org","Microsoft-Windows-Security-Auditing",Security,12545,8,,4634,"4634 - An account was logged off.",,,,,,,,,,,,,,,,,,null,null,,,,null,,,,,,,,,,,,,,,,,,,,,,,,,,,,null,,,,,,,,,,,,,,,,,,,,null,,,,,,,,,,,3,"3 - Network",,,,,,,,,,,,,,,,,,,,,,,,,,,,,,,,,,,,,,,,,,,,,,,,,,,,,,,,,,,,,,,,,,,,,,,,,,null,,,,,,,,,,,,,,,,,,,,"SJHS-NT\sje-main-sur","SJHS-NT",,,,0x3b02a93ba,,,,,,"sje-main-sur","S-1-5-21-798254582-200106796-1537874043-299811",,,,,,,,,,,,,,,,,"3d178505-6738-487b-8446-e606abdefd74","303232dc-3bb5-4390-9beb-15eadbe4a4d9","00000000-0000-0000-0000-000000000001","2020-10-16T14:45:26.847Z","AOI-552b9630-b106-4fe7-a1fa-97d04a0010ef",SecurityEvent,
"552b9630-b106-4fe7-a1fa-97d04a0010ef","2020-10-16T14:45:25.897Z",OpsManager,,,"ADSAPPPP-018.stjoe.org","Microsoft-Windows-Security-Auditing",Security,14339,16,"<EventData xmlns=""http://schemas.microsoft.com/win/2004/08/events/event"">
  <Data Name=""TargetUserName"">SVC-AzureAD-Connect</Data>
  <Data Name=""TargetSid"">S-1-5-21-798254582-200106796-1537874043-370654</Data>
  <Data Name=""ServiceName"">krbtgt/SJHS-NT</Data>
  <Data Name=""TicketOptions"">0x40810010</Data>
  <Data Name=""Status"">0x18</Data>
  <Data Name=""PreAuthType"">2</Data>
  <Data Name=""IpAddress"">::ffff:10.248.128.25</Data>
  <Data Name=""IpPort"">54277</Data>
  <Data Name=""CertIssuerName""></Data>
  <Data Name=""CertSerialNumber""></Data>
  <Data Name=""CertThumbprint""></Data>
</EventData>",4771,"4771 - Kerberos pre-authentication failed.",,,,,,,,,,,,,,,,,,null,null,,,,null,,,,,,,,,,,,,,,,,,,,,,,,,,,,null,,,,,,,,,,,,,,,,,,"::ffff:10.248.128.25",54277,null,,,,,,,,,,,null,,,,,,,,,,,,,,,,,,,,,,,,,,,,,,,,,,,,,,,,,,,,,,,,,,,,,,,,,,,,,,,,,,,,,,,,,,"krbtgt/SJHS-NT",null,,,,,,0x18,,,,,,,,,,,,,,"SVC-AzureAD-Connect",,,,,,,,,"S-1-5-21-798254582-200106796-1537874043-370654",,"SVC-AzureAD-Connect",,,,,,,,,,,,,,,,,,"3d178505-6738-487b-8446-e606abdefd74","cdbf8c73-fdee-4bcd-a530-7d47fc4d86ed","00000000-0000-0000-0000-000000000001","2020-10-16T14:45:26.847Z","AOI-552b9630-b106-4fe7-a1fa-97d04a0010ef",SecurityEvent,
"552b9630-b106-4fe7-a1fa-97d04a0010ef","2020-10-16T14:45:25.913Z",OpsManager,,,"ADSAPPPP-018.stjoe.org","Microsoft-Windows-Security-Auditing",Security,14337,8,"<EventData xmlns=""http://schemas.microsoft.com/win/2004/08/events/event"">
  <Data Name=""TargetUserName"">FLORESJ17@AD.PROVIDENCE.ORG</Data>
  <Data Name=""TargetDomainName"">AD.PROVIDENCE.ORG</Data>
  <Data Name=""ServiceName"">CTXXML6A018-VP$</Data>
  <Data Name=""ServiceSid"">S-1-5-21-798254582-200106796-1537874043-716472</Data>
  <Data Name=""TicketOptions"">0x40810000</Data>
  <Data Name=""TicketEncryptionType"">0x12</Data>
  <Data Name=""IpAddress"">::ffff:10.249.3.143</Data>
  <Data Name=""IpPort"">59246</Data>
  <Data Name=""Status"">0x0</Data>
  <Data Name=""LogonGuid"">{735EEB8B-B34D-E7FA-3F50-FA6E566D1BA4}</Data>
  <Data Name=""TransmittedServices"">-</Data>
</EventData>",4769,"4769 - A Kerberos service ticket was requested.",,,,,,,,,,,,,,,,,,null,null,,,,null,,,,,,,,,,,,,,,,,,,,,,,,,,,,null,,,,,,,,,,,,,,,,,,,,null,,,,,,,,,,,null,,,,,,,,,,,,,,,,,,,,,,,,,,,,,,,,,,,,,,,,,,,,,,,,,,,,,,,,,,,,,,,,,,,,,,,,,,,null,,,,,,,,,,,,,,,,,,,,,,,,,,,,,,,,,,,,,,,,,,,,,,,,,"3d178505-6738-487b-8446-e606abdefd74","fcffe3b1-1455-47c4-ac37-377e394a6aba","00000000-0000-0000-0000-000000000001","2020-10-16T14:45:26.847Z","AOI-552b9630-b106-4fe7-a1fa-97d04a0010ef",SecurityEvent,
"552b9630-b106-4fe7-a1fa-97d04a0010ef","2020-10-16T14:45:25.927Z",OpsManager,,,"ADSAPPPP-018.stjoe.org","Microsoft-Windows-Security-Auditing",Security,14339,16,"<EventData xmlns=""http://schemas.microsoft.com/win/2004/08/events/event"">
  <Data Name=""TargetUserName"">SVC-AzureAD-Connect</Data>
  <Data Name=""TargetSid"">S-1-5-21-798254582-200106796-1537874043-370654</Data>
  <Data Name=""ServiceName"">krbtgt/SJHS-NT</Data>
  <Data Name=""TicketOptions"">0x40810010</Data>
  <Data Name=""Status"">0x18</Data>
  <Data Name=""PreAuthType"">2</Data>
  <Data Name=""IpAddress"">::ffff:10.248.128.25</Data>
  <Data Name=""IpPort"">54279</Data>
  <Data Name=""CertIssuerName""></Data>
  <Data Name=""CertSerialNumber""></Data>
  <Data Name=""CertThumbprint""></Data>
</EventData>",4771,"4771 - Kerberos pre-authentication failed.",,,,,,,,,,,,,,,,,,null,null,,,,null,,,,,,,,,,,,,,,,,,,,,,,,,,,,null,,,,,,,,,,,,,,,,,,"::ffff:10.248.128.25",54279,null,,,,,,,,,,,null,,,,,,,,,,,,,,,,,,,,,,,,,,,,,,,,,,,,,,,,,,,,,,,,,,,,,,,,,,,,,,,,,,,,,,,,,,"krbtgt/SJHS-NT",null,,,,,,0x18,,,,,,,,,,,,,,"SVC-AzureAD-Connect",,,,,,,,,"S-1-5-21-798254582-200106796-1537874043-370654",,"SVC-AzureAD-Connect",,,,,,,,,,,,,,,,,,"3d178505-6738-487b-8446-e606abdefd74","260cd555-f5dc-4c63-aa79-628a5b76bf71","00000000-0000-0000-0000-000000000001","2020-10-16T14:45:26.847Z","AOI-552b9630-b106-4fe7-a1fa-97d04a0010ef",SecurityEvent,
"552b9630-b106-4fe7-a1fa-97d04a0010ef","2020-10-16T14:45:25.927Z",OpsManager,"SJHS-NT\SRM-RES-FYN23M2$",Machine,"ADSAPPPP-018.stjoe.org","Microsoft-Windows-Security-Auditing",Security,12545,8,,4634,"4634 - An account was logged off.",,,,,,,,,,,,,,,,,,null,null,,,,null,,,,,,,,,,,,,,,,,,,,,,,,,,,,null,,,,,,,,,,,,,,,,,,,,null,,,,,,,,,,,3,"3 - Network",,,,,,,,,,,,,,,,,,,,,,,,,,,,,,,,,,,,,,,,,,,,,,,,,,,,,,,,,,,,,,,,,,,,,,,,,,null,,,,,,,,,,,,,,,,,,,,"SJHS-NT\SRM-RES-FYN23M2$","SJHS-NT",,,,0x3b02ba44f,,,,,,"SRM-RES-FYN23M2$","S-1-5-21-798254582-200106796-1537874043-553577",,,,,,,,,,,,,,,,,"3d178505-6738-487b-8446-e606abdefd74","65d0e7b8-cc70-437c-a32d-5871d2375d44","00000000-0000-0000-0000-000000000001","2020-10-16T14:45:26.847Z","AOI-552b9630-b106-4fe7-a1fa-97d04a0010ef",SecurityEvent,
"552b9630-b106-4fe7-a1fa-97d04a0010ef","2020-10-16T14:45:25.927Z",OpsManager,"SJHS-NT\SRM-RES-FYN23M2$",Machine,"ADSAPPPP-018.stjoe.org","Microsoft-Windows-Security-Auditing",Security,12545,8,,4634,"4634 - An account was logged off.",,,,,,,,,,,,,,,,,,null,null,,,,null,,,,,,,,,,,,,,,,,,,,,,,,,,,,null,,,,,,,,,,,,,,,,,,,,null,,,,,,,,,,,3,"3 - Network",,,,,,,,,,,,,,,,,,,,,,,,,,,,,,,,,,,,,,,,,,,,,,,,,,,,,,,,,,,,,,,,,,,,,,,,,,null,,,,,,,,,,,,,,,,,,,,"SJHS-NT\SRM-RES-FYN23M2$","SJHS-NT",,,,0x3b02ba7ae,,,,,,"SRM-RES-FYN23M2$","S-1-5-21-798254582-200106796-1537874043-553577",,,,,,,,,,,,,,,,,"3d178505-6738-487b-8446-e606abdefd74","7ae64fd4-042e-44df-95d3-2f6bc32515eb","00000000-0000-0000-0000-000000000001","2020-10-16T14:45:26.847Z","AOI-552b9630-b106-4fe7-a1fa-97d04a0010ef",SecurityEvent,
"552b9630-b106-4fe7-a1fa-97d04a0010ef","2020-10-16T14:45:25.927Z",OpsManager,"SJHS-NT\SJF-DDR-3KC6JH2$",Machine,"ADSAPPPP-018.stjoe.org","Microsoft-Windows-Security-Auditing",Security,12544,8,,4624,"4624 - An account was successfully logged on.",,,,,,,,,,,,,,,,,,null,null,Kerberos,,,null,,,,,,,,,,,,,,,,,,,,,,,,,,,,null,,,,,,,,,,,,,,,,"%%1833",,"10.194.220.246",61954,0,"-",,,,,,"26c9d28d-7f27-9178-cda4-1594a980575f",,,Kerberos,3,"3 - Network",,,,,,,,,,,,,,,,,,,,,,,,,,,,,,,,,,,,,,,,,,,,,,,,,"-",0x0,"-",,,,,,,,,,,,,,,,,,,,,,,null,,,,,,,"-\-",,,,"-",,0x0,,,"-","S-1-0-0",,,"SJHS-NT\SJF-DDR-3KC6JH2$","SJHS-NT",,,,0x3b02ba7f0,,,,,,"SJF-DDR-3KC6JH2$","S-1-5-21-798254582-200106796-1537874043-563811",,,,,,,,"-",,,,,,,,"-","3d178505-6738-487b-8446-e606abdefd74","42592484-d41c-44ac-b00b-76399ae7fc39","00000000-0000-0000-0000-000000000001","2020-10-16T14:45:26.847Z","AOI-552b9630-b106-4fe7-a1fa-97d04a0010ef",SecurityEvent,
"552b9630-b106-4fe7-a1fa-97d04a0010ef","2020-10-16T14:45:25.943Z",OpsManager,,,"ADSAPPPP-018.stjoe.org","Microsoft-Windows-Security-Auditing",Security,14336,8,"<EventData xmlns=""http://schemas.microsoft.com/win/2004/08/events/event"">
  <Data Name=""PackageName"">MICROSOFT_AUTHENTICATION_PACKAGE_V1_0</Data>
  <Data Name=""TargetUserName"">MCCLELLAD1</Data>
  <Data Name=""Workstation"">ADSAPPPP-018</Data>
  <Data Name=""Status"">0x0</Data>
</EventData>",4776,"4776 - The domain controller attempted to validate the credentials for an account.",,,,,,,,,,,,,,,,,,null,null,,,,null,,,,,,,,,,,,,,,,,,,,,,,,,,,,null,,,,,,,,,,,,,,,,,,,,null,,,,,,,,,,,null,,,,,,,,,,,,,,,,,,,,,,,,,,,,,,,,,,,,,,,,"MICROSOFT_AUTHENTICATION_PACKAGE_V1_0",,,,,,,,,,,,,,,,,,,,,,,,,,,,,,,,,,,null,,,,,,0x0,,,,,,,,,,,,,,MCCLELLAD1,,,,,,,,,,,MCCLELLAD1,,,,,,,,,,,,,,,,"ADSAPPPP-018",,"3d178505-6738-487b-8446-e606abdefd74","5189971d-dc61-40f7-a90b-6671c59e81ef","00000000-0000-0000-0000-000000000001","2020-10-16T14:45:26.847Z","AOI-552b9630-b106-4fe7-a1fa-97d04a0010ef",SecurityEvent,
"552b9630-b106-4fe7-a1fa-97d04a0010ef","2020-10-16T14:45:25.943Z",OpsManager,"SJHS-NT\ADSAPPPP-018$",Machine,"ADSAPPPP-018.stjoe.org","Microsoft-Windows-Security-Auditing",Security,12544,8,,4648,"4648 - A logon was attempted using explicit credentials.",,,,,,,,,,,,,,,,,,null,null,,,,null,,,,,,,,,,,,,,,,,,,,,,,,,,,,null,,,,,,,,,,,,,,,,,,"10.250.109.232",33644,null,,,,,,,"856aec15-1888-c531-d745-c8fc0db98d81",,,,null,,,,,,,,,,,,,,,,,,,,,,,,,,,,,,,,,,,,,,,,,,,,,,,,,,"lsass.exe",0x334,"C:\Windows\System32\lsass.exe",,,,,,,,,,,,,,,,,,,,,,,null,,,,,,,"SJHS-NT\ADSAPPPP-018$",,,,"SJHS-NT",,0x3e7,,,"ADSAPPPP-018$","S-1-5-18",,,"SJHS-NT\MCCLELLAD1","SJHS-NT",localhost,,"00000000-0000-0000-0000-000000000000",,,,localhost,,,MCCLELLAD1,,,,,,,,,,,,,,,,,,"3d178505-6738-487b-8446-e606abdefd74","3c6f9f3e-6178-4ff6-8568-df38662e70d1","00000000-0000-0000-0000-000000000001","2020-10-16T14:45:26.847Z","AOI-552b9630-b106-4fe7-a1fa-97d04a0010ef",SecurityEvent,
"552b9630-b106-4fe7-a1fa-97d04a0010ef","2020-10-16T14:45:25.943Z",OpsManager,"SJHS-NT\MCCLELLAD1",User,"ADSAPPPP-018.stjoe.org","Microsoft-Windows-Security-Auditing",Security,12544,8,,4624,"4624 - An account was successfully logged on.",,,,,,,,,,,,,,,,,,null,null,"MICROSOFT_AUTHENTICATION_PACKAGE_V1_0",,,null,,,,,,,,,,,,,,,,,,,,,,,,,,,,null,,,,,,,,,,,,,,,,"%%1833",,"10.250.109.232",33644,0,"-",,,,,,"00000000-0000-0000-0000-000000000000",,,"Advapi  ",3,"3 - Network",,,,,,,,,,,,,,,,,,,,,,,,,,,,,,,,,,,,,,,,,,,,,,,,,"lsass.exe",0x334,"C:\Windows\System32\lsass.exe",,,,,,,,,,,,,,,,,,,,,,,null,,,,,,,"SJHS-NT\ADSAPPPP-018$",,,,"SJHS-NT",,0x3e7,,,"ADSAPPPP-018$","S-1-5-18",,,"SJHS-NT\MCCLELLAD1","SJHS-NT",,,,0x3b02ba81d,,,,,,MCCLELLAD1,"S-1-5-21-798254582-200106796-1537874043-419055",,,,,,,,"-",,,,,,,,"ADSAPPPP-018","3d178505-6738-487b-8446-e606abdefd74","b5aed6a3-663f-4651-a24d-f22ac4c07673","00000000-0000-0000-0000-000000000001","2020-10-16T14:45:26.847Z","AOI-552b9630-b106-4fe7-a1fa-97d04a0010ef",SecurityEvent,
"552b9630-b106-4fe7-a1fa-97d04a0010ef","2020-10-16T14:45:25.943Z",OpsManager,"SJHS-NT\CLONINGERRE",User,"ADSAPPPP-018.stjoe.org","Microsoft-Windows-Security-Auditing",Security,12544,8,,4624,"4624 - An account was successfully logged on.",,,,,,,,,,,,,,,,,,null,null,Kerberos,,,null,,,,,,,,,,,,,,,,,,,,,,,,,,,,null,,,,,,,,,,,,,,,,"%%1833",,"10.208.80.228",49229,0,"-",,,,,,"70768bd2-3b3d-f4c5-6eb3-c9ad6929874c",,,Kerberos,3,"3 - Network",,,,,,,,,,,,,,,,,,,,,,,,,,,,,,,,,,,,,,,,,,,,,,,,,"-",0x0,"-",,,,,,,,,,,,,,,,,,,,,,,null,,,,,,,"-\-",,,,"-",,0x0,,,"-","S-1-0-0",,,"SJHS-NT\CLONINGERRE","SJHS-NT",,,,0x3b02ba83a,,,,,,CLONINGERRE,"S-1-5-21-798254582-200106796-1537874043-135302",,,,,,,,"-",,,,,,,,"-","3d178505-6738-487b-8446-e606abdefd74","603e39dd-7fa5-4550-bd21-0851a5be85d7","00000000-0000-0000-0000-000000000001","2020-10-16T14:45:26.847Z","AOI-552b9630-b106-4fe7-a1fa-97d04a0010ef",SecurityEvent,
"552b9630-b106-4fe7-a1fa-97d04a0010ef","2020-10-16T14:45:25.943Z",OpsManager,"SJHS-NT\MCCLELLAD1",User,"ADSAPPPP-018.stjoe.org","Microsoft-Windows-Security-Auditing",Security,12545,8,,4634,"4634 - An account was logged off.",,,,,,,,,,,,,,,,,,null,null,,,,null,,,,,,,,,,,,,,,,,,,,,,,,,,,,null,,,,,,,,,,,,,,,,,,,,null,,,,,,,,,,,3,"3 - Network",,,,,,,,,,,,,,,,,,,,,,,,,,,,,,,,,,,,,,,,,,,,,,,,,,,,,,,,,,,,,,,,,,,,,,,,,,null,,,,,,,,,,,,,,,,,,,,"SJHS-NT\MCCLELLAD1","SJHS-NT",,,,0x3b02ba81d,,,,,,MCCLELLAD1,"S-1-5-21-798254582-200106796-1537874043-419055",,,,,,,,,,,,,,,,,"3d178505-6738-487b-8446-e606abdefd74","66242f1a-ef5c-4b66-bd89-86c3b64ba4e1","00000000-0000-0000-0000-000000000001","2020-10-16T14:45:26.847Z","AOI-552b9630-b106-4fe7-a1fa-97d04a0010ef",SecurityEvent,
"552b9630-b106-4fe7-a1fa-97d04a0010ef","2020-10-16T14:45:25.943Z",OpsManager,"SJHS-NT\SJF-DDR-3KC6JH2$",Machine,"ADSAPPPP-018.stjoe.org","Microsoft-Windows-Security-Auditing",Security,12545,8,,4634,"4634 - An account was logged off.",,,,,,,,,,,,,,,,,,null,null,,,,null,,,,,,,,,,,,,,,,,,,,,,,,,,,,null,,,,,,,,,,,,,,,,,,,,null,,,,,,,,,,,3,"3 - Network",,,,,,,,,,,,,,,,,,,,,,,,,,,,,,,,,,,,,,,,,,,,,,,,,,,,,,,,,,,,,,,,,,,,,,,,,,null,,,,,,,,,,,,,,,,,,,,"SJHS-NT\SJF-DDR-3KC6JH2$","SJHS-NT",,,,0x3b02ba748,,,,,,"SJF-DDR-3KC6JH2$","S-1-5-21-798254582-200106796-1537874043-563811",,,,,,,,,,,,,,,,,"3d178505-6738-487b-8446-e606abdefd74","ae4aab81-b7c3-41b1-9b4b-87680e3ba599","00000000-0000-0000-0000-000000000001","2020-10-16T14:45:26.847Z","AOI-552b9630-b106-4fe7-a1fa-97d04a0010ef",SecurityEvent,
"552b9630-b106-4fe7-a1fa-97d04a0010ef","2020-10-16T14:45:25.96Z",OpsManager,,,"ADSAPPPP-018.stjoe.org","Microsoft-Windows-Security-Auditing",Security,14339,16,"<EventData xmlns=""http://schemas.microsoft.com/win/2004/08/events/event"">
  <Data Name=""TargetUserName"">SVC-AzureAD-Connect</Data>
  <Data Name=""TargetSid"">S-1-5-21-798254582-200106796-1537874043-370654</Data>
  <Data Name=""ServiceName"">krbtgt/SJHS-NT</Data>
  <Data Name=""TicketOptions"">0x40810010</Data>
  <Data Name=""Status"">0x18</Data>
  <Data Name=""PreAuthType"">2</Data>
  <Data Name=""IpAddress"">::ffff:10.248.128.25</Data>
  <Data Name=""IpPort"">54281</Data>
  <Data Name=""CertIssuerName""></Data>
  <Data Name=""CertSerialNumber""></Data>
  <Data Name=""CertThumbprint""></Data>
</EventData>",4771,"4771 - Kerberos pre-authentication failed.",,,,,,,,,,,,,,,,,,null,null,,,,null,,,,,,,,,,,,,,,,,,,,,,,,,,,,null,,,,,,,,,,,,,,,,,,"::ffff:10.248.128.25",54281,null,,,,,,,,,,,null,,,,,,,,,,,,,,,,,,,,,,,,,,,,,,,,,,,,,,,,,,,,,,,,,,,,,,,,,,,,,,,,,,,,,,,,,,"krbtgt/SJHS-NT",null,,,,,,0x18,,,,,,,,,,,,,,"SVC-AzureAD-Connect",,,,,,,,,"S-1-5-21-798254582-200106796-1537874043-370654",,"SVC-AzureAD-Connect",,,,,,,,,,,,,,,,,,"3d178505-6738-487b-8446-e606abdefd74","53dbc71b-ea43-4b03-b530-3359ee227a5e","00000000-0000-0000-0000-000000000001","2020-10-16T14:45:26.847Z","AOI-552b9630-b106-4fe7-a1fa-97d04a0010ef",SecurityEvent,
"552b9630-b106-4fe7-a1fa-97d04a0010ef","2020-10-16T14:45:25.973Z",OpsManager,,,"ADSAPPPP-018.stjoe.org","Microsoft-Windows-Security-Auditing",Security,14336,8,"<EventData xmlns=""http://schemas.microsoft.com/win/2004/08/events/event"">
  <Data Name=""PackageName"">MICROSOFT_AUTHENTICATION_PACKAGE_V1_0</Data>
  <Data Name=""TargetUserName"">SVNAPPVP-005$</Data>
  <Data Name=""Workstation"">SVNAPPVP-005</Data>
  <Data Name=""Status"">0x0</Data>
</EventData>",4776,"4776 - The domain controller attempted to validate the credentials for an account.",,,,,,,,,,,,,,,,,,null,null,,,,null,,,,,,,,,,,,,,,,,,,,,,,,,,,,null,,,,,,,,,,,,,,,,,,,,null,,,,,,,,,,,null,,,,,,,,,,,,,,,,,,,,,,,,,,,,,,,,,,,,,,,,"MICROSOFT_AUTHENTICATION_PACKAGE_V1_0",,,,,,,,,,,,,,,,,,,,,,,,,,,,,,,,,,,null,,,,,,0x0,,,,,,,,,,,,,,"SVNAPPVP-005$",,,,,,,,,,,"SVNAPPVP-005$",,,,,,,,,,,,,,,,"SVNAPPVP-005",,"3d178505-6738-487b-8446-e606abdefd74","1f22f3b5-980f-4665-9ae2-0da6537c3133","00000000-0000-0000-0000-000000000001","2020-10-16T14:45:26.847Z","AOI-552b9630-b106-4fe7-a1fa-97d04a0010ef",SecurityEvent,
"552b9630-b106-4fe7-a1fa-97d04a0010ef","2020-10-16T14:45:25.973Z",OpsManager,,,"ADSAPPPP-018.stjoe.org","Microsoft-Windows-Security-Auditing",Security,14337,8,"<EventData xmlns=""http://schemas.microsoft.com/win/2004/08/events/event"">
  <Data Name=""TargetUserName"">brianda.munoz@STJOE.ORG</Data>
  <Data Name=""TargetDomainName"">STJOE.ORG</Data>
  <Data Name=""ServiceName"">CLDLV-ISILN$</Data>
  <Data Name=""ServiceSid"">S-1-5-21-798254582-200106796-1537874043-343512</Data>
  <Data Name=""TicketOptions"">0x40810000</Data>
  <Data Name=""TicketEncryptionType"">0x17</Data>
  <Data Name=""IpAddress"">::ffff:10.184.39.204</Data>
  <Data Name=""IpPort"">64772</Data>
  <Data Name=""Status"">0x0</Data>
  <Data Name=""LogonGuid"">{E407C52F-053A-9C85-D84D-B0C61CB5581F}</Data>
  <Data Name=""TransmittedServices"">-</Data>
</EventData>",4769,"4769 - A Kerberos service ticket was requested.",,,,,,,,,,,,,,,,,,null,null,,,,null,,,,,,,,,,,,,,,,,,,,,,,,,,,,null,,,,,,,,,,,,,,,,,,,,null,,,,,,,,,,,null,,,,,,,,,,,,,,,,,,,,,,,,,,,,,,,,,,,,,,,,,,,,,,,,,,,,,,,,,,,,,,,,,,,,,,,,,,,null,,,,,,,,,,,,,,,,,,,,,,,,,,,,,,,,,,,,,,,,,,,,,,,,,"3d178505-6738-487b-8446-e606abdefd74","591a4c85-c9b1-4dd2-8c5e-65317f55829f","00000000-0000-0000-0000-000000000001","2020-10-16T14:45:26.847Z","AOI-552b9630-b106-4fe7-a1fa-97d04a0010ef",SecurityEvent,
"552b9630-b106-4fe7-a1fa-97d04a0010ef","2020-10-16T14:45:25.99Z",OpsManager,,,"ADSAPPPP-018.stjoe.org","Microsoft-Windows-Security-Auditing",Security,14336,8,"<EventData xmlns=""http://schemas.microsoft.com/win/2004/08/events/event"">
  <Data Name=""PackageName"">MICROSOFT_AUTHENTICATION_PACKAGE_V1_0</Data>
  <Data Name=""TargetUserName"">EDWINFORMATICA</Data>
  <Data Name=""Workstation"">ADSAPPPP-018</Data>
  <Data Name=""Status"">0x0</Data>
</EventData>",4776,"4776 - The domain controller attempted to validate the credentials for an account.",,,,,,,,,,,,,,,,,,null,null,,,,null,,,,,,,,,,,,,,,,,,,,,,,,,,,,null,,,,,,,,,,,,,,,,,,,,null,,,,,,,,,,,null,,,,,,,,,,,,,,,,,,,,,,,,,,,,,,,,,,,,,,,,"MICROSOFT_AUTHENTICATION_PACKAGE_V1_0",,,,,,,,,,,,,,,,,,,,,,,,,,,,,,,,,,,null,,,,,,0x0,,,,,,,,,,,,,,EDWINFORMATICA,,,,,,,,,,,EDWINFORMATICA,,,,,,,,,,,,,,,,"ADSAPPPP-018",,"3d178505-6738-487b-8446-e606abdefd74","ce389d0e-a2f5-443f-abaf-37990797c599","00000000-0000-0000-0000-000000000001","2020-10-16T14:45:26.847Z","AOI-552b9630-b106-4fe7-a1fa-97d04a0010ef",SecurityEvent,
"552b9630-b106-4fe7-a1fa-97d04a0010ef","2020-10-16T14:45:25.99Z",OpsManager,"AD\MARTINEZCC",User,"ADSAPPPP-018.stjoe.org","Microsoft-Windows-Security-Auditing",Security,12545,8,,4634,"4634 - An account was logged off.",,,,,,,,,,,,,,,,,,null,null,,,,null,,,,,,,,,,,,,,,,,,,,,,,,,,,,null,,,,,,,,,,,,,,,,,,,,null,,,,,,,,,,,3,"3 - Network",,,,,,,,,,,,,,,,,,,,,,,,,,,,,,,,,,,,,,,,,,,,,,,,,,,,,,,,,,,,,,,,,,,,,,,,,,null,,,,,,,,,,,,,,,,,,,,"AD\MARTINEZCC",AD,,,,0x3b02ac6b0,,,,,,MARTINEZCC,"S-1-5-21-1078081533-725345543-682003330-484727",,,,,,,,,,,,,,,,,"3d178505-6738-487b-8446-e606abdefd74","cb5f0bcf-b40e-4a77-ab89-07b8ad98f367","00000000-0000-0000-0000-000000000001","2020-10-16T14:45:26.847Z","AOI-552b9630-b106-4fe7-a1fa-97d04a0010ef",SecurityEvent,
"552b9630-b106-4fe7-a1fa-97d04a0010ef","2020-10-16T14:45:25.99Z",OpsManager,,,"ADSAPPPP-018.stjoe.org","Microsoft-Windows-Security-Auditing",Security,14339,16,"<EventData xmlns=""http://schemas.microsoft.com/win/2004/08/events/event"">
  <Data Name=""TargetUserName"">SVC-AzureAD-Connect</Data>
  <Data Name=""TargetSid"">S-1-5-21-798254582-200106796-1537874043-370654</Data>
  <Data Name=""ServiceName"">krbtgt/SJHS-NT</Data>
  <Data Name=""TicketOptions"">0x40810010</Data>
  <Data Name=""Status"">0x18</Data>
  <Data Name=""PreAuthType"">2</Data>
  <Data Name=""IpAddress"">::ffff:10.248.128.25</Data>
  <Data Name=""IpPort"">54283</Data>
  <Data Name=""CertIssuerName""></Data>
  <Data Name=""CertSerialNumber""></Data>
  <Data Name=""CertThumbprint""></Data>
</EventData>",4771,"4771 - Kerberos pre-authentication failed.",,,,,,,,,,,,,,,,,,null,null,,,,null,,,,,,,,,,,,,,,,,,,,,,,,,,,,null,,,,,,,,,,,,,,,,,,"::ffff:10.248.128.25",54283,null,,,,,,,,,,,null,,,,,,,,,,,,,,,,,,,,,,,,,,,,,,,,,,,,,,,,,,,,,,,,,,,,,,,,,,,,,,,,,,,,,,,,,,"krbtgt/SJHS-NT",null,,,,,,0x18,,,,,,,,,,,,,,"SVC-AzureAD-Connect",,,,,,,,,"S-1-5-21-798254582-200106796-1537874043-370654",,"SVC-AzureAD-Connect",,,,,,,,,,,,,,,,,,"3d178505-6738-487b-8446-e606abdefd74","c0867ec3-4ebe-4fd1-b2b1-7b803f0c102e","00000000-0000-0000-0000-000000000001","2020-10-16T14:45:26.847Z","AOI-552b9630-b106-4fe7-a1fa-97d04a0010ef",SecurityEvent,
"552b9630-b106-4fe7-a1fa-97d04a0010ef","2020-10-16T14:45:25.99Z",OpsManager,"SJHS-NT\ADSAPPPP-018$",Machine,"ADSAPPPP-018.stjoe.org","Microsoft-Windows-Security-Auditing",Security,12544,8,,4648,"4648 - A logon was attempted using explicit credentials.",,,,,,,,,,,,,,,,,,null,null,,,,null,,,,,,,,,,,,,,,,,,,,,,,,,,,,null,,,,,,,,,,,,,,,,,,"10.250.111.124",65000,null,,,,,,,"856aec15-1888-c531-d745-c8fc0db98d81",,,,null,,,,,,,,,,,,,,,,,,,,,,,,,,,,,,,,,,,,,,,,,,,,,,,,,,"lsass.exe",0x334,"C:\Windows\System32\lsass.exe",,,,,,,,,,,,,,,,,,,,,,,null,,,,,,,"SJHS-NT\ADSAPPPP-018$",,,,"SJHS-NT",,0x3e7,,,"ADSAPPPP-018$","S-1-5-18",,,"SJHS-NT\EDWINFORMATICA","SJHS-NT",localhost,,"00000000-0000-0000-0000-000000000000",,,,localhost,,,EDWINFORMATICA,,,,,,,,,,,,,,,,,,"3d178505-6738-487b-8446-e606abdefd74","15381563-99d3-4570-882a-9d3712d2b79f","00000000-0000-0000-0000-000000000001","2020-10-16T14:45:26.847Z","AOI-552b9630-b106-4fe7-a1fa-97d04a0010ef",SecurityEvent,
"552b9630-b106-4fe7-a1fa-97d04a0010ef","2020-10-16T14:45:25.99Z",OpsManager,"SJHS-NT\EDWINFORMATICA",User,"ADSAPPPP-018.stjoe.org","Microsoft-Windows-Security-Auditing",Security,12544,8,,4624,"4624 - An account was successfully logged on.",,,,,,,,,,,,,,,,,,null,null,"MICROSOFT_AUTHENTICATION_PACKAGE_V1_0",,,null,,,,,,,,,,,,,,,,,,,,,,,,,,,,null,,,,,,,,,,,,,,,,"%%1833",,"10.250.111.124",65000,0,"-",,,,,,"00000000-0000-0000-0000-000000000000",,,"Advapi  ",3,"3 - Network",,,,,,,,,,,,,,,,,,,,,,,,,,,,,,,,,,,,,,,,,,,,,,,,,"lsass.exe",0x334,"C:\Windows\System32\lsass.exe",,,,,,,,,,,,,,,,,,,,,,,null,,,,,,,"SJHS-NT\ADSAPPPP-018$",,,,"SJHS-NT",,0x3e7,,,"ADSAPPPP-018$","S-1-5-18",,,"SJHS-NT\EDWINFORMATICA","SJHS-NT",,,,0x3b02ba98e,,,,,,EDWINFORMATICA,"S-1-5-21-798254582-200106796-1537874043-295594",,,,,,,,"-",,,,,,,,"ADSAPPPP-018","3d178505-6738-487b-8446-e606abdefd74","85e3fa60-2fa3-4f8b-a256-84ef013554fb","00000000-0000-0000-0000-000000000001","2020-10-16T14:45:26.847Z","AOI-552b9630-b106-4fe7-a1fa-97d04a0010ef",SecurityEvent,
"552b9630-b106-4fe7-a1fa-97d04a0010ef","2020-10-16T14:45:25.99Z",OpsManager,"SJHS-NT\EDWINFORMATICA",User,"ADSAPPPP-018.stjoe.org","Microsoft-Windows-Security-Auditing",Security,12545,8,,4634,"4634 - An account was logged off.",,,,,,,,,,,,,,,,,,null,null,,,,null,,,,,,,,,,,,,,,,,,,,,,,,,,,,null,,,,,,,,,,,,,,,,,,,,null,,,,,,,,,,,3,"3 - Network",,,,,,,,,,,,,,,,,,,,,,,,,,,,,,,,,,,,,,,,,,,,,,,,,,,,,,,,,,,,,,,,,,,,,,,,,,null,,,,,,,,,,,,,,,,,,,,"SJHS-NT\EDWINFORMATICA","SJHS-NT",,,,0x3b02ba98e,,,,,,EDWINFORMATICA,"S-1-5-21-798254582-200106796-1537874043-295594",,,,,,,,,,,,,,,,,"3d178505-6738-487b-8446-e606abdefd74","79b959e1-46fc-4a9b-86b1-51bcf4f1b459","00000000-0000-0000-0000-000000000001","2020-10-16T14:45:26.847Z","AOI-552b9630-b106-4fe7-a1fa-97d04a0010ef",SecurityEvent,
"552b9630-b106-4fe7-a1fa-97d04a0010ef","2020-10-16T14:45:25.99Z",OpsManager,"SJHS-NT\CAIRESBL",User,"ADSAPPPP-018.stjoe.org","Microsoft-Windows-Security-Auditing",Security,12544,8,,4624,"4624 - An account was successfully logged on.",,,,,,,,,,,,,,,,,,null,null,Kerberos,,,null,,,,,,,,,,,,,,,,,,,,,,,,,,,,null,,,,,,,,,,,,,,,,"%%1833",,"156.72.64.169",59207,0,"-",,,,,,"81e194db-0182-15a2-392c-cd0f5f67f8a0",,,Kerberos,3,"3 - Network",,,,,,,,,,,,,,,,,,,,,,,,,,,,,,,,,,,,,,,,,,,,,,,,,"-",0x0,"-",,,,,,,,,,,,,,,,,,,,,,,null,,,,,,,"-\-",,,,"-",,0x0,,,"-","S-1-0-0",,,"SJHS-NT\CAIRESBL","SJHS-NT",,,,0x3b02ba9a6,,,,,,CAIRESBL,"S-1-5-21-798254582-200106796-1537874043-50924",,,,,,,,"-",,,,,,,,"-","3d178505-6738-487b-8446-e606abdefd74","7b2b48a3-df29-4bf6-b646-5fe06c79c57c","00000000-0000-0000-0000-000000000001","2020-10-16T14:45:26.847Z","AOI-552b9630-b106-4fe7-a1fa-97d04a0010ef",SecurityEvent,
"552b9630-b106-4fe7-a1fa-97d04a0010ef","2020-10-16T14:45:25.99Z",OpsManager,"SJHS-NT\SJF-N5B-F11RW12$",Machine,"ADSAPPPP-018.stjoe.org","Microsoft-Windows-Security-Auditing",Security,12544,8,,4624,"4624 - An account was successfully logged on.",,,,,,,,,,,,,,,,,,null,null,Kerberos,,,null,,,,,,,,,,,,,,,,,,,,,,,,,,,,null,,,,,,,,,,,,,,,,"%%1833",,"10.194.238.180",53381,0,"-",,,,,,"255f8912-72b0-ff22-6aac-7d462e169e2b",,,Kerberos,3,"3 - Network",,,,,,,,,,,,,,,,,,,,,,,,,,,,,,,,,,,,,,,,,,,,,,,,,"-",0x0,"-",,,,,,,,,,,,,,,,,,,,,,,null,,,,,,,"-\-",,,,"-",,0x0,,,"-","S-1-0-0",,,"SJHS-NT\SJF-N5B-F11RW12$","SJHS-NT",,,,0x3b02ba9c5,,,,,,"SJF-N5B-F11RW12$","S-1-5-21-798254582-200106796-1537874043-316554",,,,,,,,"-",,,,,,,,"-","3d178505-6738-487b-8446-e606abdefd74","9a14a8ce-e5d8-4fd8-a7fd-56321301c667","00000000-0000-0000-0000-000000000001","2020-10-16T14:45:26.847Z","AOI-552b9630-b106-4fe7-a1fa-97d04a0010ef",SecurityEvent,
"552b9630-b106-4fe7-a1fa-97d04a0010ef","2020-10-16T14:45:25.99Z",OpsManager,"SJHS-NT\mhr-main-or",User,"ADSAPPPP-018.stjoe.org","Microsoft-Windows-Security-Auditing",Security,12544,8,,4624,"4624 - An account was successfully logged on.",,,,,,,,,,,,,,,,,,null,null,Kerberos,,,null,,,,,,,,,,,,,,,,,,,,,,,,,,,,null,,,,,,,,,,,,,,,,"%%1833",,"10.187.21.111",51266,0,"-",,,,,,"51c66eea-ad57-b107-2ba3-8861a36cedfa",,,Kerberos,3,"3 - Network",,,,,,,,,,,,,,,,,,,,,,,,,,,,,,,,,,,,,,,,,,,,,,,,,"-",0x0,"-",,,,,,,,,,,,,,,,,,,,,,,null,,,,,,,"-\-",,,,"-",,0x0,,,"-","S-1-0-0",,,"SJHS-NT\mhr-main-or","SJHS-NT",,,,0x3b02ba9d5,,,,,,"mhr-main-or","S-1-5-21-798254582-200106796-1537874043-173595",,,,,,,,"-",,,,,,,,"-","3d178505-6738-487b-8446-e606abdefd74","46454d91-6f26-439e-a1a5-e6849189c4d2","00000000-0000-0000-0000-000000000001","2020-10-16T14:45:26.847Z","AOI-552b9630-b106-4fe7-a1fa-97d04a0010ef",SecurityEvent,
"552b9630-b106-4fe7-a1fa-97d04a0010ef","2020-10-16T14:45:25.99Z",OpsManager,"SJHS-NT\SJF-DDR-3KC6JH2$",Machine,"ADSAPPPP-018.stjoe.org","Microsoft-Windows-Security-Auditing",Security,12544,8,,4624,"4624 - An account was successfully logged on.",,,,,,,,,,,,,,,,,,null,null,Kerberos,,,null,,,,,,,,,,,,,,,,,,,,,,,,,,,,null,,,,,,,,,,,,,,,,"%%1833",,"10.194.220.246",61955,0,"-",,,,,,"26c9d28d-7f27-9178-cda4-1594a980575f",,,Kerberos,3,"3 - Network",,,,,,,,,,,,,,,,,,,,,,,,,,,,,,,,,,,,,,,,,,,,,,,,,"-",0x0,"-",,,,,,,,,,,,,,,,,,,,,,,null,,,,,,,"-\-",,,,"-",,0x0,,,"-","S-1-0-0",,,"SJHS-NT\SJF-DDR-3KC6JH2$","SJHS-NT",,,,0x3b02ba9e5,,,,,,"SJF-DDR-3KC6JH2$","S-1-5-21-798254582-200106796-1537874043-563811",,,,,,,,"-",,,,,,,,"-","3d178505-6738-487b-8446-e606abdefd74","3df653ee-c365-42e1-8d73-c4a93eba7a0b","00000000-0000-0000-0000-000000000001","2020-10-16T14:45:26.847Z","AOI-552b9630-b106-4fe7-a1fa-97d04a0010ef",SecurityEvent,
"552b9630-b106-4fe7-a1fa-97d04a0010ef","2020-10-16T14:45:26.007Z",OpsManager,"SJHS-NT\NCDT1035501$",Machine,"ADSAPPPP-018.stjoe.org","Microsoft-Windows-Security-Auditing",Security,12544,8,,4624,"4624 - An account was successfully logged on.",,,,,,,,,,,,,,,,,,null,null,Kerberos,,,null,,,,,,,,,,,,,,,,,,,,,,,,,,,,null,,,,,,,,,,,,,,,,"%%1833",,"156.72.48.177",61368,0,"-",,,,,,"52365751-c29f-8a06-5603-248eb44da281",,,Kerberos,3,"3 - Network",,,,,,,,,,,,,,,,,,,,,,,,,,,,,,,,,,,,,,,,,,,,,,,,,"-",0x0,"-",,,,,,,,,,,,,,,,,,,,,,,null,,,,,,,"-\-",,,,"-",,0x0,,,"-","S-1-0-0",,,"SJHS-NT\NCDT1035501$","SJHS-NT",,,,0x3b02ba9fe,,,,,,"NCDT1035501$","S-1-5-21-798254582-200106796-1537874043-724056",,,,,,,,"-",,,,,,,,"-","3d178505-6738-487b-8446-e606abdefd74","a6065969-30e3-4e98-a170-249d8d3e984b","00000000-0000-0000-0000-000000000001","2020-10-16T14:45:26.847Z","AOI-552b9630-b106-4fe7-a1fa-97d04a0010ef",SecurityEvent,
"552b9630-b106-4fe7-a1fa-97d04a0010ef","2020-10-16T14:45:26.023Z",OpsManager,,,"ADSAPPPP-018.stjoe.org","Microsoft-Windows-Security-Auditing",Security,14339,16,"<EventData xmlns=""http://schemas.microsoft.com/win/2004/08/events/event"">
  <Data Name=""TargetUserName"">SVC-AzureAD-Connect</Data>
  <Data Name=""TargetSid"">S-1-5-21-798254582-200106796-1537874043-370654</Data>
  <Data Name=""ServiceName"">krbtgt/SJHS-NT</Data>
  <Data Name=""TicketOptions"">0x40810010</Data>
  <Data Name=""Status"">0x18</Data>
  <Data Name=""PreAuthType"">2</Data>
  <Data Name=""IpAddress"">::ffff:10.248.128.25</Data>
  <Data Name=""IpPort"">54285</Data>
  <Data Name=""CertIssuerName""></Data>
  <Data Name=""CertSerialNumber""></Data>
  <Data Name=""CertThumbprint""></Data>
</EventData>",4771,"4771 - Kerberos pre-authentication failed.",,,,,,,,,,,,,,,,,,null,null,,,,null,,,,,,,,,,,,,,,,,,,,,,,,,,,,null,,,,,,,,,,,,,,,,,,"::ffff:10.248.128.25",54285,null,,,,,,,,,,,null,,,,,,,,,,,,,,,,,,,,,,,,,,,,,,,,,,,,,,,,,,,,,,,,,,,,,,,,,,,,,,,,,,,,,,,,,,"krbtgt/SJHS-NT",null,,,,,,0x18,,,,,,,,,,,,,,"SVC-AzureAD-Connect",,,,,,,,,"S-1-5-21-798254582-200106796-1537874043-370654",,"SVC-AzureAD-Connect",,,,,,,,,,,,,,,,,,"3d178505-6738-487b-8446-e606abdefd74","957eac98-3185-43c6-8b2a-2a2b880cb4b3","00000000-0000-0000-0000-000000000001","2020-10-16T14:45:26.847Z","AOI-552b9630-b106-4fe7-a1fa-97d04a0010ef",SecurityEvent,
"552b9630-b106-4fe7-a1fa-97d04a0010ef","2020-10-16T14:45:26.023Z",OpsManager,"SJHS-NT\BUGBEEJ1",User,"ADSAPPPP-018.stjoe.org","Microsoft-Windows-Security-Auditing",Security,12545,8,,4634,"4634 - An account was logged off.",,,,,,,,,,,,,,,,,,null,null,,,,null,,,,,,,,,,,,,,,,,,,,,,,,,,,,null,,,,,,,,,,,,,,,,,,,,null,,,,,,,,,,,3,"3 - Network",,,,,,,,,,,,,,,,,,,,,,,,,,,,,,,,,,,,,,,,,,,,,,,,,,,,,,,,,,,,,,,,,,,,,,,,,,null,,,,,,,,,,,,,,,,,,,,"SJHS-NT\BUGBEEJ1","SJHS-NT",,,,0x3b02ba722,,,,,,BUGBEEJ1,"S-1-5-21-798254582-200106796-1537874043-142405",,,,,,,,,,,,,,,,,"3d178505-6738-487b-8446-e606abdefd74","817b0751-24d6-4c9f-ab4d-7fe92351b86f","00000000-0000-0000-0000-000000000001","2020-10-16T14:45:26.847Z","AOI-552b9630-b106-4fe7-a1fa-97d04a0010ef",SecurityEvent,
"552b9630-b106-4fe7-a1fa-97d04a0010ef","2020-10-16T14:45:26.037Z",OpsManager,"SJHS-NT\HMS-HPS-3R58GK2$",Machine,"ADSAPPPP-018.stjoe.org","Microsoft-Windows-Security-Auditing",Security,12544,8,,4624,"4624 - An account was successfully logged on.",,,,,,,,,,,,,,,,,,null,null,Kerberos,,,null,,,,,,,,,,,,,,,,,,,,,,,,,,,,null,,,,,,,,,,,,,,,,"%%1833",,"10.210.78.64",63500,0,"-",,,,,,"b505a526-6c61-ac21-9817-c8571f18997d",,,Kerberos,3,"3 - Network",,,,,,,,,,,,,,,,,,,,,,,,,,,,,,,,,,,,,,,,,,,,,,,,,"-",0x0,"-",,,,,,,,,,,,,,,,,,,,,,,null,,,,,,,"-\-",,,,"-",,0x0,,,"-","S-1-0-0",,,"SJHS-NT\HMS-HPS-3R58GK2$","SJHS-NT",,,,0x3b02baa51,,,,,,"HMS-HPS-3R58GK2$","S-1-5-21-798254582-200106796-1537874043-551867",,,,,,,,"-",,,,,,,,"-","3d178505-6738-487b-8446-e606abdefd74","0c5ffbe1-2f10-446e-8bbe-327f2a091723","00000000-0000-0000-0000-000000000001","2020-10-16T14:45:26.847Z","AOI-552b9630-b106-4fe7-a1fa-97d04a0010ef",SecurityEvent,
"552b9630-b106-4fe7-a1fa-97d04a0010ef","2020-10-16T14:45:26.037Z",OpsManager,,,"ADSAPPPP-018.stjoe.org","Microsoft-Windows-Security-Auditing",Security,14337,8,"<EventData xmlns=""http://schemas.microsoft.com/win/2004/08/events/event"">
  <Data Name=""TargetUserName"">LOCKETTNL1@STJOE.ORG</Data>
  <Data Name=""TargetDomainName"">STJOE.ORG</Data>
  <Data Name=""ServiceName"">AD.PROVIDENCE.ORG</Data>
  <Data Name=""ServiceSid"">S-1-5-21-798254582-200106796-1537874043-0</Data>
  <Data Name=""TicketOptions"">0x40810000</Data>
  <Data Name=""TicketEncryptionType"">0x12</Data>
  <Data Name=""IpAddress"">::ffff:10.194.147.244</Data>
  <Data Name=""IpPort"">53352</Data>
  <Data Name=""Status"">0x0</Data>
  <Data Name=""LogonGuid"">{8D8211CC-2CC0-238C-6C3F-541015556158}</Data>
  <Data Name=""TransmittedServices"">-</Data>
</EventData>",4769,"4769 - A Kerberos service ticket was requested.",,,,,,,,,,,,,,,,,,null,null,,,,null,,,,,,,,,,,,,,,,,,,,,,,,,,,,null,,,,,,,,,,,,,,,,,,,,null,,,,,,,,,,,null,,,,,,,,,,,,,,,,,,,,,,,,,,,,,,,,,,,,,,,,,,,,,,,,,,,,,,,,,,,,,,,,,,,,,,,,,,,null,,,,,,,,,,,,,,,,,,,,,,,,,,,,,,,,,,,,,,,,,,,,,,,,,"3d178505-6738-487b-8446-e606abdefd74","56309d42-4e20-426a-bf3b-b261122f4e1e","00000000-0000-0000-0000-000000000001","2020-10-16T14:45:26.847Z","AOI-552b9630-b106-4fe7-a1fa-97d04a0010ef",SecurityEvent,
"552b9630-b106-4fe7-a1fa-97d04a0010ef","2020-10-16T14:45:26.037Z",OpsManager,,,"ADSAPPPP-018.stjoe.org","Microsoft-Windows-Security-Auditing",Security,14339,16,"<EventData xmlns=""http://schemas.microsoft.com/win/2004/08/events/event"">
  <Data Name=""TargetUserName"">SVC-AzureAD-Connect</Data>
  <Data Name=""TargetSid"">S-1-5-21-798254582-200106796-1537874043-370654</Data>
  <Data Name=""ServiceName"">krbtgt/SJHS-NT</Data>
  <Data Name=""TicketOptions"">0x40810010</Data>
  <Data Name=""Status"">0x18</Data>
  <Data Name=""PreAuthType"">2</Data>
  <Data Name=""IpAddress"">::ffff:10.248.128.25</Data>
  <Data Name=""IpPort"">54287</Data>
  <Data Name=""CertIssuerName""></Data>
  <Data Name=""CertSerialNumber""></Data>
  <Data Name=""CertThumbprint""></Data>
</EventData>",4771,"4771 - Kerberos pre-authentication failed.",,,,,,,,,,,,,,,,,,null,null,,,,null,,,,,,,,,,,,,,,,,,,,,,,,,,,,null,,,,,,,,,,,,,,,,,,"::ffff:10.248.128.25",54287,null,,,,,,,,,,,null,,,,,,,,,,,,,,,,,,,,,,,,,,,,,,,,,,,,,,,,,,,,,,,,,,,,,,,,,,,,,,,,,,,,,,,,,,"krbtgt/SJHS-NT",null,,,,,,0x18,,,,,,,,,,,,,,"SVC-AzureAD-Connect",,,,,,,,,"S-1-5-21-798254582-200106796-1537874043-370654",,"SVC-AzureAD-Connect",,,,,,,,,,,,,,,,,,"3d178505-6738-487b-8446-e606abdefd74","97e79089-3ab2-4d34-b483-d2aaa45215b9","00000000-0000-0000-0000-000000000001","2020-10-16T14:45:26.847Z","AOI-552b9630-b106-4fe7-a1fa-97d04a0010ef",SecurityEvent,
"552b9630-b106-4fe7-a1fa-97d04a0010ef","2020-10-16T14:45:26.053Z",OpsManager,,,"ADSAPPPP-018.stjoe.org","Microsoft-Windows-Security-Auditing",Security,14336,8,"<EventData xmlns=""http://schemas.microsoft.com/win/2004/08/events/event"">
  <Data Name=""PackageName"">MICROSOFT_AUTHENTICATION_PACKAGE_V1_0</Data>
  <Data Name=""TargetUserName"">MCCLELLAD1</Data>
  <Data Name=""Workstation"">ADSAPPPP-018</Data>
  <Data Name=""Status"">0x0</Data>
</EventData>",4776,"4776 - The domain controller attempted to validate the credentials for an account.",,,,,,,,,,,,,,,,,,null,null,,,,null,,,,,,,,,,,,,,,,,,,,,,,,,,,,null,,,,,,,,,,,,,,,,,,,,null,,,,,,,,,,,null,,,,,,,,,,,,,,,,,,,,,,,,,,,,,,,,,,,,,,,,"MICROSOFT_AUTHENTICATION_PACKAGE_V1_0",,,,,,,,,,,,,,,,,,,,,,,,,,,,,,,,,,,null,,,,,,0x0,,,,,,,,,,,,,,MCCLELLAD1,,,,,,,,,,,MCCLELLAD1,,,,,,,,,,,,,,,,"ADSAPPPP-018",,"3d178505-6738-487b-8446-e606abdefd74","31f713cb-272c-4786-9c91-f7728a865cb6","00000000-0000-0000-0000-000000000001","2020-10-16T14:45:26.847Z","AOI-552b9630-b106-4fe7-a1fa-97d04a0010ef",SecurityEvent,
"552b9630-b106-4fe7-a1fa-97d04a0010ef","2020-10-16T14:45:26.053Z",OpsManager,"SJHS-NT\ADSAPPPP-018$",Machine,"ADSAPPPP-018.stjoe.org","Microsoft-Windows-Security-Auditing",Security,12544,8,,4648,"4648 - A logon was attempted using explicit credentials.",,,,,,,,,,,,,,,,,,null,null,,,,null,,,,,,,,,,,,,,,,,,,,,,,,,,,,null,,,,,,,,,,,,,,,,,,"10.250.109.232",33645,null,,,,,,,"856aec15-1888-c531-d745-c8fc0db98d81",,,,null,,,,,,,,,,,,,,,,,,,,,,,,,,,,,,,,,,,,,,,,,,,,,,,,,,"lsass.exe",0x334,"C:\Windows\System32\lsass.exe",,,,,,,,,,,,,,,,,,,,,,,null,,,,,,,"SJHS-NT\ADSAPPPP-018$",,,,"SJHS-NT",,0x3e7,,,"ADSAPPPP-018$","S-1-5-18",,,"SJHS-NT\MCCLELLAD1","SJHS-NT",localhost,,"00000000-0000-0000-0000-000000000000",,,,localhost,,,MCCLELLAD1,,,,,,,,,,,,,,,,,,"3d178505-6738-487b-8446-e606abdefd74","58fc06d8-b095-4afd-a59b-358dce9f79f7","00000000-0000-0000-0000-000000000001","2020-10-16T14:45:26.847Z","AOI-552b9630-b106-4fe7-a1fa-97d04a0010ef",SecurityEvent,
"552b9630-b106-4fe7-a1fa-97d04a0010ef","2020-10-16T14:45:26.053Z",OpsManager,"SJHS-NT\MCCLELLAD1",User,"ADSAPPPP-018.stjoe.org","Microsoft-Windows-Security-Auditing",Security,12544,8,,4624,"4624 - An account was successfully logged on.",,,,,,,,,,,,,,,,,,null,null,"MICROSOFT_AUTHENTICATION_PACKAGE_V1_0",,,null,,,,,,,,,,,,,,,,,,,,,,,,,,,,null,,,,,,,,,,,,,,,,"%%1833",,"10.250.109.232",33645,0,"-",,,,,,"00000000-0000-0000-0000-000000000000",,,"Advapi  ",3,"3 - Network",,,,,,,,,,,,,,,,,,,,,,,,,,,,,,,,,,,,,,,,,,,,,,,,,"lsass.exe",0x334,"C:\Windows\System32\lsass.exe",,,,,,,,,,,,,,,,,,,,,,,null,,,,,,,"SJHS-NT\ADSAPPPP-018$",,,,"SJHS-NT",,0x3e7,,,"ADSAPPPP-018$","S-1-5-18",,,"SJHS-NT\MCCLELLAD1","SJHS-NT",,,,0x3b02baa70,,,,,,MCCLELLAD1,"S-1-5-21-798254582-200106796-1537874043-419055",,,,,,,,"-",,,,,,,,"ADSAPPPP-018","3d178505-6738-487b-8446-e606abdefd74","73ce5fd2-6110-46f0-ab01-4b7595e11b18","00000000-0000-0000-0000-000000000001","2020-10-16T14:45:26.847Z","AOI-552b9630-b106-4fe7-a1fa-97d04a0010ef",SecurityEvent,
"552b9630-b106-4fe7-a1fa-97d04a0010ef","2020-10-16T14:45:26.07Z",OpsManager,,,"ADSAPPPP-018.stjoe.org","Microsoft-Windows-Security-Auditing",Security,14339,8,"<EventData xmlns=""http://schemas.microsoft.com/win/2004/08/events/event"">
  <Data Name=""TargetUserName"">LAFARGUEB1</Data>
  <Data Name=""TargetDomainName"">STJOE.ORG</Data>
  <Data Name=""TargetSid"">S-1-5-21-798254582-200106796-1537874043-432096</Data>
  <Data Name=""ServiceName"">krbtgt</Data>
  <Data Name=""ServiceSid"">S-1-5-21-798254582-200106796-1537874043-502</Data>
  <Data Name=""TicketOptions"">0x40810010</Data>
  <Data Name=""Status"">0x0</Data>
  <Data Name=""TicketEncryptionType"">0x12</Data>
  <Data Name=""PreAuthType"">2</Data>
  <Data Name=""IpAddress"">::ffff:10.249.3.65</Data>
  <Data Name=""IpPort"">57654</Data>
  <Data Name=""CertIssuerName""></Data>
  <Data Name=""CertSerialNumber""></Data>
  <Data Name=""CertThumbprint""></Data>
</EventData>",4768,"4768 - A Kerberos authentication ticket (TGT) was requested.",,,,,,,,,,,,,,,,,,null,null,,,,null,,,,,,,,,,,,,,,,,,,,,,,,,,,,null,,,,,,,,,,,,,,,,,,"::ffff:10.249.3.65",57654,null,,,,,,,,,,,null,,,,,,,,,,,,,,,,,,,,,,,,,,,,,,,,,,,,,,,,,,,,,,,,,,,,,,,,,,,,,,,,,,,,,,,,,,krbtgt,null,,,,,,0x0,,,,,,,,,,,,,,"STJOE.ORG\LAFARGUEB1","STJOE.ORG",,,,,,,,"S-1-5-21-798254582-200106796-1537874043-432096",,LAFARGUEB1,,,,,,,,,,,,,,,,,,"3d178505-6738-487b-8446-e606abdefd74","87bf0549-0920-45b2-b6fe-2a607913d1d3","00000000-0000-0000-0000-000000000001","2020-10-16T14:45:26.847Z","AOI-552b9630-b106-4fe7-a1fa-97d04a0010ef",SecurityEvent,
"552b9630-b106-4fe7-a1fa-97d04a0010ef","2020-10-16T14:45:26.07Z",OpsManager,,,"ADSAPPPP-018.stjoe.org","Microsoft-Windows-Security-Auditing",Security,14337,8,"<EventData xmlns=""http://schemas.microsoft.com/win/2004/08/events/event"">
  <Data Name=""TargetUserName"">MIGENOVA@AD.PROVIDENCE.ORG</Data>
  <Data Name=""TargetDomainName"">AD.PROVIDENCE.ORG</Data>
  <Data Name=""ServiceName"">CTXXML6A013-VP$</Data>
  <Data Name=""ServiceSid"">S-1-5-21-798254582-200106796-1537874043-716466</Data>
  <Data Name=""TicketOptions"">0x40810000</Data>
  <Data Name=""TicketEncryptionType"">0x12</Data>
  <Data Name=""IpAddress"">::ffff:10.249.3.138</Data>
  <Data Name=""IpPort"">54199</Data>
  <Data Name=""Status"">0x0</Data>
  <Data Name=""LogonGuid"">{0C261EAD-F6E1-B7A0-FB5D-D2B3D639A02F}</Data>
  <Data Name=""TransmittedServices"">-</Data>
</EventData>",4769,"4769 - A Kerberos service ticket was requested.",,,,,,,,,,,,,,,,,,null,null,,,,null,,,,,,,,,,,,,,,,,,,,,,,,,,,,null,,,,,,,,,,,,,,,,,,,,null,,,,,,,,,,,null,,,,,,,,,,,,,,,,,,,,,,,,,,,,,,,,,,,,,,,,,,,,,,,,,,,,,,,,,,,,,,,,,,,,,,,,,,,null,,,,,,,,,,,,,,,,,,,,,,,,,,,,,,,,,,,,,,,,,,,,,,,,,"3d178505-6738-487b-8446-e606abdefd74","d50363fe-e6af-434b-9ded-9d29f46b14e0","00000000-0000-0000-0000-000000000001","2020-10-16T14:45:26.847Z","AOI-552b9630-b106-4fe7-a1fa-97d04a0010ef",SecurityEvent,
