"552b9630-b106-4fe7-a1fa-97d04a0010ef","2020-10-16T14:45:27.38Z",OpsManager,,,"wn54026.adi.swedish.org","Microsoft-Windows-Security-Auditing",Security,12810,8,"<EventData xmlns=""http://schemas.microsoft.com/win/2004/08/events/event"">
  <Data Name=""ProcessID"">1916</Data>
  <Data Name=""Application"">\device\harddiskvolume2\windows\system32\dns.exe</Data>
  <Data Name=""Direction"">%%14592</Data>
  <Data Name=""SourceAddress"">10.209.0.33</Data>
  <Data Name=""SourcePort"">53</Data>
  <Data Name=""DestAddress"">10.221.63.28</Data>
  <Data Name=""DestPort"">24729</Data>
  <Data Name=""Protocol"">17</Data>
  <Data Name=""FilterRTID"">68336</Data>
  <Data Name=""LayerName"">%%14610</Data>
  <Data Name=""LayerRTID"">44</Data>
  <Data Name=""RemoteUserID"">S-1-0-0</Data>
  <Data Name=""RemoteMachineID"">S-1-0-0</Data>
</EventData>",5156,"5156 - The Windows Filtering Platform has allowed a connection.",,,,,,,,,,,,,,,,,,null,null,,,,null,,,,,,,,,,,,,,,,,,,,,,,,,,,,null,,,,,,,,,,,,,,,,,,,,null,,,,,,,,,,,null,,,,,,,,,,,,,,,,,,,,,,,,,,,,,,,,,,,,,,,,,,,,,,,,,,,,,,,,,,,,,,,,,,,,,,,,,,,null,,,,,,,,,,,,,,,,,,,,,,,,,,,,,,,,,,,,,,,,,,,,,,,,,"6bb59ece-2f24-4788-98eb-ef0da4f6d213","7d5506de-26a5-4167-a08a-2011d8ece80c","00000000-0000-0000-0000-000000000001","2020-10-16T14:45:28.62Z","AOI-552b9630-b106-4fe7-a1fa-97d04a0010ef",SecurityEvent,
"552b9630-b106-4fe7-a1fa-97d04a0010ef","2020-10-16T14:45:27.397Z",OpsManager,,,"wn54026.adi.swedish.org","Microsoft-Windows-Security-Auditing",Security,12810,8,"<EventData xmlns=""http://schemas.microsoft.com/win/2004/08/events/event"">
  <Data Name=""ProcessID"">1916</Data>
  <Data Name=""Application"">\device\harddiskvolume2\windows\system32\dns.exe</Data>
  <Data Name=""Direction"">%%14592</Data>
  <Data Name=""SourceAddress"">10.209.0.33</Data>
  <Data Name=""SourcePort"">53</Data>
  <Data Name=""DestAddress"">10.216.24.118</Data>
  <Data Name=""DestPort"">64579</Data>
  <Data Name=""Protocol"">17</Data>
  <Data Name=""FilterRTID"">68336</Data>
  <Data Name=""LayerName"">%%14610</Data>
  <Data Name=""LayerRTID"">44</Data>
  <Data Name=""RemoteUserID"">S-1-0-0</Data>
  <Data Name=""RemoteMachineID"">S-1-0-0</Data>
</EventData>",5156,"5156 - The Windows Filtering Platform has allowed a connection.",,,,,,,,,,,,,,,,,,null,null,,,,null,,,,,,,,,,,,,,,,,,,,,,,,,,,,null,,,,,,,,,,,,,,,,,,,,null,,,,,,,,,,,null,,,,,,,,,,,,,,,,,,,,,,,,,,,,,,,,,,,,,,,,,,,,,,,,,,,,,,,,,,,,,,,,,,,,,,,,,,,null,,,,,,,,,,,,,,,,,,,,,,,,,,,,,,,,,,,,,,,,,,,,,,,,,"6bb59ece-2f24-4788-98eb-ef0da4f6d213","6a0253c4-3c63-49fd-bee4-f33f78bc1cd1","00000000-0000-0000-0000-000000000001","2020-10-16T14:45:28.62Z","AOI-552b9630-b106-4fe7-a1fa-97d04a0010ef",SecurityEvent,
"552b9630-b106-4fe7-a1fa-97d04a0010ef","2020-10-16T14:45:27.397Z",OpsManager,,,"wn54026.adi.swedish.org","Microsoft-Windows-Security-Auditing",Security,12810,8,"<EventData xmlns=""http://schemas.microsoft.com/win/2004/08/events/event"">
  <Data Name=""ProcessID"">1916</Data>
  <Data Name=""Application"">\device\harddiskvolume2\windows\system32\dns.exe</Data>
  <Data Name=""Direction"">%%14593</Data>
  <Data Name=""SourceAddress"">10.209.0.33</Data>
  <Data Name=""SourcePort"">58593</Data>
  <Data Name=""DestAddress"">170.173.166.32</Data>
  <Data Name=""DestPort"">53</Data>
  <Data Name=""Protocol"">17</Data>
  <Data Name=""FilterRTID"">70019</Data>
  <Data Name=""LayerName"">%%14611</Data>
  <Data Name=""LayerRTID"">48</Data>
  <Data Name=""RemoteUserID"">S-1-0-0</Data>
  <Data Name=""RemoteMachineID"">S-1-0-0</Data>
</EventData>",5156,"5156 - The Windows Filtering Platform has allowed a connection.",,,,,,,,,,,,,,,,,,null,null,,,,null,,,,,,,,,,,,,,,,,,,,,,,,,,,,null,,,,,,,,,,,,,,,,,,,,null,,,,,,,,,,,null,,,,,,,,,,,,,,,,,,,,,,,,,,,,,,,,,,,,,,,,,,,,,,,,,,,,,,,,,,,,,,,,,,,,,,,,,,,null,,,,,,,,,,,,,,,,,,,,,,,,,,,,,,,,,,,,,,,,,,,,,,,,,"6bb59ece-2f24-4788-98eb-ef0da4f6d213","9a5a2afd-69c0-4938-aeab-268528d86a3d","00000000-0000-0000-0000-000000000001","2020-10-16T14:45:28.62Z","AOI-552b9630-b106-4fe7-a1fa-97d04a0010ef",SecurityEvent,
"552b9630-b106-4fe7-a1fa-97d04a0010ef","2020-10-16T14:45:27.397Z",OpsManager,,,"wn54026.adi.swedish.org","Microsoft-Windows-Security-Auditing",Security,12810,8,"<EventData xmlns=""http://schemas.microsoft.com/win/2004/08/events/event"">
  <Data Name=""ProcessID"">1916</Data>
  <Data Name=""Application"">\device\harddiskvolume2\windows\system32\dns.exe</Data>
  <Data Name=""Direction"">%%14592</Data>
  <Data Name=""SourceAddress"">10.209.0.33</Data>
  <Data Name=""SourcePort"">53</Data>
  <Data Name=""DestAddress"">10.221.63.28</Data>
  <Data Name=""DestPort"">48350</Data>
  <Data Name=""Protocol"">17</Data>
  <Data Name=""FilterRTID"">68336</Data>
  <Data Name=""LayerName"">%%14610</Data>
  <Data Name=""LayerRTID"">44</Data>
  <Data Name=""RemoteUserID"">S-1-0-0</Data>
  <Data Name=""RemoteMachineID"">S-1-0-0</Data>
</EventData>",5156,"5156 - The Windows Filtering Platform has allowed a connection.",,,,,,,,,,,,,,,,,,null,null,,,,null,,,,,,,,,,,,,,,,,,,,,,,,,,,,null,,,,,,,,,,,,,,,,,,,,null,,,,,,,,,,,null,,,,,,,,,,,,,,,,,,,,,,,,,,,,,,,,,,,,,,,,,,,,,,,,,,,,,,,,,,,,,,,,,,,,,,,,,,,null,,,,,,,,,,,,,,,,,,,,,,,,,,,,,,,,,,,,,,,,,,,,,,,,,"6bb59ece-2f24-4788-98eb-ef0da4f6d213","f8fae4fe-5082-41e2-a05f-852ee68558fe","00000000-0000-0000-0000-000000000001","2020-10-16T14:45:28.62Z","AOI-552b9630-b106-4fe7-a1fa-97d04a0010ef",SecurityEvent,
"552b9630-b106-4fe7-a1fa-97d04a0010ef","2020-10-16T14:45:27.41Z",OpsManager,,,"wn54026.adi.swedish.org","Microsoft-Windows-Security-Auditing",Security,12810,8,"<EventData xmlns=""http://schemas.microsoft.com/win/2004/08/events/event"">
  <Data Name=""ProcessID"">1916</Data>
  <Data Name=""Application"">\device\harddiskvolume2\windows\system32\dns.exe</Data>
  <Data Name=""Direction"">%%14592</Data>
  <Data Name=""SourceAddress"">10.209.0.33</Data>
  <Data Name=""SourcePort"">53</Data>
  <Data Name=""DestAddress"">10.221.63.28</Data>
  <Data Name=""DestPort"">42613</Data>
  <Data Name=""Protocol"">17</Data>
  <Data Name=""FilterRTID"">68336</Data>
  <Data Name=""LayerName"">%%14610</Data>
  <Data Name=""LayerRTID"">44</Data>
  <Data Name=""RemoteUserID"">S-1-0-0</Data>
  <Data Name=""RemoteMachineID"">S-1-0-0</Data>
</EventData>",5156,"5156 - The Windows Filtering Platform has allowed a connection.",,,,,,,,,,,,,,,,,,null,null,,,,null,,,,,,,,,,,,,,,,,,,,,,,,,,,,null,,,,,,,,,,,,,,,,,,,,null,,,,,,,,,,,null,,,,,,,,,,,,,,,,,,,,,,,,,,,,,,,,,,,,,,,,,,,,,,,,,,,,,,,,,,,,,,,,,,,,,,,,,,,null,,,,,,,,,,,,,,,,,,,,,,,,,,,,,,,,,,,,,,,,,,,,,,,,,"6bb59ece-2f24-4788-98eb-ef0da4f6d213","66e3b056-ebb7-47c7-b1a1-ab15adf0a6ec","00000000-0000-0000-0000-000000000001","2020-10-16T14:45:28.62Z","AOI-552b9630-b106-4fe7-a1fa-97d04a0010ef",SecurityEvent,
"552b9630-b106-4fe7-a1fa-97d04a0010ef","2020-10-16T14:45:27.41Z",OpsManager,,,"wn54026.adi.swedish.org","Microsoft-Windows-Security-Auditing",Security,12810,8,"<EventData xmlns=""http://schemas.microsoft.com/win/2004/08/events/event"">
  <Data Name=""ProcessID"">1916</Data>
  <Data Name=""Application"">\device\harddiskvolume2\windows\system32\dns.exe</Data>
  <Data Name=""Direction"">%%14592</Data>
  <Data Name=""SourceAddress"">10.209.0.33</Data>
  <Data Name=""SourcePort"">53</Data>
  <Data Name=""DestAddress"">10.211.196.120</Data>
  <Data Name=""DestPort"">62137</Data>
  <Data Name=""Protocol"">17</Data>
  <Data Name=""FilterRTID"">68336</Data>
  <Data Name=""LayerName"">%%14610</Data>
  <Data Name=""LayerRTID"">44</Data>
  <Data Name=""RemoteUserID"">S-1-0-0</Data>
  <Data Name=""RemoteMachineID"">S-1-0-0</Data>
</EventData>",5156,"5156 - The Windows Filtering Platform has allowed a connection.",,,,,,,,,,,,,,,,,,null,null,,,,null,,,,,,,,,,,,,,,,,,,,,,,,,,,,null,,,,,,,,,,,,,,,,,,,,null,,,,,,,,,,,null,,,,,,,,,,,,,,,,,,,,,,,,,,,,,,,,,,,,,,,,,,,,,,,,,,,,,,,,,,,,,,,,,,,,,,,,,,,null,,,,,,,,,,,,,,,,,,,,,,,,,,,,,,,,,,,,,,,,,,,,,,,,,"6bb59ece-2f24-4788-98eb-ef0da4f6d213","f7dd2ee2-cdc0-4066-96b9-7f69b3528182","00000000-0000-0000-0000-000000000001","2020-10-16T14:45:28.62Z","AOI-552b9630-b106-4fe7-a1fa-97d04a0010ef",SecurityEvent,
"552b9630-b106-4fe7-a1fa-97d04a0010ef","2020-10-16T14:45:27.41Z",OpsManager,,,"wn54026.adi.swedish.org","Microsoft-Windows-Security-Auditing",Security,12810,8,"<EventData xmlns=""http://schemas.microsoft.com/win/2004/08/events/event"">
  <Data Name=""ProcessID"">1916</Data>
  <Data Name=""Application"">\device\harddiskvolume2\windows\system32\dns.exe</Data>
  <Data Name=""Direction"">%%14593</Data>
  <Data Name=""SourceAddress"">10.209.0.33</Data>
  <Data Name=""SourcePort"">52964</Data>
  <Data Name=""DestAddress"">170.173.166.32</Data>
  <Data Name=""DestPort"">53</Data>
  <Data Name=""Protocol"">17</Data>
  <Data Name=""FilterRTID"">70019</Data>
  <Data Name=""LayerName"">%%14611</Data>
  <Data Name=""LayerRTID"">48</Data>
  <Data Name=""RemoteUserID"">S-1-0-0</Data>
  <Data Name=""RemoteMachineID"">S-1-0-0</Data>
</EventData>",5156,"5156 - The Windows Filtering Platform has allowed a connection.",,,,,,,,,,,,,,,,,,null,null,,,,null,,,,,,,,,,,,,,,,,,,,,,,,,,,,null,,,,,,,,,,,,,,,,,,,,null,,,,,,,,,,,null,,,,,,,,,,,,,,,,,,,,,,,,,,,,,,,,,,,,,,,,,,,,,,,,,,,,,,,,,,,,,,,,,,,,,,,,,,,null,,,,,,,,,,,,,,,,,,,,,,,,,,,,,,,,,,,,,,,,,,,,,,,,,"6bb59ece-2f24-4788-98eb-ef0da4f6d213","8e7c6fcd-d42c-48ac-b997-1e2f74b1d796","00000000-0000-0000-0000-000000000001","2020-10-16T14:45:28.62Z","AOI-552b9630-b106-4fe7-a1fa-97d04a0010ef",SecurityEvent,
"552b9630-b106-4fe7-a1fa-97d04a0010ef","2020-10-16T14:45:27.427Z",OpsManager,,,"wn54026.adi.swedish.org","Microsoft-Windows-Security-Auditing",Security,12810,8,"<EventData xmlns=""http://schemas.microsoft.com/win/2004/08/events/event"">
  <Data Name=""ProcessID"">684</Data>
  <Data Name=""Application"">\device\harddiskvolume2\windows\system32\lsass.exe</Data>
  <Data Name=""Direction"">%%14592</Data>
  <Data Name=""SourceAddress"">10.209.0.33</Data>
  <Data Name=""SourcePort"">389</Data>
  <Data Name=""DestAddress"">10.222.94.19</Data>
  <Data Name=""DestPort"">50170</Data>
  <Data Name=""Protocol"">17</Data>
  <Data Name=""FilterRTID"">68336</Data>
  <Data Name=""LayerName"">%%14610</Data>
  <Data Name=""LayerRTID"">44</Data>
  <Data Name=""RemoteUserID"">S-1-0-0</Data>
  <Data Name=""RemoteMachineID"">S-1-0-0</Data>
</EventData>",5156,"5156 - The Windows Filtering Platform has allowed a connection.",,,,,,,,,,,,,,,,,,null,null,,,,null,,,,,,,,,,,,,,,,,,,,,,,,,,,,null,,,,,,,,,,,,,,,,,,,,null,,,,,,,,,,,null,,,,,,,,,,,,,,,,,,,,,,,,,,,,,,,,,,,,,,,,,,,,,,,,,,,,,,,,,,,,,,,,,,,,,,,,,,,null,,,,,,,,,,,,,,,,,,,,,,,,,,,,,,,,,,,,,,,,,,,,,,,,,"6bb59ece-2f24-4788-98eb-ef0da4f6d213","39507eb4-f01a-445a-8044-e7d4d00c113b","00000000-0000-0000-0000-000000000001","2020-10-16T14:45:28.62Z","AOI-552b9630-b106-4fe7-a1fa-97d04a0010ef",SecurityEvent,
"552b9630-b106-4fe7-a1fa-97d04a0010ef","2020-10-16T14:45:27.427Z",OpsManager,,,"wn54026.adi.swedish.org","Microsoft-Windows-Security-Auditing",Security,12810,8,"<EventData xmlns=""http://schemas.microsoft.com/win/2004/08/events/event"">
  <Data Name=""ProcessID"">1916</Data>
  <Data Name=""Application"">\device\harddiskvolume2\windows\system32\dns.exe</Data>
  <Data Name=""Direction"">%%14592</Data>
  <Data Name=""SourceAddress"">10.209.0.33</Data>
  <Data Name=""SourcePort"">53</Data>
  <Data Name=""DestAddress"">10.216.132.47</Data>
  <Data Name=""DestPort"">51127</Data>
  <Data Name=""Protocol"">17</Data>
  <Data Name=""FilterRTID"">68336</Data>
  <Data Name=""LayerName"">%%14610</Data>
  <Data Name=""LayerRTID"">44</Data>
  <Data Name=""RemoteUserID"">S-1-0-0</Data>
  <Data Name=""RemoteMachineID"">S-1-0-0</Data>
</EventData>",5156,"5156 - The Windows Filtering Platform has allowed a connection.",,,,,,,,,,,,,,,,,,null,null,,,,null,,,,,,,,,,,,,,,,,,,,,,,,,,,,null,,,,,,,,,,,,,,,,,,,,null,,,,,,,,,,,null,,,,,,,,,,,,,,,,,,,,,,,,,,,,,,,,,,,,,,,,,,,,,,,,,,,,,,,,,,,,,,,,,,,,,,,,,,,null,,,,,,,,,,,,,,,,,,,,,,,,,,,,,,,,,,,,,,,,,,,,,,,,,"6bb59ece-2f24-4788-98eb-ef0da4f6d213","cfdb19c7-7339-4c0a-b683-72e0e26f3011","00000000-0000-0000-0000-000000000001","2020-10-16T14:45:28.62Z","AOI-552b9630-b106-4fe7-a1fa-97d04a0010ef",SecurityEvent,
"552b9630-b106-4fe7-a1fa-97d04a0010ef","2020-10-16T14:45:27.443Z",OpsManager,,,"wn54026.adi.swedish.org","Microsoft-Windows-Security-Auditing",Security,12810,8,"<EventData xmlns=""http://schemas.microsoft.com/win/2004/08/events/event"">
  <Data Name=""ProcessID"">1916</Data>
  <Data Name=""Application"">\device\harddiskvolume2\windows\system32\dns.exe</Data>
  <Data Name=""Direction"">%%14592</Data>
  <Data Name=""SourceAddress"">10.209.0.33</Data>
  <Data Name=""SourcePort"">53</Data>
  <Data Name=""DestAddress"">10.222.212.17</Data>
  <Data Name=""DestPort"">8047</Data>
  <Data Name=""Protocol"">17</Data>
  <Data Name=""FilterRTID"">68336</Data>
  <Data Name=""LayerName"">%%14610</Data>
  <Data Name=""LayerRTID"">44</Data>
  <Data Name=""RemoteUserID"">S-1-0-0</Data>
  <Data Name=""RemoteMachineID"">S-1-0-0</Data>
</EventData>",5156,"5156 - The Windows Filtering Platform has allowed a connection.",,,,,,,,,,,,,,,,,,null,null,,,,null,,,,,,,,,,,,,,,,,,,,,,,,,,,,null,,,,,,,,,,,,,,,,,,,,null,,,,,,,,,,,null,,,,,,,,,,,,,,,,,,,,,,,,,,,,,,,,,,,,,,,,,,,,,,,,,,,,,,,,,,,,,,,,,,,,,,,,,,,null,,,,,,,,,,,,,,,,,,,,,,,,,,,,,,,,,,,,,,,,,,,,,,,,,"6bb59ece-2f24-4788-98eb-ef0da4f6d213","a9c795cb-a8bb-4d50-9c1b-7f725b868bce","00000000-0000-0000-0000-000000000001","2020-10-16T14:45:28.62Z","AOI-552b9630-b106-4fe7-a1fa-97d04a0010ef",SecurityEvent,
"552b9630-b106-4fe7-a1fa-97d04a0010ef","2020-10-16T14:45:27.457Z",OpsManager,,,"wn54026.adi.swedish.org","Microsoft-Windows-Security-Auditing",Security,12810,8,"<EventData xmlns=""http://schemas.microsoft.com/win/2004/08/events/event"">
  <Data Name=""ProcessID"">1916</Data>
  <Data Name=""Application"">\device\harddiskvolume2\windows\system32\dns.exe</Data>
  <Data Name=""Direction"">%%14592</Data>
  <Data Name=""SourceAddress"">10.209.0.33</Data>
  <Data Name=""SourcePort"">53</Data>
  <Data Name=""DestAddress"">10.36.170.45</Data>
  <Data Name=""DestPort"">5364</Data>
  <Data Name=""Protocol"">17</Data>
  <Data Name=""FilterRTID"">68336</Data>
  <Data Name=""LayerName"">%%14610</Data>
  <Data Name=""LayerRTID"">44</Data>
  <Data Name=""RemoteUserID"">S-1-0-0</Data>
  <Data Name=""RemoteMachineID"">S-1-0-0</Data>
</EventData>",5156,"5156 - The Windows Filtering Platform has allowed a connection.",,,,,,,,,,,,,,,,,,null,null,,,,null,,,,,,,,,,,,,,,,,,,,,,,,,,,,null,,,,,,,,,,,,,,,,,,,,null,,,,,,,,,,,null,,,,,,,,,,,,,,,,,,,,,,,,,,,,,,,,,,,,,,,,,,,,,,,,,,,,,,,,,,,,,,,,,,,,,,,,,,,null,,,,,,,,,,,,,,,,,,,,,,,,,,,,,,,,,,,,,,,,,,,,,,,,,"6bb59ece-2f24-4788-98eb-ef0da4f6d213","5a14108a-a4c5-4c3f-8393-b6d13dfa4b42","00000000-0000-0000-0000-000000000001","2020-10-16T14:45:28.62Z","AOI-552b9630-b106-4fe7-a1fa-97d04a0010ef",SecurityEvent,
"552b9630-b106-4fe7-a1fa-97d04a0010ef","2020-10-16T14:45:27.473Z",OpsManager,,,"wn54026.adi.swedish.org","Microsoft-Windows-Security-Auditing",Security,12810,8,"<EventData xmlns=""http://schemas.microsoft.com/win/2004/08/events/event"">
  <Data Name=""ProcessID"">1916</Data>
  <Data Name=""Application"">\device\harddiskvolume2\windows\system32\dns.exe</Data>
  <Data Name=""Direction"">%%14592</Data>
  <Data Name=""SourceAddress"">10.209.0.33</Data>
  <Data Name=""SourcePort"">53</Data>
  <Data Name=""DestAddress"">10.216.120.76</Data>
  <Data Name=""DestPort"">61620</Data>
  <Data Name=""Protocol"">17</Data>
  <Data Name=""FilterRTID"">68336</Data>
  <Data Name=""LayerName"">%%14610</Data>
  <Data Name=""LayerRTID"">44</Data>
  <Data Name=""RemoteUserID"">S-1-0-0</Data>
  <Data Name=""RemoteMachineID"">S-1-0-0</Data>
</EventData>",5156,"5156 - The Windows Filtering Platform has allowed a connection.",,,,,,,,,,,,,,,,,,null,null,,,,null,,,,,,,,,,,,,,,,,,,,,,,,,,,,null,,,,,,,,,,,,,,,,,,,,null,,,,,,,,,,,null,,,,,,,,,,,,,,,,,,,,,,,,,,,,,,,,,,,,,,,,,,,,,,,,,,,,,,,,,,,,,,,,,,,,,,,,,,,null,,,,,,,,,,,,,,,,,,,,,,,,,,,,,,,,,,,,,,,,,,,,,,,,,"6bb59ece-2f24-4788-98eb-ef0da4f6d213","713c4f33-3351-4ab0-83c7-14b66d7c2014","00000000-0000-0000-0000-000000000001","2020-10-16T14:45:28.62Z","AOI-552b9630-b106-4fe7-a1fa-97d04a0010ef",SecurityEvent,
"552b9630-b106-4fe7-a1fa-97d04a0010ef","2020-10-16T14:45:27.473Z",OpsManager,,,"wn54026.adi.swedish.org","Microsoft-Windows-Security-Auditing",Security,12810,8,"<EventData xmlns=""http://schemas.microsoft.com/win/2004/08/events/event"">
  <Data Name=""ProcessID"">1916</Data>
  <Data Name=""Application"">\device\harddiskvolume2\windows\system32\dns.exe</Data>
  <Data Name=""Direction"">%%14592</Data>
  <Data Name=""SourceAddress"">10.209.0.33</Data>
  <Data Name=""SourcePort"">53</Data>
  <Data Name=""DestAddress"">10.212.184.43</Data>
  <Data Name=""DestPort"">61341</Data>
  <Data Name=""Protocol"">17</Data>
  <Data Name=""FilterRTID"">68336</Data>
  <Data Name=""LayerName"">%%14610</Data>
  <Data Name=""LayerRTID"">44</Data>
  <Data Name=""RemoteUserID"">S-1-0-0</Data>
  <Data Name=""RemoteMachineID"">S-1-0-0</Data>
</EventData>",5156,"5156 - The Windows Filtering Platform has allowed a connection.",,,,,,,,,,,,,,,,,,null,null,,,,null,,,,,,,,,,,,,,,,,,,,,,,,,,,,null,,,,,,,,,,,,,,,,,,,,null,,,,,,,,,,,null,,,,,,,,,,,,,,,,,,,,,,,,,,,,,,,,,,,,,,,,,,,,,,,,,,,,,,,,,,,,,,,,,,,,,,,,,,,null,,,,,,,,,,,,,,,,,,,,,,,,,,,,,,,,,,,,,,,,,,,,,,,,,"6bb59ece-2f24-4788-98eb-ef0da4f6d213","d1f0d138-397c-4824-9b25-0b31f7b6c578","00000000-0000-0000-0000-000000000001","2020-10-16T14:45:28.62Z","AOI-552b9630-b106-4fe7-a1fa-97d04a0010ef",SecurityEvent,
"552b9630-b106-4fe7-a1fa-97d04a0010ef","2020-10-16T14:45:27.49Z",OpsManager,,,"wn54026.adi.swedish.org","Microsoft-Windows-Security-Auditing",Security,12810,8,"<EventData xmlns=""http://schemas.microsoft.com/win/2004/08/events/event"">
  <Data Name=""ProcessID"">1916</Data>
  <Data Name=""Application"">\device\harddiskvolume2\windows\system32\dns.exe</Data>
  <Data Name=""Direction"">%%14593</Data>
  <Data Name=""SourceAddress"">10.209.0.33</Data>
  <Data Name=""SourcePort"">58789</Data>
  <Data Name=""DestAddress"">170.173.166.32</Data>
  <Data Name=""DestPort"">53</Data>
  <Data Name=""Protocol"">17</Data>
  <Data Name=""FilterRTID"">70019</Data>
  <Data Name=""LayerName"">%%14611</Data>
  <Data Name=""LayerRTID"">48</Data>
  <Data Name=""RemoteUserID"">S-1-0-0</Data>
  <Data Name=""RemoteMachineID"">S-1-0-0</Data>
</EventData>",5156,"5156 - The Windows Filtering Platform has allowed a connection.",,,,,,,,,,,,,,,,,,null,null,,,,null,,,,,,,,,,,,,,,,,,,,,,,,,,,,null,,,,,,,,,,,,,,,,,,,,null,,,,,,,,,,,null,,,,,,,,,,,,,,,,,,,,,,,,,,,,,,,,,,,,,,,,,,,,,,,,,,,,,,,,,,,,,,,,,,,,,,,,,,,null,,,,,,,,,,,,,,,,,,,,,,,,,,,,,,,,,,,,,,,,,,,,,,,,,"6bb59ece-2f24-4788-98eb-ef0da4f6d213","5f0a18eb-e312-46c6-84fe-8b10726df1bf","00000000-0000-0000-0000-000000000001","2020-10-16T14:45:28.62Z","AOI-552b9630-b106-4fe7-a1fa-97d04a0010ef",SecurityEvent,
"552b9630-b106-4fe7-a1fa-97d04a0010ef","2020-10-16T14:45:27.49Z",OpsManager,,,"wn54026.adi.swedish.org","Microsoft-Windows-Security-Auditing",Security,12810,8,"<EventData xmlns=""http://schemas.microsoft.com/win/2004/08/events/event"">
  <Data Name=""ProcessID"">1916</Data>
  <Data Name=""Application"">\device\harddiskvolume2\windows\system32\dns.exe</Data>
  <Data Name=""Direction"">%%14592</Data>
  <Data Name=""SourceAddress"">10.209.0.33</Data>
  <Data Name=""SourcePort"">53</Data>
  <Data Name=""DestAddress"">10.221.63.104</Data>
  <Data Name=""DestPort"">60031</Data>
  <Data Name=""Protocol"">17</Data>
  <Data Name=""FilterRTID"">68336</Data>
  <Data Name=""LayerName"">%%14610</Data>
  <Data Name=""LayerRTID"">44</Data>
  <Data Name=""RemoteUserID"">S-1-0-0</Data>
  <Data Name=""RemoteMachineID"">S-1-0-0</Data>
</EventData>",5156,"5156 - The Windows Filtering Platform has allowed a connection.",,,,,,,,,,,,,,,,,,null,null,,,,null,,,,,,,,,,,,,,,,,,,,,,,,,,,,null,,,,,,,,,,,,,,,,,,,,null,,,,,,,,,,,null,,,,,,,,,,,,,,,,,,,,,,,,,,,,,,,,,,,,,,,,,,,,,,,,,,,,,,,,,,,,,,,,,,,,,,,,,,,null,,,,,,,,,,,,,,,,,,,,,,,,,,,,,,,,,,,,,,,,,,,,,,,,,"6bb59ece-2f24-4788-98eb-ef0da4f6d213","cdd12a07-3524-416f-aa40-455a112c0104","00000000-0000-0000-0000-000000000001","2020-10-16T14:45:28.62Z","AOI-552b9630-b106-4fe7-a1fa-97d04a0010ef",SecurityEvent,
"552b9630-b106-4fe7-a1fa-97d04a0010ef","2020-10-16T14:45:27.49Z",OpsManager,,,"wn54026.adi.swedish.org","Microsoft-Windows-Security-Auditing",Security,12810,8,"<EventData xmlns=""http://schemas.microsoft.com/win/2004/08/events/event"">
  <Data Name=""ProcessID"">1916</Data>
  <Data Name=""Application"">\device\harddiskvolume2\windows\system32\dns.exe</Data>
  <Data Name=""Direction"">%%14592</Data>
  <Data Name=""SourceAddress"">10.209.0.33</Data>
  <Data Name=""SourcePort"">53</Data>
  <Data Name=""DestAddress"">10.221.63.104</Data>
  <Data Name=""DestPort"">64266</Data>
  <Data Name=""Protocol"">17</Data>
  <Data Name=""FilterRTID"">68336</Data>
  <Data Name=""LayerName"">%%14610</Data>
  <Data Name=""LayerRTID"">44</Data>
  <Data Name=""RemoteUserID"">S-1-0-0</Data>
  <Data Name=""RemoteMachineID"">S-1-0-0</Data>
</EventData>",5156,"5156 - The Windows Filtering Platform has allowed a connection.",,,,,,,,,,,,,,,,,,null,null,,,,null,,,,,,,,,,,,,,,,,,,,,,,,,,,,null,,,,,,,,,,,,,,,,,,,,null,,,,,,,,,,,null,,,,,,,,,,,,,,,,,,,,,,,,,,,,,,,,,,,,,,,,,,,,,,,,,,,,,,,,,,,,,,,,,,,,,,,,,,,null,,,,,,,,,,,,,,,,,,,,,,,,,,,,,,,,,,,,,,,,,,,,,,,,,"6bb59ece-2f24-4788-98eb-ef0da4f6d213","cf4e7e64-b007-43f3-bb4b-cd591d3e0ae6","00000000-0000-0000-0000-000000000001","2020-10-16T14:45:28.62Z","AOI-552b9630-b106-4fe7-a1fa-97d04a0010ef",SecurityEvent,
"552b9630-b106-4fe7-a1fa-97d04a0010ef","2020-10-16T14:45:27.503Z",OpsManager,,,"wn54026.adi.swedish.org","Microsoft-Windows-Security-Auditing",Security,12810,8,"<EventData xmlns=""http://schemas.microsoft.com/win/2004/08/events/event"">
  <Data Name=""ProcessID"">684</Data>
  <Data Name=""Application"">\device\harddiskvolume2\windows\system32\lsass.exe</Data>
  <Data Name=""Direction"">%%14592</Data>
  <Data Name=""SourceAddress"">10.209.0.33</Data>
  <Data Name=""SourcePort"">636</Data>
  <Data Name=""DestAddress"">170.173.164.140</Data>
  <Data Name=""DestPort"">33507</Data>
  <Data Name=""Protocol"">6</Data>
  <Data Name=""FilterRTID"">68336</Data>
  <Data Name=""LayerName"">%%14610</Data>
  <Data Name=""LayerRTID"">44</Data>
  <Data Name=""RemoteUserID"">S-1-0-0</Data>
  <Data Name=""RemoteMachineID"">S-1-0-0</Data>
</EventData>",5156,"5156 - The Windows Filtering Platform has allowed a connection.",,,,,,,,,,,,,,,,,,null,null,,,,null,,,,,,,,,,,,,,,,,,,,,,,,,,,,null,,,,,,,,,,,,,,,,,,,,null,,,,,,,,,,,null,,,,,,,,,,,,,,,,,,,,,,,,,,,,,,,,,,,,,,,,,,,,,,,,,,,,,,,,,,,,,,,,,,,,,,,,,,,null,,,,,,,,,,,,,,,,,,,,,,,,,,,,,,,,,,,,,,,,,,,,,,,,,"6bb59ece-2f24-4788-98eb-ef0da4f6d213","f64c228d-6c3b-4f1e-863a-856f269ed80c","00000000-0000-0000-0000-000000000001","2020-10-16T14:45:28.62Z","AOI-552b9630-b106-4fe7-a1fa-97d04a0010ef",SecurityEvent,
"552b9630-b106-4fe7-a1fa-97d04a0010ef","2020-10-16T14:45:27.52Z",OpsManager,,,"wn54026.adi.swedish.org","Microsoft-Windows-Security-Auditing",Security,12810,8,"<EventData xmlns=""http://schemas.microsoft.com/win/2004/08/events/event"">
  <Data Name=""ProcessID"">1916</Data>
  <Data Name=""Application"">\device\harddiskvolume2\windows\system32\dns.exe</Data>
  <Data Name=""Direction"">%%14592</Data>
  <Data Name=""SourceAddress"">10.209.0.33</Data>
  <Data Name=""SourcePort"">53</Data>
  <Data Name=""DestAddress"">10.216.108.183</Data>
  <Data Name=""DestPort"">64877</Data>
  <Data Name=""Protocol"">17</Data>
  <Data Name=""FilterRTID"">68336</Data>
  <Data Name=""LayerName"">%%14610</Data>
  <Data Name=""LayerRTID"">44</Data>
  <Data Name=""RemoteUserID"">S-1-0-0</Data>
  <Data Name=""RemoteMachineID"">S-1-0-0</Data>
</EventData>",5156,"5156 - The Windows Filtering Platform has allowed a connection.",,,,,,,,,,,,,,,,,,null,null,,,,null,,,,,,,,,,,,,,,,,,,,,,,,,,,,null,,,,,,,,,,,,,,,,,,,,null,,,,,,,,,,,null,,,,,,,,,,,,,,,,,,,,,,,,,,,,,,,,,,,,,,,,,,,,,,,,,,,,,,,,,,,,,,,,,,,,,,,,,,,null,,,,,,,,,,,,,,,,,,,,,,,,,,,,,,,,,,,,,,,,,,,,,,,,,"6bb59ece-2f24-4788-98eb-ef0da4f6d213","3b485af4-a149-4be7-94e8-98129452a2ba","00000000-0000-0000-0000-000000000001","2020-10-16T14:45:28.62Z","AOI-552b9630-b106-4fe7-a1fa-97d04a0010ef",SecurityEvent,
"552b9630-b106-4fe7-a1fa-97d04a0010ef","2020-10-16T14:45:27.52Z",OpsManager,,,"wn54026.adi.swedish.org","Microsoft-Windows-Security-Auditing",Security,12810,8,"<EventData xmlns=""http://schemas.microsoft.com/win/2004/08/events/event"">
  <Data Name=""ProcessID"">1916</Data>
  <Data Name=""Application"">\device\harddiskvolume2\windows\system32\dns.exe</Data>
  <Data Name=""Direction"">%%14592</Data>
  <Data Name=""SourceAddress"">10.209.0.33</Data>
  <Data Name=""SourcePort"">53</Data>
  <Data Name=""DestAddress"">10.213.140.37</Data>
  <Data Name=""DestPort"">9234</Data>
  <Data Name=""Protocol"">17</Data>
  <Data Name=""FilterRTID"">68336</Data>
  <Data Name=""LayerName"">%%14610</Data>
  <Data Name=""LayerRTID"">44</Data>
  <Data Name=""RemoteUserID"">S-1-0-0</Data>
  <Data Name=""RemoteMachineID"">S-1-0-0</Data>
</EventData>",5156,"5156 - The Windows Filtering Platform has allowed a connection.",,,,,,,,,,,,,,,,,,null,null,,,,null,,,,,,,,,,,,,,,,,,,,,,,,,,,,null,,,,,,,,,,,,,,,,,,,,null,,,,,,,,,,,null,,,,,,,,,,,,,,,,,,,,,,,,,,,,,,,,,,,,,,,,,,,,,,,,,,,,,,,,,,,,,,,,,,,,,,,,,,,null,,,,,,,,,,,,,,,,,,,,,,,,,,,,,,,,,,,,,,,,,,,,,,,,,"6bb59ece-2f24-4788-98eb-ef0da4f6d213","f39d0bbf-c832-41b2-8a47-8d0ef34fdd14","00000000-0000-0000-0000-000000000001","2020-10-16T14:45:28.62Z","AOI-552b9630-b106-4fe7-a1fa-97d04a0010ef",SecurityEvent,
"552b9630-b106-4fe7-a1fa-97d04a0010ef","2020-10-16T14:45:27.52Z",OpsManager,,,"wn54026.adi.swedish.org","Microsoft-Windows-Security-Auditing",Security,12810,8,"<EventData xmlns=""http://schemas.microsoft.com/win/2004/08/events/event"">
  <Data Name=""ProcessID"">1916</Data>
  <Data Name=""Application"">\device\harddiskvolume2\windows\system32\dns.exe</Data>
  <Data Name=""Direction"">%%14592</Data>
  <Data Name=""SourceAddress"">10.209.0.33</Data>
  <Data Name=""SourcePort"">53</Data>
  <Data Name=""DestAddress"">10.213.140.37</Data>
  <Data Name=""DestPort"">48898</Data>
  <Data Name=""Protocol"">17</Data>
  <Data Name=""FilterRTID"">68336</Data>
  <Data Name=""LayerName"">%%14610</Data>
  <Data Name=""LayerRTID"">44</Data>
  <Data Name=""RemoteUserID"">S-1-0-0</Data>
  <Data Name=""RemoteMachineID"">S-1-0-0</Data>
</EventData>",5156,"5156 - The Windows Filtering Platform has allowed a connection.",,,,,,,,,,,,,,,,,,null,null,,,,null,,,,,,,,,,,,,,,,,,,,,,,,,,,,null,,,,,,,,,,,,,,,,,,,,null,,,,,,,,,,,null,,,,,,,,,,,,,,,,,,,,,,,,,,,,,,,,,,,,,,,,,,,,,,,,,,,,,,,,,,,,,,,,,,,,,,,,,,,null,,,,,,,,,,,,,,,,,,,,,,,,,,,,,,,,,,,,,,,,,,,,,,,,,"6bb59ece-2f24-4788-98eb-ef0da4f6d213","0ded3f36-0ec3-4694-a934-bc228c2a0871","00000000-0000-0000-0000-000000000001","2020-10-16T14:45:28.62Z","AOI-552b9630-b106-4fe7-a1fa-97d04a0010ef",SecurityEvent,
"552b9630-b106-4fe7-a1fa-97d04a0010ef","2020-10-16T14:45:27.52Z",OpsManager,,,"wn54026.adi.swedish.org","Microsoft-Windows-Security-Auditing",Security,12810,8,"<EventData xmlns=""http://schemas.microsoft.com/win/2004/08/events/event"">
  <Data Name=""ProcessID"">1916</Data>
  <Data Name=""Application"">\device\harddiskvolume2\windows\system32\dns.exe</Data>
  <Data Name=""Direction"">%%14592</Data>
  <Data Name=""SourceAddress"">10.209.0.33</Data>
  <Data Name=""SourcePort"">53</Data>
  <Data Name=""DestAddress"">10.213.140.37</Data>
  <Data Name=""DestPort"">54366</Data>
  <Data Name=""Protocol"">17</Data>
  <Data Name=""FilterRTID"">68336</Data>
  <Data Name=""LayerName"">%%14610</Data>
  <Data Name=""LayerRTID"">44</Data>
  <Data Name=""RemoteUserID"">S-1-0-0</Data>
  <Data Name=""RemoteMachineID"">S-1-0-0</Data>
</EventData>",5156,"5156 - The Windows Filtering Platform has allowed a connection.",,,,,,,,,,,,,,,,,,null,null,,,,null,,,,,,,,,,,,,,,,,,,,,,,,,,,,null,,,,,,,,,,,,,,,,,,,,null,,,,,,,,,,,null,,,,,,,,,,,,,,,,,,,,,,,,,,,,,,,,,,,,,,,,,,,,,,,,,,,,,,,,,,,,,,,,,,,,,,,,,,,null,,,,,,,,,,,,,,,,,,,,,,,,,,,,,,,,,,,,,,,,,,,,,,,,,"6bb59ece-2f24-4788-98eb-ef0da4f6d213","a693fa02-dc19-4677-ba27-2c0aabb55e27","00000000-0000-0000-0000-000000000001","2020-10-16T14:45:28.62Z","AOI-552b9630-b106-4fe7-a1fa-97d04a0010ef",SecurityEvent,
"552b9630-b106-4fe7-a1fa-97d04a0010ef","2020-10-16T14:45:27.537Z",OpsManager,,,"wn54026.adi.swedish.org","Microsoft-Windows-Security-Auditing",Security,12810,8,"<EventData xmlns=""http://schemas.microsoft.com/win/2004/08/events/event"">
  <Data Name=""ProcessID"">1916</Data>
  <Data Name=""Application"">\device\harddiskvolume2\windows\system32\dns.exe</Data>
  <Data Name=""Direction"">%%14592</Data>
  <Data Name=""SourceAddress"">10.209.0.33</Data>
  <Data Name=""SourcePort"">53</Data>
  <Data Name=""DestAddress"">10.36.170.92</Data>
  <Data Name=""DestPort"">5358</Data>
  <Data Name=""Protocol"">17</Data>
  <Data Name=""FilterRTID"">68336</Data>
  <Data Name=""LayerName"">%%14610</Data>
  <Data Name=""LayerRTID"">44</Data>
  <Data Name=""RemoteUserID"">S-1-0-0</Data>
  <Data Name=""RemoteMachineID"">S-1-0-0</Data>
</EventData>",5156,"5156 - The Windows Filtering Platform has allowed a connection.",,,,,,,,,,,,,,,,,,null,null,,,,null,,,,,,,,,,,,,,,,,,,,,,,,,,,,null,,,,,,,,,,,,,,,,,,,,null,,,,,,,,,,,null,,,,,,,,,,,,,,,,,,,,,,,,,,,,,,,,,,,,,,,,,,,,,,,,,,,,,,,,,,,,,,,,,,,,,,,,,,,null,,,,,,,,,,,,,,,,,,,,,,,,,,,,,,,,,,,,,,,,,,,,,,,,,"6bb59ece-2f24-4788-98eb-ef0da4f6d213","e17490bc-b3d9-414f-95a0-f538b03764f7","00000000-0000-0000-0000-000000000001","2020-10-16T14:45:28.62Z","AOI-552b9630-b106-4fe7-a1fa-97d04a0010ef",SecurityEvent,
"552b9630-b106-4fe7-a1fa-97d04a0010ef","2020-10-16T14:45:27.537Z",OpsManager,,,"wn54026.adi.swedish.org","Microsoft-Windows-Security-Auditing",Security,12810,8,"<EventData xmlns=""http://schemas.microsoft.com/win/2004/08/events/event"">
  <Data Name=""ProcessID"">1916</Data>
  <Data Name=""Application"">\device\harddiskvolume2\windows\system32\dns.exe</Data>
  <Data Name=""Direction"">%%14592</Data>
  <Data Name=""SourceAddress"">10.209.0.33</Data>
  <Data Name=""SourcePort"">53</Data>
  <Data Name=""DestAddress"">10.221.63.28</Data>
  <Data Name=""DestPort"">6410</Data>
  <Data Name=""Protocol"">17</Data>
  <Data Name=""FilterRTID"">68336</Data>
  <Data Name=""LayerName"">%%14610</Data>
  <Data Name=""LayerRTID"">44</Data>
  <Data Name=""RemoteUserID"">S-1-0-0</Data>
  <Data Name=""RemoteMachineID"">S-1-0-0</Data>
</EventData>",5156,"5156 - The Windows Filtering Platform has allowed a connection.",,,,,,,,,,,,,,,,,,null,null,,,,null,,,,,,,,,,,,,,,,,,,,,,,,,,,,null,,,,,,,,,,,,,,,,,,,,null,,,,,,,,,,,null,,,,,,,,,,,,,,,,,,,,,,,,,,,,,,,,,,,,,,,,,,,,,,,,,,,,,,,,,,,,,,,,,,,,,,,,,,,null,,,,,,,,,,,,,,,,,,,,,,,,,,,,,,,,,,,,,,,,,,,,,,,,,"6bb59ece-2f24-4788-98eb-ef0da4f6d213","32eb0ea9-32f6-4a60-9663-246be8aadcd4","00000000-0000-0000-0000-000000000001","2020-10-16T14:45:28.62Z","AOI-552b9630-b106-4fe7-a1fa-97d04a0010ef",SecurityEvent,
"552b9630-b106-4fe7-a1fa-97d04a0010ef","2020-10-16T14:45:27.55Z",OpsManager,,,"wn54026.adi.swedish.org","Microsoft-Windows-Security-Auditing",Security,12544,16,"<EventData xmlns=""http://schemas.microsoft.com/win/2004/08/events/event"">
  <Data Name=""TargetUserSid"">S-1-5-21-420551719-245851362-9522986-455688</Data>
  <Data Name=""TargetUserName"">-</Data>
  <Data Name=""TargetDomainName"">-</Data>
  <Data Name=""TdoDirection"">2</Data>
  <Data Name=""TdoAttributes"">4</Data>
  <Data Name=""TdoType"">2</Data>
  <Data Name=""TdoSid"">S-1-5-21-420551719-245851362-9522986</Data>
  <Data Name=""SidList""> 		%{S-1-5-21-1518083187-624064714-1050887974-38515} 		%{S-1-5-21-950606397-1149711550-2133884337-128010} 		%{S-1-5-21-950606397-1149711550-2133884337-273930} 		%{S-1-5-21-1518083187-624064714-1050887974-59274} 		%{S-1-5-21-1518083187-624064714-1050887974-56023} 		%{S-1-5-21-2242814488-728049761-1940932111-7209} 		%{S-1-5-21-2242814488-728049761-1940932111-9266} 		%{S-1-5-21-2242814488-728049761-1940932111-64832} 		%{S-1-5-21-2242814488-728049761-1940932111-178242} 		%{S-1-5-21-2242814488-728049761-1940932111-9288} 		%{S-1-5-21-2242814488-728049761-1940932111-78677} 		%{S-1-5-21-2242814488-728049761-1940932111-192088} 		%{S-1-5-21-2242814488-728049761-1940932111-51312} 		%{S-1-5-21-2242814488-728049761-1940932111-97649} 		%{S-1-5-21-2242814488-728049761-1940932111-42107} 		%{S-1-5-21-2242814488-728049761-1940932111-121469} 		%{S-1-5-21-2242814488-728049761-1940932111-176004} 		%{S-1-5-21-2242814488-728049761-1940932111-18053} 		%{S-1-5-21-2242814488-728049761-1940932111-17551} 		%{S-1-5-21-2242814488-728049761-1940932111-27281} 		%{S-1-5-21-2242814488-728049761-1940932111-40849} 		%{S-1-5-21-2242814488-728049761-1940932111-40850} 		%{S-1-5-21-2242814488-728049761-1940932111-81555} 		%{S-1-5-21-2242814488-728049761-1940932111-40851} 		%{S-1-5-21-2242814488-728049761-1940932111-9365} 		%{S-1-5-21-2242814488-728049761-1940932111-9366} 		%{S-1-5-21-2242814488-728049761-1940932111-69785} 		%{S-1-5-21-2242814488-728049761-1940932111-161193} 		%{S-1-5-21-2242814488-728049761-1940932111-40363} 		%{S-1-5-21-2242814488-728049761-1940932111-58801} 		%{S-1-5-21-2242814488-728049761-1940932111-30649} 		%{S-1-5-21-2242814488-728049761-1940932111-30650} 		%{S-1-5-21-2242814488-728049761-1940932111-145860} 		%{S-1-5-21-2242814488-728049761-1940932111-51404} 		%{S-1-5-21-2242814488-728049761-1940932111-24276} 		%{S-1-5-21-2242814488-728049761-1940932111-39382} 		%{S-1-5-21-2242814488-728049761-1940932111-86747} 		%{S-1-5-21-2242814488-728049761-1940932111-191963} 		%{S-1-5-21-2242814488-728049761-1940932111-63965} 		%{S-1-5-21-2242814488-728049761-1940932111-156137} 		%{S-1-5-21-2242814488-728049761-1940932111-156138} 		%{S-1-5-21-2242814488-728049761-1940932111-102635} 		%{S-1-5-21-2242814488-728049761-1940932111-143609} 		%{S-1-5-21-2242814488-728049761-1940932111-9215} 		%{S-1-5-21-2242814488-728049761-1940932111-115719} 		%{S-1-5-21-2242814488-728049761-1940932111-109342} 		%{S-1-5-21-2242814488-728049761-1940932111-114003} 		%{S-1-5-21-2242814488-728049761-1940932111-114011} 		%{S-1-5-21-2242814488-728049761-1940932111-114013} 		%{S-1-5-21-2242814488-728049761-1940932111-116846} 		%{S-1-5-21-2242814488-728049761-1940932111-116108} 		%{S-1-5-21-2242814488-728049761-1940932111-230805} 		%{S-1-5-21-2242814488-728049761-1940932111-230808} 		%{S-1-5-21-2242814488-728049761-1940932111-176342} 		%{S-1-5-21-965358626-1366769340-495535119-5673} 		%{S-1-5-21-965358626-1366769340-495535119-4466} 		%{S-1-5-21-965358626-1366769340-495535119-5770} 		%{S-1-5-21-965358626-1366769340-495535119-5774}</Data>
</EventData>",4675,"4675 - SIDs were filtered.",,,,,,,,,,,,,,,,,,null,null,,,,null,,,,,,,,,,,,,,,,,,,,,,,,,,,,null,,,,,,,,,,,,,,,,,,,,null,,,,,,,,,,,null,,,,,,,,,,,,,,,,,,,,,,,,,,,,,,,,,,,,,,,,,,,,,,,,,,,,,,,,,,,,,,,,,,,,,,,,,,,null,,,,,,,,,,,,,,,,,,,,"-\-","-",,,,,,,,,,"-","S-1-5-21-420551719-245851362-9522986-455688",,,,,,,,,,,,,,,,,"6bb59ece-2f24-4788-98eb-ef0da4f6d213","98e125df-abf9-4c00-b0db-ab8329945ac3","00000000-0000-0000-0000-000000000001","2020-10-16T14:45:28.62Z","AOI-552b9630-b106-4fe7-a1fa-97d04a0010ef",SecurityEvent,
"552b9630-b106-4fe7-a1fa-97d04a0010ef","2020-10-16T14:45:27.567Z",OpsManager,,,"wn54026.adi.swedish.org","Microsoft-Windows-Security-Auditing",Security,12810,8,"<EventData xmlns=""http://schemas.microsoft.com/win/2004/08/events/event"">
  <Data Name=""ProcessID"">1916</Data>
  <Data Name=""Application"">\device\harddiskvolume2\windows\system32\dns.exe</Data>
  <Data Name=""Direction"">%%14592</Data>
  <Data Name=""SourceAddress"">10.209.0.33</Data>
  <Data Name=""SourcePort"">53</Data>
  <Data Name=""DestAddress"">10.217.1.18</Data>
  <Data Name=""DestPort"">49259</Data>
  <Data Name=""Protocol"">17</Data>
  <Data Name=""FilterRTID"">68336</Data>
  <Data Name=""LayerName"">%%14610</Data>
  <Data Name=""LayerRTID"">44</Data>
  <Data Name=""RemoteUserID"">S-1-0-0</Data>
  <Data Name=""RemoteMachineID"">S-1-0-0</Data>
</EventData>",5156,"5156 - The Windows Filtering Platform has allowed a connection.",,,,,,,,,,,,,,,,,,null,null,,,,null,,,,,,,,,,,,,,,,,,,,,,,,,,,,null,,,,,,,,,,,,,,,,,,,,null,,,,,,,,,,,null,,,,,,,,,,,,,,,,,,,,,,,,,,,,,,,,,,,,,,,,,,,,,,,,,,,,,,,,,,,,,,,,,,,,,,,,,,,null,,,,,,,,,,,,,,,,,,,,,,,,,,,,,,,,,,,,,,,,,,,,,,,,,"6bb59ece-2f24-4788-98eb-ef0da4f6d213","e2305a10-edb2-4b7c-afb7-750aac5e5444","00000000-0000-0000-0000-000000000001","2020-10-16T14:45:28.62Z","AOI-552b9630-b106-4fe7-a1fa-97d04a0010ef",SecurityEvent,
"552b9630-b106-4fe7-a1fa-97d04a0010ef","2020-10-16T14:45:27.567Z",OpsManager,,,"wn54026.adi.swedish.org","Microsoft-Windows-Security-Auditing",Security,12810,8,"<EventData xmlns=""http://schemas.microsoft.com/win/2004/08/events/event"">
  <Data Name=""ProcessID"">1916</Data>
  <Data Name=""Application"">\device\harddiskvolume2\windows\system32\dns.exe</Data>
  <Data Name=""Direction"">%%14592</Data>
  <Data Name=""SourceAddress"">10.209.0.33</Data>
  <Data Name=""SourcePort"">53</Data>
  <Data Name=""DestAddress"">10.211.208.64</Data>
  <Data Name=""DestPort"">55110</Data>
  <Data Name=""Protocol"">17</Data>
  <Data Name=""FilterRTID"">68336</Data>
  <Data Name=""LayerName"">%%14610</Data>
  <Data Name=""LayerRTID"">44</Data>
  <Data Name=""RemoteUserID"">S-1-0-0</Data>
  <Data Name=""RemoteMachineID"">S-1-0-0</Data>
</EventData>",5156,"5156 - The Windows Filtering Platform has allowed a connection.",,,,,,,,,,,,,,,,,,null,null,,,,null,,,,,,,,,,,,,,,,,,,,,,,,,,,,null,,,,,,,,,,,,,,,,,,,,null,,,,,,,,,,,null,,,,,,,,,,,,,,,,,,,,,,,,,,,,,,,,,,,,,,,,,,,,,,,,,,,,,,,,,,,,,,,,,,,,,,,,,,,null,,,,,,,,,,,,,,,,,,,,,,,,,,,,,,,,,,,,,,,,,,,,,,,,,"6bb59ece-2f24-4788-98eb-ef0da4f6d213","0a8a1184-8fcf-439a-886a-00ce3d0eae0e","00000000-0000-0000-0000-000000000001","2020-10-16T14:45:28.62Z","AOI-552b9630-b106-4fe7-a1fa-97d04a0010ef",SecurityEvent,
"552b9630-b106-4fe7-a1fa-97d04a0010ef","2020-10-16T14:45:27.567Z",OpsManager,,,"wn54026.adi.swedish.org","Microsoft-Windows-Security-Auditing",Security,12810,8,"<EventData xmlns=""http://schemas.microsoft.com/win/2004/08/events/event"">
  <Data Name=""ProcessID"">1916</Data>
  <Data Name=""Application"">\device\harddiskvolume2\windows\system32\dns.exe</Data>
  <Data Name=""Direction"">%%14593</Data>
  <Data Name=""SourceAddress"">10.209.0.33</Data>
  <Data Name=""SourcePort"">57436</Data>
  <Data Name=""DestAddress"">170.173.166.32</Data>
  <Data Name=""DestPort"">53</Data>
  <Data Name=""Protocol"">17</Data>
  <Data Name=""FilterRTID"">70019</Data>
  <Data Name=""LayerName"">%%14611</Data>
  <Data Name=""LayerRTID"">48</Data>
  <Data Name=""RemoteUserID"">S-1-0-0</Data>
  <Data Name=""RemoteMachineID"">S-1-0-0</Data>
</EventData>",5156,"5156 - The Windows Filtering Platform has allowed a connection.",,,,,,,,,,,,,,,,,,null,null,,,,null,,,,,,,,,,,,,,,,,,,,,,,,,,,,null,,,,,,,,,,,,,,,,,,,,null,,,,,,,,,,,null,,,,,,,,,,,,,,,,,,,,,,,,,,,,,,,,,,,,,,,,,,,,,,,,,,,,,,,,,,,,,,,,,,,,,,,,,,,null,,,,,,,,,,,,,,,,,,,,,,,,,,,,,,,,,,,,,,,,,,,,,,,,,"6bb59ece-2f24-4788-98eb-ef0da4f6d213","b65e5a7b-7e37-4a82-92bf-5315c07dc906","00000000-0000-0000-0000-000000000001","2020-10-16T14:45:28.62Z","AOI-552b9630-b106-4fe7-a1fa-97d04a0010ef",SecurityEvent,
"552b9630-b106-4fe7-a1fa-97d04a0010ef","2020-10-16T14:45:27.567Z",OpsManager,,,"wn54026.adi.swedish.org","Microsoft-Windows-Security-Auditing",Security,12810,8,"<EventData xmlns=""http://schemas.microsoft.com/win/2004/08/events/event"">
  <Data Name=""ProcessId"">1936</Data>
  <Data Name=""Application"">\device\harddiskvolume2\program files\microsoft monitoring agent\agent\healthservice.exe</Data>
  <Data Name=""SourceAddress"">0.0.0.0</Data>
  <Data Name=""SourcePort"">51653</Data>
  <Data Name=""Protocol"">6</Data>
  <Data Name=""FilterRTID"">0</Data>
  <Data Name=""LayerName"">%%14608</Data>
  <Data Name=""LayerRTID"">36</Data>
</EventData>",5158,"5158 - The Windows Filtering Platform has permitted a bind to a local port.",,,,,,,,,,,,,,,,,,null,null,,,,null,,,,,,,,,,,,,,,,,,,,,,,,,,,,null,,,,,,,,,,,,,,,,,,,,null,,,,,,,,,,,null,,,,,,,,,,,,,,,,,,,,,,,,,,,,,,,,,,,,,,,,,,,,,,,,,,,,,,,,,,,,,,,,,,,,,,,,,,,null,,,,,,,,,,,,,,,,,,,,,,,,,,,,,,,,,,,,,,,,,,,,,,,,,"6bb59ece-2f24-4788-98eb-ef0da4f6d213","1ed7f61c-ed00-4fe2-9c58-00339530f812","00000000-0000-0000-0000-000000000001","2020-10-16T14:45:28.62Z","AOI-552b9630-b106-4fe7-a1fa-97d04a0010ef",SecurityEvent,
"552b9630-b106-4fe7-a1fa-97d04a0010ef","2020-10-16T14:45:27.567Z",OpsManager,,,"wn54026.adi.swedish.org","Microsoft-Windows-Security-Auditing",Security,12810,8,"<EventData xmlns=""http://schemas.microsoft.com/win/2004/08/events/event"">
  <Data Name=""ProcessID"">1936</Data>
  <Data Name=""Application"">\device\harddiskvolume2\program files\microsoft monitoring agent\agent\healthservice.exe</Data>
  <Data Name=""Direction"">%%14593</Data>
  <Data Name=""SourceAddress"">10.209.0.33</Data>
  <Data Name=""SourcePort"">51653</Data>
  <Data Name=""DestAddress"">100.100.127.13</Data>
  <Data Name=""DestPort"">8514</Data>
  <Data Name=""Protocol"">6</Data>
  <Data Name=""FilterRTID"">70019</Data>
  <Data Name=""LayerName"">%%14611</Data>
  <Data Name=""LayerRTID"">48</Data>
  <Data Name=""RemoteUserID"">S-1-0-0</Data>
  <Data Name=""RemoteMachineID"">S-1-0-0</Data>
</EventData>",5156,"5156 - The Windows Filtering Platform has allowed a connection.",,,,,,,,,,,,,,,,,,null,null,,,,null,,,,,,,,,,,,,,,,,,,,,,,,,,,,null,,,,,,,,,,,,,,,,,,,,null,,,,,,,,,,,null,,,,,,,,,,,,,,,,,,,,,,,,,,,,,,,,,,,,,,,,,,,,,,,,,,,,,,,,,,,,,,,,,,,,,,,,,,,null,,,,,,,,,,,,,,,,,,,,,,,,,,,,,,,,,,,,,,,,,,,,,,,,,"6bb59ece-2f24-4788-98eb-ef0da4f6d213","571b0166-c241-45e0-86e4-5bc9901cdea5","00000000-0000-0000-0000-000000000001","2020-10-16T14:45:28.62Z","AOI-552b9630-b106-4fe7-a1fa-97d04a0010ef",SecurityEvent,
"552b9630-b106-4fe7-a1fa-97d04a0010ef","2020-10-16T14:45:27.583Z",OpsManager,,,"wn54026.adi.swedish.org","Microsoft-Windows-Security-Auditing",Security,12810,8,"<EventData xmlns=""http://schemas.microsoft.com/win/2004/08/events/event"">
  <Data Name=""ProcessID"">1916</Data>
  <Data Name=""Application"">\device\harddiskvolume2\windows\system32\dns.exe</Data>
  <Data Name=""Direction"">%%14592</Data>
  <Data Name=""SourceAddress"">10.209.0.33</Data>
  <Data Name=""SourcePort"">53</Data>
  <Data Name=""DestAddress"">10.213.80.236</Data>
  <Data Name=""DestPort"">60807</Data>
  <Data Name=""Protocol"">17</Data>
  <Data Name=""FilterRTID"">68336</Data>
  <Data Name=""LayerName"">%%14610</Data>
  <Data Name=""LayerRTID"">44</Data>
  <Data Name=""RemoteUserID"">S-1-0-0</Data>
  <Data Name=""RemoteMachineID"">S-1-0-0</Data>
</EventData>",5156,"5156 - The Windows Filtering Platform has allowed a connection.",,,,,,,,,,,,,,,,,,null,null,,,,null,,,,,,,,,,,,,,,,,,,,,,,,,,,,null,,,,,,,,,,,,,,,,,,,,null,,,,,,,,,,,null,,,,,,,,,,,,,,,,,,,,,,,,,,,,,,,,,,,,,,,,,,,,,,,,,,,,,,,,,,,,,,,,,,,,,,,,,,,null,,,,,,,,,,,,,,,,,,,,,,,,,,,,,,,,,,,,,,,,,,,,,,,,,"6bb59ece-2f24-4788-98eb-ef0da4f6d213","27da6629-4fa0-4b22-b1e3-8224a199a1f9","00000000-0000-0000-0000-000000000001","2020-10-16T14:45:28.62Z","AOI-552b9630-b106-4fe7-a1fa-97d04a0010ef",SecurityEvent,
"552b9630-b106-4fe7-a1fa-97d04a0010ef","2020-10-16T14:45:27.583Z",OpsManager,,,"wn54026.adi.swedish.org","Microsoft-Windows-Security-Auditing",Security,12810,8,"<EventData xmlns=""http://schemas.microsoft.com/win/2004/08/events/event"">
  <Data Name=""ProcessID"">1916</Data>
  <Data Name=""Application"">\device\harddiskvolume2\windows\system32\dns.exe</Data>
  <Data Name=""Direction"">%%14593</Data>
  <Data Name=""SourceAddress"">10.209.0.33</Data>
  <Data Name=""SourcePort"">58586</Data>
  <Data Name=""DestAddress"">170.220.123.183</Data>
  <Data Name=""DestPort"">53</Data>
  <Data Name=""Protocol"">17</Data>
  <Data Name=""FilterRTID"">70019</Data>
  <Data Name=""LayerName"">%%14611</Data>
  <Data Name=""LayerRTID"">48</Data>
  <Data Name=""RemoteUserID"">S-1-0-0</Data>
  <Data Name=""RemoteMachineID"">S-1-0-0</Data>
</EventData>",5156,"5156 - The Windows Filtering Platform has allowed a connection.",,,,,,,,,,,,,,,,,,null,null,,,,null,,,,,,,,,,,,,,,,,,,,,,,,,,,,null,,,,,,,,,,,,,,,,,,,,null,,,,,,,,,,,null,,,,,,,,,,,,,,,,,,,,,,,,,,,,,,,,,,,,,,,,,,,,,,,,,,,,,,,,,,,,,,,,,,,,,,,,,,,null,,,,,,,,,,,,,,,,,,,,,,,,,,,,,,,,,,,,,,,,,,,,,,,,,"6bb59ece-2f24-4788-98eb-ef0da4f6d213","734f86b5-0d0b-4f2a-b2a7-6657dd8e0869","00000000-0000-0000-0000-000000000001","2020-10-16T14:45:28.62Z","AOI-552b9630-b106-4fe7-a1fa-97d04a0010ef",SecurityEvent,
"552b9630-b106-4fe7-a1fa-97d04a0010ef","2020-10-16T14:45:27.583Z",OpsManager,,,"wn54026.adi.swedish.org","Microsoft-Windows-Security-Auditing",Security,12810,8,"<EventData xmlns=""http://schemas.microsoft.com/win/2004/08/events/event"">
  <Data Name=""ProcessID"">684</Data>
  <Data Name=""Application"">\device\harddiskvolume2\windows\system32\lsass.exe</Data>
  <Data Name=""Direction"">%%14592</Data>
  <Data Name=""SourceAddress"">10.209.0.33</Data>
  <Data Name=""SourcePort"">389</Data>
  <Data Name=""DestAddress"">10.231.255.36</Data>
  <Data Name=""DestPort"">53496</Data>
  <Data Name=""Protocol"">17</Data>
  <Data Name=""FilterRTID"">68336</Data>
  <Data Name=""LayerName"">%%14610</Data>
  <Data Name=""LayerRTID"">44</Data>
  <Data Name=""RemoteUserID"">S-1-0-0</Data>
  <Data Name=""RemoteMachineID"">S-1-0-0</Data>
</EventData>",5156,"5156 - The Windows Filtering Platform has allowed a connection.",,,,,,,,,,,,,,,,,,null,null,,,,null,,,,,,,,,,,,,,,,,,,,,,,,,,,,null,,,,,,,,,,,,,,,,,,,,null,,,,,,,,,,,null,,,,,,,,,,,,,,,,,,,,,,,,,,,,,,,,,,,,,,,,,,,,,,,,,,,,,,,,,,,,,,,,,,,,,,,,,,,null,,,,,,,,,,,,,,,,,,,,,,,,,,,,,,,,,,,,,,,,,,,,,,,,,"6bb59ece-2f24-4788-98eb-ef0da4f6d213","6e7d1c15-89df-4938-8fa9-22649bde5b5c","00000000-0000-0000-0000-000000000001","2020-10-16T14:45:28.62Z","AOI-552b9630-b106-4fe7-a1fa-97d04a0010ef",SecurityEvent,
"552b9630-b106-4fe7-a1fa-97d04a0010ef","2020-10-16T14:45:27.583Z",OpsManager,,,"wn54026.adi.swedish.org","Microsoft-Windows-Security-Auditing",Security,12810,8,"<EventData xmlns=""http://schemas.microsoft.com/win/2004/08/events/event"">
  <Data Name=""ProcessId"">588</Data>
  <Data Name=""Application"">\device\harddiskvolume2\windows\system32\svchost.exe</Data>
  <Data Name=""SourceAddress"">::</Data>
  <Data Name=""SourcePort"">54952</Data>
  <Data Name=""Protocol"">17</Data>
  <Data Name=""FilterRTID"">0</Data>
  <Data Name=""LayerName"">%%14608</Data>
  <Data Name=""LayerRTID"">36</Data>
</EventData>",5158,"5158 - The Windows Filtering Platform has permitted a bind to a local port.",,,,,,,,,,,,,,,,,,null,null,,,,null,,,,,,,,,,,,,,,,,,,,,,,,,,,,null,,,,,,,,,,,,,,,,,,,,null,,,,,,,,,,,null,,,,,,,,,,,,,,,,,,,,,,,,,,,,,,,,,,,,,,,,,,,,,,,,,,,,,,,,,,,,,,,,,,,,,,,,,,,null,,,,,,,,,,,,,,,,,,,,,,,,,,,,,,,,,,,,,,,,,,,,,,,,,"6bb59ece-2f24-4788-98eb-ef0da4f6d213","f72a8eea-b51b-4354-9997-94b41ab983f8","00000000-0000-0000-0000-000000000001","2020-10-16T14:45:28.62Z","AOI-552b9630-b106-4fe7-a1fa-97d04a0010ef",SecurityEvent,
"552b9630-b106-4fe7-a1fa-97d04a0010ef","2020-10-16T14:45:27.583Z",OpsManager,,,"wn54026.adi.swedish.org","Microsoft-Windows-Security-Auditing",Security,12810,8,"<EventData xmlns=""http://schemas.microsoft.com/win/2004/08/events/event"">
  <Data Name=""ProcessId"">588</Data>
  <Data Name=""Application"">\device\harddiskvolume2\windows\system32\svchost.exe</Data>
  <Data Name=""SourceAddress"">::</Data>
  <Data Name=""SourcePort"">54952</Data>
  <Data Name=""Protocol"">17</Data>
  <Data Name=""FilterRTID"">0</Data>
  <Data Name=""LayerName"">%%14608</Data>
  <Data Name=""LayerRTID"">38</Data>
</EventData>",5158,"5158 - The Windows Filtering Platform has permitted a bind to a local port.",,,,,,,,,,,,,,,,,,null,null,,,,null,,,,,,,,,,,,,,,,,,,,,,,,,,,,null,,,,,,,,,,,,,,,,,,,,null,,,,,,,,,,,null,,,,,,,,,,,,,,,,,,,,,,,,,,,,,,,,,,,,,,,,,,,,,,,,,,,,,,,,,,,,,,,,,,,,,,,,,,,null,,,,,,,,,,,,,,,,,,,,,,,,,,,,,,,,,,,,,,,,,,,,,,,,,"6bb59ece-2f24-4788-98eb-ef0da4f6d213","f26d39c1-d892-4c51-9f13-b1e228c99bb3","00000000-0000-0000-0000-000000000001","2020-10-16T14:45:28.62Z","AOI-552b9630-b106-4fe7-a1fa-97d04a0010ef",SecurityEvent,
"552b9630-b106-4fe7-a1fa-97d04a0010ef","2020-10-16T14:45:27.583Z",OpsManager,,,"wn54026.adi.swedish.org","Microsoft-Windows-Security-Auditing",Security,12810,8,"<EventData xmlns=""http://schemas.microsoft.com/win/2004/08/events/event"">
  <Data Name=""ProcessID"">588</Data>
  <Data Name=""Application"">\device\harddiskvolume2\windows\system32\svchost.exe</Data>
  <Data Name=""Direction"">%%14593</Data>
  <Data Name=""SourceAddress"">10.209.0.33</Data>
  <Data Name=""SourcePort"">54952</Data>
  <Data Name=""DestAddress"">10.210.0.33</Data>
  <Data Name=""DestPort"">53</Data>
  <Data Name=""Protocol"">17</Data>
  <Data Name=""FilterRTID"">70019</Data>
  <Data Name=""LayerName"">%%14611</Data>
  <Data Name=""LayerRTID"">48</Data>
  <Data Name=""RemoteUserID"">S-1-0-0</Data>
  <Data Name=""RemoteMachineID"">S-1-0-0</Data>
</EventData>",5156,"5156 - The Windows Filtering Platform has allowed a connection.",,,,,,,,,,,,,,,,,,null,null,,,,null,,,,,,,,,,,,,,,,,,,,,,,,,,,,null,,,,,,,,,,,,,,,,,,,,null,,,,,,,,,,,null,,,,,,,,,,,,,,,,,,,,,,,,,,,,,,,,,,,,,,,,,,,,,,,,,,,,,,,,,,,,,,,,,,,,,,,,,,,null,,,,,,,,,,,,,,,,,,,,,,,,,,,,,,,,,,,,,,,,,,,,,,,,,"6bb59ece-2f24-4788-98eb-ef0da4f6d213","f23ed6fe-03c6-4bad-897e-9b2c9d9c1bdf","00000000-0000-0000-0000-000000000001","2020-10-16T14:45:28.62Z","AOI-552b9630-b106-4fe7-a1fa-97d04a0010ef",SecurityEvent,
