"552b9630-b106-4fe7-a1fa-97d04a0010ef","2020-10-16T14:45:27.547Z",OpsManager,,,"CTXWU2P01-LS01.ad.providence.org","Microsoft-Windows-Security-Auditing",Security,12810,8,"<EventData xmlns=""http://schemas.microsoft.com/win/2004/08/events/event"">
  <Data Name=""ProcessID"">3316</Data>
  <Data Name=""Application"">\device\harddiskvolume2\windows\system32\svchost.exe</Data>
  <Data Name=""Direction"">%%14593</Data>
  <Data Name=""SourceAddress"">100.100.164.4</Data>
  <Data Name=""SourcePort"">64236</Data>
  <Data Name=""DestAddress"">170.173.161.37</Data>
  <Data Name=""DestPort"">389</Data>
  <Data Name=""Protocol"">6</Data>
  <Data Name=""FilterRTID"">73139</Data>
  <Data Name=""LayerName"">%%14611</Data>
  <Data Name=""LayerRTID"">48</Data>
  <Data Name=""RemoteUserID"">S-1-0-0</Data>
  <Data Name=""RemoteMachineID"">S-1-0-0</Data>
</EventData>",5156,"5156 - The Windows Filtering Platform has allowed a connection.",,,,,,,,,,,,,,,,,,null,null,,,,null,,,,,,,,,,,,,,,,,,,,,,,,,,,,null,,,,,,,,,,,,,,,,,,,,null,,,,,,,,,,,null,,,,,,,,,,,,,,,,,,,,,,,,,,,,,,,,,,,,,,,,,,,,,,,,,,,,,,,,,,,,,,,,,,,,,,,,,,,null,,,,,,,,,,,,,,,,,,,,,,,,,,,,,,,,,,,,,,,,,,,,,,,,,"1d5c4674-1024-46b0-9286-296bd21493b1","80cb341f-27a6-40d5-8608-3f87cce3ee61","00000000-0000-0000-0000-000000000001","2020-10-16T14:45:28.794Z","AOI-552b9630-b106-4fe7-a1fa-97d04a0010ef",SecurityEvent,"/subscriptions/f0aad602-69cd-4b25-93b9-4b4356915367/resourcegroups/infrastructure/providers/microsoft.compute/virtualmachines/ctxwu2p01-ls01"
"552b9630-b106-4fe7-a1fa-97d04a0010ef","2020-10-16T14:45:27.62Z",OpsManager,,,"CTXWU2P01-LS01.ad.providence.org","Microsoft-Windows-Security-Auditing",Security,12810,8,"<EventData xmlns=""http://schemas.microsoft.com/win/2004/08/events/event"">
  <Data Name=""ProcessId"">3316</Data>
  <Data Name=""Application"">\device\harddiskvolume2\windows\system32\svchost.exe</Data>
  <Data Name=""SourceAddress"">0.0.0.0</Data>
  <Data Name=""SourcePort"">64237</Data>
  <Data Name=""Protocol"">6</Data>
  <Data Name=""FilterRTID"">0</Data>
  <Data Name=""LayerName"">%%14608</Data>
  <Data Name=""LayerRTID"">36</Data>
</EventData>",5158,"5158 - The Windows Filtering Platform has permitted a bind to a local port.",,,,,,,,,,,,,,,,,,null,null,,,,null,,,,,,,,,,,,,,,,,,,,,,,,,,,,null,,,,,,,,,,,,,,,,,,,,null,,,,,,,,,,,null,,,,,,,,,,,,,,,,,,,,,,,,,,,,,,,,,,,,,,,,,,,,,,,,,,,,,,,,,,,,,,,,,,,,,,,,,,,null,,,,,,,,,,,,,,,,,,,,,,,,,,,,,,,,,,,,,,,,,,,,,,,,,"1d5c4674-1024-46b0-9286-296bd21493b1","eae88eb3-ac32-47bd-9f04-3e337625c595","00000000-0000-0000-0000-000000000001","2020-10-16T14:45:28.794Z","AOI-552b9630-b106-4fe7-a1fa-97d04a0010ef",SecurityEvent,"/subscriptions/f0aad602-69cd-4b25-93b9-4b4356915367/resourcegroups/infrastructure/providers/microsoft.compute/virtualmachines/ctxwu2p01-ls01"
"552b9630-b106-4fe7-a1fa-97d04a0010ef","2020-10-16T14:45:27.62Z",OpsManager,,,"CTXWU2P01-LS01.ad.providence.org","Microsoft-Windows-Security-Auditing",Security,12810,8,"<EventData xmlns=""http://schemas.microsoft.com/win/2004/08/events/event"">
  <Data Name=""ProcessID"">3316</Data>
  <Data Name=""Application"">\device\harddiskvolume2\windows\system32\svchost.exe</Data>
  <Data Name=""Direction"">%%14593</Data>
  <Data Name=""SourceAddress"">100.100.164.4</Data>
  <Data Name=""SourcePort"">64237</Data>
  <Data Name=""DestAddress"">170.173.161.37</Data>
  <Data Name=""DestPort"">389</Data>
  <Data Name=""Protocol"">6</Data>
  <Data Name=""FilterRTID"">73139</Data>
  <Data Name=""LayerName"">%%14611</Data>
  <Data Name=""LayerRTID"">48</Data>
  <Data Name=""RemoteUserID"">S-1-0-0</Data>
  <Data Name=""RemoteMachineID"">S-1-0-0</Data>
</EventData>",5156,"5156 - The Windows Filtering Platform has allowed a connection.",,,,,,,,,,,,,,,,,,null,null,,,,null,,,,,,,,,,,,,,,,,,,,,,,,,,,,null,,,,,,,,,,,,,,,,,,,,null,,,,,,,,,,,null,,,,,,,,,,,,,,,,,,,,,,,,,,,,,,,,,,,,,,,,,,,,,,,,,,,,,,,,,,,,,,,,,,,,,,,,,,,null,,,,,,,,,,,,,,,,,,,,,,,,,,,,,,,,,,,,,,,,,,,,,,,,,"1d5c4674-1024-46b0-9286-296bd21493b1","7cfb498c-d891-4308-8e2e-0d2cbc660eb0","00000000-0000-0000-0000-000000000001","2020-10-16T14:45:28.794Z","AOI-552b9630-b106-4fe7-a1fa-97d04a0010ef",SecurityEvent,"/subscriptions/f0aad602-69cd-4b25-93b9-4b4356915367/resourcegroups/infrastructure/providers/microsoft.compute/virtualmachines/ctxwu2p01-ls01"
"552b9630-b106-4fe7-a1fa-97d04a0010ef","2020-10-16T14:45:27.73Z",OpsManager,,,"CTXWU2P01-LS01.ad.providence.org","Microsoft-Windows-Security-Auditing",Security,12810,8,"<EventData xmlns=""http://schemas.microsoft.com/win/2004/08/events/event"">
  <Data Name=""ProcessId"">3316</Data>
  <Data Name=""Application"">\device\harddiskvolume2\windows\system32\svchost.exe</Data>
  <Data Name=""SourceAddress"">0.0.0.0</Data>
  <Data Name=""SourcePort"">64238</Data>
  <Data Name=""Protocol"">6</Data>
  <Data Name=""FilterRTID"">0</Data>
  <Data Name=""LayerName"">%%14608</Data>
  <Data Name=""LayerRTID"">36</Data>
</EventData>",5158,"5158 - The Windows Filtering Platform has permitted a bind to a local port.",,,,,,,,,,,,,,,,,,null,null,,,,null,,,,,,,,,,,,,,,,,,,,,,,,,,,,null,,,,,,,,,,,,,,,,,,,,null,,,,,,,,,,,null,,,,,,,,,,,,,,,,,,,,,,,,,,,,,,,,,,,,,,,,,,,,,,,,,,,,,,,,,,,,,,,,,,,,,,,,,,,null,,,,,,,,,,,,,,,,,,,,,,,,,,,,,,,,,,,,,,,,,,,,,,,,,"1d5c4674-1024-46b0-9286-296bd21493b1","ab1f9d1d-70bc-4e65-90af-adef6dca80df","00000000-0000-0000-0000-000000000001","2020-10-16T14:45:28.794Z","AOI-552b9630-b106-4fe7-a1fa-97d04a0010ef",SecurityEvent,"/subscriptions/f0aad602-69cd-4b25-93b9-4b4356915367/resourcegroups/infrastructure/providers/microsoft.compute/virtualmachines/ctxwu2p01-ls01"
"552b9630-b106-4fe7-a1fa-97d04a0010ef","2020-10-16T14:45:27.73Z",OpsManager,,,"CTXWU2P01-LS01.ad.providence.org","Microsoft-Windows-Security-Auditing",Security,12810,8,"<EventData xmlns=""http://schemas.microsoft.com/win/2004/08/events/event"">
  <Data Name=""ProcessID"">3316</Data>
  <Data Name=""Application"">\device\harddiskvolume2\windows\system32\svchost.exe</Data>
  <Data Name=""Direction"">%%14593</Data>
  <Data Name=""SourceAddress"">100.100.164.4</Data>
  <Data Name=""SourcePort"">64238</Data>
  <Data Name=""DestAddress"">170.173.161.37</Data>
  <Data Name=""DestPort"">389</Data>
  <Data Name=""Protocol"">6</Data>
  <Data Name=""FilterRTID"">73139</Data>
  <Data Name=""LayerName"">%%14611</Data>
  <Data Name=""LayerRTID"">48</Data>
  <Data Name=""RemoteUserID"">S-1-0-0</Data>
  <Data Name=""RemoteMachineID"">S-1-0-0</Data>
</EventData>",5156,"5156 - The Windows Filtering Platform has allowed a connection.",,,,,,,,,,,,,,,,,,null,null,,,,null,,,,,,,,,,,,,,,,,,,,,,,,,,,,null,,,,,,,,,,,,,,,,,,,,null,,,,,,,,,,,null,,,,,,,,,,,,,,,,,,,,,,,,,,,,,,,,,,,,,,,,,,,,,,,,,,,,,,,,,,,,,,,,,,,,,,,,,,,null,,,,,,,,,,,,,,,,,,,,,,,,,,,,,,,,,,,,,,,,,,,,,,,,,"1d5c4674-1024-46b0-9286-296bd21493b1","09889b08-86a6-4cf1-8606-0d0133024743","00000000-0000-0000-0000-000000000001","2020-10-16T14:45:28.794Z","AOI-552b9630-b106-4fe7-a1fa-97d04a0010ef",SecurityEvent,"/subscriptions/f0aad602-69cd-4b25-93b9-4b4356915367/resourcegroups/infrastructure/providers/microsoft.compute/virtualmachines/ctxwu2p01-ls01"
"552b9630-b106-4fe7-a1fa-97d04a0010ef","2020-10-16T14:45:28.007Z",OpsManager,,,"CTXWU2P01-LS01.ad.providence.org","Microsoft-Windows-Security-Auditing",Security,12810,8,"<EventData xmlns=""http://schemas.microsoft.com/win/2004/08/events/event"">
  <Data Name=""ProcessId"">3316</Data>
  <Data Name=""Application"">\device\harddiskvolume2\windows\system32\svchost.exe</Data>
  <Data Name=""SourceAddress"">0.0.0.0</Data>
  <Data Name=""SourcePort"">64239</Data>
  <Data Name=""Protocol"">6</Data>
  <Data Name=""FilterRTID"">0</Data>
  <Data Name=""LayerName"">%%14608</Data>
  <Data Name=""LayerRTID"">36</Data>
</EventData>",5158,"5158 - The Windows Filtering Platform has permitted a bind to a local port.",,,,,,,,,,,,,,,,,,null,null,,,,null,,,,,,,,,,,,,,,,,,,,,,,,,,,,null,,,,,,,,,,,,,,,,,,,,null,,,,,,,,,,,null,,,,,,,,,,,,,,,,,,,,,,,,,,,,,,,,,,,,,,,,,,,,,,,,,,,,,,,,,,,,,,,,,,,,,,,,,,,null,,,,,,,,,,,,,,,,,,,,,,,,,,,,,,,,,,,,,,,,,,,,,,,,,"1d5c4674-1024-46b0-9286-296bd21493b1","27813b15-f4d1-4842-ae7d-7276a5ffac72","00000000-0000-0000-0000-000000000001","2020-10-16T14:45:28.794Z","AOI-552b9630-b106-4fe7-a1fa-97d04a0010ef",SecurityEvent,"/subscriptions/f0aad602-69cd-4b25-93b9-4b4356915367/resourcegroups/infrastructure/providers/microsoft.compute/virtualmachines/ctxwu2p01-ls01"
"552b9630-b106-4fe7-a1fa-97d04a0010ef","2020-10-16T14:45:28.007Z",OpsManager,,,"CTXWU2P01-LS01.ad.providence.org","Microsoft-Windows-Security-Auditing",Security,12810,8,"<EventData xmlns=""http://schemas.microsoft.com/win/2004/08/events/event"">
  <Data Name=""ProcessID"">3316</Data>
  <Data Name=""Application"">\device\harddiskvolume2\windows\system32\svchost.exe</Data>
  <Data Name=""Direction"">%%14593</Data>
  <Data Name=""SourceAddress"">100.100.164.4</Data>
  <Data Name=""SourcePort"">64239</Data>
  <Data Name=""DestAddress"">170.173.161.37</Data>
  <Data Name=""DestPort"">389</Data>
  <Data Name=""Protocol"">6</Data>
  <Data Name=""FilterRTID"">73139</Data>
  <Data Name=""LayerName"">%%14611</Data>
  <Data Name=""LayerRTID"">48</Data>
  <Data Name=""RemoteUserID"">S-1-0-0</Data>
  <Data Name=""RemoteMachineID"">S-1-0-0</Data>
</EventData>",5156,"5156 - The Windows Filtering Platform has allowed a connection.",,,,,,,,,,,,,,,,,,null,null,,,,null,,,,,,,,,,,,,,,,,,,,,,,,,,,,null,,,,,,,,,,,,,,,,,,,,null,,,,,,,,,,,null,,,,,,,,,,,,,,,,,,,,,,,,,,,,,,,,,,,,,,,,,,,,,,,,,,,,,,,,,,,,,,,,,,,,,,,,,,,null,,,,,,,,,,,,,,,,,,,,,,,,,,,,,,,,,,,,,,,,,,,,,,,,,"1d5c4674-1024-46b0-9286-296bd21493b1","d5035f62-0e41-4812-9b70-aed0bbba19c9","00000000-0000-0000-0000-000000000001","2020-10-16T14:45:28.794Z","AOI-552b9630-b106-4fe7-a1fa-97d04a0010ef",SecurityEvent,"/subscriptions/f0aad602-69cd-4b25-93b9-4b4356915367/resourcegroups/infrastructure/providers/microsoft.compute/virtualmachines/ctxwu2p01-ls01"
"552b9630-b106-4fe7-a1fa-97d04a0010ef","2020-10-16T14:44:56.007Z",OpsManager,"SJHS-NT\SCRDCVMHRPNT10$",Machine,"SCRDCVMHRPNT10.stjoe.org","Microsoft-Windows-Security-Auditing",Security,13312,8,,4688,"4688 - A new process has been created.",,,,,,,,,,,,,,,,,,null,null,,,,null,,,,,,,,,,,,,,,"""C:\Windows\system32\cscript.exe"" /nologo ""MonitorKnowledgeDiscovery.vbs""",,,,,,,,,,,,,null,,,,,,,,,,,,,,,,,,,,null,,,,,,,,,,,null,,,,,,,,,,,,,,,,,,,,0x32cc,"C:\Windows\System32\cscript.exe",,,,,,,,,,,,,,,,,,,,,,,,,,,,,"cscript.exe",0x12d0,,,,,,,,,,,,,,,,,,,,,,,,null,,,,,,,"SJHS-NT\SCRDCVMHRPNT10$",,,,"SJHS-NT",,0x3e7,,,"SCRDCVMHRPNT10$","S-1-5-18",,,,,,,,,,,,,,,,,,,,,,"%%1936",,,,,,,,,,"3e5cdb2f-a22a-47b1-9448-03b0cbbabca7","8e4fe938-1864-423d-bf5d-0e83f9d05255","00000000-0000-0000-0000-000000000001","2020-10-16T14:45:26.944Z","AOI-552b9630-b106-4fe7-a1fa-97d04a0010ef",SecurityEvent,"/subscriptions/6c2c11ea-7d1e-49cf-9407-d67bcdaca4f5/resourcegroups/rg-papercut-mhr_uniprintinfinity-ca-mhr/providers/microsoft.compute/virtualmachines/scrdcvmhrpnt10"
"552b9630-b106-4fe7-a1fa-97d04a0010ef","2020-10-16T14:44:56.027Z",OpsManager,"SJHS-NT\SCRDCVMHRPNT10$",Machine,"SCRDCVMHRPNT10.stjoe.org","Microsoft-Windows-Security-Auditing",Security,13312,8,,4688,"4688 - A new process has been created.",,,,,,,,,,,,,,,,,,null,null,,,,null,,,,,,,,,,,,,,,"\??\C:\Windows\system32\conhost.exe ""-18775789611336722707-11571013-1348129197-336819437507054571733675232178188424""",,,,,,,,,,,,,null,,,,,,,,,,,,,,,,,,,,null,,,,,,,,,,,null,,,,,,,,,,,,,,,,,,,,0x17cc,"C:\Windows\System32\conhost.exe",,,,,,,,,,,,,,,,,,,,,,,,,,,,,"conhost.exe",0x1e8,,,,,,,,,,,,,,,,,,,,,,,,null,,,,,,,"SJHS-NT\SCRDCVMHRPNT10$",,,,"SJHS-NT",,0x3e7,,,"SCRDCVMHRPNT10$","S-1-5-18",,,,,,,,,,,,,,,,,,,,,,"%%1936",,,,,,,,,,"3e5cdb2f-a22a-47b1-9448-03b0cbbabca7","64a56fe5-7457-459e-8f2c-9cb636b8873f","00000000-0000-0000-0000-000000000001","2020-10-16T14:45:26.944Z","AOI-552b9630-b106-4fe7-a1fa-97d04a0010ef",SecurityEvent,"/subscriptions/6c2c11ea-7d1e-49cf-9407-d67bcdaca4f5/resourcegroups/rg-papercut-mhr_uniprintinfinity-ca-mhr/providers/microsoft.compute/virtualmachines/scrdcvmhrpnt10"
"552b9630-b106-4fe7-a1fa-97d04a0010ef","2020-10-16T14:44:56.147Z",OpsManager,,,"SCRDCVMHRPNT10.stjoe.org","Microsoft-Windows-AppLocker","Microsoft-Windows-AppLocker/MSI and Script",0,4,"<UserData xmlns=""http://schemas.microsoft.com/win/2004/08/events/event"">
  <RuleAndFileData xmlns:auto-ns2=""http://schemas.microsoft.com/win/2004/08/events"" xmlns=""http://schemas.microsoft.com/schemas/event/Microsoft.Windows/1.0.0.0"">
    <PolicyName>SCRIPT</PolicyName>
    <RuleId>{352484FB-A2DB-46F5-91E1-4F9AD6A5D05A}</RuleId>
    <RuleName>(Default Rule) All Script's</RuleName>
    <RuleSddl>D:(XA;;FX;;;S-1-1-0;(APPID://PATH Contains ""*""))</RuleSddl>
    <TargetUser>S-1-5-18</TargetUser>
    <TargetProcessId>13004</TargetProcessId>
    <FilePath>%PROGRAMFILES%\MICROSOFT MONITORING AGENT\AGENT\HEALTH SERVICE STATE\MONITORING HOST TEMPORARY FILES 10185\26\MONITORKNOWLEDGEDISCOVERY.VBS</FilePath>
    <FileHash>73C890490B71FF4C10F2652CB42BAD0B3BB90EB1D05E009D5D1592F229C24CDA</FileHash>
    <Fqbn>-</Fqbn>
  </RuleAndFileData>
</UserData>",8005,8005,,,,,,,,,,,,,,,,,,null,null,,,,null,,,,,,,,,,,,,,,,,,,,,,,,,,,,null,,,73C890490B71FF4C10F2652CB42BAD0B3BB90EB1D05E009D5D1592F229C24CDA,"%PROGRAMFILES%\MICROSOFT MONITORING AGENT\AGENT\HEALTH SERVICE STATE\MONITORING HOST TEMPORARY FILES 10185\26\MONITORKNOWLEDGEDISCOVERY.VBS",,,,"-",,,,,,,,,,,,null,,,,,,,,,,,null,,,,,,,,,,,,,,,,,,,,,,,,,,,,,,,,,,,,,,,,,,,,,,,,,,,,,,,,,,,,,,,,,,,,,,,,,,,null,,,,,,,,,,,,,,,,,,,,,,,,,,,,,,"S-1-5-18",,,,,,,,,,,,,,,,,,,"3e5cdb2f-a22a-47b1-9448-03b0cbbabca7","b62a8d1b-7c80-47d6-bd4f-e9640d9fadeb","00000000-0000-0000-0000-000000000001","2020-10-16T14:45:26.944Z","AOI-552b9630-b106-4fe7-a1fa-97d04a0010ef",SecurityEvent,"/subscriptions/6c2c11ea-7d1e-49cf-9407-d67bcdaca4f5/resourcegroups/rg-papercut-mhr_uniprintinfinity-ca-mhr/providers/microsoft.compute/virtualmachines/scrdcvmhrpnt10"
"552b9630-b106-4fe7-a1fa-97d04a0010ef","2020-10-16T14:45:00.18Z",OpsManager,,,"SCRDCVMHRPNT10.stjoe.org","Microsoft-Windows-AppLocker","Microsoft-Windows-AppLocker/MSI and Script",0,4,"<UserData xmlns=""http://schemas.microsoft.com/win/2004/08/events/event"">
  <RuleAndFileData xmlns:auto-ns2=""http://schemas.microsoft.com/win/2004/08/events"" xmlns=""http://schemas.microsoft.com/schemas/event/Microsoft.Windows/1.0.0.0"">
    <PolicyName>SCRIPT</PolicyName>
    <RuleId>{352484FB-A2DB-46F5-91E1-4F9AD6A5D05A}</RuleId>
    <RuleName>(Default Rule) All Script's</RuleName>
    <RuleSddl>D:(XA;;FX;;;S-1-1-0;(APPID://PATH Contains ""*""))</RuleSddl>
    <TargetUser>S-1-5-18</TargetUser>
    <TargetProcessId>2200</TargetProcessId>
    <FilePath>%PROGRAMFILES%\MICROSOFT MONITORING AGENT\AGENT\HEALTH SERVICE STATE\MONITORING HOST TEMPORARY FILES 10185\2109\LOGENDTOENDEVENT.JS</FilePath>
    <FileHash>6CAA6A984DFC810C831B823BB01E60D207404B9F4CCC9CB436BC8358EA7E1B18</FileHash>
    <Fqbn>-</Fqbn>
  </RuleAndFileData>
</UserData>",8005,8005,,,,,,,,,,,,,,,,,,null,null,,,,null,,,,,,,,,,,,,,,,,,,,,,,,,,,,null,,,6CAA6A984DFC810C831B823BB01E60D207404B9F4CCC9CB436BC8358EA7E1B18,"%PROGRAMFILES%\MICROSOFT MONITORING AGENT\AGENT\HEALTH SERVICE STATE\MONITORING HOST TEMPORARY FILES 10185\2109\LOGENDTOENDEVENT.JS",,,,"-",,,,,,,,,,,,null,,,,,,,,,,,null,,,,,,,,,,,,,,,,,,,,,,,,,,,,,,,,,,,,,,,,,,,,,,,,,,,,,,,,,,,,,,,,,,,,,,,,,,,null,,,,,,,,,,,,,,,,,,,,,,,,,,,,,,"S-1-5-18",,,,,,,,,,,,,,,,,,,"3e5cdb2f-a22a-47b1-9448-03b0cbbabca7","3a18cc1c-2e58-4053-950a-e357aa10ed65","00000000-0000-0000-0000-000000000001","2020-10-16T14:45:26.944Z","AOI-552b9630-b106-4fe7-a1fa-97d04a0010ef",SecurityEvent,"/subscriptions/6c2c11ea-7d1e-49cf-9407-d67bcdaca4f5/resourcegroups/rg-papercut-mhr_uniprintinfinity-ca-mhr/providers/microsoft.compute/virtualmachines/scrdcvmhrpnt10"
"552b9630-b106-4fe7-a1fa-97d04a0010ef","2020-10-16T14:45:00.03Z",OpsManager,"SJHS-NT\SCRDCVMHRPNT10$",Machine,"SCRDCVMHRPNT10.stjoe.org","Microsoft-Windows-Security-Auditing",Security,13312,8,,4688,"4688 - A new process has been created.",,,,,,,,,,,,,,,,,,null,null,,,,null,,,,,,,,,,,,,,,"""C:\Windows\system32\cscript.exe"" //NoLogo ""C:\Program Files\Microsoft Monitoring Agent\Agent\Health Service State\Monitoring Host Temporary Files 10185\2109\LogEndToEndEvent.js""",,,,,,,,,,,,,null,,,,,,,,,,,,,,,,,,,,null,,,,,,,,,,,null,,,,,,,,,,,,,,,,,,,,0x898,"C:\Windows\System32\cscript.exe",,,,,,,,,,,,,,,,,,,,,,,,,,,,,"cscript.exe",0x12d0,,,,,,,,,,,,,,,,,,,,,,,,null,,,,,,,"SJHS-NT\SCRDCVMHRPNT10$",,,,"SJHS-NT",,0x3e7,,,"SCRDCVMHRPNT10$","S-1-5-18",,,,,,,,,,,,,,,,,,,,,,"%%1936",,,,,,,,,,"3e5cdb2f-a22a-47b1-9448-03b0cbbabca7","6045a451-869b-4cc8-ac31-3d6a271d9c1b","00000000-0000-0000-0000-000000000001","2020-10-16T14:45:26.944Z","AOI-552b9630-b106-4fe7-a1fa-97d04a0010ef",SecurityEvent,"/subscriptions/6c2c11ea-7d1e-49cf-9407-d67bcdaca4f5/resourcegroups/rg-papercut-mhr_uniprintinfinity-ca-mhr/providers/microsoft.compute/virtualmachines/scrdcvmhrpnt10"
"552b9630-b106-4fe7-a1fa-97d04a0010ef","2020-10-16T14:45:00.05Z",OpsManager,"SJHS-NT\SCRDCVMHRPNT10$",Machine,"SCRDCVMHRPNT10.stjoe.org","Microsoft-Windows-Security-Auditing",Security,13312,8,,4688,"4688 - A new process has been created.",,,,,,,,,,,,,,,,,,null,null,,,,null,,,,,,,,,,,,,,,"\??\C:\Windows\system32\conhost.exe ""-537576231999630549-817456932-731302898183889989-2034028236-5253158781626398384""",,,,,,,,,,,,,null,,,,,,,,,,,,,,,,,,,,null,,,,,,,,,,,null,,,,,,,,,,,,,,,,,,,,0x2570,"C:\Windows\System32\conhost.exe",,,,,,,,,,,,,,,,,,,,,,,,,,,,,"conhost.exe",0x1e8,,,,,,,,,,,,,,,,,,,,,,,,null,,,,,,,"SJHS-NT\SCRDCVMHRPNT10$",,,,"SJHS-NT",,0x3e7,,,"SCRDCVMHRPNT10$","S-1-5-18",,,,,,,,,,,,,,,,,,,,,,"%%1936",,,,,,,,,,"3e5cdb2f-a22a-47b1-9448-03b0cbbabca7","0a5b668b-18cf-44fd-915f-92158ade0ea6","00000000-0000-0000-0000-000000000001","2020-10-16T14:45:26.944Z","AOI-552b9630-b106-4fe7-a1fa-97d04a0010ef",SecurityEvent,"/subscriptions/6c2c11ea-7d1e-49cf-9407-d67bcdaca4f5/resourcegroups/rg-papercut-mhr_uniprintinfinity-ca-mhr/providers/microsoft.compute/virtualmachines/scrdcvmhrpnt10"
"552b9630-b106-4fe7-a1fa-97d04a0010ef","2020-10-16T14:45:13.177Z",OpsManager,"SJHS-NT\SCRDCVMHRPNT10$",Machine,"SCRDCVMHRPNT10.stjoe.org","Microsoft-Windows-Security-Auditing",Security,13312,8,,4688,"4688 - A new process has been created.",,,,,,,,,,,,,,,,,,null,null,,,,null,,,,,,,,,,,,,,,"""C:\Windows\system32\WindowsPowerShell\v1.0\powershell.exe"" ""-ExecutionPolicy"" ""Unrestricted"" ""-Noninteractive"" ""-NoProfile"" ""-NoLogo"" ""-File"" ""C:\Program Files\Microsoft Dependency Agent\plugins\AzureMetadata.ps1""",,,,,,,,,,,,,null,,,,,,,,,,,,,,,,,,,,null,,,,,,,,,,,null,,,,,,,,,,,,,,,,,,,,0x249c,"C:\Windows\System32\WindowsPowerShell\v1.0\powershell.exe",,,,,,,,,,,,,,,,,,,,,,,,,,,,,"powershell.exe",0x117c,,,,,,,,,,,,,,,,,,,,,,,,null,,,,,,,"SJHS-NT\SCRDCVMHRPNT10$",,,,"SJHS-NT",,0x3e7,,,"SCRDCVMHRPNT10$","S-1-5-18",,,,,,,,,,,,,,,,,,,,,,"%%1936",,,,,,,,,,"3e5cdb2f-a22a-47b1-9448-03b0cbbabca7","f2a4ccb9-da6b-4745-bf98-0216092b270c","00000000-0000-0000-0000-000000000001","2020-10-16T14:45:26.944Z","AOI-552b9630-b106-4fe7-a1fa-97d04a0010ef",SecurityEvent,"/subscriptions/6c2c11ea-7d1e-49cf-9407-d67bcdaca4f5/resourcegroups/rg-papercut-mhr_uniprintinfinity-ca-mhr/providers/microsoft.compute/virtualmachines/scrdcvmhrpnt10"
"552b9630-b106-4fe7-a1fa-97d04a0010ef","2020-10-16T14:45:13.197Z",OpsManager,"SJHS-NT\SCRDCVMHRPNT10$",Machine,"SCRDCVMHRPNT10.stjoe.org","Microsoft-Windows-Security-Auditing",Security,13312,8,,4688,"4688 - A new process has been created.",,,,,,,,,,,,,,,,,,null,null,,,,null,,,,,,,,,,,,,,,"\??\C:\Windows\system32\conhost.exe ""683858300-1107027805-1040910273-1242154015202199939896707193-268833337-2084201037""",,,,,,,,,,,,,null,,,,,,,,,,,,,,,,,,,,null,,,,,,,,,,,null,,,,,,,,,,,,,,,,,,,,0x19ac,"C:\Windows\System32\conhost.exe",,,,,,,,,,,,,,,,,,,,,,,,,,,,,"conhost.exe",0x1e8,,,,,,,,,,,,,,,,,,,,,,,,null,,,,,,,"SJHS-NT\SCRDCVMHRPNT10$",,,,"SJHS-NT",,0x3e7,,,"SCRDCVMHRPNT10$","S-1-5-18",,,,,,,,,,,,,,,,,,,,,,"%%1936",,,,,,,,,,"3e5cdb2f-a22a-47b1-9448-03b0cbbabca7","340a36f5-e21c-4c80-a918-2a702fe2fce6","00000000-0000-0000-0000-000000000001","2020-10-16T14:45:26.944Z","AOI-552b9630-b106-4fe7-a1fa-97d04a0010ef",SecurityEvent,"/subscriptions/6c2c11ea-7d1e-49cf-9407-d67bcdaca4f5/resourcegroups/rg-papercut-mhr_uniprintinfinity-ca-mhr/providers/microsoft.compute/virtualmachines/scrdcvmhrpnt10"
"552b9630-b106-4fe7-a1fa-97d04a0010ef","2020-10-16T14:45:13.68Z",OpsManager,,,"SCRDCVMHRPNT10.stjoe.org","Microsoft-Windows-AppLocker","Microsoft-Windows-AppLocker/MSI and Script",0,4,"<UserData xmlns=""http://schemas.microsoft.com/win/2004/08/events/event"">
  <RuleAndFileData xmlns:auto-ns2=""http://schemas.microsoft.com/win/2004/08/events"" xmlns=""http://schemas.microsoft.com/schemas/event/Microsoft.Windows/1.0.0.0"">
    <PolicyName>SCRIPT</PolicyName>
    <RuleId>{352484FB-A2DB-46F5-91E1-4F9AD6A5D05A}</RuleId>
    <RuleName>(Default Rule) All Script's</RuleName>
    <RuleSddl>D:(XA;;FX;;;S-1-1-0;(APPID://PATH Contains ""*""))</RuleSddl>
    <TargetUser>S-1-5-18</TargetUser>
    <TargetProcessId>9372</TargetProcessId>
    <FilePath>%WINDIR%\TEMP\L2V3MFUH.MKG.PS1</FilePath>
    <FileHash>6B86B273FF34FCE19D6B804EFF5A3F5747ADA4EAA22F1D49C01E52DDB7875B4B</FileHash>
    <Fqbn>-</Fqbn>
  </RuleAndFileData>
</UserData>",8005,8005,,,,,,,,,,,,,,,,,,null,null,,,,null,,,,,,,,,,,,,,,,,,,,,,,,,,,,null,,,6B86B273FF34FCE19D6B804EFF5A3F5747ADA4EAA22F1D49C01E52DDB7875B4B,"%WINDIR%\TEMP\L2V3MFUH.MKG.PS1",,,,"-",,,,,,,,,,,,null,,,,,,,,,,,null,,,,,,,,,,,,,,,,,,,,,,,,,,,,,,,,,,,,,,,,,,,,,,,,,,,,,,,,,,,,,,,,,,,,,,,,,,,null,,,,,,,,,,,,,,,,,,,,,,,,,,,,,,"S-1-5-18",,,,,,,,,,,,,,,,,,,"3e5cdb2f-a22a-47b1-9448-03b0cbbabca7","94d7b673-8e20-45fe-80ab-620c9bafaa79","00000000-0000-0000-0000-000000000001","2020-10-16T14:45:26.944Z","AOI-552b9630-b106-4fe7-a1fa-97d04a0010ef",SecurityEvent,"/subscriptions/6c2c11ea-7d1e-49cf-9407-d67bcdaca4f5/resourcegroups/rg-papercut-mhr_uniprintinfinity-ca-mhr/providers/microsoft.compute/virtualmachines/scrdcvmhrpnt10"
"552b9630-b106-4fe7-a1fa-97d04a0010ef","2020-10-16T14:45:13.803Z",OpsManager,,,"SCRDCVMHRPNT10.stjoe.org","Microsoft-Windows-AppLocker","Microsoft-Windows-AppLocker/MSI and Script",0,4,"<UserData xmlns=""http://schemas.microsoft.com/win/2004/08/events/event"">
  <RuleAndFileData xmlns:auto-ns2=""http://schemas.microsoft.com/win/2004/08/events"" xmlns=""http://schemas.microsoft.com/schemas/event/Microsoft.Windows/1.0.0.0"">
    <PolicyName>SCRIPT</PolicyName>
    <RuleId>{352484FB-A2DB-46F5-91E1-4F9AD6A5D05A}</RuleId>
    <RuleName>(Default Rule) All Script's</RuleName>
    <RuleSddl>D:(XA;;FX;;;S-1-1-0;(APPID://PATH Contains ""*""))</RuleSddl>
    <TargetUser>S-1-5-18</TargetUser>
    <TargetProcessId>9372</TargetProcessId>
    <FilePath>%PROGRAMFILES%\MICROSOFT DEPENDENCY AGENT\PLUGINS\AZUREMETADATA.PS1</FilePath>
    <FileHash>62868517C3F92A8B2DDA66807FA76B87790BF13AB42B43ED500B48732F0C454E</FileHash>
    <Fqbn>O=MICROSOFT CORPORATION, L=REDMOND, S=WASHINGTON, C=US\\\0.0.0.00</Fqbn>
  </RuleAndFileData>
</UserData>",8005,8005,,,,,,,,,,,,,,,,,,null,null,,,,null,,,,,,,,,,,,,,,,,,,,,,,,,,,,null,,,62868517C3F92A8B2DDA66807FA76B87790BF13AB42B43ED500B48732F0C454E,"%PROGRAMFILES%\MICROSOFT DEPENDENCY AGENT\PLUGINS\AZUREMETADATA.PS1",,,,"O=MICROSOFT CORPORATION, L=REDMOND, S=WASHINGTON, C=US\\\0.0.0.00",,,,,,,,,,,,null,,,,,,,,,,,null,,,,,,,,,,,,,,,,,,,,,,,,,,,,,,,,,,,,,,,,,,,,,,,,,,,,,,,,,,,,,,,,,,,,,,,,,,,null,,,,,,,,,,,,,,,,,,,,,,,,,,,,,,"S-1-5-18",,,,,,,,,,,,,,,,,,,"3e5cdb2f-a22a-47b1-9448-03b0cbbabca7","e1b21b99-7b12-4e33-b33f-051d5fc93a5c","00000000-0000-0000-0000-000000000001","2020-10-16T14:45:26.944Z","AOI-552b9630-b106-4fe7-a1fa-97d04a0010ef",SecurityEvent,"/subscriptions/6c2c11ea-7d1e-49cf-9407-d67bcdaca4f5/resourcegroups/rg-papercut-mhr_uniprintinfinity-ca-mhr/providers/microsoft.compute/virtualmachines/scrdcvmhrpnt10"
"552b9630-b106-4fe7-a1fa-97d04a0010ef","2020-10-16T14:45:14.007Z",OpsManager,,,"SCRDCVMHRPNT10.stjoe.org","Microsoft-Windows-AppLocker","Microsoft-Windows-AppLocker/MSI and Script",0,4,"<UserData xmlns=""http://schemas.microsoft.com/win/2004/08/events/event"">
  <RuleAndFileData xmlns:auto-ns2=""http://schemas.microsoft.com/win/2004/08/events"" xmlns=""http://schemas.microsoft.com/schemas/event/Microsoft.Windows/1.0.0.0"">
    <PolicyName>SCRIPT</PolicyName>
    <RuleId>{352484FB-A2DB-46F5-91E1-4F9AD6A5D05A}</RuleId>
    <RuleName>(Default Rule) All Script's</RuleName>
    <RuleSddl>D:(XA;;FX;;;S-1-1-0;(APPID://PATH Contains ""*""))</RuleSddl>
    <TargetUser>S-1-5-18</TargetUser>
    <TargetProcessId>9372</TargetProcessId>
    <FilePath>%PROGRAMFILES%\MICROSOFT DEPENDENCY AGENT\PLUGINS\LIB\PROPERTYMAP.PS1</FilePath>
    <FileHash>15828E451173985F3E0BD1834BE956284CC77919F2AE9A1D610A5E92EB4BFF21</FileHash>
    <Fqbn>O=MICROSOFT CORPORATION, L=REDMOND, S=WASHINGTON, C=US\\\0.0.0.00</Fqbn>
  </RuleAndFileData>
</UserData>",8005,8005,,,,,,,,,,,,,,,,,,null,null,,,,null,,,,,,,,,,,,,,,,,,,,,,,,,,,,null,,,15828E451173985F3E0BD1834BE956284CC77919F2AE9A1D610A5E92EB4BFF21,"%PROGRAMFILES%\MICROSOFT DEPENDENCY AGENT\PLUGINS\LIB\PROPERTYMAP.PS1",,,,"O=MICROSOFT CORPORATION, L=REDMOND, S=WASHINGTON, C=US\\\0.0.0.00",,,,,,,,,,,,null,,,,,,,,,,,null,,,,,,,,,,,,,,,,,,,,,,,,,,,,,,,,,,,,,,,,,,,,,,,,,,,,,,,,,,,,,,,,,,,,,,,,,,,null,,,,,,,,,,,,,,,,,,,,,,,,,,,,,,"S-1-5-18",,,,,,,,,,,,,,,,,,,"3e5cdb2f-a22a-47b1-9448-03b0cbbabca7","956fa999-3996-4811-a0b2-124bb40b5f7b","00000000-0000-0000-0000-000000000001","2020-10-16T14:45:26.944Z","AOI-552b9630-b106-4fe7-a1fa-97d04a0010ef",SecurityEvent,"/subscriptions/6c2c11ea-7d1e-49cf-9407-d67bcdaca4f5/resourcegroups/rg-papercut-mhr_uniprintinfinity-ca-mhr/providers/microsoft.compute/virtualmachines/scrdcvmhrpnt10"
"552b9630-b106-4fe7-a1fa-97d04a0010ef","2020-10-16T14:45:14.12Z",OpsManager,,,"SCRDCVMHRPNT10.stjoe.org","Microsoft-Windows-AppLocker","Microsoft-Windows-AppLocker/MSI and Script",0,4,"<UserData xmlns=""http://schemas.microsoft.com/win/2004/08/events/event"">
  <RuleAndFileData xmlns:auto-ns2=""http://schemas.microsoft.com/win/2004/08/events"" xmlns=""http://schemas.microsoft.com/schemas/event/Microsoft.Windows/1.0.0.0"">
    <PolicyName>SCRIPT</PolicyName>
    <RuleId>{352484FB-A2DB-46F5-91E1-4F9AD6A5D05A}</RuleId>
    <RuleName>(Default Rule) All Script's</RuleName>
    <RuleSddl>D:(XA;;FX;;;S-1-1-0;(APPID://PATH Contains ""*""))</RuleSddl>
    <TargetUser>S-1-5-18</TargetUser>
    <TargetProcessId>9372</TargetProcessId>
    <FilePath>%PROGRAMFILES%\MICROSOFT DEPENDENCY AGENT\PLUGINS\LIB\UTILS.PS1</FilePath>
    <FileHash>243F014F84C02282E4D6027ADDDB014D635A8232116D7604D59D721D0875CB26</FileHash>
    <Fqbn>O=MICROSOFT CORPORATION, L=REDMOND, S=WASHINGTON, C=US\\\0.0.0.00</Fqbn>
  </RuleAndFileData>
</UserData>",8005,8005,,,,,,,,,,,,,,,,,,null,null,,,,null,,,,,,,,,,,,,,,,,,,,,,,,,,,,null,,,243F014F84C02282E4D6027ADDDB014D635A8232116D7604D59D721D0875CB26,"%PROGRAMFILES%\MICROSOFT DEPENDENCY AGENT\PLUGINS\LIB\UTILS.PS1",,,,"O=MICROSOFT CORPORATION, L=REDMOND, S=WASHINGTON, C=US\\\0.0.0.00",,,,,,,,,,,,null,,,,,,,,,,,null,,,,,,,,,,,,,,,,,,,,,,,,,,,,,,,,,,,,,,,,,,,,,,,,,,,,,,,,,,,,,,,,,,,,,,,,,,,null,,,,,,,,,,,,,,,,,,,,,,,,,,,,,,"S-1-5-18",,,,,,,,,,,,,,,,,,,"3e5cdb2f-a22a-47b1-9448-03b0cbbabca7","c316c77d-5779-49df-834a-3b41634471e7","00000000-0000-0000-0000-000000000001","2020-10-16T14:45:26.944Z","AOI-552b9630-b106-4fe7-a1fa-97d04a0010ef",SecurityEvent,"/subscriptions/6c2c11ea-7d1e-49cf-9407-d67bcdaca4f5/resourcegroups/rg-papercut-mhr_uniprintinfinity-ca-mhr/providers/microsoft.compute/virtualmachines/scrdcvmhrpnt10"
"552b9630-b106-4fe7-a1fa-97d04a0010ef","2020-10-16T14:45:14.56Z",OpsManager,,,"SCRDCVMHRPNT10.stjoe.org","Microsoft-Windows-AppLocker","Microsoft-Windows-AppLocker/MSI and Script",0,4,"<UserData xmlns=""http://schemas.microsoft.com/win/2004/08/events/event"">
  <RuleAndFileData xmlns:auto-ns2=""http://schemas.microsoft.com/win/2004/08/events"" xmlns=""http://schemas.microsoft.com/schemas/event/Microsoft.Windows/1.0.0.0"">
    <PolicyName>SCRIPT</PolicyName>
    <RuleId>{352484FB-A2DB-46F5-91E1-4F9AD6A5D05A}</RuleId>
    <RuleName>(Default Rule) All Script's</RuleName>
    <RuleSddl>D:(XA;;FX;;;S-1-1-0;(APPID://PATH Contains ""*""))</RuleSddl>
    <TargetUser>S-1-5-18</TargetUser>
    <TargetProcessId>9372</TargetProcessId>
    <FilePath>%PROGRAMFILES%\MICROSOFT DEPENDENCY AGENT\PLUGINS\LIB\VMSSUTILS.PS1</FilePath>
    <FileHash>E0D932A5062D65CF0AA989B0C4C48C04EAAE18040FC1C2B4F4357BC4884257B3</FileHash>
    <Fqbn>O=MICROSOFT CORPORATION, L=REDMOND, S=WASHINGTON, C=US\\\0.0.0.00</Fqbn>
  </RuleAndFileData>
</UserData>",8005,8005,,,,,,,,,,,,,,,,,,null,null,,,,null,,,,,,,,,,,,,,,,,,,,,,,,,,,,null,,,E0D932A5062D65CF0AA989B0C4C48C04EAAE18040FC1C2B4F4357BC4884257B3,"%PROGRAMFILES%\MICROSOFT DEPENDENCY AGENT\PLUGINS\LIB\VMSSUTILS.PS1",,,,"O=MICROSOFT CORPORATION, L=REDMOND, S=WASHINGTON, C=US\\\0.0.0.00",,,,,,,,,,,,null,,,,,,,,,,,null,,,,,,,,,,,,,,,,,,,,,,,,,,,,,,,,,,,,,,,,,,,,,,,,,,,,,,,,,,,,,,,,,,,,,,,,,,,null,,,,,,,,,,,,,,,,,,,,,,,,,,,,,,"S-1-5-18",,,,,,,,,,,,,,,,,,,"3e5cdb2f-a22a-47b1-9448-03b0cbbabca7","2f7b44e6-f477-4b37-a7d4-a30980be80fd","00000000-0000-0000-0000-000000000001","2020-10-16T14:45:26.944Z","AOI-552b9630-b106-4fe7-a1fa-97d04a0010ef",SecurityEvent,"/subscriptions/6c2c11ea-7d1e-49cf-9407-d67bcdaca4f5/resourcegroups/rg-papercut-mhr_uniprintinfinity-ca-mhr/providers/microsoft.compute/virtualmachines/scrdcvmhrpnt10"
"552b9630-b106-4fe7-a1fa-97d04a0010ef","2020-10-16T14:45:14.677Z",OpsManager,,,"SCRDCVMHRPNT10.stjoe.org","Microsoft-Windows-AppLocker","Microsoft-Windows-AppLocker/MSI and Script",0,4,"<UserData xmlns=""http://schemas.microsoft.com/win/2004/08/events/event"">
  <RuleAndFileData xmlns:auto-ns2=""http://schemas.microsoft.com/win/2004/08/events"" xmlns=""http://schemas.microsoft.com/schemas/event/Microsoft.Windows/1.0.0.0"">
    <PolicyName>SCRIPT</PolicyName>
    <RuleId>{352484FB-A2DB-46F5-91E1-4F9AD6A5D05A}</RuleId>
    <RuleName>(Default Rule) All Script's</RuleName>
    <RuleSddl>D:(XA;;FX;;;S-1-1-0;(APPID://PATH Contains ""*""))</RuleSddl>
    <TargetUser>S-1-5-18</TargetUser>
    <TargetProcessId>9372</TargetProcessId>
    <FilePath>%PROGRAMFILES%\MICROSOFT DEPENDENCY AGENT\PLUGINS\LIB\UTILS.PS1</FilePath>
    <FileHash>243F014F84C02282E4D6027ADDDB014D635A8232116D7604D59D721D0875CB26</FileHash>
    <Fqbn>O=MICROSOFT CORPORATION, L=REDMOND, S=WASHINGTON, C=US\\\0.0.0.00</Fqbn>
  </RuleAndFileData>
</UserData>",8005,8005,,,,,,,,,,,,,,,,,,null,null,,,,null,,,,,,,,,,,,,,,,,,,,,,,,,,,,null,,,243F014F84C02282E4D6027ADDDB014D635A8232116D7604D59D721D0875CB26,"%PROGRAMFILES%\MICROSOFT DEPENDENCY AGENT\PLUGINS\LIB\UTILS.PS1",,,,"O=MICROSOFT CORPORATION, L=REDMOND, S=WASHINGTON, C=US\\\0.0.0.00",,,,,,,,,,,,null,,,,,,,,,,,null,,,,,,,,,,,,,,,,,,,,,,,,,,,,,,,,,,,,,,,,,,,,,,,,,,,,,,,,,,,,,,,,,,,,,,,,,,,null,,,,,,,,,,,,,,,,,,,,,,,,,,,,,,"S-1-5-18",,,,,,,,,,,,,,,,,,,"3e5cdb2f-a22a-47b1-9448-03b0cbbabca7","d0cb9f40-7ae4-4355-a6d9-c252bb9983cc","00000000-0000-0000-0000-000000000001","2020-10-16T14:45:26.944Z","AOI-552b9630-b106-4fe7-a1fa-97d04a0010ef",SecurityEvent,"/subscriptions/6c2c11ea-7d1e-49cf-9407-d67bcdaca4f5/resourcegroups/rg-papercut-mhr_uniprintinfinity-ca-mhr/providers/microsoft.compute/virtualmachines/scrdcvmhrpnt10"
"552b9630-b106-4fe7-a1fa-97d04a0010ef","2020-10-16T14:45:18.41Z",OpsManager,,,"SCRDCVMHRPNT10.stjoe.org","Microsoft-Windows-AppLocker","Microsoft-Windows-AppLocker/MSI and Script",0,4,"<UserData xmlns=""http://schemas.microsoft.com/win/2004/08/events/event"">
  <RuleAndFileData xmlns:auto-ns2=""http://schemas.microsoft.com/win/2004/08/events"" xmlns=""http://schemas.microsoft.com/schemas/event/Microsoft.Windows/1.0.0.0"">
    <PolicyName>SCRIPT</PolicyName>
    <RuleId>{352484FB-A2DB-46F5-91E1-4F9AD6A5D05A}</RuleId>
    <RuleName>(Default Rule) All Script's</RuleName>
    <RuleSddl>D:(XA;;FX;;;S-1-1-0;(APPID://PATH Contains ""*""))</RuleSddl>
    <TargetUser>S-1-5-18</TargetUser>
    <TargetProcessId>2736</TargetProcessId>
    <FilePath>%PROGRAMFILES%\MICROSOFT MONITORING AGENT\AGENT\HEALTH SERVICE STATE\MONITORING HOST TEMPORARY FILES 12931\37521\DISCOVERHEALTHSERVICECOMMUNICATIONRELATIONSHIPS.JS</FilePath>
    <FileHash>81671189A7605FFB5306ABB20F70D006D2F4DEF50E01DEE0259924BC4F488FAD</FileHash>
    <Fqbn>-</Fqbn>
  </RuleAndFileData>
</UserData>",8005,8005,,,,,,,,,,,,,,,,,,null,null,,,,null,,,,,,,,,,,,,,,,,,,,,,,,,,,,null,,,81671189A7605FFB5306ABB20F70D006D2F4DEF50E01DEE0259924BC4F488FAD,"%PROGRAMFILES%\MICROSOFT MONITORING AGENT\AGENT\HEALTH SERVICE STATE\MONITORING HOST TEMPORARY FILES 12931\37521\DISCOVERHEALTHSERVICECOMMUNICATIONRELATIONSHIPS.JS",,,,"-",,,,,,,,,,,,null,,,,,,,,,,,null,,,,,,,,,,,,,,,,,,,,,,,,,,,,,,,,,,,,,,,,,,,,,,,,,,,,,,,,,,,,,,,,,,,,,,,,,,,null,,,,,,,,,,,,,,,,,,,,,,,,,,,,,,"S-1-5-18",,,,,,,,,,,,,,,,,,,"3e5cdb2f-a22a-47b1-9448-03b0cbbabca7","e90013a3-508f-4dfc-adbe-2b234b61e518","00000000-0000-0000-0000-000000000001","2020-10-16T14:45:26.944Z","AOI-552b9630-b106-4fe7-a1fa-97d04a0010ef",SecurityEvent,"/subscriptions/6c2c11ea-7d1e-49cf-9407-d67bcdaca4f5/resourcegroups/rg-papercut-mhr_uniprintinfinity-ca-mhr/providers/microsoft.compute/virtualmachines/scrdcvmhrpnt10"
"552b9630-b106-4fe7-a1fa-97d04a0010ef","2020-10-16T14:45:18.263Z",OpsManager,"SJHS-NT\SCRDCVMHRPNT10$",Machine,"SCRDCVMHRPNT10.stjoe.org","Microsoft-Windows-Security-Auditing",Security,13312,8,,4688,"4688 - A new process has been created.",,,,,,,,,,,,,,,,,,null,null,,,,null,,,,,,,,,,,,,,,"""C:\Windows\system32\cscript.exe"" /nologo ""DiscoverHealthServiceCommunicationRelationships.js"" 0 {3237253B-2A1C-38E7-8E52-588635224D35} {1E8B9BCE-DFE2-1831-1118-835346B19725} SCRDCVMHRPNT10.stjoe.org ""SJH""",,,,,,,,,,,,,null,,,,,,,,,,,,,,,,,,,,null,,,,,,,,,,,null,,,,,,,,,,,,,,,,,,,,0xab0,"C:\Windows\System32\cscript.exe",,,,,,,,,,,,,,,,,,,,,,,,,,,,,"cscript.exe",0x9c8,,,,,,,,,,,,,,,,,,,,,,,,null,,,,,,,"SJHS-NT\SCRDCVMHRPNT10$",,,,"SJHS-NT",,0x3e7,,,"SCRDCVMHRPNT10$","S-1-5-18",,,,,,,,,,,,,,,,,,,,,,"%%1936",,,,,,,,,,"3e5cdb2f-a22a-47b1-9448-03b0cbbabca7","80410801-f396-4417-956f-33941fe02fcf","00000000-0000-0000-0000-000000000001","2020-10-16T14:45:26.944Z","AOI-552b9630-b106-4fe7-a1fa-97d04a0010ef",SecurityEvent,"/subscriptions/6c2c11ea-7d1e-49cf-9407-d67bcdaca4f5/resourcegroups/rg-papercut-mhr_uniprintinfinity-ca-mhr/providers/microsoft.compute/virtualmachines/scrdcvmhrpnt10"
"552b9630-b106-4fe7-a1fa-97d04a0010ef","2020-10-16T14:45:18.29Z",OpsManager,"SJHS-NT\SCRDCVMHRPNT10$",Machine,"SCRDCVMHRPNT10.stjoe.org","Microsoft-Windows-Security-Auditing",Security,13312,8,,4688,"4688 - A new process has been created.",,,,,,,,,,,,,,,,,,null,null,,,,null,,,,,,,,,,,,,,,"\??\C:\Windows\system32\conhost.exe ""-1499601531499914039-813901645558169004-18309867351925534113-698230673-1945764332""",,,,,,,,,,,,,null,,,,,,,,,,,,,,,,,,,,null,,,,,,,,,,,null,,,,,,,,,,,,,,,,,,,,0x27c4,"C:\Windows\System32\conhost.exe",,,,,,,,,,,,,,,,,,,,,,,,,,,,,"conhost.exe",0x1e8,,,,,,,,,,,,,,,,,,,,,,,,null,,,,,,,"SJHS-NT\SCRDCVMHRPNT10$",,,,"SJHS-NT",,0x3e7,,,"SCRDCVMHRPNT10$","S-1-5-18",,,,,,,,,,,,,,,,,,,,,,"%%1936",,,,,,,,,,"3e5cdb2f-a22a-47b1-9448-03b0cbbabca7","13805ea3-8d69-44cb-84f0-f8e027ed23df","00000000-0000-0000-0000-000000000001","2020-10-16T14:45:26.944Z","AOI-552b9630-b106-4fe7-a1fa-97d04a0010ef",SecurityEvent,"/subscriptions/6c2c11ea-7d1e-49cf-9407-d67bcdaca4f5/resourcegroups/rg-papercut-mhr_uniprintinfinity-ca-mhr/providers/microsoft.compute/virtualmachines/scrdcvmhrpnt10"
"552b9630-b106-4fe7-a1fa-97d04a0010ef","2020-10-16T14:45:27.283Z",OpsManager,"PHSWA\SEDT916804",User,"WN73018.adi.swedish.org","Microsoft-Windows-Security-Auditing",Security,12545,8,,4634,"4634 - An account was logged off.",,,,,,,,,,,,,,,,,,null,null,,,,null,,,,,,,,,,,,,,,,,,,,,,,,,,,,null,,,,,,,,,,,,,,,,,,,,null,,,,,,,,,,,3,"3 - Network",,,,,,,,,,,,,,,,,,,,,,,,,,,,,,,,,,,,,,,,,,,,,,,,,,,,,,,,,,,,,,,,,,,,,,,,,,null,,,,,,,,,,,,,,,,,,,,"PHSWA\SEDT916804",PHSWA,,,,0x10dd8b37b,,,,,,SEDT916804,"S-1-5-21-420551719-245851362-9522986-439496",,,,,,,,,,,,,,,,,"cf2bdb32-3533-4e25-9886-d5a2ba6d0071","bcd994d1-3285-4bcd-b0fe-885f730c7dd9","00000000-0000-0000-0000-000000000001","2020-10-16T14:45:29.303Z","AOI-552b9630-b106-4fe7-a1fa-97d04a0010ef",SecurityEvent,
"552b9630-b106-4fe7-a1fa-97d04a0010ef","2020-10-16T14:45:27.3Z",OpsManager,,,"WN73018.adi.swedish.org","Microsoft-Windows-Security-Auditing",Security,12810,8,"<EventData xmlns=""http://schemas.microsoft.com/win/2004/08/events/event"">
  <Data Name=""ProcessID"">4</Data>
  <Data Name=""Application"">System</Data>
  <Data Name=""Direction"">%%14592</Data>
  <Data Name=""SourceAddress"">170.173.89.255</Data>
  <Data Name=""SourcePort"">137</Data>
  <Data Name=""DestAddress"">170.173.88.92</Data>
  <Data Name=""DestPort"">137</Data>
  <Data Name=""Protocol"">17</Data>
  <Data Name=""FilterRTID"">0</Data>
  <Data Name=""LayerName"">%%14610</Data>
  <Data Name=""LayerRTID"">44</Data>
  <Data Name=""RemoteUserID"">S-1-0-0</Data>
  <Data Name=""RemoteMachineID"">S-1-0-0</Data>
</EventData>",5156,"5156 - The Windows Filtering Platform has allowed a connection.",,,,,,,,,,,,,,,,,,null,null,,,,null,,,,,,,,,,,,,,,,,,,,,,,,,,,,null,,,,,,,,,,,,,,,,,,,,null,,,,,,,,,,,null,,,,,,,,,,,,,,,,,,,,,,,,,,,,,,,,,,,,,,,,,,,,,,,,,,,,,,,,,,,,,,,,,,,,,,,,,,,null,,,,,,,,,,,,,,,,,,,,,,,,,,,,,,,,,,,,,,,,,,,,,,,,,"cf2bdb32-3533-4e25-9886-d5a2ba6d0071","4d442362-4f75-44db-8823-c020741f3445","00000000-0000-0000-0000-000000000001","2020-10-16T14:45:29.303Z","AOI-552b9630-b106-4fe7-a1fa-97d04a0010ef",SecurityEvent,
"552b9630-b106-4fe7-a1fa-97d04a0010ef","2020-10-16T14:45:27.33Z",OpsManager,,,"WN73018.adi.swedish.org","Microsoft-Windows-Security-Auditing",Security,12810,8,"<EventData xmlns=""http://schemas.microsoft.com/win/2004/08/events/event"">
  <Data Name=""ProcessID"">644</Data>
  <Data Name=""Application"">\device\harddiskvolume2\windows\system32\lsass.exe</Data>
  <Data Name=""Direction"">%%14592</Data>
  <Data Name=""SourceAddress"">170.173.88.28</Data>
  <Data Name=""SourcePort"">389</Data>
  <Data Name=""DestAddress"">10.211.96.146</Data>
  <Data Name=""DestPort"">56587</Data>
  <Data Name=""Protocol"">17</Data>
  <Data Name=""FilterRTID"">0</Data>
  <Data Name=""LayerName"">%%14610</Data>
  <Data Name=""LayerRTID"">44</Data>
  <Data Name=""RemoteUserID"">S-1-0-0</Data>
  <Data Name=""RemoteMachineID"">S-1-0-0</Data>
</EventData>",5156,"5156 - The Windows Filtering Platform has allowed a connection.",,,,,,,,,,,,,,,,,,null,null,,,,null,,,,,,,,,,,,,,,,,,,,,,,,,,,,null,,,,,,,,,,,,,,,,,,,,null,,,,,,,,,,,null,,,,,,,,,,,,,,,,,,,,,,,,,,,,,,,,,,,,,,,,,,,,,,,,,,,,,,,,,,,,,,,,,,,,,,,,,,,null,,,,,,,,,,,,,,,,,,,,,,,,,,,,,,,,,,,,,,,,,,,,,,,,,"cf2bdb32-3533-4e25-9886-d5a2ba6d0071","22027f48-e8a3-47aa-8fb0-25856ee5b98a","00000000-0000-0000-0000-000000000001","2020-10-16T14:45:29.303Z","AOI-552b9630-b106-4fe7-a1fa-97d04a0010ef",SecurityEvent,
"552b9630-b106-4fe7-a1fa-97d04a0010ef","2020-10-16T14:45:27.33Z",OpsManager,,,"WN73018.adi.swedish.org","Microsoft-Windows-Security-Auditing",Security,12810,8,"<EventData xmlns=""http://schemas.microsoft.com/win/2004/08/events/event"">
  <Data Name=""ProcessID"">644</Data>
  <Data Name=""Application"">\device\harddiskvolume2\windows\system32\lsass.exe</Data>
  <Data Name=""Direction"">%%14592</Data>
  <Data Name=""SourceAddress"">170.173.88.28</Data>
  <Data Name=""SourcePort"">88</Data>
  <Data Name=""DestAddress"">170.173.89.118</Data>
  <Data Name=""DestPort"">56547</Data>
  <Data Name=""Protocol"">6</Data>
  <Data Name=""FilterRTID"">0</Data>
  <Data Name=""LayerName"">%%14610</Data>
  <Data Name=""LayerRTID"">44</Data>
  <Data Name=""RemoteUserID"">S-1-0-0</Data>
  <Data Name=""RemoteMachineID"">S-1-0-0</Data>
</EventData>",5156,"5156 - The Windows Filtering Platform has allowed a connection.",,,,,,,,,,,,,,,,,,null,null,,,,null,,,,,,,,,,,,,,,,,,,,,,,,,,,,null,,,,,,,,,,,,,,,,,,,,null,,,,,,,,,,,null,,,,,,,,,,,,,,,,,,,,,,,,,,,,,,,,,,,,,,,,,,,,,,,,,,,,,,,,,,,,,,,,,,,,,,,,,,,null,,,,,,,,,,,,,,,,,,,,,,,,,,,,,,,,,,,,,,,,,,,,,,,,,"cf2bdb32-3533-4e25-9886-d5a2ba6d0071","6ad423c1-9ccc-4200-9341-ef5e59c8fedf","00000000-0000-0000-0000-000000000001","2020-10-16T14:45:29.303Z","AOI-552b9630-b106-4fe7-a1fa-97d04a0010ef",SecurityEvent,
"552b9630-b106-4fe7-a1fa-97d04a0010ef","2020-10-16T14:45:27.33Z",OpsManager,,,"WN73018.adi.swedish.org","Microsoft-Windows-Security-Auditing",Security,14337,8,"<EventData xmlns=""http://schemas.microsoft.com/win/2004/08/events/event"">
  <Data Name=""TargetUserName"">n7748108@EXT.PROVIDENCE.ORG</Data>
  <Data Name=""TargetDomainName"">EXT.PROVIDENCE.ORG</Data>
  <Data Name=""ServiceName"">WN69067$</Data>
  <Data Name=""ServiceSid"">S-1-5-21-2242814488-728049761-1940932111-175877</Data>
  <Data Name=""TicketOptions"">0x40810000</Data>
  <Data Name=""TicketEncryptionType"">0x12</Data>
  <Data Name=""IpAddress"">::ffff:170.173.89.118</Data>
  <Data Name=""IpPort"">56547</Data>
  <Data Name=""Status"">0x0</Data>
  <Data Name=""LogonGuid"">{E0D77C50-4E73-13C7-8F03-F04B8F32BC82}</Data>
  <Data Name=""TransmittedServices"">-</Data>
</EventData>",4769,"4769 - A Kerberos service ticket was requested.",,,,,,,,,,,,,,,,,,null,null,,,,null,,,,,,,,,,,,,,,,,,,,,,,,,,,,null,,,,,,,,,,,,,,,,,,,,null,,,,,,,,,,,null,,,,,,,,,,,,,,,,,,,,,,,,,,,,,,,,,,,,,,,,,,,,,,,,,,,,,,,,,,,,,,,,,,,,,,,,,,,null,,,,,,,,,,,,,,,,,,,,,,,,,,,,,,,,,,,,,,,,,,,,,,,,,"cf2bdb32-3533-4e25-9886-d5a2ba6d0071","ab5eeb07-abc3-4370-8c36-5507757feb25","00000000-0000-0000-0000-000000000001","2020-10-16T14:45:29.303Z","AOI-552b9630-b106-4fe7-a1fa-97d04a0010ef",SecurityEvent,
"552b9630-b106-4fe7-a1fa-97d04a0010ef","2020-10-16T14:45:27.363Z",OpsManager,,,"WN73018.adi.swedish.org","Microsoft-Windows-Security-Auditing",Security,12810,8,"<EventData xmlns=""http://schemas.microsoft.com/win/2004/08/events/event"">
  <Data Name=""ProcessID"">644</Data>
  <Data Name=""Application"">\device\harddiskvolume2\windows\system32\lsass.exe</Data>
  <Data Name=""Direction"">%%14592</Data>
  <Data Name=""SourceAddress"">170.173.88.28</Data>
  <Data Name=""SourcePort"">88</Data>
  <Data Name=""DestAddress"">170.173.89.119</Data>
  <Data Name=""DestPort"">63786</Data>
  <Data Name=""Protocol"">6</Data>
  <Data Name=""FilterRTID"">0</Data>
  <Data Name=""LayerName"">%%14610</Data>
  <Data Name=""LayerRTID"">44</Data>
  <Data Name=""RemoteUserID"">S-1-0-0</Data>
  <Data Name=""RemoteMachineID"">S-1-0-0</Data>
</EventData>",5156,"5156 - The Windows Filtering Platform has allowed a connection.",,,,,,,,,,,,,,,,,,null,null,,,,null,,,,,,,,,,,,,,,,,,,,,,,,,,,,null,,,,,,,,,,,,,,,,,,,,null,,,,,,,,,,,null,,,,,,,,,,,,,,,,,,,,,,,,,,,,,,,,,,,,,,,,,,,,,,,,,,,,,,,,,,,,,,,,,,,,,,,,,,,null,,,,,,,,,,,,,,,,,,,,,,,,,,,,,,,,,,,,,,,,,,,,,,,,,"cf2bdb32-3533-4e25-9886-d5a2ba6d0071","0b8a8b38-1855-4af8-9a8d-76ef26c21a2a","00000000-0000-0000-0000-000000000001","2020-10-16T14:45:29.303Z","AOI-552b9630-b106-4fe7-a1fa-97d04a0010ef",SecurityEvent,
"552b9630-b106-4fe7-a1fa-97d04a0010ef","2020-10-16T14:45:27.363Z",OpsManager,,,"WN73018.adi.swedish.org","Microsoft-Windows-Security-Auditing",Security,12810,8,"<EventData xmlns=""http://schemas.microsoft.com/win/2004/08/events/event"">
  <Data Name=""ProcessID"">420</Data>
  <Data Name=""Application"">\device\harddiskvolume2\windows\system32\svchost.exe</Data>
  <Data Name=""Direction"">%%14592</Data>
  <Data Name=""SourceAddress"">ff02::1:3</Data>
  <Data Name=""SourcePort"">5355</Data>
  <Data Name=""DestAddress"">fe80::14d3:12d1:6087:af16</Data>
  <Data Name=""DestPort"">63235</Data>
  <Data Name=""Protocol"">17</Data>
  <Data Name=""FilterRTID"">0</Data>
  <Data Name=""LayerName"">%%14610</Data>
  <Data Name=""LayerRTID"">46</Data>
  <Data Name=""RemoteUserID"">S-1-0-0</Data>
  <Data Name=""RemoteMachineID"">S-1-0-0</Data>
</EventData>",5156,"5156 - The Windows Filtering Platform has allowed a connection.",,,,,,,,,,,,,,,,,,null,null,,,,null,,,,,,,,,,,,,,,,,,,,,,,,,,,,null,,,,,,,,,,,,,,,,,,,,null,,,,,,,,,,,null,,,,,,,,,,,,,,,,,,,,,,,,,,,,,,,,,,,,,,,,,,,,,,,,,,,,,,,,,,,,,,,,,,,,,,,,,,,null,,,,,,,,,,,,,,,,,,,,,,,,,,,,,,,,,,,,,,,,,,,,,,,,,"cf2bdb32-3533-4e25-9886-d5a2ba6d0071","161992db-4e1c-48fc-93fb-b470cc2ab88a","00000000-0000-0000-0000-000000000001","2020-10-16T14:45:29.303Z","AOI-552b9630-b106-4fe7-a1fa-97d04a0010ef",SecurityEvent,
"552b9630-b106-4fe7-a1fa-97d04a0010ef","2020-10-16T14:45:27.363Z",OpsManager,,,"WN73018.adi.swedish.org","Microsoft-Windows-Security-Auditing",Security,12810,8,"<EventData xmlns=""http://schemas.microsoft.com/win/2004/08/events/event"">
  <Data Name=""ProcessID"">420</Data>
  <Data Name=""Application"">\device\harddiskvolume2\windows\system32\svchost.exe</Data>
  <Data Name=""Direction"">%%14592</Data>
  <Data Name=""SourceAddress"">ff02::1:3</Data>
  <Data Name=""SourcePort"">5355</Data>
  <Data Name=""DestAddress"">fe80::14d3:12d1:6087:af16</Data>
  <Data Name=""DestPort"">57106</Data>
  <Data Name=""Protocol"">17</Data>
  <Data Name=""FilterRTID"">0</Data>
  <Data Name=""LayerName"">%%14610</Data>
  <Data Name=""LayerRTID"">46</Data>
  <Data Name=""RemoteUserID"">S-1-0-0</Data>
  <Data Name=""RemoteMachineID"">S-1-0-0</Data>
</EventData>",5156,"5156 - The Windows Filtering Platform has allowed a connection.",,,,,,,,,,,,,,,,,,null,null,,,,null,,,,,,,,,,,,,,,,,,,,,,,,,,,,null,,,,,,,,,,,,,,,,,,,,null,,,,,,,,,,,null,,,,,,,,,,,,,,,,,,,,,,,,,,,,,,,,,,,,,,,,,,,,,,,,,,,,,,,,,,,,,,,,,,,,,,,,,,,null,,,,,,,,,,,,,,,,,,,,,,,,,,,,,,,,,,,,,,,,,,,,,,,,,"cf2bdb32-3533-4e25-9886-d5a2ba6d0071","eb8a3581-277f-455f-b0aa-85c20f904b6d","00000000-0000-0000-0000-000000000001","2020-10-16T14:45:29.303Z","AOI-552b9630-b106-4fe7-a1fa-97d04a0010ef",SecurityEvent,
"552b9630-b106-4fe7-a1fa-97d04a0010ef","2020-10-16T14:45:27.363Z",OpsManager,,,"WN73018.adi.swedish.org","Microsoft-Windows-Security-Auditing",Security,12810,8,"<EventData xmlns=""http://schemas.microsoft.com/win/2004/08/events/event"">
  <Data Name=""ProcessID"">420</Data>
  <Data Name=""Application"">\device\harddiskvolume2\windows\system32\svchost.exe</Data>
  <Data Name=""Direction"">%%14592</Data>
  <Data Name=""SourceAddress"">224.0.0.252</Data>
  <Data Name=""SourcePort"">5355</Data>
  <Data Name=""DestAddress"">170.173.88.165</Data>
  <Data Name=""DestPort"">57106</Data>
  <Data Name=""Protocol"">17</Data>
  <Data Name=""FilterRTID"">0</Data>
  <Data Name=""LayerName"">%%14610</Data>
  <Data Name=""LayerRTID"">44</Data>
  <Data Name=""RemoteUserID"">S-1-0-0</Data>
  <Data Name=""RemoteMachineID"">S-1-0-0</Data>
</EventData>",5156,"5156 - The Windows Filtering Platform has allowed a connection.",,,,,,,,,,,,,,,,,,null,null,,,,null,,,,,,,,,,,,,,,,,,,,,,,,,,,,null,,,,,,,,,,,,,,,,,,,,null,,,,,,,,,,,null,,,,,,,,,,,,,,,,,,,,,,,,,,,,,,,,,,,,,,,,,,,,,,,,,,,,,,,,,,,,,,,,,,,,,,,,,,,null,,,,,,,,,,,,,,,,,,,,,,,,,,,,,,,,,,,,,,,,,,,,,,,,,"cf2bdb32-3533-4e25-9886-d5a2ba6d0071","06d75ff8-e72b-46ac-a273-9fc28be080d4","00000000-0000-0000-0000-000000000001","2020-10-16T14:45:29.303Z","AOI-552b9630-b106-4fe7-a1fa-97d04a0010ef",SecurityEvent,
"552b9630-b106-4fe7-a1fa-97d04a0010ef","2020-10-16T14:45:27.363Z",OpsManager,,,"WN73018.adi.swedish.org","Microsoft-Windows-Security-Auditing",Security,12810,8,"<EventData xmlns=""http://schemas.microsoft.com/win/2004/08/events/event"">
  <Data Name=""ProcessID"">420</Data>
  <Data Name=""Application"">\device\harddiskvolume2\windows\system32\svchost.exe</Data>
  <Data Name=""Direction"">%%14592</Data>
  <Data Name=""SourceAddress"">224.0.0.252</Data>
  <Data Name=""SourcePort"">5355</Data>
  <Data Name=""DestAddress"">170.173.88.165</Data>
  <Data Name=""DestPort"">63235</Data>
  <Data Name=""Protocol"">17</Data>
  <Data Name=""FilterRTID"">0</Data>
  <Data Name=""LayerName"">%%14610</Data>
  <Data Name=""LayerRTID"">44</Data>
  <Data Name=""RemoteUserID"">S-1-0-0</Data>
  <Data Name=""RemoteMachineID"">S-1-0-0</Data>
</EventData>",5156,"5156 - The Windows Filtering Platform has allowed a connection.",,,,,,,,,,,,,,,,,,null,null,,,,null,,,,,,,,,,,,,,,,,,,,,,,,,,,,null,,,,,,,,,,,,,,,,,,,,null,,,,,,,,,,,null,,,,,,,,,,,,,,,,,,,,,,,,,,,,,,,,,,,,,,,,,,,,,,,,,,,,,,,,,,,,,,,,,,,,,,,,,,,null,,,,,,,,,,,,,,,,,,,,,,,,,,,,,,,,,,,,,,,,,,,,,,,,,"cf2bdb32-3533-4e25-9886-d5a2ba6d0071","ec592675-ec6a-43a7-b32e-eb6de6b10428","00000000-0000-0000-0000-000000000001","2020-10-16T14:45:29.303Z","AOI-552b9630-b106-4fe7-a1fa-97d04a0010ef",SecurityEvent,
