"552b9630-b106-4fe7-a1fa-97d04a0010ef","2020-10-16T14:45:27.167Z",OpsManager,"AD\RQUINTAN",User,"WN73201.ad.providence.org","Microsoft-Windows-Security-Auditing",Security,12544,8,,4624,"4624 - An account was successfully logged on.",,,,,,,,,,,,,,,,,,null,null,Kerberos,,,null,,,,,,,,,,,,,,,,,,,,,,,,,,,,null,,,,,,,,,,,,,,,,"%%1833",,"10.184.39.66",52234,0,"-",,,,,,"47b7848f-0549-98f4-5e6a-764a10aab619",,,Kerberos,3,"3 - Network",,,,,,,,,,,,,,,,,,,,,,,,,,,,,,,,,,,,,,,,,,,,,,,,,"-",0x0,"-",,,,,,,,,,,,,,,,,,,,,,,null,,,,,,,"-\-",,,,"-",,0x0,,,"-","S-1-0-0",,,"AD\RQUINTAN",AD,,,,0x45cf07f31,,,,,,RQUINTAN,"S-1-5-21-1078081533-725345543-682003330-318009",,,,,,,,"-",,,,,,,,"-","e9823817-3e12-441f-aa9e-07379874d8fd","bae957cb-02a5-40ea-919b-4be5b8fe1232","00000000-0000-0000-0000-000000000001","2020-10-16T14:45:28.279Z","AOI-552b9630-b106-4fe7-a1fa-97d04a0010ef",SecurityEvent,
"552b9630-b106-4fe7-a1fa-97d04a0010ef","2020-10-16T14:45:27.167Z",OpsManager,"AD\RQUINTAN",User,"WN73201.ad.providence.org","Microsoft-Windows-Security-Auditing",Security,12545,8,,4634,"4634 - An account was logged off.",,,,,,,,,,,,,,,,,,null,null,,,,null,,,,,,,,,,,,,,,,,,,,,,,,,,,,null,,,,,,,,,,,,,,,,,,,,null,,,,,,,,,,,3,"3 - Network",,,,,,,,,,,,,,,,,,,,,,,,,,,,,,,,,,,,,,,,,,,,,,,,,,,,,,,,,,,,,,,,,,,,,,,,,,null,,,,,,,,,,,,,,,,,,,,"AD\RQUINTAN",AD,,,,0x45cf07f31,,,,,,RQUINTAN,"S-1-5-21-1078081533-725345543-682003330-318009",,,,,,,,,,,,,,,,,"e9823817-3e12-441f-aa9e-07379874d8fd","7d95928e-7d0a-485c-bd6e-587ec36c73fe","00000000-0000-0000-0000-000000000001","2020-10-16T14:45:28.279Z","AOI-552b9630-b106-4fe7-a1fa-97d04a0010ef",SecurityEvent,
"552b9630-b106-4fe7-a1fa-97d04a0010ef","2020-10-16T14:45:27.167Z",OpsManager,"AD\XDLVS1170567$",Machine,"WN73201.ad.providence.org","Microsoft-Windows-Security-Auditing",Security,12544,8,,4624,"4624 - An account was successfully logged on.",,,,,,,,,,,,,,,,,,null,null,Kerberos,,,null,,,,,,,,,,,,,,,,,,,,,,,,,,,,null,,,,,,,,,,,,,,,,"%%1833",,"10.184.1.78",58573,0,"-",,,,,,"db1eb8a0-711d-e92f-43ac-c77fbdf245fb",,,Kerberos,3,"3 - Network",,,,,,,,,,,,,,,,,,,,,,,,,,,,,,,,,,,,,,,,,,,,,,,,,"-",0x0,"-",,,,,,,,,,,,,,,,,,,,,,,null,,,,,,,"-\-",,,,"-",,0x0,,,"-","S-1-0-0",,,"AD\XDLVS1170567$",AD,,,,0x45cf07f72,,,,,,"XDLVS1170567$","S-1-5-21-1078081533-725345543-682003330-496051",,,,,,,,"-",,,,,,,,"-","e9823817-3e12-441f-aa9e-07379874d8fd","74a1f605-9cda-4dfb-a9e1-2aebe6f66c6b","00000000-0000-0000-0000-000000000001","2020-10-16T14:45:28.279Z","AOI-552b9630-b106-4fe7-a1fa-97d04a0010ef",SecurityEvent,
"552b9630-b106-4fe7-a1fa-97d04a0010ef","2020-10-16T14:45:27.18Z",OpsManager,"AD\HHF-VMC-JP0WG02$",Machine,"WN73201.ad.providence.org","Microsoft-Windows-Security-Auditing",Security,12545,8,,4634,"4634 - An account was logged off.",,,,,,,,,,,,,,,,,,null,null,,,,null,,,,,,,,,,,,,,,,,,,,,,,,,,,,null,,,,,,,,,,,,,,,,,,,,null,,,,,,,,,,,3,"3 - Network",,,,,,,,,,,,,,,,,,,,,,,,,,,,,,,,,,,,,,,,,,,,,,,,,,,,,,,,,,,,,,,,,,,,,,,,,,null,,,,,,,,,,,,,,,,,,,,"AD\HHF-VMC-JP0WG02$",AD,,,,0x45cf07d06,,,,,,"HHF-VMC-JP0WG02$","S-1-5-21-1078081533-725345543-682003330-500940",,,,,,,,,,,,,,,,,"e9823817-3e12-441f-aa9e-07379874d8fd","b8a1b928-ccb8-49fc-bd9b-8a8d54caeb67","00000000-0000-0000-0000-000000000001","2020-10-16T14:45:28.279Z","AOI-552b9630-b106-4fe7-a1fa-97d04a0010ef",SecurityEvent,
"552b9630-b106-4fe7-a1fa-97d04a0010ef","2020-10-16T14:45:27.18Z",OpsManager,"AD\XDLVS1170789$",Machine,"WN73201.ad.providence.org","Microsoft-Windows-Security-Auditing",Security,12544,8,,4624,"4624 - An account was successfully logged on.",,,,,,,,,,,,,,,,,,null,null,Kerberos,,,null,,,,,,,,,,,,,,,,,,,,,,,,,,,,null,,,,,,,,,,,,,,,,"%%1833",,"10.184.0.98",63166,0,"-",,,,,,"1d21289e-48f5-a5e8-0af0-472666642aa3",,,Kerberos,3,"3 - Network",,,,,,,,,,,,,,,,,,,,,,,,,,,,,,,,,,,,,,,,,,,,,,,,,"-",0x0,"-",,,,,,,,,,,,,,,,,,,,,,,null,,,,,,,"-\-",,,,"-",,0x0,,,"-","S-1-0-0",,,"AD\XDLVS1170789$",AD,,,,0x45cf07f8e,,,,,,"XDLVS1170789$","S-1-5-21-1078081533-725345543-682003330-498271",,,,,,,,"-",,,,,,,,"-","e9823817-3e12-441f-aa9e-07379874d8fd","3cc426c1-c278-4f81-af9c-b0847ecefb11","00000000-0000-0000-0000-000000000001","2020-10-16T14:45:28.279Z","AOI-552b9630-b106-4fe7-a1fa-97d04a0010ef",SecurityEvent,
"552b9630-b106-4fe7-a1fa-97d04a0010ef","2020-10-16T14:45:27.18Z",OpsManager,"AD\XDLVS1170789$",Machine,"WN73201.ad.providence.org","Microsoft-Windows-Security-Auditing",Security,12545,8,,4634,"4634 - An account was logged off.",,,,,,,,,,,,,,,,,,null,null,,,,null,,,,,,,,,,,,,,,,,,,,,,,,,,,,null,,,,,,,,,,,,,,,,,,,,null,,,,,,,,,,,3,"3 - Network",,,,,,,,,,,,,,,,,,,,,,,,,,,,,,,,,,,,,,,,,,,,,,,,,,,,,,,,,,,,,,,,,,,,,,,,,,null,,,,,,,,,,,,,,,,,,,,"AD\XDLVS1170789$",AD,,,,0x45cf07f8e,,,,,,"XDLVS1170789$","S-1-5-21-1078081533-725345543-682003330-498271",,,,,,,,,,,,,,,,,"e9823817-3e12-441f-aa9e-07379874d8fd","5a6dd3e0-baad-43ce-a35e-d7e7951d5c6a","00000000-0000-0000-0000-000000000001","2020-10-16T14:45:28.279Z","AOI-552b9630-b106-4fe7-a1fa-97d04a0010ef",SecurityEvent,
"552b9630-b106-4fe7-a1fa-97d04a0010ef","2020-10-16T14:45:27.18Z",OpsManager,"AD\XDLVS1170567$",Machine,"WN73201.ad.providence.org","Microsoft-Windows-Security-Auditing",Security,12545,8,,4634,"4634 - An account was logged off.",,,,,,,,,,,,,,,,,,null,null,,,,null,,,,,,,,,,,,,,,,,,,,,,,,,,,,null,,,,,,,,,,,,,,,,,,,,null,,,,,,,,,,,3,"3 - Network",,,,,,,,,,,,,,,,,,,,,,,,,,,,,,,,,,,,,,,,,,,,,,,,,,,,,,,,,,,,,,,,,,,,,,,,,,null,,,,,,,,,,,,,,,,,,,,"AD\XDLVS1170567$",AD,,,,0x45cf07f72,,,,,,"XDLVS1170567$","S-1-5-21-1078081533-725345543-682003330-496051",,,,,,,,,,,,,,,,,"e9823817-3e12-441f-aa9e-07379874d8fd","8a036e65-8a00-40dd-95fc-d812ede1297d","00000000-0000-0000-0000-000000000001","2020-10-16T14:45:28.279Z","AOI-552b9630-b106-4fe7-a1fa-97d04a0010ef",SecurityEvent,
"552b9630-b106-4fe7-a1fa-97d04a0010ef","2020-10-16T14:45:27.18Z",OpsManager,"AD\SJF-ENG-G8N8JH2$",Machine,"WN73201.ad.providence.org","Microsoft-Windows-Security-Auditing",Security,12545,8,,4634,"4634 - An account was logged off.",,,,,,,,,,,,,,,,,,null,null,,,,null,,,,,,,,,,,,,,,,,,,,,,,,,,,,null,,,,,,,,,,,,,,,,,,,,null,,,,,,,,,,,3,"3 - Network",,,,,,,,,,,,,,,,,,,,,,,,,,,,,,,,,,,,,,,,,,,,,,,,,,,,,,,,,,,,,,,,,,,,,,,,,,null,,,,,,,,,,,,,,,,,,,,"AD\SJF-ENG-G8N8JH2$",AD,,,,0x45cec5d92,,,,,,"SJF-ENG-G8N8JH2$","S-1-5-21-1078081533-725345543-682003330-501449",,,,,,,,,,,,,,,,,"e9823817-3e12-441f-aa9e-07379874d8fd","fd7ad80e-f2dd-47ba-a6bb-2591bffb1295","00000000-0000-0000-0000-000000000001","2020-10-16T14:45:28.279Z","AOI-552b9630-b106-4fe7-a1fa-97d04a0010ef",SecurityEvent,
"552b9630-b106-4fe7-a1fa-97d04a0010ef","2020-10-16T14:45:27.18Z",OpsManager,"AD\RQUINTAN",User,"WN73201.ad.providence.org","Microsoft-Windows-Security-Auditing",Security,12545,8,,4634,"4634 - An account was logged off.",,,,,,,,,,,,,,,,,,null,null,,,,null,,,,,,,,,,,,,,,,,,,,,,,,,,,,null,,,,,,,,,,,,,,,,,,,,null,,,,,,,,,,,3,"3 - Network",,,,,,,,,,,,,,,,,,,,,,,,,,,,,,,,,,,,,,,,,,,,,,,,,,,,,,,,,,,,,,,,,,,,,,,,,,null,,,,,,,,,,,,,,,,,,,,"AD\RQUINTAN",AD,,,,0x45cf07d4a,,,,,,RQUINTAN,"S-1-5-21-1078081533-725345543-682003330-318009",,,,,,,,,,,,,,,,,"e9823817-3e12-441f-aa9e-07379874d8fd","2dcb4240-1881-465f-8192-57afa87a40f5","00000000-0000-0000-0000-000000000001","2020-10-16T14:45:28.279Z","AOI-552b9630-b106-4fe7-a1fa-97d04a0010ef",SecurityEvent,
"552b9630-b106-4fe7-a1fa-97d04a0010ef","2020-10-16T14:45:27.18Z",OpsManager,"AD\XDLVS1170124$",Machine,"WN73201.ad.providence.org","Microsoft-Windows-Security-Auditing",Security,12544,8,,4624,"4624 - An account was successfully logged on.",,,,,,,,,,,,,,,,,,null,null,Kerberos,,,null,,,,,,,,,,,,,,,,,,,,,,,,,,,,null,,,,,,,,,,,,,,,,"%%1833",,"10.184.3.19",55357,0,"-",,,,,,"95b36262-7de0-0c44-065b-6473d6f148d2",,,Kerberos,3,"3 - Network",,,,,,,,,,,,,,,,,,,,,,,,,,,,,,,,,,,,,,,,,,,,,,,,,"-",0x0,"-",,,,,,,,,,,,,,,,,,,,,,,null,,,,,,,"-\-",,,,"-",,0x0,,,"-","S-1-0-0",,,"AD\XDLVS1170124$",AD,,,,0x45cf07fca,,,,,,"XDLVS1170124$","S-1-5-21-1078081533-725345543-682003330-496542",,,,,,,,"-",,,,,,,,"-","e9823817-3e12-441f-aa9e-07379874d8fd","b812b098-c10c-47fa-82c5-c8a16f056500","00000000-0000-0000-0000-000000000001","2020-10-16T14:45:28.279Z","AOI-552b9630-b106-4fe7-a1fa-97d04a0010ef",SecurityEvent,
"552b9630-b106-4fe7-a1fa-97d04a0010ef","2020-10-16T14:45:27.197Z",OpsManager,,,"WN73201.ad.providence.org","Microsoft-Windows-Security-Auditing",Security,14339,8,"<EventData xmlns=""http://schemas.microsoft.com/win/2004/08/events/event"">
  <Data Name=""TargetUserName"">FranklinJ1</Data>
  <Data Name=""TargetDomainName"">AD.PROVIDENCE.ORG</Data>
  <Data Name=""TargetSid"">S-1-5-21-1078081533-725345543-682003330-339470</Data>
  <Data Name=""ServiceName"">krbtgt</Data>
  <Data Name=""ServiceSid"">S-1-5-21-1078081533-725345543-682003330-502</Data>
  <Data Name=""TicketOptions"">0x40810010</Data>
  <Data Name=""Status"">0x0</Data>
  <Data Name=""TicketEncryptionType"">0x12</Data>
  <Data Name=""PreAuthType"">2</Data>
  <Data Name=""IpAddress"">::ffff:10.249.3.161</Data>
  <Data Name=""IpPort"">64767</Data>
  <Data Name=""CertIssuerName""></Data>
  <Data Name=""CertSerialNumber""></Data>
  <Data Name=""CertThumbprint""></Data>
</EventData>",4768,"4768 - A Kerberos authentication ticket (TGT) was requested.",,,,,,,,,,,,,,,,,,null,null,,,,null,,,,,,,,,,,,,,,,,,,,,,,,,,,,null,,,,,,,,,,,,,,,,,,"::ffff:10.249.3.161",64767,null,,,,,,,,,,,null,,,,,,,,,,,,,,,,,,,,,,,,,,,,,,,,,,,,,,,,,,,,,,,,,,,,,,,,,,,,,,,,,,,,,,,,,,krbtgt,null,,,,,,0x0,,,,,,,,,,,,,,"AD.PROVIDENCE.ORG\FranklinJ1","AD.PROVIDENCE.ORG",,,,,,,,"S-1-5-21-1078081533-725345543-682003330-339470",,FranklinJ1,,,,,,,,,,,,,,,,,,"e9823817-3e12-441f-aa9e-07379874d8fd","24e88f53-41bd-42df-bc8a-cb9cc144c8bf","00000000-0000-0000-0000-000000000001","2020-10-16T14:45:28.279Z","AOI-552b9630-b106-4fe7-a1fa-97d04a0010ef",SecurityEvent,
"552b9630-b106-4fe7-a1fa-97d04a0010ef","2020-10-16T14:45:27.197Z",OpsManager,,,"WN73201.ad.providence.org","Microsoft-Windows-Security-Auditing",Security,12544,16,"<EventData xmlns=""http://schemas.microsoft.com/win/2004/08/events/event"">
  <Data Name=""TargetUserSid"">S-1-5-21-798254582-200106796-1537874043-548322</Data>
  <Data Name=""TargetUserName"">-</Data>
  <Data Name=""TargetDomainName"">-</Data>
  <Data Name=""TdoDirection"">2</Data>
  <Data Name=""TdoAttributes"">8</Data>
  <Data Name=""TdoType"">2</Data>
  <Data Name=""TdoSid"">S-1-5-21-798254582-200106796-1537874043</Data>
  <Data Name=""SidList""> 		%{S-1-5-21-379607110-125704906-1236795852-513} 		%{S-1-5-21-422978413-2066309399-315576832-513} 		%{S-1-5-21-1078081533-1844237615-1417001333-23833} 		%{S-1-5-21-1078081533-1844237615-1417001333-21015}</Data>
</EventData>",4675,"4675 - SIDs were filtered.",,,,,,,,,,,,,,,,,,null,null,,,,null,,,,,,,,,,,,,,,,,,,,,,,,,,,,null,,,,,,,,,,,,,,,,,,,,null,,,,,,,,,,,null,,,,,,,,,,,,,,,,,,,,,,,,,,,,,,,,,,,,,,,,,,,,,,,,,,,,,,,,,,,,,,,,,,,,,,,,,,,null,,,,,,,,,,,,,,,,,,,,"-\-","-",,,,,,,,,,"-","S-1-5-21-798254582-200106796-1537874043-548322",,,,,,,,,,,,,,,,,"e9823817-3e12-441f-aa9e-07379874d8fd","dbe9bbf6-0e5b-406f-83bc-80e16dc6866b","00000000-0000-0000-0000-000000000001","2020-10-16T14:45:28.279Z","AOI-552b9630-b106-4fe7-a1fa-97d04a0010ef",SecurityEvent,
"552b9630-b106-4fe7-a1fa-97d04a0010ef","2020-10-16T14:45:27.197Z",OpsManager,"AD\XDLVS1170124$",Machine,"WN73201.ad.providence.org","Microsoft-Windows-Security-Auditing",Security,12544,8,,4624,"4624 - An account was successfully logged on.",,,,,,,,,,,,,,,,,,null,null,Kerberos,,,null,,,,,,,,,,,,,,,,,,,,,,,,,,,,null,,,,,,,,,,,,,,,,"%%1833",,"10.184.3.19",55358,0,"-",,,,,,"95b36262-7de0-0c44-065b-6473d6f148d2",,,Kerberos,3,"3 - Network",,,,,,,,,,,,,,,,,,,,,,,,,,,,,,,,,,,,,,,,,,,,,,,,,"-",0x0,"-",,,,,,,,,,,,,,,,,,,,,,,null,,,,,,,"-\-",,,,"-",,0x0,,,"-","S-1-0-0",,,"AD\XDLVS1170124$",AD,,,,0x45cf08016,,,,,,"XDLVS1170124$","S-1-5-21-1078081533-725345543-682003330-496542",,,,,,,,"-",,,,,,,,"-","e9823817-3e12-441f-aa9e-07379874d8fd","4c8f2825-fb42-47db-9ee4-4efd9a1996c1","00000000-0000-0000-0000-000000000001","2020-10-16T14:45:28.279Z","AOI-552b9630-b106-4fe7-a1fa-97d04a0010ef",SecurityEvent,
"552b9630-b106-4fe7-a1fa-97d04a0010ef","2020-10-16T14:45:27.197Z",OpsManager,"AD\XDLVS1370875$",Machine,"WN73201.ad.providence.org","Microsoft-Windows-Security-Auditing",Security,12545,8,,4634,"4634 - An account was logged off.",,,,,,,,,,,,,,,,,,null,null,,,,null,,,,,,,,,,,,,,,,,,,,,,,,,,,,null,,,,,,,,,,,,,,,,,,,,null,,,,,,,,,,,3,"3 - Network",,,,,,,,,,,,,,,,,,,,,,,,,,,,,,,,,,,,,,,,,,,,,,,,,,,,,,,,,,,,,,,,,,,,,,,,,,null,,,,,,,,,,,,,,,,,,,,"AD\XDLVS1370875$",AD,,,,0x45cef3217,,,,,,"XDLVS1370875$","S-1-5-21-1078081533-725345543-682003330-515392",,,,,,,,,,,,,,,,,"e9823817-3e12-441f-aa9e-07379874d8fd","e0771eaa-dce4-40ad-b701-4e2fc630fe15","00000000-0000-0000-0000-000000000001","2020-10-16T14:45:28.279Z","AOI-552b9630-b106-4fe7-a1fa-97d04a0010ef",SecurityEvent,
"552b9630-b106-4fe7-a1fa-97d04a0010ef","2020-10-16T14:45:27.197Z",OpsManager,"AD\XDLVS1571267$",Machine,"WN73201.ad.providence.org","Microsoft-Windows-Security-Auditing",Security,12545,8,,4634,"4634 - An account was logged off.",,,,,,,,,,,,,,,,,,null,null,,,,null,,,,,,,,,,,,,,,,,,,,,,,,,,,,null,,,,,,,,,,,,,,,,,,,,null,,,,,,,,,,,3,"3 - Network",,,,,,,,,,,,,,,,,,,,,,,,,,,,,,,,,,,,,,,,,,,,,,,,,,,,,,,,,,,,,,,,,,,,,,,,,,null,,,,,,,,,,,,,,,,,,,,"AD\XDLVS1571267$",AD,,,,0x45cf07d4b,,,,,,"XDLVS1571267$","S-1-5-21-1078081533-725345543-682003330-543732",,,,,,,,,,,,,,,,,"e9823817-3e12-441f-aa9e-07379874d8fd","4f54356b-b023-42e7-925d-922e56643ea4","00000000-0000-0000-0000-000000000001","2020-10-16T14:45:28.279Z","AOI-552b9630-b106-4fe7-a1fa-97d04a0010ef",SecurityEvent,
"552b9630-b106-4fe7-a1fa-97d04a0010ef","2020-10-16T14:45:27.197Z",OpsManager,,,"WN73201.ad.providence.org","Microsoft-Windows-Security-Auditing",Security,14339,8,"<EventData xmlns=""http://schemas.microsoft.com/win/2004/08/events/event"">
  <Data Name=""TargetUserName"">FLORESJ17</Data>
  <Data Name=""TargetDomainName"">AD</Data>
  <Data Name=""TargetSid"">S-1-5-21-1078081533-725345543-682003330-339756</Data>
  <Data Name=""ServiceName"">krbtgt</Data>
  <Data Name=""ServiceSid"">S-1-5-21-1078081533-725345543-682003330-502</Data>
  <Data Name=""TicketOptions"">0x40810010</Data>
  <Data Name=""Status"">0x0</Data>
  <Data Name=""TicketEncryptionType"">0x12</Data>
  <Data Name=""PreAuthType"">2</Data>
  <Data Name=""IpAddress"">::ffff:10.249.3.168</Data>
  <Data Name=""IpPort"">58775</Data>
  <Data Name=""CertIssuerName""></Data>
  <Data Name=""CertSerialNumber""></Data>
  <Data Name=""CertThumbprint""></Data>
</EventData>",4768,"4768 - A Kerberos authentication ticket (TGT) was requested.",,,,,,,,,,,,,,,,,,null,null,,,,null,,,,,,,,,,,,,,,,,,,,,,,,,,,,null,,,,,,,,,,,,,,,,,,"::ffff:10.249.3.168",58775,null,,,,,,,,,,,null,,,,,,,,,,,,,,,,,,,,,,,,,,,,,,,,,,,,,,,,,,,,,,,,,,,,,,,,,,,,,,,,,,,,,,,,,,krbtgt,null,,,,,,0x0,,,,,,,,,,,,,,"AD\FLORESJ17",AD,,,,,,,,"S-1-5-21-1078081533-725345543-682003330-339756",,FLORESJ17,,,,,,,,,,,,,,,,,,"e9823817-3e12-441f-aa9e-07379874d8fd","1554be43-1d2a-4c3d-bf9a-673b8ad11903","00000000-0000-0000-0000-000000000001","2020-10-16T14:45:28.279Z","AOI-552b9630-b106-4fe7-a1fa-97d04a0010ef",SecurityEvent,
"552b9630-b106-4fe7-a1fa-97d04a0010ef","2020-10-16T14:45:27.197Z",OpsManager,"AD\NINOS1",User,"WN73201.ad.providence.org","Microsoft-Windows-Security-Auditing",Security,12545,8,,4634,"4634 - An account was logged off.",,,,,,,,,,,,,,,,,,null,null,,,,null,,,,,,,,,,,,,,,,,,,,,,,,,,,,null,,,,,,,,,,,,,,,,,,,,null,,,,,,,,,,,3,"3 - Network",,,,,,,,,,,,,,,,,,,,,,,,,,,,,,,,,,,,,,,,,,,,,,,,,,,,,,,,,,,,,,,,,,,,,,,,,,null,,,,,,,,,,,,,,,,,,,,"AD\NINOS1",AD,,,,0x45cecf86a,,,,,,NINOS1,"S-1-5-21-1078081533-725345543-682003330-323326",,,,,,,,,,,,,,,,,"e9823817-3e12-441f-aa9e-07379874d8fd","227d0e33-77bc-4f4f-80ec-797d72713b4e","00000000-0000-0000-0000-000000000001","2020-10-16T14:45:28.279Z","AOI-552b9630-b106-4fe7-a1fa-97d04a0010ef",SecurityEvent,
"552b9630-b106-4fe7-a1fa-97d04a0010ef","2020-10-16T14:45:27.213Z",OpsManager,,,"WN73201.ad.providence.org","Microsoft-Windows-Security-Auditing",Security,14336,8,"<EventData xmlns=""http://schemas.microsoft.com/win/2004/08/events/event"">
  <Data Name=""PackageName"">MICROSOFT_AUTHENTICATION_PACKAGE_V1_0</Data>
  <Data Name=""TargetUserName"">CLINEDL1</Data>
  <Data Name=""Workstation"">CTXXAP6A717-VP</Data>
  <Data Name=""Status"">0x0</Data>
</EventData>",4776,"4776 - The domain controller attempted to validate the credentials for an account.",,,,,,,,,,,,,,,,,,null,null,,,,null,,,,,,,,,,,,,,,,,,,,,,,,,,,,null,,,,,,,,,,,,,,,,,,,,null,,,,,,,,,,,null,,,,,,,,,,,,,,,,,,,,,,,,,,,,,,,,,,,,,,,,"MICROSOFT_AUTHENTICATION_PACKAGE_V1_0",,,,,,,,,,,,,,,,,,,,,,,,,,,,,,,,,,,null,,,,,,0x0,,,,,,,,,,,,,,CLINEDL1,,,,,,,,,,,CLINEDL1,,,,,,,,,,,,,,,,"CTXXAP6A717-VP",,"e9823817-3e12-441f-aa9e-07379874d8fd","f41c8c0d-cb06-4b6a-ad6f-bbc0b915d7e8","00000000-0000-0000-0000-000000000001","2020-10-16T14:45:28.279Z","AOI-552b9630-b106-4fe7-a1fa-97d04a0010ef",SecurityEvent,
"552b9630-b106-4fe7-a1fa-97d04a0010ef","2020-10-16T14:45:27.213Z",OpsManager,,,"WN73201.ad.providence.org","Microsoft-Windows-Security-Auditing",Security,14336,8,"<EventData xmlns=""http://schemas.microsoft.com/win/2004/08/events/event"">
  <Data Name=""PackageName"">MICROSOFT_AUTHENTICATION_PACKAGE_V1_0</Data>
  <Data Name=""TargetUserName"">UNZUETAU1</Data>
  <Data Name=""Workstation"">CTXXAP6A331-VP</Data>
  <Data Name=""Status"">0x0</Data>
</EventData>",4776,"4776 - The domain controller attempted to validate the credentials for an account.",,,,,,,,,,,,,,,,,,null,null,,,,null,,,,,,,,,,,,,,,,,,,,,,,,,,,,null,,,,,,,,,,,,,,,,,,,,null,,,,,,,,,,,null,,,,,,,,,,,,,,,,,,,,,,,,,,,,,,,,,,,,,,,,"MICROSOFT_AUTHENTICATION_PACKAGE_V1_0",,,,,,,,,,,,,,,,,,,,,,,,,,,,,,,,,,,null,,,,,,0x0,,,,,,,,,,,,,,UNZUETAU1,,,,,,,,,,,UNZUETAU1,,,,,,,,,,,,,,,,"CTXXAP6A331-VP",,"e9823817-3e12-441f-aa9e-07379874d8fd","8dbe5fb2-0f54-42c8-99cb-5a12392999c3","00000000-0000-0000-0000-000000000001","2020-10-16T14:45:28.279Z","AOI-552b9630-b106-4fe7-a1fa-97d04a0010ef",SecurityEvent,
"552b9630-b106-4fe7-a1fa-97d04a0010ef","2020-10-16T14:45:27.213Z",OpsManager,"AD\XDLVS1170567$",Machine,"WN73201.ad.providence.org","Microsoft-Windows-Security-Auditing",Security,12544,8,,4624,"4624 - An account was successfully logged on.",,,,,,,,,,,,,,,,,,null,null,Kerberos,,,null,,,,,,,,,,,,,,,,,,,,,,,,,,,,null,,,,,,,,,,,,,,,,"%%1833",,"10.184.1.78",58574,0,"-",,,,,,"db1eb8a0-711d-e92f-43ac-c77fbdf245fb",,,Kerberos,3,"3 - Network",,,,,,,,,,,,,,,,,,,,,,,,,,,,,,,,,,,,,,,,,,,,,,,,,"-",0x0,"-",,,,,,,,,,,,,,,,,,,,,,,null,,,,,,,"-\-",,,,"-",,0x0,,,"-","S-1-0-0",,,"AD\XDLVS1170567$",AD,,,,0x45cf0806c,,,,,,"XDLVS1170567$","S-1-5-21-1078081533-725345543-682003330-496051",,,,,,,,"-",,,,,,,,"-","e9823817-3e12-441f-aa9e-07379874d8fd","0a96327e-460a-4818-be02-e042589e7b02","00000000-0000-0000-0000-000000000001","2020-10-16T14:45:28.279Z","AOI-552b9630-b106-4fe7-a1fa-97d04a0010ef",SecurityEvent,
"552b9630-b106-4fe7-a1fa-97d04a0010ef","2020-10-16T14:45:27.213Z",OpsManager,"AD\SMA-CED-3J26GK2$",Machine,"WN73201.ad.providence.org","Microsoft-Windows-Security-Auditing",Security,12544,8,,4624,"4624 - An account was successfully logged on.",,,,,,,,,,,,,,,,,,null,null,Kerberos,,,null,,,,,,,,,,,,,,,,,,,,,,,,,,,,null,,,,,,,,,,,,,,,,"%%1840",,"10.191.82.201",49275,0,"-",,,,,,"ac45baf6-8249-3f33-628c-7cac6b6c10e0",,,Kerberos,3,"3 - Network",,,,,,,,,,,,,,,,,,,,,,,,,,,,,,,,,,,,,,,,,,,,,,,,,"-",0x0,"-",,,,,,,,,,,,,,,,,,,,,,,null,,,,,,,"-\-",,,,"-",,0x0,,,"-","S-1-0-0",,,"AD\SMA-CED-3J26GK2$",AD,,,,0x45cf08084,,,,,,"SMA-CED-3J26GK2$","S-1-5-21-1078081533-725345543-682003330-468586",,,,,,,,"-",,,,,,,,"-","e9823817-3e12-441f-aa9e-07379874d8fd","a57dbe55-dc88-41dd-8ce9-30d6f540c12d","00000000-0000-0000-0000-000000000001","2020-10-16T14:45:28.279Z","AOI-552b9630-b106-4fe7-a1fa-97d04a0010ef",SecurityEvent,
"552b9630-b106-4fe7-a1fa-97d04a0010ef","2020-10-16T14:45:27.213Z",OpsManager,"AD\HHF-VMC-JP0WG02$",Machine,"WN73201.ad.providence.org","Microsoft-Windows-Security-Auditing",Security,12544,8,,4624,"4624 - An account was successfully logged on.",,,,,,,,,,,,,,,,,,null,null,Kerberos,,,null,,,,,,,,,,,,,,,,,,,,,,,,,,,,null,,,,,,,,,,,,,,,,"%%1833",,"10.199.184.252",65509,0,"-",,,,,,"026f5479-2954-8ead-9b79-3f3fedb62557",,,Kerberos,3,"3 - Network",,,,,,,,,,,,,,,,,,,,,,,,,,,,,,,,,,,,,,,,,,,,,,,,,"-",0x0,"-",,,,,,,,,,,,,,,,,,,,,,,null,,,,,,,"-\-",,,,"-",,0x0,,,"-","S-1-0-0",,,"AD\HHF-VMC-JP0WG02$",AD,,,,0x45cf08095,,,,,,"HHF-VMC-JP0WG02$","S-1-5-21-1078081533-725345543-682003330-500940",,,,,,,,"-",,,,,,,,"-","e9823817-3e12-441f-aa9e-07379874d8fd","461e751a-c515-4a92-9c17-06e784f0c649","00000000-0000-0000-0000-000000000001","2020-10-16T14:45:28.279Z","AOI-552b9630-b106-4fe7-a1fa-97d04a0010ef",SecurityEvent,
"552b9630-b106-4fe7-a1fa-97d04a0010ef","2020-10-16T14:45:27.213Z",OpsManager,"AD\XDLVS1170567$",Machine,"WN73201.ad.providence.org","Microsoft-Windows-Security-Auditing",Security,12545,8,,4634,"4634 - An account was logged off.",,,,,,,,,,,,,,,,,,null,null,,,,null,,,,,,,,,,,,,,,,,,,,,,,,,,,,null,,,,,,,,,,,,,,,,,,,,null,,,,,,,,,,,3,"3 - Network",,,,,,,,,,,,,,,,,,,,,,,,,,,,,,,,,,,,,,,,,,,,,,,,,,,,,,,,,,,,,,,,,,,,,,,,,,null,,,,,,,,,,,,,,,,,,,,"AD\XDLVS1170567$",AD,,,,0x45cf0806c,,,,,,"XDLVS1170567$","S-1-5-21-1078081533-725345543-682003330-496051",,,,,,,,,,,,,,,,,"e9823817-3e12-441f-aa9e-07379874d8fd","9c39903a-3f5a-4feb-8889-e910b6ec4819","00000000-0000-0000-0000-000000000001","2020-10-16T14:45:28.279Z","AOI-552b9630-b106-4fe7-a1fa-97d04a0010ef",SecurityEvent,
"552b9630-b106-4fe7-a1fa-97d04a0010ef","2020-10-16T14:45:27.213Z",OpsManager,"AD\XDLVS1571267$",Machine,"WN73201.ad.providence.org","Microsoft-Windows-Security-Auditing",Security,12544,8,,4624,"4624 - An account was successfully logged on.",,,,,,,,,,,,,,,,,,null,null,Kerberos,,,null,,,,,,,,,,,,,,,,,,,,,,,,,,,,null,,,,,,,,,,,,,,,,"%%1833",,"10.184.22.244",58458,0,"-",,,,,,"ea85b265-eb1d-e906-43ea-defdc294d7f2",,,Kerberos,3,"3 - Network",,,,,,,,,,,,,,,,,,,,,,,,,,,,,,,,,,,,,,,,,,,,,,,,,"-",0x0,"-",,,,,,,,,,,,,,,,,,,,,,,null,,,,,,,"-\-",,,,"-",,0x0,,,"-","S-1-0-0",,,"AD\XDLVS1571267$",AD,,,,0x45cf080b1,,,,,,"XDLVS1571267$","S-1-5-21-1078081533-725345543-682003330-543732",,,,,,,,"-",,,,,,,,"-","e9823817-3e12-441f-aa9e-07379874d8fd","ea0c967d-91ba-4519-9068-29a7055b43c7","00000000-0000-0000-0000-000000000001","2020-10-16T14:45:28.279Z","AOI-552b9630-b106-4fe7-a1fa-97d04a0010ef",SecurityEvent,
"552b9630-b106-4fe7-a1fa-97d04a0010ef","2020-10-16T14:45:27.213Z",OpsManager,,,"WN73201.ad.providence.org","Microsoft-Windows-Security-Auditing",Security,14339,8,"<EventData xmlns=""http://schemas.microsoft.com/win/2004/08/events/event"">
  <Data Name=""TargetUserName"">FranklinJ1</Data>
  <Data Name=""TargetDomainName"">AD.PROVIDENCE.ORG</Data>
  <Data Name=""TargetSid"">S-1-5-21-1078081533-725345543-682003330-339470</Data>
  <Data Name=""ServiceName"">krbtgt</Data>
  <Data Name=""ServiceSid"">S-1-5-21-1078081533-725345543-682003330-502</Data>
  <Data Name=""TicketOptions"">0x40810010</Data>
  <Data Name=""Status"">0x0</Data>
  <Data Name=""TicketEncryptionType"">0x12</Data>
  <Data Name=""PreAuthType"">2</Data>
  <Data Name=""IpAddress"">::ffff:10.249.3.167</Data>
  <Data Name=""IpPort"">65036</Data>
  <Data Name=""CertIssuerName""></Data>
  <Data Name=""CertSerialNumber""></Data>
  <Data Name=""CertThumbprint""></Data>
</EventData>",4768,"4768 - A Kerberos authentication ticket (TGT) was requested.",,,,,,,,,,,,,,,,,,null,null,,,,null,,,,,,,,,,,,,,,,,,,,,,,,,,,,null,,,,,,,,,,,,,,,,,,"::ffff:10.249.3.167",65036,null,,,,,,,,,,,null,,,,,,,,,,,,,,,,,,,,,,,,,,,,,,,,,,,,,,,,,,,,,,,,,,,,,,,,,,,,,,,,,,,,,,,,,,krbtgt,null,,,,,,0x0,,,,,,,,,,,,,,"AD.PROVIDENCE.ORG\FranklinJ1","AD.PROVIDENCE.ORG",,,,,,,,"S-1-5-21-1078081533-725345543-682003330-339470",,FranklinJ1,,,,,,,,,,,,,,,,,,"e9823817-3e12-441f-aa9e-07379874d8fd","2b41bc2c-ed79-47ed-a019-c0dccd36e339","00000000-0000-0000-0000-000000000001","2020-10-16T14:45:28.279Z","AOI-552b9630-b106-4fe7-a1fa-97d04a0010ef",SecurityEvent,
"552b9630-b106-4fe7-a1fa-97d04a0010ef","2020-10-16T14:45:27.227Z",OpsManager,"AD\JaramilloLa1",User,"WN73201.ad.providence.org","Microsoft-Windows-Security-Auditing",Security,12545,8,,4634,"4634 - An account was logged off.",,,,,,,,,,,,,,,,,,null,null,,,,null,,,,,,,,,,,,,,,,,,,,,,,,,,,,null,,,,,,,,,,,,,,,,,,,,null,,,,,,,,,,,3,"3 - Network",,,,,,,,,,,,,,,,,,,,,,,,,,,,,,,,,,,,,,,,,,,,,,,,,,,,,,,,,,,,,,,,,,,,,,,,,,null,,,,,,,,,,,,,,,,,,,,"AD\JaramilloLa1",AD,,,,0x45cf07df5,,,,,,JaramilloLa1,"S-1-5-21-1078081533-725345543-682003330-333955",,,,,,,,,,,,,,,,,"e9823817-3e12-441f-aa9e-07379874d8fd","f21a31b6-c409-4b93-b190-8fd341cff1c6","00000000-0000-0000-0000-000000000001","2020-10-16T14:45:28.279Z","AOI-552b9630-b106-4fe7-a1fa-97d04a0010ef",SecurityEvent,
"552b9630-b106-4fe7-a1fa-97d04a0010ef","2020-10-16T14:45:27.227Z",OpsManager,"AD\XDLVS1571267$",Machine,"WN73201.ad.providence.org","Microsoft-Windows-Security-Auditing",Security,12545,8,,4634,"4634 - An account was logged off.",,,,,,,,,,,,,,,,,,null,null,,,,null,,,,,,,,,,,,,,,,,,,,,,,,,,,,null,,,,,,,,,,,,,,,,,,,,null,,,,,,,,,,,3,"3 - Network",,,,,,,,,,,,,,,,,,,,,,,,,,,,,,,,,,,,,,,,,,,,,,,,,,,,,,,,,,,,,,,,,,,,,,,,,,null,,,,,,,,,,,,,,,,,,,,"AD\XDLVS1571267$",AD,,,,0x45cf080b1,,,,,,"XDLVS1571267$","S-1-5-21-1078081533-725345543-682003330-543732",,,,,,,,,,,,,,,,,"e9823817-3e12-441f-aa9e-07379874d8fd","10f78fc0-3697-43fd-b188-9a747fd6eaab","00000000-0000-0000-0000-000000000001","2020-10-16T14:45:28.279Z","AOI-552b9630-b106-4fe7-a1fa-97d04a0010ef",SecurityEvent,
"552b9630-b106-4fe7-a1fa-97d04a0010ef","2020-10-16T14:45:27.227Z",OpsManager,"AD\GONZALEZPA",User,"WN73201.ad.providence.org","Microsoft-Windows-Security-Auditing",Security,12545,8,,4634,"4634 - An account was logged off.",,,,,,,,,,,,,,,,,,null,null,,,,null,,,,,,,,,,,,,,,,,,,,,,,,,,,,null,,,,,,,,,,,,,,,,,,,,null,,,,,,,,,,,3,"3 - Network",,,,,,,,,,,,,,,,,,,,,,,,,,,,,,,,,,,,,,,,,,,,,,,,,,,,,,,,,,,,,,,,,,,,,,,,,,null,,,,,,,,,,,,,,,,,,,,"AD\GONZALEZPA",AD,,,,0x45cf04b88,,,,,,GONZALEZPA,"S-1-5-21-1078081533-725345543-682003330-337823",,,,,,,,,,,,,,,,,"e9823817-3e12-441f-aa9e-07379874d8fd","3f2faea1-da89-4a98-8f91-1152d93736b7","00000000-0000-0000-0000-000000000001","2020-10-16T14:45:28.279Z","AOI-552b9630-b106-4fe7-a1fa-97d04a0010ef",SecurityEvent,
"552b9630-b106-4fe7-a1fa-97d04a0010ef","2020-10-16T14:45:27.26Z",OpsManager,"AD\XDLVS1370635$",Machine,"WN73201.ad.providence.org","Microsoft-Windows-Security-Auditing",Security,12545,8,,4634,"4634 - An account was logged off.",,,,,,,,,,,,,,,,,,null,null,,,,null,,,,,,,,,,,,,,,,,,,,,,,,,,,,null,,,,,,,,,,,,,,,,,,,,null,,,,,,,,,,,3,"3 - Network",,,,,,,,,,,,,,,,,,,,,,,,,,,,,,,,,,,,,,,,,,,,,,,,,,,,,,,,,,,,,,,,,,,,,,,,,,null,,,,,,,,,,,,,,,,,,,,"AD\XDLVS1370635$",AD,,,,0x45cd62612,,,,,,"XDLVS1370635$","S-1-5-21-1078081533-725345543-682003330-515151",,,,,,,,,,,,,,,,,"e9823817-3e12-441f-aa9e-07379874d8fd","4ad39257-2127-4077-800a-6e387571c07a","00000000-0000-0000-0000-000000000001","2020-10-16T14:45:28.279Z","AOI-552b9630-b106-4fe7-a1fa-97d04a0010ef",SecurityEvent,
"552b9630-b106-4fe7-a1fa-97d04a0010ef","2020-10-16T14:45:27.26Z",OpsManager,"AD\SJO-PHA-6B2LNM1$",Machine,"WN73201.ad.providence.org","Microsoft-Windows-Security-Auditing",Security,12544,8,,4624,"4624 - An account was successfully logged on.",,,,,,,,,,,,,,,,,,null,null,Kerberos,,,null,,,,,,,,,,,,,,,,,,,,,,,,,,,,null,,,,,,,,,,,,,,,,"%%1840",,"10.193.152.243",61251,0,"-",,,,,,"bf800c22-e898-f9a5-ee1c-21a0da5132ee",,,Kerberos,3,"3 - Network",,,,,,,,,,,,,,,,,,,,,,,,,,,,,,,,,,,,,,,,,,,,,,,,,"-",0x0,"-",,,,,,,,,,,,,,,,,,,,,,,null,,,,,,,"-\-",,,,"-",,0x0,,,"-","S-1-0-0",,,"AD\SJO-PHA-6B2LNM1$",AD,,,,0x45cf081b7,,,,,,"SJO-PHA-6B2LNM1$","S-1-5-21-1078081533-725345543-682003330-475413",,,,,,,,"-",,,,,,,,"-","e9823817-3e12-441f-aa9e-07379874d8fd","08fdb8de-d765-4886-aed1-f3bf0a18ab1d","00000000-0000-0000-0000-000000000001","2020-10-16T14:45:28.279Z","AOI-552b9630-b106-4fe7-a1fa-97d04a0010ef",SecurityEvent,
"552b9630-b106-4fe7-a1fa-97d04a0010ef","2020-10-16T14:45:27.26Z",OpsManager,,,"WN73201.ad.providence.org","Microsoft-Windows-Security-Auditing",Security,14339,8,"<EventData xmlns=""http://schemas.microsoft.com/win/2004/08/events/event"">
  <Data Name=""TargetUserName"">FLORESJ17</Data>
  <Data Name=""TargetDomainName"">AD</Data>
  <Data Name=""TargetSid"">S-1-5-21-1078081533-725345543-682003330-339756</Data>
  <Data Name=""ServiceName"">krbtgt</Data>
  <Data Name=""ServiceSid"">S-1-5-21-1078081533-725345543-682003330-502</Data>
  <Data Name=""TicketOptions"">0x40810010</Data>
  <Data Name=""Status"">0x0</Data>
  <Data Name=""TicketEncryptionType"">0x12</Data>
  <Data Name=""PreAuthType"">2</Data>
  <Data Name=""IpAddress"">::ffff:10.249.3.161</Data>
  <Data Name=""IpPort"">64774</Data>
  <Data Name=""CertIssuerName""></Data>
  <Data Name=""CertSerialNumber""></Data>
  <Data Name=""CertThumbprint""></Data>
</EventData>",4768,"4768 - A Kerberos authentication ticket (TGT) was requested.",,,,,,,,,,,,,,,,,,null,null,,,,null,,,,,,,,,,,,,,,,,,,,,,,,,,,,null,,,,,,,,,,,,,,,,,,"::ffff:10.249.3.161",64774,null,,,,,,,,,,,null,,,,,,,,,,,,,,,,,,,,,,,,,,,,,,,,,,,,,,,,,,,,,,,,,,,,,,,,,,,,,,,,,,,,,,,,,,krbtgt,null,,,,,,0x0,,,,,,,,,,,,,,"AD\FLORESJ17",AD,,,,,,,,"S-1-5-21-1078081533-725345543-682003330-339756",,FLORESJ17,,,,,,,,,,,,,,,,,,"e9823817-3e12-441f-aa9e-07379874d8fd","d0f60c01-f991-44be-8709-385dd759c0d9","00000000-0000-0000-0000-000000000001","2020-10-16T14:45:28.279Z","AOI-552b9630-b106-4fe7-a1fa-97d04a0010ef",SecurityEvent,
"552b9630-b106-4fe7-a1fa-97d04a0010ef","2020-10-16T14:45:27.26Z",OpsManager,,,"WN73201.ad.providence.org","Microsoft-Windows-Security-Auditing",Security,14339,8,"<EventData xmlns=""http://schemas.microsoft.com/win/2004/08/events/event"">
  <Data Name=""TargetUserName"">FLORESJ17</Data>
  <Data Name=""TargetDomainName"">AD</Data>
  <Data Name=""TargetSid"">S-1-5-21-1078081533-725345543-682003330-339756</Data>
  <Data Name=""ServiceName"">krbtgt</Data>
  <Data Name=""ServiceSid"">S-1-5-21-1078081533-725345543-682003330-502</Data>
  <Data Name=""TicketOptions"">0x40810010</Data>
  <Data Name=""Status"">0x0</Data>
  <Data Name=""TicketEncryptionType"">0x12</Data>
  <Data Name=""PreAuthType"">2</Data>
  <Data Name=""IpAddress"">::ffff:10.249.3.168</Data>
  <Data Name=""IpPort"">58779</Data>
  <Data Name=""CertIssuerName""></Data>
  <Data Name=""CertSerialNumber""></Data>
  <Data Name=""CertThumbprint""></Data>
</EventData>",4768,"4768 - A Kerberos authentication ticket (TGT) was requested.",,,,,,,,,,,,,,,,,,null,null,,,,null,,,,,,,,,,,,,,,,,,,,,,,,,,,,null,,,,,,,,,,,,,,,,,,"::ffff:10.249.3.168",58779,null,,,,,,,,,,,null,,,,,,,,,,,,,,,,,,,,,,,,,,,,,,,,,,,,,,,,,,,,,,,,,,,,,,,,,,,,,,,,,,,,,,,,,,krbtgt,null,,,,,,0x0,,,,,,,,,,,,,,"AD\FLORESJ17",AD,,,,,,,,"S-1-5-21-1078081533-725345543-682003330-339756",,FLORESJ17,,,,,,,,,,,,,,,,,,"e9823817-3e12-441f-aa9e-07379874d8fd","410df4e2-d643-4ef8-87fa-75119c33af0d","00000000-0000-0000-0000-000000000001","2020-10-16T14:45:28.279Z","AOI-552b9630-b106-4fe7-a1fa-97d04a0010ef",SecurityEvent,
"552b9630-b106-4fe7-a1fa-97d04a0010ef","2020-10-16T14:45:27.26Z",OpsManager,"AD\TAYLORS14",User,"WN73201.ad.providence.org","Microsoft-Windows-Security-Auditing",Security,12544,8,,4624,"4624 - An account was successfully logged on.",,,,,,,,,,,,,,,,,,null,null,Kerberos,,,null,,,,,,,,,,,,,,,,,,,,,,,,,,,,null,,,,,,,,,,,,,,,,"%%1833",,"10.199.200.210",53661,0,"-",,,,,,"2c8a521f-1f40-4788-c712-88f72b363a33",,,Kerberos,3,"3 - Network",,,,,,,,,,,,,,,,,,,,,,,,,,,,,,,,,,,,,,,,,,,,,,,,,"-",0x0,"-",,,,,,,,,,,,,,,,,,,,,,,null,,,,,,,"-\-",,,,"-",,0x0,,,"-","S-1-0-0",,,"AD\TAYLORS14",AD,,,,0x45cf082a0,,,,,,TAYLORS14,"S-1-5-21-1078081533-725345543-682003330-482445",,,,,,,,"-",,,,,,,,"-","e9823817-3e12-441f-aa9e-07379874d8fd","91a75526-f769-45e3-a2f2-6b7936b43db0","00000000-0000-0000-0000-000000000001","2020-10-16T14:45:28.279Z","AOI-552b9630-b106-4fe7-a1fa-97d04a0010ef",SecurityEvent,
"552b9630-b106-4fe7-a1fa-97d04a0010ef","2020-10-16T14:45:27.26Z",OpsManager,"AD\XDLVS1170567$",Machine,"WN73201.ad.providence.org","Microsoft-Windows-Security-Auditing",Security,12544,8,,4624,"4624 - An account was successfully logged on.",,,,,,,,,,,,,,,,,,null,null,Kerberos,,,null,,,,,,,,,,,,,,,,,,,,,,,,,,,,null,,,,,,,,,,,,,,,,"%%1833",,"10.184.1.78",58575,0,"-",,,,,,"db1eb8a0-711d-e92f-43ac-c77fbdf245fb",,,Kerberos,3,"3 - Network",,,,,,,,,,,,,,,,,,,,,,,,,,,,,,,,,,,,,,,,,,,,,,,,,"-",0x0,"-",,,,,,,,,,,,,,,,,,,,,,,null,,,,,,,"-\-",,,,"-",,0x0,,,"-","S-1-0-0",,,"AD\XDLVS1170567$",AD,,,,0x45cf082af,,,,,,"XDLVS1170567$","S-1-5-21-1078081533-725345543-682003330-496051",,,,,,,,"-",,,,,,,,"-","e9823817-3e12-441f-aa9e-07379874d8fd","e7a2d5ba-507e-4973-89a8-64194b5baa68","00000000-0000-0000-0000-000000000001","2020-10-16T14:45:28.279Z","AOI-552b9630-b106-4fe7-a1fa-97d04a0010ef",SecurityEvent,
"552b9630-b106-4fe7-a1fa-97d04a0010ef","2020-10-16T14:45:27.26Z",OpsManager,"AD\XDLVS1571267$",Machine,"WN73201.ad.providence.org","Microsoft-Windows-Security-Auditing",Security,12544,8,,4624,"4624 - An account was successfully logged on.",,,,,,,,,,,,,,,,,,null,null,Kerberos,,,null,,,,,,,,,,,,,,,,,,,,,,,,,,,,null,,,,,,,,,,,,,,,,"%%1833",,"10.184.22.244",58459,0,"-",,,,,,"ea85b265-eb1d-e906-43ea-defdc294d7f2",,,Kerberos,3,"3 - Network",,,,,,,,,,,,,,,,,,,,,,,,,,,,,,,,,,,,,,,,,,,,,,,,,"-",0x0,"-",,,,,,,,,,,,,,,,,,,,,,,null,,,,,,,"-\-",,,,"-",,0x0,,,"-","S-1-0-0",,,"AD\XDLVS1571267$",AD,,,,0x45cf082e7,,,,,,"XDLVS1571267$","S-1-5-21-1078081533-725345543-682003330-543732",,,,,,,,"-",,,,,,,,"-","e9823817-3e12-441f-aa9e-07379874d8fd","ae062183-e8b8-4250-8c38-16c322d363fc","00000000-0000-0000-0000-000000000001","2020-10-16T14:45:28.279Z","AOI-552b9630-b106-4fe7-a1fa-97d04a0010ef",SecurityEvent,
"552b9630-b106-4fe7-a1fa-97d04a0010ef","2020-10-16T14:45:27.26Z",OpsManager,"AD\XDLVS1170567$",Machine,"WN73201.ad.providence.org","Microsoft-Windows-Security-Auditing",Security,12545,8,,4634,"4634 - An account was logged off.",,,,,,,,,,,,,,,,,,null,null,,,,null,,,,,,,,,,,,,,,,,,,,,,,,,,,,null,,,,,,,,,,,,,,,,,,,,null,,,,,,,,,,,3,"3 - Network",,,,,,,,,,,,,,,,,,,,,,,,,,,,,,,,,,,,,,,,,,,,,,,,,,,,,,,,,,,,,,,,,,,,,,,,,,null,,,,,,,,,,,,,,,,,,,,"AD\XDLVS1170567$",AD,,,,0x45cf082af,,,,,,"XDLVS1170567$","S-1-5-21-1078081533-725345543-682003330-496051",,,,,,,,,,,,,,,,,"e9823817-3e12-441f-aa9e-07379874d8fd","297ec137-a879-4529-a1e5-3a1246f6c593","00000000-0000-0000-0000-000000000001","2020-10-16T14:45:28.279Z","AOI-552b9630-b106-4fe7-a1fa-97d04a0010ef",SecurityEvent,
"552b9630-b106-4fe7-a1fa-97d04a0010ef","2020-10-16T14:45:27.273Z",OpsManager,,,"WN73201.ad.providence.org","Microsoft-Windows-Security-Auditing",Security,14336,8,"<EventData xmlns=""http://schemas.microsoft.com/win/2004/08/events/event"">
  <Data Name=""PackageName"">MICROSOFT_AUTHENTICATION_PACKAGE_V1_0</Data>
  <Data Name=""TargetUserName"">UNZUETAU1</Data>
  <Data Name=""Workstation"">CTXXAP6A331-VP</Data>
  <Data Name=""Status"">0x0</Data>
</EventData>",4776,"4776 - The domain controller attempted to validate the credentials for an account.",,,,,,,,,,,,,,,,,,null,null,,,,null,,,,,,,,,,,,,,,,,,,,,,,,,,,,null,,,,,,,,,,,,,,,,,,,,null,,,,,,,,,,,null,,,,,,,,,,,,,,,,,,,,,,,,,,,,,,,,,,,,,,,,"MICROSOFT_AUTHENTICATION_PACKAGE_V1_0",,,,,,,,,,,,,,,,,,,,,,,,,,,,,,,,,,,null,,,,,,0x0,,,,,,,,,,,,,,UNZUETAU1,,,,,,,,,,,UNZUETAU1,,,,,,,,,,,,,,,,"CTXXAP6A331-VP",,"e9823817-3e12-441f-aa9e-07379874d8fd","30364947-55a9-4857-a430-916e99c3348f","00000000-0000-0000-0000-000000000001","2020-10-16T14:45:28.279Z","AOI-552b9630-b106-4fe7-a1fa-97d04a0010ef",SecurityEvent,
"552b9630-b106-4fe7-a1fa-97d04a0010ef","2020-10-16T14:45:27.273Z",OpsManager,"AD\XDLVS1571267$",Machine,"WN73201.ad.providence.org","Microsoft-Windows-Security-Auditing",Security,12545,8,,4634,"4634 - An account was logged off.",,,,,,,,,,,,,,,,,,null,null,,,,null,,,,,,,,,,,,,,,,,,,,,,,,,,,,null,,,,,,,,,,,,,,,,,,,,null,,,,,,,,,,,3,"3 - Network",,,,,,,,,,,,,,,,,,,,,,,,,,,,,,,,,,,,,,,,,,,,,,,,,,,,,,,,,,,,,,,,,,,,,,,,,,null,,,,,,,,,,,,,,,,,,,,"AD\XDLVS1571267$",AD,,,,0x45cf082e7,,,,,,"XDLVS1571267$","S-1-5-21-1078081533-725345543-682003330-543732",,,,,,,,,,,,,,,,,"e9823817-3e12-441f-aa9e-07379874d8fd","503bb4db-a7cb-441d-838b-2ecf8bb3d3df","00000000-0000-0000-0000-000000000001","2020-10-16T14:45:28.279Z","AOI-552b9630-b106-4fe7-a1fa-97d04a0010ef",SecurityEvent,
"552b9630-b106-4fe7-a1fa-97d04a0010ef","2020-10-16T14:45:27.273Z",OpsManager,"AD\HHF-VMC-JP0WG02$",Machine,"WN73201.ad.providence.org","Microsoft-Windows-Security-Auditing",Security,12544,8,,4624,"4624 - An account was successfully logged on.",,,,,,,,,,,,,,,,,,null,null,Kerberos,,,null,,,,,,,,,,,,,,,,,,,,,,,,,,,,null,,,,,,,,,,,,,,,,"%%1833",,"10.199.184.252",65510,0,"-",,,,,,"026f5479-2954-8ead-9b79-3f3fedb62557",,,Kerberos,3,"3 - Network",,,,,,,,,,,,,,,,,,,,,,,,,,,,,,,,,,,,,,,,,,,,,,,,,"-",0x0,"-",,,,,,,,,,,,,,,,,,,,,,,null,,,,,,,"-\-",,,,"-",,0x0,,,"-","S-1-0-0",,,"AD\HHF-VMC-JP0WG02$",AD,,,,0x45cf083bd,,,,,,"HHF-VMC-JP0WG02$","S-1-5-21-1078081533-725345543-682003330-500940",,,,,,,,"-",,,,,,,,"-","e9823817-3e12-441f-aa9e-07379874d8fd","9dae068c-7c14-4e6b-9a88-ec199fa74e54","00000000-0000-0000-0000-000000000001","2020-10-16T14:45:28.279Z","AOI-552b9630-b106-4fe7-a1fa-97d04a0010ef",SecurityEvent,
"552b9630-b106-4fe7-a1fa-97d04a0010ef","2020-10-16T14:45:27.273Z",OpsManager,"AD\LEEM11",User,"WN73201.ad.providence.org","Microsoft-Windows-Security-Auditing",Security,12544,8,,4624,"4624 - An account was successfully logged on.",,,,,,,,,,,,,,,,,,null,null,Kerberos,,,null,,,,,,,,,,,,,,,,,,,,,,,,,,,,null,,,,,,,,,,,,,,,,"%%1833",,"10.184.26.129",62976,0,"-",,,,,,"dc099e43-a68d-a46e-9214-bfd3cf258631",,,Kerberos,3,"3 - Network",,,,,,,,,,,,,,,,,,,,,,,,,,,,,,,,,,,,,,,,,,,,,,,,,"-",0x0,"-",,,,,,,,,,,,,,,,,,,,,,,null,,,,,,,"-\-",,,,"-",,0x0,,,"-","S-1-0-0",,,"AD\LEEM11",AD,,,,0x45cf08455,,,,,,LEEM11,"S-1-5-21-1078081533-725345543-682003330-330267",,,,,,,,"-",,,,,,,,"-","e9823817-3e12-441f-aa9e-07379874d8fd","868b8006-1adf-497c-8904-92c7433e41d1","00000000-0000-0000-0000-000000000001","2020-10-16T14:45:28.279Z","AOI-552b9630-b106-4fe7-a1fa-97d04a0010ef",SecurityEvent,
"552b9630-b106-4fe7-a1fa-97d04a0010ef","2020-10-16T14:45:27.273Z",OpsManager,"SJHS-NT\tmcculloch",User,"WN73201.ad.providence.org","Microsoft-Windows-Security-Auditing",Security,12544,8,,4624,"4624 - An account was successfully logged on.",,,,,,,,,,,,,,,,,,null,null,Kerberos,,,null,,,,,,,,,,,,,,,,,,,,,,,,,,,,null,,,,,,,,,,,,,,,,"%%1833",,"10.184.10.117",59712,0,"-",,,,,,"e6ac1817-1715-be84-bd64-109a3c552677",,,Kerberos,3,"3 - Network",,,,,,,,,,,,,,,,,,,,,,,,,,,,,,,,,,,,,,,,,,,,,,,,,"-",0x0,"-",,,,,,,,,,,,,,,,,,,,,,,null,,,,,,,"-\-",,,,"-",,0x0,,,"-","S-1-0-0",,,"SJHS-NT\tmcculloch","SJHS-NT",,,,0x45cf084ad,,,,,,tmcculloch,"S-1-5-21-798254582-200106796-1537874043-60177",,,,,,,,"-",,,,,,,,"-","e9823817-3e12-441f-aa9e-07379874d8fd","cc03f6d0-8daf-4f6a-97ee-4f1b05659d5d","00000000-0000-0000-0000-000000000001","2020-10-16T14:45:28.279Z","AOI-552b9630-b106-4fe7-a1fa-97d04a0010ef",SecurityEvent,
"552b9630-b106-4fe7-a1fa-97d04a0010ef","2020-10-16T14:45:27.29Z",OpsManager,"AD\XDLVS1170567$",Machine,"WN73201.ad.providence.org","Microsoft-Windows-Security-Auditing",Security,12544,8,,4624,"4624 - An account was successfully logged on.",,,,,,,,,,,,,,,,,,null,null,Kerberos,,,null,,,,,,,,,,,,,,,,,,,,,,,,,,,,null,,,,,,,,,,,,,,,,"%%1833",,"10.184.1.78",58576,0,"-",,,,,,"db1eb8a0-711d-e92f-43ac-c77fbdf245fb",,,Kerberos,3,"3 - Network",,,,,,,,,,,,,,,,,,,,,,,,,,,,,,,,,,,,,,,,,,,,,,,,,"-",0x0,"-",,,,,,,,,,,,,,,,,,,,,,,null,,,,,,,"-\-",,,,"-",,0x0,,,"-","S-1-0-0",,,"AD\XDLVS1170567$",AD,,,,0x45cf084ed,,,,,,"XDLVS1170567$","S-1-5-21-1078081533-725345543-682003330-496051",,,,,,,,"-",,,,,,,,"-","e9823817-3e12-441f-aa9e-07379874d8fd","8fb40e6c-a2ff-42ff-862b-db7f502c44f8","00000000-0000-0000-0000-000000000001","2020-10-16T14:45:28.279Z","AOI-552b9630-b106-4fe7-a1fa-97d04a0010ef",SecurityEvent,
"552b9630-b106-4fe7-a1fa-97d04a0010ef","2020-10-16T14:45:27.29Z",OpsManager,"AD\XDLVS1571267$",Machine,"WN73201.ad.providence.org","Microsoft-Windows-Security-Auditing",Security,12544,8,,4624,"4624 - An account was successfully logged on.",,,,,,,,,,,,,,,,,,null,null,Kerberos,,,null,,,,,,,,,,,,,,,,,,,,,,,,,,,,null,,,,,,,,,,,,,,,,"%%1833",,"10.184.22.244",58460,0,"-",,,,,,"ea85b265-eb1d-e906-43ea-defdc294d7f2",,,Kerberos,3,"3 - Network",,,,,,,,,,,,,,,,,,,,,,,,,,,,,,,,,,,,,,,,,,,,,,,,,"-",0x0,"-",,,,,,,,,,,,,,,,,,,,,,,null,,,,,,,"-\-",,,,"-",,0x0,,,"-","S-1-0-0",,,"AD\XDLVS1571267$",AD,,,,0x45cf08528,,,,,,"XDLVS1571267$","S-1-5-21-1078081533-725345543-682003330-543732",,,,,,,,"-",,,,,,,,"-","e9823817-3e12-441f-aa9e-07379874d8fd","e5234bae-c984-42bf-b5c4-f66b812012c7","00000000-0000-0000-0000-000000000001","2020-10-16T14:45:28.279Z","AOI-552b9630-b106-4fe7-a1fa-97d04a0010ef",SecurityEvent,
"552b9630-b106-4fe7-a1fa-97d04a0010ef","2020-10-16T14:45:27.29Z",OpsManager,"AD\XDLVS1271147$",Machine,"WN73201.ad.providence.org","Microsoft-Windows-Security-Auditing",Security,12545,8,,4634,"4634 - An account was logged off.",,,,,,,,,,,,,,,,,,null,null,,,,null,,,,,,,,,,,,,,,,,,,,,,,,,,,,null,,,,,,,,,,,,,,,,,,,,null,,,,,,,,,,,3,"3 - Network",,,,,,,,,,,,,,,,,,,,,,,,,,,,,,,,,,,,,,,,,,,,,,,,,,,,,,,,,,,,,,,,,,,,,,,,,,null,,,,,,,,,,,,,,,,,,,,"AD\XDLVS1271147$",AD,,,,0x45c81610d,,,,,,"XDLVS1271147$","S-1-5-21-1078081533-725345543-682003330-527985",,,,,,,,,,,,,,,,,"e9823817-3e12-441f-aa9e-07379874d8fd","d6f1debf-62b4-4e69-bb25-2044f0047573","00000000-0000-0000-0000-000000000001","2020-10-16T14:45:28.279Z","AOI-552b9630-b106-4fe7-a1fa-97d04a0010ef",SecurityEvent,
"552b9630-b106-4fe7-a1fa-97d04a0010ef","2020-10-16T14:45:27.29Z",OpsManager,,,"WN73201.ad.providence.org","Microsoft-Windows-Security-Auditing",Security,14339,8,"<EventData xmlns=""http://schemas.microsoft.com/win/2004/08/events/event"">
  <Data Name=""TargetUserName"">FLORESJ17</Data>
  <Data Name=""TargetDomainName"">AD</Data>
  <Data Name=""TargetSid"">S-1-5-21-1078081533-725345543-682003330-339756</Data>
  <Data Name=""ServiceName"">krbtgt</Data>
  <Data Name=""ServiceSid"">S-1-5-21-1078081533-725345543-682003330-502</Data>
  <Data Name=""TicketOptions"">0x40810010</Data>
  <Data Name=""Status"">0x0</Data>
  <Data Name=""TicketEncryptionType"">0x12</Data>
  <Data Name=""PreAuthType"">2</Data>
  <Data Name=""IpAddress"">::ffff:10.249.3.53</Data>
  <Data Name=""IpPort"">64732</Data>
  <Data Name=""CertIssuerName""></Data>
  <Data Name=""CertSerialNumber""></Data>
  <Data Name=""CertThumbprint""></Data>
</EventData>",4768,"4768 - A Kerberos authentication ticket (TGT) was requested.",,,,,,,,,,,,,,,,,,null,null,,,,null,,,,,,,,,,,,,,,,,,,,,,,,,,,,null,,,,,,,,,,,,,,,,,,"::ffff:10.249.3.53",64732,null,,,,,,,,,,,null,,,,,,,,,,,,,,,,,,,,,,,,,,,,,,,,,,,,,,,,,,,,,,,,,,,,,,,,,,,,,,,,,,,,,,,,,,krbtgt,null,,,,,,0x0,,,,,,,,,,,,,,"AD\FLORESJ17",AD,,,,,,,,"S-1-5-21-1078081533-725345543-682003330-339756",,FLORESJ17,,,,,,,,,,,,,,,,,,"e9823817-3e12-441f-aa9e-07379874d8fd","c9e4e224-4658-433b-bc7b-757a132acfdc","00000000-0000-0000-0000-000000000001","2020-10-16T14:45:28.279Z","AOI-552b9630-b106-4fe7-a1fa-97d04a0010ef",SecurityEvent,
"552b9630-b106-4fe7-a1fa-97d04a0010ef","2020-10-16T14:45:27.29Z",OpsManager,"AD\XDLVS1170567$",Machine,"WN73201.ad.providence.org","Microsoft-Windows-Security-Auditing",Security,12545,8,,4634,"4634 - An account was logged off.",,,,,,,,,,,,,,,,,,null,null,,,,null,,,,,,,,,,,,,,,,,,,,,,,,,,,,null,,,,,,,,,,,,,,,,,,,,null,,,,,,,,,,,3,"3 - Network",,,,,,,,,,,,,,,,,,,,,,,,,,,,,,,,,,,,,,,,,,,,,,,,,,,,,,,,,,,,,,,,,,,,,,,,,,null,,,,,,,,,,,,,,,,,,,,"AD\XDLVS1170567$",AD,,,,0x45cf084ed,,,,,,"XDLVS1170567$","S-1-5-21-1078081533-725345543-682003330-496051",,,,,,,,,,,,,,,,,"e9823817-3e12-441f-aa9e-07379874d8fd","7f932160-98f0-4c01-ac4c-2319628166d1","00000000-0000-0000-0000-000000000001","2020-10-16T14:45:28.279Z","AOI-552b9630-b106-4fe7-a1fa-97d04a0010ef",SecurityEvent,
"552b9630-b106-4fe7-a1fa-97d04a0010ef","2020-10-16T14:45:27.29Z",OpsManager,"AD\HHF-VMC-JP0WG02$",Machine,"WN73201.ad.providence.org","Microsoft-Windows-Security-Auditing",Security,12545,8,,4634,"4634 - An account was logged off.",,,,,,,,,,,,,,,,,,null,null,,,,null,,,,,,,,,,,,,,,,,,,,,,,,,,,,null,,,,,,,,,,,,,,,,,,,,null,,,,,,,,,,,3,"3 - Network",,,,,,,,,,,,,,,,,,,,,,,,,,,,,,,,,,,,,,,,,,,,,,,,,,,,,,,,,,,,,,,,,,,,,,,,,,null,,,,,,,,,,,,,,,,,,,,"AD\HHF-VMC-JP0WG02$",AD,,,,0x45cf083bd,,,,,,"HHF-VMC-JP0WG02$","S-1-5-21-1078081533-725345543-682003330-500940",,,,,,,,,,,,,,,,,"e9823817-3e12-441f-aa9e-07379874d8fd","e54e0dbc-81a7-4abd-961d-2917f11016d6","00000000-0000-0000-0000-000000000001","2020-10-16T14:45:28.279Z","AOI-552b9630-b106-4fe7-a1fa-97d04a0010ef",SecurityEvent,
"552b9630-b106-4fe7-a1fa-97d04a0010ef","2020-10-16T14:45:27.29Z",OpsManager,"AD\XDLVS1571267$",Machine,"WN73201.ad.providence.org","Microsoft-Windows-Security-Auditing",Security,12545,8,,4634,"4634 - An account was logged off.",,,,,,,,,,,,,,,,,,null,null,,,,null,,,,,,,,,,,,,,,,,,,,,,,,,,,,null,,,,,,,,,,,,,,,,,,,,null,,,,,,,,,,,3,"3 - Network",,,,,,,,,,,,,,,,,,,,,,,,,,,,,,,,,,,,,,,,,,,,,,,,,,,,,,,,,,,,,,,,,,,,,,,,,,null,,,,,,,,,,,,,,,,,,,,"AD\XDLVS1571267$",AD,,,,0x45cf08528,,,,,,"XDLVS1571267$","S-1-5-21-1078081533-725345543-682003330-543732",,,,,,,,,,,,,,,,,"e9823817-3e12-441f-aa9e-07379874d8fd","29b4cd41-2431-4aa3-af25-fcbfe390140b","00000000-0000-0000-0000-000000000001","2020-10-16T14:45:28.279Z","AOI-552b9630-b106-4fe7-a1fa-97d04a0010ef",SecurityEvent,
"552b9630-b106-4fe7-a1fa-97d04a0010ef","2020-10-16T14:45:27.29Z",OpsManager,,,"WN73201.ad.providence.org","Microsoft-Windows-Security-Auditing",Security,14339,16,"<EventData xmlns=""http://schemas.microsoft.com/win/2004/08/events/event"">
  <Data Name=""TargetUserName"">TRAND6</Data>
  <Data Name=""TargetSid"">S-1-5-21-1078081533-725345543-682003330-312644</Data>
  <Data Name=""ServiceName"">krbtgt/AD</Data>
  <Data Name=""TicketOptions"">0x40810010</Data>
  <Data Name=""Status"">0x18</Data>
  <Data Name=""PreAuthType"">2</Data>
  <Data Name=""IpAddress"">::ffff:100.80.3.66</Data>
  <Data Name=""IpPort"">56396</Data>
  <Data Name=""CertIssuerName""></Data>
  <Data Name=""CertSerialNumber""></Data>
  <Data Name=""CertThumbprint""></Data>
</EventData>",4771,"4771 - Kerberos pre-authentication failed.",,,,,,,,,,,,,,,,,,null,null,,,,null,,,,,,,,,,,,,,,,,,,,,,,,,,,,null,,,,,,,,,,,,,,,,,,"::ffff:100.80.3.66",56396,null,,,,,,,,,,,null,,,,,,,,,,,,,,,,,,,,,,,,,,,,,,,,,,,,,,,,,,,,,,,,,,,,,,,,,,,,,,,,,,,,,,,,,,"krbtgt/AD",null,,,,,,0x18,,,,,,,,,,,,,,TRAND6,,,,,,,,,"S-1-5-21-1078081533-725345543-682003330-312644",,TRAND6,,,,,,,,,,,,,,,,,,"e9823817-3e12-441f-aa9e-07379874d8fd","57a048c5-91b2-4f0f-8b9e-52a159e250b7","00000000-0000-0000-0000-000000000001","2020-10-16T14:45:28.279Z","AOI-552b9630-b106-4fe7-a1fa-97d04a0010ef",SecurityEvent,
"552b9630-b106-4fe7-a1fa-97d04a0010ef","2020-10-16T14:45:27.29Z",OpsManager,"AD\HHF-VMC-JP0WG02$",Machine,"WN73201.ad.providence.org","Microsoft-Windows-Security-Auditing",Security,12545,8,,4634,"4634 - An account was logged off.",,,,,,,,,,,,,,,,,,null,null,,,,null,,,,,,,,,,,,,,,,,,,,,,,,,,,,null,,,,,,,,,,,,,,,,,,,,null,,,,,,,,,,,3,"3 - Network",,,,,,,,,,,,,,,,,,,,,,,,,,,,,,,,,,,,,,,,,,,,,,,,,,,,,,,,,,,,,,,,,,,,,,,,,,null,,,,,,,,,,,,,,,,,,,,"AD\HHF-VMC-JP0WG02$",AD,,,,0x45cf08095,,,,,,"HHF-VMC-JP0WG02$","S-1-5-21-1078081533-725345543-682003330-500940",,,,,,,,,,,,,,,,,"e9823817-3e12-441f-aa9e-07379874d8fd","e33d7fa0-7294-42dd-850b-83973b859045","00000000-0000-0000-0000-000000000001","2020-10-16T14:45:28.279Z","AOI-552b9630-b106-4fe7-a1fa-97d04a0010ef",SecurityEvent,
"552b9630-b106-4fe7-a1fa-97d04a0010ef","2020-10-16T14:45:27.307Z",OpsManager,"AD\JaramilloLa1",User,"WN73201.ad.providence.org","Microsoft-Windows-Security-Auditing",Security,12544,8,,4624,"4624 - An account was successfully logged on.",,,,,,,,,,,,,,,,,,null,null,Kerberos,,,null,,,,,,,,,,,,,,,,,,,,,,,,,,,,null,,,,,,,,,,,,,,,,"%%1833",,"10.176.66.63",54370,0,"-",,,,,,"4cd12bae-ef9e-1866-6da9-f107abc267e7",,,Kerberos,3,"3 - Network",,,,,,,,,,,,,,,,,,,,,,,,,,,,,,,,,,,,,,,,,,,,,,,,,"-",0x0,"-",,,,,,,,,,,,,,,,,,,,,,,null,,,,,,,"-\-",,,,"-",,0x0,,,"-","S-1-0-0",,,"AD\JaramilloLa1",AD,,,,0x45cf0869f,,,,,,JaramilloLa1,"S-1-5-21-1078081533-725345543-682003330-333955",,,,,,,,"-",,,,,,,,"-","e9823817-3e12-441f-aa9e-07379874d8fd","2b32735d-81c4-4525-bc9e-33bd6af45fe5","00000000-0000-0000-0000-000000000001","2020-10-16T14:45:28.279Z","AOI-552b9630-b106-4fe7-a1fa-97d04a0010ef",SecurityEvent,
