"552b9630-b106-4fe7-a1fa-97d04a0010ef","2020-10-16T14:45:28.817Z",OpsManager,,,"ADSAPPVP-010.stjoe.org","Microsoft-Windows-Security-Auditing",Security,14337,8,"<EventData xmlns=""http://schemas.microsoft.com/win/2004/08/events/event"">
  <Data Name=""TargetUserName"">FLORESJ17@AD.PROVIDENCE.ORG</Data>
  <Data Name=""TargetDomainName"">AD.PROVIDENCE.ORG</Data>
  <Data Name=""ServiceName"">CTXXML6A012-VP$</Data>
  <Data Name=""ServiceSid"">S-1-5-21-798254582-200106796-1537874043-716465</Data>
  <Data Name=""TicketOptions"">0x40810000</Data>
  <Data Name=""TicketEncryptionType"">0x12</Data>
  <Data Name=""IpAddress"">::ffff:10.249.3.137</Data>
  <Data Name=""IpPort"">53288</Data>
  <Data Name=""Status"">0x0</Data>
  <Data Name=""LogonGuid"">{6A165F41-1155-DA92-3900-75373190E0FE}</Data>
  <Data Name=""TransmittedServices"">-</Data>
</EventData>",4769,"4769 - A Kerberos service ticket was requested.",,,,,,,,,,,,,,,,,,null,null,,,,null,,,,,,,,,,,,,,,,,,,,,,,,,,,,null,,,,,,,,,,,,,,,,,,,,null,,,,,,,,,,,null,,,,,,,,,,,,,,,,,,,,,,,,,,,,,,,,,,,,,,,,,,,,,,,,,,,,,,,,,,,,,,,,,,,,,,,,,,,null,,,,,,,,,,,,,,,,,,,,,,,,,,,,,,,,,,,,,,,,,,,,,,,,,"63c77c3c-1ec2-4f06-9f6e-99edf6acfc9b","1c526cfe-b1ca-442f-ba81-87cfbd8e3b14","00000000-0000-0000-0000-000000000001","2020-10-16T14:45:30.052Z","AOI-552b9630-b106-4fe7-a1fa-97d04a0010ef",SecurityEvent,
"552b9630-b106-4fe7-a1fa-97d04a0010ef","2020-10-16T14:45:28.833Z",OpsManager,,,"ADSAPPVP-010.stjoe.org","Microsoft-Windows-Security-Auditing",Security,14339,8,"<EventData xmlns=""http://schemas.microsoft.com/win/2004/08/events/event"">
  <Data Name=""TargetUserName"">CTXXAP6A119-VP$</Data>
  <Data Name=""TargetDomainName"">STJOE.ORG</Data>
  <Data Name=""TargetSid"">S-1-5-21-798254582-200106796-1537874043-306031</Data>
  <Data Name=""ServiceName"">krbtgt</Data>
  <Data Name=""ServiceSid"">S-1-5-21-798254582-200106796-1537874043-502</Data>
  <Data Name=""TicketOptions"">0x40810010</Data>
  <Data Name=""Status"">0x0</Data>
  <Data Name=""TicketEncryptionType"">0x12</Data>
  <Data Name=""PreAuthType"">2</Data>
  <Data Name=""IpAddress"">::ffff:10.250.185.238</Data>
  <Data Name=""IpPort"">60407</Data>
  <Data Name=""CertIssuerName""></Data>
  <Data Name=""CertSerialNumber""></Data>
  <Data Name=""CertThumbprint""></Data>
</EventData>",4768,"4768 - A Kerberos authentication ticket (TGT) was requested.",,,,,,,,,,,,,,,,,,null,null,,,,null,,,,,,,,,,,,,,,,,,,,,,,,,,,,null,,,,,,,,,,,,,,,,,,"::ffff:10.250.185.238",60407,null,,,,,,,,,,,null,,,,,,,,,,,,,,,,,,,,,,,,,,,,,,,,,,,,,,,,,,,,,,,,,,,,,,,,,,,,,,,,,,,,,,,,,,krbtgt,null,,,,,,0x0,,,,,,,,,,,,,,"STJOE.ORG\CTXXAP6A119-VP$","STJOE.ORG",,,,,,,,"S-1-5-21-798254582-200106796-1537874043-306031",,"CTXXAP6A119-VP$",,,,,,,,,,,,,,,,,,"63c77c3c-1ec2-4f06-9f6e-99edf6acfc9b","05efecd3-de34-4e8c-a733-01a04fca43d6","00000000-0000-0000-0000-000000000001","2020-10-16T14:45:30.052Z","AOI-552b9630-b106-4fe7-a1fa-97d04a0010ef",SecurityEvent,
"552b9630-b106-4fe7-a1fa-97d04a0010ef","2020-10-16T14:45:28.833Z",OpsManager,,,"ADSAPPVP-010.stjoe.org","Microsoft-Windows-Security-Auditing",Security,14337,8,"<EventData xmlns=""http://schemas.microsoft.com/win/2004/08/events/event"">
  <Data Name=""TargetUserName"">CTXXAP6A119-VP$@STJOE.ORG</Data>
  <Data Name=""TargetDomainName"">STJOE.ORG</Data>
  <Data Name=""ServiceName"">CTXXAP6A119-VP$</Data>
  <Data Name=""ServiceSid"">S-1-5-21-798254582-200106796-1537874043-306031</Data>
  <Data Name=""TicketOptions"">0x40810000</Data>
  <Data Name=""TicketEncryptionType"">0x12</Data>
  <Data Name=""IpAddress"">::ffff:10.250.185.238</Data>
  <Data Name=""IpPort"">60408</Data>
  <Data Name=""Status"">0x0</Data>
  <Data Name=""LogonGuid"">{D51EA0CD-1CC5-206E-4C9C-D011CAE5D563}</Data>
  <Data Name=""TransmittedServices"">-</Data>
</EventData>",4769,"4769 - A Kerberos service ticket was requested.",,,,,,,,,,,,,,,,,,null,null,,,,null,,,,,,,,,,,,,,,,,,,,,,,,,,,,null,,,,,,,,,,,,,,,,,,,,null,,,,,,,,,,,null,,,,,,,,,,,,,,,,,,,,,,,,,,,,,,,,,,,,,,,,,,,,,,,,,,,,,,,,,,,,,,,,,,,,,,,,,,,null,,,,,,,,,,,,,,,,,,,,,,,,,,,,,,,,,,,,,,,,,,,,,,,,,"63c77c3c-1ec2-4f06-9f6e-99edf6acfc9b","ca39b04e-bc3b-4280-a153-605804d2f62f","00000000-0000-0000-0000-000000000001","2020-10-16T14:45:30.052Z","AOI-552b9630-b106-4fe7-a1fa-97d04a0010ef",SecurityEvent,
"552b9630-b106-4fe7-a1fa-97d04a0010ef","2020-10-16T14:45:28.833Z",OpsManager,,,"ADSAPPVP-010.stjoe.org","Microsoft-Windows-Security-Auditing",Security,14337,8,"<EventData xmlns=""http://schemas.microsoft.com/win/2004/08/events/event"">
  <Data Name=""TargetUserName"">CMXPNTVT-001$@STJOE.ORG</Data>
  <Data Name=""TargetDomainName"">STJOE.ORG</Data>
  <Data Name=""ServiceName"">CMXPNTVT-001$</Data>
  <Data Name=""ServiceSid"">S-1-5-21-798254582-200106796-1537874043-418161</Data>
  <Data Name=""TicketOptions"">0x40810000</Data>
  <Data Name=""TicketEncryptionType"">0x12</Data>
  <Data Name=""IpAddress"">::ffff:10.250.111.66</Data>
  <Data Name=""IpPort"">55584</Data>
  <Data Name=""Status"">0x0</Data>
  <Data Name=""LogonGuid"">{0790FA4F-185A-82E9-C8C6-F1177864D4AF}</Data>
  <Data Name=""TransmittedServices"">-</Data>
</EventData>",4769,"4769 - A Kerberos service ticket was requested.",,,,,,,,,,,,,,,,,,null,null,,,,null,,,,,,,,,,,,,,,,,,,,,,,,,,,,null,,,,,,,,,,,,,,,,,,,,null,,,,,,,,,,,null,,,,,,,,,,,,,,,,,,,,,,,,,,,,,,,,,,,,,,,,,,,,,,,,,,,,,,,,,,,,,,,,,,,,,,,,,,,null,,,,,,,,,,,,,,,,,,,,,,,,,,,,,,,,,,,,,,,,,,,,,,,,,"63c77c3c-1ec2-4f06-9f6e-99edf6acfc9b","b7af7aaf-171f-4a48-999e-7688736c20e1","00000000-0000-0000-0000-000000000001","2020-10-16T14:45:30.052Z","AOI-552b9630-b106-4fe7-a1fa-97d04a0010ef",SecurityEvent,
"552b9630-b106-4fe7-a1fa-97d04a0010ef","2020-10-16T14:45:28.833Z",OpsManager,"SJHS-NT\ONCENTRA-PC$",Machine,"ADSAPPVP-010.stjoe.org","Microsoft-Windows-Security-Auditing",Security,12544,8,,4624,"4624 - An account was successfully logged on.",,,,,,,,,,,,,,,,,,null,null,Kerberos,,,null,,,,,,,,,,,,,,,,,,,,,,,,,,,,null,,,,,,,,,,,,,,,,"%%1833",,"10.156.240.47",56153,0,"-",,,,,,"f0304110-546a-751a-a21f-62a0975e6010",,,Kerberos,3,"3 - Network",,,,,,,,,,,,,,,,,,,,,,,,,,,,,,,,,,,,,,,,,,,,,,,,,"-",0x0,"-",,,,,,,,,,,,,,,,,,,,,,,null,,,,,,,"-\-",,,,"-",,0x0,,,"-","S-1-0-0",,,"SJHS-NT\ONCENTRA-PC$","SJHS-NT",,,,0x36ad200e7,,,,,,"ONCENTRA-PC$","S-1-5-21-798254582-200106796-1537874043-652989",,,,,,,,"-",,,,,,,,"-","63c77c3c-1ec2-4f06-9f6e-99edf6acfc9b","6e63f888-3bb4-4dea-b22b-cd4d1250331b","00000000-0000-0000-0000-000000000001","2020-10-16T14:45:30.052Z","AOI-552b9630-b106-4fe7-a1fa-97d04a0010ef",SecurityEvent,
"552b9630-b106-4fe7-a1fa-97d04a0010ef","2020-10-16T14:45:28.863Z",OpsManager,"SJHS-NT\SJO-CM-BFLGYR1$",Machine,"ADSAPPVP-010.stjoe.org","Microsoft-Windows-Security-Auditing",Security,12544,8,,4624,"4624 - An account was successfully logged on.",,,,,,,,,,,,,,,,,,null,null,Kerberos,,,null,,,,,,,,,,,,,,,,,,,,,,,,,,,,null,,,,,,,,,,,,,,,,"%%1833",,"156.72.8.227",55914,0,"-",,,,,,"523be745-31a9-cc8b-8d11-9816a8a0e59e",,,Kerberos,3,"3 - Network",,,,,,,,,,,,,,,,,,,,,,,,,,,,,,,,,,,,,,,,,,,,,,,,,"-",0x0,"-",,,,,,,,,,,,,,,,,,,,,,,null,,,,,,,"-\-",,,,"-",,0x0,,,"-","S-1-0-0",,,"SJHS-NT\SJO-CM-BFLGYR1$","SJHS-NT",,,,0x36ad20107,,,,,,"SJO-CM-BFLGYR1$","S-1-5-21-798254582-200106796-1537874043-704673",,,,,,,,"-",,,,,,,,"-","63c77c3c-1ec2-4f06-9f6e-99edf6acfc9b","3218f0d3-1594-4308-be9a-b1cdd919ee89","00000000-0000-0000-0000-000000000001","2020-10-16T14:45:30.052Z","AOI-552b9630-b106-4fe7-a1fa-97d04a0010ef",SecurityEvent,
"552b9630-b106-4fe7-a1fa-97d04a0010ef","2020-10-16T14:45:28.863Z",OpsManager,,,"ADSAPPVP-010.stjoe.org","Microsoft-Windows-Security-Auditing",Security,14337,8,"<EventData xmlns=""http://schemas.microsoft.com/win/2004/08/events/event"">
  <Data Name=""TargetUserName"">FLORESJ17@AD.PROVIDENCE.ORG</Data>
  <Data Name=""TargetDomainName"">AD.PROVIDENCE.ORG</Data>
  <Data Name=""ServiceName"">CTXXML6A015-VP$</Data>
  <Data Name=""ServiceSid"">S-1-5-21-798254582-200106796-1537874043-716468</Data>
  <Data Name=""TicketOptions"">0x40810000</Data>
  <Data Name=""TicketEncryptionType"">0x12</Data>
  <Data Name=""IpAddress"">::ffff:10.249.3.140</Data>
  <Data Name=""IpPort"">52239</Data>
  <Data Name=""Status"">0x0</Data>
  <Data Name=""LogonGuid"">{6A165F41-1155-DA92-3900-75373190E0FE}</Data>
  <Data Name=""TransmittedServices"">-</Data>
</EventData>",4769,"4769 - A Kerberos service ticket was requested.",,,,,,,,,,,,,,,,,,null,null,,,,null,,,,,,,,,,,,,,,,,,,,,,,,,,,,null,,,,,,,,,,,,,,,,,,,,null,,,,,,,,,,,null,,,,,,,,,,,,,,,,,,,,,,,,,,,,,,,,,,,,,,,,,,,,,,,,,,,,,,,,,,,,,,,,,,,,,,,,,,,null,,,,,,,,,,,,,,,,,,,,,,,,,,,,,,,,,,,,,,,,,,,,,,,,,"63c77c3c-1ec2-4f06-9f6e-99edf6acfc9b","f6e9294d-1ac5-424b-a236-3201f862ef77","00000000-0000-0000-0000-000000000001","2020-10-16T14:45:30.052Z","AOI-552b9630-b106-4fe7-a1fa-97d04a0010ef",SecurityEvent,
"552b9630-b106-4fe7-a1fa-97d04a0010ef","2020-10-16T14:45:28.88Z",OpsManager,"SJHS-NT\NCDT023847$",Machine,"ADSAPPVP-010.stjoe.org","Microsoft-Windows-Security-Auditing",Security,12544,8,,4624,"4624 - An account was successfully logged on.",,,,,,,,,,,,,,,,,,null,null,Kerberos,,,null,,,,,,,,,,,,,,,,,,,,,,,,,,,,null,,,,,,,,,,,,,,,,"%%1833",,"10.156.6.29",52147,0,"-",,,,,,"52bc45ee-3499-45a0-8629-70bf9bf2b9dc",,,Kerberos,3,"3 - Network",,,,,,,,,,,,,,,,,,,,,,,,,,,,,,,,,,,,,,,,,,,,,,,,,"-",0x0,"-",,,,,,,,,,,,,,,,,,,,,,,null,,,,,,,"-\-",,,,"-",,0x0,,,"-","S-1-0-0",,,"SJHS-NT\NCDT023847$","SJHS-NT",,,,0x36ad2011b,,,,,,"NCDT023847$","S-1-5-21-798254582-200106796-1537874043-746354",,,,,,,,"-",,,,,,,,"-","63c77c3c-1ec2-4f06-9f6e-99edf6acfc9b","3b6b2163-a10d-413b-93b8-f4309439042d","00000000-0000-0000-0000-000000000001","2020-10-16T14:45:30.052Z","AOI-552b9630-b106-4fe7-a1fa-97d04a0010ef",SecurityEvent,
"552b9630-b106-4fe7-a1fa-97d04a0010ef","2020-10-16T14:45:28.88Z",OpsManager,"SJHS-NT\SJO-CM-BFLGYR1$",Machine,"ADSAPPVP-010.stjoe.org","Microsoft-Windows-Security-Auditing",Security,12545,8,,4634,"4634 - An account was logged off.",,,,,,,,,,,,,,,,,,null,null,,,,null,,,,,,,,,,,,,,,,,,,,,,,,,,,,null,,,,,,,,,,,,,,,,,,,,null,,,,,,,,,,,3,"3 - Network",,,,,,,,,,,,,,,,,,,,,,,,,,,,,,,,,,,,,,,,,,,,,,,,,,,,,,,,,,,,,,,,,,,,,,,,,,null,,,,,,,,,,,,,,,,,,,,"SJHS-NT\SJO-CM-BFLGYR1$","SJHS-NT",,,,0x36ad20076,,,,,,"SJO-CM-BFLGYR1$","S-1-5-21-798254582-200106796-1537874043-704673",,,,,,,,,,,,,,,,,"63c77c3c-1ec2-4f06-9f6e-99edf6acfc9b","59d5f0ff-6d07-4f02-ac1c-eb504fd18c23","00000000-0000-0000-0000-000000000001","2020-10-16T14:45:30.052Z","AOI-552b9630-b106-4fe7-a1fa-97d04a0010ef",SecurityEvent,
"552b9630-b106-4fe7-a1fa-97d04a0010ef","2020-10-16T14:45:28.88Z",OpsManager,"SJHS-NT\SJO-CM-BFLGYR1$",Machine,"ADSAPPVP-010.stjoe.org","Microsoft-Windows-Security-Auditing",Security,12545,8,,4634,"4634 - An account was logged off.",,,,,,,,,,,,,,,,,,null,null,,,,null,,,,,,,,,,,,,,,,,,,,,,,,,,,,null,,,,,,,,,,,,,,,,,,,,null,,,,,,,,,,,3,"3 - Network",,,,,,,,,,,,,,,,,,,,,,,,,,,,,,,,,,,,,,,,,,,,,,,,,,,,,,,,,,,,,,,,,,,,,,,,,,null,,,,,,,,,,,,,,,,,,,,"SJHS-NT\SJO-CM-BFLGYR1$","SJHS-NT",,,,0x36ad1a856,,,,,,"SJO-CM-BFLGYR1$","S-1-5-21-798254582-200106796-1537874043-704673",,,,,,,,,,,,,,,,,"63c77c3c-1ec2-4f06-9f6e-99edf6acfc9b","f7779381-b221-46bc-80e2-c59a73794cf1","00000000-0000-0000-0000-000000000001","2020-10-16T14:45:30.052Z","AOI-552b9630-b106-4fe7-a1fa-97d04a0010ef",SecurityEvent,
"552b9630-b106-4fe7-a1fa-97d04a0010ef","2020-10-16T14:45:28.897Z",OpsManager,"SJHS-NT\SJO-CM-BFLGYR1$",Machine,"ADSAPPVP-010.stjoe.org","Microsoft-Windows-Security-Auditing",Security,12545,8,,4634,"4634 - An account was logged off.",,,,,,,,,,,,,,,,,,null,null,,,,null,,,,,,,,,,,,,,,,,,,,,,,,,,,,null,,,,,,,,,,,,,,,,,,,,null,,,,,,,,,,,3,"3 - Network",,,,,,,,,,,,,,,,,,,,,,,,,,,,,,,,,,,,,,,,,,,,,,,,,,,,,,,,,,,,,,,,,,,,,,,,,,null,,,,,,,,,,,,,,,,,,,,"SJHS-NT\SJO-CM-BFLGYR1$","SJHS-NT",,,,0x36ad1aaa6,,,,,,"SJO-CM-BFLGYR1$","S-1-5-21-798254582-200106796-1537874043-704673",,,,,,,,,,,,,,,,,"63c77c3c-1ec2-4f06-9f6e-99edf6acfc9b","d39e3568-5f49-4029-af01-325bc196751e","00000000-0000-0000-0000-000000000001","2020-10-16T14:45:30.052Z","AOI-552b9630-b106-4fe7-a1fa-97d04a0010ef",SecurityEvent,
"552b9630-b106-4fe7-a1fa-97d04a0010ef","2020-10-16T14:45:28.897Z",OpsManager,"SJHS-NT\SJO-CM-BFLGYR1$",Machine,"ADSAPPVP-010.stjoe.org","Microsoft-Windows-Security-Auditing",Security,12545,8,,4634,"4634 - An account was logged off.",,,,,,,,,,,,,,,,,,null,null,,,,null,,,,,,,,,,,,,,,,,,,,,,,,,,,,null,,,,,,,,,,,,,,,,,,,,null,,,,,,,,,,,3,"3 - Network",,,,,,,,,,,,,,,,,,,,,,,,,,,,,,,,,,,,,,,,,,,,,,,,,,,,,,,,,,,,,,,,,,,,,,,,,,null,,,,,,,,,,,,,,,,,,,,"SJHS-NT\SJO-CM-BFLGYR1$","SJHS-NT",,,,0x36ad1baf7,,,,,,"SJO-CM-BFLGYR1$","S-1-5-21-798254582-200106796-1537874043-704673",,,,,,,,,,,,,,,,,"63c77c3c-1ec2-4f06-9f6e-99edf6acfc9b","ce9a5939-d42d-4674-a6fd-b8f8b320b3b5","00000000-0000-0000-0000-000000000001","2020-10-16T14:45:30.052Z","AOI-552b9630-b106-4fe7-a1fa-97d04a0010ef",SecurityEvent,
"552b9630-b106-4fe7-a1fa-97d04a0010ef","2020-10-16T14:45:28.897Z",OpsManager,"SJHS-NT\SJO-CM-BFLGYR1$",Machine,"ADSAPPVP-010.stjoe.org","Microsoft-Windows-Security-Auditing",Security,12545,8,,4634,"4634 - An account was logged off.",,,,,,,,,,,,,,,,,,null,null,,,,null,,,,,,,,,,,,,,,,,,,,,,,,,,,,null,,,,,,,,,,,,,,,,,,,,null,,,,,,,,,,,3,"3 - Network",,,,,,,,,,,,,,,,,,,,,,,,,,,,,,,,,,,,,,,,,,,,,,,,,,,,,,,,,,,,,,,,,,,,,,,,,,null,,,,,,,,,,,,,,,,,,,,"SJHS-NT\SJO-CM-BFLGYR1$","SJHS-NT",,,,0x36ad1c628,,,,,,"SJO-CM-BFLGYR1$","S-1-5-21-798254582-200106796-1537874043-704673",,,,,,,,,,,,,,,,,"63c77c3c-1ec2-4f06-9f6e-99edf6acfc9b","d2dfd9bc-735b-4ee3-a68c-090f40f679b8","00000000-0000-0000-0000-000000000001","2020-10-16T14:45:30.052Z","AOI-552b9630-b106-4fe7-a1fa-97d04a0010ef",SecurityEvent,
"552b9630-b106-4fe7-a1fa-97d04a0010ef","2020-10-16T14:45:28.897Z",OpsManager,"SJHS-NT\SJO-CM-BFLGYR1$",Machine,"ADSAPPVP-010.stjoe.org","Microsoft-Windows-Security-Auditing",Security,12545,8,,4634,"4634 - An account was logged off.",,,,,,,,,,,,,,,,,,null,null,,,,null,,,,,,,,,,,,,,,,,,,,,,,,,,,,null,,,,,,,,,,,,,,,,,,,,null,,,,,,,,,,,3,"3 - Network",,,,,,,,,,,,,,,,,,,,,,,,,,,,,,,,,,,,,,,,,,,,,,,,,,,,,,,,,,,,,,,,,,,,,,,,,,null,,,,,,,,,,,,,,,,,,,,"SJHS-NT\SJO-CM-BFLGYR1$","SJHS-NT",,,,0x36ad1dc49,,,,,,"SJO-CM-BFLGYR1$","S-1-5-21-798254582-200106796-1537874043-704673",,,,,,,,,,,,,,,,,"63c77c3c-1ec2-4f06-9f6e-99edf6acfc9b","de3cbec1-7cac-4349-97c2-e021e73f84bc","00000000-0000-0000-0000-000000000001","2020-10-16T14:45:30.052Z","AOI-552b9630-b106-4fe7-a1fa-97d04a0010ef",SecurityEvent,
"552b9630-b106-4fe7-a1fa-97d04a0010ef","2020-10-16T14:45:28.897Z",OpsManager,"SJHS-NT\SJO-CM-BFLGYR1$",Machine,"ADSAPPVP-010.stjoe.org","Microsoft-Windows-Security-Auditing",Security,12545,8,,4634,"4634 - An account was logged off.",,,,,,,,,,,,,,,,,,null,null,,,,null,,,,,,,,,,,,,,,,,,,,,,,,,,,,null,,,,,,,,,,,,,,,,,,,,null,,,,,,,,,,,3,"3 - Network",,,,,,,,,,,,,,,,,,,,,,,,,,,,,,,,,,,,,,,,,,,,,,,,,,,,,,,,,,,,,,,,,,,,,,,,,,null,,,,,,,,,,,,,,,,,,,,"SJHS-NT\SJO-CM-BFLGYR1$","SJHS-NT",,,,0x36ad1e0c9,,,,,,"SJO-CM-BFLGYR1$","S-1-5-21-798254582-200106796-1537874043-704673",,,,,,,,,,,,,,,,,"63c77c3c-1ec2-4f06-9f6e-99edf6acfc9b","be3d22e2-245b-4ef8-9cad-b4c493d782ce","00000000-0000-0000-0000-000000000001","2020-10-16T14:45:30.052Z","AOI-552b9630-b106-4fe7-a1fa-97d04a0010ef",SecurityEvent,
"552b9630-b106-4fe7-a1fa-97d04a0010ef","2020-10-16T14:45:28.897Z",OpsManager,"SJHS-NT\SJO-CM-BFLGYR1$",Machine,"ADSAPPVP-010.stjoe.org","Microsoft-Windows-Security-Auditing",Security,12545,8,,4634,"4634 - An account was logged off.",,,,,,,,,,,,,,,,,,null,null,,,,null,,,,,,,,,,,,,,,,,,,,,,,,,,,,null,,,,,,,,,,,,,,,,,,,,null,,,,,,,,,,,3,"3 - Network",,,,,,,,,,,,,,,,,,,,,,,,,,,,,,,,,,,,,,,,,,,,,,,,,,,,,,,,,,,,,,,,,,,,,,,,,,null,,,,,,,,,,,,,,,,,,,,"SJHS-NT\SJO-CM-BFLGYR1$","SJHS-NT",,,,0x36ad20107,,,,,,"SJO-CM-BFLGYR1$","S-1-5-21-798254582-200106796-1537874043-704673",,,,,,,,,,,,,,,,,"63c77c3c-1ec2-4f06-9f6e-99edf6acfc9b","6680fe03-c805-4cf8-8c85-892c89d99bee","00000000-0000-0000-0000-000000000001","2020-10-16T14:45:30.052Z","AOI-552b9630-b106-4fe7-a1fa-97d04a0010ef",SecurityEvent,
"552b9630-b106-4fe7-a1fa-97d04a0010ef","2020-10-16T14:45:28.897Z",OpsManager,"SJHS-NT\CTXXAP6A965-VP$",Machine,"ADSAPPVP-010.stjoe.org","Microsoft-Windows-Security-Auditing",Security,12545,8,,4634,"4634 - An account was logged off.",,,,,,,,,,,,,,,,,,null,null,,,,null,,,,,,,,,,,,,,,,,,,,,,,,,,,,null,,,,,,,,,,,,,,,,,,,,null,,,,,,,,,,,3,"3 - Network",,,,,,,,,,,,,,,,,,,,,,,,,,,,,,,,,,,,,,,,,,,,,,,,,,,,,,,,,,,,,,,,,,,,,,,,,,null,,,,,,,,,,,,,,,,,,,,"SJHS-NT\CTXXAP6A965-VP$","SJHS-NT",,,,0x36ad097a0,,,,,,"CTXXAP6A965-VP$","S-1-5-21-798254582-200106796-1537874043-387918",,,,,,,,,,,,,,,,,"63c77c3c-1ec2-4f06-9f6e-99edf6acfc9b","08cdc45b-58aa-4475-8e88-2d1bad263c44","00000000-0000-0000-0000-000000000001","2020-10-16T14:45:30.052Z","AOI-552b9630-b106-4fe7-a1fa-97d04a0010ef",SecurityEvent,
"552b9630-b106-4fe7-a1fa-97d04a0010ef","2020-10-16T14:45:28.897Z",OpsManager,"SJHS-NT\SJO-CM-BFLGYR1$",Machine,"ADSAPPVP-010.stjoe.org","Microsoft-Windows-Security-Auditing",Security,12545,8,,4634,"4634 - An account was logged off.",,,,,,,,,,,,,,,,,,null,null,,,,null,,,,,,,,,,,,,,,,,,,,,,,,,,,,null,,,,,,,,,,,,,,,,,,,,null,,,,,,,,,,,3,"3 - Network",,,,,,,,,,,,,,,,,,,,,,,,,,,,,,,,,,,,,,,,,,,,,,,,,,,,,,,,,,,,,,,,,,,,,,,,,,null,,,,,,,,,,,,,,,,,,,,"SJHS-NT\SJO-CM-BFLGYR1$","SJHS-NT",,,,0x36ad1a992,,,,,,"SJO-CM-BFLGYR1$","S-1-5-21-798254582-200106796-1537874043-704673",,,,,,,,,,,,,,,,,"63c77c3c-1ec2-4f06-9f6e-99edf6acfc9b","4342c41c-a9e1-4b16-bb36-d20982361cf4","00000000-0000-0000-0000-000000000001","2020-10-16T14:45:30.052Z","AOI-552b9630-b106-4fe7-a1fa-97d04a0010ef",SecurityEvent,
"552b9630-b106-4fe7-a1fa-97d04a0010ef","2020-10-16T14:45:28.897Z",OpsManager,"SJHS-NT\SJO-CM-BFLGYR1$",Machine,"ADSAPPVP-010.stjoe.org","Microsoft-Windows-Security-Auditing",Security,12545,8,,4634,"4634 - An account was logged off.",,,,,,,,,,,,,,,,,,null,null,,,,null,,,,,,,,,,,,,,,,,,,,,,,,,,,,null,,,,,,,,,,,,,,,,,,,,null,,,,,,,,,,,3,"3 - Network",,,,,,,,,,,,,,,,,,,,,,,,,,,,,,,,,,,,,,,,,,,,,,,,,,,,,,,,,,,,,,,,,,,,,,,,,,null,,,,,,,,,,,,,,,,,,,,"SJHS-NT\SJO-CM-BFLGYR1$","SJHS-NT",,,,0x36ad1acf7,,,,,,"SJO-CM-BFLGYR1$","S-1-5-21-798254582-200106796-1537874043-704673",,,,,,,,,,,,,,,,,"63c77c3c-1ec2-4f06-9f6e-99edf6acfc9b","9a40fa6e-ee04-4a0e-99b3-5a7b20863745","00000000-0000-0000-0000-000000000001","2020-10-16T14:45:30.052Z","AOI-552b9630-b106-4fe7-a1fa-97d04a0010ef",SecurityEvent,
"552b9630-b106-4fe7-a1fa-97d04a0010ef","2020-10-16T14:45:28.897Z",OpsManager,"SJHS-NT\SJO-CM-BFLGYR1$",Machine,"ADSAPPVP-010.stjoe.org","Microsoft-Windows-Security-Auditing",Security,12545,8,,4634,"4634 - An account was logged off.",,,,,,,,,,,,,,,,,,null,null,,,,null,,,,,,,,,,,,,,,,,,,,,,,,,,,,null,,,,,,,,,,,,,,,,,,,,null,,,,,,,,,,,3,"3 - Network",,,,,,,,,,,,,,,,,,,,,,,,,,,,,,,,,,,,,,,,,,,,,,,,,,,,,,,,,,,,,,,,,,,,,,,,,,null,,,,,,,,,,,,,,,,,,,,"SJHS-NT\SJO-CM-BFLGYR1$","SJHS-NT",,,,0x36ad1ae7a,,,,,,"SJO-CM-BFLGYR1$","S-1-5-21-798254582-200106796-1537874043-704673",,,,,,,,,,,,,,,,,"63c77c3c-1ec2-4f06-9f6e-99edf6acfc9b","0d1b5536-6ea3-47f1-bcf5-4d3b0a59026c","00000000-0000-0000-0000-000000000001","2020-10-16T14:45:30.052Z","AOI-552b9630-b106-4fe7-a1fa-97d04a0010ef",SecurityEvent,
"552b9630-b106-4fe7-a1fa-97d04a0010ef","2020-10-16T14:45:28.897Z",OpsManager,"SJHS-NT\SJO-CM-BFLGYR1$",Machine,"ADSAPPVP-010.stjoe.org","Microsoft-Windows-Security-Auditing",Security,12545,8,,4634,"4634 - An account was logged off.",,,,,,,,,,,,,,,,,,null,null,,,,null,,,,,,,,,,,,,,,,,,,,,,,,,,,,null,,,,,,,,,,,,,,,,,,,,null,,,,,,,,,,,3,"3 - Network",,,,,,,,,,,,,,,,,,,,,,,,,,,,,,,,,,,,,,,,,,,,,,,,,,,,,,,,,,,,,,,,,,,,,,,,,,null,,,,,,,,,,,,,,,,,,,,"SJHS-NT\SJO-CM-BFLGYR1$","SJHS-NT",,,,0x36ad1b2a6,,,,,,"SJO-CM-BFLGYR1$","S-1-5-21-798254582-200106796-1537874043-704673",,,,,,,,,,,,,,,,,"63c77c3c-1ec2-4f06-9f6e-99edf6acfc9b","e547ca72-69b4-4463-bbce-b3d2d410dabc","00000000-0000-0000-0000-000000000001","2020-10-16T14:45:30.052Z","AOI-552b9630-b106-4fe7-a1fa-97d04a0010ef",SecurityEvent,
"552b9630-b106-4fe7-a1fa-97d04a0010ef","2020-10-16T14:45:28.91Z",OpsManager,"SJHS-NT\SJO-CM-BFLGYR1$",Machine,"ADSAPPVP-010.stjoe.org","Microsoft-Windows-Security-Auditing",Security,12544,8,,4624,"4624 - An account was successfully logged on.",,,,,,,,,,,,,,,,,,null,null,Kerberos,,,null,,,,,,,,,,,,,,,,,,,,,,,,,,,,null,,,,,,,,,,,,,,,,"%%1833",,"156.72.8.227",55915,0,"-",,,,,,"523be745-31a9-cc8b-8d11-9816a8a0e59e",,,Kerberos,3,"3 - Network",,,,,,,,,,,,,,,,,,,,,,,,,,,,,,,,,,,,,,,,,,,,,,,,,"-",0x0,"-",,,,,,,,,,,,,,,,,,,,,,,null,,,,,,,"-\-",,,,"-",,0x0,,,"-","S-1-0-0",,,"SJHS-NT\SJO-CM-BFLGYR1$","SJHS-NT",,,,0x36ad2026e,,,,,,"SJO-CM-BFLGYR1$","S-1-5-21-798254582-200106796-1537874043-704673",,,,,,,,"-",,,,,,,,"-","63c77c3c-1ec2-4f06-9f6e-99edf6acfc9b","b549097b-4159-483b-9b08-1a0ae3faf1a8","00000000-0000-0000-0000-000000000001","2020-10-16T14:45:30.052Z","AOI-552b9630-b106-4fe7-a1fa-97d04a0010ef",SecurityEvent,
"552b9630-b106-4fe7-a1fa-97d04a0010ef","2020-10-16T14:45:28.91Z",OpsManager,"SJHS-NT\SJO-ED-58RHFQ1$",Machine,"ADSAPPVP-010.stjoe.org","Microsoft-Windows-Security-Auditing",Security,12544,8,,4624,"4624 - An account was successfully logged on.",,,,,,,,,,,,,,,,,,null,null,Kerberos,,,null,,,,,,,,,,,,,,,,,,,,,,,,,,,,null,,,,,,,,,,,,,,,,"%%1833",,"10.193.149.134",61531,0,"-",,,,,,"654a775e-4a16-0ac2-89de-af29d8f971f3",,,Kerberos,3,"3 - Network",,,,,,,,,,,,,,,,,,,,,,,,,,,,,,,,,,,,,,,,,,,,,,,,,"-",0x0,"-",,,,,,,,,,,,,,,,,,,,,,,null,,,,,,,"-\-",,,,"-",,0x0,,,"-","S-1-0-0",,,"SJHS-NT\SJO-ED-58RHFQ1$","SJHS-NT",,,,0x36ad2020c,,,,,,"SJO-ED-58RHFQ1$","S-1-5-21-798254582-200106796-1537874043-346580",,,,,,,,"-",,,,,,,,"-","63c77c3c-1ec2-4f06-9f6e-99edf6acfc9b","4e60434c-b765-422a-9788-74801bf382f1","00000000-0000-0000-0000-000000000001","2020-10-16T14:45:30.052Z","AOI-552b9630-b106-4fe7-a1fa-97d04a0010ef",SecurityEvent,
"552b9630-b106-4fe7-a1fa-97d04a0010ef","2020-10-16T14:45:28.91Z",OpsManager,,,"ADSAPPVP-010.stjoe.org","Microsoft-Windows-Security-Auditing",Security,14337,16,"<EventData xmlns=""http://schemas.microsoft.com/win/2004/08/events/event"">
  <Data Name=""TargetUserName"">VHIAPP001-VP$@STJOE.ORG</Data>
  <Data Name=""TargetDomainName"">STJOE.ORG</Data>
  <Data Name=""ServiceName"">dod2</Data>
  <Data Name=""ServiceSid"">S-1-0-0</Data>
  <Data Name=""TicketOptions"">0x40810000</Data>
  <Data Name=""TicketEncryptionType"">0xffffffff</Data>
  <Data Name=""IpAddress"">::ffff:10.250.119.134</Data>
  <Data Name=""IpPort"">61886</Data>
  <Data Name=""Status"">0x1b</Data>
  <Data Name=""LogonGuid"">{00000000-0000-0000-0000-000000000000}</Data>
  <Data Name=""TransmittedServices"">-</Data>
</EventData>",4769,"4769 - A Kerberos service ticket was requested.",,,,,,,,,,,,,,,,,,null,null,,,,null,,,,,,,,,,,,,,,,,,,,,,,,,,,,null,,,,,,,,,,,,,,,,,,,,null,,,,,,,,,,,null,,,,,,,,,,,,,,,,,,,,,,,,,,,,,,,,,,,,,,,,,,,,,,,,,,,,,,,,,,,,,,,,,,,,,,,,,,,null,,,,,,,,,,,,,,,,,,,,,,,,,,,,,,,,,,,,,,,,,,,,,,,,,"63c77c3c-1ec2-4f06-9f6e-99edf6acfc9b","44a720b0-fb16-469a-9603-dd1da30a7606","00000000-0000-0000-0000-000000000001","2020-10-16T14:45:30.052Z","AOI-552b9630-b106-4fe7-a1fa-97d04a0010ef",SecurityEvent,
"552b9630-b106-4fe7-a1fa-97d04a0010ef","2020-10-16T14:45:28.927Z",OpsManager,,,"ADSAPPVP-010.stjoe.org","Microsoft-Windows-Security-Auditing",Security,14337,8,"<EventData xmlns=""http://schemas.microsoft.com/win/2004/08/events/event"">
  <Data Name=""TargetUserName"">VHIAPP001-VP$@STJOE.ORG</Data>
  <Data Name=""TargetDomainName"">STJOE.ORG</Data>
  <Data Name=""ServiceName"">DOD2</Data>
  <Data Name=""ServiceSid"">S-1-5-21-798254582-200106796-1537874043-289776</Data>
  <Data Name=""TicketOptions"">0x40810008</Data>
  <Data Name=""TicketEncryptionType"">0x12</Data>
  <Data Name=""IpAddress"">::ffff:10.250.119.134</Data>
  <Data Name=""IpPort"">61887</Data>
  <Data Name=""Status"">0x0</Data>
  <Data Name=""LogonGuid"">{73AA3D1F-3947-FBE7-5B3B-C2E827D0F144}</Data>
  <Data Name=""TransmittedServices"">-</Data>
</EventData>",4769,"4769 - A Kerberos service ticket was requested.",,,,,,,,,,,,,,,,,,null,null,,,,null,,,,,,,,,,,,,,,,,,,,,,,,,,,,null,,,,,,,,,,,,,,,,,,,,null,,,,,,,,,,,null,,,,,,,,,,,,,,,,,,,,,,,,,,,,,,,,,,,,,,,,,,,,,,,,,,,,,,,,,,,,,,,,,,,,,,,,,,,null,,,,,,,,,,,,,,,,,,,,,,,,,,,,,,,,,,,,,,,,,,,,,,,,,"63c77c3c-1ec2-4f06-9f6e-99edf6acfc9b","f2ec5b3b-2018-4d32-870b-d88505abaacd","00000000-0000-0000-0000-000000000001","2020-10-16T14:45:30.052Z","AOI-552b9630-b106-4fe7-a1fa-97d04a0010ef",SecurityEvent,
"552b9630-b106-4fe7-a1fa-97d04a0010ef","2020-10-16T14:45:28.927Z",OpsManager,"SJHS-NT\ONCENTRA-PC$",Machine,"ADSAPPVP-010.stjoe.org","Microsoft-Windows-Security-Auditing",Security,12544,8,,4624,"4624 - An account was successfully logged on.",,,,,,,,,,,,,,,,,,null,null,Kerberos,,,null,,,,,,,,,,,,,,,,,,,,,,,,,,,,null,,,,,,,,,,,,,,,,"%%1833",,"10.156.240.47",56156,0,"-",,,,,,"f0304110-546a-751a-a21f-62a0975e6010",,,Kerberos,3,"3 - Network",,,,,,,,,,,,,,,,,,,,,,,,,,,,,,,,,,,,,,,,,,,,,,,,,"-",0x0,"-",,,,,,,,,,,,,,,,,,,,,,,null,,,,,,,"-\-",,,,"-",,0x0,,,"-","S-1-0-0",,,"SJHS-NT\ONCENTRA-PC$","SJHS-NT",,,,0x36ad2031d,,,,,,"ONCENTRA-PC$","S-1-5-21-798254582-200106796-1537874043-652989",,,,,,,,"-",,,,,,,,"-","63c77c3c-1ec2-4f06-9f6e-99edf6acfc9b","f3415d2e-1588-4be3-84da-5c1d20a4cbe6","00000000-0000-0000-0000-000000000001","2020-10-16T14:45:30.052Z","AOI-552b9630-b106-4fe7-a1fa-97d04a0010ef",SecurityEvent,
"552b9630-b106-4fe7-a1fa-97d04a0010ef","2020-10-16T14:45:28.943Z",OpsManager,,,"ADSAPPVP-010.stjoe.org","Microsoft-Windows-Security-Auditing",Security,14339,8,"<EventData xmlns=""http://schemas.microsoft.com/win/2004/08/events/event"">
  <Data Name=""TargetUserName"">NARVAIZS1</Data>
  <Data Name=""TargetDomainName"">SJHS-NT</Data>
  <Data Name=""TargetSid"">S-1-5-21-798254582-200106796-1537874043-414969</Data>
  <Data Name=""ServiceName"">krbtgt</Data>
  <Data Name=""ServiceSid"">S-1-5-21-798254582-200106796-1537874043-502</Data>
  <Data Name=""TicketOptions"">0x40810010</Data>
  <Data Name=""Status"">0x0</Data>
  <Data Name=""TicketEncryptionType"">0x12</Data>
  <Data Name=""PreAuthType"">2</Data>
  <Data Name=""IpAddress"">::ffff:10.184.11.139</Data>
  <Data Name=""IpPort"">60061</Data>
  <Data Name=""CertIssuerName""></Data>
  <Data Name=""CertSerialNumber""></Data>
  <Data Name=""CertThumbprint""></Data>
</EventData>",4768,"4768 - A Kerberos authentication ticket (TGT) was requested.",,,,,,,,,,,,,,,,,,null,null,,,,null,,,,,,,,,,,,,,,,,,,,,,,,,,,,null,,,,,,,,,,,,,,,,,,"::ffff:10.184.11.139",60061,null,,,,,,,,,,,null,,,,,,,,,,,,,,,,,,,,,,,,,,,,,,,,,,,,,,,,,,,,,,,,,,,,,,,,,,,,,,,,,,,,,,,,,,krbtgt,null,,,,,,0x0,,,,,,,,,,,,,,"SJHS-NT\NARVAIZS1","SJHS-NT",,,,,,,,"S-1-5-21-798254582-200106796-1537874043-414969",,NARVAIZS1,,,,,,,,,,,,,,,,,,"63c77c3c-1ec2-4f06-9f6e-99edf6acfc9b","88115aaa-efa1-46a1-91b6-c1923667ac77","00000000-0000-0000-0000-000000000001","2020-10-16T14:45:30.052Z","AOI-552b9630-b106-4fe7-a1fa-97d04a0010ef",SecurityEvent,
"552b9630-b106-4fe7-a1fa-97d04a0010ef","2020-10-16T14:45:28.943Z",OpsManager,,,"ADSAPPVP-010.stjoe.org","Microsoft-Windows-Security-Auditing",Security,14337,8,"<EventData xmlns=""http://schemas.microsoft.com/win/2004/08/events/event"">
  <Data Name=""TargetUserName"">NARVAIZS1@STJOE.ORG</Data>
  <Data Name=""TargetDomainName"">STJOE.ORG</Data>
  <Data Name=""ServiceName"">AD.PROVIDENCE.ORG</Data>
  <Data Name=""ServiceSid"">S-1-5-21-798254582-200106796-1537874043-0</Data>
  <Data Name=""TicketOptions"">0x40810000</Data>
  <Data Name=""TicketEncryptionType"">0x12</Data>
  <Data Name=""IpAddress"">::ffff:10.184.11.139</Data>
  <Data Name=""IpPort"">60062</Data>
  <Data Name=""Status"">0x0</Data>
  <Data Name=""LogonGuid"">{2E2427AD-A8C7-8092-BC9B-41FCF642BB5E}</Data>
  <Data Name=""TransmittedServices"">-</Data>
</EventData>",4769,"4769 - A Kerberos service ticket was requested.",,,,,,,,,,,,,,,,,,null,null,,,,null,,,,,,,,,,,,,,,,,,,,,,,,,,,,null,,,,,,,,,,,,,,,,,,,,null,,,,,,,,,,,null,,,,,,,,,,,,,,,,,,,,,,,,,,,,,,,,,,,,,,,,,,,,,,,,,,,,,,,,,,,,,,,,,,,,,,,,,,,null,,,,,,,,,,,,,,,,,,,,,,,,,,,,,,,,,,,,,,,,,,,,,,,,,"63c77c3c-1ec2-4f06-9f6e-99edf6acfc9b","083a694b-0cc4-4a05-8e2c-f162f0017d62","00000000-0000-0000-0000-000000000001","2020-10-16T14:45:30.052Z","AOI-552b9630-b106-4fe7-a1fa-97d04a0010ef",SecurityEvent,
"552b9630-b106-4fe7-a1fa-97d04a0010ef","2020-10-16T14:45:28.943Z",OpsManager,,,"ADSAPPVP-010.stjoe.org","Microsoft-Windows-Security-Auditing",Security,14336,8,"<EventData xmlns=""http://schemas.microsoft.com/win/2004/08/events/event"">
  <Data Name=""PackageName"">MICROSOFT_AUTHENTICATION_PACKAGE_V1_0</Data>
  <Data Name=""TargetUserName"">SRM-DPT-6DZFGB2$</Data>
  <Data Name=""Workstation"">SRM-DPT-6DZFGB2</Data>
  <Data Name=""Status"">0x0</Data>
</EventData>",4776,"4776 - The domain controller attempted to validate the credentials for an account.",,,,,,,,,,,,,,,,,,null,null,,,,null,,,,,,,,,,,,,,,,,,,,,,,,,,,,null,,,,,,,,,,,,,,,,,,,,null,,,,,,,,,,,null,,,,,,,,,,,,,,,,,,,,,,,,,,,,,,,,,,,,,,,,"MICROSOFT_AUTHENTICATION_PACKAGE_V1_0",,,,,,,,,,,,,,,,,,,,,,,,,,,,,,,,,,,null,,,,,,0x0,,,,,,,,,,,,,,"SRM-DPT-6DZFGB2$",,,,,,,,,,,"SRM-DPT-6DZFGB2$",,,,,,,,,,,,,,,,"SRM-DPT-6DZFGB2",,"63c77c3c-1ec2-4f06-9f6e-99edf6acfc9b","2fb73ef4-5b35-42ec-ad5e-e54467e4952d","00000000-0000-0000-0000-000000000001","2020-10-16T14:45:30.052Z","AOI-552b9630-b106-4fe7-a1fa-97d04a0010ef",SecurityEvent,
"552b9630-b106-4fe7-a1fa-97d04a0010ef","2020-10-16T14:45:28.943Z",OpsManager,"SJHS-NT\SRM-DPT-6DZFGB2$",Machine,"ADSAPPVP-010.stjoe.org","Microsoft-Windows-Security-Auditing",Security,12544,8,,4624,"4624 - An account was successfully logged on.",,,,,,,,,,,,,,,,,,null,null,NTLM,,,null,,,,,,,,,,,,,,,,,,,,,,,,,,,,null,,,,,,,,,,,,,,,,"%%1833",,"10.156.163.122",49788,128,"NTLM V1",,,,,,"00000000-0000-0000-0000-000000000000",,,"NtLmSsp ",3,"3 - Network",,,,,,,,,,,,,,,,,,,,,,,,,,,,,,,,,,,,,,,,,,,,,,,,,"-",0x0,"-",,,,,,,,,,,,,,,,,,,,,,,null,,,,,,,"-\-",,,,"-",,0x0,,,"-","S-1-0-0",,,"SJHS-NT\SRM-DPT-6DZFGB2$","SJHS-NT",,,,0x36ad203ca,,,,,,"SRM-DPT-6DZFGB2$","S-1-5-21-798254582-200106796-1537874043-391349",,,,,,,,"-",,,,,,,,"SRM-DPT-6DZFGB2","63c77c3c-1ec2-4f06-9f6e-99edf6acfc9b","71b01541-eae4-4894-98b5-7e0236cc6ff8","00000000-0000-0000-0000-000000000001","2020-10-16T14:45:30.052Z","AOI-552b9630-b106-4fe7-a1fa-97d04a0010ef",SecurityEvent,
"552b9630-b106-4fe7-a1fa-97d04a0010ef","2020-10-16T14:45:28.96Z",OpsManager,"SJHS-NT\ONCENTRA-PC$",Machine,"ADSAPPVP-010.stjoe.org","Microsoft-Windows-Security-Auditing",Security,12545,8,,4634,"4634 - An account was logged off.",,,,,,,,,,,,,,,,,,null,null,,,,null,,,,,,,,,,,,,,,,,,,,,,,,,,,,null,,,,,,,,,,,,,,,,,,,,null,,,,,,,,,,,3,"3 - Network",,,,,,,,,,,,,,,,,,,,,,,,,,,,,,,,,,,,,,,,,,,,,,,,,,,,,,,,,,,,,,,,,,,,,,,,,,null,,,,,,,,,,,,,,,,,,,,"SJHS-NT\ONCENTRA-PC$","SJHS-NT",,,,0x36ad200e7,,,,,,"ONCENTRA-PC$","S-1-5-21-798254582-200106796-1537874043-652989",,,,,,,,,,,,,,,,,"63c77c3c-1ec2-4f06-9f6e-99edf6acfc9b","203cc008-2413-4e30-8c42-4df5c5505713","00000000-0000-0000-0000-000000000001","2020-10-16T14:45:30.052Z","AOI-552b9630-b106-4fe7-a1fa-97d04a0010ef",SecurityEvent,
"552b9630-b106-4fe7-a1fa-97d04a0010ef","2020-10-16T14:45:28.973Z",OpsManager,"SJHS-NT\KELLYM4",User,"ADSAPPVP-010.stjoe.org","Microsoft-Windows-Security-Auditing",Security,12545,8,,4634,"4634 - An account was logged off.",,,,,,,,,,,,,,,,,,null,null,,,,null,,,,,,,,,,,,,,,,,,,,,,,,,,,,null,,,,,,,,,,,,,,,,,,,,null,,,,,,,,,,,3,"3 - Network",,,,,,,,,,,,,,,,,,,,,,,,,,,,,,,,,,,,,,,,,,,,,,,,,,,,,,,,,,,,,,,,,,,,,,,,,,null,,,,,,,,,,,,,,,,,,,,"SJHS-NT\KELLYM4","SJHS-NT",,,,0x36a971e4d,,,,,,KELLYM4,"S-1-5-21-798254582-200106796-1537874043-389700",,,,,,,,,,,,,,,,,"63c77c3c-1ec2-4f06-9f6e-99edf6acfc9b","8c0be0da-6e1c-46fd-a9bc-0c75b746c7c7","00000000-0000-0000-0000-000000000001","2020-10-16T14:45:30.052Z","AOI-552b9630-b106-4fe7-a1fa-97d04a0010ef",SecurityEvent,
"552b9630-b106-4fe7-a1fa-97d04a0010ef","2020-10-16T14:45:28.973Z",OpsManager,"SJHS-NT\LABRADORC1",User,"ADSAPPVP-010.stjoe.org","Microsoft-Windows-Security-Auditing",Security,12545,8,,4634,"4634 - An account was logged off.",,,,,,,,,,,,,,,,,,null,null,,,,null,,,,,,,,,,,,,,,,,,,,,,,,,,,,null,,,,,,,,,,,,,,,,,,,,null,,,,,,,,,,,3,"3 - Network",,,,,,,,,,,,,,,,,,,,,,,,,,,,,,,,,,,,,,,,,,,,,,,,,,,,,,,,,,,,,,,,,,,,,,,,,,null,,,,,,,,,,,,,,,,,,,,"SJHS-NT\LABRADORC1","SJHS-NT",,,,0x36a976a5f,,,,,,LABRADORC1,"S-1-5-21-798254582-200106796-1537874043-644566",,,,,,,,,,,,,,,,,"63c77c3c-1ec2-4f06-9f6e-99edf6acfc9b","19fb6297-08fb-4991-b5e9-c97be7d2d33a","00000000-0000-0000-0000-000000000001","2020-10-16T14:45:30.052Z","AOI-552b9630-b106-4fe7-a1fa-97d04a0010ef",SecurityEvent,
"552b9630-b106-4fe7-a1fa-97d04a0010ef","2020-10-16T14:45:28.99Z",OpsManager,"SJHS-NT\FLSPNT002-VP$",Machine,"ADSAPPVP-010.stjoe.org","Microsoft-Windows-Security-Auditing",Security,12545,8,,4634,"4634 - An account was logged off.",,,,,,,,,,,,,,,,,,null,null,,,,null,,,,,,,,,,,,,,,,,,,,,,,,,,,,null,,,,,,,,,,,,,,,,,,,,null,,,,,,,,,,,3,"3 - Network",,,,,,,,,,,,,,,,,,,,,,,,,,,,,,,,,,,,,,,,,,,,,,,,,,,,,,,,,,,,,,,,,,,,,,,,,,null,,,,,,,,,,,,,,,,,,,,"SJHS-NT\FLSPNT002-VP$","SJHS-NT",,,,0x36a975024,,,,,,"FLSPNT002-VP$","S-1-5-21-798254582-200106796-1537874043-284137",,,,,,,,,,,,,,,,,"63c77c3c-1ec2-4f06-9f6e-99edf6acfc9b","02eb3e59-c3d6-4ca0-8b36-2ec7070decbe","00000000-0000-0000-0000-000000000001","2020-10-16T14:45:30.052Z","AOI-552b9630-b106-4fe7-a1fa-97d04a0010ef",SecurityEvent,
"552b9630-b106-4fe7-a1fa-97d04a0010ef","2020-10-16T14:45:28.99Z",OpsManager,"SJHS-NT\MHR-3EA-CPRDK13$",Machine,"ADSAPPVP-010.stjoe.org","Microsoft-Windows-Security-Auditing",Security,12545,8,,4634,"4634 - An account was logged off.",,,,,,,,,,,,,,,,,,null,null,,,,null,,,,,,,,,,,,,,,,,,,,,,,,,,,,null,,,,,,,,,,,,,,,,,,,,null,,,,,,,,,,,3,"3 - Network",,,,,,,,,,,,,,,,,,,,,,,,,,,,,,,,,,,,,,,,,,,,,,,,,,,,,,,,,,,,,,,,,,,,,,,,,,null,,,,,,,,,,,,,,,,,,,,"SJHS-NT\MHR-3EA-CPRDK13$","SJHS-NT",,,,0x36a95900a,,,,,,"MHR-3EA-CPRDK13$","S-1-5-21-798254582-200106796-1537874043-753164",,,,,,,,,,,,,,,,,"63c77c3c-1ec2-4f06-9f6e-99edf6acfc9b","c1b8d178-b3bc-41ed-851a-b7c8f6a80276","00000000-0000-0000-0000-000000000001","2020-10-16T14:45:30.052Z","AOI-552b9630-b106-4fe7-a1fa-97d04a0010ef",SecurityEvent,
"552b9630-b106-4fe7-a1fa-97d04a0010ef","2020-10-16T14:45:28.99Z",OpsManager,"SJHS-NT\SJO-CM-BFLGYR1$",Machine,"ADSAPPVP-010.stjoe.org","Microsoft-Windows-Security-Auditing",Security,12544,8,,4624,"4624 - An account was successfully logged on.",,,,,,,,,,,,,,,,,,null,null,Kerberos,,,null,,,,,,,,,,,,,,,,,,,,,,,,,,,,null,,,,,,,,,,,,,,,,"%%1833",,"156.72.8.227",55916,0,"-",,,,,,"523be745-31a9-cc8b-8d11-9816a8a0e59e",,,Kerberos,3,"3 - Network",,,,,,,,,,,,,,,,,,,,,,,,,,,,,,,,,,,,,,,,,,,,,,,,,"-",0x0,"-",,,,,,,,,,,,,,,,,,,,,,,null,,,,,,,"-\-",,,,"-",,0x0,,,"-","S-1-0-0",,,"SJHS-NT\SJO-CM-BFLGYR1$","SJHS-NT",,,,0x36ad206c6,,,,,,"SJO-CM-BFLGYR1$","S-1-5-21-798254582-200106796-1537874043-704673",,,,,,,,"-",,,,,,,,"-","63c77c3c-1ec2-4f06-9f6e-99edf6acfc9b","a8b11db2-e15d-469c-8cb5-2fd9109a26fa","00000000-0000-0000-0000-000000000001","2020-10-16T14:45:30.052Z","AOI-552b9630-b106-4fe7-a1fa-97d04a0010ef",SecurityEvent,
"552b9630-b106-4fe7-a1fa-97d04a0010ef","2020-10-16T14:45:28.99Z",OpsManager,,,"ADSAPPVP-010.stjoe.org","Microsoft-Windows-Security-Auditing",Security,14337,8,"<EventData xmlns=""http://schemas.microsoft.com/win/2004/08/events/event"">
  <Data Name=""TargetUserName"">svc_ADPReader@AD.PROVIDENCE.ORG</Data>
  <Data Name=""TargetDomainName"">AD.PROVIDENCE.ORG</Data>
  <Data Name=""ServiceName"">CTXXDTC5052-VP$</Data>
  <Data Name=""ServiceSid"">S-1-5-21-798254582-200106796-1537874043-353391</Data>
  <Data Name=""TicketOptions"">0x40810000</Data>
  <Data Name=""TicketEncryptionType"">0x12</Data>
  <Data Name=""IpAddress"">::1</Data>
  <Data Name=""IpPort"">0</Data>
  <Data Name=""Status"">0x0</Data>
  <Data Name=""LogonGuid"">{8D4C224D-7D01-B958-A975-52A185CB345C}</Data>
  <Data Name=""TransmittedServices"">-</Data>
</EventData>",4769,"4769 - A Kerberos service ticket was requested.",,,,,,,,,,,,,,,,,,null,null,,,,null,,,,,,,,,,,,,,,,,,,,,,,,,,,,null,,,,,,,,,,,,,,,,,,,,null,,,,,,,,,,,null,,,,,,,,,,,,,,,,,,,,,,,,,,,,,,,,,,,,,,,,,,,,,,,,,,,,,,,,,,,,,,,,,,,,,,,,,,,null,,,,,,,,,,,,,,,,,,,,,,,,,,,,,,,,,,,,,,,,,,,,,,,,,"63c77c3c-1ec2-4f06-9f6e-99edf6acfc9b","4970a8ad-aa29-412a-8ad1-b668ca06672e","00000000-0000-0000-0000-000000000001","2020-10-16T14:45:30.052Z","AOI-552b9630-b106-4fe7-a1fa-97d04a0010ef",SecurityEvent,
"552b9630-b106-4fe7-a1fa-97d04a0010ef","2020-10-16T14:45:28.99Z",OpsManager,"NT AUTHORITY\LOCAL SERVICE",Machine,"ADSAPPVP-010.stjoe.org","Microsoft-Windows-Security-Auditing",Security,12544,8,,4648,"4648 - A logon was attempted using explicit credentials.",,,,,,,,,,,,,,,,,,null,null,,,,null,,,,,,,,,,,,,,,,,,,,,,,,,,,,null,,,,,,,,,,,,,,,,,,"-","-",null,,,,,,,"00000000-0000-0000-0000-000000000000",,,,null,,,,,,,,,,,,,,,,,,,,,,,,,,,,,,,,,,,,,,,,,,,,,,,,,,,0x4,,,,,,,,,,,,,,,,,,,,,,,,null,,,,,,,"NT AUTHORITY\LOCAL SERVICE",,,,"NT AUTHORITY",,0x36a692e1b,,,"LOCAL SERVICE","S-1-5-19",,,"AD.PROVIDENCE.ORG\svc_ADPReader","AD.PROVIDENCE.ORG","cifs/CTXXDTC5052-VP.stjoe.org",,"6bd3197a-7cc2-fef2-7686-b4f53aded0dd",,,,"CTXXDTC5052-VP.stjoe.org",,,"svc_ADPReader",,,,,,,,,,,,,,,,,,"63c77c3c-1ec2-4f06-9f6e-99edf6acfc9b","6e62246e-3b7a-40bc-8bc4-09b74418584d","00000000-0000-0000-0000-000000000001","2020-10-16T14:45:30.052Z","AOI-552b9630-b106-4fe7-a1fa-97d04a0010ef",SecurityEvent,
"552b9630-b106-4fe7-a1fa-97d04a0010ef","2020-10-16T14:45:29.007Z",OpsManager,"SJHS-NT\SJO-CM-BFLGYR1$",Machine,"ADSAPPVP-010.stjoe.org","Microsoft-Windows-Security-Auditing",Security,12545,8,,4634,"4634 - An account was logged off.",,,,,,,,,,,,,,,,,,null,null,,,,null,,,,,,,,,,,,,,,,,,,,,,,,,,,,null,,,,,,,,,,,,,,,,,,,,null,,,,,,,,,,,3,"3 - Network",,,,,,,,,,,,,,,,,,,,,,,,,,,,,,,,,,,,,,,,,,,,,,,,,,,,,,,,,,,,,,,,,,,,,,,,,,null,,,,,,,,,,,,,,,,,,,,"SJHS-NT\SJO-CM-BFLGYR1$","SJHS-NT",,,,0x36ad2026e,,,,,,"SJO-CM-BFLGYR1$","S-1-5-21-798254582-200106796-1537874043-704673",,,,,,,,,,,,,,,,,"63c77c3c-1ec2-4f06-9f6e-99edf6acfc9b","5fe4408b-1356-459a-a660-ba89c210f6a5","00000000-0000-0000-0000-000000000001","2020-10-16T14:45:30.052Z","AOI-552b9630-b106-4fe7-a1fa-97d04a0010ef",SecurityEvent,
"552b9630-b106-4fe7-a1fa-97d04a0010ef","2020-10-16T14:45:26.993Z",OpsManager,,,"WN73201.ad.providence.org","Microsoft-Windows-Security-Auditing",Security,14339,8,"<EventData xmlns=""http://schemas.microsoft.com/win/2004/08/events/event"">
  <Data Name=""TargetUserName"">FLORESJ17</Data>
  <Data Name=""TargetDomainName"">AD</Data>
  <Data Name=""TargetSid"">S-1-5-21-1078081533-725345543-682003330-339756</Data>
  <Data Name=""ServiceName"">krbtgt</Data>
  <Data Name=""ServiceSid"">S-1-5-21-1078081533-725345543-682003330-502</Data>
  <Data Name=""TicketOptions"">0x40810010</Data>
  <Data Name=""Status"">0x0</Data>
  <Data Name=""TicketEncryptionType"">0x12</Data>
  <Data Name=""PreAuthType"">2</Data>
  <Data Name=""IpAddress"">::ffff:10.249.3.53</Data>
  <Data Name=""IpPort"">64696</Data>
  <Data Name=""CertIssuerName""></Data>
  <Data Name=""CertSerialNumber""></Data>
  <Data Name=""CertThumbprint""></Data>
</EventData>",4768,"4768 - A Kerberos authentication ticket (TGT) was requested.",,,,,,,,,,,,,,,,,,null,null,,,,null,,,,,,,,,,,,,,,,,,,,,,,,,,,,null,,,,,,,,,,,,,,,,,,"::ffff:10.249.3.53",64696,null,,,,,,,,,,,null,,,,,,,,,,,,,,,,,,,,,,,,,,,,,,,,,,,,,,,,,,,,,,,,,,,,,,,,,,,,,,,,,,,,,,,,,,krbtgt,null,,,,,,0x0,,,,,,,,,,,,,,"AD\FLORESJ17",AD,,,,,,,,"S-1-5-21-1078081533-725345543-682003330-339756",,FLORESJ17,,,,,,,,,,,,,,,,,,"e9823817-3e12-441f-aa9e-07379874d8fd","2c4c3f5c-c176-49d3-b5ba-778cb0a4f869","00000000-0000-0000-0000-000000000001","2020-10-16T14:45:28.279Z","AOI-552b9630-b106-4fe7-a1fa-97d04a0010ef",SecurityEvent,
"552b9630-b106-4fe7-a1fa-97d04a0010ef","2020-10-16T14:45:27.01Z",OpsManager,"AD\XDLVS1170789$",Machine,"WN73201.ad.providence.org","Microsoft-Windows-Security-Auditing",Security,12544,8,,4624,"4624 - An account was successfully logged on.",,,,,,,,,,,,,,,,,,null,null,Kerberos,,,null,,,,,,,,,,,,,,,,,,,,,,,,,,,,null,,,,,,,,,,,,,,,,"%%1833",,"10.184.0.98",63162,0,"-",,,,,,"1d21289e-48f5-a5e8-0af0-472666642aa3",,,Kerberos,3,"3 - Network",,,,,,,,,,,,,,,,,,,,,,,,,,,,,,,,,,,,,,,,,,,,,,,,,"-",0x0,"-",,,,,,,,,,,,,,,,,,,,,,,null,,,,,,,"-\-",,,,"-",,0x0,,,"-","S-1-0-0",,,"AD\XDLVS1170789$",AD,,,,0x45cf079dd,,,,,,"XDLVS1170789$","S-1-5-21-1078081533-725345543-682003330-498271",,,,,,,,"-",,,,,,,,"-","e9823817-3e12-441f-aa9e-07379874d8fd","4dee2c4a-463f-4874-bd64-e207756fc1b0","00000000-0000-0000-0000-000000000001","2020-10-16T14:45:28.279Z","AOI-552b9630-b106-4fe7-a1fa-97d04a0010ef",SecurityEvent,
"552b9630-b106-4fe7-a1fa-97d04a0010ef","2020-10-16T14:45:27.01Z",OpsManager,"AD\COZINEK1",User,"WN73201.ad.providence.org","Microsoft-Windows-Security-Auditing",Security,12545,8,,4634,"4634 - An account was logged off.",,,,,,,,,,,,,,,,,,null,null,,,,null,,,,,,,,,,,,,,,,,,,,,,,,,,,,null,,,,,,,,,,,,,,,,,,,,null,,,,,,,,,,,3,"3 - Network",,,,,,,,,,,,,,,,,,,,,,,,,,,,,,,,,,,,,,,,,,,,,,,,,,,,,,,,,,,,,,,,,,,,,,,,,,null,,,,,,,,,,,,,,,,,,,,"AD\COZINEK1",AD,,,,0x45cf077e2,,,,,,COZINEK1,"S-1-5-21-1078081533-725345543-682003330-483232",,,,,,,,,,,,,,,,,"e9823817-3e12-441f-aa9e-07379874d8fd","39c93ad0-b787-436a-8407-e5b3d18e8556","00000000-0000-0000-0000-000000000001","2020-10-16T14:45:28.279Z","AOI-552b9630-b106-4fe7-a1fa-97d04a0010ef",SecurityEvent,
"552b9630-b106-4fe7-a1fa-97d04a0010ef","2020-10-16T14:45:27.01Z",OpsManager,"AD\XDLVS1170789$",Machine,"WN73201.ad.providence.org","Microsoft-Windows-Security-Auditing",Security,12545,8,,4634,"4634 - An account was logged off.",,,,,,,,,,,,,,,,,,null,null,,,,null,,,,,,,,,,,,,,,,,,,,,,,,,,,,null,,,,,,,,,,,,,,,,,,,,null,,,,,,,,,,,3,"3 - Network",,,,,,,,,,,,,,,,,,,,,,,,,,,,,,,,,,,,,,,,,,,,,,,,,,,,,,,,,,,,,,,,,,,,,,,,,,null,,,,,,,,,,,,,,,,,,,,"AD\XDLVS1170789$",AD,,,,0x45cf079dd,,,,,,"XDLVS1170789$","S-1-5-21-1078081533-725345543-682003330-498271",,,,,,,,,,,,,,,,,"e9823817-3e12-441f-aa9e-07379874d8fd","63e160ae-3a0a-466a-9da7-6f84d981dd77","00000000-0000-0000-0000-000000000001","2020-10-16T14:45:28.279Z","AOI-552b9630-b106-4fe7-a1fa-97d04a0010ef",SecurityEvent,
"552b9630-b106-4fe7-a1fa-97d04a0010ef","2020-10-16T14:45:27.01Z",OpsManager,"AD\XDLVS1471136$",Machine,"WN73201.ad.providence.org","Microsoft-Windows-Security-Auditing",Security,12544,8,,4624,"4624 - An account was successfully logged on.",,,,,,,,,,,,,,,,,,null,null,Kerberos,,,null,,,,,,,,,,,,,,,,,,,,,,,,,,,,null,,,,,,,,,,,,,,,,"%%1833",,"10.184.21.247",63348,0,"-",,,,,,"32685948-47e7-a8e1-8a05-503e775b95bb",,,Kerberos,3,"3 - Network",,,,,,,,,,,,,,,,,,,,,,,,,,,,,,,,,,,,,,,,,,,,,,,,,"-",0x0,"-",,,,,,,,,,,,,,,,,,,,,,,null,,,,,,,"-\-",,,,"-",,0x0,,,"-","S-1-0-0",,,"AD\XDLVS1471136$",AD,,,,0x45cf07a01,,,,,,"XDLVS1471136$","S-1-5-21-1078081533-725345543-682003330-546913",,,,,,,,"-",,,,,,,,"-","e9823817-3e12-441f-aa9e-07379874d8fd","2c63ac18-ad4f-457f-ac76-751b3e5e8fd7","00000000-0000-0000-0000-000000000001","2020-10-16T14:45:28.279Z","AOI-552b9630-b106-4fe7-a1fa-97d04a0010ef",SecurityEvent,
"552b9630-b106-4fe7-a1fa-97d04a0010ef","2020-10-16T14:45:27.023Z",OpsManager,"AD\MAJ4",User,"WN73201.ad.providence.org","Microsoft-Windows-Security-Auditing",Security,12544,8,,4624,"4624 - An account was successfully logged on.",,,,,,,,,,,,,,,,,,null,null,Kerberos,,,null,,,,,,,,,,,,,,,,,,,,,,,,,,,,null,,,,,,,,,,,,,,,,"%%1833",,"10.250.228.127",49942,0,"-",,,,,,"a7ced93a-4df6-4748-fc6e-554814c31372",,,Kerberos,3,"3 - Network",,,,,,,,,,,,,,,,,,,,,,,,,,,,,,,,,,,,,,,,,,,,,,,,,"-",0x0,"-",,,,,,,,,,,,,,,,,,,,,,,null,,,,,,,"-\-",,,,"-",,0x0,,,"-","S-1-0-0",,,"AD\MAJ4",AD,,,,0x45cf079bc,,,,,,MAJ4,"S-1-5-21-1078081533-725345543-682003330-355128",,,,,,,,"-",,,,,,,,"-","e9823817-3e12-441f-aa9e-07379874d8fd","9ebfca79-e5e1-439d-92e9-e6966998195a","00000000-0000-0000-0000-000000000001","2020-10-16T14:45:28.279Z","AOI-552b9630-b106-4fe7-a1fa-97d04a0010ef",SecurityEvent,
"552b9630-b106-4fe7-a1fa-97d04a0010ef","2020-10-16T14:45:27.023Z",OpsManager,,,"WN73201.ad.providence.org","Microsoft-Windows-Security-Auditing",Security,12544,16,"<EventData xmlns=""http://schemas.microsoft.com/win/2004/08/events/event"">
  <Data Name=""TargetUserSid"">S-1-5-21-798254582-200106796-1537874043-40329</Data>
  <Data Name=""TargetUserName"">-</Data>
  <Data Name=""TargetDomainName"">-</Data>
  <Data Name=""TdoDirection"">2</Data>
  <Data Name=""TdoAttributes"">8</Data>
  <Data Name=""TdoType"">2</Data>
  <Data Name=""TdoSid"">S-1-5-21-798254582-200106796-1537874043</Data>
  <Data Name=""SidList""> 		%{S-1-5-21-379607110-125704906-1236795852-513} 		%{S-1-5-21-379607110-125704906-1236795852-2925} 		%{S-1-5-21-379607110-125704906-1236795852-3738} 		%{S-1-5-21-422978413-2066309399-315576832-513} 		%{S-1-5-21-251936714-831723214-1236795852-3046} 		%{S-1-5-21-2108236516-1752636093-1691288566-1550}</Data>
</EventData>",4675,"4675 - SIDs were filtered.",,,,,,,,,,,,,,,,,,null,null,,,,null,,,,,,,,,,,,,,,,,,,,,,,,,,,,null,,,,,,,,,,,,,,,,,,,,null,,,,,,,,,,,null,,,,,,,,,,,,,,,,,,,,,,,,,,,,,,,,,,,,,,,,,,,,,,,,,,,,,,,,,,,,,,,,,,,,,,,,,,,null,,,,,,,,,,,,,,,,,,,,"-\-","-",,,,,,,,,,"-","S-1-5-21-798254582-200106796-1537874043-40329",,,,,,,,,,,,,,,,,"e9823817-3e12-441f-aa9e-07379874d8fd","a919900e-844e-4919-bc96-defd4e226b31","00000000-0000-0000-0000-000000000001","2020-10-16T14:45:28.279Z","AOI-552b9630-b106-4fe7-a1fa-97d04a0010ef",SecurityEvent,
"552b9630-b106-4fe7-a1fa-97d04a0010ef","2020-10-16T14:45:27.023Z",OpsManager,"AD\XDLVS1471136$",Machine,"WN73201.ad.providence.org","Microsoft-Windows-Security-Auditing",Security,12544,8,,4624,"4624 - An account was successfully logged on.",,,,,,,,,,,,,,,,,,null,null,Kerberos,,,null,,,,,,,,,,,,,,,,,,,,,,,,,,,,null,,,,,,,,,,,,,,,,"%%1833",,"10.184.21.247",63349,0,"-",,,,,,"32685948-47e7-a8e1-8a05-503e775b95bb",,,Kerberos,3,"3 - Network",,,,,,,,,,,,,,,,,,,,,,,,,,,,,,,,,,,,,,,,,,,,,,,,,"-",0x0,"-",,,,,,,,,,,,,,,,,,,,,,,null,,,,,,,"-\-",,,,"-",,0x0,,,"-","S-1-0-0",,,"AD\XDLVS1471136$",AD,,,,0x45cf07a92,,,,,,"XDLVS1471136$","S-1-5-21-1078081533-725345543-682003330-546913",,,,,,,,"-",,,,,,,,"-","e9823817-3e12-441f-aa9e-07379874d8fd","48d7ccb1-2795-4f56-8d69-3af5694db6e7","00000000-0000-0000-0000-000000000001","2020-10-16T14:45:28.279Z","AOI-552b9630-b106-4fe7-a1fa-97d04a0010ef",SecurityEvent,
"552b9630-b106-4fe7-a1fa-97d04a0010ef","2020-10-16T14:45:27.023Z",OpsManager,,,"WN73201.ad.providence.org","Microsoft-Windows-Security-Auditing",Security,12544,16,"<EventData xmlns=""http://schemas.microsoft.com/win/2004/08/events/event"">
  <Data Name=""TargetUserSid"">S-1-5-21-798254582-200106796-1537874043-659043</Data>
  <Data Name=""TargetUserName"">-</Data>
  <Data Name=""TargetDomainName"">-</Data>
  <Data Name=""TdoDirection"">2</Data>
  <Data Name=""TdoAttributes"">8</Data>
  <Data Name=""TdoType"">2</Data>
  <Data Name=""TdoSid"">S-1-5-21-798254582-200106796-1537874043</Data>
  <Data Name=""SidList""> 		%{S-1-5-21-2077830440-1524508046-10498456-512} 		%{S-1-5-21-379607110-125704906-1236795852-512} 		%{S-1-5-21-379607110-125704906-1236795852-513} 		%{S-1-5-21-422978413-2066309399-315576832-512} 		%{S-1-5-21-422978413-2066309399-315576832-513} 		%{S-1-5-21-1078081533-1844237615-1417001333-23299} 		%{S-1-5-21-1078081533-1844237615-1417001333-34836} 		%{S-1-5-21-1078081533-1844237615-1417001333-29206} 		%{S-1-5-21-1078081533-1844237615-1417001333-34868} 		%{S-1-5-21-1078081533-1844237615-1417001333-23875} 		%{S-1-5-21-1078081533-1844237615-1417001333-34752} 		%{S-1-5-21-1078081533-1844237615-1417001333-34787} 		%{S-1-5-21-970664977-1458773745-315576832-3078} 		%{S-1-5-21-422978413-2066309399-315576832-6693} 		%{S-1-5-21-251936714-831723214-1236795852-3298} 		%{S-1-5-21-1078081533-1844237615-1417001333-21015} 		%{S-1-5-21-1078081533-1844237615-1417001333-28628}</Data>
</EventData>",4675,"4675 - SIDs were filtered.",,,,,,,,,,,,,,,,,,null,null,,,,null,,,,,,,,,,,,,,,,,,,,,,,,,,,,null,,,,,,,,,,,,,,,,,,,,null,,,,,,,,,,,null,,,,,,,,,,,,,,,,,,,,,,,,,,,,,,,,,,,,,,,,,,,,,,,,,,,,,,,,,,,,,,,,,,,,,,,,,,,null,,,,,,,,,,,,,,,,,,,,"-\-","-",,,,,,,,,,"-","S-1-5-21-798254582-200106796-1537874043-659043",,,,,,,,,,,,,,,,,"e9823817-3e12-441f-aa9e-07379874d8fd","92975be1-1988-488d-aaa2-e6d5a38005b7","00000000-0000-0000-0000-000000000001","2020-10-16T14:45:28.279Z","AOI-552b9630-b106-4fe7-a1fa-97d04a0010ef",SecurityEvent,
"552b9630-b106-4fe7-a1fa-97d04a0010ef","2020-10-16T14:45:27.023Z",OpsManager,,,"WN73201.ad.providence.org","Microsoft-Windows-Security-Auditing",Security,14339,8,"<EventData xmlns=""http://schemas.microsoft.com/win/2004/08/events/event"">
  <Data Name=""TargetUserName"">FLORESJ17</Data>
  <Data Name=""TargetDomainName"">AD</Data>
  <Data Name=""TargetSid"">S-1-5-21-1078081533-725345543-682003330-339756</Data>
  <Data Name=""ServiceName"">krbtgt</Data>
  <Data Name=""ServiceSid"">S-1-5-21-1078081533-725345543-682003330-502</Data>
  <Data Name=""TicketOptions"">0x40810010</Data>
  <Data Name=""Status"">0x0</Data>
  <Data Name=""TicketEncryptionType"">0x12</Data>
  <Data Name=""PreAuthType"">2</Data>
  <Data Name=""IpAddress"">::ffff:10.249.3.53</Data>
  <Data Name=""IpPort"">64703</Data>
  <Data Name=""CertIssuerName""></Data>
  <Data Name=""CertSerialNumber""></Data>
  <Data Name=""CertThumbprint""></Data>
</EventData>",4768,"4768 - A Kerberos authentication ticket (TGT) was requested.",,,,,,,,,,,,,,,,,,null,null,,,,null,,,,,,,,,,,,,,,,,,,,,,,,,,,,null,,,,,,,,,,,,,,,,,,"::ffff:10.249.3.53",64703,null,,,,,,,,,,,null,,,,,,,,,,,,,,,,,,,,,,,,,,,,,,,,,,,,,,,,,,,,,,,,,,,,,,,,,,,,,,,,,,,,,,,,,,krbtgt,null,,,,,,0x0,,,,,,,,,,,,,,"AD\FLORESJ17",AD,,,,,,,,"S-1-5-21-1078081533-725345543-682003330-339756",,FLORESJ17,,,,,,,,,,,,,,,,,,"e9823817-3e12-441f-aa9e-07379874d8fd","18c4ea9a-f8d8-4db9-a8f5-061af04d2df0","00000000-0000-0000-0000-000000000001","2020-10-16T14:45:28.279Z","AOI-552b9630-b106-4fe7-a1fa-97d04a0010ef",SecurityEvent,
