"552b9630-b106-4fe7-a1fa-97d04a0010ef","2020-10-16T14:45:26.07Z",OpsManager,"SJHS-NT\SJF-DDR-3KC6JH2$",Machine,"ADSAPPPP-018.stjoe.org","Microsoft-Windows-Security-Auditing",Security,12544,8,,4624,"4624 - An account was successfully logged on.",,,,,,,,,,,,,,,,,,null,null,Kerberos,,,null,,,,,,,,,,,,,,,,,,,,,,,,,,,,null,,,,,,,,,,,,,,,,"%%1833",,"10.194.220.246",61956,0,"-",,,,,,"26c9d28d-7f27-9178-cda4-1594a980575f",,,Kerberos,3,"3 - Network",,,,,,,,,,,,,,,,,,,,,,,,,,,,,,,,,,,,,,,,,,,,,,,,,"-",0x0,"-",,,,,,,,,,,,,,,,,,,,,,,null,,,,,,,"-\-",,,,"-",,0x0,,,"-","S-1-0-0",,,"SJHS-NT\SJF-DDR-3KC6JH2$","SJHS-NT",,,,0x3b02baa92,,,,,,"SJF-DDR-3KC6JH2$","S-1-5-21-798254582-200106796-1537874043-563811",,,,,,,,"-",,,,,,,,"-","3d178505-6738-487b-8446-e606abdefd74","b9ca3d70-3055-4c2b-9daf-cb285107d9fc","00000000-0000-0000-0000-000000000001","2020-10-16T14:45:26.847Z","AOI-552b9630-b106-4fe7-a1fa-97d04a0010ef",SecurityEvent,
"552b9630-b106-4fe7-a1fa-97d04a0010ef","2020-10-16T14:45:26.07Z",OpsManager,,,"ADSAPPPP-018.stjoe.org","Microsoft-Windows-Security-Auditing",Security,14337,8,"<EventData xmlns=""http://schemas.microsoft.com/win/2004/08/events/event"">
  <Data Name=""TargetUserName"">LAFARGUEB1@STJOE.ORG</Data>
  <Data Name=""TargetDomainName"">STJOE.ORG</Data>
  <Data Name=""ServiceName"">AD.PROVIDENCE.ORG</Data>
  <Data Name=""ServiceSid"">S-1-5-21-798254582-200106796-1537874043-0</Data>
  <Data Name=""TicketOptions"">0x40810000</Data>
  <Data Name=""TicketEncryptionType"">0x12</Data>
  <Data Name=""IpAddress"">::ffff:10.249.3.65</Data>
  <Data Name=""IpPort"">57655</Data>
  <Data Name=""Status"">0x0</Data>
  <Data Name=""LogonGuid"">{7EEA8C2D-D0AF-47E3-12B5-CE9DE1317138}</Data>
  <Data Name=""TransmittedServices"">-</Data>
</EventData>",4769,"4769 - A Kerberos service ticket was requested.",,,,,,,,,,,,,,,,,,null,null,,,,null,,,,,,,,,,,,,,,,,,,,,,,,,,,,null,,,,,,,,,,,,,,,,,,,,null,,,,,,,,,,,null,,,,,,,,,,,,,,,,,,,,,,,,,,,,,,,,,,,,,,,,,,,,,,,,,,,,,,,,,,,,,,,,,,,,,,,,,,,null,,,,,,,,,,,,,,,,,,,,,,,,,,,,,,,,,,,,,,,,,,,,,,,,,"3d178505-6738-487b-8446-e606abdefd74","28687c63-5132-42ea-8e3c-6abf2af41ae7","00000000-0000-0000-0000-000000000001","2020-10-16T14:45:26.847Z","AOI-552b9630-b106-4fe7-a1fa-97d04a0010ef",SecurityEvent,
"552b9630-b106-4fe7-a1fa-97d04a0010ef","2020-10-16T14:45:26.07Z",OpsManager,"SJHS-NT\MCCLELLAD1",User,"ADSAPPPP-018.stjoe.org","Microsoft-Windows-Security-Auditing",Security,12545,8,,4634,"4634 - An account was logged off.",,,,,,,,,,,,,,,,,,null,null,,,,null,,,,,,,,,,,,,,,,,,,,,,,,,,,,null,,,,,,,,,,,,,,,,,,,,null,,,,,,,,,,,3,"3 - Network",,,,,,,,,,,,,,,,,,,,,,,,,,,,,,,,,,,,,,,,,,,,,,,,,,,,,,,,,,,,,,,,,,,,,,,,,,null,,,,,,,,,,,,,,,,,,,,"SJHS-NT\MCCLELLAD1","SJHS-NT",,,,0x3b02baa70,,,,,,MCCLELLAD1,"S-1-5-21-798254582-200106796-1537874043-419055",,,,,,,,,,,,,,,,,"3d178505-6738-487b-8446-e606abdefd74","1c8b5714-41ea-442e-b76a-3818bfe20052","00000000-0000-0000-0000-000000000001","2020-10-16T14:45:26.847Z","AOI-552b9630-b106-4fe7-a1fa-97d04a0010ef",SecurityEvent,
"552b9630-b106-4fe7-a1fa-97d04a0010ef","2020-10-16T14:45:26.07Z",OpsManager,,,"ADSAPPPP-018.stjoe.org","Microsoft-Windows-Security-Auditing",Security,14339,16,"<EventData xmlns=""http://schemas.microsoft.com/win/2004/08/events/event"">
  <Data Name=""TargetUserName"">SVC-AzureAD-Connect</Data>
  <Data Name=""TargetSid"">S-1-5-21-798254582-200106796-1537874043-370654</Data>
  <Data Name=""ServiceName"">krbtgt/SJHS-NT</Data>
  <Data Name=""TicketOptions"">0x40810010</Data>
  <Data Name=""Status"">0x18</Data>
  <Data Name=""PreAuthType"">2</Data>
  <Data Name=""IpAddress"">::ffff:10.248.128.25</Data>
  <Data Name=""IpPort"">54289</Data>
  <Data Name=""CertIssuerName""></Data>
  <Data Name=""CertSerialNumber""></Data>
  <Data Name=""CertThumbprint""></Data>
</EventData>",4771,"4771 - Kerberos pre-authentication failed.",,,,,,,,,,,,,,,,,,null,null,,,,null,,,,,,,,,,,,,,,,,,,,,,,,,,,,null,,,,,,,,,,,,,,,,,,"::ffff:10.248.128.25",54289,null,,,,,,,,,,,null,,,,,,,,,,,,,,,,,,,,,,,,,,,,,,,,,,,,,,,,,,,,,,,,,,,,,,,,,,,,,,,,,,,,,,,,,,"krbtgt/SJHS-NT",null,,,,,,0x18,,,,,,,,,,,,,,"SVC-AzureAD-Connect",,,,,,,,,"S-1-5-21-798254582-200106796-1537874043-370654",,"SVC-AzureAD-Connect",,,,,,,,,,,,,,,,,,"3d178505-6738-487b-8446-e606abdefd74","6f250bbf-6604-4903-beb9-651e5e326995","00000000-0000-0000-0000-000000000001","2020-10-16T14:45:26.847Z","AOI-552b9630-b106-4fe7-a1fa-97d04a0010ef",SecurityEvent,
"552b9630-b106-4fe7-a1fa-97d04a0010ef","2020-10-16T14:45:26.07Z",OpsManager,"SJHS-NT\SRM-RES-FYN23M2$",Machine,"ADSAPPPP-018.stjoe.org","Microsoft-Windows-Security-Auditing",Security,12544,8,,4624,"4624 - An account was successfully logged on.",,,,,,,,,,,,,,,,,,null,null,Kerberos,,,null,,,,,,,,,,,,,,,,,,,,,,,,,,,,null,,,,,,,,,,,,,,,,"%%1833",,"10.209.112.73",51746,0,"-",,,,,,"3e5358ba-9838-a345-5457-c6c3c871df90",,,Kerberos,3,"3 - Network",,,,,,,,,,,,,,,,,,,,,,,,,,,,,,,,,,,,,,,,,,,,,,,,,"-",0x0,"-",,,,,,,,,,,,,,,,,,,,,,,null,,,,,,,"-\-",,,,"-",,0x0,,,"-","S-1-0-0",,,"SJHS-NT\SRM-RES-FYN23M2$","SJHS-NT",,,,0x3b02baaba,,,,,,"SRM-RES-FYN23M2$","S-1-5-21-798254582-200106796-1537874043-553577",,,,,,,,"-",,,,,,,,"-","3d178505-6738-487b-8446-e606abdefd74","b77fb7d3-92b0-4e18-ac75-26a7ebac67aa","00000000-0000-0000-0000-000000000001","2020-10-16T14:45:26.847Z","AOI-552b9630-b106-4fe7-a1fa-97d04a0010ef",SecurityEvent,
"552b9630-b106-4fe7-a1fa-97d04a0010ef","2020-10-16T14:45:26.083Z",OpsManager,"SJHS-NT\SJF-N5B-F11RW12$",Machine,"ADSAPPPP-018.stjoe.org","Microsoft-Windows-Security-Auditing",Security,12545,8,,4634,"4634 - An account was logged off.",,,,,,,,,,,,,,,,,,null,null,,,,null,,,,,,,,,,,,,,,,,,,,,,,,,,,,null,,,,,,,,,,,,,,,,,,,,null,,,,,,,,,,,3,"3 - Network",,,,,,,,,,,,,,,,,,,,,,,,,,,,,,,,,,,,,,,,,,,,,,,,,,,,,,,,,,,,,,,,,,,,,,,,,,null,,,,,,,,,,,,,,,,,,,,"SJHS-NT\SJF-N5B-F11RW12$","SJHS-NT",,,,0x3b02ba9c5,,,,,,"SJF-N5B-F11RW12$","S-1-5-21-798254582-200106796-1537874043-316554",,,,,,,,,,,,,,,,,"3d178505-6738-487b-8446-e606abdefd74","3e6d2d06-6c73-4488-ab67-c9b0086272cb","00000000-0000-0000-0000-000000000001","2020-10-16T14:45:26.847Z","AOI-552b9630-b106-4fe7-a1fa-97d04a0010ef",SecurityEvent,
"552b9630-b106-4fe7-a1fa-97d04a0010ef","2020-10-16T14:45:26.083Z",OpsManager,"SJHS-NT\sje-main-nursing",User,"ADSAPPPP-018.stjoe.org","Microsoft-Windows-Security-Auditing",Security,12544,8,,4624,"4624 - An account was successfully logged on.",,,,,,,,,,,,,,,,,,null,null,Kerberos,,,null,,,,,,,,,,,,,,,,,,,,,,,,,,,,null,,,,,,,,,,,,,,,,"%%1833",,"10.210.12.220",55836,0,"-",,,,,,"a9a08aeb-36fa-79cd-8145-154ba7c247d1",,,Kerberos,3,"3 - Network",,,,,,,,,,,,,,,,,,,,,,,,,,,,,,,,,,,,,,,,,,,,,,,,,"-",0x0,"-",,,,,,,,,,,,,,,,,,,,,,,null,,,,,,,"-\-",,,,"-",,0x0,,,"-","S-1-0-0",,,"SJHS-NT\sje-main-nursing","SJHS-NT",,,,0x3b02baad3,,,,,,"sje-main-nursing","S-1-5-21-798254582-200106796-1537874043-273090",,,,,,,,"-",,,,,,,,"-","3d178505-6738-487b-8446-e606abdefd74","585bde9f-3ffa-4064-a927-75e3aa7c164a","00000000-0000-0000-0000-000000000001","2020-10-16T14:45:26.847Z","AOI-552b9630-b106-4fe7-a1fa-97d04a0010ef",SecurityEvent,
"552b9630-b106-4fe7-a1fa-97d04a0010ef","2020-10-16T14:45:26.083Z",OpsManager,"SJHS-NT\SJF-DDR-3KC6JH2$",Machine,"ADSAPPPP-018.stjoe.org","Microsoft-Windows-Security-Auditing",Security,12545,8,,4634,"4634 - An account was logged off.",,,,,,,,,,,,,,,,,,null,null,,,,null,,,,,,,,,,,,,,,,,,,,,,,,,,,,null,,,,,,,,,,,,,,,,,,,,null,,,,,,,,,,,3,"3 - Network",,,,,,,,,,,,,,,,,,,,,,,,,,,,,,,,,,,,,,,,,,,,,,,,,,,,,,,,,,,,,,,,,,,,,,,,,,null,,,,,,,,,,,,,,,,,,,,"SJHS-NT\SJF-DDR-3KC6JH2$","SJHS-NT",,,,0x3b02ba9e5,,,,,,"SJF-DDR-3KC6JH2$","S-1-5-21-798254582-200106796-1537874043-563811",,,,,,,,,,,,,,,,,"3d178505-6738-487b-8446-e606abdefd74","cb226268-c2db-4fb7-9a5a-9feecb533fd5","00000000-0000-0000-0000-000000000001","2020-10-16T14:45:26.847Z","AOI-552b9630-b106-4fe7-a1fa-97d04a0010ef",SecurityEvent,
"552b9630-b106-4fe7-a1fa-97d04a0010ef","2020-10-16T14:45:26.083Z",OpsManager,"SJHS-NT\SJF-DDR-3KC6JH2$",Machine,"ADSAPPPP-018.stjoe.org","Microsoft-Windows-Security-Auditing",Security,12545,8,,4634,"4634 - An account was logged off.",,,,,,,,,,,,,,,,,,null,null,,,,null,,,,,,,,,,,,,,,,,,,,,,,,,,,,null,,,,,,,,,,,,,,,,,,,,null,,,,,,,,,,,3,"3 - Network",,,,,,,,,,,,,,,,,,,,,,,,,,,,,,,,,,,,,,,,,,,,,,,,,,,,,,,,,,,,,,,,,,,,,,,,,,null,,,,,,,,,,,,,,,,,,,,"SJHS-NT\SJF-DDR-3KC6JH2$","SJHS-NT",,,,0x3b02baa92,,,,,,"SJF-DDR-3KC6JH2$","S-1-5-21-798254582-200106796-1537874043-563811",,,,,,,,,,,,,,,,,"3d178505-6738-487b-8446-e606abdefd74","e8ec02f4-bee5-4d75-91c0-7ef03d034338","00000000-0000-0000-0000-000000000001","2020-10-16T14:45:26.847Z","AOI-552b9630-b106-4fe7-a1fa-97d04a0010ef",SecurityEvent,
"552b9630-b106-4fe7-a1fa-97d04a0010ef","2020-10-16T14:45:26.1Z",OpsManager,"SJHS-NT\QVM-RT-G47PCS2$",Machine,"ADSAPPPP-018.stjoe.org","Microsoft-Windows-Security-Auditing",Security,12544,8,,4624,"4624 - An account was successfully logged on.",,,,,,,,,,,,,,,,,,null,null,Kerberos,,,null,,,,,,,,,,,,,,,,,,,,,,,,,,,,null,,,,,,,,,,,,,,,,"%%1833",,"10.208.113.94",49719,0,"-",,,,,,"b0c951f2-dc1e-b22b-7b97-b0a6c6c23ec2",,,Kerberos,3,"3 - Network",,,,,,,,,,,,,,,,,,,,,,,,,,,,,,,,,,,,,,,,,,,,,,,,,"-",0x0,"-",,,,,,,,,,,,,,,,,,,,,,,null,,,,,,,"-\-",,,,"-",,0x0,,,"-","S-1-0-0",,,"SJHS-NT\QVM-RT-G47PCS2$","SJHS-NT",,,,0x3b02baaf6,,,,,,"QVM-RT-G47PCS2$","S-1-5-21-798254582-200106796-1537874043-541628",,,,,,,,"-",,,,,,,,"-","3d178505-6738-487b-8446-e606abdefd74","a9a0e09b-7a36-4d11-b556-68f33a7a7b50","00000000-0000-0000-0000-000000000001","2020-10-16T14:45:26.847Z","AOI-552b9630-b106-4fe7-a1fa-97d04a0010ef",SecurityEvent,
"552b9630-b106-4fe7-a1fa-97d04a0010ef","2020-10-16T14:45:26.1Z",OpsManager,,,"ADSAPPPP-018.stjoe.org","Microsoft-Windows-Security-Auditing",Security,14339,16,"<EventData xmlns=""http://schemas.microsoft.com/win/2004/08/events/event"">
  <Data Name=""TargetUserName"">SVC-AzureAD-Connect</Data>
  <Data Name=""TargetSid"">S-1-5-21-798254582-200106796-1537874043-370654</Data>
  <Data Name=""ServiceName"">krbtgt/SJHS-NT</Data>
  <Data Name=""TicketOptions"">0x40810010</Data>
  <Data Name=""Status"">0x18</Data>
  <Data Name=""PreAuthType"">2</Data>
  <Data Name=""IpAddress"">::ffff:10.248.128.25</Data>
  <Data Name=""IpPort"">54291</Data>
  <Data Name=""CertIssuerName""></Data>
  <Data Name=""CertSerialNumber""></Data>
  <Data Name=""CertThumbprint""></Data>
</EventData>",4771,"4771 - Kerberos pre-authentication failed.",,,,,,,,,,,,,,,,,,null,null,,,,null,,,,,,,,,,,,,,,,,,,,,,,,,,,,null,,,,,,,,,,,,,,,,,,"::ffff:10.248.128.25",54291,null,,,,,,,,,,,null,,,,,,,,,,,,,,,,,,,,,,,,,,,,,,,,,,,,,,,,,,,,,,,,,,,,,,,,,,,,,,,,,,,,,,,,,,"krbtgt/SJHS-NT",null,,,,,,0x18,,,,,,,,,,,,,,"SVC-AzureAD-Connect",,,,,,,,,"S-1-5-21-798254582-200106796-1537874043-370654",,"SVC-AzureAD-Connect",,,,,,,,,,,,,,,,,,"3d178505-6738-487b-8446-e606abdefd74","5e6eee72-eb1d-4682-a97d-cf02fb8e6477","00000000-0000-0000-0000-000000000001","2020-10-16T14:45:26.847Z","AOI-552b9630-b106-4fe7-a1fa-97d04a0010ef",SecurityEvent,
"552b9630-b106-4fe7-a1fa-97d04a0010ef","2020-10-16T14:45:26.1Z",OpsManager,"SJHS-NT\SJF-N5B-F11RW12$",Machine,"ADSAPPPP-018.stjoe.org","Microsoft-Windows-Security-Auditing",Security,12544,8,,4624,"4624 - An account was successfully logged on.",,,,,,,,,,,,,,,,,,null,null,Kerberos,,,null,,,,,,,,,,,,,,,,,,,,,,,,,,,,null,,,,,,,,,,,,,,,,"%%1833",,"10.194.238.180",53382,0,"-",,,,,,"255f8912-72b0-ff22-6aac-7d462e169e2b",,,Kerberos,3,"3 - Network",,,,,,,,,,,,,,,,,,,,,,,,,,,,,,,,,,,,,,,,,,,,,,,,,"-",0x0,"-",,,,,,,,,,,,,,,,,,,,,,,null,,,,,,,"-\-",,,,"-",,0x0,,,"-","S-1-0-0",,,"SJHS-NT\SJF-N5B-F11RW12$","SJHS-NT",,,,0x3b02bab06,,,,,,"SJF-N5B-F11RW12$","S-1-5-21-798254582-200106796-1537874043-316554",,,,,,,,"-",,,,,,,,"-","3d178505-6738-487b-8446-e606abdefd74","a16e1055-cedb-4788-b3ba-0047dc44cc90","00000000-0000-0000-0000-000000000001","2020-10-16T14:45:26.847Z","AOI-552b9630-b106-4fe7-a1fa-97d04a0010ef",SecurityEvent,
"552b9630-b106-4fe7-a1fa-97d04a0010ef","2020-10-16T14:45:26.1Z",OpsManager,"SJHS-NT\mhr-main-or",User,"ADSAPPPP-018.stjoe.org","Microsoft-Windows-Security-Auditing",Security,12545,8,,4634,"4634 - An account was logged off.",,,,,,,,,,,,,,,,,,null,null,,,,null,,,,,,,,,,,,,,,,,,,,,,,,,,,,null,,,,,,,,,,,,,,,,,,,,null,,,,,,,,,,,3,"3 - Network",,,,,,,,,,,,,,,,,,,,,,,,,,,,,,,,,,,,,,,,,,,,,,,,,,,,,,,,,,,,,,,,,,,,,,,,,,null,,,,,,,,,,,,,,,,,,,,"SJHS-NT\mhr-main-or","SJHS-NT",,,,0x3b02ba9d5,,,,,,"mhr-main-or","S-1-5-21-798254582-200106796-1537874043-173595",,,,,,,,,,,,,,,,,"3d178505-6738-487b-8446-e606abdefd74","f5c48f6b-ae16-417d-8d73-bb8799cf1d5d","00000000-0000-0000-0000-000000000001","2020-10-16T14:45:26.847Z","AOI-552b9630-b106-4fe7-a1fa-97d04a0010ef",SecurityEvent,
"552b9630-b106-4fe7-a1fa-97d04a0010ef","2020-10-16T14:45:26.117Z",OpsManager,,,"ADSAPPPP-018.stjoe.org","Microsoft-Windows-Security-Auditing",Security,14336,16,"<EventData xmlns=""http://schemas.microsoft.com/win/2004/08/events/event"">
  <Data Name=""PackageName"">MICROSOFT_AUTHENTICATION_PACKAGE_V1_0</Data>
  <Data Name=""TargetUserName"">sotelom1@ad.providence.org</Data>
  <Data Name=""Workstation"">\\ACSAPPVP-002</Data>
  <Data Name=""Status"">0xc0000064</Data>
</EventData>",4776,"4776 - The domain controller attempted to validate the credentials for an account.",,,,,,,,,,,,,,,,,,null,null,,,,null,,,,,,,,,,,,,,,,,,,,,,,,,,,,null,,,,,,,,,,,,,,,,,,,,null,,,,,,,,,,,null,,,,,,,,,,,,,,,,,,,,,,,,,,,,,,,,,,,,,,,,"MICROSOFT_AUTHENTICATION_PACKAGE_V1_0",,,,,,,,,,,,,,,,,,,,,,,,,,,,,,,,,,,null,,,,,,0xc0000064,,,,,,,,,,,,,,"sotelom1@ad.providence.org",,,,,,,,,,,"sotelom1@ad.providence.org",,,,,,,,,,,,,,,,"\\ACSAPPVP-002",,"3d178505-6738-487b-8446-e606abdefd74","aa3266da-07a2-485c-ab93-2345c818f6ff","00000000-0000-0000-0000-000000000001","2020-10-16T14:45:26.847Z","AOI-552b9630-b106-4fe7-a1fa-97d04a0010ef",SecurityEvent,
"552b9630-b106-4fe7-a1fa-97d04a0010ef","2020-10-16T14:45:26.117Z",OpsManager,"SJHS-NT\rmybarra",User,"ADSAPPPP-018.stjoe.org","Microsoft-Windows-Security-Auditing",Security,12544,8,,4624,"4624 - An account was successfully logged on.",,,,,,,,,,,,,,,,,,null,null,Kerberos,,,null,,,,,,,,,,,,,,,,,,,,,,,,,,,,null,,,,,,,,,,,,,,,,"%%1840",,"10.250.186.34",60379,0,"-",,,,,,"462edd07-4726-4844-bbd0-5ead2a99c29e",,,Kerberos,3,"3 - Network",,,,,,,,,,,,,,,,,,,,,,,,,,,,,,,,,,,,,,,,,,,,,,,,,"-",0x0,"-",,,,,,,,,,,,,,,,,,,,,,,null,,,,,,,"-\-",,,,"-",,0x0,,,"-","S-1-0-0",,,"SJHS-NT\rmybarra","SJHS-NT",,,,0x3b02bab2c,,,,,,rmybarra,"S-1-5-21-798254582-200106796-1537874043-122912",,,,,,,,"-",,,,,,,,"-","3d178505-6738-487b-8446-e606abdefd74","e930716a-7fa9-4b7b-a649-2853cc4c0213","00000000-0000-0000-0000-000000000001","2020-10-16T14:45:26.847Z","AOI-552b9630-b106-4fe7-a1fa-97d04a0010ef",SecurityEvent,
"552b9630-b106-4fe7-a1fa-97d04a0010ef","2020-10-16T14:45:26.117Z",OpsManager,,,"ADSAPPPP-018.stjoe.org","Microsoft-Windows-Security-Auditing",Security,14337,8,"<EventData xmlns=""http://schemas.microsoft.com/win/2004/08/events/event"">
  <Data Name=""TargetUserName"">FranklinJ1@AD.PROVIDENCE.ORG</Data>
  <Data Name=""TargetDomainName"">AD.PROVIDENCE.ORG</Data>
  <Data Name=""ServiceName"">CTXXML6A018-VP$</Data>
  <Data Name=""ServiceSid"">S-1-5-21-798254582-200106796-1537874043-716472</Data>
  <Data Name=""TicketOptions"">0x40810000</Data>
  <Data Name=""TicketEncryptionType"">0x12</Data>
  <Data Name=""IpAddress"">::ffff:10.249.3.143</Data>
  <Data Name=""IpPort"">59251</Data>
  <Data Name=""Status"">0x0</Data>
  <Data Name=""LogonGuid"">{C2F2DD98-9E30-4FB8-8099-D07C2EED8D14}</Data>
  <Data Name=""TransmittedServices"">-</Data>
</EventData>",4769,"4769 - A Kerberos service ticket was requested.",,,,,,,,,,,,,,,,,,null,null,,,,null,,,,,,,,,,,,,,,,,,,,,,,,,,,,null,,,,,,,,,,,,,,,,,,,,null,,,,,,,,,,,null,,,,,,,,,,,,,,,,,,,,,,,,,,,,,,,,,,,,,,,,,,,,,,,,,,,,,,,,,,,,,,,,,,,,,,,,,,,null,,,,,,,,,,,,,,,,,,,,,,,,,,,,,,,,,,,,,,,,,,,,,,,,,"3d178505-6738-487b-8446-e606abdefd74","29941b15-21f8-4830-87ea-2aa331c15bf7","00000000-0000-0000-0000-000000000001","2020-10-16T14:45:26.847Z","AOI-552b9630-b106-4fe7-a1fa-97d04a0010ef",SecurityEvent,
"552b9630-b106-4fe7-a1fa-97d04a0010ef","2020-10-16T14:45:26.13Z",OpsManager,"SJHS-NT\SJF-DDR-3KC6JH2$",Machine,"ADSAPPPP-018.stjoe.org","Microsoft-Windows-Security-Auditing",Security,12544,8,,4624,"4624 - An account was successfully logged on.",,,,,,,,,,,,,,,,,,null,null,Kerberos,,,null,,,,,,,,,,,,,,,,,,,,,,,,,,,,null,,,,,,,,,,,,,,,,"%%1833",,"10.194.220.246",61957,0,"-",,,,,,"26c9d28d-7f27-9178-cda4-1594a980575f",,,Kerberos,3,"3 - Network",,,,,,,,,,,,,,,,,,,,,,,,,,,,,,,,,,,,,,,,,,,,,,,,,"-",0x0,"-",,,,,,,,,,,,,,,,,,,,,,,null,,,,,,,"-\-",,,,"-",,0x0,,,"-","S-1-0-0",,,"SJHS-NT\SJF-DDR-3KC6JH2$","SJHS-NT",,,,0x3b02bab72,,,,,,"SJF-DDR-3KC6JH2$","S-1-5-21-798254582-200106796-1537874043-563811",,,,,,,,"-",,,,,,,,"-","3d178505-6738-487b-8446-e606abdefd74","1aa73098-87f9-4e1a-bc83-2739c98ea673","00000000-0000-0000-0000-000000000001","2020-10-16T14:45:26.847Z","AOI-552b9630-b106-4fe7-a1fa-97d04a0010ef",SecurityEvent,
"552b9630-b106-4fe7-a1fa-97d04a0010ef","2020-10-16T14:45:26.13Z",OpsManager,,,"ADSAPPPP-018.stjoe.org","Microsoft-Windows-Security-Auditing",Security,14339,16,"<EventData xmlns=""http://schemas.microsoft.com/win/2004/08/events/event"">
  <Data Name=""TargetUserName"">SVC-AzureAD-Connect</Data>
  <Data Name=""TargetSid"">S-1-5-21-798254582-200106796-1537874043-370654</Data>
  <Data Name=""ServiceName"">krbtgt/SJHS-NT</Data>
  <Data Name=""TicketOptions"">0x40810010</Data>
  <Data Name=""Status"">0x18</Data>
  <Data Name=""PreAuthType"">2</Data>
  <Data Name=""IpAddress"">::ffff:10.248.128.25</Data>
  <Data Name=""IpPort"">54293</Data>
  <Data Name=""CertIssuerName""></Data>
  <Data Name=""CertSerialNumber""></Data>
  <Data Name=""CertThumbprint""></Data>
</EventData>",4771,"4771 - Kerberos pre-authentication failed.",,,,,,,,,,,,,,,,,,null,null,,,,null,,,,,,,,,,,,,,,,,,,,,,,,,,,,null,,,,,,,,,,,,,,,,,,"::ffff:10.248.128.25",54293,null,,,,,,,,,,,null,,,,,,,,,,,,,,,,,,,,,,,,,,,,,,,,,,,,,,,,,,,,,,,,,,,,,,,,,,,,,,,,,,,,,,,,,,"krbtgt/SJHS-NT",null,,,,,,0x18,,,,,,,,,,,,,,"SVC-AzureAD-Connect",,,,,,,,,"S-1-5-21-798254582-200106796-1537874043-370654",,"SVC-AzureAD-Connect",,,,,,,,,,,,,,,,,,"3d178505-6738-487b-8446-e606abdefd74","d566433a-87dd-42a5-83bb-b5649358a608","00000000-0000-0000-0000-000000000001","2020-10-16T14:45:26.847Z","AOI-552b9630-b106-4fe7-a1fa-97d04a0010ef",SecurityEvent,
"552b9630-b106-4fe7-a1fa-97d04a0010ef","2020-10-16T14:45:26.13Z",OpsManager,"SJHS-NT\NCDT1035501$",Machine,"ADSAPPPP-018.stjoe.org","Microsoft-Windows-Security-Auditing",Security,12545,8,,4634,"4634 - An account was logged off.",,,,,,,,,,,,,,,,,,null,null,,,,null,,,,,,,,,,,,,,,,,,,,,,,,,,,,null,,,,,,,,,,,,,,,,,,,,null,,,,,,,,,,,3,"3 - Network",,,,,,,,,,,,,,,,,,,,,,,,,,,,,,,,,,,,,,,,,,,,,,,,,,,,,,,,,,,,,,,,,,,,,,,,,,null,,,,,,,,,,,,,,,,,,,,"SJHS-NT\NCDT1035501$","SJHS-NT",,,,0x3b02ba9fe,,,,,,"NCDT1035501$","S-1-5-21-798254582-200106796-1537874043-724056",,,,,,,,,,,,,,,,,"3d178505-6738-487b-8446-e606abdefd74","9061a983-b115-4fc6-84c0-089c7df06d91","00000000-0000-0000-0000-000000000001","2020-10-16T14:45:26.847Z","AOI-552b9630-b106-4fe7-a1fa-97d04a0010ef",SecurityEvent,
"552b9630-b106-4fe7-a1fa-97d04a0010ef","2020-10-16T14:45:26.147Z",OpsManager,,,"ADSAPPPP-018.stjoe.org","Microsoft-Windows-Security-Auditing",Security,14337,8,"<EventData xmlns=""http://schemas.microsoft.com/win/2004/08/events/event"">
  <Data Name=""TargetUserName"">CTXXDTD5045-VP$@STJOE.ORG</Data>
  <Data Name=""TargetDomainName"">STJOE.ORG</Data>
  <Data Name=""ServiceName"">CTXXDTD5045-VP$</Data>
  <Data Name=""ServiceSid"">S-1-5-21-798254582-200106796-1537874043-383461</Data>
  <Data Name=""TicketOptions"">0x40810000</Data>
  <Data Name=""TicketEncryptionType"">0x12</Data>
  <Data Name=""IpAddress"">::ffff:10.249.76.173</Data>
  <Data Name=""IpPort"">49438</Data>
  <Data Name=""Status"">0x0</Data>
  <Data Name=""LogonGuid"">{2212E4C4-CF23-425A-B2CB-0495E8038C05}</Data>
  <Data Name=""TransmittedServices"">-</Data>
</EventData>",4769,"4769 - A Kerberos service ticket was requested.",,,,,,,,,,,,,,,,,,null,null,,,,null,,,,,,,,,,,,,,,,,,,,,,,,,,,,null,,,,,,,,,,,,,,,,,,,,null,,,,,,,,,,,null,,,,,,,,,,,,,,,,,,,,,,,,,,,,,,,,,,,,,,,,,,,,,,,,,,,,,,,,,,,,,,,,,,,,,,,,,,,null,,,,,,,,,,,,,,,,,,,,,,,,,,,,,,,,,,,,,,,,,,,,,,,,,"3d178505-6738-487b-8446-e606abdefd74","9a5afc44-606e-4231-80dc-c1a32c9724a5","00000000-0000-0000-0000-000000000001","2020-10-16T14:45:26.847Z","AOI-552b9630-b106-4fe7-a1fa-97d04a0010ef",SecurityEvent,
"552b9630-b106-4fe7-a1fa-97d04a0010ef","2020-10-16T14:45:26.147Z",OpsManager,,,"ADSAPPPP-018.stjoe.org","Microsoft-Windows-Security-Auditing",Security,14339,16,"<EventData xmlns=""http://schemas.microsoft.com/win/2004/08/events/event"">
  <Data Name=""TargetUserName"">CTXXAP6A212-VP$</Data>
  <Data Name=""TargetSid"">S-1-5-21-798254582-200106796-1537874043-308947</Data>
  <Data Name=""ServiceName"">krbtgt/STJOE.ORG</Data>
  <Data Name=""TicketOptions"">0x40810010</Data>
  <Data Name=""Status"">0x18</Data>
  <Data Name=""PreAuthType"">2</Data>
  <Data Name=""IpAddress"">::ffff:156.72.14.24</Data>
  <Data Name=""IpPort"">51153</Data>
  <Data Name=""CertIssuerName""></Data>
  <Data Name=""CertSerialNumber""></Data>
  <Data Name=""CertThumbprint""></Data>
</EventData>",4771,"4771 - Kerberos pre-authentication failed.",,,,,,,,,,,,,,,,,,null,null,,,,null,,,,,,,,,,,,,,,,,,,,,,,,,,,,null,,,,,,,,,,,,,,,,,,"::ffff:156.72.14.24",51153,null,,,,,,,,,,,null,,,,,,,,,,,,,,,,,,,,,,,,,,,,,,,,,,,,,,,,,,,,,,,,,,,,,,,,,,,,,,,,,,,,,,,,,,"krbtgt/STJOE.ORG",null,,,,,,0x18,,,,,,,,,,,,,,"CTXXAP6A212-VP$",,,,,,,,,"S-1-5-21-798254582-200106796-1537874043-308947",,"CTXXAP6A212-VP$",,,,,,,,,,,,,,,,,,"3d178505-6738-487b-8446-e606abdefd74","35de8243-8288-4265-aa32-a28d3f8d7b49","00000000-0000-0000-0000-000000000001","2020-10-16T14:45:26.847Z","AOI-552b9630-b106-4fe7-a1fa-97d04a0010ef",SecurityEvent,
"552b9630-b106-4fe7-a1fa-97d04a0010ef","2020-10-16T14:45:26.163Z",OpsManager,,,"ADSAPPPP-018.stjoe.org","Microsoft-Windows-Security-Auditing",Security,14339,8,"<EventData xmlns=""http://schemas.microsoft.com/win/2004/08/events/event"">
  <Data Name=""TargetUserName"">PVHNT-MIS$</Data>
  <Data Name=""TargetDomainName"">STJOE.ORG</Data>
  <Data Name=""TargetSid"">S-1-5-21-798254582-200106796-1537874043-29410</Data>
  <Data Name=""ServiceName"">krbtgt</Data>
  <Data Name=""ServiceSid"">S-1-5-21-798254582-200106796-1537874043-502</Data>
  <Data Name=""TicketOptions"">0x40810010</Data>
  <Data Name=""Status"">0x0</Data>
  <Data Name=""TicketEncryptionType"">0x17</Data>
  <Data Name=""PreAuthType"">2</Data>
  <Data Name=""IpAddress"">::ffff:156.72.145.25</Data>
  <Data Name=""IpPort"">3765</Data>
  <Data Name=""CertIssuerName""></Data>
  <Data Name=""CertSerialNumber""></Data>
  <Data Name=""CertThumbprint""></Data>
</EventData>",4768,"4768 - A Kerberos authentication ticket (TGT) was requested.",,,,,,,,,,,,,,,,,,null,null,,,,null,,,,,,,,,,,,,,,,,,,,,,,,,,,,null,,,,,,,,,,,,,,,,,,"::ffff:156.72.145.25",3765,null,,,,,,,,,,,null,,,,,,,,,,,,,,,,,,,,,,,,,,,,,,,,,,,,,,,,,,,,,,,,,,,,,,,,,,,,,,,,,,,,,,,,,,krbtgt,null,,,,,,0x0,,,,,,,,,,,,,,"STJOE.ORG\PVHNT-MIS$","STJOE.ORG",,,,,,,,"S-1-5-21-798254582-200106796-1537874043-29410",,"PVHNT-MIS$",,,,,,,,,,,,,,,,,,"3d178505-6738-487b-8446-e606abdefd74","0459b332-4ce2-47d1-97e2-aa71e9746cf4","00000000-0000-0000-0000-000000000001","2020-10-16T14:45:26.847Z","AOI-552b9630-b106-4fe7-a1fa-97d04a0010ef",SecurityEvent,
"552b9630-b106-4fe7-a1fa-97d04a0010ef","2020-10-16T14:45:26.163Z",OpsManager,"SJHS-NT\mhr-main-or",User,"ADSAPPPP-018.stjoe.org","Microsoft-Windows-Security-Auditing",Security,12544,8,,4624,"4624 - An account was successfully logged on.",,,,,,,,,,,,,,,,,,null,null,Kerberos,,,null,,,,,,,,,,,,,,,,,,,,,,,,,,,,null,,,,,,,,,,,,,,,,"%%1833",,"10.187.21.111",51267,0,"-",,,,,,"51c66eea-ad57-b107-2ba3-8861a36cedfa",,,Kerberos,3,"3 - Network",,,,,,,,,,,,,,,,,,,,,,,,,,,,,,,,,,,,,,,,,,,,,,,,,"-",0x0,"-",,,,,,,,,,,,,,,,,,,,,,,null,,,,,,,"-\-",,,,"-",,0x0,,,"-","S-1-0-0",,,"SJHS-NT\mhr-main-or","SJHS-NT",,,,0x3b02babce,,,,,,"mhr-main-or","S-1-5-21-798254582-200106796-1537874043-173595",,,,,,,,"-",,,,,,,,"-","3d178505-6738-487b-8446-e606abdefd74","76c97170-76af-4359-87f4-6d7d97884d5e","00000000-0000-0000-0000-000000000001","2020-10-16T14:45:26.847Z","AOI-552b9630-b106-4fe7-a1fa-97d04a0010ef",SecurityEvent,
"552b9630-b106-4fe7-a1fa-97d04a0010ef","2020-10-16T14:45:26.163Z",OpsManager,,,"ADSAPPPP-018.stjoe.org","Microsoft-Windows-Security-Auditing",Security,14339,16,"<EventData xmlns=""http://schemas.microsoft.com/win/2004/08/events/event"">
  <Data Name=""TargetUserName"">SVC-AzureAD-Connect</Data>
  <Data Name=""TargetSid"">S-1-5-21-798254582-200106796-1537874043-370654</Data>
  <Data Name=""ServiceName"">krbtgt/SJHS-NT</Data>
  <Data Name=""TicketOptions"">0x40810010</Data>
  <Data Name=""Status"">0x18</Data>
  <Data Name=""PreAuthType"">2</Data>
  <Data Name=""IpAddress"">::ffff:10.248.128.25</Data>
  <Data Name=""IpPort"">54295</Data>
  <Data Name=""CertIssuerName""></Data>
  <Data Name=""CertSerialNumber""></Data>
  <Data Name=""CertThumbprint""></Data>
</EventData>",4771,"4771 - Kerberos pre-authentication failed.",,,,,,,,,,,,,,,,,,null,null,,,,null,,,,,,,,,,,,,,,,,,,,,,,,,,,,null,,,,,,,,,,,,,,,,,,"::ffff:10.248.128.25",54295,null,,,,,,,,,,,null,,,,,,,,,,,,,,,,,,,,,,,,,,,,,,,,,,,,,,,,,,,,,,,,,,,,,,,,,,,,,,,,,,,,,,,,,,"krbtgt/SJHS-NT",null,,,,,,0x18,,,,,,,,,,,,,,"SVC-AzureAD-Connect",,,,,,,,,"S-1-5-21-798254582-200106796-1537874043-370654",,"SVC-AzureAD-Connect",,,,,,,,,,,,,,,,,,"3d178505-6738-487b-8446-e606abdefd74","62a2f70b-f197-4f90-bbd9-4a8952af9ab2","00000000-0000-0000-0000-000000000001","2020-10-16T14:45:26.847Z","AOI-552b9630-b106-4fe7-a1fa-97d04a0010ef",SecurityEvent,
"552b9630-b106-4fe7-a1fa-97d04a0010ef","2020-10-16T14:45:26.163Z",OpsManager,"SJHS-NT\FLSPNT004-VP$",Machine,"ADSAPPPP-018.stjoe.org","Microsoft-Windows-Security-Auditing",Security,12544,8,,4624,"4624 - An account was successfully logged on.",,,,,,,,,,,,,,,,,,null,null,Kerberos,,,null,,,,,,,,,,,,,,,,,,,,,,,,,,,,null,,,,,,,,,,,,,,,,"%%1833",,"10.250.109.137",51304,0,"-",,,,,,"b92ecc96-3138-1016-181e-0995d4292285",,,Kerberos,3,"3 - Network",,,,,,,,,,,,,,,,,,,,,,,,,,,,,,,,,,,,,,,,,,,,,,,,,"-",0x0,"-",,,,,,,,,,,,,,,,,,,,,,,null,,,,,,,"-\-",,,,"-",,0x0,,,"-","S-1-0-0",,,"SJHS-NT\FLSPNT004-VP$","SJHS-NT",,,,0x3b02babe9,,,,,,"FLSPNT004-VP$","S-1-5-21-798254582-200106796-1537874043-285042",,,,,,,,"-",,,,,,,,"-","3d178505-6738-487b-8446-e606abdefd74","c59acc0a-c0c0-414c-97e2-dde2a457bd2a","00000000-0000-0000-0000-000000000001","2020-10-16T14:45:26.847Z","AOI-552b9630-b106-4fe7-a1fa-97d04a0010ef",SecurityEvent,
"552b9630-b106-4fe7-a1fa-97d04a0010ef","2020-10-16T14:45:26.177Z",OpsManager,,,"ADSAPPPP-018.stjoe.org","Microsoft-Windows-Security-Auditing",Security,14339,16,"<EventData xmlns=""http://schemas.microsoft.com/win/2004/08/events/event"">
  <Data Name=""TargetUserName"">CTXXAP6A212-VP$</Data>
  <Data Name=""TargetSid"">S-1-5-21-798254582-200106796-1537874043-308947</Data>
  <Data Name=""ServiceName"">krbtgt/STJOE.ORG</Data>
  <Data Name=""TicketOptions"">0x40810010</Data>
  <Data Name=""Status"">0x18</Data>
  <Data Name=""PreAuthType"">2</Data>
  <Data Name=""IpAddress"">::ffff:156.72.14.24</Data>
  <Data Name=""IpPort"">51154</Data>
  <Data Name=""CertIssuerName""></Data>
  <Data Name=""CertSerialNumber""></Data>
  <Data Name=""CertThumbprint""></Data>
</EventData>",4771,"4771 - Kerberos pre-authentication failed.",,,,,,,,,,,,,,,,,,null,null,,,,null,,,,,,,,,,,,,,,,,,,,,,,,,,,,null,,,,,,,,,,,,,,,,,,"::ffff:156.72.14.24",51154,null,,,,,,,,,,,null,,,,,,,,,,,,,,,,,,,,,,,,,,,,,,,,,,,,,,,,,,,,,,,,,,,,,,,,,,,,,,,,,,,,,,,,,,"krbtgt/STJOE.ORG",null,,,,,,0x18,,,,,,,,,,,,,,"CTXXAP6A212-VP$",,,,,,,,,"S-1-5-21-798254582-200106796-1537874043-308947",,"CTXXAP6A212-VP$",,,,,,,,,,,,,,,,,,"3d178505-6738-487b-8446-e606abdefd74","58f8db6b-954e-401d-bda0-b71944b6b64c","00000000-0000-0000-0000-000000000001","2020-10-16T14:45:26.847Z","AOI-552b9630-b106-4fe7-a1fa-97d04a0010ef",SecurityEvent,
"552b9630-b106-4fe7-a1fa-97d04a0010ef","2020-10-16T14:45:26.177Z",OpsManager,"SJHS-NT\NCDT1035501$",Machine,"ADSAPPPP-018.stjoe.org","Microsoft-Windows-Security-Auditing",Security,12544,8,,4624,"4624 - An account was successfully logged on.",,,,,,,,,,,,,,,,,,null,null,Kerberos,,,null,,,,,,,,,,,,,,,,,,,,,,,,,,,,null,,,,,,,,,,,,,,,,"%%1833",,"156.72.48.177",61369,0,"-",,,,,,"52365751-c29f-8a06-5603-248eb44da281",,,Kerberos,3,"3 - Network",,,,,,,,,,,,,,,,,,,,,,,,,,,,,,,,,,,,,,,,,,,,,,,,,"-",0x0,"-",,,,,,,,,,,,,,,,,,,,,,,null,,,,,,,"-\-",,,,"-",,0x0,,,"-","S-1-0-0",,,"SJHS-NT\NCDT1035501$","SJHS-NT",,,,0x3b02bac0c,,,,,,"NCDT1035501$","S-1-5-21-798254582-200106796-1537874043-724056",,,,,,,,"-",,,,,,,,"-","3d178505-6738-487b-8446-e606abdefd74","9b083eee-58e6-4613-a6e6-3dda5d14715c","00000000-0000-0000-0000-000000000001","2020-10-16T14:45:26.847Z","AOI-552b9630-b106-4fe7-a1fa-97d04a0010ef",SecurityEvent,
"552b9630-b106-4fe7-a1fa-97d04a0010ef","2020-10-16T14:45:26.177Z",OpsManager,"SJHS-NT\FLSPNT004-VP$",Machine,"ADSAPPPP-018.stjoe.org","Microsoft-Windows-Security-Auditing",Security,12545,8,,4634,"4634 - An account was logged off.",,,,,,,,,,,,,,,,,,null,null,,,,null,,,,,,,,,,,,,,,,,,,,,,,,,,,,null,,,,,,,,,,,,,,,,,,,,null,,,,,,,,,,,3,"3 - Network",,,,,,,,,,,,,,,,,,,,,,,,,,,,,,,,,,,,,,,,,,,,,,,,,,,,,,,,,,,,,,,,,,,,,,,,,,null,,,,,,,,,,,,,,,,,,,,"SJHS-NT\FLSPNT004-VP$","SJHS-NT",,,,0x3b02babe9,,,,,,"FLSPNT004-VP$","S-1-5-21-798254582-200106796-1537874043-285042",,,,,,,,,,,,,,,,,"3d178505-6738-487b-8446-e606abdefd74","905a6ad2-cfee-4b7c-9b98-4d5ac4695ded","00000000-0000-0000-0000-000000000001","2020-10-16T14:45:26.847Z","AOI-552b9630-b106-4fe7-a1fa-97d04a0010ef",SecurityEvent,
"552b9630-b106-4fe7-a1fa-97d04a0010ef","2020-10-16T14:45:26.177Z",OpsManager,,,"ADSAPPPP-018.stjoe.org","Microsoft-Windows-Security-Auditing",Security,14337,8,"<EventData xmlns=""http://schemas.microsoft.com/win/2004/08/events/event"">
  <Data Name=""TargetUserName"">PVHNT-MIS$@STJOE.ORG</Data>
  <Data Name=""TargetDomainName"">STJOE.ORG</Data>
  <Data Name=""ServiceName"">ADSAPPVP-010$</Data>
  <Data Name=""ServiceSid"">S-1-5-21-798254582-200106796-1537874043-628814</Data>
  <Data Name=""TicketOptions"">0x40810000</Data>
  <Data Name=""TicketEncryptionType"">0x17</Data>
  <Data Name=""IpAddress"">156.72.145.25</Data>
  <Data Name=""IpPort"">3766</Data>
  <Data Name=""Status"">0x0</Data>
  <Data Name=""LogonGuid"">{B919FCAA-5006-C2AF-3834-51F60BD447E6}</Data>
  <Data Name=""TransmittedServices"">-</Data>
</EventData>",4769,"4769 - A Kerberos service ticket was requested.",,,,,,,,,,,,,,,,,,null,null,,,,null,,,,,,,,,,,,,,,,,,,,,,,,,,,,null,,,,,,,,,,,,,,,,,,,,null,,,,,,,,,,,null,,,,,,,,,,,,,,,,,,,,,,,,,,,,,,,,,,,,,,,,,,,,,,,,,,,,,,,,,,,,,,,,,,,,,,,,,,,null,,,,,,,,,,,,,,,,,,,,,,,,,,,,,,,,,,,,,,,,,,,,,,,,,"3d178505-6738-487b-8446-e606abdefd74","fa07f904-6f8a-458b-b20b-e511c9ec2899","00000000-0000-0000-0000-000000000001","2020-10-16T14:45:26.847Z","AOI-552b9630-b106-4fe7-a1fa-97d04a0010ef",SecurityEvent,
"552b9630-b106-4fe7-a1fa-97d04a0010ef","2020-10-16T14:45:26.193Z",OpsManager,,,"ADSAPPPP-018.stjoe.org","Microsoft-Windows-Security-Auditing",Security,14339,16,"<EventData xmlns=""http://schemas.microsoft.com/win/2004/08/events/event"">
  <Data Name=""TargetUserName"">CTXXAP6A212-VP$</Data>
  <Data Name=""TargetSid"">S-1-5-21-798254582-200106796-1537874043-308947</Data>
  <Data Name=""ServiceName"">krbtgt/STJOE.ORG</Data>
  <Data Name=""TicketOptions"">0x40810010</Data>
  <Data Name=""Status"">0x18</Data>
  <Data Name=""PreAuthType"">2</Data>
  <Data Name=""IpAddress"">::ffff:156.72.14.24</Data>
  <Data Name=""IpPort"">51155</Data>
  <Data Name=""CertIssuerName""></Data>
  <Data Name=""CertSerialNumber""></Data>
  <Data Name=""CertThumbprint""></Data>
</EventData>",4771,"4771 - Kerberos pre-authentication failed.",,,,,,,,,,,,,,,,,,null,null,,,,null,,,,,,,,,,,,,,,,,,,,,,,,,,,,null,,,,,,,,,,,,,,,,,,"::ffff:156.72.14.24",51155,null,,,,,,,,,,,null,,,,,,,,,,,,,,,,,,,,,,,,,,,,,,,,,,,,,,,,,,,,,,,,,,,,,,,,,,,,,,,,,,,,,,,,,,"krbtgt/STJOE.ORG",null,,,,,,0x18,,,,,,,,,,,,,,"CTXXAP6A212-VP$",,,,,,,,,"S-1-5-21-798254582-200106796-1537874043-308947",,"CTXXAP6A212-VP$",,,,,,,,,,,,,,,,,,"3d178505-6738-487b-8446-e606abdefd74","eb716a02-1a48-4d4d-9842-6462582ed61b","00000000-0000-0000-0000-000000000001","2020-10-16T14:45:26.847Z","AOI-552b9630-b106-4fe7-a1fa-97d04a0010ef",SecurityEvent,
"552b9630-b106-4fe7-a1fa-97d04a0010ef","2020-10-16T14:45:26.193Z",OpsManager,"SJHS-NT\SJF-DDR-3KC6JH2$",Machine,"ADSAPPPP-018.stjoe.org","Microsoft-Windows-Security-Auditing",Security,12544,8,,4624,"4624 - An account was successfully logged on.",,,,,,,,,,,,,,,,,,null,null,Kerberos,,,null,,,,,,,,,,,,,,,,,,,,,,,,,,,,null,,,,,,,,,,,,,,,,"%%1833",,"10.194.220.246",61958,0,"-",,,,,,"26c9d28d-7f27-9178-cda4-1594a980575f",,,Kerberos,3,"3 - Network",,,,,,,,,,,,,,,,,,,,,,,,,,,,,,,,,,,,,,,,,,,,,,,,,"-",0x0,"-",,,,,,,,,,,,,,,,,,,,,,,null,,,,,,,"-\-",,,,"-",,0x0,,,"-","S-1-0-0",,,"SJHS-NT\SJF-DDR-3KC6JH2$","SJHS-NT",,,,0x3b02bac2f,,,,,,"SJF-DDR-3KC6JH2$","S-1-5-21-798254582-200106796-1537874043-563811",,,,,,,,"-",,,,,,,,"-","3d178505-6738-487b-8446-e606abdefd74","a8ad2c6e-a3d1-4b97-9ff1-af69058bd9cb","00000000-0000-0000-0000-000000000001","2020-10-16T14:45:26.847Z","AOI-552b9630-b106-4fe7-a1fa-97d04a0010ef",SecurityEvent,
"552b9630-b106-4fe7-a1fa-97d04a0010ef","2020-10-16T14:45:26.193Z",OpsManager,,,"ADSAPPPP-018.stjoe.org","Microsoft-Windows-Security-Auditing",Security,14339,16,"<EventData xmlns=""http://schemas.microsoft.com/win/2004/08/events/event"">
  <Data Name=""TargetUserName"">SVC-AzureAD-Connect</Data>
  <Data Name=""TargetSid"">S-1-5-21-798254582-200106796-1537874043-370654</Data>
  <Data Name=""ServiceName"">krbtgt/SJHS-NT</Data>
  <Data Name=""TicketOptions"">0x40810010</Data>
  <Data Name=""Status"">0x18</Data>
  <Data Name=""PreAuthType"">2</Data>
  <Data Name=""IpAddress"">::ffff:10.248.128.25</Data>
  <Data Name=""IpPort"">54297</Data>
  <Data Name=""CertIssuerName""></Data>
  <Data Name=""CertSerialNumber""></Data>
  <Data Name=""CertThumbprint""></Data>
</EventData>",4771,"4771 - Kerberos pre-authentication failed.",,,,,,,,,,,,,,,,,,null,null,,,,null,,,,,,,,,,,,,,,,,,,,,,,,,,,,null,,,,,,,,,,,,,,,,,,"::ffff:10.248.128.25",54297,null,,,,,,,,,,,null,,,,,,,,,,,,,,,,,,,,,,,,,,,,,,,,,,,,,,,,,,,,,,,,,,,,,,,,,,,,,,,,,,,,,,,,,,"krbtgt/SJHS-NT",null,,,,,,0x18,,,,,,,,,,,,,,"SVC-AzureAD-Connect",,,,,,,,,"S-1-5-21-798254582-200106796-1537874043-370654",,"SVC-AzureAD-Connect",,,,,,,,,,,,,,,,,,"3d178505-6738-487b-8446-e606abdefd74","4fd75326-ee3c-4e95-8131-eca48c90f1db","00000000-0000-0000-0000-000000000001","2020-10-16T14:45:26.847Z","AOI-552b9630-b106-4fe7-a1fa-97d04a0010ef",SecurityEvent,
"552b9630-b106-4fe7-a1fa-97d04a0010ef","2020-10-16T14:45:26.193Z",OpsManager,"SJHS-NT\SJF-N5B-F11RW12$",Machine,"ADSAPPPP-018.stjoe.org","Microsoft-Windows-Security-Auditing",Security,12545,8,,4634,"4634 - An account was logged off.",,,,,,,,,,,,,,,,,,null,null,,,,null,,,,,,,,,,,,,,,,,,,,,,,,,,,,null,,,,,,,,,,,,,,,,,,,,null,,,,,,,,,,,3,"3 - Network",,,,,,,,,,,,,,,,,,,,,,,,,,,,,,,,,,,,,,,,,,,,,,,,,,,,,,,,,,,,,,,,,,,,,,,,,,null,,,,,,,,,,,,,,,,,,,,"SJHS-NT\SJF-N5B-F11RW12$","SJHS-NT",,,,0x3b02bab06,,,,,,"SJF-N5B-F11RW12$","S-1-5-21-798254582-200106796-1537874043-316554",,,,,,,,,,,,,,,,,"3d178505-6738-487b-8446-e606abdefd74","f201addb-33ba-42d9-99b2-1a40ba56f3ee","00000000-0000-0000-0000-000000000001","2020-10-16T14:45:26.847Z","AOI-552b9630-b106-4fe7-a1fa-97d04a0010ef",SecurityEvent,
"552b9630-b106-4fe7-a1fa-97d04a0010ef","2020-10-16T14:45:26.193Z",OpsManager,"SJHS-NT\SRM-RES-FYN23M2$",Machine,"ADSAPPPP-018.stjoe.org","Microsoft-Windows-Security-Auditing",Security,12544,8,,4624,"4624 - An account was successfully logged on.",,,,,,,,,,,,,,,,,,null,null,Kerberos,,,null,,,,,,,,,,,,,,,,,,,,,,,,,,,,null,,,,,,,,,,,,,,,,"%%1833",,"10.209.112.73",51747,0,"-",,,,,,"3e5358ba-9838-a345-5457-c6c3c871df90",,,Kerberos,3,"3 - Network",,,,,,,,,,,,,,,,,,,,,,,,,,,,,,,,,,,,,,,,,,,,,,,,,"-",0x0,"-",,,,,,,,,,,,,,,,,,,,,,,null,,,,,,,"-\-",,,,"-",,0x0,,,"-","S-1-0-0",,,"SJHS-NT\SRM-RES-FYN23M2$","SJHS-NT",,,,0x3b02bac46,,,,,,"SRM-RES-FYN23M2$","S-1-5-21-798254582-200106796-1537874043-553577",,,,,,,,"-",,,,,,,,"-","3d178505-6738-487b-8446-e606abdefd74","6ee90336-2240-4f22-b66d-520ca7a2111e","00000000-0000-0000-0000-000000000001","2020-10-16T14:45:26.847Z","AOI-552b9630-b106-4fe7-a1fa-97d04a0010ef",SecurityEvent,
"552b9630-b106-4fe7-a1fa-97d04a0010ef","2020-10-16T14:45:14.057Z",OpsManager,,,"CTXWU2P01-LS01.ad.providence.org","Microsoft-Windows-Security-Auditing",Security,12292,8,"<EventData xmlns=""http://schemas.microsoft.com/win/2004/08/events/event"">
  <Data Name=""SubjectUserSid"">S-1-5-18</Data>
  <Data Name=""SubjectUserName"">CTXWU2P01-LS01$</Data>
  <Data Name=""SubjectDomainName"">AD</Data>
  <Data Name=""SubjectLogonId"">0x3e7</Data>
  <Data Name=""ClientProcessId"">2992</Data>
  <Data Name=""ClientCreationTime"">2020-08-27T14:12:56.016154700Z</Data>
  <Data Name=""ProviderName"">Microsoft Software Key Storage Provider</Data>
  <Data Name=""AlgorithmName"">UNKNOWN</Data>
  <Data Name=""KeyName"">{92264264-E29B-48C7-AFAE-4F3C434D542D}</Data>
  <Data Name=""KeyType"">%%2499</Data>
  <Data Name=""KeyFilePath"">C:\ProgramData\Microsoft\Crypto\RSA\MachineKeys\0874e3df7d295394d62415ee8955c36f_e8c99039-0e31-48fb-b66c-ee2a9b1e4b70</Data>
  <Data Name=""Operation"">%%2458</Data>
  <Data Name=""ReturnCode"">0x0</Data>
</EventData>",5058,"5058 - Key file operation.",,,,,,,,,,,,,,,,,,null,null,,,,null,,,,,,,,,,,,,,,,,,,,,,,,,,,,null,,,,,,,,,,,,,,,,,,,,null,,,,,,,,,,,null,,,,,,,,,,,,,,,,,,,,,,,,,,,,,,,,,,,,,,,,,,,,,,,,,,,,,,,,,,,,,,,,,,,,,,,,,,,null,,,,,,,,,,,,,,,,,,,,,,,,,,,,,,,,,,,,,,,,,,,,,,,,,"1d5c4674-1024-46b0-9286-296bd21493b1","88042c94-956b-49b8-a2dd-8a966e9e73fe","00000000-0000-0000-0000-000000000001","2020-10-16T14:45:28.794Z","AOI-552b9630-b106-4fe7-a1fa-97d04a0010ef",SecurityEvent,"/subscriptions/f0aad602-69cd-4b25-93b9-4b4356915367/resourcegroups/infrastructure/providers/microsoft.compute/virtualmachines/ctxwu2p01-ls01"
"552b9630-b106-4fe7-a1fa-97d04a0010ef","2020-10-16T14:45:14.057Z",OpsManager,,,"CTXWU2P01-LS01.ad.providence.org","Microsoft-Windows-Security-Auditing",Security,12290,8,"<EventData xmlns=""http://schemas.microsoft.com/win/2004/08/events/event"">
  <Data Name=""SubjectUserSid"">S-1-5-18</Data>
  <Data Name=""SubjectUserName"">CTXWU2P01-LS01$</Data>
  <Data Name=""SubjectDomainName"">AD</Data>
  <Data Name=""SubjectLogonId"">0x3e7</Data>
  <Data Name=""ProviderName"">Microsoft Software Key Storage Provider</Data>
  <Data Name=""AlgorithmName"">RSA</Data>
  <Data Name=""KeyName"">{92264264-E29B-48C7-AFAE-4F3C434D542D}</Data>
  <Data Name=""KeyType"">%%2499</Data>
  <Data Name=""Operation"">%%2480</Data>
  <Data Name=""ReturnCode"">0x0</Data>
</EventData>",5061,"5061 - Cryptographic operation.",,,,,,,,,,,,,,,,,,null,null,,,,null,,,,,,,,,,,,,,,,,,,,,,,,,,,,null,,,,,,,,,,,,,,,,,,,,null,,,,,,,,,,,null,,,,,,,,,,,,,,,,,,,,,,,,,,,,,,,,,,,,,,,,,,,,,,,,,,,,,,,,,,,,,,,,,,,,,,,,,,,null,,,,,,,,,,,,,,,,,,,,,,,,,,,,,,,,,,,,,,,,,,,,,,,,,"1d5c4674-1024-46b0-9286-296bd21493b1","580dc401-5ee8-401a-9b6a-a1028af1487c","00000000-0000-0000-0000-000000000001","2020-10-16T14:45:28.794Z","AOI-552b9630-b106-4fe7-a1fa-97d04a0010ef",SecurityEvent,"/subscriptions/f0aad602-69cd-4b25-93b9-4b4356915367/resourcegroups/infrastructure/providers/microsoft.compute/virtualmachines/ctxwu2p01-ls01"
"552b9630-b106-4fe7-a1fa-97d04a0010ef","2020-10-16T14:45:14.097Z",OpsManager,,,"CTXWU2P01-LS01.ad.providence.org","Microsoft-Windows-Security-Auditing",Security,12809,16,"<EventData xmlns=""http://schemas.microsoft.com/win/2004/08/events/event"">
  <Data Name=""ProcessId"">4</Data>
  <Data Name=""Application"">System</Data>
  <Data Name=""Direction"">%%14592</Data>
  <Data Name=""SourceAddress"">170.173.161.89</Data>
  <Data Name=""SourcePort"">52851</Data>
  <Data Name=""DestAddress"">100.100.164.4</Data>
  <Data Name=""DestPort"">137</Data>
  <Data Name=""Protocol"">17</Data>
  <Data Name=""FilterRTID"">106256</Data>
  <Data Name=""LayerName"">%%14610</Data>
  <Data Name=""LayerRTID"">44</Data>
</EventData>",5152,"5152 - The Windows Filtering Platform blocked a packet.",,,,,,,,,,,,,,,,,,null,null,,,,null,,,,,,,,,,,,,,,,,,,,,,,,,,,,null,,,,,,,,,,,,,,,,,,,,null,,,,,,,,,,,null,,,,,,,,,,,,,,,,,,,,,,,,,,,,,,,,,,,,,,,,,,,,,,,,,,,,,,,,,,,,,,,,,,,,,,,,,,,null,,,,,,,,,,,,,,,,,,,,,,,,,,,,,,,,,,,,,,,,,,,,,,,,,"1d5c4674-1024-46b0-9286-296bd21493b1","170ca925-0a49-4523-a1b6-bbc52f5f2c61","00000000-0000-0000-0000-000000000001","2020-10-16T14:45:28.794Z","AOI-552b9630-b106-4fe7-a1fa-97d04a0010ef",SecurityEvent,"/subscriptions/f0aad602-69cd-4b25-93b9-4b4356915367/resourcegroups/infrastructure/providers/microsoft.compute/virtualmachines/ctxwu2p01-ls01"
"552b9630-b106-4fe7-a1fa-97d04a0010ef","2020-10-16T14:45:14.097Z",OpsManager,,,"CTXWU2P01-LS01.ad.providence.org","Microsoft-Windows-Security-Auditing",Security,12810,16,"<EventData xmlns=""http://schemas.microsoft.com/win/2004/08/events/event"">
  <Data Name=""ProcessID"">4</Data>
  <Data Name=""Application"">System</Data>
  <Data Name=""Direction"">%%14592</Data>
  <Data Name=""SourceAddress"">170.173.161.89</Data>
  <Data Name=""SourcePort"">52851</Data>
  <Data Name=""DestAddress"">100.100.164.4</Data>
  <Data Name=""DestPort"">137</Data>
  <Data Name=""Protocol"">17</Data>
  <Data Name=""FilterRTID"">106256</Data>
  <Data Name=""LayerName"">%%14610</Data>
  <Data Name=""LayerRTID"">44</Data>
  <Data Name=""RemoteUserID"">S-1-0-0</Data>
  <Data Name=""RemoteMachineID"">S-1-0-0</Data>
</EventData>",5157,"5157 - The Windows Filtering Platform has blocked a connection.",,,,,,,,,,,,,,,,,,null,null,,,,null,,,,,,,,,,,,,,,,,,,,,,,,,,,,null,,,,,,,,,,,,,,,,,,,,null,,,,,,,,,,,null,,,,,,,,,,,,,,,,,,,,,,,,,,,,,,,,,,,,,,,,,,,,,,,,,,,,,,,,,,,,,,,,,,,,,,,,,,,null,,,,,,,,,,,,,,,,,,,,,,,,,,,,,,,,,,,,,,,,,,,,,,,,,"1d5c4674-1024-46b0-9286-296bd21493b1","fffd76f5-05d5-45dd-a585-e321a4a13913","00000000-0000-0000-0000-000000000001","2020-10-16T14:45:28.794Z","AOI-552b9630-b106-4fe7-a1fa-97d04a0010ef",SecurityEvent,"/subscriptions/f0aad602-69cd-4b25-93b9-4b4356915367/resourcegroups/infrastructure/providers/microsoft.compute/virtualmachines/ctxwu2p01-ls01"
"552b9630-b106-4fe7-a1fa-97d04a0010ef","2020-10-16T14:45:14.127Z",OpsManager,,,"CTXWU2P01-LS01.ad.providence.org","Microsoft-Windows-Security-Auditing",Security,12810,8,"<EventData xmlns=""http://schemas.microsoft.com/win/2004/08/events/event"">
  <Data Name=""ProcessID"">432</Data>
  <Data Name=""Application"">\device\harddiskvolume2\windows\system32\svchost.exe</Data>
  <Data Name=""Direction"">%%14592</Data>
  <Data Name=""SourceAddress"">10.184.39.194</Data>
  <Data Name=""SourcePort"">59396</Data>
  <Data Name=""DestAddress"">100.100.164.4</Data>
  <Data Name=""DestPort"">135</Data>
  <Data Name=""Protocol"">6</Data>
  <Data Name=""FilterRTID"">72632</Data>
  <Data Name=""LayerName"">%%14610</Data>
  <Data Name=""LayerRTID"">44</Data>
  <Data Name=""RemoteUserID"">S-1-0-0</Data>
  <Data Name=""RemoteMachineID"">S-1-0-0</Data>
</EventData>",5156,"5156 - The Windows Filtering Platform has allowed a connection.",,,,,,,,,,,,,,,,,,null,null,,,,null,,,,,,,,,,,,,,,,,,,,,,,,,,,,null,,,,,,,,,,,,,,,,,,,,null,,,,,,,,,,,null,,,,,,,,,,,,,,,,,,,,,,,,,,,,,,,,,,,,,,,,,,,,,,,,,,,,,,,,,,,,,,,,,,,,,,,,,,,null,,,,,,,,,,,,,,,,,,,,,,,,,,,,,,,,,,,,,,,,,,,,,,,,,"1d5c4674-1024-46b0-9286-296bd21493b1","e6bdddf6-1d03-4518-b5b4-766658fc1744","00000000-0000-0000-0000-000000000001","2020-10-16T14:45:28.794Z","AOI-552b9630-b106-4fe7-a1fa-97d04a0010ef",SecurityEvent,"/subscriptions/f0aad602-69cd-4b25-93b9-4b4356915367/resourcegroups/infrastructure/providers/microsoft.compute/virtualmachines/ctxwu2p01-ls01"
"552b9630-b106-4fe7-a1fa-97d04a0010ef","2020-10-16T14:45:14.247Z",OpsManager,,,"CTXWU2P01-LS01.ad.providence.org","Microsoft-Windows-Security-Auditing",Security,12810,8,"<EventData xmlns=""http://schemas.microsoft.com/win/2004/08/events/event"">
  <Data Name=""ProcessID"">3316</Data>
  <Data Name=""Application"">\device\harddiskvolume2\windows\system32\svchost.exe</Data>
  <Data Name=""Direction"">%%14592</Data>
  <Data Name=""SourceAddress"">10.184.39.194</Data>
  <Data Name=""SourcePort"">59400</Data>
  <Data Name=""DestAddress"">100.100.164.4</Data>
  <Data Name=""DestPort"">49673</Data>
  <Data Name=""Protocol"">6</Data>
  <Data Name=""FilterRTID"">72632</Data>
  <Data Name=""LayerName"">%%14610</Data>
  <Data Name=""LayerRTID"">44</Data>
  <Data Name=""RemoteUserID"">S-1-0-0</Data>
  <Data Name=""RemoteMachineID"">S-1-0-0</Data>
</EventData>",5156,"5156 - The Windows Filtering Platform has allowed a connection.",,,,,,,,,,,,,,,,,,null,null,,,,null,,,,,,,,,,,,,,,,,,,,,,,,,,,,null,,,,,,,,,,,,,,,,,,,,null,,,,,,,,,,,null,,,,,,,,,,,,,,,,,,,,,,,,,,,,,,,,,,,,,,,,,,,,,,,,,,,,,,,,,,,,,,,,,,,,,,,,,,,null,,,,,,,,,,,,,,,,,,,,,,,,,,,,,,,,,,,,,,,,,,,,,,,,,"1d5c4674-1024-46b0-9286-296bd21493b1","45f509be-68c7-4fa0-977b-93aa0fc56f9b","00000000-0000-0000-0000-000000000001","2020-10-16T14:45:28.794Z","AOI-552b9630-b106-4fe7-a1fa-97d04a0010ef",SecurityEvent,"/subscriptions/f0aad602-69cd-4b25-93b9-4b4356915367/resourcegroups/infrastructure/providers/microsoft.compute/virtualmachines/ctxwu2p01-ls01"
"552b9630-b106-4fe7-a1fa-97d04a0010ef","2020-10-16T14:45:14.33Z",OpsManager,"WA.PROVIDENCE.ORG\XAMTLVS0A057$",Machine,"CTXWU2P01-LS01.ad.providence.org","Microsoft-Windows-Security-Auditing",Security,12544,8,,4624,"4624 - An account was successfully logged on.",,,,,,,,,,,,,,,,,,null,null,Kerberos,,,null,,,,,,,,,,,,,,,,,,,,,,,,,,,"%%1843",null,,,,,,,,,,,,,,,,"%%1833",,"10.184.39.194",59400,0,"-",,,,,,"b01b9583-930a-9390-3e11-62a0eb5091d0",,,Kerberos,3,"3 - Network",,,,,,,,,,,,,,,,,,,,,,,,,,,,,,,,,,,,,,,,,,,,,,,,,"-",0x0,"-",,,,,,,,,,,,,,,"-",,,,,,,,null,,,,,,,"-\-",,,,"-",,0x0,,,"-","S-1-0-0",,,"WA.PROVIDENCE.ORG\XAMTLVS0A057$","WA.PROVIDENCE.ORG",,0x0,,0x806f5432,"-","-",,,,"XAMTLVS0A057$","S-1-5-21-420551719-245851362-9522986-619475",,,,,,,,"-",,,,,"%%1843",,,"-","1d5c4674-1024-46b0-9286-296bd21493b1","81c0c932-304a-41eb-9b81-24f1f2efb5c5","00000000-0000-0000-0000-000000000001","2020-10-16T14:45:28.794Z","AOI-552b9630-b106-4fe7-a1fa-97d04a0010ef",SecurityEvent,"/subscriptions/f0aad602-69cd-4b25-93b9-4b4356915367/resourcegroups/infrastructure/providers/microsoft.compute/virtualmachines/ctxwu2p01-ls01"
"552b9630-b106-4fe7-a1fa-97d04a0010ef","2020-10-16T14:45:14.33Z",OpsManager,,,"CTXWU2P01-LS01.ad.providence.org","Microsoft-Windows-Security-Auditing",Security,12554,8,"<EventData xmlns=""http://schemas.microsoft.com/win/2004/08/events/event"">
  <Data Name=""SubjectUserSid"">S-1-0-0</Data>
  <Data Name=""SubjectUserName"">-</Data>
  <Data Name=""SubjectDomainName"">-</Data>
  <Data Name=""SubjectLogonId"">0x0</Data>
  <Data Name=""TargetUserSid"">S-1-5-21-420551719-245851362-9522986-619475</Data>
  <Data Name=""TargetUserName"">XAMTLVS0A057$</Data>
  <Data Name=""TargetDomainName"">WA.PROVIDENCE.ORG</Data>
  <Data Name=""TargetLogonId"">0x806f5432</Data>
  <Data Name=""LogonType"">3</Data>
  <Data Name=""EventIdx"">1</Data>
  <Data Name=""EventCountTotal"">1</Data>
  <Data Name=""GroupMembership""> 		%{S-1-5-21-420551719-245851362-9522986-515} 		%{S-1-1-0} 		%{S-1-5-32-545} 		%{S-1-5-2} 		%{S-1-5-11} 		%{S-1-5-15} 		%{S-1-18-1} 		%{S-1-16-8192}</Data>
</EventData>",4627,"4627 - Group membership information.",,,,,,,,,,,,,,,,,,null,null,,,,null,,,,,,,,,,,,,,,,,,,,,,,,,,,,null,,,,,,,,,,,,,,,,,,,,null,,,,,,,,,,,null,,,,,,,,,,,,,,,,,,,,,,,,,,,,,,,,,,,,,,,,,,,,,,,,,,,,,,,,,,,,,,,,,,,,,,,,,,,null,,,,,,,,,,,,,,,,,,,,,,,,,,,,,,,,,,,,,,,,,,,,,,,,,"1d5c4674-1024-46b0-9286-296bd21493b1","1c29e44e-bf8a-45de-b987-0938fdf6eea6","00000000-0000-0000-0000-000000000001","2020-10-16T14:45:28.794Z","AOI-552b9630-b106-4fe7-a1fa-97d04a0010ef",SecurityEvent,"/subscriptions/f0aad602-69cd-4b25-93b9-4b4356915367/resourcegroups/infrastructure/providers/microsoft.compute/virtualmachines/ctxwu2p01-ls01"
"552b9630-b106-4fe7-a1fa-97d04a0010ef","2020-10-16T14:45:14.46Z",OpsManager,,,"CTXWU2P01-LS01.ad.providence.org","Microsoft-Windows-Security-Auditing",Security,12810,8,"<EventData xmlns=""http://schemas.microsoft.com/win/2004/08/events/event"">
  <Data Name=""ProcessId"">1364</Data>
  <Data Name=""Application"">\device\harddiskvolume2\windows\system32\svchost.exe</Data>
  <Data Name=""SourceAddress"">::</Data>
  <Data Name=""SourcePort"">60190</Data>
  <Data Name=""Protocol"">17</Data>
  <Data Name=""FilterRTID"">0</Data>
  <Data Name=""LayerName"">%%14608</Data>
  <Data Name=""LayerRTID"">36</Data>
</EventData>",5158,"5158 - The Windows Filtering Platform has permitted a bind to a local port.",,,,,,,,,,,,,,,,,,null,null,,,,null,,,,,,,,,,,,,,,,,,,,,,,,,,,,null,,,,,,,,,,,,,,,,,,,,null,,,,,,,,,,,null,,,,,,,,,,,,,,,,,,,,,,,,,,,,,,,,,,,,,,,,,,,,,,,,,,,,,,,,,,,,,,,,,,,,,,,,,,,null,,,,,,,,,,,,,,,,,,,,,,,,,,,,,,,,,,,,,,,,,,,,,,,,,"1d5c4674-1024-46b0-9286-296bd21493b1","68a1643f-d085-483c-bb97-8acb3edb4d3d","00000000-0000-0000-0000-000000000001","2020-10-16T14:45:28.794Z","AOI-552b9630-b106-4fe7-a1fa-97d04a0010ef",SecurityEvent,"/subscriptions/f0aad602-69cd-4b25-93b9-4b4356915367/resourcegroups/infrastructure/providers/microsoft.compute/virtualmachines/ctxwu2p01-ls01"
