"552b9630-b106-4fe7-a1fa-97d04a0010ef","2020-10-16T14:45:28.797Z",OpsManager,,,"WN77043.wa.providence.org","Microsoft-Windows-Security-Auditing",Security,14339,8,"<EventData xmlns=""http://schemas.microsoft.com/win/2004/08/events/event"">
  <Data Name=""TargetUserName"">servSCOMSQLREAD</Data>
  <Data Name=""TargetDomainName"">PHSWA</Data>
  <Data Name=""TargetSid"">S-1-5-21-420551719-245851362-9522986-619855</Data>
  <Data Name=""ServiceName"">krbtgt</Data>
  <Data Name=""ServiceSid"">S-1-5-21-420551719-245851362-9522986-502</Data>
  <Data Name=""TicketOptions"">0x40810010</Data>
  <Data Name=""Status"">0x0</Data>
  <Data Name=""TicketEncryptionType"">0x12</Data>
  <Data Name=""PreAuthType"">2</Data>
  <Data Name=""IpAddress"">::ffff:100.100.161.132</Data>
  <Data Name=""IpPort"">50221</Data>
  <Data Name=""CertIssuerName""></Data>
  <Data Name=""CertSerialNumber""></Data>
  <Data Name=""CertThumbprint""></Data>
</EventData>",4768,"4768 - A Kerberos authentication ticket (TGT) was requested.",,,,,,,,,,,,,,,,,,null,null,,,,null,,,,,,,,,,,,,,,,,,,,,,,,,,,,null,,,,,,,,,,,,,,,,,,"::ffff:100.100.161.132",50221,null,,,,,,,,,,,null,,,,,,,,,,,,,,,,,,,,,,,,,,,,,,,,,,,,,,,,,,,,,,,,,,,,,,,,,,,,,,,,,,,,,,,,,,krbtgt,null,,,,,,0x0,,,,,,,,,,,,,,"PHSWA\servSCOMSQLREAD",PHSWA,,,,,,,,"S-1-5-21-420551719-245851362-9522986-619855",,servSCOMSQLREAD,,,,,,,,,,,,,,,,,,"17784e06-f029-48b9-af31-001560eb6c40","37e9494d-005b-458a-b2ff-309781d11a7e","00000000-0000-0000-0000-000000000001","2020-10-16T14:45:29.297Z","AOI-552b9630-b106-4fe7-a1fa-97d04a0010ef",SecurityEvent,
"552b9630-b106-4fe7-a1fa-97d04a0010ef","2020-10-16T14:45:28.797Z",OpsManager,"PHSCA\n9145293",User,"WN77043.wa.providence.org","Microsoft-Windows-Security-Auditing",Security,12544,8,,4624,"4624 - An account was successfully logged on.",,,,,,,,,,,,,,,,,,null,null,Kerberos,,,null,,,,,,,,,,,,,,,,,,,,,,,,,,,,null,,,,,,,,,,,,,,,,"%%1833",,"10.227.176.43",60419,0,"-",,,,,,"639f04e0-cdb2-c052-c514-8a22521e3347",,,Kerberos,3,"3 - Network",,,,,,,,,,,,,,,,,,,,,,,,,,,,,,,,,,,,,,,,,,,,,,,,,"-",0x0,"-",,,,,,,,,,,,,,,,,,,,,,,null,,,,,,,"-\-",,,,"-",,0x0,,,"-","S-1-0-0",,,"PHSCA\n9145293",PHSCA,,,,0x210f423f8,,,,,,n9145293,"S-1-5-21-33376725-67850805-1852903728-542643",,,,,,,,"-",,,,,,,,"-","17784e06-f029-48b9-af31-001560eb6c40","5bf7593a-9f9b-4932-a8a2-608942ac52f4","00000000-0000-0000-0000-000000000001","2020-10-16T14:45:29.297Z","AOI-552b9630-b106-4fe7-a1fa-97d04a0010ef",SecurityEvent,
"552b9630-b106-4fe7-a1fa-97d04a0010ef","2020-10-16T14:45:28.797Z",OpsManager,"PHSOR\XDSDC1360316$",Machine,"WN77043.wa.providence.org","Microsoft-Windows-Security-Auditing",Security,12544,8,,4624,"4624 - An account was successfully logged on.",,,,,,,,,,,,,,,,,,null,null,Kerberos,,,null,,,,,,,,,,,,,,,,,,,,,,,,,,,,null,,,,,,,,,,,,,,,,"%%1840",,"10.231.254.184",55072,0,"-",,,,,,"7ea12874-aa9f-53a2-094c-f8d6e771e656",,,Kerberos,3,"3 - Network",,,,,,,,,,,,,,,,,,,,,,,,,,,,,,,,,,,,,,,,,,,,,,,,,"-",0x0,"-",,,,,,,,,,,,,,,,,,,,,,,null,,,,,,,"-\-",,,,"-",,0x0,,,"-","S-1-0-0",,,"PHSOR\XDSDC1360316$",PHSOR,,,,0x210f4241b,,,,,,"XDSDC1360316$","S-1-5-21-950606397-1149711550-2133884337-621993",,,,,,,,"-",,,,,,,,"-","17784e06-f029-48b9-af31-001560eb6c40","3e72c801-bb6b-46b5-8214-55d6ebdc503e","00000000-0000-0000-0000-000000000001","2020-10-16T14:45:29.297Z","AOI-552b9630-b106-4fe7-a1fa-97d04a0010ef",SecurityEvent,
"552b9630-b106-4fe7-a1fa-97d04a0010ef","2020-10-16T14:45:28.797Z",OpsManager,"PHSWA\WN34025$",Machine,"WN77043.wa.providence.org","Microsoft-Windows-Security-Auditing",Security,12545,8,,4634,"4634 - An account was logged off.",,,,,,,,,,,,,,,,,,null,null,,,,null,,,,,,,,,,,,,,,,,,,,,,,,,,,,null,,,,,,,,,,,,,,,,,,,,null,,,,,,,,,,,3,"3 - Network",,,,,,,,,,,,,,,,,,,,,,,,,,,,,,,,,,,,,,,,,,,,,,,,,,,,,,,,,,,,,,,,,,,,,,,,,,null,,,,,,,,,,,,,,,,,,,,"PHSWA\WN34025$",PHSWA,,,,0x210f196ed,,,,,,"WN34025$","S-1-5-21-420551719-245851362-9522986-313264",,,,,,,,,,,,,,,,,"17784e06-f029-48b9-af31-001560eb6c40","4574682f-2009-4c01-acee-48fe81e8a161","00000000-0000-0000-0000-000000000001","2020-10-16T14:45:29.297Z","AOI-552b9630-b106-4fe7-a1fa-97d04a0010ef",SecurityEvent,
"552b9630-b106-4fe7-a1fa-97d04a0010ef","2020-10-16T14:45:28.797Z",OpsManager,,,"WN77043.wa.providence.org","Microsoft-Windows-Security-Auditing",Security,14336,16,"<EventData xmlns=""http://schemas.microsoft.com/win/2004/08/events/event"">
  <Data Name=""PackageName"">MICROSOFT_AUTHENTICATION_PACKAGE_V1_0</Data>
  <Data Name=""TargetUserName"">WATC877491@wa.providence.org</Data>
  <Data Name=""Workstation"">\\WSBY-4A12-ISE01</Data>
  <Data Name=""Status"">0xc0000064</Data>
</EventData>",4776,"4776 - The domain controller attempted to validate the credentials for an account.",,,,,,,,,,,,,,,,,,null,null,,,,null,,,,,,,,,,,,,,,,,,,,,,,,,,,,null,,,,,,,,,,,,,,,,,,,,null,,,,,,,,,,,null,,,,,,,,,,,,,,,,,,,,,,,,,,,,,,,,,,,,,,,,"MICROSOFT_AUTHENTICATION_PACKAGE_V1_0",,,,,,,,,,,,,,,,,,,,,,,,,,,,,,,,,,,null,,,,,,0xc0000064,,,,,,,,,,,,,,"WATC877491@wa.providence.org",,,,,,,,,,,"WATC877491@wa.providence.org",,,,,,,,,,,,,,,,"\\WSBY-4A12-ISE01",,"17784e06-f029-48b9-af31-001560eb6c40","aaf784af-cc6e-4d00-b72a-431e05886c76","00000000-0000-0000-0000-000000000001","2020-10-16T14:45:29.297Z","AOI-552b9630-b106-4fe7-a1fa-97d04a0010ef",SecurityEvent,
"552b9630-b106-4fe7-a1fa-97d04a0010ef","2020-10-16T14:45:28.797Z",OpsManager,,,"WN77043.wa.providence.org","Microsoft-Windows-Security-Auditing",Security,14336,8,"<EventData xmlns=""http://schemas.microsoft.com/win/2004/08/events/event"">
  <Data Name=""PackageName"">MICROSOFT_AUTHENTICATION_PACKAGE_V1_0</Data>
  <Data Name=""TargetUserName"">WATC877491@wa.providence.org</Data>
  <Data Name=""Workstation"">\\WSBY-4A12-ISE01</Data>
  <Data Name=""Status"">0x0</Data>
</EventData>",4776,"4776 - The domain controller attempted to validate the credentials for an account.",,,,,,,,,,,,,,,,,,null,null,,,,null,,,,,,,,,,,,,,,,,,,,,,,,,,,,null,,,,,,,,,,,,,,,,,,,,null,,,,,,,,,,,null,,,,,,,,,,,,,,,,,,,,,,,,,,,,,,,,,,,,,,,,"MICROSOFT_AUTHENTICATION_PACKAGE_V1_0",,,,,,,,,,,,,,,,,,,,,,,,,,,,,,,,,,,null,,,,,,0x0,,,,,,,,,,,,,,"WATC877491@wa.providence.org",,,,,,,,,,,"WATC877491@wa.providence.org",,,,,,,,,,,,,,,,"\\WSBY-4A12-ISE01",,"17784e06-f029-48b9-af31-001560eb6c40","30ef3ae1-ac56-481e-8cf2-27e2ded642c4","00000000-0000-0000-0000-000000000001","2020-10-16T14:45:29.297Z","AOI-552b9630-b106-4fe7-a1fa-97d04a0010ef",SecurityEvent,
"552b9630-b106-4fe7-a1fa-97d04a0010ef","2020-10-16T14:45:28.813Z",OpsManager,"PHSWA\WTC877736",User,"WN77043.wa.providence.org","Microsoft-Windows-Security-Auditing",Security,12545,8,,4634,"4634 - An account was logged off.",,,,,,,,,,,,,,,,,,null,null,,,,null,,,,,,,,,,,,,,,,,,,,,,,,,,,,null,,,,,,,,,,,,,,,,,,,,null,,,,,,,,,,,3,"3 - Network",,,,,,,,,,,,,,,,,,,,,,,,,,,,,,,,,,,,,,,,,,,,,,,,,,,,,,,,,,,,,,,,,,,,,,,,,,null,,,,,,,,,,,,,,,,,,,,"PHSWA\WTC877736",PHSWA,,,,0x210f423d9,,,,,,WTC877736,"S-1-5-21-420551719-245851362-9522986-296645",,,,,,,,,,,,,,,,,"17784e06-f029-48b9-af31-001560eb6c40","acaf879f-8938-46ca-b06d-9fa42fd18a35","00000000-0000-0000-0000-000000000001","2020-10-16T14:45:29.297Z","AOI-552b9630-b106-4fe7-a1fa-97d04a0010ef",SecurityEvent,
"552b9630-b106-4fe7-a1fa-97d04a0010ef","2020-10-16T14:45:28.813Z",OpsManager,"PHSWA\WTC877736",User,"WN77043.wa.providence.org","Microsoft-Windows-Security-Auditing",Security,12545,8,,4634,"4634 - An account was logged off.",,,,,,,,,,,,,,,,,,null,null,,,,null,,,,,,,,,,,,,,,,,,,,,,,,,,,,null,,,,,,,,,,,,,,,,,,,,null,,,,,,,,,,,3,"3 - Network",,,,,,,,,,,,,,,,,,,,,,,,,,,,,,,,,,,,,,,,,,,,,,,,,,,,,,,,,,,,,,,,,,,,,,,,,,null,,,,,,,,,,,,,,,,,,,,"PHSWA\WTC877736",PHSWA,,,,0x210f423b8,,,,,,WTC877736,"S-1-5-21-420551719-245851362-9522986-296645",,,,,,,,,,,,,,,,,"17784e06-f029-48b9-af31-001560eb6c40","4853080b-8e24-4843-8a2c-1366c9feaa8b","00000000-0000-0000-0000-000000000001","2020-10-16T14:45:29.297Z","AOI-552b9630-b106-4fe7-a1fa-97d04a0010ef",SecurityEvent,
"552b9630-b106-4fe7-a1fa-97d04a0010ef","2020-10-16T14:45:28.813Z",OpsManager,"AD\servInfobloxSyncDNS",User,"WN77043.wa.providence.org","Microsoft-Windows-Security-Auditing",Security,12545,8,,4634,"4634 - An account was logged off.",,,,,,,,,,,,,,,,,,null,null,,,,null,,,,,,,,,,,,,,,,,,,,,,,,,,,,null,,,,,,,,,,,,,,,,,,,,null,,,,,,,,,,,3,"3 - Network",,,,,,,,,,,,,,,,,,,,,,,,,,,,,,,,,,,,,,,,,,,,,,,,,,,,,,,,,,,,,,,,,,,,,,,,,,null,,,,,,,,,,,,,,,,,,,,"AD\servInfobloxSyncDNS",AD,,,,0x210f4175d,,,,,,servInfobloxSyncDNS,"S-1-5-21-1078081533-725345543-682003330-38622",,,,,,,,,,,,,,,,,"17784e06-f029-48b9-af31-001560eb6c40","b24b0a8f-5b3b-449a-a6e2-5992b6b21413","00000000-0000-0000-0000-000000000001","2020-10-16T14:45:29.297Z","AOI-552b9630-b106-4fe7-a1fa-97d04a0010ef",SecurityEvent,
"552b9630-b106-4fe7-a1fa-97d04a0010ef","2020-10-16T14:45:28.813Z",OpsManager,"AD\servInfobloxSyncDNS",User,"WN77043.wa.providence.org","Microsoft-Windows-Security-Auditing",Security,12545,8,,4634,"4634 - An account was logged off.",,,,,,,,,,,,,,,,,,null,null,,,,null,,,,,,,,,,,,,,,,,,,,,,,,,,,,null,,,,,,,,,,,,,,,,,,,,null,,,,,,,,,,,3,"3 - Network",,,,,,,,,,,,,,,,,,,,,,,,,,,,,,,,,,,,,,,,,,,,,,,,,,,,,,,,,,,,,,,,,,,,,,,,,,null,,,,,,,,,,,,,,,,,,,,"AD\servInfobloxSyncDNS",AD,,,,0x210f41815,,,,,,servInfobloxSyncDNS,"S-1-5-21-1078081533-725345543-682003330-38622",,,,,,,,,,,,,,,,,"17784e06-f029-48b9-af31-001560eb6c40","6edeac81-4b4b-4aa1-8914-77ad5e046c56","00000000-0000-0000-0000-000000000001","2020-10-16T14:45:29.297Z","AOI-552b9630-b106-4fe7-a1fa-97d04a0010ef",SecurityEvent,
"552b9630-b106-4fe7-a1fa-97d04a0010ef","2020-10-16T14:45:28.813Z",OpsManager,"PHSWA\WN39195$",Machine,"WN77043.wa.providence.org","Microsoft-Windows-Security-Auditing",Security,12545,8,,4634,"4634 - An account was logged off.",,,,,,,,,,,,,,,,,,null,null,,,,null,,,,,,,,,,,,,,,,,,,,,,,,,,,,null,,,,,,,,,,,,,,,,,,,,null,,,,,,,,,,,3,"3 - Network",,,,,,,,,,,,,,,,,,,,,,,,,,,,,,,,,,,,,,,,,,,,,,,,,,,,,,,,,,,,,,,,,,,,,,,,,,null,,,,,,,,,,,,,,,,,,,,"PHSWA\WN39195$",PHSWA,,,,0x210de3d6f,,,,,,"WN39195$","S-1-5-21-420551719-245851362-9522986-308815",,,,,,,,,,,,,,,,,"17784e06-f029-48b9-af31-001560eb6c40","24f14e9f-8f51-4b13-8145-3de77cf979f7","00000000-0000-0000-0000-000000000001","2020-10-16T14:45:29.297Z","AOI-552b9630-b106-4fe7-a1fa-97d04a0010ef",SecurityEvent,
"552b9630-b106-4fe7-a1fa-97d04a0010ef","2020-10-16T14:45:28.83Z",OpsManager,,,"WN77043.wa.providence.org","Microsoft-Windows-Security-Auditing",Security,14339,8,"<EventData xmlns=""http://schemas.microsoft.com/win/2004/08/events/event"">
  <Data Name=""TargetUserName"">serv_GEDC</Data>
  <Data Name=""TargetDomainName"">phswa</Data>
  <Data Name=""TargetSid"">S-1-5-21-420551719-245851362-9522986-129291</Data>
  <Data Name=""ServiceName"">krbtgt</Data>
  <Data Name=""ServiceSid"">S-1-5-21-420551719-245851362-9522986-502</Data>
  <Data Name=""TicketOptions"">0x40810010</Data>
  <Data Name=""Status"">0x0</Data>
  <Data Name=""TicketEncryptionType"">0x12</Data>
  <Data Name=""PreAuthType"">2</Data>
  <Data Name=""IpAddress"">2002:aaad:f6f5::aaad:f6f5</Data>
  <Data Name=""IpPort"">58112</Data>
  <Data Name=""CertIssuerName""></Data>
  <Data Name=""CertSerialNumber""></Data>
  <Data Name=""CertThumbprint""></Data>
</EventData>",4768,"4768 - A Kerberos authentication ticket (TGT) was requested.",,,,,,,,,,,,,,,,,,null,null,,,,null,,,,,,,,,,,,,,,,,,,,,,,,,,,,null,,,,,,,,,,,,,,,,,,"2002:aaad:f6f5::aaad:f6f5",58112,null,,,,,,,,,,,null,,,,,,,,,,,,,,,,,,,,,,,,,,,,,,,,,,,,,,,,,,,,,,,,,,,,,,,,,,,,,,,,,,,,,,,,,,krbtgt,null,,,,,,0x0,,,,,,,,,,,,,,"phswa\serv_GEDC",phswa,,,,,,,,"S-1-5-21-420551719-245851362-9522986-129291",,"serv_GEDC",,,,,,,,,,,,,,,,,,"17784e06-f029-48b9-af31-001560eb6c40","e4dce4ec-b437-4603-91a9-edb486c026e7","00000000-0000-0000-0000-000000000001","2020-10-16T14:45:29.297Z","AOI-552b9630-b106-4fe7-a1fa-97d04a0010ef",SecurityEvent,
"552b9630-b106-4fe7-a1fa-97d04a0010ef","2020-10-16T14:45:28.83Z",OpsManager,"PHSOR\XDSDC1150328$",Machine,"WN77043.wa.providence.org","Microsoft-Windows-Security-Auditing",Security,12544,8,,4624,"4624 - An account was successfully logged on.",,,,,,,,,,,,,,,,,,null,null,Kerberos,,,null,,,,,,,,,,,,,,,,,,,,,,,,,,,,null,,,,,,,,,,,,,,,,"%%1840",,"10.231.24.171",52659,0,"-",,,,,,"4fc3baf4-c6fb-0579-62f5-e5d2cc79bea8",,,Kerberos,3,"3 - Network",,,,,,,,,,,,,,,,,,,,,,,,,,,,,,,,,,,,,,,,,,,,,,,,,"-",0x0,"-",,,,,,,,,,,,,,,,,,,,,,,null,,,,,,,"-\-",,,,"-",,0x0,,,"-","S-1-0-0",,,"PHSOR\XDSDC1150328$",PHSOR,,,,0x210f424b7,,,,,,"XDSDC1150328$","S-1-5-21-950606397-1149711550-2133884337-597379",,,,,,,,"-",,,,,,,,"-","17784e06-f029-48b9-af31-001560eb6c40","649ead38-01dd-4d62-8568-7e935ab633bb","00000000-0000-0000-0000-000000000001","2020-10-16T14:45:29.297Z","AOI-552b9630-b106-4fe7-a1fa-97d04a0010ef",SecurityEvent,
"552b9630-b106-4fe7-a1fa-97d04a0010ef","2020-10-16T14:45:28.843Z",OpsManager,"PHSWA\XAwmSDC5B923$",Machine,"WN77043.wa.providence.org","Microsoft-Windows-Security-Auditing",Security,12544,8,,4624,"4624 - An account was successfully logged on.",,,,,,,,,,,,,,,,,,null,null,Kerberos,,,null,,,,,,,,,,,,,,,,,,,,,,,,,,,,null,,,,,,,,,,,,,,,,"%%1840",,"170.173.97.137",56640,0,"-",,,,,,"28ea6f43-4620-25a1-42e2-3bee2e54f355",,,Kerberos,3,"3 - Network",,,,,,,,,,,,,,,,,,,,,,,,,,,,,,,,,,,,,,,,,,,,,,,,,"-",0x0,"-",,,,,,,,,,,,,,,,,,,,,,,null,,,,,,,"-\-",,,,"-",,0x0,,,"-","S-1-0-0",,,"PHSWA\XAwmSDC5B923$",PHSWA,,,,0x210f424dd,,,,,,"XAwmSDC5B923$","S-1-5-21-420551719-245851362-9522986-621704",,,,,,,,"-",,,,,,,,"-","17784e06-f029-48b9-af31-001560eb6c40","d9a60a29-f45f-4196-ac05-0ea97fb4316c","00000000-0000-0000-0000-000000000001","2020-10-16T14:45:29.297Z","AOI-552b9630-b106-4fe7-a1fa-97d04a0010ef",SecurityEvent,
"552b9630-b106-4fe7-a1fa-97d04a0010ef","2020-10-16T14:45:28.843Z",OpsManager,"PHSWA\p441073",User,"WN77043.wa.providence.org","Microsoft-Windows-Security-Auditing",Security,12545,8,,4634,"4634 - An account was logged off.",,,,,,,,,,,,,,,,,,null,null,,,,null,,,,,,,,,,,,,,,,,,,,,,,,,,,,null,,,,,,,,,,,,,,,,,,,,null,,,,,,,,,,,3,"3 - Network",,,,,,,,,,,,,,,,,,,,,,,,,,,,,,,,,,,,,,,,,,,,,,,,,,,,,,,,,,,,,,,,,,,,,,,,,,null,,,,,,,,,,,,,,,,,,,,"PHSWA\p441073",PHSWA,,,,0x210f417b9,,,,,,p441073,"S-1-5-21-420551719-245851362-9522986-310174",,,,,,,,,,,,,,,,,"17784e06-f029-48b9-af31-001560eb6c40","51ec9ef5-f4e1-44f2-9fd6-b8b1a303f271","00000000-0000-0000-0000-000000000001","2020-10-16T14:45:29.297Z","AOI-552b9630-b106-4fe7-a1fa-97d04a0010ef",SecurityEvent,
"552b9630-b106-4fe7-a1fa-97d04a0010ef","2020-10-16T14:45:28.843Z",OpsManager,,,"WN77043.wa.providence.org","Microsoft-Windows-Security-Auditing",Security,14339,8,"<EventData xmlns=""http://schemas.microsoft.com/win/2004/08/events/event"">
  <Data Name=""TargetUserName"">SETC902042</Data>
  <Data Name=""TargetDomainName"">PHSWA</Data>
  <Data Name=""TargetSid"">S-1-5-21-420551719-245851362-9522986-527088</Data>
  <Data Name=""ServiceName"">krbtgt</Data>
  <Data Name=""ServiceSid"">S-1-5-21-420551719-245851362-9522986-502</Data>
  <Data Name=""TicketOptions"">0x40810010</Data>
  <Data Name=""Status"">0x0</Data>
  <Data Name=""TicketEncryptionType"">0x12</Data>
  <Data Name=""PreAuthType"">2</Data>
  <Data Name=""IpAddress"">::ffff:100.100.164.10</Data>
  <Data Name=""IpPort"">56473</Data>
  <Data Name=""CertIssuerName""></Data>
  <Data Name=""CertSerialNumber""></Data>
  <Data Name=""CertThumbprint""></Data>
</EventData>",4768,"4768 - A Kerberos authentication ticket (TGT) was requested.",,,,,,,,,,,,,,,,,,null,null,,,,null,,,,,,,,,,,,,,,,,,,,,,,,,,,,null,,,,,,,,,,,,,,,,,,"::ffff:100.100.164.10",56473,null,,,,,,,,,,,null,,,,,,,,,,,,,,,,,,,,,,,,,,,,,,,,,,,,,,,,,,,,,,,,,,,,,,,,,,,,,,,,,,,,,,,,,,krbtgt,null,,,,,,0x0,,,,,,,,,,,,,,"PHSWA\SETC902042",PHSWA,,,,,,,,"S-1-5-21-420551719-245851362-9522986-527088",,SETC902042,,,,,,,,,,,,,,,,,,"17784e06-f029-48b9-af31-001560eb6c40","274ec893-d764-4477-84ca-83769ca03652","00000000-0000-0000-0000-000000000001","2020-10-16T14:45:29.297Z","AOI-552b9630-b106-4fe7-a1fa-97d04a0010ef",SecurityEvent,
"552b9630-b106-4fe7-a1fa-97d04a0010ef","2020-10-16T14:45:28.843Z",OpsManager,"PHSCA\CA851728$",Machine,"WN77043.wa.providence.org","Microsoft-Windows-Security-Auditing",Security,12545,8,,4634,"4634 - An account was logged off.",,,,,,,,,,,,,,,,,,null,null,,,,null,,,,,,,,,,,,,,,,,,,,,,,,,,,,null,,,,,,,,,,,,,,,,,,,,null,,,,,,,,,,,3,"3 - Network",,,,,,,,,,,,,,,,,,,,,,,,,,,,,,,,,,,,,,,,,,,,,,,,,,,,,,,,,,,,,,,,,,,,,,,,,,null,,,,,,,,,,,,,,,,,,,,"PHSCA\CA851728$",PHSCA,,,,0x210f1db69,,,,,,"CA851728$","S-1-5-21-33376725-67850805-1852903728-313393",,,,,,,,,,,,,,,,,"17784e06-f029-48b9-af31-001560eb6c40","19ad63b9-0df4-48b6-8c25-ea98870628da","00000000-0000-0000-0000-000000000001","2020-10-16T14:45:29.297Z","AOI-552b9630-b106-4fe7-a1fa-97d04a0010ef",SecurityEvent,
"552b9630-b106-4fe7-a1fa-97d04a0010ef","2020-10-16T14:45:28.86Z",OpsManager,"EXT\x9022152",User,"WN77043.wa.providence.org","Microsoft-Windows-Security-Auditing",Security,12545,8,,4634,"4634 - An account was logged off.",,,,,,,,,,,,,,,,,,null,null,,,,null,,,,,,,,,,,,,,,,,,,,,,,,,,,,null,,,,,,,,,,,,,,,,,,,,null,,,,,,,,,,,3,"3 - Network",,,,,,,,,,,,,,,,,,,,,,,,,,,,,,,,,,,,,,,,,,,,,,,,,,,,,,,,,,,,,,,,,,,,,,,,,,null,,,,,,,,,,,,,,,,,,,,"EXT\x9022152",EXT,,,,0x210f418ca,,,,,,x9022152,"S-1-5-21-3858881673-1015867954-130600935-1496",,,,,,,,,,,,,,,,,"17784e06-f029-48b9-af31-001560eb6c40","d1447699-c6e7-4055-aa80-3f6a5936f575","00000000-0000-0000-0000-000000000001","2020-10-16T14:45:29.297Z","AOI-552b9630-b106-4fe7-a1fa-97d04a0010ef",SecurityEvent,
"552b9630-b106-4fe7-a1fa-97d04a0010ef","2020-10-16T14:45:28.877Z",OpsManager,"PHSCA\shasan",User,"WN77043.wa.providence.org","Microsoft-Windows-Security-Auditing",Security,12545,8,,4634,"4634 - An account was logged off.",,,,,,,,,,,,,,,,,,null,null,,,,null,,,,,,,,,,,,,,,,,,,,,,,,,,,,null,,,,,,,,,,,,,,,,,,,,null,,,,,,,,,,,3,"3 - Network",,,,,,,,,,,,,,,,,,,,,,,,,,,,,,,,,,,,,,,,,,,,,,,,,,,,,,,,,,,,,,,,,,,,,,,,,,null,,,,,,,,,,,,,,,,,,,,"PHSCA\shasan",PHSCA,,,,0x210e62bcf,,,,,,shasan,"S-1-5-21-33376725-67850805-1852903728-24316",,,,,,,,,,,,,,,,,"17784e06-f029-48b9-af31-001560eb6c40","48764efe-2aa8-4d48-b916-0b24a4161ee0","00000000-0000-0000-0000-000000000001","2020-10-16T14:45:29.297Z","AOI-552b9630-b106-4fe7-a1fa-97d04a0010ef",SecurityEvent,
"552b9630-b106-4fe7-a1fa-97d04a0010ef","2020-10-16T14:45:28.877Z",OpsManager,,,"WN77043.wa.providence.org","Microsoft-Windows-Security-Auditing",Security,14339,8,"<EventData xmlns=""http://schemas.microsoft.com/win/2004/08/events/event"">
  <Data Name=""TargetUserName"">serv_GEDC</Data>
  <Data Name=""TargetDomainName"">phswa</Data>
  <Data Name=""TargetSid"">S-1-5-21-420551719-245851362-9522986-129291</Data>
  <Data Name=""ServiceName"">krbtgt</Data>
  <Data Name=""ServiceSid"">S-1-5-21-420551719-245851362-9522986-502</Data>
  <Data Name=""TicketOptions"">0x40810010</Data>
  <Data Name=""Status"">0x0</Data>
  <Data Name=""TicketEncryptionType"">0x12</Data>
  <Data Name=""PreAuthType"">2</Data>
  <Data Name=""IpAddress"">2002:aaad:f6f5::aaad:f6f5</Data>
  <Data Name=""IpPort"">58117</Data>
  <Data Name=""CertIssuerName""></Data>
  <Data Name=""CertSerialNumber""></Data>
  <Data Name=""CertThumbprint""></Data>
</EventData>",4768,"4768 - A Kerberos authentication ticket (TGT) was requested.",,,,,,,,,,,,,,,,,,null,null,,,,null,,,,,,,,,,,,,,,,,,,,,,,,,,,,null,,,,,,,,,,,,,,,,,,"2002:aaad:f6f5::aaad:f6f5",58117,null,,,,,,,,,,,null,,,,,,,,,,,,,,,,,,,,,,,,,,,,,,,,,,,,,,,,,,,,,,,,,,,,,,,,,,,,,,,,,,,,,,,,,,krbtgt,null,,,,,,0x0,,,,,,,,,,,,,,"phswa\serv_GEDC",phswa,,,,,,,,"S-1-5-21-420551719-245851362-9522986-129291",,"serv_GEDC",,,,,,,,,,,,,,,,,,"17784e06-f029-48b9-af31-001560eb6c40","2d4eba84-e2e8-4e1e-b786-52231b3c2348","00000000-0000-0000-0000-000000000001","2020-10-16T14:45:29.297Z","AOI-552b9630-b106-4fe7-a1fa-97d04a0010ef",SecurityEvent,
"552b9630-b106-4fe7-a1fa-97d04a0010ef","2020-10-16T14:45:28.877Z",OpsManager,"PHSWA\SEDT1016248$",Machine,"WN77043.wa.providence.org","Microsoft-Windows-Security-Auditing",Security,12545,8,,4634,"4634 - An account was logged off.",,,,,,,,,,,,,,,,,,null,null,,,,null,,,,,,,,,,,,,,,,,,,,,,,,,,,,null,,,,,,,,,,,,,,,,,,,,null,,,,,,,,,,,3,"3 - Network",,,,,,,,,,,,,,,,,,,,,,,,,,,,,,,,,,,,,,,,,,,,,,,,,,,,,,,,,,,,,,,,,,,,,,,,,,null,,,,,,,,,,,,,,,,,,,,"PHSWA\SEDT1016248$",PHSWA,,,,0x210ef2c23,,,,,,"SEDT1016248$","S-1-5-21-420551719-245851362-9522986-508319",,,,,,,,,,,,,,,,,"17784e06-f029-48b9-af31-001560eb6c40","1a2effa9-62a0-48bc-ad3a-2b08f7f64c20","00000000-0000-0000-0000-000000000001","2020-10-16T14:45:29.297Z","AOI-552b9630-b106-4fe7-a1fa-97d04a0010ef",SecurityEvent,
"552b9630-b106-4fe7-a1fa-97d04a0010ef","2020-10-16T14:45:28.877Z",OpsManager,"PHSWA\WN4950$",Machine,"WN77043.wa.providence.org","Microsoft-Windows-Security-Auditing",Security,12545,8,,4634,"4634 - An account was logged off.",,,,,,,,,,,,,,,,,,null,null,,,,null,,,,,,,,,,,,,,,,,,,,,,,,,,,,null,,,,,,,,,,,,,,,,,,,,null,,,,,,,,,,,3,"3 - Network",,,,,,,,,,,,,,,,,,,,,,,,,,,,,,,,,,,,,,,,,,,,,,,,,,,,,,,,,,,,,,,,,,,,,,,,,,null,,,,,,,,,,,,,,,,,,,,"PHSWA\WN4950$",PHSWA,,,,0x210f26834,,,,,,"WN4950$","S-1-5-21-420551719-245851362-9522986-142138",,,,,,,,,,,,,,,,,"17784e06-f029-48b9-af31-001560eb6c40","2a53e1bb-75c5-4a25-9cb8-c0ae6997af68","00000000-0000-0000-0000-000000000001","2020-10-16T14:45:29.297Z","AOI-552b9630-b106-4fe7-a1fa-97d04a0010ef",SecurityEvent,
"552b9630-b106-4fe7-a1fa-97d04a0010ef","2020-10-16T14:45:28.877Z",OpsManager,"PHSWA\XAocSDC1B148$",Machine,"WN77043.wa.providence.org","Microsoft-Windows-Security-Auditing",Security,12545,8,,4634,"4634 - An account was logged off.",,,,,,,,,,,,,,,,,,null,null,,,,null,,,,,,,,,,,,,,,,,,,,,,,,,,,,null,,,,,,,,,,,,,,,,,,,,null,,,,,,,,,,,3,"3 - Network",,,,,,,,,,,,,,,,,,,,,,,,,,,,,,,,,,,,,,,,,,,,,,,,,,,,,,,,,,,,,,,,,,,,,,,,,,null,,,,,,,,,,,,,,,,,,,,"PHSWA\XAocSDC1B148$",PHSWA,,,,0x210e6b427,,,,,,"XAocSDC1B148$","S-1-5-21-420551719-245851362-9522986-601548",,,,,,,,,,,,,,,,,"17784e06-f029-48b9-af31-001560eb6c40","8283bc3e-bbab-4534-9335-771263ba8c19","00000000-0000-0000-0000-000000000001","2020-10-16T14:45:29.297Z","AOI-552b9630-b106-4fe7-a1fa-97d04a0010ef",SecurityEvent,
"552b9630-b106-4fe7-a1fa-97d04a0010ef","2020-10-16T14:45:28.89Z",OpsManager,"PHSWA\WN65506$",Machine,"WN77043.wa.providence.org","Microsoft-Windows-Security-Auditing",Security,12544,8,,4624,"4624 - An account was successfully logged on.",,,,,,,,,,,,,,,,,,null,null,Kerberos,,,null,,,,,,,,,,,,,,,,,,,,,,,,,,,,null,,,,,,,,,,,,,,,,"%%1840",,"2002:aaad:a2d8::aaad:a2d8",59726,0,"-",,,,,,"d1cd2234-4ef1-bc00-d38b-8c26aeb8c26b",,,Kerberos,3,"3 - Network",,,,,,,,,,,,,,,,,,,,,,,,,,,,,,,,,,,,,,,,,,,,,,,,,"-",0x0,"-",,,,,,,,,,,,,,,,,,,,,,,null,,,,,,,"-\-",,,,"-",,0x0,,,"-","S-1-0-0",,,"PHSWA\WN65506$",PHSWA,,,,0x210f426d7,,,,,,"WN65506$","S-1-5-21-420551719-245851362-9522986-258875",,,,,,,,"-",,,,,,,,"-","17784e06-f029-48b9-af31-001560eb6c40","dd78ed3b-5ad4-4f2c-824a-89fdc1f491f9","00000000-0000-0000-0000-000000000001","2020-10-16T14:45:29.297Z","AOI-552b9630-b106-4fe7-a1fa-97d04a0010ef",SecurityEvent,
"552b9630-b106-4fe7-a1fa-97d04a0010ef","2020-10-16T14:45:28.907Z",OpsManager,"EXT\x9022152",User,"WN77043.wa.providence.org","Microsoft-Windows-Security-Auditing",Security,12544,8,,4624,"4624 - An account was successfully logged on.",,,,,,,,,,,,,,,,,,null,null,Kerberos,,,null,,,,,,,,,,,,,,,,,,,,,,,,,,,,null,,,,,,,,,,,,,,,,"%%1833",,"170.173.96.202",59902,0,"-",,,,,,"508c1153-315d-2785-56a3-c21fcd7e1f54",,,Kerberos,3,"3 - Network",,,,,,,,,,,,,,,,,,,,,,,,,,,,,,,,,,,,,,,,,,,,,,,,,"-",0x0,"-",,,,,,,,,,,,,,,,,,,,,,,null,,,,,,,"-\-",,,,"-",,0x0,,,"-","S-1-0-0",,,"EXT\x9022152",EXT,,,,0x210f427ea,,,,,,x9022152,"S-1-5-21-3858881673-1015867954-130600935-1496",,,,,,,,"-",,,,,,,,"-","17784e06-f029-48b9-af31-001560eb6c40","22f21eb6-79c7-4501-9aa2-95b5283edf85","00000000-0000-0000-0000-000000000001","2020-10-16T14:45:29.297Z","AOI-552b9630-b106-4fe7-a1fa-97d04a0010ef",SecurityEvent,
"552b9630-b106-4fe7-a1fa-97d04a0010ef","2020-10-16T14:45:28.907Z",OpsManager,"PHSWA\RosaRE1",User,"WN77043.wa.providence.org","Microsoft-Windows-Security-Auditing",Security,12544,8,,4624,"4624 - An account was successfully logged on.",,,,,,,,,,,,,,,,,,null,null,Kerberos,,,null,,,,,,,,,,,,,,,,,,,,,,,,,,,,null,,,,,,,,,,,,,,,,"%%1833",,"10.213.144.49",65505,0,"-",,,,,,"ec427def-4496-d8ca-a6a3-0382c5e5c0d9",,,Kerberos,3,"3 - Network",,,,,,,,,,,,,,,,,,,,,,,,,,,,,,,,,,,,,,,,,,,,,,,,,"-",0x0,"-",,,,,,,,,,,,,,,,,,,,,,,null,,,,,,,"-\-",,,,"-",,0x0,,,"-","S-1-0-0",,,"PHSWA\RosaRE1",PHSWA,,,,0x210f427fa,,,,,,RosaRE1,"S-1-5-21-420551719-245851362-9522986-469320",,,,,,,,"-",,,,,,,,"-","17784e06-f029-48b9-af31-001560eb6c40","d09b7901-5537-4b58-98ef-7975fe0b5d0d","00000000-0000-0000-0000-000000000001","2020-10-16T14:45:29.297Z","AOI-552b9630-b106-4fe7-a1fa-97d04a0010ef",SecurityEvent,
"552b9630-b106-4fe7-a1fa-97d04a0010ef","2020-10-16T14:45:28.907Z",OpsManager,,,"WN77043.wa.providence.org","Microsoft-Windows-Security-Auditing",Security,14339,8,"<EventData xmlns=""http://schemas.microsoft.com/win/2004/08/events/event"">
  <Data Name=""TargetUserName"">WALT955124$</Data>
  <Data Name=""TargetDomainName"">WA.PROVIDENCE.ORG</Data>
  <Data Name=""TargetSid"">S-1-5-21-420551719-245851362-9522986-382254</Data>
  <Data Name=""ServiceName"">krbtgt</Data>
  <Data Name=""ServiceSid"">S-1-5-21-420551719-245851362-9522986-502</Data>
  <Data Name=""TicketOptions"">0x40810010</Data>
  <Data Name=""Status"">0x0</Data>
  <Data Name=""TicketEncryptionType"">0x12</Data>
  <Data Name=""PreAuthType"">2</Data>
  <Data Name=""IpAddress"">::ffff:10.235.25.150</Data>
  <Data Name=""IpPort"">61698</Data>
  <Data Name=""CertIssuerName""></Data>
  <Data Name=""CertSerialNumber""></Data>
  <Data Name=""CertThumbprint""></Data>
</EventData>",4768,"4768 - A Kerberos authentication ticket (TGT) was requested.",,,,,,,,,,,,,,,,,,null,null,,,,null,,,,,,,,,,,,,,,,,,,,,,,,,,,,null,,,,,,,,,,,,,,,,,,"::ffff:10.235.25.150",61698,null,,,,,,,,,,,null,,,,,,,,,,,,,,,,,,,,,,,,,,,,,,,,,,,,,,,,,,,,,,,,,,,,,,,,,,,,,,,,,,,,,,,,,,krbtgt,null,,,,,,0x0,,,,,,,,,,,,,,"WA.PROVIDENCE.ORG\WALT955124$","WA.PROVIDENCE.ORG",,,,,,,,"S-1-5-21-420551719-245851362-9522986-382254",,"WALT955124$",,,,,,,,,,,,,,,,,,"17784e06-f029-48b9-af31-001560eb6c40","1c9bc502-3d18-4377-a7c7-16fd1c5e9075","00000000-0000-0000-0000-000000000001","2020-10-16T14:45:29.297Z","AOI-552b9630-b106-4fe7-a1fa-97d04a0010ef",SecurityEvent,
"552b9630-b106-4fe7-a1fa-97d04a0010ef","2020-10-16T14:45:28.907Z",OpsManager,"PHSWA\sedt991222$",Machine,"WN77043.wa.providence.org","Microsoft-Windows-Security-Auditing",Security,12544,8,,4624,"4624 - An account was successfully logged on.",,,,,,,,,,,,,,,,,,null,null,Kerberos,,,null,,,,,,,,,,,,,,,,,,,,,,,,,,,,null,,,,,,,,,,,,,,,,"%%1840",,"10.211.176.70",63949,0,"-",,,,,,"eff52560-ed22-02a8-9a18-e41d6f470bb8",,,Kerberos,3,"3 - Network",,,,,,,,,,,,,,,,,,,,,,,,,,,,,,,,,,,,,,,,,,,,,,,,,"-",0x0,"-",,,,,,,,,,,,,,,,,,,,,,,null,,,,,,,"-\-",,,,"-",,0x0,,,"-","S-1-0-0",,,"PHSWA\sedt991222$",PHSWA,,,,0x210f4282e,,,,,,"sedt991222$","S-1-5-21-420551719-245851362-9522986-511924",,,,,,,,"-",,,,,,,,"-","17784e06-f029-48b9-af31-001560eb6c40","af7db34f-a075-4845-9a2d-86a504153d55","00000000-0000-0000-0000-000000000001","2020-10-16T14:45:29.297Z","AOI-552b9630-b106-4fe7-a1fa-97d04a0010ef",SecurityEvent,
"552b9630-b106-4fe7-a1fa-97d04a0010ef","2020-10-16T14:45:28.907Z",OpsManager,"EXT\x9022152",User,"WN77043.wa.providence.org","Microsoft-Windows-Security-Auditing",Security,12544,8,,4624,"4624 - An account was successfully logged on.",,,,,,,,,,,,,,,,,,null,null,Kerberos,,,null,,,,,,,,,,,,,,,,,,,,,,,,,,,,null,,,,,,,,,,,,,,,,"%%1833",,"170.173.96.202",59903,0,"-",,,,,,"508c1153-315d-2785-56a3-c21fcd7e1f54",,,Kerberos,3,"3 - Network",,,,,,,,,,,,,,,,,,,,,,,,,,,,,,,,,,,,,,,,,,,,,,,,,"-",0x0,"-",,,,,,,,,,,,,,,,,,,,,,,null,,,,,,,"-\-",,,,"-",,0x0,,,"-","S-1-0-0",,,"EXT\x9022152",EXT,,,,0x210f428a2,,,,,,x9022152,"S-1-5-21-3858881673-1015867954-130600935-1496",,,,,,,,"-",,,,,,,,"-","17784e06-f029-48b9-af31-001560eb6c40","d0677e5e-2cfd-4490-9107-d1d4b3626bd0","00000000-0000-0000-0000-000000000001","2020-10-16T14:45:29.297Z","AOI-552b9630-b106-4fe7-a1fa-97d04a0010ef",SecurityEvent,
"552b9630-b106-4fe7-a1fa-97d04a0010ef","2020-10-16T14:45:28.907Z",OpsManager,,,"WN77043.wa.providence.org","Microsoft-Windows-Security-Auditing",Security,14339,8,"<EventData xmlns=""http://schemas.microsoft.com/win/2004/08/events/event"">
  <Data Name=""TargetUserName"">servXAEPIC</Data>
  <Data Name=""TargetDomainName"">phswa</Data>
  <Data Name=""TargetSid"">S-1-5-21-420551719-245851362-9522986-334871</Data>
  <Data Name=""ServiceName"">krbtgt</Data>
  <Data Name=""ServiceSid"">S-1-5-21-420551719-245851362-9522986-502</Data>
  <Data Name=""TicketOptions"">0x40810010</Data>
  <Data Name=""Status"">0x0</Data>
  <Data Name=""TicketEncryptionType"">0x12</Data>
  <Data Name=""PreAuthType"">2</Data>
  <Data Name=""IpAddress"">::ffff:170.173.220.176</Data>
  <Data Name=""IpPort"">54562</Data>
  <Data Name=""CertIssuerName""></Data>
  <Data Name=""CertSerialNumber""></Data>
  <Data Name=""CertThumbprint""></Data>
</EventData>",4768,"4768 - A Kerberos authentication ticket (TGT) was requested.",,,,,,,,,,,,,,,,,,null,null,,,,null,,,,,,,,,,,,,,,,,,,,,,,,,,,,null,,,,,,,,,,,,,,,,,,"::ffff:170.173.220.176",54562,null,,,,,,,,,,,null,,,,,,,,,,,,,,,,,,,,,,,,,,,,,,,,,,,,,,,,,,,,,,,,,,,,,,,,,,,,,,,,,,,,,,,,,,krbtgt,null,,,,,,0x0,,,,,,,,,,,,,,"phswa\servXAEPIC",phswa,,,,,,,,"S-1-5-21-420551719-245851362-9522986-334871",,servXAEPIC,,,,,,,,,,,,,,,,,,"17784e06-f029-48b9-af31-001560eb6c40","2ec8721a-524b-414e-8f27-bc5c5b0a804e","00000000-0000-0000-0000-000000000001","2020-10-16T14:45:29.297Z","AOI-552b9630-b106-4fe7-a1fa-97d04a0010ef",SecurityEvent,
"552b9630-b106-4fe7-a1fa-97d04a0010ef","2020-10-16T14:45:27.287Z",OpsManager,,,"wn54026.adi.swedish.org","Microsoft-Windows-Security-Auditing",Security,12810,8,"<EventData xmlns=""http://schemas.microsoft.com/win/2004/08/events/event"">
  <Data Name=""ProcessID"">1916</Data>
  <Data Name=""Application"">\device\harddiskvolume2\windows\system32\dns.exe</Data>
  <Data Name=""Direction"">%%14592</Data>
  <Data Name=""SourceAddress"">10.209.0.33</Data>
  <Data Name=""SourcePort"">53</Data>
  <Data Name=""DestAddress"">10.221.128.86</Data>
  <Data Name=""DestPort"">50131</Data>
  <Data Name=""Protocol"">17</Data>
  <Data Name=""FilterRTID"">68336</Data>
  <Data Name=""LayerName"">%%14610</Data>
  <Data Name=""LayerRTID"">44</Data>
  <Data Name=""RemoteUserID"">S-1-0-0</Data>
  <Data Name=""RemoteMachineID"">S-1-0-0</Data>
</EventData>",5156,"5156 - The Windows Filtering Platform has allowed a connection.",,,,,,,,,,,,,,,,,,null,null,,,,null,,,,,,,,,,,,,,,,,,,,,,,,,,,,null,,,,,,,,,,,,,,,,,,,,null,,,,,,,,,,,null,,,,,,,,,,,,,,,,,,,,,,,,,,,,,,,,,,,,,,,,,,,,,,,,,,,,,,,,,,,,,,,,,,,,,,,,,,,null,,,,,,,,,,,,,,,,,,,,,,,,,,,,,,,,,,,,,,,,,,,,,,,,,"6bb59ece-2f24-4788-98eb-ef0da4f6d213","7f52a507-295c-4770-9c46-f671774f9025","00000000-0000-0000-0000-000000000001","2020-10-16T14:45:28.62Z","AOI-552b9630-b106-4fe7-a1fa-97d04a0010ef",SecurityEvent,
"552b9630-b106-4fe7-a1fa-97d04a0010ef","2020-10-16T14:45:27.287Z",OpsManager,,,"wn54026.adi.swedish.org","Microsoft-Windows-Security-Auditing",Security,12810,8,"<EventData xmlns=""http://schemas.microsoft.com/win/2004/08/events/event"">
  <Data Name=""ProcessID"">1916</Data>
  <Data Name=""Application"">\device\harddiskvolume2\windows\system32\dns.exe</Data>
  <Data Name=""Direction"">%%14592</Data>
  <Data Name=""SourceAddress"">10.209.0.33</Data>
  <Data Name=""SourcePort"">53</Data>
  <Data Name=""DestAddress"">10.216.24.118</Data>
  <Data Name=""DestPort"">58337</Data>
  <Data Name=""Protocol"">17</Data>
  <Data Name=""FilterRTID"">68336</Data>
  <Data Name=""LayerName"">%%14610</Data>
  <Data Name=""LayerRTID"">44</Data>
  <Data Name=""RemoteUserID"">S-1-0-0</Data>
  <Data Name=""RemoteMachineID"">S-1-0-0</Data>
</EventData>",5156,"5156 - The Windows Filtering Platform has allowed a connection.",,,,,,,,,,,,,,,,,,null,null,,,,null,,,,,,,,,,,,,,,,,,,,,,,,,,,,null,,,,,,,,,,,,,,,,,,,,null,,,,,,,,,,,null,,,,,,,,,,,,,,,,,,,,,,,,,,,,,,,,,,,,,,,,,,,,,,,,,,,,,,,,,,,,,,,,,,,,,,,,,,,null,,,,,,,,,,,,,,,,,,,,,,,,,,,,,,,,,,,,,,,,,,,,,,,,,"6bb59ece-2f24-4788-98eb-ef0da4f6d213","d7d5d653-64e9-4159-bbce-ead76ed36aae","00000000-0000-0000-0000-000000000001","2020-10-16T14:45:28.62Z","AOI-552b9630-b106-4fe7-a1fa-97d04a0010ef",SecurityEvent,
"552b9630-b106-4fe7-a1fa-97d04a0010ef","2020-10-16T14:45:27.287Z",OpsManager,"ADI\svcNetScaler",User,"wn54026.adi.swedish.org","Microsoft-Windows-Security-Auditing",Security,12545,8,,4634,"4634 - An account was logged off.",,,,,,,,,,,,,,,,,,null,null,,,,null,,,,,,,,,,,,,,,,,,,,,,,,,,,,null,,,,,,,,,,,,,,,,,,,,null,,,,,,,,,,,3,"3 - Network",,,,,,,,,,,,,,,,,,,,,,,,,,,,,,,,,,,,,,,,,,,,,,,,,,,,,,,,,,,,,,,,,,,,,,,,,,null,,,,,,,,,,,,,,,,,,,,"ADI\svcNetScaler",ADI,,,,0x8a01e8f6,,,,,,svcNetScaler,"S-1-5-21-2242814488-728049761-1940932111-87809",,,,,,,,,,,,,,,,,"6bb59ece-2f24-4788-98eb-ef0da4f6d213","8693db52-d846-4f45-89a7-009ddd38fb47","00000000-0000-0000-0000-000000000001","2020-10-16T14:45:28.62Z","AOI-552b9630-b106-4fe7-a1fa-97d04a0010ef",SecurityEvent,
"552b9630-b106-4fe7-a1fa-97d04a0010ef","2020-10-16T14:45:27.3Z",OpsManager,,,"wn54026.adi.swedish.org","Microsoft-Windows-Security-Auditing",Security,12810,8,"<EventData xmlns=""http://schemas.microsoft.com/win/2004/08/events/event"">
  <Data Name=""ProcessID"">684</Data>
  <Data Name=""Application"">\device\harddiskvolume2\windows\system32\lsass.exe</Data>
  <Data Name=""Direction"">%%14592</Data>
  <Data Name=""SourceAddress"">10.209.0.33</Data>
  <Data Name=""SourcePort"">88</Data>
  <Data Name=""DestAddress"">170.173.93.178</Data>
  <Data Name=""DestPort"">53734</Data>
  <Data Name=""Protocol"">6</Data>
  <Data Name=""FilterRTID"">68336</Data>
  <Data Name=""LayerName"">%%14610</Data>
  <Data Name=""LayerRTID"">44</Data>
  <Data Name=""RemoteUserID"">S-1-0-0</Data>
  <Data Name=""RemoteMachineID"">S-1-0-0</Data>
</EventData>",5156,"5156 - The Windows Filtering Platform has allowed a connection.",,,,,,,,,,,,,,,,,,null,null,,,,null,,,,,,,,,,,,,,,,,,,,,,,,,,,,null,,,,,,,,,,,,,,,,,,,,null,,,,,,,,,,,null,,,,,,,,,,,,,,,,,,,,,,,,,,,,,,,,,,,,,,,,,,,,,,,,,,,,,,,,,,,,,,,,,,,,,,,,,,,null,,,,,,,,,,,,,,,,,,,,,,,,,,,,,,,,,,,,,,,,,,,,,,,,,"6bb59ece-2f24-4788-98eb-ef0da4f6d213","eb49283a-5e85-4f23-a6c6-20936fa69487","00000000-0000-0000-0000-000000000001","2020-10-16T14:45:28.62Z","AOI-552b9630-b106-4fe7-a1fa-97d04a0010ef",SecurityEvent,
"552b9630-b106-4fe7-a1fa-97d04a0010ef","2020-10-16T14:45:27.3Z",OpsManager,,,"wn54026.adi.swedish.org","Microsoft-Windows-Security-Auditing",Security,12544,16,"<EventData xmlns=""http://schemas.microsoft.com/win/2004/08/events/event"">
  <Data Name=""TargetUserSid"">S-1-5-21-420551719-245851362-9522986-610890</Data>
  <Data Name=""TargetUserName"">-</Data>
  <Data Name=""TargetDomainName"">-</Data>
  <Data Name=""TdoDirection"">2</Data>
  <Data Name=""TdoAttributes"">4</Data>
  <Data Name=""TdoType"">2</Data>
  <Data Name=""TdoSid"">S-1-5-21-420551719-245851362-9522986</Data>
  <Data Name=""SidList""> 		%{S-1-5-21-1518083187-624064714-1050887974-38515} 		%{S-1-5-21-950606397-1149711550-2133884337-128010} 		%{S-1-5-21-950606397-1149711550-2133884337-251256} 		%{S-1-5-21-950606397-1149711550-2133884337-273930} 		%{S-1-5-21-1518083187-624064714-1050887974-59274} 		%{S-1-5-21-1518083187-624064714-1050887974-56023} 		%{S-1-5-21-965358626-1366769340-495535119-5673} 		%{S-1-5-21-965358626-1366769340-495535119-4466} 		%{S-1-5-21-965358626-1366769340-495535119-5770} 		%{S-1-5-21-965358626-1366769340-495535119-5774}</Data>
</EventData>",4675,"4675 - SIDs were filtered.",,,,,,,,,,,,,,,,,,null,null,,,,null,,,,,,,,,,,,,,,,,,,,,,,,,,,,null,,,,,,,,,,,,,,,,,,,,null,,,,,,,,,,,null,,,,,,,,,,,,,,,,,,,,,,,,,,,,,,,,,,,,,,,,,,,,,,,,,,,,,,,,,,,,,,,,,,,,,,,,,,,null,,,,,,,,,,,,,,,,,,,,"-\-","-",,,,,,,,,,"-","S-1-5-21-420551719-245851362-9522986-610890",,,,,,,,,,,,,,,,,"6bb59ece-2f24-4788-98eb-ef0da4f6d213","0575a64a-b31b-4844-83d5-a94bcf21e8c7","00000000-0000-0000-0000-000000000001","2020-10-16T14:45:28.62Z","AOI-552b9630-b106-4fe7-a1fa-97d04a0010ef",SecurityEvent,
"552b9630-b106-4fe7-a1fa-97d04a0010ef","2020-10-16T14:45:27.3Z",OpsManager,,,"wn54026.adi.swedish.org","Microsoft-Windows-Security-Auditing",Security,12544,16,"<EventData xmlns=""http://schemas.microsoft.com/win/2004/08/events/event"">
  <Data Name=""TargetUserSid"">S-1-5-21-420551719-245851362-9522986-610890</Data>
  <Data Name=""TargetUserName"">-</Data>
  <Data Name=""TargetDomainName"">-</Data>
  <Data Name=""TdoDirection"">2</Data>
  <Data Name=""TdoAttributes"">4</Data>
  <Data Name=""TdoType"">2</Data>
  <Data Name=""TdoSid"">S-1-5-21-420551719-245851362-9522986</Data>
  <Data Name=""SidList""> 		%{S-1-5-21-1518083187-624064714-1050887974-38515} 		%{S-1-5-21-950606397-1149711550-2133884337-128010} 		%{S-1-5-21-950606397-1149711550-2133884337-251256} 		%{S-1-5-21-950606397-1149711550-2133884337-273930} 		%{S-1-5-21-1518083187-624064714-1050887974-59274} 		%{S-1-5-21-1518083187-624064714-1050887974-56023} 		%{S-1-5-21-965358626-1366769340-495535119-5673} 		%{S-1-5-21-965358626-1366769340-495535119-4466} 		%{S-1-5-21-965358626-1366769340-495535119-5770} 		%{S-1-5-21-965358626-1366769340-495535119-5774}</Data>
</EventData>",4675,"4675 - SIDs were filtered.",,,,,,,,,,,,,,,,,,null,null,,,,null,,,,,,,,,,,,,,,,,,,,,,,,,,,,null,,,,,,,,,,,,,,,,,,,,null,,,,,,,,,,,null,,,,,,,,,,,,,,,,,,,,,,,,,,,,,,,,,,,,,,,,,,,,,,,,,,,,,,,,,,,,,,,,,,,,,,,,,,,null,,,,,,,,,,,,,,,,,,,,"-\-","-",,,,,,,,,,"-","S-1-5-21-420551719-245851362-9522986-610890",,,,,,,,,,,,,,,,,"6bb59ece-2f24-4788-98eb-ef0da4f6d213","787ac7de-cb38-499e-8807-eb65500c5138","00000000-0000-0000-0000-000000000001","2020-10-16T14:45:28.62Z","AOI-552b9630-b106-4fe7-a1fa-97d04a0010ef",SecurityEvent,
"552b9630-b106-4fe7-a1fa-97d04a0010ef","2020-10-16T14:45:27.3Z",OpsManager,,,"wn54026.adi.swedish.org","Microsoft-Windows-Security-Auditing",Security,14337,8,"<EventData xmlns=""http://schemas.microsoft.com/win/2004/08/events/event"">
  <Data Name=""TargetUserName"">allison.cohen@WA.PROVIDENCE.ORG</Data>
  <Data Name=""TargetDomainName"">WA.PROVIDENCE.ORG</Data>
  <Data Name=""ServiceName"">WN69071$</Data>
  <Data Name=""ServiceSid"">S-1-5-21-2242814488-728049761-1940932111-175866</Data>
  <Data Name=""TicketOptions"">0x40810000</Data>
  <Data Name=""TicketEncryptionType"">0x12</Data>
  <Data Name=""IpAddress"">::ffff:170.173.93.178</Data>
  <Data Name=""IpPort"">53734</Data>
  <Data Name=""Status"">0x0</Data>
  <Data Name=""LogonGuid"">{B22E470A-BC5D-6278-A6FC-0597F4F3F3B0}</Data>
  <Data Name=""TransmittedServices"">-</Data>
</EventData>",4769,"4769 - A Kerberos service ticket was requested.",,,,,,,,,,,,,,,,,,null,null,,,,null,,,,,,,,,,,,,,,,,,,,,,,,,,,,null,,,,,,,,,,,,,,,,,,,,null,,,,,,,,,,,null,,,,,,,,,,,,,,,,,,,,,,,,,,,,,,,,,,,,,,,,,,,,,,,,,,,,,,,,,,,,,,,,,,,,,,,,,,,null,,,,,,,,,,,,,,,,,,,,,,,,,,,,,,,,,,,,,,,,,,,,,,,,,"6bb59ece-2f24-4788-98eb-ef0da4f6d213","8ca6a915-5779-42d3-8b0c-64e9880cf6eb","00000000-0000-0000-0000-000000000001","2020-10-16T14:45:28.62Z","AOI-552b9630-b106-4fe7-a1fa-97d04a0010ef",SecurityEvent,
"552b9630-b106-4fe7-a1fa-97d04a0010ef","2020-10-16T14:45:27.3Z",OpsManager,,,"wn54026.adi.swedish.org","Microsoft-Windows-Security-Auditing",Security,12810,8,"<EventData xmlns=""http://schemas.microsoft.com/win/2004/08/events/event"">
  <Data Name=""ProcessID"">1916</Data>
  <Data Name=""Application"">\device\harddiskvolume2\windows\system32\dns.exe</Data>
  <Data Name=""Direction"">%%14592</Data>
  <Data Name=""SourceAddress"">10.209.0.33</Data>
  <Data Name=""SourcePort"">53</Data>
  <Data Name=""DestAddress"">10.221.238.47</Data>
  <Data Name=""DestPort"">58089</Data>
  <Data Name=""Protocol"">17</Data>
  <Data Name=""FilterRTID"">68336</Data>
  <Data Name=""LayerName"">%%14610</Data>
  <Data Name=""LayerRTID"">44</Data>
  <Data Name=""RemoteUserID"">S-1-0-0</Data>
  <Data Name=""RemoteMachineID"">S-1-0-0</Data>
</EventData>",5156,"5156 - The Windows Filtering Platform has allowed a connection.",,,,,,,,,,,,,,,,,,null,null,,,,null,,,,,,,,,,,,,,,,,,,,,,,,,,,,null,,,,,,,,,,,,,,,,,,,,null,,,,,,,,,,,null,,,,,,,,,,,,,,,,,,,,,,,,,,,,,,,,,,,,,,,,,,,,,,,,,,,,,,,,,,,,,,,,,,,,,,,,,,,null,,,,,,,,,,,,,,,,,,,,,,,,,,,,,,,,,,,,,,,,,,,,,,,,,"6bb59ece-2f24-4788-98eb-ef0da4f6d213","8bef489b-7a60-4a3b-b956-7aa6d9d9b815","00000000-0000-0000-0000-000000000001","2020-10-16T14:45:28.62Z","AOI-552b9630-b106-4fe7-a1fa-97d04a0010ef",SecurityEvent,
"552b9630-b106-4fe7-a1fa-97d04a0010ef","2020-10-16T14:45:27.317Z",OpsManager,,,"wn54026.adi.swedish.org","Microsoft-Windows-Security-Auditing",Security,12810,8,"<EventData xmlns=""http://schemas.microsoft.com/win/2004/08/events/event"">
  <Data Name=""ProcessID"">1916</Data>
  <Data Name=""Application"">\device\harddiskvolume2\windows\system32\dns.exe</Data>
  <Data Name=""Direction"">%%14592</Data>
  <Data Name=""SourceAddress"">10.209.0.33</Data>
  <Data Name=""SourcePort"">53</Data>
  <Data Name=""DestAddress"">10.221.128.86</Data>
  <Data Name=""DestPort"">63252</Data>
  <Data Name=""Protocol"">17</Data>
  <Data Name=""FilterRTID"">68336</Data>
  <Data Name=""LayerName"">%%14610</Data>
  <Data Name=""LayerRTID"">44</Data>
  <Data Name=""RemoteUserID"">S-1-0-0</Data>
  <Data Name=""RemoteMachineID"">S-1-0-0</Data>
</EventData>",5156,"5156 - The Windows Filtering Platform has allowed a connection.",,,,,,,,,,,,,,,,,,null,null,,,,null,,,,,,,,,,,,,,,,,,,,,,,,,,,,null,,,,,,,,,,,,,,,,,,,,null,,,,,,,,,,,null,,,,,,,,,,,,,,,,,,,,,,,,,,,,,,,,,,,,,,,,,,,,,,,,,,,,,,,,,,,,,,,,,,,,,,,,,,,null,,,,,,,,,,,,,,,,,,,,,,,,,,,,,,,,,,,,,,,,,,,,,,,,,"6bb59ece-2f24-4788-98eb-ef0da4f6d213","4cd208a8-1254-45bc-9753-ef0a6f9c3dff","00000000-0000-0000-0000-000000000001","2020-10-16T14:45:28.62Z","AOI-552b9630-b106-4fe7-a1fa-97d04a0010ef",SecurityEvent,
"552b9630-b106-4fe7-a1fa-97d04a0010ef","2020-10-16T14:45:27.333Z",OpsManager,,,"wn54026.adi.swedish.org","Microsoft-Windows-Security-Auditing",Security,12810,8,"<EventData xmlns=""http://schemas.microsoft.com/win/2004/08/events/event"">
  <Data Name=""ProcessID"">1916</Data>
  <Data Name=""Application"">\device\harddiskvolume2\windows\system32\dns.exe</Data>
  <Data Name=""Direction"">%%14592</Data>
  <Data Name=""SourceAddress"">10.209.0.33</Data>
  <Data Name=""SourcePort"">53</Data>
  <Data Name=""DestAddress"">10.222.212.17</Data>
  <Data Name=""DestPort"">27309</Data>
  <Data Name=""Protocol"">17</Data>
  <Data Name=""FilterRTID"">68336</Data>
  <Data Name=""LayerName"">%%14610</Data>
  <Data Name=""LayerRTID"">44</Data>
  <Data Name=""RemoteUserID"">S-1-0-0</Data>
  <Data Name=""RemoteMachineID"">S-1-0-0</Data>
</EventData>",5156,"5156 - The Windows Filtering Platform has allowed a connection.",,,,,,,,,,,,,,,,,,null,null,,,,null,,,,,,,,,,,,,,,,,,,,,,,,,,,,null,,,,,,,,,,,,,,,,,,,,null,,,,,,,,,,,null,,,,,,,,,,,,,,,,,,,,,,,,,,,,,,,,,,,,,,,,,,,,,,,,,,,,,,,,,,,,,,,,,,,,,,,,,,,null,,,,,,,,,,,,,,,,,,,,,,,,,,,,,,,,,,,,,,,,,,,,,,,,,"6bb59ece-2f24-4788-98eb-ef0da4f6d213","78041dad-35fc-4858-a1e3-a03fa2e458b8","00000000-0000-0000-0000-000000000001","2020-10-16T14:45:28.62Z","AOI-552b9630-b106-4fe7-a1fa-97d04a0010ef",SecurityEvent,
"552b9630-b106-4fe7-a1fa-97d04a0010ef","2020-10-16T14:45:27.333Z",OpsManager,,,"wn54026.adi.swedish.org","Microsoft-Windows-Security-Auditing",Security,12810,8,"<EventData xmlns=""http://schemas.microsoft.com/win/2004/08/events/event"">
  <Data Name=""ProcessID"">1916</Data>
  <Data Name=""Application"">\device\harddiskvolume2\windows\system32\dns.exe</Data>
  <Data Name=""Direction"">%%14592</Data>
  <Data Name=""SourceAddress"">10.209.0.33</Data>
  <Data Name=""SourcePort"">53</Data>
  <Data Name=""DestAddress"">10.216.24.118</Data>
  <Data Name=""DestPort"">50674</Data>
  <Data Name=""Protocol"">17</Data>
  <Data Name=""FilterRTID"">68336</Data>
  <Data Name=""LayerName"">%%14610</Data>
  <Data Name=""LayerRTID"">44</Data>
  <Data Name=""RemoteUserID"">S-1-0-0</Data>
  <Data Name=""RemoteMachineID"">S-1-0-0</Data>
</EventData>",5156,"5156 - The Windows Filtering Platform has allowed a connection.",,,,,,,,,,,,,,,,,,null,null,,,,null,,,,,,,,,,,,,,,,,,,,,,,,,,,,null,,,,,,,,,,,,,,,,,,,,null,,,,,,,,,,,null,,,,,,,,,,,,,,,,,,,,,,,,,,,,,,,,,,,,,,,,,,,,,,,,,,,,,,,,,,,,,,,,,,,,,,,,,,,null,,,,,,,,,,,,,,,,,,,,,,,,,,,,,,,,,,,,,,,,,,,,,,,,,"6bb59ece-2f24-4788-98eb-ef0da4f6d213","b07a919d-8d05-4cfa-a6bb-3fafed2a5f28","00000000-0000-0000-0000-000000000001","2020-10-16T14:45:28.62Z","AOI-552b9630-b106-4fe7-a1fa-97d04a0010ef",SecurityEvent,
"552b9630-b106-4fe7-a1fa-97d04a0010ef","2020-10-16T14:45:27.333Z",OpsManager,,,"wn54026.adi.swedish.org","Microsoft-Windows-Security-Auditing",Security,12810,8,"<EventData xmlns=""http://schemas.microsoft.com/win/2004/08/events/event"">
  <Data Name=""ProcessID"">1916</Data>
  <Data Name=""Application"">\device\harddiskvolume2\windows\system32\dns.exe</Data>
  <Data Name=""Direction"">%%14593</Data>
  <Data Name=""SourceAddress"">10.209.0.33</Data>
  <Data Name=""SourcePort"">57267</Data>
  <Data Name=""DestAddress"">170.173.166.32</Data>
  <Data Name=""DestPort"">53</Data>
  <Data Name=""Protocol"">17</Data>
  <Data Name=""FilterRTID"">70019</Data>
  <Data Name=""LayerName"">%%14611</Data>
  <Data Name=""LayerRTID"">48</Data>
  <Data Name=""RemoteUserID"">S-1-0-0</Data>
  <Data Name=""RemoteMachineID"">S-1-0-0</Data>
</EventData>",5156,"5156 - The Windows Filtering Platform has allowed a connection.",,,,,,,,,,,,,,,,,,null,null,,,,null,,,,,,,,,,,,,,,,,,,,,,,,,,,,null,,,,,,,,,,,,,,,,,,,,null,,,,,,,,,,,null,,,,,,,,,,,,,,,,,,,,,,,,,,,,,,,,,,,,,,,,,,,,,,,,,,,,,,,,,,,,,,,,,,,,,,,,,,,null,,,,,,,,,,,,,,,,,,,,,,,,,,,,,,,,,,,,,,,,,,,,,,,,,"6bb59ece-2f24-4788-98eb-ef0da4f6d213","4279fae1-41e4-45c0-a0a2-14f0234a5e4e","00000000-0000-0000-0000-000000000001","2020-10-16T14:45:28.62Z","AOI-552b9630-b106-4fe7-a1fa-97d04a0010ef",SecurityEvent,
"552b9630-b106-4fe7-a1fa-97d04a0010ef","2020-10-16T14:45:27.333Z",OpsManager,,,"wn54026.adi.swedish.org","Microsoft-Windows-Security-Auditing",Security,12810,8,"<EventData xmlns=""http://schemas.microsoft.com/win/2004/08/events/event"">
  <Data Name=""ProcessID"">1916</Data>
  <Data Name=""Application"">\device\harddiskvolume2\windows\system32\dns.exe</Data>
  <Data Name=""Direction"">%%14592</Data>
  <Data Name=""SourceAddress"">10.209.0.33</Data>
  <Data Name=""SourcePort"">53</Data>
  <Data Name=""DestAddress"">10.221.238.47</Data>
  <Data Name=""DestPort"">56775</Data>
  <Data Name=""Protocol"">17</Data>
  <Data Name=""FilterRTID"">68336</Data>
  <Data Name=""LayerName"">%%14610</Data>
  <Data Name=""LayerRTID"">44</Data>
  <Data Name=""RemoteUserID"">S-1-0-0</Data>
  <Data Name=""RemoteMachineID"">S-1-0-0</Data>
</EventData>",5156,"5156 - The Windows Filtering Platform has allowed a connection.",,,,,,,,,,,,,,,,,,null,null,,,,null,,,,,,,,,,,,,,,,,,,,,,,,,,,,null,,,,,,,,,,,,,,,,,,,,null,,,,,,,,,,,null,,,,,,,,,,,,,,,,,,,,,,,,,,,,,,,,,,,,,,,,,,,,,,,,,,,,,,,,,,,,,,,,,,,,,,,,,,,null,,,,,,,,,,,,,,,,,,,,,,,,,,,,,,,,,,,,,,,,,,,,,,,,,"6bb59ece-2f24-4788-98eb-ef0da4f6d213","6502354f-0717-428f-845b-3035baadb7ef","00000000-0000-0000-0000-000000000001","2020-10-16T14:45:28.62Z","AOI-552b9630-b106-4fe7-a1fa-97d04a0010ef",SecurityEvent,
"552b9630-b106-4fe7-a1fa-97d04a0010ef","2020-10-16T14:45:27.347Z",OpsManager,,,"wn54026.adi.swedish.org","Microsoft-Windows-Security-Auditing",Security,12810,8,"<EventData xmlns=""http://schemas.microsoft.com/win/2004/08/events/event"">
  <Data Name=""ProcessID"">1916</Data>
  <Data Name=""Application"">\device\harddiskvolume2\windows\system32\dns.exe</Data>
  <Data Name=""Direction"">%%14592</Data>
  <Data Name=""SourceAddress"">10.209.0.33</Data>
  <Data Name=""SourcePort"">53</Data>
  <Data Name=""DestAddress"">10.211.92.59</Data>
  <Data Name=""DestPort"">57009</Data>
  <Data Name=""Protocol"">17</Data>
  <Data Name=""FilterRTID"">68336</Data>
  <Data Name=""LayerName"">%%14610</Data>
  <Data Name=""LayerRTID"">44</Data>
  <Data Name=""RemoteUserID"">S-1-0-0</Data>
  <Data Name=""RemoteMachineID"">S-1-0-0</Data>
</EventData>",5156,"5156 - The Windows Filtering Platform has allowed a connection.",,,,,,,,,,,,,,,,,,null,null,,,,null,,,,,,,,,,,,,,,,,,,,,,,,,,,,null,,,,,,,,,,,,,,,,,,,,null,,,,,,,,,,,null,,,,,,,,,,,,,,,,,,,,,,,,,,,,,,,,,,,,,,,,,,,,,,,,,,,,,,,,,,,,,,,,,,,,,,,,,,,null,,,,,,,,,,,,,,,,,,,,,,,,,,,,,,,,,,,,,,,,,,,,,,,,,"6bb59ece-2f24-4788-98eb-ef0da4f6d213","54cc9f1b-4854-4508-bbed-a2c73d6c583b","00000000-0000-0000-0000-000000000001","2020-10-16T14:45:28.62Z","AOI-552b9630-b106-4fe7-a1fa-97d04a0010ef",SecurityEvent,
