"552b9630-b106-4fe7-a1fa-97d04a0010ef","2020-10-16T14:45:23.133Z",OpsManager,"AD\HHF-PL3-1TYJ482$",Machine,"WN73201.ad.providence.org","Microsoft-Windows-Security-Auditing",Security,12544,8,,4624,"4624 - An account was successfully logged on.",,,,,,,,,,,,,,,,,,null,null,Kerberos,,,null,,,,,,,,,,,,,,,,,,,,,,,,,,,,null,,,,,,,,,,,,,,,,"%%1840",,"10.194.86.209",64854,0,"-",,,,,,"06988ca7-866a-0400-d9db-f653696cf744",,,Kerberos,3,"3 - Network",,,,,,,,,,,,,,,,,,,,,,,,,,,,,,,,,,,,,,,,,,,,,,,,,"-",0x0,"-",,,,,,,,,,,,,,,,,,,,,,,null,,,,,,,"-\-",,,,"-",,0x0,,,"-","S-1-0-0",,,"AD\HHF-PL3-1TYJ482$",AD,,,,0x45cefc720,,,,,,"HHF-PL3-1TYJ482$","S-1-5-21-1078081533-725345543-682003330-492363",,,,,,,,"-",,,,,,,,"-","e9823817-3e12-441f-aa9e-07379874d8fd","48de27ee-e0e4-4271-bba4-588890259831","00000000-0000-0000-0000-000000000001","2020-10-16T14:45:24.599Z","AOI-552b9630-b106-4fe7-a1fa-97d04a0010ef",SecurityEvent,
"552b9630-b106-4fe7-a1fa-97d04a0010ef","2020-10-16T14:45:23.15Z",OpsManager,"AD\KESTERB1",User,"WN73201.ad.providence.org","Microsoft-Windows-Security-Auditing",Security,12545,8,,4634,"4634 - An account was logged off.",,,,,,,,,,,,,,,,,,null,null,,,,null,,,,,,,,,,,,,,,,,,,,,,,,,,,,null,,,,,,,,,,,,,,,,,,,,null,,,,,,,,,,,3,"3 - Network",,,,,,,,,,,,,,,,,,,,,,,,,,,,,,,,,,,,,,,,,,,,,,,,,,,,,,,,,,,,,,,,,,,,,,,,,,null,,,,,,,,,,,,,,,,,,,,"AD\KESTERB1",AD,,,,0x45cefc5e1,,,,,,KESTERB1,"S-1-5-21-1078081533-725345543-682003330-332480",,,,,,,,,,,,,,,,,"e9823817-3e12-441f-aa9e-07379874d8fd","5d05c14c-97cf-4de7-9e0b-3cc0da4c26a6","00000000-0000-0000-0000-000000000001","2020-10-16T14:45:24.599Z","AOI-552b9630-b106-4fe7-a1fa-97d04a0010ef",SecurityEvent,
"552b9630-b106-4fe7-a1fa-97d04a0010ef","2020-10-16T14:45:23.15Z",OpsManager,,,"WN73201.ad.providence.org","Microsoft-Windows-Security-Auditing",Security,12544,16,"<EventData xmlns=""http://schemas.microsoft.com/win/2004/08/events/event"">
  <Data Name=""TargetUserSid"">S-1-5-21-798254582-200106796-1537874043-432096</Data>
  <Data Name=""TargetUserName"">-</Data>
  <Data Name=""TargetDomainName"">-</Data>
  <Data Name=""TdoDirection"">2</Data>
  <Data Name=""TdoAttributes"">8</Data>
  <Data Name=""TdoType"">2</Data>
  <Data Name=""TdoSid"">S-1-5-21-798254582-200106796-1537874043</Data>
  <Data Name=""SidList""> 		%{S-1-5-21-379607110-125704906-1236795852-513} 		%{S-1-5-21-422978413-2066309399-315576832-513} 		%{S-1-5-21-1078081533-1844237615-1417001333-23833} 		%{S-1-5-21-1078081533-1844237615-1417001333-33607} 		%{S-1-5-21-1078081533-1844237615-1417001333-21015}</Data>
</EventData>",4675,"4675 - SIDs were filtered.",,,,,,,,,,,,,,,,,,null,null,,,,null,,,,,,,,,,,,,,,,,,,,,,,,,,,,null,,,,,,,,,,,,,,,,,,,,null,,,,,,,,,,,null,,,,,,,,,,,,,,,,,,,,,,,,,,,,,,,,,,,,,,,,,,,,,,,,,,,,,,,,,,,,,,,,,,,,,,,,,,,null,,,,,,,,,,,,,,,,,,,,"-\-","-",,,,,,,,,,"-","S-1-5-21-798254582-200106796-1537874043-432096",,,,,,,,,,,,,,,,,"e9823817-3e12-441f-aa9e-07379874d8fd","031d8fe0-65d5-4ba0-996a-560a3ae5ece0","00000000-0000-0000-0000-000000000001","2020-10-16T14:45:24.599Z","AOI-552b9630-b106-4fe7-a1fa-97d04a0010ef",SecurityEvent,
"552b9630-b106-4fe7-a1fa-97d04a0010ef","2020-10-16T14:45:23.15Z",OpsManager,"AD\KESTERB1",User,"WN73201.ad.providence.org","Microsoft-Windows-Security-Auditing",Security,12544,8,,4624,"4624 - An account was successfully logged on.",,,,,,,,,,,,,,,,,,null,null,Kerberos,,,null,,,,,,,,,,,,,,,,,,,,,,,,,,,,null,,,,,,,,,,,,,,,,"%%1833",,"10.250.186.250",52135,0,"-",,,,,,"56381413-49e4-975b-8b65-0bfd367afceb",,,Kerberos,3,"3 - Network",,,,,,,,,,,,,,,,,,,,,,,,,,,,,,,,,,,,,,,,,,,,,,,,,"-",0x0,"-",,,,,,,,,,,,,,,,,,,,,,,null,,,,,,,"-\-",,,,"-",,0x0,,,"-","S-1-0-0",,,"AD\KESTERB1",AD,,,,0x45cefc73f,,,,,,KESTERB1,"S-1-5-21-1078081533-725345543-682003330-332480",,,,,,,,"-",,,,,,,,"-","e9823817-3e12-441f-aa9e-07379874d8fd","296f3fd6-c2b6-4f02-a214-011f5a0dc0ad","00000000-0000-0000-0000-000000000001","2020-10-16T14:45:24.599Z","AOI-552b9630-b106-4fe7-a1fa-97d04a0010ef",SecurityEvent,
"552b9630-b106-4fe7-a1fa-97d04a0010ef","2020-10-16T14:45:23.15Z",OpsManager,"AD\KESTERB1",User,"WN73201.ad.providence.org","Microsoft-Windows-Security-Auditing",Security,12545,8,,4634,"4634 - An account was logged off.",,,,,,,,,,,,,,,,,,null,null,,,,null,,,,,,,,,,,,,,,,,,,,,,,,,,,,null,,,,,,,,,,,,,,,,,,,,null,,,,,,,,,,,3,"3 - Network",,,,,,,,,,,,,,,,,,,,,,,,,,,,,,,,,,,,,,,,,,,,,,,,,,,,,,,,,,,,,,,,,,,,,,,,,,null,,,,,,,,,,,,,,,,,,,,"AD\KESTERB1",AD,,,,0x45cefc73f,,,,,,KESTERB1,"S-1-5-21-1078081533-725345543-682003330-332480",,,,,,,,,,,,,,,,,"e9823817-3e12-441f-aa9e-07379874d8fd","c70120f6-cb9d-4022-9065-7a03a5301704","00000000-0000-0000-0000-000000000001","2020-10-16T14:45:24.599Z","AOI-552b9630-b106-4fe7-a1fa-97d04a0010ef",SecurityEvent,
"552b9630-b106-4fe7-a1fa-97d04a0010ef","2020-10-16T14:45:23.15Z",OpsManager,"AD\GONZALEZPA",User,"WN73201.ad.providence.org","Microsoft-Windows-Security-Auditing",Security,12544,8,,4624,"4624 - An account was successfully logged on.",,,,,,,,,,,,,,,,,,null,null,Kerberos,,,null,,,,,,,,,,,,,,,,,,,,,,,,,,,,null,,,,,,,,,,,,,,,,"%%1833",,"10.250.186.19",56129,0,"-",,,,,,"1c86dd0f-13e5-4e25-9e9a-d850b8cba3c5",,,Kerberos,3,"3 - Network",,,,,,,,,,,,,,,,,,,,,,,,,,,,,,,,,,,,,,,,,,,,,,,,,"-",0x0,"-",,,,,,,,,,,,,,,,,,,,,,,null,,,,,,,"-\-",,,,"-",,0x0,,,"-","S-1-0-0",,,"AD\GONZALEZPA",AD,,,,0x45cefc76e,,,,,,GONZALEZPA,"S-1-5-21-1078081533-725345543-682003330-337823",,,,,,,,"-",,,,,,,,"-","e9823817-3e12-441f-aa9e-07379874d8fd","82c88c7c-9d48-487f-8cce-0517c54d5441","00000000-0000-0000-0000-000000000001","2020-10-16T14:45:24.599Z","AOI-552b9630-b106-4fe7-a1fa-97d04a0010ef",SecurityEvent,
"552b9630-b106-4fe7-a1fa-97d04a0010ef","2020-10-16T14:45:23.18Z",OpsManager,,,"WN73201.ad.providence.org","Microsoft-Windows-Security-Auditing",Security,14339,8,"<EventData xmlns=""http://schemas.microsoft.com/win/2004/08/events/event"">
  <Data Name=""TargetUserName"">FLORESJ17</Data>
  <Data Name=""TargetDomainName"">AD</Data>
  <Data Name=""TargetSid"">S-1-5-21-1078081533-725345543-682003330-339756</Data>
  <Data Name=""ServiceName"">krbtgt</Data>
  <Data Name=""ServiceSid"">S-1-5-21-1078081533-725345543-682003330-502</Data>
  <Data Name=""TicketOptions"">0x40810010</Data>
  <Data Name=""Status"">0x0</Data>
  <Data Name=""TicketEncryptionType"">0x12</Data>
  <Data Name=""PreAuthType"">2</Data>
  <Data Name=""IpAddress"">::ffff:10.249.3.53</Data>
  <Data Name=""IpPort"">64340</Data>
  <Data Name=""CertIssuerName""></Data>
  <Data Name=""CertSerialNumber""></Data>
  <Data Name=""CertThumbprint""></Data>
</EventData>",4768,"4768 - A Kerberos authentication ticket (TGT) was requested.",,,,,,,,,,,,,,,,,,null,null,,,,null,,,,,,,,,,,,,,,,,,,,,,,,,,,,null,,,,,,,,,,,,,,,,,,"::ffff:10.249.3.53",64340,null,,,,,,,,,,,null,,,,,,,,,,,,,,,,,,,,,,,,,,,,,,,,,,,,,,,,,,,,,,,,,,,,,,,,,,,,,,,,,,,,,,,,,,krbtgt,null,,,,,,0x0,,,,,,,,,,,,,,"AD\FLORESJ17",AD,,,,,,,,"S-1-5-21-1078081533-725345543-682003330-339756",,FLORESJ17,,,,,,,,,,,,,,,,,,"e9823817-3e12-441f-aa9e-07379874d8fd","e9252c6f-ead5-4b5f-a600-f9fa3a36d64f","00000000-0000-0000-0000-000000000001","2020-10-16T14:45:24.599Z","AOI-552b9630-b106-4fe7-a1fa-97d04a0010ef",SecurityEvent,
"552b9630-b106-4fe7-a1fa-97d04a0010ef","2020-10-16T14:45:23.18Z",OpsManager,"AD\HHF-VMC-JP0WG02$",Machine,"WN73201.ad.providence.org","Microsoft-Windows-Security-Auditing",Security,12544,8,,4624,"4624 - An account was successfully logged on.",,,,,,,,,,,,,,,,,,null,null,Kerberos,,,null,,,,,,,,,,,,,,,,,,,,,,,,,,,,null,,,,,,,,,,,,,,,,"%%1833",,"10.199.184.252",65394,0,"-",,,,,,"026f5479-2954-8ead-9b79-3f3fedb62557",,,Kerberos,3,"3 - Network",,,,,,,,,,,,,,,,,,,,,,,,,,,,,,,,,,,,,,,,,,,,,,,,,"-",0x0,"-",,,,,,,,,,,,,,,,,,,,,,,null,,,,,,,"-\-",,,,"-",,0x0,,,"-","S-1-0-0",,,"AD\HHF-VMC-JP0WG02$",AD,,,,0x45cefc7b0,,,,,,"HHF-VMC-JP0WG02$","S-1-5-21-1078081533-725345543-682003330-500940",,,,,,,,"-",,,,,,,,"-","e9823817-3e12-441f-aa9e-07379874d8fd","28b4fcaf-9d50-4f5b-a4cb-fc10a835a7c4","00000000-0000-0000-0000-000000000001","2020-10-16T14:45:24.599Z","AOI-552b9630-b106-4fe7-a1fa-97d04a0010ef",SecurityEvent,
"552b9630-b106-4fe7-a1fa-97d04a0010ef","2020-10-16T14:45:23.18Z",OpsManager,"AD\SCANLANV1",User,"WN73201.ad.providence.org","Microsoft-Windows-Security-Auditing",Security,12545,8,,4634,"4634 - An account was logged off.",,,,,,,,,,,,,,,,,,null,null,,,,null,,,,,,,,,,,,,,,,,,,,,,,,,,,,null,,,,,,,,,,,,,,,,,,,,null,,,,,,,,,,,3,"3 - Network",,,,,,,,,,,,,,,,,,,,,,,,,,,,,,,,,,,,,,,,,,,,,,,,,,,,,,,,,,,,,,,,,,,,,,,,,,null,,,,,,,,,,,,,,,,,,,,"AD\SCANLANV1",AD,,,,0x45cefc52e,,,,,,SCANLANV1,"S-1-5-21-1078081533-725345543-682003330-316557",,,,,,,,,,,,,,,,,"e9823817-3e12-441f-aa9e-07379874d8fd","3629173b-10d5-44bf-a14f-555ea7ea5666","00000000-0000-0000-0000-000000000001","2020-10-16T14:45:24.599Z","AOI-552b9630-b106-4fe7-a1fa-97d04a0010ef",SecurityEvent,
"552b9630-b106-4fe7-a1fa-97d04a0010ef","2020-10-16T14:45:23.197Z",OpsManager,"AD\HHF-VMC-JP0WG02$",Machine,"WN73201.ad.providence.org","Microsoft-Windows-Security-Auditing",Security,12545,8,,4634,"4634 - An account was logged off.",,,,,,,,,,,,,,,,,,null,null,,,,null,,,,,,,,,,,,,,,,,,,,,,,,,,,,null,,,,,,,,,,,,,,,,,,,,null,,,,,,,,,,,3,"3 - Network",,,,,,,,,,,,,,,,,,,,,,,,,,,,,,,,,,,,,,,,,,,,,,,,,,,,,,,,,,,,,,,,,,,,,,,,,,null,,,,,,,,,,,,,,,,,,,,"AD\HHF-VMC-JP0WG02$",AD,,,,0x45cefc5f4,,,,,,"HHF-VMC-JP0WG02$","S-1-5-21-1078081533-725345543-682003330-500940",,,,,,,,,,,,,,,,,"e9823817-3e12-441f-aa9e-07379874d8fd","c3b26e4d-deef-475b-9448-f8ecba88afb5","00000000-0000-0000-0000-000000000001","2020-10-16T14:45:24.599Z","AOI-552b9630-b106-4fe7-a1fa-97d04a0010ef",SecurityEvent,
"552b9630-b106-4fe7-a1fa-97d04a0010ef","2020-10-16T14:45:23.197Z",OpsManager,"AD\HHF-VMC-JP0WG02$",Machine,"WN73201.ad.providence.org","Microsoft-Windows-Security-Auditing",Security,12545,8,,4634,"4634 - An account was logged off.",,,,,,,,,,,,,,,,,,null,null,,,,null,,,,,,,,,,,,,,,,,,,,,,,,,,,,null,,,,,,,,,,,,,,,,,,,,null,,,,,,,,,,,3,"3 - Network",,,,,,,,,,,,,,,,,,,,,,,,,,,,,,,,,,,,,,,,,,,,,,,,,,,,,,,,,,,,,,,,,,,,,,,,,,null,,,,,,,,,,,,,,,,,,,,"AD\HHF-VMC-JP0WG02$",AD,,,,0x45cefc7b0,,,,,,"HHF-VMC-JP0WG02$","S-1-5-21-1078081533-725345543-682003330-500940",,,,,,,,,,,,,,,,,"e9823817-3e12-441f-aa9e-07379874d8fd","10e56bc9-a00f-4834-b11b-8d2af7ef8399","00000000-0000-0000-0000-000000000001","2020-10-16T14:45:24.599Z","AOI-552b9630-b106-4fe7-a1fa-97d04a0010ef",SecurityEvent,
"552b9630-b106-4fe7-a1fa-97d04a0010ef","2020-10-16T14:45:23.197Z",OpsManager,,,"WN73201.ad.providence.org","Microsoft-Windows-Security-Auditing",Security,14336,8,"<EventData xmlns=""http://schemas.microsoft.com/win/2004/08/events/event"">
  <Data Name=""PackageName"">MICROSOFT_AUTHENTICATION_PACKAGE_V1_0</Data>
  <Data Name=""TargetUserName"">DeSimoneDE</Data>
  <Data Name=""Workstation"">XDLVS1571018</Data>
  <Data Name=""Status"">0x0</Data>
</EventData>",4776,"4776 - The domain controller attempted to validate the credentials for an account.",,,,,,,,,,,,,,,,,,null,null,,,,null,,,,,,,,,,,,,,,,,,,,,,,,,,,,null,,,,,,,,,,,,,,,,,,,,null,,,,,,,,,,,null,,,,,,,,,,,,,,,,,,,,,,,,,,,,,,,,,,,,,,,,"MICROSOFT_AUTHENTICATION_PACKAGE_V1_0",,,,,,,,,,,,,,,,,,,,,,,,,,,,,,,,,,,null,,,,,,0x0,,,,,,,,,,,,,,DeSimoneDE,,,,,,,,,,,DeSimoneDE,,,,,,,,,,,,,,,,XDLVS1571018,,"e9823817-3e12-441f-aa9e-07379874d8fd","f6d70982-14fb-4655-99ab-60b0da459ed7","00000000-0000-0000-0000-000000000001","2020-10-16T14:45:24.599Z","AOI-552b9630-b106-4fe7-a1fa-97d04a0010ef",SecurityEvent,
"552b9630-b106-4fe7-a1fa-97d04a0010ef","2020-10-16T14:45:23.197Z",OpsManager,"AD\XDLVS1570384$",Machine,"WN73201.ad.providence.org","Microsoft-Windows-Security-Auditing",Security,12544,8,,4624,"4624 - An account was successfully logged on.",,,,,,,,,,,,,,,,,,null,null,Kerberos,,,null,,,,,,,,,,,,,,,,,,,,,,,,,,,,null,,,,,,,,,,,,,,,,"%%1833",,"10.184.18.127",53919,0,"-",,,,,,"5e133cf7-b2e2-ed8a-254d-157f25739bcc",,,Kerberos,3,"3 - Network",,,,,,,,,,,,,,,,,,,,,,,,,,,,,,,,,,,,,,,,,,,,,,,,,"-",0x0,"-",,,,,,,,,,,,,,,,,,,,,,,null,,,,,,,"-\-",,,,"-",,0x0,,,"-","S-1-0-0",,,"AD\XDLVS1570384$",AD,,,,0x45cefc7f6,,,,,,"XDLVS1570384$","S-1-5-21-1078081533-725345543-682003330-542578",,,,,,,,"-",,,,,,,,"-","e9823817-3e12-441f-aa9e-07379874d8fd","27f37650-ab57-413a-9c7a-e6d17caa9514","00000000-0000-0000-0000-000000000001","2020-10-16T14:45:24.599Z","AOI-552b9630-b106-4fe7-a1fa-97d04a0010ef",SecurityEvent,
"552b9630-b106-4fe7-a1fa-97d04a0010ef","2020-10-16T14:45:23.197Z",OpsManager,"AD\XDLVS1570197$",Machine,"WN73201.ad.providence.org","Microsoft-Windows-Security-Auditing",Security,12545,8,,4634,"4634 - An account was logged off.",,,,,,,,,,,,,,,,,,null,null,,,,null,,,,,,,,,,,,,,,,,,,,,,,,,,,,null,,,,,,,,,,,,,,,,,,,,null,,,,,,,,,,,3,"3 - Network",,,,,,,,,,,,,,,,,,,,,,,,,,,,,,,,,,,,,,,,,,,,,,,,,,,,,,,,,,,,,,,,,,,,,,,,,,null,,,,,,,,,,,,,,,,,,,,"AD\XDLVS1570197$",AD,,,,0x45ce93056,,,,,,"XDLVS1570197$","S-1-5-21-1078081533-725345543-682003330-542389",,,,,,,,,,,,,,,,,"e9823817-3e12-441f-aa9e-07379874d8fd","efb30544-ea0f-4b2d-9a1b-57cd426e0fff","00000000-0000-0000-0000-000000000001","2020-10-16T14:45:24.599Z","AOI-552b9630-b106-4fe7-a1fa-97d04a0010ef",SecurityEvent,
"552b9630-b106-4fe7-a1fa-97d04a0010ef","2020-10-16T14:45:23.197Z",OpsManager,"AD\TWISKJM",User,"WN73201.ad.providence.org","Microsoft-Windows-Security-Auditing",Security,12545,8,,4634,"4634 - An account was logged off.",,,,,,,,,,,,,,,,,,null,null,,,,null,,,,,,,,,,,,,,,,,,,,,,,,,,,,null,,,,,,,,,,,,,,,,,,,,null,,,,,,,,,,,3,"3 - Network",,,,,,,,,,,,,,,,,,,,,,,,,,,,,,,,,,,,,,,,,,,,,,,,,,,,,,,,,,,,,,,,,,,,,,,,,,null,,,,,,,,,,,,,,,,,,,,"AD\TWISKJM",AD,,,,0x45ce931a2,,,,,,TWISKJM,"S-1-5-21-1078081533-725345543-682003330-312206",,,,,,,,,,,,,,,,,"e9823817-3e12-441f-aa9e-07379874d8fd","e5e8b9e4-6453-484e-b432-623baf9e3e60","00000000-0000-0000-0000-000000000001","2020-10-16T14:45:24.599Z","AOI-552b9630-b106-4fe7-a1fa-97d04a0010ef",SecurityEvent,
"552b9630-b106-4fe7-a1fa-97d04a0010ef","2020-10-16T14:45:23.213Z",OpsManager,"AD\XDLVS1170540$",Machine,"WN73201.ad.providence.org","Microsoft-Windows-Security-Auditing",Security,12545,8,,4634,"4634 - An account was logged off.",,,,,,,,,,,,,,,,,,null,null,,,,null,,,,,,,,,,,,,,,,,,,,,,,,,,,,null,,,,,,,,,,,,,,,,,,,,null,,,,,,,,,,,3,"3 - Network",,,,,,,,,,,,,,,,,,,,,,,,,,,,,,,,,,,,,,,,,,,,,,,,,,,,,,,,,,,,,,,,,,,,,,,,,,null,,,,,,,,,,,,,,,,,,,,"AD\XDLVS1170540$",AD,,,,0x45cd91096,,,,,,"XDLVS1170540$","S-1-5-21-1078081533-725345543-682003330-496024",,,,,,,,,,,,,,,,,"e9823817-3e12-441f-aa9e-07379874d8fd","36d9349e-ef8e-4462-bce2-3e2a6d100fd0","00000000-0000-0000-0000-000000000001","2020-10-16T14:45:24.599Z","AOI-552b9630-b106-4fe7-a1fa-97d04a0010ef",SecurityEvent,
"552b9630-b106-4fe7-a1fa-97d04a0010ef","2020-10-16T14:45:23.213Z",OpsManager,"AD\XDLVS1170048$",Machine,"WN73201.ad.providence.org","Microsoft-Windows-Security-Auditing",Security,12544,8,,4624,"4624 - An account was successfully logged on.",,,,,,,,,,,,,,,,,,null,null,Kerberos,,,null,,,,,,,,,,,,,,,,,,,,,,,,,,,,null,,,,,,,,,,,,,,,,"%%1833",,"10.184.3.97",49753,0,"-",,,,,,"80244fd7-cd08-6178-5538-e0e2d769043c",,,Kerberos,3,"3 - Network",,,,,,,,,,,,,,,,,,,,,,,,,,,,,,,,,,,,,,,,,,,,,,,,,"-",0x0,"-",,,,,,,,,,,,,,,,,,,,,,,null,,,,,,,"-\-",,,,"-",,0x0,,,"-","S-1-0-0",,,"AD\XDLVS1170048$",AD,,,,0x45cefc827,,,,,,"XDLVS1170048$","S-1-5-21-1078081533-725345543-682003330-496466",,,,,,,,"-",,,,,,,,"-","e9823817-3e12-441f-aa9e-07379874d8fd","6909fff6-b530-4ca7-b89a-27c1404baa6d","00000000-0000-0000-0000-000000000001","2020-10-16T14:45:24.599Z","AOI-552b9630-b106-4fe7-a1fa-97d04a0010ef",SecurityEvent,
"552b9630-b106-4fe7-a1fa-97d04a0010ef","2020-10-16T14:45:23.213Z",OpsManager,"AD\XDLVS1570384$",Machine,"WN73201.ad.providence.org","Microsoft-Windows-Security-Auditing",Security,12544,8,,4624,"4624 - An account was successfully logged on.",,,,,,,,,,,,,,,,,,null,null,Kerberos,,,null,,,,,,,,,,,,,,,,,,,,,,,,,,,,null,,,,,,,,,,,,,,,,"%%1833",,"10.184.18.127",53920,0,"-",,,,,,"29d03b34-3062-dd62-c7fb-c63aa8ab483a",,,Kerberos,3,"3 - Network",,,,,,,,,,,,,,,,,,,,,,,,,,,,,,,,,,,,,,,,,,,,,,,,,"-",0x0,"-",,,,,,,,,,,,,,,,,,,,,,,null,,,,,,,"-\-",,,,"-",,0x0,,,"-","S-1-0-0",,,"AD\XDLVS1570384$",AD,,,,0x45cefc839,,,,,,"XDLVS1570384$","S-1-5-21-1078081533-725345543-682003330-542578",,,,,,,,"-",,,,,,,,"-","e9823817-3e12-441f-aa9e-07379874d8fd","8511a3ee-fe14-42a3-8719-dd2a8c69ca76","00000000-0000-0000-0000-000000000001","2020-10-16T14:45:24.599Z","AOI-552b9630-b106-4fe7-a1fa-97d04a0010ef",SecurityEvent,
"552b9630-b106-4fe7-a1fa-97d04a0010ef","2020-10-16T14:45:23.227Z",OpsManager,"AD\HHF-VMC-JP0WG02$",Machine,"WN73201.ad.providence.org","Microsoft-Windows-Security-Auditing",Security,12544,8,,4624,"4624 - An account was successfully logged on.",,,,,,,,,,,,,,,,,,null,null,Kerberos,,,null,,,,,,,,,,,,,,,,,,,,,,,,,,,,null,,,,,,,,,,,,,,,,"%%1833",,"10.199.184.252",65395,0,"-",,,,,,"026f5479-2954-8ead-9b79-3f3fedb62557",,,Kerberos,3,"3 - Network",,,,,,,,,,,,,,,,,,,,,,,,,,,,,,,,,,,,,,,,,,,,,,,,,"-",0x0,"-",,,,,,,,,,,,,,,,,,,,,,,null,,,,,,,"-\-",,,,"-",,0x0,,,"-","S-1-0-0",,,"AD\HHF-VMC-JP0WG02$",AD,,,,0x45cefc872,,,,,,"HHF-VMC-JP0WG02$","S-1-5-21-1078081533-725345543-682003330-500940",,,,,,,,"-",,,,,,,,"-","e9823817-3e12-441f-aa9e-07379874d8fd","14c2913e-6e34-437c-a3c3-f8619a2efb32","00000000-0000-0000-0000-000000000001","2020-10-16T14:45:24.599Z","AOI-552b9630-b106-4fe7-a1fa-97d04a0010ef",SecurityEvent,
"552b9630-b106-4fe7-a1fa-97d04a0010ef","2020-10-16T14:45:23.26Z",OpsManager,"AD\SCANLANV1",User,"WN73201.ad.providence.org","Microsoft-Windows-Security-Auditing",Security,12544,8,,4624,"4624 - An account was successfully logged on.",,,,,,,,,,,,,,,,,,null,null,Kerberos,,,null,,,,,,,,,,,,,,,,,,,,,,,,,,,,null,,,,,,,,,,,,,,,,"%%1833",,"156.72.210.159",63967,0,"-",,,,,,"5c73ab86-ebb3-8dbc-8fd7-1031ced41225",,,Kerberos,3,"3 - Network",,,,,,,,,,,,,,,,,,,,,,,,,,,,,,,,,,,,,,,,,,,,,,,,,"-",0x0,"-",,,,,,,,,,,,,,,,,,,,,,,null,,,,,,,"-\-",,,,"-",,0x0,,,"-","S-1-0-0",,,"AD\SCANLANV1",AD,,,,0x45cefc99d,,,,,,SCANLANV1,"S-1-5-21-1078081533-725345543-682003330-316557",,,,,,,,"-",,,,,,,,"-","e9823817-3e12-441f-aa9e-07379874d8fd","7f385daa-f9a9-4c0c-b8a2-8e2d411b7a02","00000000-0000-0000-0000-000000000001","2020-10-16T14:45:24.599Z","AOI-552b9630-b106-4fe7-a1fa-97d04a0010ef",SecurityEvent,
"552b9630-b106-4fe7-a1fa-97d04a0010ef","2020-10-16T14:45:23.273Z",OpsManager,"AD\XDLVS1270156$",Machine,"WN73201.ad.providence.org","Microsoft-Windows-Security-Auditing",Security,12544,8,,4624,"4624 - An account was successfully logged on.",,,,,,,,,,,,,,,,,,null,null,Kerberos,,,null,,,,,,,,,,,,,,,,,,,,,,,,,,,,null,,,,,,,,,,,,,,,,"%%1833",,"10.184.4.172",62150,0,"-",,,,,,"48c03683-0da4-79db-c357-4a4037b2085f",,,Kerberos,3,"3 - Network",,,,,,,,,,,,,,,,,,,,,,,,,,,,,,,,,,,,,,,,,,,,,,,,,"-",0x0,"-",,,,,,,,,,,,,,,,,,,,,,,null,,,,,,,"-\-",,,,"-",,0x0,,,"-","S-1-0-0",,,"AD\XDLVS1270156$",AD,,,,0x45cefc9f3,,,,,,"XDLVS1270156$","S-1-5-21-1078081533-725345543-682003330-502093",,,,,,,,"-",,,,,,,,"-","e9823817-3e12-441f-aa9e-07379874d8fd","d362b6d6-bf0f-4f29-a4f8-75abaa40d647","00000000-0000-0000-0000-000000000001","2020-10-16T14:45:24.599Z","AOI-552b9630-b106-4fe7-a1fa-97d04a0010ef",SecurityEvent,
"552b9630-b106-4fe7-a1fa-97d04a0010ef","2020-10-16T14:45:23.273Z",OpsManager,"AD\XDLVS1270156$",Machine,"WN73201.ad.providence.org","Microsoft-Windows-Security-Auditing",Security,12545,8,,4634,"4634 - An account was logged off.",,,,,,,,,,,,,,,,,,null,null,,,,null,,,,,,,,,,,,,,,,,,,,,,,,,,,,null,,,,,,,,,,,,,,,,,,,,null,,,,,,,,,,,3,"3 - Network",,,,,,,,,,,,,,,,,,,,,,,,,,,,,,,,,,,,,,,,,,,,,,,,,,,,,,,,,,,,,,,,,,,,,,,,,,null,,,,,,,,,,,,,,,,,,,,"AD\XDLVS1270156$",AD,,,,0x45cefc9f3,,,,,,"XDLVS1270156$","S-1-5-21-1078081533-725345543-682003330-502093",,,,,,,,,,,,,,,,,"e9823817-3e12-441f-aa9e-07379874d8fd","a3118172-ef73-4916-b67a-c601ba634692","00000000-0000-0000-0000-000000000001","2020-10-16T14:45:24.599Z","AOI-552b9630-b106-4fe7-a1fa-97d04a0010ef",SecurityEvent,
"552b9630-b106-4fe7-a1fa-97d04a0010ef","2020-10-16T14:45:23.273Z",OpsManager,,,"WN73201.ad.providence.org","Microsoft-Windows-Security-Auditing",Security,12544,16,"<EventData xmlns=""http://schemas.microsoft.com/win/2004/08/events/event"">
  <Data Name=""TargetUserSid"">S-1-5-21-798254582-200106796-1537874043-659043</Data>
  <Data Name=""TargetUserName"">-</Data>
  <Data Name=""TargetDomainName"">-</Data>
  <Data Name=""TdoDirection"">2</Data>
  <Data Name=""TdoAttributes"">8</Data>
  <Data Name=""TdoType"">2</Data>
  <Data Name=""TdoSid"">S-1-5-21-798254582-200106796-1537874043</Data>
  <Data Name=""SidList""> 		%{S-1-5-21-2077830440-1524508046-10498456-512} 		%{S-1-5-21-379607110-125704906-1236795852-512} 		%{S-1-5-21-379607110-125704906-1236795852-513} 		%{S-1-5-21-422978413-2066309399-315576832-512} 		%{S-1-5-21-422978413-2066309399-315576832-513} 		%{S-1-5-21-1078081533-1844237615-1417001333-23299} 		%{S-1-5-21-1078081533-1844237615-1417001333-34836} 		%{S-1-5-21-1078081533-1844237615-1417001333-29206} 		%{S-1-5-21-1078081533-1844237615-1417001333-34868} 		%{S-1-5-21-1078081533-1844237615-1417001333-23875} 		%{S-1-5-21-1078081533-1844237615-1417001333-34752} 		%{S-1-5-21-1078081533-1844237615-1417001333-34787} 		%{S-1-5-21-970664977-1458773745-315576832-3078} 		%{S-1-5-21-422978413-2066309399-315576832-6693} 		%{S-1-5-21-251936714-831723214-1236795852-3298} 		%{S-1-5-21-1078081533-1844237615-1417001333-21015} 		%{S-1-5-21-1078081533-1844237615-1417001333-28628}</Data>
</EventData>",4675,"4675 - SIDs were filtered.",,,,,,,,,,,,,,,,,,null,null,,,,null,,,,,,,,,,,,,,,,,,,,,,,,,,,,null,,,,,,,,,,,,,,,,,,,,null,,,,,,,,,,,null,,,,,,,,,,,,,,,,,,,,,,,,,,,,,,,,,,,,,,,,,,,,,,,,,,,,,,,,,,,,,,,,,,,,,,,,,,,null,,,,,,,,,,,,,,,,,,,,"-\-","-",,,,,,,,,,"-","S-1-5-21-798254582-200106796-1537874043-659043",,,,,,,,,,,,,,,,,"e9823817-3e12-441f-aa9e-07379874d8fd","8e2c5276-3472-479a-bdc8-3e1eaddf3bd2","00000000-0000-0000-0000-000000000001","2020-10-16T14:45:24.599Z","AOI-552b9630-b106-4fe7-a1fa-97d04a0010ef",SecurityEvent,
"552b9630-b106-4fe7-a1fa-97d04a0010ef","2020-10-16T14:45:23.29Z",OpsManager,"AD\GOLDBERGMN1",User,"WN73201.ad.providence.org","Microsoft-Windows-Security-Auditing",Security,12544,8,,4624,"4624 - An account was successfully logged on.",,,,,,,,,,,,,,,,,,null,null,Kerberos,,,null,,,,,,,,,,,,,,,,,,,,,,,,,,,,null,,,,,,,,,,,,,,,,"%%1833",,"10.176.13.62",54216,0,"-",,,,,,"9eda99fe-6a00-4d39-ebb0-124a4e18ee02",,,Kerberos,3,"3 - Network",,,,,,,,,,,,,,,,,,,,,,,,,,,,,,,,,,,,,,,,,,,,,,,,,"-",0x0,"-",,,,,,,,,,,,,,,,,,,,,,,null,,,,,,,"-\-",,,,"-",,0x0,,,"-","S-1-0-0",,,"AD\GOLDBERGMN1",AD,,,,0x45cefca7a,,,,,,GOLDBERGMN1,"S-1-5-21-1078081533-725345543-682003330-338026",,,,,,,,"-",,,,,,,,"-","e9823817-3e12-441f-aa9e-07379874d8fd","eb406dc6-ef6a-4b3d-a4b5-b6666b1141ab","00000000-0000-0000-0000-000000000001","2020-10-16T14:45:24.599Z","AOI-552b9630-b106-4fe7-a1fa-97d04a0010ef",SecurityEvent,
"552b9630-b106-4fe7-a1fa-97d04a0010ef","2020-10-16T14:45:23.29Z",OpsManager,,,"WN73201.ad.providence.org","Microsoft-Windows-Security-Auditing",Security,12544,16,"<EventData xmlns=""http://schemas.microsoft.com/win/2004/08/events/event"">
  <Data Name=""TargetUserSid"">S-1-5-21-798254582-200106796-1537874043-151807</Data>
  <Data Name=""TargetUserName"">-</Data>
  <Data Name=""TargetDomainName"">-</Data>
  <Data Name=""TdoDirection"">2</Data>
  <Data Name=""TdoAttributes"">8</Data>
  <Data Name=""TdoType"">2</Data>
  <Data Name=""TdoSid"">S-1-5-21-798254582-200106796-1537874043</Data>
  <Data Name=""SidList""> 		%{S-1-5-21-379607110-125704906-1236795852-513} 		%{S-1-5-21-238693470-8341388-621696214-513} 		%{S-1-5-21-422978413-2066309399-315576832-513}</Data>
</EventData>",4675,"4675 - SIDs were filtered.",,,,,,,,,,,,,,,,,,null,null,,,,null,,,,,,,,,,,,,,,,,,,,,,,,,,,,null,,,,,,,,,,,,,,,,,,,,null,,,,,,,,,,,null,,,,,,,,,,,,,,,,,,,,,,,,,,,,,,,,,,,,,,,,,,,,,,,,,,,,,,,,,,,,,,,,,,,,,,,,,,,null,,,,,,,,,,,,,,,,,,,,"-\-","-",,,,,,,,,,"-","S-1-5-21-798254582-200106796-1537874043-151807",,,,,,,,,,,,,,,,,"e9823817-3e12-441f-aa9e-07379874d8fd","def87ff7-1d66-4a60-8539-79cb30aea97c","00000000-0000-0000-0000-000000000001","2020-10-16T14:45:24.599Z","AOI-552b9630-b106-4fe7-a1fa-97d04a0010ef",SecurityEvent,
"552b9630-b106-4fe7-a1fa-97d04a0010ef","2020-10-16T14:45:23.29Z",OpsManager,,,"WN73201.ad.providence.org","Microsoft-Windows-Security-Auditing",Security,14336,8,"<EventData xmlns=""http://schemas.microsoft.com/win/2004/08/events/event"">
  <Data Name=""PackageName"">MICROSOFT_AUTHENTICATION_PACKAGE_V1_0</Data>
  <Data Name=""TargetUserName"">DeSimoneDE</Data>
  <Data Name=""Workstation"">XDLVS1571018</Data>
  <Data Name=""Status"">0x0</Data>
</EventData>",4776,"4776 - The domain controller attempted to validate the credentials for an account.",,,,,,,,,,,,,,,,,,null,null,,,,null,,,,,,,,,,,,,,,,,,,,,,,,,,,,null,,,,,,,,,,,,,,,,,,,,null,,,,,,,,,,,null,,,,,,,,,,,,,,,,,,,,,,,,,,,,,,,,,,,,,,,,"MICROSOFT_AUTHENTICATION_PACKAGE_V1_0",,,,,,,,,,,,,,,,,,,,,,,,,,,,,,,,,,,null,,,,,,0x0,,,,,,,,,,,,,,DeSimoneDE,,,,,,,,,,,DeSimoneDE,,,,,,,,,,,,,,,,XDLVS1571018,,"e9823817-3e12-441f-aa9e-07379874d8fd","e156d255-aef3-451c-b186-87b3b968f2b9","00000000-0000-0000-0000-000000000001","2020-10-16T14:45:24.599Z","AOI-552b9630-b106-4fe7-a1fa-97d04a0010ef",SecurityEvent,
"552b9630-b106-4fe7-a1fa-97d04a0010ef","2020-10-16T14:45:23.29Z",OpsManager,"AD\XDLVS1570051$",Machine,"WN73201.ad.providence.org","Microsoft-Windows-Security-Auditing",Security,12545,8,,4634,"4634 - An account was logged off.",,,,,,,,,,,,,,,,,,null,null,,,,null,,,,,,,,,,,,,,,,,,,,,,,,,,,,null,,,,,,,,,,,,,,,,,,,,null,,,,,,,,,,,3,"3 - Network",,,,,,,,,,,,,,,,,,,,,,,,,,,,,,,,,,,,,,,,,,,,,,,,,,,,,,,,,,,,,,,,,,,,,,,,,,null,,,,,,,,,,,,,,,,,,,,"AD\XDLVS1570051$",AD,,,,0x45ceece29,,,,,,"XDLVS1570051$","S-1-5-21-1078081533-725345543-682003330-542243",,,,,,,,,,,,,,,,,"e9823817-3e12-441f-aa9e-07379874d8fd","b8d2029f-b481-4f44-99ed-4434d934cc0b","00000000-0000-0000-0000-000000000001","2020-10-16T14:45:24.599Z","AOI-552b9630-b106-4fe7-a1fa-97d04a0010ef",SecurityEvent,
"552b9630-b106-4fe7-a1fa-97d04a0010ef","2020-10-16T14:45:23.29Z",OpsManager,"AD\HHF-VMC-JP0WG02$",Machine,"WN73201.ad.providence.org","Microsoft-Windows-Security-Auditing",Security,12544,8,,4624,"4624 - An account was successfully logged on.",,,,,,,,,,,,,,,,,,null,null,Kerberos,,,null,,,,,,,,,,,,,,,,,,,,,,,,,,,,null,,,,,,,,,,,,,,,,"%%1833",,"10.199.184.252",65396,0,"-",,,,,,"026f5479-2954-8ead-9b79-3f3fedb62557",,,Kerberos,3,"3 - Network",,,,,,,,,,,,,,,,,,,,,,,,,,,,,,,,,,,,,,,,,,,,,,,,,"-",0x0,"-",,,,,,,,,,,,,,,,,,,,,,,null,,,,,,,"-\-",,,,"-",,0x0,,,"-","S-1-0-0",,,"AD\HHF-VMC-JP0WG02$",AD,,,,0x45cefcb43,,,,,,"HHF-VMC-JP0WG02$","S-1-5-21-1078081533-725345543-682003330-500940",,,,,,,,"-",,,,,,,,"-","e9823817-3e12-441f-aa9e-07379874d8fd","70647642-f93e-4f34-85ac-34f039a76ac1","00000000-0000-0000-0000-000000000001","2020-10-16T14:45:24.599Z","AOI-552b9630-b106-4fe7-a1fa-97d04a0010ef",SecurityEvent,
"552b9630-b106-4fe7-a1fa-97d04a0010ef","2020-10-16T14:45:23.307Z",OpsManager,"AD\XDLVS1570686$",Machine,"WN73201.ad.providence.org","Microsoft-Windows-Security-Auditing",Security,12545,8,,4634,"4634 - An account was logged off.",,,,,,,,,,,,,,,,,,null,null,,,,null,,,,,,,,,,,,,,,,,,,,,,,,,,,,null,,,,,,,,,,,,,,,,,,,,null,,,,,,,,,,,3,"3 - Network",,,,,,,,,,,,,,,,,,,,,,,,,,,,,,,,,,,,,,,,,,,,,,,,,,,,,,,,,,,,,,,,,,,,,,,,,,null,,,,,,,,,,,,,,,,,,,,"AD\XDLVS1570686$",AD,,,,0x45cef5713,,,,,,"XDLVS1570686$","S-1-5-21-1078081533-725345543-682003330-544380",,,,,,,,,,,,,,,,,"e9823817-3e12-441f-aa9e-07379874d8fd","bfaa2de0-2b3a-4646-a559-e16002ee5830","00000000-0000-0000-0000-000000000001","2020-10-16T14:45:24.599Z","AOI-552b9630-b106-4fe7-a1fa-97d04a0010ef",SecurityEvent,
"552b9630-b106-4fe7-a1fa-97d04a0010ef","2020-10-16T14:45:23.307Z",OpsManager,,,"WN73201.ad.providence.org","Microsoft-Windows-Security-Auditing",Security,14339,8,"<EventData xmlns=""http://schemas.microsoft.com/win/2004/08/events/event"">
  <Data Name=""TargetUserName"">AVILAM2</Data>
  <Data Name=""TargetDomainName"">AD.PROVIDENCE.ORG</Data>
  <Data Name=""TargetSid"">S-1-5-21-1078081533-725345543-682003330-350054</Data>
  <Data Name=""ServiceName"">krbtgt</Data>
  <Data Name=""ServiceSid"">S-1-5-21-1078081533-725345543-682003330-502</Data>
  <Data Name=""TicketOptions"">0x40810010</Data>
  <Data Name=""Status"">0x0</Data>
  <Data Name=""TicketEncryptionType"">0x12</Data>
  <Data Name=""PreAuthType"">2</Data>
  <Data Name=""IpAddress"">::ffff:10.249.3.156</Data>
  <Data Name=""IpPort"">59952</Data>
  <Data Name=""CertIssuerName""></Data>
  <Data Name=""CertSerialNumber""></Data>
  <Data Name=""CertThumbprint""></Data>
</EventData>",4768,"4768 - A Kerberos authentication ticket (TGT) was requested.",,,,,,,,,,,,,,,,,,null,null,,,,null,,,,,,,,,,,,,,,,,,,,,,,,,,,,null,,,,,,,,,,,,,,,,,,"::ffff:10.249.3.156",59952,null,,,,,,,,,,,null,,,,,,,,,,,,,,,,,,,,,,,,,,,,,,,,,,,,,,,,,,,,,,,,,,,,,,,,,,,,,,,,,,,,,,,,,,krbtgt,null,,,,,,0x0,,,,,,,,,,,,,,"AD.PROVIDENCE.ORG\AVILAM2","AD.PROVIDENCE.ORG",,,,,,,,"S-1-5-21-1078081533-725345543-682003330-350054",,AVILAM2,,,,,,,,,,,,,,,,,,"e9823817-3e12-441f-aa9e-07379874d8fd","6978afdf-42aa-45c3-adfd-791611627fe0","00000000-0000-0000-0000-000000000001","2020-10-16T14:45:24.599Z","AOI-552b9630-b106-4fe7-a1fa-97d04a0010ef",SecurityEvent,
"552b9630-b106-4fe7-a1fa-97d04a0010ef","2020-10-16T14:45:23.307Z",OpsManager,"AD\HHF-VMC-JP0WG02$",Machine,"WN73201.ad.providence.org","Microsoft-Windows-Security-Auditing",Security,12545,8,,4634,"4634 - An account was logged off.",,,,,,,,,,,,,,,,,,null,null,,,,null,,,,,,,,,,,,,,,,,,,,,,,,,,,,null,,,,,,,,,,,,,,,,,,,,null,,,,,,,,,,,3,"3 - Network",,,,,,,,,,,,,,,,,,,,,,,,,,,,,,,,,,,,,,,,,,,,,,,,,,,,,,,,,,,,,,,,,,,,,,,,,,null,,,,,,,,,,,,,,,,,,,,"AD\HHF-VMC-JP0WG02$",AD,,,,0x45cefc872,,,,,,"HHF-VMC-JP0WG02$","S-1-5-21-1078081533-725345543-682003330-500940",,,,,,,,,,,,,,,,,"e9823817-3e12-441f-aa9e-07379874d8fd","833aba79-c787-465f-a169-e331cb18c0fe","00000000-0000-0000-0000-000000000001","2020-10-16T14:45:24.599Z","AOI-552b9630-b106-4fe7-a1fa-97d04a0010ef",SecurityEvent,
"552b9630-b106-4fe7-a1fa-97d04a0010ef","2020-10-16T14:45:23.323Z",OpsManager,"AD\HHF-VMC-JP0WG02$",Machine,"WN73201.ad.providence.org","Microsoft-Windows-Security-Auditing",Security,12545,8,,4634,"4634 - An account was logged off.",,,,,,,,,,,,,,,,,,null,null,,,,null,,,,,,,,,,,,,,,,,,,,,,,,,,,,null,,,,,,,,,,,,,,,,,,,,null,,,,,,,,,,,3,"3 - Network",,,,,,,,,,,,,,,,,,,,,,,,,,,,,,,,,,,,,,,,,,,,,,,,,,,,,,,,,,,,,,,,,,,,,,,,,,null,,,,,,,,,,,,,,,,,,,,"AD\HHF-VMC-JP0WG02$",AD,,,,0x45cefcb43,,,,,,"HHF-VMC-JP0WG02$","S-1-5-21-1078081533-725345543-682003330-500940",,,,,,,,,,,,,,,,,"e9823817-3e12-441f-aa9e-07379874d8fd","08c32e86-f8b9-4905-9a6a-d74da62be384","00000000-0000-0000-0000-000000000001","2020-10-16T14:45:24.599Z","AOI-552b9630-b106-4fe7-a1fa-97d04a0010ef",SecurityEvent,
"552b9630-b106-4fe7-a1fa-97d04a0010ef","2020-10-16T14:45:23.323Z",OpsManager,"AD\MHR-4CI-5CBGK2$",Machine,"WN73201.ad.providence.org","Microsoft-Windows-Security-Auditing",Security,12544,8,,4624,"4624 - An account was successfully logged on.",,,,,,,,,,,,,,,,,,null,null,Kerberos,,,null,,,,,,,,,,,,,,,,,,,,,,,,,,,,null,,,,,,,,,,,,,,,,"%%1840",,"10.187.17.16",64234,0,"-",,,,,,"eafb81be-8b98-a919-1e78-382ac7694c02",,,Kerberos,3,"3 - Network",,,,,,,,,,,,,,,,,,,,,,,,,,,,,,,,,,,,,,,,,,,,,,,,,"-",0x0,"-",,,,,,,,,,,,,,,,,,,,,,,null,,,,,,,"-\-",,,,"-",,0x0,,,"-","S-1-0-0",,,"AD\MHR-4CI-5CBGK2$",AD,,,,0x45cefcc3c,,,,,,"MHR-4CI-5CBGK2$","S-1-5-21-1078081533-725345543-682003330-495878",,,,,,,,"-",,,,,,,,"-","e9823817-3e12-441f-aa9e-07379874d8fd","85dd9497-9114-408e-9cd1-7f861ac778f8","00000000-0000-0000-0000-000000000001","2020-10-16T14:45:24.599Z","AOI-552b9630-b106-4fe7-a1fa-97d04a0010ef",SecurityEvent,
"552b9630-b106-4fe7-a1fa-97d04a0010ef","2020-10-16T14:45:23.323Z",OpsManager,"AD\XDLVS1170048$",Machine,"WN73201.ad.providence.org","Microsoft-Windows-Security-Auditing",Security,12545,8,,4634,"4634 - An account was logged off.",,,,,,,,,,,,,,,,,,null,null,,,,null,,,,,,,,,,,,,,,,,,,,,,,,,,,,null,,,,,,,,,,,,,,,,,,,,null,,,,,,,,,,,3,"3 - Network",,,,,,,,,,,,,,,,,,,,,,,,,,,,,,,,,,,,,,,,,,,,,,,,,,,,,,,,,,,,,,,,,,,,,,,,,,null,,,,,,,,,,,,,,,,,,,,"AD\XDLVS1170048$",AD,,,,0x45cefc827,,,,,,"XDLVS1170048$","S-1-5-21-1078081533-725345543-682003330-496466",,,,,,,,,,,,,,,,,"e9823817-3e12-441f-aa9e-07379874d8fd","b863ee57-ca14-4efa-a721-16bfc2b537e7","00000000-0000-0000-0000-000000000001","2020-10-16T14:45:24.599Z","AOI-552b9630-b106-4fe7-a1fa-97d04a0010ef",SecurityEvent,
"552b9630-b106-4fe7-a1fa-97d04a0010ef","2020-10-16T14:45:23.337Z",OpsManager,"AD\XDLVS1170048$",Machine,"WN73201.ad.providence.org","Microsoft-Windows-Security-Auditing",Security,12544,8,,4624,"4624 - An account was successfully logged on.",,,,,,,,,,,,,,,,,,null,null,Kerberos,,,null,,,,,,,,,,,,,,,,,,,,,,,,,,,,null,,,,,,,,,,,,,,,,"%%1833",,"10.184.3.97",49754,0,"-",,,,,,"80244fd7-cd08-6178-5538-e0e2d769043c",,,Kerberos,3,"3 - Network",,,,,,,,,,,,,,,,,,,,,,,,,,,,,,,,,,,,,,,,,,,,,,,,,"-",0x0,"-",,,,,,,,,,,,,,,,,,,,,,,null,,,,,,,"-\-",,,,"-",,0x0,,,"-","S-1-0-0",,,"AD\XDLVS1170048$",AD,,,,0x45cefcc74,,,,,,"XDLVS1170048$","S-1-5-21-1078081533-725345543-682003330-496466",,,,,,,,"-",,,,,,,,"-","e9823817-3e12-441f-aa9e-07379874d8fd","64d8eb7e-a7d1-46f9-965f-45386308e367","00000000-0000-0000-0000-000000000001","2020-10-16T14:45:24.599Z","AOI-552b9630-b106-4fe7-a1fa-97d04a0010ef",SecurityEvent,
"552b9630-b106-4fe7-a1fa-97d04a0010ef","2020-10-16T14:45:23.337Z",OpsManager,,,"WN73201.ad.providence.org","Microsoft-Windows-Security-Auditing",Security,14336,8,"<EventData xmlns=""http://schemas.microsoft.com/win/2004/08/events/event"">
  <Data Name=""PackageName"">MICROSOFT_AUTHENTICATION_PACKAGE_V1_0</Data>
  <Data Name=""TargetUserName"">NOLENT1</Data>
  <Data Name=""Workstation"">XAMTLVS0A180</Data>
  <Data Name=""Status"">0x0</Data>
</EventData>",4776,"4776 - The domain controller attempted to validate the credentials for an account.",,,,,,,,,,,,,,,,,,null,null,,,,null,,,,,,,,,,,,,,,,,,,,,,,,,,,,null,,,,,,,,,,,,,,,,,,,,null,,,,,,,,,,,null,,,,,,,,,,,,,,,,,,,,,,,,,,,,,,,,,,,,,,,,"MICROSOFT_AUTHENTICATION_PACKAGE_V1_0",,,,,,,,,,,,,,,,,,,,,,,,,,,,,,,,,,,null,,,,,,0x0,,,,,,,,,,,,,,NOLENT1,,,,,,,,,,,NOLENT1,,,,,,,,,,,,,,,,XAMTLVS0A180,,"e9823817-3e12-441f-aa9e-07379874d8fd","7a1a17b2-c65c-40f3-bb39-0f1ffd8c6e26","00000000-0000-0000-0000-000000000001","2020-10-16T14:45:24.599Z","AOI-552b9630-b106-4fe7-a1fa-97d04a0010ef",SecurityEvent,
"552b9630-b106-4fe7-a1fa-97d04a0010ef","2020-10-16T14:45:23.353Z",OpsManager,"AD\XDLVS1170048$",Machine,"WN73201.ad.providence.org","Microsoft-Windows-Security-Auditing",Security,12545,8,,4634,"4634 - An account was logged off.",,,,,,,,,,,,,,,,,,null,null,,,,null,,,,,,,,,,,,,,,,,,,,,,,,,,,,null,,,,,,,,,,,,,,,,,,,,null,,,,,,,,,,,3,"3 - Network",,,,,,,,,,,,,,,,,,,,,,,,,,,,,,,,,,,,,,,,,,,,,,,,,,,,,,,,,,,,,,,,,,,,,,,,,,null,,,,,,,,,,,,,,,,,,,,"AD\XDLVS1170048$",AD,,,,0x45cefcc74,,,,,,"XDLVS1170048$","S-1-5-21-1078081533-725345543-682003330-496466",,,,,,,,,,,,,,,,,"e9823817-3e12-441f-aa9e-07379874d8fd","5412af72-d17a-4a74-ba35-56d8b5d2ff25","00000000-0000-0000-0000-000000000001","2020-10-16T14:45:24.599Z","AOI-552b9630-b106-4fe7-a1fa-97d04a0010ef",SecurityEvent,
"552b9630-b106-4fe7-a1fa-97d04a0010ef","2020-10-16T14:45:23.353Z",OpsManager,"AD\XDLVS1270156$",Machine,"WN73201.ad.providence.org","Microsoft-Windows-Security-Auditing",Security,12544,8,,4624,"4624 - An account was successfully logged on.",,,,,,,,,,,,,,,,,,null,null,Kerberos,,,null,,,,,,,,,,,,,,,,,,,,,,,,,,,,null,,,,,,,,,,,,,,,,"%%1833",,"10.184.4.172",62151,0,"-",,,,,,"48c03683-0da4-79db-c357-4a4037b2085f",,,Kerberos,3,"3 - Network",,,,,,,,,,,,,,,,,,,,,,,,,,,,,,,,,,,,,,,,,,,,,,,,,"-",0x0,"-",,,,,,,,,,,,,,,,,,,,,,,null,,,,,,,"-\-",,,,"-",,0x0,,,"-","S-1-0-0",,,"AD\XDLVS1270156$",AD,,,,0x45cefcce2,,,,,,"XDLVS1270156$","S-1-5-21-1078081533-725345543-682003330-502093",,,,,,,,"-",,,,,,,,"-","e9823817-3e12-441f-aa9e-07379874d8fd","88ab435f-8bf1-43db-96c4-26d3c7075313","00000000-0000-0000-0000-000000000001","2020-10-16T14:45:24.599Z","AOI-552b9630-b106-4fe7-a1fa-97d04a0010ef",SecurityEvent,
"552b9630-b106-4fe7-a1fa-97d04a0010ef","2020-10-16T14:45:23.353Z",OpsManager,"AD\XDLVS1270156$",Machine,"WN73201.ad.providence.org","Microsoft-Windows-Security-Auditing",Security,12545,8,,4634,"4634 - An account was logged off.",,,,,,,,,,,,,,,,,,null,null,,,,null,,,,,,,,,,,,,,,,,,,,,,,,,,,,null,,,,,,,,,,,,,,,,,,,,null,,,,,,,,,,,3,"3 - Network",,,,,,,,,,,,,,,,,,,,,,,,,,,,,,,,,,,,,,,,,,,,,,,,,,,,,,,,,,,,,,,,,,,,,,,,,,null,,,,,,,,,,,,,,,,,,,,"AD\XDLVS1270156$",AD,,,,0x45cefcce2,,,,,,"XDLVS1270156$","S-1-5-21-1078081533-725345543-682003330-502093",,,,,,,,,,,,,,,,,"e9823817-3e12-441f-aa9e-07379874d8fd","138567bc-6de2-4837-a932-2f61711e0339","00000000-0000-0000-0000-000000000001","2020-10-16T14:45:24.599Z","AOI-552b9630-b106-4fe7-a1fa-97d04a0010ef",SecurityEvent,
"552b9630-b106-4fe7-a1fa-97d04a0010ef","2020-10-16T14:45:23.353Z",OpsManager,"AD\HHF-VMC-JP0WG02$",Machine,"WN73201.ad.providence.org","Microsoft-Windows-Security-Auditing",Security,12544,8,,4624,"4624 - An account was successfully logged on.",,,,,,,,,,,,,,,,,,null,null,Kerberos,,,null,,,,,,,,,,,,,,,,,,,,,,,,,,,,null,,,,,,,,,,,,,,,,"%%1833",,"10.199.184.252",65398,0,"-",,,,,,"026f5479-2954-8ead-9b79-3f3fedb62557",,,Kerberos,3,"3 - Network",,,,,,,,,,,,,,,,,,,,,,,,,,,,,,,,,,,,,,,,,,,,,,,,,"-",0x0,"-",,,,,,,,,,,,,,,,,,,,,,,null,,,,,,,"-\-",,,,"-",,0x0,,,"-","S-1-0-0",,,"AD\HHF-VMC-JP0WG02$",AD,,,,0x45cefcd0a,,,,,,"HHF-VMC-JP0WG02$","S-1-5-21-1078081533-725345543-682003330-500940",,,,,,,,"-",,,,,,,,"-","e9823817-3e12-441f-aa9e-07379874d8fd","2fb51dfb-8c0c-46e6-b541-6d99107e8ce6","00000000-0000-0000-0000-000000000001","2020-10-16T14:45:24.599Z","AOI-552b9630-b106-4fe7-a1fa-97d04a0010ef",SecurityEvent,
"552b9630-b106-4fe7-a1fa-97d04a0010ef","2020-10-16T14:45:23.37Z",OpsManager,"AD\SJO-SPD-CLR3CP1$",Machine,"WN73201.ad.providence.org","Microsoft-Windows-Security-Auditing",Security,12544,8,,4624,"4624 - An account was successfully logged on.",,,,,,,,,,,,,,,,,,null,null,Kerberos,,,null,,,,,,,,,,,,,,,,,,,,,,,,,,,,null,,,,,,,,,,,,,,,,"%%1833",,"156.72.10.194",56489,0,"-",,,,,,"ee09659b-0e3c-3226-661d-a9e05fc55d28",,,Kerberos,3,"3 - Network",,,,,,,,,,,,,,,,,,,,,,,,,,,,,,,,,,,,,,,,,,,,,,,,,"-",0x0,"-",,,,,,,,,,,,,,,,,,,,,,,null,,,,,,,"-\-",,,,"-",,0x0,,,"-","S-1-0-0",,,"AD\SJO-SPD-CLR3CP1$",AD,,,,0x45cefccac,,,,,,"SJO-SPD-CLR3CP1$","S-1-5-21-1078081533-725345543-682003330-517525",,,,,,,,"-",,,,,,,,"-","e9823817-3e12-441f-aa9e-07379874d8fd","3dd49b4b-c6ca-4401-9302-02ac92fbd893","00000000-0000-0000-0000-000000000001","2020-10-16T14:45:24.599Z","AOI-552b9630-b106-4fe7-a1fa-97d04a0010ef",SecurityEvent,
"552b9630-b106-4fe7-a1fa-97d04a0010ef","2020-10-16T14:45:23.37Z",OpsManager,"AD\SCANLANV1",User,"WN73201.ad.providence.org","Microsoft-Windows-Security-Auditing",Security,12545,8,,4634,"4634 - An account was logged off.",,,,,,,,,,,,,,,,,,null,null,,,,null,,,,,,,,,,,,,,,,,,,,,,,,,,,,null,,,,,,,,,,,,,,,,,,,,null,,,,,,,,,,,3,"3 - Network",,,,,,,,,,,,,,,,,,,,,,,,,,,,,,,,,,,,,,,,,,,,,,,,,,,,,,,,,,,,,,,,,,,,,,,,,,null,,,,,,,,,,,,,,,,,,,,"AD\SCANLANV1",AD,,,,0x45cefc99d,,,,,,SCANLANV1,"S-1-5-21-1078081533-725345543-682003330-316557",,,,,,,,,,,,,,,,,"e9823817-3e12-441f-aa9e-07379874d8fd","ffafb745-dcde-41cf-97b6-aea92ebcee12","00000000-0000-0000-0000-000000000001","2020-10-16T14:45:24.599Z","AOI-552b9630-b106-4fe7-a1fa-97d04a0010ef",SecurityEvent,
"552b9630-b106-4fe7-a1fa-97d04a0010ef","2020-10-16T14:45:23.383Z",OpsManager,"AD\TXDT1032735$",Machine,"WN73201.ad.providence.org","Microsoft-Windows-Security-Auditing",Security,12544,8,,4624,"4624 - An account was successfully logged on.",,,,,,,,,,,,,,,,,,null,null,Kerberos,,,null,,,,,,,,,,,,,,,,,,,,,,,,,,,,null,,,,,,,,,,,,,,,,"%%1833",,"10.185.15.198",49763,0,"-",,,,,,"c4da5d39-2fbb-b5af-5a9b-9e3fa5893f1f",,,Kerberos,3,"3 - Network",,,,,,,,,,,,,,,,,,,,,,,,,,,,,,,,,,,,,,,,,,,,,,,,,"-",0x0,"-",,,,,,,,,,,,,,,,,,,,,,,null,,,,,,,"-\-",,,,"-",,0x0,,,"-","S-1-0-0",,,"AD\TXDT1032735$",AD,,,,0x45cefcbc7,,,,,,"TXDT1032735$","S-1-5-21-1078081533-725345543-682003330-517342",,,,,,,,"-",,,,,,,,"-","e9823817-3e12-441f-aa9e-07379874d8fd","5313dd31-f649-4ef3-99a0-c128ccaf2cf7","00000000-0000-0000-0000-000000000001","2020-10-16T14:45:24.599Z","AOI-552b9630-b106-4fe7-a1fa-97d04a0010ef",SecurityEvent,
"552b9630-b106-4fe7-a1fa-97d04a0010ef","2020-10-16T14:45:23.4Z",OpsManager,"AD\XDLVS1270255$",Machine,"WN73201.ad.providence.org","Microsoft-Windows-Security-Auditing",Security,12545,8,,4634,"4634 - An account was logged off.",,,,,,,,,,,,,,,,,,null,null,,,,null,,,,,,,,,,,,,,,,,,,,,,,,,,,,null,,,,,,,,,,,,,,,,,,,,null,,,,,,,,,,,3,"3 - Network",,,,,,,,,,,,,,,,,,,,,,,,,,,,,,,,,,,,,,,,,,,,,,,,,,,,,,,,,,,,,,,,,,,,,,,,,,null,,,,,,,,,,,,,,,,,,,,"AD\XDLVS1270255$",AD,,,,0x45cbd5269,,,,,,"XDLVS1270255$","S-1-5-21-1078081533-725345543-682003330-502692",,,,,,,,,,,,,,,,,"e9823817-3e12-441f-aa9e-07379874d8fd","a6e7a04f-b09a-4bd4-b0c5-829735f12956","00000000-0000-0000-0000-000000000001","2020-10-16T14:45:24.599Z","AOI-552b9630-b106-4fe7-a1fa-97d04a0010ef",SecurityEvent,
"552b9630-b106-4fe7-a1fa-97d04a0010ef","2020-10-16T14:45:23.417Z",OpsManager,"AD\XDLVS1270106$",Machine,"WN73201.ad.providence.org","Microsoft-Windows-Security-Auditing",Security,12545,8,,4634,"4634 - An account was logged off.",,,,,,,,,,,,,,,,,,null,null,,,,null,,,,,,,,,,,,,,,,,,,,,,,,,,,,null,,,,,,,,,,,,,,,,,,,,null,,,,,,,,,,,3,"3 - Network",,,,,,,,,,,,,,,,,,,,,,,,,,,,,,,,,,,,,,,,,,,,,,,,,,,,,,,,,,,,,,,,,,,,,,,,,,null,,,,,,,,,,,,,,,,,,,,"AD\XDLVS1270106$",AD,,,,0x45ce937fd,,,,,,"XDLVS1270106$","S-1-5-21-1078081533-725345543-682003330-502043",,,,,,,,,,,,,,,,,"e9823817-3e12-441f-aa9e-07379874d8fd","edf72087-d551-4774-930b-c2dbd14209d4","00000000-0000-0000-0000-000000000001","2020-10-16T14:45:24.599Z","AOI-552b9630-b106-4fe7-a1fa-97d04a0010ef",SecurityEvent,
"552b9630-b106-4fe7-a1fa-97d04a0010ef","2020-10-16T14:45:23.417Z",OpsManager,,,"WN73201.ad.providence.org","Microsoft-Windows-Security-Auditing",Security,14336,8,"<EventData xmlns=""http://schemas.microsoft.com/win/2004/08/events/event"">
  <Data Name=""PackageName"">MICROSOFT_AUTHENTICATION_PACKAGE_V1_0</Data>
  <Data Name=""TargetUserName"">jgess</Data>
  <Data Name=""Workstation"">CMG-IT-38DMZC2</Data>
  <Data Name=""Status"">0x0</Data>
</EventData>",4776,"4776 - The domain controller attempted to validate the credentials for an account.",,,,,,,,,,,,,,,,,,null,null,,,,null,,,,,,,,,,,,,,,,,,,,,,,,,,,,null,,,,,,,,,,,,,,,,,,,,null,,,,,,,,,,,null,,,,,,,,,,,,,,,,,,,,,,,,,,,,,,,,,,,,,,,,"MICROSOFT_AUTHENTICATION_PACKAGE_V1_0",,,,,,,,,,,,,,,,,,,,,,,,,,,,,,,,,,,null,,,,,,0x0,,,,,,,,,,,,,,jgess,,,,,,,,,,,jgess,,,,,,,,,,,,,,,,"CMG-IT-38DMZC2",,"e9823817-3e12-441f-aa9e-07379874d8fd","88c8bd6e-af3b-4d15-8149-ec785d531287","00000000-0000-0000-0000-000000000001","2020-10-16T14:45:24.599Z","AOI-552b9630-b106-4fe7-a1fa-97d04a0010ef",SecurityEvent,
"552b9630-b106-4fe7-a1fa-97d04a0010ef","2020-10-16T14:45:23.417Z",OpsManager,"AD\SCANLANV1",User,"WN73201.ad.providence.org","Microsoft-Windows-Security-Auditing",Security,12544,8,,4624,"4624 - An account was successfully logged on.",,,,,,,,,,,,,,,,,,null,null,Kerberos,,,null,,,,,,,,,,,,,,,,,,,,,,,,,,,,null,,,,,,,,,,,,,,,,"%%1833",,"156.72.210.159",63968,0,"-",,,,,,"5c73ab86-ebb3-8dbc-8fd7-1031ced41225",,,Kerberos,3,"3 - Network",,,,,,,,,,,,,,,,,,,,,,,,,,,,,,,,,,,,,,,,,,,,,,,,,"-",0x0,"-",,,,,,,,,,,,,,,,,,,,,,,null,,,,,,,"-\-",,,,"-",,0x0,,,"-","S-1-0-0",,,"AD\SCANLANV1",AD,,,,0x45cefce4f,,,,,,SCANLANV1,"S-1-5-21-1078081533-725345543-682003330-316557",,,,,,,,"-",,,,,,,,"-","e9823817-3e12-441f-aa9e-07379874d8fd","861e5928-6d05-43c1-8c29-100d23d092bc","00000000-0000-0000-0000-000000000001","2020-10-16T14:45:24.599Z","AOI-552b9630-b106-4fe7-a1fa-97d04a0010ef",SecurityEvent,
"552b9630-b106-4fe7-a1fa-97d04a0010ef","2020-10-16T14:45:23.417Z",OpsManager,"AD\XDLVS1570384$",Machine,"WN73201.ad.providence.org","Microsoft-Windows-Security-Auditing",Security,12545,8,,4634,"4634 - An account was logged off.",,,,,,,,,,,,,,,,,,null,null,,,,null,,,,,,,,,,,,,,,,,,,,,,,,,,,,null,,,,,,,,,,,,,,,,,,,,null,,,,,,,,,,,3,"3 - Network",,,,,,,,,,,,,,,,,,,,,,,,,,,,,,,,,,,,,,,,,,,,,,,,,,,,,,,,,,,,,,,,,,,,,,,,,,null,,,,,,,,,,,,,,,,,,,,"AD\XDLVS1570384$",AD,,,,0x45cefc839,,,,,,"XDLVS1570384$","S-1-5-21-1078081533-725345543-682003330-542578",,,,,,,,,,,,,,,,,"e9823817-3e12-441f-aa9e-07379874d8fd","459662b5-7a76-4672-869b-1274cd0f96d7","00000000-0000-0000-0000-000000000001","2020-10-16T14:45:24.599Z","AOI-552b9630-b106-4fe7-a1fa-97d04a0010ef",SecurityEvent,
"552b9630-b106-4fe7-a1fa-97d04a0010ef","2020-10-16T14:45:23.417Z",OpsManager,"AD\HHF-VMC-JP0WG02$",Machine,"WN73201.ad.providence.org","Microsoft-Windows-Security-Auditing",Security,12544,8,,4624,"4624 - An account was successfully logged on.",,,,,,,,,,,,,,,,,,null,null,Kerberos,,,null,,,,,,,,,,,,,,,,,,,,,,,,,,,,null,,,,,,,,,,,,,,,,"%%1833",,"10.199.184.252",65399,0,"-",,,,,,"026f5479-2954-8ead-9b79-3f3fedb62557",,,Kerberos,3,"3 - Network",,,,,,,,,,,,,,,,,,,,,,,,,,,,,,,,,,,,,,,,,,,,,,,,,"-",0x0,"-",,,,,,,,,,,,,,,,,,,,,,,null,,,,,,,"-\-",,,,"-",,0x0,,,"-","S-1-0-0",,,"AD\HHF-VMC-JP0WG02$",AD,,,,0x45cefce68,,,,,,"HHF-VMC-JP0WG02$","S-1-5-21-1078081533-725345543-682003330-500940",,,,,,,,"-",,,,,,,,"-","e9823817-3e12-441f-aa9e-07379874d8fd","8a86f184-7576-4d04-81c8-45cdb0f3ad8c","00000000-0000-0000-0000-000000000001","2020-10-16T14:45:24.599Z","AOI-552b9630-b106-4fe7-a1fa-97d04a0010ef",SecurityEvent,
"552b9630-b106-4fe7-a1fa-97d04a0010ef","2020-10-16T14:45:23.43Z",OpsManager,,,"WN73201.ad.providence.org","Microsoft-Windows-Security-Auditing",Security,14339,8,"<EventData xmlns=""http://schemas.microsoft.com/win/2004/08/events/event"">
  <Data Name=""TargetUserName"">HERNANDEJ24</Data>
  <Data Name=""TargetDomainName"">AD</Data>
  <Data Name=""TargetSid"">S-1-5-21-1078081533-725345543-682003330-355867</Data>
  <Data Name=""ServiceName"">krbtgt</Data>
  <Data Name=""ServiceSid"">S-1-5-21-1078081533-725345543-682003330-502</Data>
  <Data Name=""TicketOptions"">0x40810010</Data>
  <Data Name=""Status"">0x0</Data>
  <Data Name=""TicketEncryptionType"">0x12</Data>
  <Data Name=""PreAuthType"">2</Data>
  <Data Name=""IpAddress"">::ffff:10.184.17.242</Data>
  <Data Name=""IpPort"">51625</Data>
  <Data Name=""CertIssuerName""></Data>
  <Data Name=""CertSerialNumber""></Data>
  <Data Name=""CertThumbprint""></Data>
</EventData>",4768,"4768 - A Kerberos authentication ticket (TGT) was requested.",,,,,,,,,,,,,,,,,,null,null,,,,null,,,,,,,,,,,,,,,,,,,,,,,,,,,,null,,,,,,,,,,,,,,,,,,"::ffff:10.184.17.242",51625,null,,,,,,,,,,,null,,,,,,,,,,,,,,,,,,,,,,,,,,,,,,,,,,,,,,,,,,,,,,,,,,,,,,,,,,,,,,,,,,,,,,,,,,krbtgt,null,,,,,,0x0,,,,,,,,,,,,,,"AD\HERNANDEJ24",AD,,,,,,,,"S-1-5-21-1078081533-725345543-682003330-355867",,HERNANDEJ24,,,,,,,,,,,,,,,,,,"e9823817-3e12-441f-aa9e-07379874d8fd","68a5a664-cd82-4cff-9e58-d864bc608ed5","00000000-0000-0000-0000-000000000001","2020-10-16T14:45:24.599Z","AOI-552b9630-b106-4fe7-a1fa-97d04a0010ef",SecurityEvent,
"552b9630-b106-4fe7-a1fa-97d04a0010ef","2020-10-16T14:45:23.43Z",OpsManager,"AD\HHF-VMC-JP0WG02$",Machine,"WN73201.ad.providence.org","Microsoft-Windows-Security-Auditing",Security,12545,8,,4634,"4634 - An account was logged off.",,,,,,,,,,,,,,,,,,null,null,,,,null,,,,,,,,,,,,,,,,,,,,,,,,,,,,null,,,,,,,,,,,,,,,,,,,,null,,,,,,,,,,,3,"3 - Network",,,,,,,,,,,,,,,,,,,,,,,,,,,,,,,,,,,,,,,,,,,,,,,,,,,,,,,,,,,,,,,,,,,,,,,,,,null,,,,,,,,,,,,,,,,,,,,"AD\HHF-VMC-JP0WG02$",AD,,,,0x45cefce68,,,,,,"HHF-VMC-JP0WG02$","S-1-5-21-1078081533-725345543-682003330-500940",,,,,,,,,,,,,,,,,"e9823817-3e12-441f-aa9e-07379874d8fd","e3a46708-c2fb-4dc2-9441-d710b780d17e","00000000-0000-0000-0000-000000000001","2020-10-16T14:45:24.599Z","AOI-552b9630-b106-4fe7-a1fa-97d04a0010ef",SecurityEvent,
"552b9630-b106-4fe7-a1fa-97d04a0010ef","2020-10-16T14:45:23.43Z",OpsManager,"AD\GOLDBERGMN1",User,"WN73201.ad.providence.org","Microsoft-Windows-Security-Auditing",Security,12545,8,,4634,"4634 - An account was logged off.",,,,,,,,,,,,,,,,,,null,null,,,,null,,,,,,,,,,,,,,,,,,,,,,,,,,,,null,,,,,,,,,,,,,,,,,,,,null,,,,,,,,,,,3,"3 - Network",,,,,,,,,,,,,,,,,,,,,,,,,,,,,,,,,,,,,,,,,,,,,,,,,,,,,,,,,,,,,,,,,,,,,,,,,,null,,,,,,,,,,,,,,,,,,,,"AD\GOLDBERGMN1",AD,,,,0x45cefca7a,,,,,,GOLDBERGMN1,"S-1-5-21-1078081533-725345543-682003330-338026",,,,,,,,,,,,,,,,,"e9823817-3e12-441f-aa9e-07379874d8fd","b0a1316f-b064-49d3-af17-e77e9a7e4a09","00000000-0000-0000-0000-000000000001","2020-10-16T14:45:24.599Z","AOI-552b9630-b106-4fe7-a1fa-97d04a0010ef",SecurityEvent,
"552b9630-b106-4fe7-a1fa-97d04a0010ef","2020-10-16T14:45:23.43Z",OpsManager,"AD\HHF-SS8-8G6R2X2$",Machine,"WN73201.ad.providence.org","Microsoft-Windows-Security-Auditing",Security,12544,8,,4624,"4624 - An account was successfully logged on.",,,,,,,,,,,,,,,,,,null,null,Kerberos,,,null,,,,,,,,,,,,,,,,,,,,,,,,,,,,null,,,,,,,,,,,,,,,,"%%1833",,"10.250.247.177",65427,0,"-",,,,,,"f3073be8-f8c4-0795-de5e-39bd4bbd8ed8",,,Kerberos,3,"3 - Network",,,,,,,,,,,,,,,,,,,,,,,,,,,,,,,,,,,,,,,,,,,,,,,,,"-",0x0,"-",,,,,,,,,,,,,,,,,,,,,,,null,,,,,,,"-\-",,,,"-",,0x0,,,"-","S-1-0-0",,,"AD\HHF-SS8-8G6R2X2$",AD,,,,0x45cefce9f,,,,,,"HHF-SS8-8G6R2X2$","S-1-5-21-1078081533-725345543-682003330-536165",,,,,,,,"-",,,,,,,,"-","e9823817-3e12-441f-aa9e-07379874d8fd","44c75b21-6548-4f60-9175-28a779438441","00000000-0000-0000-0000-000000000001","2020-10-16T14:45:24.599Z","AOI-552b9630-b106-4fe7-a1fa-97d04a0010ef",SecurityEvent,
