"552b9630-b106-4fe7-a1fa-97d04a0010ef","2020-10-16T14:45:27.753Z",OpsManager,,,"wn54026.adi.swedish.org","Microsoft-Windows-Security-Auditing",Security,12810,8,"<EventData xmlns=""http://schemas.microsoft.com/win/2004/08/events/event"">
  <Data Name=""ProcessID"">1916</Data>
  <Data Name=""Application"">\device\harddiskvolume2\windows\system32\dns.exe</Data>
  <Data Name=""Direction"">%%14592</Data>
  <Data Name=""SourceAddress"">10.209.0.33</Data>
  <Data Name=""SourcePort"">53</Data>
  <Data Name=""DestAddress"">10.211.196.120</Data>
  <Data Name=""DestPort"">63448</Data>
  <Data Name=""Protocol"">17</Data>
  <Data Name=""FilterRTID"">68336</Data>
  <Data Name=""LayerName"">%%14610</Data>
  <Data Name=""LayerRTID"">44</Data>
  <Data Name=""RemoteUserID"">S-1-0-0</Data>
  <Data Name=""RemoteMachineID"">S-1-0-0</Data>
</EventData>",5156,"5156 - The Windows Filtering Platform has allowed a connection.",,,,,,,,,,,,,,,,,,null,null,,,,null,,,,,,,,,,,,,,,,,,,,,,,,,,,,null,,,,,,,,,,,,,,,,,,,,null,,,,,,,,,,,null,,,,,,,,,,,,,,,,,,,,,,,,,,,,,,,,,,,,,,,,,,,,,,,,,,,,,,,,,,,,,,,,,,,,,,,,,,,null,,,,,,,,,,,,,,,,,,,,,,,,,,,,,,,,,,,,,,,,,,,,,,,,,"6bb59ece-2f24-4788-98eb-ef0da4f6d213","dd37f00e-a2af-4f89-9177-656811f70824","00000000-0000-0000-0000-000000000001","2020-10-16T14:45:28.62Z","AOI-552b9630-b106-4fe7-a1fa-97d04a0010ef",SecurityEvent,
"552b9630-b106-4fe7-a1fa-97d04a0010ef","2020-10-16T14:45:27.77Z",OpsManager,,,"wn54026.adi.swedish.org","Microsoft-Windows-Security-Auditing",Security,12810,8,"<EventData xmlns=""http://schemas.microsoft.com/win/2004/08/events/event"">
  <Data Name=""ProcessID"">4</Data>
  <Data Name=""Application"">System</Data>
  <Data Name=""Direction"">%%14592</Data>
  <Data Name=""SourceAddress"">10.209.0.33</Data>
  <Data Name=""SourcePort"">445</Data>
  <Data Name=""DestAddress"">10.231.255.36</Data>
  <Data Name=""DestPort"">49231</Data>
  <Data Name=""Protocol"">6</Data>
  <Data Name=""FilterRTID"">68336</Data>
  <Data Name=""LayerName"">%%14610</Data>
  <Data Name=""LayerRTID"">44</Data>
  <Data Name=""RemoteUserID"">S-1-0-0</Data>
  <Data Name=""RemoteMachineID"">S-1-0-0</Data>
</EventData>",5156,"5156 - The Windows Filtering Platform has allowed a connection.",,,,,,,,,,,,,,,,,,null,null,,,,null,,,,,,,,,,,,,,,,,,,,,,,,,,,,null,,,,,,,,,,,,,,,,,,,,null,,,,,,,,,,,null,,,,,,,,,,,,,,,,,,,,,,,,,,,,,,,,,,,,,,,,,,,,,,,,,,,,,,,,,,,,,,,,,,,,,,,,,,,null,,,,,,,,,,,,,,,,,,,,,,,,,,,,,,,,,,,,,,,,,,,,,,,,,"6bb59ece-2f24-4788-98eb-ef0da4f6d213","202acf25-3a9c-4f3c-b5c2-75a4dda739d1","00000000-0000-0000-0000-000000000001","2020-10-16T14:45:28.62Z","AOI-552b9630-b106-4fe7-a1fa-97d04a0010ef",SecurityEvent,
"552b9630-b106-4fe7-a1fa-97d04a0010ef","2020-10-16T14:45:27.787Z",OpsManager,,,"wn54026.adi.swedish.org","Microsoft-Windows-Security-Auditing",Security,12810,8,"<EventData xmlns=""http://schemas.microsoft.com/win/2004/08/events/event"">
  <Data Name=""ProcessID"">1916</Data>
  <Data Name=""Application"">\device\harddiskvolume2\windows\system32\dns.exe</Data>
  <Data Name=""Direction"">%%14592</Data>
  <Data Name=""SourceAddress"">10.209.0.33</Data>
  <Data Name=""SourcePort"">53</Data>
  <Data Name=""DestAddress"">10.215.140.67</Data>
  <Data Name=""DestPort"">56139</Data>
  <Data Name=""Protocol"">17</Data>
  <Data Name=""FilterRTID"">68336</Data>
  <Data Name=""LayerName"">%%14610</Data>
  <Data Name=""LayerRTID"">44</Data>
  <Data Name=""RemoteUserID"">S-1-0-0</Data>
  <Data Name=""RemoteMachineID"">S-1-0-0</Data>
</EventData>",5156,"5156 - The Windows Filtering Platform has allowed a connection.",,,,,,,,,,,,,,,,,,null,null,,,,null,,,,,,,,,,,,,,,,,,,,,,,,,,,,null,,,,,,,,,,,,,,,,,,,,null,,,,,,,,,,,null,,,,,,,,,,,,,,,,,,,,,,,,,,,,,,,,,,,,,,,,,,,,,,,,,,,,,,,,,,,,,,,,,,,,,,,,,,,null,,,,,,,,,,,,,,,,,,,,,,,,,,,,,,,,,,,,,,,,,,,,,,,,,"6bb59ece-2f24-4788-98eb-ef0da4f6d213","79f5cc0e-0a90-48e4-931b-d18e221dc2d1","00000000-0000-0000-0000-000000000001","2020-10-16T14:45:28.62Z","AOI-552b9630-b106-4fe7-a1fa-97d04a0010ef",SecurityEvent,
"552b9630-b106-4fe7-a1fa-97d04a0010ef","2020-10-16T14:45:27.787Z",OpsManager,,,"wn54026.adi.swedish.org","Microsoft-Windows-Security-Auditing",Security,12810,8,"<EventData xmlns=""http://schemas.microsoft.com/win/2004/08/events/event"">
  <Data Name=""ProcessID"">1916</Data>
  <Data Name=""Application"">\device\harddiskvolume2\windows\system32\dns.exe</Data>
  <Data Name=""Direction"">%%14593</Data>
  <Data Name=""SourceAddress"">10.209.0.33</Data>
  <Data Name=""SourcePort"">58090</Data>
  <Data Name=""DestAddress"">170.173.166.32</Data>
  <Data Name=""DestPort"">53</Data>
  <Data Name=""Protocol"">17</Data>
  <Data Name=""FilterRTID"">70019</Data>
  <Data Name=""LayerName"">%%14611</Data>
  <Data Name=""LayerRTID"">48</Data>
  <Data Name=""RemoteUserID"">S-1-0-0</Data>
  <Data Name=""RemoteMachineID"">S-1-0-0</Data>
</EventData>",5156,"5156 - The Windows Filtering Platform has allowed a connection.",,,,,,,,,,,,,,,,,,null,null,,,,null,,,,,,,,,,,,,,,,,,,,,,,,,,,,null,,,,,,,,,,,,,,,,,,,,null,,,,,,,,,,,null,,,,,,,,,,,,,,,,,,,,,,,,,,,,,,,,,,,,,,,,,,,,,,,,,,,,,,,,,,,,,,,,,,,,,,,,,,,null,,,,,,,,,,,,,,,,,,,,,,,,,,,,,,,,,,,,,,,,,,,,,,,,,"6bb59ece-2f24-4788-98eb-ef0da4f6d213","4b8923b0-d362-4374-8ddd-9d6d00d9589a","00000000-0000-0000-0000-000000000001","2020-10-16T14:45:28.62Z","AOI-552b9630-b106-4fe7-a1fa-97d04a0010ef",SecurityEvent,
"552b9630-b106-4fe7-a1fa-97d04a0010ef","2020-10-16T14:45:27.8Z",OpsManager,,,"wn54026.adi.swedish.org","Microsoft-Windows-Security-Auditing",Security,12810,8,"<EventData xmlns=""http://schemas.microsoft.com/win/2004/08/events/event"">
  <Data Name=""ProcessID"">1916</Data>
  <Data Name=""Application"">\device\harddiskvolume2\windows\system32\dns.exe</Data>
  <Data Name=""Direction"">%%14592</Data>
  <Data Name=""SourceAddress"">10.209.0.33</Data>
  <Data Name=""SourcePort"">53</Data>
  <Data Name=""DestAddress"">10.213.140.37</Data>
  <Data Name=""DestPort"">64335</Data>
  <Data Name=""Protocol"">17</Data>
  <Data Name=""FilterRTID"">68336</Data>
  <Data Name=""LayerName"">%%14610</Data>
  <Data Name=""LayerRTID"">44</Data>
  <Data Name=""RemoteUserID"">S-1-0-0</Data>
  <Data Name=""RemoteMachineID"">S-1-0-0</Data>
</EventData>",5156,"5156 - The Windows Filtering Platform has allowed a connection.",,,,,,,,,,,,,,,,,,null,null,,,,null,,,,,,,,,,,,,,,,,,,,,,,,,,,,null,,,,,,,,,,,,,,,,,,,,null,,,,,,,,,,,null,,,,,,,,,,,,,,,,,,,,,,,,,,,,,,,,,,,,,,,,,,,,,,,,,,,,,,,,,,,,,,,,,,,,,,,,,,,null,,,,,,,,,,,,,,,,,,,,,,,,,,,,,,,,,,,,,,,,,,,,,,,,,"6bb59ece-2f24-4788-98eb-ef0da4f6d213","85bf6412-3a35-4513-8795-c5b3b49e8668","00000000-0000-0000-0000-000000000001","2020-10-16T14:45:28.62Z","AOI-552b9630-b106-4fe7-a1fa-97d04a0010ef",SecurityEvent,
"552b9630-b106-4fe7-a1fa-97d04a0010ef","2020-10-16T14:45:27.8Z",OpsManager,,,"wn54026.adi.swedish.org","Microsoft-Windows-Security-Auditing",Security,12810,8,"<EventData xmlns=""http://schemas.microsoft.com/win/2004/08/events/event"">
  <Data Name=""ProcessID"">1916</Data>
  <Data Name=""Application"">\device\harddiskvolume2\windows\system32\dns.exe</Data>
  <Data Name=""Direction"">%%14592</Data>
  <Data Name=""SourceAddress"">10.209.0.33</Data>
  <Data Name=""SourcePort"">53</Data>
  <Data Name=""DestAddress"">10.213.140.37</Data>
  <Data Name=""DestPort"">16592</Data>
  <Data Name=""Protocol"">17</Data>
  <Data Name=""FilterRTID"">68336</Data>
  <Data Name=""LayerName"">%%14610</Data>
  <Data Name=""LayerRTID"">44</Data>
  <Data Name=""RemoteUserID"">S-1-0-0</Data>
  <Data Name=""RemoteMachineID"">S-1-0-0</Data>
</EventData>",5156,"5156 - The Windows Filtering Platform has allowed a connection.",,,,,,,,,,,,,,,,,,null,null,,,,null,,,,,,,,,,,,,,,,,,,,,,,,,,,,null,,,,,,,,,,,,,,,,,,,,null,,,,,,,,,,,null,,,,,,,,,,,,,,,,,,,,,,,,,,,,,,,,,,,,,,,,,,,,,,,,,,,,,,,,,,,,,,,,,,,,,,,,,,,null,,,,,,,,,,,,,,,,,,,,,,,,,,,,,,,,,,,,,,,,,,,,,,,,,"6bb59ece-2f24-4788-98eb-ef0da4f6d213","20601c58-9cbb-40a4-876f-b447e50931d0","00000000-0000-0000-0000-000000000001","2020-10-16T14:45:28.62Z","AOI-552b9630-b106-4fe7-a1fa-97d04a0010ef",SecurityEvent,
"552b9630-b106-4fe7-a1fa-97d04a0010ef","2020-10-16T14:45:27.817Z",OpsManager,,,"wn54026.adi.swedish.org","Microsoft-Windows-Security-Auditing",Security,12810,8,"<EventData xmlns=""http://schemas.microsoft.com/win/2004/08/events/event"">
  <Data Name=""ProcessID"">684</Data>
  <Data Name=""Application"">\device\harddiskvolume2\windows\system32\lsass.exe</Data>
  <Data Name=""Direction"">%%14592</Data>
  <Data Name=""SourceAddress"">10.209.0.33</Data>
  <Data Name=""SourcePort"">636</Data>
  <Data Name=""DestAddress"">170.173.238.136</Data>
  <Data Name=""DestPort"">34734</Data>
  <Data Name=""Protocol"">6</Data>
  <Data Name=""FilterRTID"">68336</Data>
  <Data Name=""LayerName"">%%14610</Data>
  <Data Name=""LayerRTID"">44</Data>
  <Data Name=""RemoteUserID"">S-1-0-0</Data>
  <Data Name=""RemoteMachineID"">S-1-0-0</Data>
</EventData>",5156,"5156 - The Windows Filtering Platform has allowed a connection.",,,,,,,,,,,,,,,,,,null,null,,,,null,,,,,,,,,,,,,,,,,,,,,,,,,,,,null,,,,,,,,,,,,,,,,,,,,null,,,,,,,,,,,null,,,,,,,,,,,,,,,,,,,,,,,,,,,,,,,,,,,,,,,,,,,,,,,,,,,,,,,,,,,,,,,,,,,,,,,,,,,null,,,,,,,,,,,,,,,,,,,,,,,,,,,,,,,,,,,,,,,,,,,,,,,,,"6bb59ece-2f24-4788-98eb-ef0da4f6d213","9b82a767-8306-4104-9010-ea5e2af87715","00000000-0000-0000-0000-000000000001","2020-10-16T14:45:28.62Z","AOI-552b9630-b106-4fe7-a1fa-97d04a0010ef",SecurityEvent,
"552b9630-b106-4fe7-a1fa-97d04a0010ef","2020-10-16T14:45:27.817Z",OpsManager,,,"wn54026.adi.swedish.org","Microsoft-Windows-Security-Auditing",Security,12810,8,"<EventData xmlns=""http://schemas.microsoft.com/win/2004/08/events/event"">
  <Data Name=""ProcessID"">900</Data>
  <Data Name=""Application"">\device\harddiskvolume2\windows\system32\svchost.exe</Data>
  <Data Name=""Direction"">%%14592</Data>
  <Data Name=""SourceAddress"">10.209.0.33</Data>
  <Data Name=""SourcePort"">135</Data>
  <Data Name=""DestAddress"">10.209.63.42</Data>
  <Data Name=""DestPort"">61406</Data>
  <Data Name=""Protocol"">6</Data>
  <Data Name=""FilterRTID"">68336</Data>
  <Data Name=""LayerName"">%%14610</Data>
  <Data Name=""LayerRTID"">44</Data>
  <Data Name=""RemoteUserID"">S-1-0-0</Data>
  <Data Name=""RemoteMachineID"">S-1-0-0</Data>
</EventData>",5156,"5156 - The Windows Filtering Platform has allowed a connection.",,,,,,,,,,,,,,,,,,null,null,,,,null,,,,,,,,,,,,,,,,,,,,,,,,,,,,null,,,,,,,,,,,,,,,,,,,,null,,,,,,,,,,,null,,,,,,,,,,,,,,,,,,,,,,,,,,,,,,,,,,,,,,,,,,,,,,,,,,,,,,,,,,,,,,,,,,,,,,,,,,,null,,,,,,,,,,,,,,,,,,,,,,,,,,,,,,,,,,,,,,,,,,,,,,,,,"6bb59ece-2f24-4788-98eb-ef0da4f6d213","fb34e23c-2f43-4fef-b44d-d23f2ccdebb3","00000000-0000-0000-0000-000000000001","2020-10-16T14:45:28.62Z","AOI-552b9630-b106-4fe7-a1fa-97d04a0010ef",SecurityEvent,
"552b9630-b106-4fe7-a1fa-97d04a0010ef","2020-10-16T14:45:27.817Z",OpsManager,,,"wn54026.adi.swedish.org","Microsoft-Windows-Security-Auditing",Security,12810,8,"<EventData xmlns=""http://schemas.microsoft.com/win/2004/08/events/event"">
  <Data Name=""ProcessID"">684</Data>
  <Data Name=""Application"">\device\harddiskvolume2\windows\system32\lsass.exe</Data>
  <Data Name=""Direction"">%%14592</Data>
  <Data Name=""SourceAddress"">10.209.0.33</Data>
  <Data Name=""SourcePort"">49159</Data>
  <Data Name=""DestAddress"">10.209.63.42</Data>
  <Data Name=""DestPort"">61407</Data>
  <Data Name=""Protocol"">6</Data>
  <Data Name=""FilterRTID"">68336</Data>
  <Data Name=""LayerName"">%%14610</Data>
  <Data Name=""LayerRTID"">44</Data>
  <Data Name=""RemoteUserID"">S-1-0-0</Data>
  <Data Name=""RemoteMachineID"">S-1-0-0</Data>
</EventData>",5156,"5156 - The Windows Filtering Platform has allowed a connection.",,,,,,,,,,,,,,,,,,null,null,,,,null,,,,,,,,,,,,,,,,,,,,,,,,,,,,null,,,,,,,,,,,,,,,,,,,,null,,,,,,,,,,,null,,,,,,,,,,,,,,,,,,,,,,,,,,,,,,,,,,,,,,,,,,,,,,,,,,,,,,,,,,,,,,,,,,,,,,,,,,,null,,,,,,,,,,,,,,,,,,,,,,,,,,,,,,,,,,,,,,,,,,,,,,,,,"6bb59ece-2f24-4788-98eb-ef0da4f6d213","3b970d20-c5df-463d-bb7f-54aae0d5c5d4","00000000-0000-0000-0000-000000000001","2020-10-16T14:45:28.62Z","AOI-552b9630-b106-4fe7-a1fa-97d04a0010ef",SecurityEvent,
"552b9630-b106-4fe7-a1fa-97d04a0010ef","2020-10-16T14:45:28.627Z",OpsManager,"AD\XDLVS1370642$",Machine,"WN73200.ad.providence.org","Microsoft-Windows-Security-Auditing",Security,12544,8,,4624,"4624 - An account was successfully logged on.",,,,,,,,,,,,,,,,,,null,null,Kerberos,,,null,,,,,,,,,,,,,,,,,,,,,,,,,,,,null,,,,,,,,,,,,,,,,"%%1833",,"10.184.13.122",60911,0,"-",,,,,,"a346636e-0ffd-a433-6764-00433b38df70",,,Kerberos,3,"3 - Network",,,,,,,,,,,,,,,,,,,,,,,,,,,,,,,,,,,,,,,,,,,,,,,,,"-",0x0,"-",,,,,,,,,,,,,,,,,,,,,,,null,,,,,,,"-\-",,,,"-",,0x0,,,"-","S-1-0-0",,,"AD\XDLVS1370642$",AD,,,,0x12a5ec119,,,,,,"XDLVS1370642$","S-1-5-21-1078081533-725345543-682003330-515158",,,,,,,,"-",,,,,,,,"-","edcb625c-bbfa-4330-b8e0-39556d321ef7","4fa56d1f-2cd0-48c6-992a-ea8e8c27126e","00000000-0000-0000-0000-000000000001","2020-10-16T14:45:30.52Z","AOI-552b9630-b106-4fe7-a1fa-97d04a0010ef",SecurityEvent,
"552b9630-b106-4fe7-a1fa-97d04a0010ef","2020-10-16T14:45:28.643Z",OpsManager,"AD\XDLVS1170567$",Machine,"WN73200.ad.providence.org","Microsoft-Windows-Security-Auditing",Security,12544,8,,4624,"4624 - An account was successfully logged on.",,,,,,,,,,,,,,,,,,null,null,Kerberos,,,null,,,,,,,,,,,,,,,,,,,,,,,,,,,,null,,,,,,,,,,,,,,,,"%%1833",,"10.184.1.78",58587,0,"-",,,,,,"30942f25-7052-0561-c76f-41b5e158cf02",,,Kerberos,3,"3 - Network",,,,,,,,,,,,,,,,,,,,,,,,,,,,,,,,,,,,,,,,,,,,,,,,,"-",0x0,"-",,,,,,,,,,,,,,,,,,,,,,,null,,,,,,,"-\-",,,,"-",,0x0,,,"-","S-1-0-0",,,"AD\XDLVS1170567$",AD,,,,0x12a5ec12c,,,,,,"XDLVS1170567$","S-1-5-21-1078081533-725345543-682003330-496051",,,,,,,,"-",,,,,,,,"-","edcb625c-bbfa-4330-b8e0-39556d321ef7","c1499517-672c-496e-bbbf-92ebfda9cf49","00000000-0000-0000-0000-000000000001","2020-10-16T14:45:30.52Z","AOI-552b9630-b106-4fe7-a1fa-97d04a0010ef",SecurityEvent,
"552b9630-b106-4fe7-a1fa-97d04a0010ef","2020-10-16T14:45:28.643Z",OpsManager,"AD\MHR-COM-4KJLZC2$",Machine,"WN73200.ad.providence.org","Microsoft-Windows-Security-Auditing",Security,12544,8,,4624,"4624 - An account was successfully logged on.",,,,,,,,,,,,,,,,,,null,null,Kerberos,,,null,,,,,,,,,,,,,,,,,,,,,,,,,,,,null,,,,,,,,,,,,,,,,"%%1833",,"10.187.142.248",52012,0,"-",,,,,,"6e768dcf-cf72-69ab-7f75-c8825031a1b6",,,Kerberos,3,"3 - Network",,,,,,,,,,,,,,,,,,,,,,,,,,,,,,,,,,,,,,,,,,,,,,,,,"-",0x0,"-",,,,,,,,,,,,,,,,,,,,,,,null,,,,,,,"-\-",,,,"-",,0x0,,,"-","S-1-0-0",,,"AD\MHR-COM-4KJLZC2$",AD,,,,0x12a5ec152,,,,,,"MHR-COM-4KJLZC2$","S-1-5-21-1078081533-725345543-682003330-475006",,,,,,,,"-",,,,,,,,"-","edcb625c-bbfa-4330-b8e0-39556d321ef7","2658e9aa-27dc-44f6-929a-ebb5636bb613","00000000-0000-0000-0000-000000000001","2020-10-16T14:45:30.52Z","AOI-552b9630-b106-4fe7-a1fa-97d04a0010ef",SecurityEvent,
"552b9630-b106-4fe7-a1fa-97d04a0010ef","2020-10-16T14:45:28.643Z",OpsManager,"AD\MaXI",User,"WN73200.ad.providence.org","Microsoft-Windows-Security-Auditing",Security,12544,8,,4624,"4624 - An account was successfully logged on.",,,,,,,,,,,,,,,,,,null,null,Kerberos,,,null,,,,,,,,,,,,,,,,,,,,,,,,,,,,null,,,,,,,,,,,,,,,,"%%1833",,"10.250.187.219",60090,0,"-",,,,,,"d571b44a-5a90-53a7-11aa-092e41c1f8d5",,,Kerberos,3,"3 - Network",,,,,,,,,,,,,,,,,,,,,,,,,,,,,,,,,,,,,,,,,,,,,,,,,"-",0x0,"-",,,,,,,,,,,,,,,,,,,,,,,null,,,,,,,"-\-",,,,"-",,0x0,,,"-","S-1-0-0",,,"AD\MaXI",AD,,,,0x12a5ec151,,,,,,MaXI,"S-1-5-21-1078081533-725345543-682003330-327146",,,,,,,,"-",,,,,,,,"-","edcb625c-bbfa-4330-b8e0-39556d321ef7","9a1bb066-758b-4891-943b-3a353ec299ca","00000000-0000-0000-0000-000000000001","2020-10-16T14:45:30.52Z","AOI-552b9630-b106-4fe7-a1fa-97d04a0010ef",SecurityEvent,
"552b9630-b106-4fe7-a1fa-97d04a0010ef","2020-10-16T14:45:28.643Z",OpsManager,"AD\SJO-CAR-H9L18M2$",Machine,"WN73200.ad.providence.org","Microsoft-Windows-Security-Auditing",Security,12545,8,,4634,"4634 - An account was logged off.",,,,,,,,,,,,,,,,,,null,null,,,,null,,,,,,,,,,,,,,,,,,,,,,,,,,,,null,,,,,,,,,,,,,,,,,,,,null,,,,,,,,,,,3,"3 - Network",,,,,,,,,,,,,,,,,,,,,,,,,,,,,,,,,,,,,,,,,,,,,,,,,,,,,,,,,,,,,,,,,,,,,,,,,,null,,,,,,,,,,,,,,,,,,,,"AD\SJO-CAR-H9L18M2$",AD,,,,0x12a5ebffc,,,,,,"SJO-CAR-H9L18M2$","S-1-5-21-1078081533-725345543-682003330-477706",,,,,,,,,,,,,,,,,"edcb625c-bbfa-4330-b8e0-39556d321ef7","d27f42b3-55f8-4bd0-8ed2-58ddd07ca44c","00000000-0000-0000-0000-000000000001","2020-10-16T14:45:30.52Z","AOI-552b9630-b106-4fe7-a1fa-97d04a0010ef",SecurityEvent,
"552b9630-b106-4fe7-a1fa-97d04a0010ef","2020-10-16T14:45:28.657Z",OpsManager,"AD\XDLVS1170567$",Machine,"WN73200.ad.providence.org","Microsoft-Windows-Security-Auditing",Security,12545,8,,4634,"4634 - An account was logged off.",,,,,,,,,,,,,,,,,,null,null,,,,null,,,,,,,,,,,,,,,,,,,,,,,,,,,,null,,,,,,,,,,,,,,,,,,,,null,,,,,,,,,,,3,"3 - Network",,,,,,,,,,,,,,,,,,,,,,,,,,,,,,,,,,,,,,,,,,,,,,,,,,,,,,,,,,,,,,,,,,,,,,,,,,null,,,,,,,,,,,,,,,,,,,,"AD\XDLVS1170567$",AD,,,,0x12a5ec12c,,,,,,"XDLVS1170567$","S-1-5-21-1078081533-725345543-682003330-496051",,,,,,,,,,,,,,,,,"edcb625c-bbfa-4330-b8e0-39556d321ef7","cf81f77d-b8e6-405f-a9af-a20628872ba0","00000000-0000-0000-0000-000000000001","2020-10-16T14:45:30.52Z","AOI-552b9630-b106-4fe7-a1fa-97d04a0010ef",SecurityEvent,
"552b9630-b106-4fe7-a1fa-97d04a0010ef","2020-10-16T14:45:28.657Z",OpsManager,"AD\XDLVS1170567$",Machine,"WN73200.ad.providence.org","Microsoft-Windows-Security-Auditing",Security,12544,8,,4624,"4624 - An account was successfully logged on.",,,,,,,,,,,,,,,,,,null,null,Kerberos,,,null,,,,,,,,,,,,,,,,,,,,,,,,,,,,null,,,,,,,,,,,,,,,,"%%1833",,"10.184.1.78",58588,0,"-",,,,,,"30942f25-7052-0561-c76f-41b5e158cf02",,,Kerberos,3,"3 - Network",,,,,,,,,,,,,,,,,,,,,,,,,,,,,,,,,,,,,,,,,,,,,,,,,"-",0x0,"-",,,,,,,,,,,,,,,,,,,,,,,null,,,,,,,"-\-",,,,"-",,0x0,,,"-","S-1-0-0",,,"AD\XDLVS1170567$",AD,,,,0x12a5ec18a,,,,,,"XDLVS1170567$","S-1-5-21-1078081533-725345543-682003330-496051",,,,,,,,"-",,,,,,,,"-","edcb625c-bbfa-4330-b8e0-39556d321ef7","3deb0c57-ce65-48ce-b40e-1a1a3022f24b","00000000-0000-0000-0000-000000000001","2020-10-16T14:45:30.52Z","AOI-552b9630-b106-4fe7-a1fa-97d04a0010ef",SecurityEvent,
"552b9630-b106-4fe7-a1fa-97d04a0010ef","2020-10-16T14:45:28.657Z",OpsManager,"AD\XDLVS1370405$",Machine,"WN73200.ad.providence.org","Microsoft-Windows-Security-Auditing",Security,12545,8,,4634,"4634 - An account was logged off.",,,,,,,,,,,,,,,,,,null,null,,,,null,,,,,,,,,,,,,,,,,,,,,,,,,,,,null,,,,,,,,,,,,,,,,,,,,null,,,,,,,,,,,3,"3 - Network",,,,,,,,,,,,,,,,,,,,,,,,,,,,,,,,,,,,,,,,,,,,,,,,,,,,,,,,,,,,,,,,,,,,,,,,,,null,,,,,,,,,,,,,,,,,,,,"AD\XDLVS1370405$",AD,,,,0x12a5daaf0,,,,,,"XDLVS1370405$","S-1-5-21-1078081533-725345543-682003330-509419",,,,,,,,,,,,,,,,,"edcb625c-bbfa-4330-b8e0-39556d321ef7","89e7a6bf-3260-447f-9116-5b73694cb017","00000000-0000-0000-0000-000000000001","2020-10-16T14:45:30.52Z","AOI-552b9630-b106-4fe7-a1fa-97d04a0010ef",SecurityEvent,
"552b9630-b106-4fe7-a1fa-97d04a0010ef","2020-10-16T14:45:28.657Z",OpsManager,"AD\MaXI",User,"WN73200.ad.providence.org","Microsoft-Windows-Security-Auditing",Security,12545,8,,4634,"4634 - An account was logged off.",,,,,,,,,,,,,,,,,,null,null,,,,null,,,,,,,,,,,,,,,,,,,,,,,,,,,,null,,,,,,,,,,,,,,,,,,,,null,,,,,,,,,,,3,"3 - Network",,,,,,,,,,,,,,,,,,,,,,,,,,,,,,,,,,,,,,,,,,,,,,,,,,,,,,,,,,,,,,,,,,,,,,,,,,null,,,,,,,,,,,,,,,,,,,,"AD\MaXI",AD,,,,0x12a5ec151,,,,,,MaXI,"S-1-5-21-1078081533-725345543-682003330-327146",,,,,,,,,,,,,,,,,"edcb625c-bbfa-4330-b8e0-39556d321ef7","811853bc-404f-4521-add9-29ed0387c691","00000000-0000-0000-0000-000000000001","2020-10-16T14:45:30.52Z","AOI-552b9630-b106-4fe7-a1fa-97d04a0010ef",SecurityEvent,
"552b9630-b106-4fe7-a1fa-97d04a0010ef","2020-10-16T14:45:28.673Z",OpsManager,"AD\XDLVS1170567$",Machine,"WN73200.ad.providence.org","Microsoft-Windows-Security-Auditing",Security,12545,8,,4634,"4634 - An account was logged off.",,,,,,,,,,,,,,,,,,null,null,,,,null,,,,,,,,,,,,,,,,,,,,,,,,,,,,null,,,,,,,,,,,,,,,,,,,,null,,,,,,,,,,,3,"3 - Network",,,,,,,,,,,,,,,,,,,,,,,,,,,,,,,,,,,,,,,,,,,,,,,,,,,,,,,,,,,,,,,,,,,,,,,,,,null,,,,,,,,,,,,,,,,,,,,"AD\XDLVS1170567$",AD,,,,0x12a5ec18a,,,,,,"XDLVS1170567$","S-1-5-21-1078081533-725345543-682003330-496051",,,,,,,,,,,,,,,,,"edcb625c-bbfa-4330-b8e0-39556d321ef7","1fe15c20-94db-4a3d-956b-b8e29f24ca9c","00000000-0000-0000-0000-000000000001","2020-10-16T14:45:30.52Z","AOI-552b9630-b106-4fe7-a1fa-97d04a0010ef",SecurityEvent,
"552b9630-b106-4fe7-a1fa-97d04a0010ef","2020-10-16T14:45:28.673Z",OpsManager,,,"WN73200.ad.providence.org","Microsoft-Windows-Security-Auditing",Security,14339,8,"<EventData xmlns=""http://schemas.microsoft.com/win/2004/08/events/event"">
  <Data Name=""TargetUserName"">FranklinJ1</Data>
  <Data Name=""TargetDomainName"">ad.providence.org</Data>
  <Data Name=""TargetSid"">S-1-5-21-1078081533-725345543-682003330-339470</Data>
  <Data Name=""ServiceName"">krbtgt</Data>
  <Data Name=""ServiceSid"">S-1-5-21-1078081533-725345543-682003330-502</Data>
  <Data Name=""TicketOptions"">0x40810010</Data>
  <Data Name=""Status"">0x0</Data>
  <Data Name=""TicketEncryptionType"">0x12</Data>
  <Data Name=""PreAuthType"">2</Data>
  <Data Name=""IpAddress"">::ffff:10.249.3.140</Data>
  <Data Name=""IpPort"">52233</Data>
  <Data Name=""CertIssuerName""></Data>
  <Data Name=""CertSerialNumber""></Data>
  <Data Name=""CertThumbprint""></Data>
</EventData>",4768,"4768 - A Kerberos authentication ticket (TGT) was requested.",,,,,,,,,,,,,,,,,,null,null,,,,null,,,,,,,,,,,,,,,,,,,,,,,,,,,,null,,,,,,,,,,,,,,,,,,"::ffff:10.249.3.140",52233,null,,,,,,,,,,,null,,,,,,,,,,,,,,,,,,,,,,,,,,,,,,,,,,,,,,,,,,,,,,,,,,,,,,,,,,,,,,,,,,,,,,,,,,krbtgt,null,,,,,,0x0,,,,,,,,,,,,,,"ad.providence.org\FranklinJ1","ad.providence.org",,,,,,,,"S-1-5-21-1078081533-725345543-682003330-339470",,FranklinJ1,,,,,,,,,,,,,,,,,,"edcb625c-bbfa-4330-b8e0-39556d321ef7","eba20385-e114-4966-8b12-452b29f3972b","00000000-0000-0000-0000-000000000001","2020-10-16T14:45:30.52Z","AOI-552b9630-b106-4fe7-a1fa-97d04a0010ef",SecurityEvent,
"552b9630-b106-4fe7-a1fa-97d04a0010ef","2020-10-16T14:45:28.673Z",OpsManager,"AD\MaXI",User,"WN73200.ad.providence.org","Microsoft-Windows-Security-Auditing",Security,12544,8,,4624,"4624 - An account was successfully logged on.",,,,,,,,,,,,,,,,,,null,null,Kerberos,,,null,,,,,,,,,,,,,,,,,,,,,,,,,,,,null,,,,,,,,,,,,,,,,"%%1833",,"10.250.187.219",60091,0,"-",,,,,,"d571b44a-5a90-53a7-11aa-092e41c1f8d5",,,Kerberos,3,"3 - Network",,,,,,,,,,,,,,,,,,,,,,,,,,,,,,,,,,,,,,,,,,,,,,,,,"-",0x0,"-",,,,,,,,,,,,,,,,,,,,,,,null,,,,,,,"-\-",,,,"-",,0x0,,,"-","S-1-0-0",,,"AD\MaXI",AD,,,,0x12a5ec2b3,,,,,,MaXI,"S-1-5-21-1078081533-725345543-682003330-327146",,,,,,,,"-",,,,,,,,"-","edcb625c-bbfa-4330-b8e0-39556d321ef7","bd9a0423-089e-4326-bd9b-34f73fc979d0","00000000-0000-0000-0000-000000000001","2020-10-16T14:45:30.52Z","AOI-552b9630-b106-4fe7-a1fa-97d04a0010ef",SecurityEvent,
"552b9630-b106-4fe7-a1fa-97d04a0010ef","2020-10-16T14:45:28.673Z",OpsManager,"AD\MaXI",User,"WN73200.ad.providence.org","Microsoft-Windows-Security-Auditing",Security,12545,8,,4634,"4634 - An account was logged off.",,,,,,,,,,,,,,,,,,null,null,,,,null,,,,,,,,,,,,,,,,,,,,,,,,,,,,null,,,,,,,,,,,,,,,,,,,,null,,,,,,,,,,,3,"3 - Network",,,,,,,,,,,,,,,,,,,,,,,,,,,,,,,,,,,,,,,,,,,,,,,,,,,,,,,,,,,,,,,,,,,,,,,,,,null,,,,,,,,,,,,,,,,,,,,"AD\MaXI",AD,,,,0x12a5ec2b3,,,,,,MaXI,"S-1-5-21-1078081533-725345543-682003330-327146",,,,,,,,,,,,,,,,,"edcb625c-bbfa-4330-b8e0-39556d321ef7","cc7418c5-b959-4364-bb2d-1dcbad5e1881","00000000-0000-0000-0000-000000000001","2020-10-16T14:45:30.52Z","AOI-552b9630-b106-4fe7-a1fa-97d04a0010ef",SecurityEvent,
"552b9630-b106-4fe7-a1fa-97d04a0010ef","2020-10-16T14:45:28.69Z",OpsManager,"AD\SJO-CAR-H9L18M2$",Machine,"WN73200.ad.providence.org","Microsoft-Windows-Security-Auditing",Security,12544,8,,4624,"4624 - An account was successfully logged on.",,,,,,,,,,,,,,,,,,null,null,Kerberos,,,null,,,,,,,,,,,,,,,,,,,,,,,,,,,,null,,,,,,,,,,,,,,,,"%%1833",,"10.193.114.113",56507,0,"-",,,,,,"8b5c1d0a-97ed-1201-f60a-5079028d9bac",,,Kerberos,3,"3 - Network",,,,,,,,,,,,,,,,,,,,,,,,,,,,,,,,,,,,,,,,,,,,,,,,,"-",0x0,"-",,,,,,,,,,,,,,,,,,,,,,,null,,,,,,,"-\-",,,,"-",,0x0,,,"-","S-1-0-0",,,"AD\SJO-CAR-H9L18M2$",AD,,,,0x12a5ec2e8,,,,,,"SJO-CAR-H9L18M2$","S-1-5-21-1078081533-725345543-682003330-477706",,,,,,,,"-",,,,,,,,"-","edcb625c-bbfa-4330-b8e0-39556d321ef7","13b77ab8-6dc0-4bf2-8760-1312877fec60","00000000-0000-0000-0000-000000000001","2020-10-16T14:45:30.52Z","AOI-552b9630-b106-4fe7-a1fa-97d04a0010ef",SecurityEvent,
"552b9630-b106-4fe7-a1fa-97d04a0010ef","2020-10-16T14:45:28.703Z",OpsManager,,,"WN73200.ad.providence.org","Microsoft-Windows-Security-Auditing",Security,14339,8,"<EventData xmlns=""http://schemas.microsoft.com/win/2004/08/events/event"">
  <Data Name=""TargetUserName"">FranklinJ1</Data>
  <Data Name=""TargetDomainName"">ad.providence.org</Data>
  <Data Name=""TargetSid"">S-1-5-21-1078081533-725345543-682003330-339470</Data>
  <Data Name=""ServiceName"">krbtgt</Data>
  <Data Name=""ServiceSid"">S-1-5-21-1078081533-725345543-682003330-502</Data>
  <Data Name=""TicketOptions"">0x40810010</Data>
  <Data Name=""Status"">0x0</Data>
  <Data Name=""TicketEncryptionType"">0x12</Data>
  <Data Name=""PreAuthType"">2</Data>
  <Data Name=""IpAddress"">::ffff:10.249.3.141</Data>
  <Data Name=""IpPort"">50003</Data>
  <Data Name=""CertIssuerName""></Data>
  <Data Name=""CertSerialNumber""></Data>
  <Data Name=""CertThumbprint""></Data>
</EventData>",4768,"4768 - A Kerberos authentication ticket (TGT) was requested.",,,,,,,,,,,,,,,,,,null,null,,,,null,,,,,,,,,,,,,,,,,,,,,,,,,,,,null,,,,,,,,,,,,,,,,,,"::ffff:10.249.3.141",50003,null,,,,,,,,,,,null,,,,,,,,,,,,,,,,,,,,,,,,,,,,,,,,,,,,,,,,,,,,,,,,,,,,,,,,,,,,,,,,,,,,,,,,,,krbtgt,null,,,,,,0x0,,,,,,,,,,,,,,"ad.providence.org\FranklinJ1","ad.providence.org",,,,,,,,"S-1-5-21-1078081533-725345543-682003330-339470",,FranklinJ1,,,,,,,,,,,,,,,,,,"edcb625c-bbfa-4330-b8e0-39556d321ef7","30408e6e-9e50-49a5-87df-d6961dd3ba67","00000000-0000-0000-0000-000000000001","2020-10-16T14:45:30.52Z","AOI-552b9630-b106-4fe7-a1fa-97d04a0010ef",SecurityEvent,
"552b9630-b106-4fe7-a1fa-97d04a0010ef","2020-10-16T14:45:28.72Z",OpsManager,,,"WN73200.ad.providence.org","Microsoft-Windows-Security-Auditing",Security,14339,8,"<EventData xmlns=""http://schemas.microsoft.com/win/2004/08/events/event"">
  <Data Name=""TargetUserName"">AGUILAD1</Data>
  <Data Name=""TargetDomainName"">AD</Data>
  <Data Name=""TargetSid"">S-1-5-21-1078081533-725345543-682003330-352080</Data>
  <Data Name=""ServiceName"">krbtgt</Data>
  <Data Name=""ServiceSid"">S-1-5-21-1078081533-725345543-682003330-502</Data>
  <Data Name=""TicketOptions"">0x40810010</Data>
  <Data Name=""Status"">0x0</Data>
  <Data Name=""TicketEncryptionType"">0x12</Data>
  <Data Name=""PreAuthType"">2</Data>
  <Data Name=""IpAddress"">::ffff:10.249.3.141</Data>
  <Data Name=""IpPort"">50006</Data>
  <Data Name=""CertIssuerName""></Data>
  <Data Name=""CertSerialNumber""></Data>
  <Data Name=""CertThumbprint""></Data>
</EventData>",4768,"4768 - A Kerberos authentication ticket (TGT) was requested.",,,,,,,,,,,,,,,,,,null,null,,,,null,,,,,,,,,,,,,,,,,,,,,,,,,,,,null,,,,,,,,,,,,,,,,,,"::ffff:10.249.3.141",50006,null,,,,,,,,,,,null,,,,,,,,,,,,,,,,,,,,,,,,,,,,,,,,,,,,,,,,,,,,,,,,,,,,,,,,,,,,,,,,,,,,,,,,,,krbtgt,null,,,,,,0x0,,,,,,,,,,,,,,"AD\AGUILAD1",AD,,,,,,,,"S-1-5-21-1078081533-725345543-682003330-352080",,AGUILAD1,,,,,,,,,,,,,,,,,,"edcb625c-bbfa-4330-b8e0-39556d321ef7","3b30979d-5689-45d5-83c4-41df9a3107bf","00000000-0000-0000-0000-000000000001","2020-10-16T14:45:30.52Z","AOI-552b9630-b106-4fe7-a1fa-97d04a0010ef",SecurityEvent,
"552b9630-b106-4fe7-a1fa-97d04a0010ef","2020-10-16T14:45:28.72Z",OpsManager,"AD\MHR-COM-4KJLZC2$",Machine,"WN73200.ad.providence.org","Microsoft-Windows-Security-Auditing",Security,12544,8,,4624,"4624 - An account was successfully logged on.",,,,,,,,,,,,,,,,,,null,null,Kerberos,,,null,,,,,,,,,,,,,,,,,,,,,,,,,,,,null,,,,,,,,,,,,,,,,"%%1833",,"10.187.142.248",52013,0,"-",,,,,,"6e768dcf-cf72-69ab-7f75-c8825031a1b6",,,Kerberos,3,"3 - Network",,,,,,,,,,,,,,,,,,,,,,,,,,,,,,,,,,,,,,,,,,,,,,,,,"-",0x0,"-",,,,,,,,,,,,,,,,,,,,,,,null,,,,,,,"-\-",,,,"-",,0x0,,,"-","S-1-0-0",,,"AD\MHR-COM-4KJLZC2$",AD,,,,0x12a5ec437,,,,,,"MHR-COM-4KJLZC2$","S-1-5-21-1078081533-725345543-682003330-475006",,,,,,,,"-",,,,,,,,"-","edcb625c-bbfa-4330-b8e0-39556d321ef7","13be186f-74e8-4bad-a477-5fa7d9c51696","00000000-0000-0000-0000-000000000001","2020-10-16T14:45:30.52Z","AOI-552b9630-b106-4fe7-a1fa-97d04a0010ef",SecurityEvent,
"552b9630-b106-4fe7-a1fa-97d04a0010ef","2020-10-16T14:45:28.737Z",OpsManager,"AD\XDLVS1171223$",Machine,"WN73200.ad.providence.org","Microsoft-Windows-Security-Auditing",Security,12545,8,,4634,"4634 - An account was logged off.",,,,,,,,,,,,,,,,,,null,null,,,,null,,,,,,,,,,,,,,,,,,,,,,,,,,,,null,,,,,,,,,,,,,,,,,,,,null,,,,,,,,,,,3,"3 - Network",,,,,,,,,,,,,,,,,,,,,,,,,,,,,,,,,,,,,,,,,,,,,,,,,,,,,,,,,,,,,,,,,,,,,,,,,,null,,,,,,,,,,,,,,,,,,,,"AD\XDLVS1171223$",AD,,,,0x12a5e9f4f,,,,,,"XDLVS1171223$","S-1-5-21-1078081533-725345543-682003330-499974",,,,,,,,,,,,,,,,,"edcb625c-bbfa-4330-b8e0-39556d321ef7","e0f1d044-09ef-4140-aadb-25d4e8547823","00000000-0000-0000-0000-000000000001","2020-10-16T14:45:30.52Z","AOI-552b9630-b106-4fe7-a1fa-97d04a0010ef",SecurityEvent,
"552b9630-b106-4fe7-a1fa-97d04a0010ef","2020-10-16T14:45:28.737Z",OpsManager,,,"WN73200.ad.providence.org","Microsoft-Windows-Security-Auditing",Security,14339,16,"<EventData xmlns=""http://schemas.microsoft.com/win/2004/08/events/event"">
  <Data Name=""TargetUserName"">MARKOWITZC1</Data>
  <Data Name=""TargetSid"">S-1-5-21-1078081533-725345543-682003330-327635</Data>
  <Data Name=""ServiceName"">krbtgt/AD.PROVIDENCE.ORG</Data>
  <Data Name=""TicketOptions"">0x40810010</Data>
  <Data Name=""Status"">0x18</Data>
  <Data Name=""PreAuthType"">2</Data>
  <Data Name=""IpAddress"">::ffff:10.195.109.247</Data>
  <Data Name=""IpPort"">62430</Data>
  <Data Name=""CertIssuerName""></Data>
  <Data Name=""CertSerialNumber""></Data>
  <Data Name=""CertThumbprint""></Data>
</EventData>",4771,"4771 - Kerberos pre-authentication failed.",,,,,,,,,,,,,,,,,,null,null,,,,null,,,,,,,,,,,,,,,,,,,,,,,,,,,,null,,,,,,,,,,,,,,,,,,"::ffff:10.195.109.247",62430,null,,,,,,,,,,,null,,,,,,,,,,,,,,,,,,,,,,,,,,,,,,,,,,,,,,,,,,,,,,,,,,,,,,,,,,,,,,,,,,,,,,,,,,"krbtgt/AD.PROVIDENCE.ORG",null,,,,,,0x18,,,,,,,,,,,,,,MARKOWITZC1,,,,,,,,,"S-1-5-21-1078081533-725345543-682003330-327635",,MARKOWITZC1,,,,,,,,,,,,,,,,,,"edcb625c-bbfa-4330-b8e0-39556d321ef7","f9a04aa5-15a5-40c7-9733-4e5877d0a6bd","00000000-0000-0000-0000-000000000001","2020-10-16T14:45:30.52Z","AOI-552b9630-b106-4fe7-a1fa-97d04a0010ef",SecurityEvent,
"552b9630-b106-4fe7-a1fa-97d04a0010ef","2020-10-16T14:45:28.75Z",OpsManager,"AD\MHR-COM-4KJLZC2$",Machine,"WN73200.ad.providence.org","Microsoft-Windows-Security-Auditing",Security,12545,8,,4634,"4634 - An account was logged off.",,,,,,,,,,,,,,,,,,null,null,,,,null,,,,,,,,,,,,,,,,,,,,,,,,,,,,null,,,,,,,,,,,,,,,,,,,,null,,,,,,,,,,,3,"3 - Network",,,,,,,,,,,,,,,,,,,,,,,,,,,,,,,,,,,,,,,,,,,,,,,,,,,,,,,,,,,,,,,,,,,,,,,,,,null,,,,,,,,,,,,,,,,,,,,"AD\MHR-COM-4KJLZC2$",AD,,,,0x12a5ec152,,,,,,"MHR-COM-4KJLZC2$","S-1-5-21-1078081533-725345543-682003330-475006",,,,,,,,,,,,,,,,,"edcb625c-bbfa-4330-b8e0-39556d321ef7","aa0f3552-11d3-477e-b494-69c3a1ad6b6c","00000000-0000-0000-0000-000000000001","2020-10-16T14:45:30.52Z","AOI-552b9630-b106-4fe7-a1fa-97d04a0010ef",SecurityEvent,
"552b9630-b106-4fe7-a1fa-97d04a0010ef","2020-10-16T14:45:28.767Z",OpsManager,"AD\AzeltineCA",User,"WN73200.ad.providence.org","Microsoft-Windows-Security-Auditing",Security,12545,8,,4634,"4634 - An account was logged off.",,,,,,,,,,,,,,,,,,null,null,,,,null,,,,,,,,,,,,,,,,,,,,,,,,,,,,null,,,,,,,,,,,,,,,,,,,,null,,,,,,,,,,,3,"3 - Network",,,,,,,,,,,,,,,,,,,,,,,,,,,,,,,,,,,,,,,,,,,,,,,,,,,,,,,,,,,,,,,,,,,,,,,,,,null,,,,,,,,,,,,,,,,,,,,"AD\AzeltineCA",AD,,,,0x12a4611e1,,,,,,AzeltineCA,"S-1-5-21-1078081533-725345543-682003330-349913",,,,,,,,,,,,,,,,,"edcb625c-bbfa-4330-b8e0-39556d321ef7","1ba755de-5199-462f-b8fd-ceec796c8bd4","00000000-0000-0000-0000-000000000001","2020-10-16T14:45:30.52Z","AOI-552b9630-b106-4fe7-a1fa-97d04a0010ef",SecurityEvent,
"552b9630-b106-4fe7-a1fa-97d04a0010ef","2020-10-16T14:45:28.767Z",OpsManager,"AD\SJO-CAR-H9L18M2$",Machine,"WN73200.ad.providence.org","Microsoft-Windows-Security-Auditing",Security,12544,8,,4624,"4624 - An account was successfully logged on.",,,,,,,,,,,,,,,,,,null,null,Kerberos,,,null,,,,,,,,,,,,,,,,,,,,,,,,,,,,null,,,,,,,,,,,,,,,,"%%1833",,"10.193.114.113",56514,0,"-",,,,,,"8b5c1d0a-97ed-1201-f60a-5079028d9bac",,,Kerberos,3,"3 - Network",,,,,,,,,,,,,,,,,,,,,,,,,,,,,,,,,,,,,,,,,,,,,,,,,"-",0x0,"-",,,,,,,,,,,,,,,,,,,,,,,null,,,,,,,"-\-",,,,"-",,0x0,,,"-","S-1-0-0",,,"AD\SJO-CAR-H9L18M2$",AD,,,,0x12a5ec4be,,,,,,"SJO-CAR-H9L18M2$","S-1-5-21-1078081533-725345543-682003330-477706",,,,,,,,"-",,,,,,,,"-","edcb625c-bbfa-4330-b8e0-39556d321ef7","f490dd5a-71c2-403e-84dd-2767657b5464","00000000-0000-0000-0000-000000000001","2020-10-16T14:45:30.52Z","AOI-552b9630-b106-4fe7-a1fa-97d04a0010ef",SecurityEvent,
"552b9630-b106-4fe7-a1fa-97d04a0010ef","2020-10-16T14:45:28.783Z",OpsManager,"AD\SMG-VCL-3WL6GK2$",Machine,"WN73200.ad.providence.org","Microsoft-Windows-Security-Auditing",Security,12544,8,,4624,"4624 - An account was successfully logged on.",,,,,,,,,,,,,,,,,,null,null,Kerberos,,,null,,,,,,,,,,,,,,,,,,,,,,,,,,,,null,,,,,,,,,,,,,,,,"%%1833",,"10.156.144.102",49737,0,"-",,,,,,"58299ae0-aa35-786b-cb2e-3852662b566a",,,Kerberos,3,"3 - Network",,,,,,,,,,,,,,,,,,,,,,,,,,,,,,,,,,,,,,,,,,,,,,,,,"-",0x0,"-",,,,,,,,,,,,,,,,,,,,,,,null,,,,,,,"-\-",,,,"-",,0x0,,,"-","S-1-0-0",,,"AD\SMG-VCL-3WL6GK2$",AD,,,,0x12a5ec4e8,,,,,,"SMG-VCL-3WL6GK2$","S-1-5-21-1078081533-725345543-682003330-468375",,,,,,,,"-",,,,,,,,"-","edcb625c-bbfa-4330-b8e0-39556d321ef7","c40d7bda-9721-4f89-b545-907dd3d2785e","00000000-0000-0000-0000-000000000001","2020-10-16T14:45:30.52Z","AOI-552b9630-b106-4fe7-a1fa-97d04a0010ef",SecurityEvent,
"552b9630-b106-4fe7-a1fa-97d04a0010ef","2020-10-16T14:45:28.8Z",OpsManager,"AD\XDLVS1170567$",Machine,"WN73200.ad.providence.org","Microsoft-Windows-Security-Auditing",Security,12544,8,,4624,"4624 - An account was successfully logged on.",,,,,,,,,,,,,,,,,,null,null,Kerberos,,,null,,,,,,,,,,,,,,,,,,,,,,,,,,,,null,,,,,,,,,,,,,,,,"%%1833",,"10.184.1.78",58589,0,"-",,,,,,"30942f25-7052-0561-c76f-41b5e158cf02",,,Kerberos,3,"3 - Network",,,,,,,,,,,,,,,,,,,,,,,,,,,,,,,,,,,,,,,,,,,,,,,,,"-",0x0,"-",,,,,,,,,,,,,,,,,,,,,,,null,,,,,,,"-\-",,,,"-",,0x0,,,"-","S-1-0-0",,,"AD\XDLVS1170567$",AD,,,,0x12a5ec4fb,,,,,,"XDLVS1170567$","S-1-5-21-1078081533-725345543-682003330-496051",,,,,,,,"-",,,,,,,,"-","edcb625c-bbfa-4330-b8e0-39556d321ef7","7a7bfa79-dbbd-44fd-b806-2736b9557e24","00000000-0000-0000-0000-000000000001","2020-10-16T14:45:30.52Z","AOI-552b9630-b106-4fe7-a1fa-97d04a0010ef",SecurityEvent,
"552b9630-b106-4fe7-a1fa-97d04a0010ef","2020-10-16T14:45:28.8Z",OpsManager,"AD\MHR-COM-4KJLZC2$",Machine,"WN73200.ad.providence.org","Microsoft-Windows-Security-Auditing",Security,12544,8,,4624,"4624 - An account was successfully logged on.",,,,,,,,,,,,,,,,,,null,null,Kerberos,,,null,,,,,,,,,,,,,,,,,,,,,,,,,,,,null,,,,,,,,,,,,,,,,"%%1833",,"10.187.142.248",52014,0,"-",,,,,,"6e768dcf-cf72-69ab-7f75-c8825031a1b6",,,Kerberos,3,"3 - Network",,,,,,,,,,,,,,,,,,,,,,,,,,,,,,,,,,,,,,,,,,,,,,,,,"-",0x0,"-",,,,,,,,,,,,,,,,,,,,,,,null,,,,,,,"-\-",,,,"-",,0x0,,,"-","S-1-0-0",,,"AD\MHR-COM-4KJLZC2$",AD,,,,0x12a5ec517,,,,,,"MHR-COM-4KJLZC2$","S-1-5-21-1078081533-725345543-682003330-475006",,,,,,,,"-",,,,,,,,"-","edcb625c-bbfa-4330-b8e0-39556d321ef7","63d36ae9-f6c7-4b58-971b-f9cc8a731b02","00000000-0000-0000-0000-000000000001","2020-10-16T14:45:30.52Z","AOI-552b9630-b106-4fe7-a1fa-97d04a0010ef",SecurityEvent,
"552b9630-b106-4fe7-a1fa-97d04a0010ef","2020-10-16T14:45:28.8Z",OpsManager,"AD\XDLVS1370050$",Machine,"WN73200.ad.providence.org","Microsoft-Windows-Security-Auditing",Security,12545,8,,4634,"4634 - An account was logged off.",,,,,,,,,,,,,,,,,,null,null,,,,null,,,,,,,,,,,,,,,,,,,,,,,,,,,,null,,,,,,,,,,,,,,,,,,,,null,,,,,,,,,,,3,"3 - Network",,,,,,,,,,,,,,,,,,,,,,,,,,,,,,,,,,,,,,,,,,,,,,,,,,,,,,,,,,,,,,,,,,,,,,,,,,null,,,,,,,,,,,,,,,,,,,,"AD\XDLVS1370050$",AD,,,,0x12a5d2b86,,,,,,"XDLVS1370050$","S-1-5-21-1078081533-725345543-682003330-503562",,,,,,,,,,,,,,,,,"edcb625c-bbfa-4330-b8e0-39556d321ef7","589d4bd6-7898-4e0c-b19f-0271fa1bbdae","00000000-0000-0000-0000-000000000001","2020-10-16T14:45:30.52Z","AOI-552b9630-b106-4fe7-a1fa-97d04a0010ef",SecurityEvent,
"552b9630-b106-4fe7-a1fa-97d04a0010ef","2020-10-16T14:45:28.8Z",OpsManager,,,"WN73200.ad.providence.org","Microsoft-Windows-Security-Auditing",Security,14339,8,"<EventData xmlns=""http://schemas.microsoft.com/win/2004/08/events/event"">
  <Data Name=""TargetUserName"">FranklinJ1</Data>
  <Data Name=""TargetDomainName"">ad.providence.org</Data>
  <Data Name=""TargetSid"">S-1-5-21-1078081533-725345543-682003330-339470</Data>
  <Data Name=""ServiceName"">krbtgt</Data>
  <Data Name=""ServiceSid"">S-1-5-21-1078081533-725345543-682003330-502</Data>
  <Data Name=""TicketOptions"">0x40810010</Data>
  <Data Name=""Status"">0x0</Data>
  <Data Name=""TicketEncryptionType"">0x12</Data>
  <Data Name=""PreAuthType"">2</Data>
  <Data Name=""IpAddress"">::ffff:10.249.3.141</Data>
  <Data Name=""IpPort"">50011</Data>
  <Data Name=""CertIssuerName""></Data>
  <Data Name=""CertSerialNumber""></Data>
  <Data Name=""CertThumbprint""></Data>
</EventData>",4768,"4768 - A Kerberos authentication ticket (TGT) was requested.",,,,,,,,,,,,,,,,,,null,null,,,,null,,,,,,,,,,,,,,,,,,,,,,,,,,,,null,,,,,,,,,,,,,,,,,,"::ffff:10.249.3.141",50011,null,,,,,,,,,,,null,,,,,,,,,,,,,,,,,,,,,,,,,,,,,,,,,,,,,,,,,,,,,,,,,,,,,,,,,,,,,,,,,,,,,,,,,,krbtgt,null,,,,,,0x0,,,,,,,,,,,,,,"ad.providence.org\FranklinJ1","ad.providence.org",,,,,,,,"S-1-5-21-1078081533-725345543-682003330-339470",,FranklinJ1,,,,,,,,,,,,,,,,,,"edcb625c-bbfa-4330-b8e0-39556d321ef7","8f882e89-8ad1-4a9c-860b-65d99ad6280a","00000000-0000-0000-0000-000000000001","2020-10-16T14:45:30.52Z","AOI-552b9630-b106-4fe7-a1fa-97d04a0010ef",SecurityEvent,
"552b9630-b106-4fe7-a1fa-97d04a0010ef","2020-10-16T14:45:28.8Z",OpsManager,"AD\SJO-CAR-H9L18M2$",Machine,"WN73200.ad.providence.org","Microsoft-Windows-Security-Auditing",Security,12545,8,,4634,"4634 - An account was logged off.",,,,,,,,,,,,,,,,,,null,null,,,,null,,,,,,,,,,,,,,,,,,,,,,,,,,,,null,,,,,,,,,,,,,,,,,,,,null,,,,,,,,,,,3,"3 - Network",,,,,,,,,,,,,,,,,,,,,,,,,,,,,,,,,,,,,,,,,,,,,,,,,,,,,,,,,,,,,,,,,,,,,,,,,,null,,,,,,,,,,,,,,,,,,,,"AD\SJO-CAR-H9L18M2$",AD,,,,0x12a5ec2e8,,,,,,"SJO-CAR-H9L18M2$","S-1-5-21-1078081533-725345543-682003330-477706",,,,,,,,,,,,,,,,,"edcb625c-bbfa-4330-b8e0-39556d321ef7","4a9ec21e-50ad-4068-8c97-99fd214ba760","00000000-0000-0000-0000-000000000001","2020-10-16T14:45:30.52Z","AOI-552b9630-b106-4fe7-a1fa-97d04a0010ef",SecurityEvent,
"552b9630-b106-4fe7-a1fa-97d04a0010ef","2020-10-16T14:45:28.8Z",OpsManager,"AD\XDLVS1170567$",Machine,"WN73200.ad.providence.org","Microsoft-Windows-Security-Auditing",Security,12545,8,,4634,"4634 - An account was logged off.",,,,,,,,,,,,,,,,,,null,null,,,,null,,,,,,,,,,,,,,,,,,,,,,,,,,,,null,,,,,,,,,,,,,,,,,,,,null,,,,,,,,,,,3,"3 - Network",,,,,,,,,,,,,,,,,,,,,,,,,,,,,,,,,,,,,,,,,,,,,,,,,,,,,,,,,,,,,,,,,,,,,,,,,,null,,,,,,,,,,,,,,,,,,,,"AD\XDLVS1170567$",AD,,,,0x12a5ec4fb,,,,,,"XDLVS1170567$","S-1-5-21-1078081533-725345543-682003330-496051",,,,,,,,,,,,,,,,,"edcb625c-bbfa-4330-b8e0-39556d321ef7","ce34d355-984e-4ec8-922b-9b0908f359c7","00000000-0000-0000-0000-000000000001","2020-10-16T14:45:30.52Z","AOI-552b9630-b106-4fe7-a1fa-97d04a0010ef",SecurityEvent,
"552b9630-b106-4fe7-a1fa-97d04a0010ef","2020-10-16T14:45:28.813Z",OpsManager,,,"WN73200.ad.providence.org","Microsoft-Windows-Security-Auditing",Security,14339,8,"<EventData xmlns=""http://schemas.microsoft.com/win/2004/08/events/event"">
  <Data Name=""TargetUserName"">FLORESJ17</Data>
  <Data Name=""TargetDomainName"">AD</Data>
  <Data Name=""TargetSid"">S-1-5-21-1078081533-725345543-682003330-339756</Data>
  <Data Name=""ServiceName"">krbtgt</Data>
  <Data Name=""ServiceSid"">S-1-5-21-1078081533-725345543-682003330-502</Data>
  <Data Name=""TicketOptions"">0x40810010</Data>
  <Data Name=""Status"">0x0</Data>
  <Data Name=""TicketEncryptionType"">0x12</Data>
  <Data Name=""PreAuthType"">2</Data>
  <Data Name=""IpAddress"">::ffff:10.249.3.137</Data>
  <Data Name=""IpPort"">53286</Data>
  <Data Name=""CertIssuerName""></Data>
  <Data Name=""CertSerialNumber""></Data>
  <Data Name=""CertThumbprint""></Data>
</EventData>",4768,"4768 - A Kerberos authentication ticket (TGT) was requested.",,,,,,,,,,,,,,,,,,null,null,,,,null,,,,,,,,,,,,,,,,,,,,,,,,,,,,null,,,,,,,,,,,,,,,,,,"::ffff:10.249.3.137",53286,null,,,,,,,,,,,null,,,,,,,,,,,,,,,,,,,,,,,,,,,,,,,,,,,,,,,,,,,,,,,,,,,,,,,,,,,,,,,,,,,,,,,,,,krbtgt,null,,,,,,0x0,,,,,,,,,,,,,,"AD\FLORESJ17",AD,,,,,,,,"S-1-5-21-1078081533-725345543-682003330-339756",,FLORESJ17,,,,,,,,,,,,,,,,,,"edcb625c-bbfa-4330-b8e0-39556d321ef7","a68b18a1-80d5-4c51-85ba-afeac24b9c6d","00000000-0000-0000-0000-000000000001","2020-10-16T14:45:30.52Z","AOI-552b9630-b106-4fe7-a1fa-97d04a0010ef",SecurityEvent,
"552b9630-b106-4fe7-a1fa-97d04a0010ef","2020-10-16T14:45:28.813Z",OpsManager,"AD\VAUGHANM3",User,"WN73200.ad.providence.org","Microsoft-Windows-Security-Auditing",Security,12544,8,,4624,"4624 - An account was successfully logged on.",,,,,,,,,,,,,,,,,,null,null,Kerberos,,,null,,,,,,,,,,,,,,,,,,,,,,,,,,,,null,,,,,,,,,,,,,,,,"%%1833",,"10.176.39.109",54373,0,"-",,,,,,"c9855252-13fb-b8d1-5043-0b90ec4d785c",,,Kerberos,3,"3 - Network",,,,,,,,,,,,,,,,,,,,,,,,,,,,,,,,,,,,,,,,,,,,,,,,,"-",0x0,"-",,,,,,,,,,,,,,,,,,,,,,,null,,,,,,,"-\-",,,,"-",,0x0,,,"-","S-1-0-0",,,"AD\VAUGHANM3",AD,,,,0x12a5ec554,,,,,,VAUGHANM3,"S-1-5-21-1078081533-725345543-682003330-311726",,,,,,,,"-",,,,,,,,"-","edcb625c-bbfa-4330-b8e0-39556d321ef7","8ae84e70-f6fd-43a1-903a-c129609695e7","00000000-0000-0000-0000-000000000001","2020-10-16T14:45:30.52Z","AOI-552b9630-b106-4fe7-a1fa-97d04a0010ef",SecurityEvent,
"552b9630-b106-4fe7-a1fa-97d04a0010ef","2020-10-16T14:45:28.813Z",OpsManager,"AD\XDLVS1170567$",Machine,"WN73200.ad.providence.org","Microsoft-Windows-Security-Auditing",Security,12544,8,,4624,"4624 - An account was successfully logged on.",,,,,,,,,,,,,,,,,,null,null,Kerberos,,,null,,,,,,,,,,,,,,,,,,,,,,,,,,,,null,,,,,,,,,,,,,,,,"%%1833",,"10.184.1.78",58590,0,"-",,,,,,"30942f25-7052-0561-c76f-41b5e158cf02",,,Kerberos,3,"3 - Network",,,,,,,,,,,,,,,,,,,,,,,,,,,,,,,,,,,,,,,,,,,,,,,,,"-",0x0,"-",,,,,,,,,,,,,,,,,,,,,,,null,,,,,,,"-\-",,,,"-",,0x0,,,"-","S-1-0-0",,,"AD\XDLVS1170567$",AD,,,,0x12a5ec563,,,,,,"XDLVS1170567$","S-1-5-21-1078081533-725345543-682003330-496051",,,,,,,,"-",,,,,,,,"-","edcb625c-bbfa-4330-b8e0-39556d321ef7","06631f21-546a-4c08-a062-0bfe22e0ae2f","00000000-0000-0000-0000-000000000001","2020-10-16T14:45:30.52Z","AOI-552b9630-b106-4fe7-a1fa-97d04a0010ef",SecurityEvent,
"552b9630-b106-4fe7-a1fa-97d04a0010ef","2020-10-16T14:45:28.83Z",OpsManager,"AD\XDLVS1170567$",Machine,"WN73200.ad.providence.org","Microsoft-Windows-Security-Auditing",Security,12545,8,,4634,"4634 - An account was logged off.",,,,,,,,,,,,,,,,,,null,null,,,,null,,,,,,,,,,,,,,,,,,,,,,,,,,,,null,,,,,,,,,,,,,,,,,,,,null,,,,,,,,,,,3,"3 - Network",,,,,,,,,,,,,,,,,,,,,,,,,,,,,,,,,,,,,,,,,,,,,,,,,,,,,,,,,,,,,,,,,,,,,,,,,,null,,,,,,,,,,,,,,,,,,,,"AD\XDLVS1170567$",AD,,,,0x12a5ec563,,,,,,"XDLVS1170567$","S-1-5-21-1078081533-725345543-682003330-496051",,,,,,,,,,,,,,,,,"edcb625c-bbfa-4330-b8e0-39556d321ef7","a3530ffa-31af-4cba-a3d7-002bd88d40c6","00000000-0000-0000-0000-000000000001","2020-10-16T14:45:30.52Z","AOI-552b9630-b106-4fe7-a1fa-97d04a0010ef",SecurityEvent,
"552b9630-b106-4fe7-a1fa-97d04a0010ef","2020-10-16T14:45:28.847Z",OpsManager,"AD\XDLVS1571176$",Machine,"WN73200.ad.providence.org","Microsoft-Windows-Security-Auditing",Security,12545,8,,4634,"4634 - An account was logged off.",,,,,,,,,,,,,,,,,,null,null,,,,null,,,,,,,,,,,,,,,,,,,,,,,,,,,,null,,,,,,,,,,,,,,,,,,,,null,,,,,,,,,,,3,"3 - Network",,,,,,,,,,,,,,,,,,,,,,,,,,,,,,,,,,,,,,,,,,,,,,,,,,,,,,,,,,,,,,,,,,,,,,,,,,null,,,,,,,,,,,,,,,,,,,,"AD\XDLVS1571176$",AD,,,,0x12a5eac34,,,,,,"XDLVS1571176$","S-1-5-21-1078081533-725345543-682003330-543641",,,,,,,,,,,,,,,,,"edcb625c-bbfa-4330-b8e0-39556d321ef7","97707ac1-6b5a-41cb-bac8-8a9fb45a55a1","00000000-0000-0000-0000-000000000001","2020-10-16T14:45:30.52Z","AOI-552b9630-b106-4fe7-a1fa-97d04a0010ef",SecurityEvent,
"552b9630-b106-4fe7-a1fa-97d04a0010ef","2020-10-16T14:45:28.847Z",OpsManager,"AD\HHF-LWC-D79HHK2$",Machine,"WN73200.ad.providence.org","Microsoft-Windows-Security-Auditing",Security,12544,8,,4624,"4624 - An account was successfully logged on.",,,,,,,,,,,,,,,,,,null,null,Kerberos,,,null,,,,,,,,,,,,,,,,,,,,,,,,,,,,null,,,,,,,,,,,,,,,,"%%1840",,"10.156.180.92",62698,0,"-",,,,,,"48a31af6-4a43-d4f7-afab-f3f9b88f0a9d",,,Kerberos,3,"3 - Network",,,,,,,,,,,,,,,,,,,,,,,,,,,,,,,,,,,,,,,,,,,,,,,,,"-",0x0,"-",,,,,,,,,,,,,,,,,,,,,,,null,,,,,,,"-\-",,,,"-",,0x0,,,"-","S-1-0-0",,,"AD\HHF-LWC-D79HHK2$",AD,,,,0x12a5ec5c3,,,,,,"HHF-LWC-D79HHK2$","S-1-5-21-1078081533-725345543-682003330-492646",,,,,,,,"-",,,,,,,,"-","edcb625c-bbfa-4330-b8e0-39556d321ef7","659cbaf5-74cd-42cf-9917-13faf5b9798c","00000000-0000-0000-0000-000000000001","2020-10-16T14:45:30.52Z","AOI-552b9630-b106-4fe7-a1fa-97d04a0010ef",SecurityEvent,
"552b9630-b106-4fe7-a1fa-97d04a0010ef","2020-10-16T14:45:28.847Z",OpsManager,"AD\SJO-CAR-H9L18M2$",Machine,"WN73200.ad.providence.org","Microsoft-Windows-Security-Auditing",Security,12544,8,,4624,"4624 - An account was successfully logged on.",,,,,,,,,,,,,,,,,,null,null,Kerberos,,,null,,,,,,,,,,,,,,,,,,,,,,,,,,,,null,,,,,,,,,,,,,,,,"%%1833",,"10.193.114.113",56525,0,"-",,,,,,"8b5c1d0a-97ed-1201-f60a-5079028d9bac",,,Kerberos,3,"3 - Network",,,,,,,,,,,,,,,,,,,,,,,,,,,,,,,,,,,,,,,,,,,,,,,,,"-",0x0,"-",,,,,,,,,,,,,,,,,,,,,,,null,,,,,,,"-\-",,,,"-",,0x0,,,"-","S-1-0-0",,,"AD\SJO-CAR-H9L18M2$",AD,,,,0x12a5ec5cd,,,,,,"SJO-CAR-H9L18M2$","S-1-5-21-1078081533-725345543-682003330-477706",,,,,,,,"-",,,,,,,,"-","edcb625c-bbfa-4330-b8e0-39556d321ef7","e7878287-744f-4fce-b130-6a7ecaf2b578","00000000-0000-0000-0000-000000000001","2020-10-16T14:45:30.52Z","AOI-552b9630-b106-4fe7-a1fa-97d04a0010ef",SecurityEvent,
"552b9630-b106-4fe7-a1fa-97d04a0010ef","2020-10-16T14:45:28.847Z",OpsManager,,,"WN73200.ad.providence.org","Microsoft-Windows-Security-Auditing",Security,14339,8,"<EventData xmlns=""http://schemas.microsoft.com/win/2004/08/events/event"">
  <Data Name=""TargetUserName"">FLORESJ17</Data>
  <Data Name=""TargetDomainName"">AD</Data>
  <Data Name=""TargetSid"">S-1-5-21-1078081533-725345543-682003330-339756</Data>
  <Data Name=""ServiceName"">krbtgt</Data>
  <Data Name=""ServiceSid"">S-1-5-21-1078081533-725345543-682003330-502</Data>
  <Data Name=""TicketOptions"">0x40810010</Data>
  <Data Name=""Status"">0x0</Data>
  <Data Name=""TicketEncryptionType"">0x12</Data>
  <Data Name=""PreAuthType"">2</Data>
  <Data Name=""IpAddress"">::ffff:10.249.3.143</Data>
  <Data Name=""IpPort"">59295</Data>
  <Data Name=""CertIssuerName""></Data>
  <Data Name=""CertSerialNumber""></Data>
  <Data Name=""CertThumbprint""></Data>
</EventData>",4768,"4768 - A Kerberos authentication ticket (TGT) was requested.",,,,,,,,,,,,,,,,,,null,null,,,,null,,,,,,,,,,,,,,,,,,,,,,,,,,,,null,,,,,,,,,,,,,,,,,,"::ffff:10.249.3.143",59295,null,,,,,,,,,,,null,,,,,,,,,,,,,,,,,,,,,,,,,,,,,,,,,,,,,,,,,,,,,,,,,,,,,,,,,,,,,,,,,,,,,,,,,,krbtgt,null,,,,,,0x0,,,,,,,,,,,,,,"AD\FLORESJ17",AD,,,,,,,,"S-1-5-21-1078081533-725345543-682003330-339756",,FLORESJ17,,,,,,,,,,,,,,,,,,"edcb625c-bbfa-4330-b8e0-39556d321ef7","5baeccf9-61ad-44f4-aa35-da762cc0b529","00000000-0000-0000-0000-000000000001","2020-10-16T14:45:30.52Z","AOI-552b9630-b106-4fe7-a1fa-97d04a0010ef",SecurityEvent,
"552b9630-b106-4fe7-a1fa-97d04a0010ef","2020-10-16T14:45:28.86Z",OpsManager,"AD\MALLICKD1",User,"WN73200.ad.providence.org","Microsoft-Windows-Security-Auditing",Security,12545,8,,4634,"4634 - An account was logged off.",,,,,,,,,,,,,,,,,,null,null,,,,null,,,,,,,,,,,,,,,,,,,,,,,,,,,,null,,,,,,,,,,,,,,,,,,,,null,,,,,,,,,,,3,"3 - Network",,,,,,,,,,,,,,,,,,,,,,,,,,,,,,,,,,,,,,,,,,,,,,,,,,,,,,,,,,,,,,,,,,,,,,,,,,null,,,,,,,,,,,,,,,,,,,,"AD\MALLICKD1",AD,,,,0x12a52e0b3,,,,,,MALLICKD1,"S-1-5-21-1078081533-725345543-682003330-466924",,,,,,,,,,,,,,,,,"edcb625c-bbfa-4330-b8e0-39556d321ef7","b9c71036-2e5a-4ea2-a27a-70e08f85150d","00000000-0000-0000-0000-000000000001","2020-10-16T14:45:30.52Z","AOI-552b9630-b106-4fe7-a1fa-97d04a0010ef",SecurityEvent,
