"552b9630-b106-4fe7-a1fa-97d04a0010ef","2020-10-16T14:45:27.583Z",OpsManager,,,"wn54026.adi.swedish.org","Microsoft-Windows-Security-Auditing",Security,12810,8,"<EventData xmlns=""http://schemas.microsoft.com/win/2004/08/events/event"">
  <Data Name=""ProcessID"">1916</Data>
  <Data Name=""Application"">\device\harddiskvolume2\windows\system32\dns.exe</Data>
  <Data Name=""Direction"">%%14592</Data>
  <Data Name=""SourceAddress"">10.209.0.33</Data>
  <Data Name=""SourcePort"">53</Data>
  <Data Name=""DestAddress"">10.210.0.33</Data>
  <Data Name=""DestPort"">52014</Data>
  <Data Name=""Protocol"">17</Data>
  <Data Name=""FilterRTID"">68336</Data>
  <Data Name=""LayerName"">%%14610</Data>
  <Data Name=""LayerRTID"">44</Data>
  <Data Name=""RemoteUserID"">S-1-0-0</Data>
  <Data Name=""RemoteMachineID"">S-1-0-0</Data>
</EventData>",5156,"5156 - The Windows Filtering Platform has allowed a connection.",,,,,,,,,,,,,,,,,,null,null,,,,null,,,,,,,,,,,,,,,,,,,,,,,,,,,,null,,,,,,,,,,,,,,,,,,,,null,,,,,,,,,,,null,,,,,,,,,,,,,,,,,,,,,,,,,,,,,,,,,,,,,,,,,,,,,,,,,,,,,,,,,,,,,,,,,,,,,,,,,,,null,,,,,,,,,,,,,,,,,,,,,,,,,,,,,,,,,,,,,,,,,,,,,,,,,"6bb59ece-2f24-4788-98eb-ef0da4f6d213","2924186c-ce44-48ed-9cef-bb1640d19427","00000000-0000-0000-0000-000000000001","2020-10-16T14:45:28.62Z","AOI-552b9630-b106-4fe7-a1fa-97d04a0010ef",SecurityEvent,
"552b9630-b106-4fe7-a1fa-97d04a0010ef","2020-10-16T14:45:27.583Z",OpsManager,,,"wn54026.adi.swedish.org","Microsoft-Windows-Security-Auditing",Security,12810,8,"<EventData xmlns=""http://schemas.microsoft.com/win/2004/08/events/event"">
  <Data Name=""ProcessID"">1916</Data>
  <Data Name=""Application"">\device\harddiskvolume2\windows\system32\dns.exe</Data>
  <Data Name=""Direction"">%%14593</Data>
  <Data Name=""SourceAddress"">10.209.0.33</Data>
  <Data Name=""SourcePort"">58110</Data>
  <Data Name=""DestAddress"">170.173.166.32</Data>
  <Data Name=""DestPort"">53</Data>
  <Data Name=""Protocol"">17</Data>
  <Data Name=""FilterRTID"">70019</Data>
  <Data Name=""LayerName"">%%14611</Data>
  <Data Name=""LayerRTID"">48</Data>
  <Data Name=""RemoteUserID"">S-1-0-0</Data>
  <Data Name=""RemoteMachineID"">S-1-0-0</Data>
</EventData>",5156,"5156 - The Windows Filtering Platform has allowed a connection.",,,,,,,,,,,,,,,,,,null,null,,,,null,,,,,,,,,,,,,,,,,,,,,,,,,,,,null,,,,,,,,,,,,,,,,,,,,null,,,,,,,,,,,null,,,,,,,,,,,,,,,,,,,,,,,,,,,,,,,,,,,,,,,,,,,,,,,,,,,,,,,,,,,,,,,,,,,,,,,,,,,null,,,,,,,,,,,,,,,,,,,,,,,,,,,,,,,,,,,,,,,,,,,,,,,,,"6bb59ece-2f24-4788-98eb-ef0da4f6d213","36fad58b-4fad-4abd-b51e-1cc1ab1261a3","00000000-0000-0000-0000-000000000001","2020-10-16T14:45:28.62Z","AOI-552b9630-b106-4fe7-a1fa-97d04a0010ef",SecurityEvent,
"552b9630-b106-4fe7-a1fa-97d04a0010ef","2020-10-16T14:45:27.597Z",OpsManager,"PHSWA\jangeffen.vicente",User,"wn54026.adi.swedish.org","Microsoft-Windows-Security-Auditing",Security,12545,8,,4634,"4634 - An account was logged off.",,,,,,,,,,,,,,,,,,null,null,,,,null,,,,,,,,,,,,,,,,,,,,,,,,,,,,null,,,,,,,,,,,,,,,,,,,,null,,,,,,,,,,,3,"3 - Network",,,,,,,,,,,,,,,,,,,,,,,,,,,,,,,,,,,,,,,,,,,,,,,,,,,,,,,,,,,,,,,,,,,,,,,,,,null,,,,,,,,,,,,,,,,,,,,"PHSWA\jangeffen.vicente",PHSWA,,,,0x8a00e131,,,,,,"jangeffen.vicente","S-1-5-21-420551719-245851362-9522986-574782",,,,,,,,,,,,,,,,,"6bb59ece-2f24-4788-98eb-ef0da4f6d213","d21e8074-5f04-4a8a-9a9e-dacc83d682d6","00000000-0000-0000-0000-000000000001","2020-10-16T14:45:28.62Z","AOI-552b9630-b106-4fe7-a1fa-97d04a0010ef",SecurityEvent,
"552b9630-b106-4fe7-a1fa-97d04a0010ef","2020-10-16T14:45:27.597Z",OpsManager,,,"wn54026.adi.swedish.org","Microsoft-Windows-Security-Auditing",Security,12810,8,"<EventData xmlns=""http://schemas.microsoft.com/win/2004/08/events/event"">
  <Data Name=""ProcessID"">1916</Data>
  <Data Name=""Application"">\device\harddiskvolume2\windows\system32\dns.exe</Data>
  <Data Name=""Direction"">%%14592</Data>
  <Data Name=""SourceAddress"">10.209.0.33</Data>
  <Data Name=""SourcePort"">53</Data>
  <Data Name=""DestAddress"">10.36.175.59</Data>
  <Data Name=""DestPort"">5388</Data>
  <Data Name=""Protocol"">17</Data>
  <Data Name=""FilterRTID"">68336</Data>
  <Data Name=""LayerName"">%%14610</Data>
  <Data Name=""LayerRTID"">44</Data>
  <Data Name=""RemoteUserID"">S-1-0-0</Data>
  <Data Name=""RemoteMachineID"">S-1-0-0</Data>
</EventData>",5156,"5156 - The Windows Filtering Platform has allowed a connection.",,,,,,,,,,,,,,,,,,null,null,,,,null,,,,,,,,,,,,,,,,,,,,,,,,,,,,null,,,,,,,,,,,,,,,,,,,,null,,,,,,,,,,,null,,,,,,,,,,,,,,,,,,,,,,,,,,,,,,,,,,,,,,,,,,,,,,,,,,,,,,,,,,,,,,,,,,,,,,,,,,,null,,,,,,,,,,,,,,,,,,,,,,,,,,,,,,,,,,,,,,,,,,,,,,,,,"6bb59ece-2f24-4788-98eb-ef0da4f6d213","adaed1ee-9761-4e4c-9f0e-037ec51d3f42","00000000-0000-0000-0000-000000000001","2020-10-16T14:45:28.62Z","AOI-552b9630-b106-4fe7-a1fa-97d04a0010ef",SecurityEvent,
"552b9630-b106-4fe7-a1fa-97d04a0010ef","2020-10-16T14:45:27.597Z",OpsManager,,,"wn54026.adi.swedish.org","Microsoft-Windows-Security-Auditing",Security,12810,8,"<EventData xmlns=""http://schemas.microsoft.com/win/2004/08/events/event"">
  <Data Name=""ProcessID"">1916</Data>
  <Data Name=""Application"">\device\harddiskvolume2\windows\system32\dns.exe</Data>
  <Data Name=""Direction"">%%14592</Data>
  <Data Name=""SourceAddress"">10.209.0.33</Data>
  <Data Name=""SourcePort"">53</Data>
  <Data Name=""DestAddress"">10.36.175.59</Data>
  <Data Name=""DestPort"">5386</Data>
  <Data Name=""Protocol"">17</Data>
  <Data Name=""FilterRTID"">68336</Data>
  <Data Name=""LayerName"">%%14610</Data>
  <Data Name=""LayerRTID"">44</Data>
  <Data Name=""RemoteUserID"">S-1-0-0</Data>
  <Data Name=""RemoteMachineID"">S-1-0-0</Data>
</EventData>",5156,"5156 - The Windows Filtering Platform has allowed a connection.",,,,,,,,,,,,,,,,,,null,null,,,,null,,,,,,,,,,,,,,,,,,,,,,,,,,,,null,,,,,,,,,,,,,,,,,,,,null,,,,,,,,,,,null,,,,,,,,,,,,,,,,,,,,,,,,,,,,,,,,,,,,,,,,,,,,,,,,,,,,,,,,,,,,,,,,,,,,,,,,,,,null,,,,,,,,,,,,,,,,,,,,,,,,,,,,,,,,,,,,,,,,,,,,,,,,,"6bb59ece-2f24-4788-98eb-ef0da4f6d213","60ce8c84-1220-438f-84c1-6d2490db5d84","00000000-0000-0000-0000-000000000001","2020-10-16T14:45:28.62Z","AOI-552b9630-b106-4fe7-a1fa-97d04a0010ef",SecurityEvent,
"552b9630-b106-4fe7-a1fa-97d04a0010ef","2020-10-16T14:45:27.597Z",OpsManager,,,"wn54026.adi.swedish.org","Microsoft-Windows-Security-Auditing",Security,12810,8,"<EventData xmlns=""http://schemas.microsoft.com/win/2004/08/events/event"">
  <Data Name=""ProcessID"">1916</Data>
  <Data Name=""Application"">\device\harddiskvolume2\windows\system32\dns.exe</Data>
  <Data Name=""Direction"">%%14592</Data>
  <Data Name=""SourceAddress"">10.209.0.33</Data>
  <Data Name=""SourcePort"">53</Data>
  <Data Name=""DestAddress"">10.36.175.59</Data>
  <Data Name=""DestPort"">5382</Data>
  <Data Name=""Protocol"">17</Data>
  <Data Name=""FilterRTID"">68336</Data>
  <Data Name=""LayerName"">%%14610</Data>
  <Data Name=""LayerRTID"">44</Data>
  <Data Name=""RemoteUserID"">S-1-0-0</Data>
  <Data Name=""RemoteMachineID"">S-1-0-0</Data>
</EventData>",5156,"5156 - The Windows Filtering Platform has allowed a connection.",,,,,,,,,,,,,,,,,,null,null,,,,null,,,,,,,,,,,,,,,,,,,,,,,,,,,,null,,,,,,,,,,,,,,,,,,,,null,,,,,,,,,,,null,,,,,,,,,,,,,,,,,,,,,,,,,,,,,,,,,,,,,,,,,,,,,,,,,,,,,,,,,,,,,,,,,,,,,,,,,,,null,,,,,,,,,,,,,,,,,,,,,,,,,,,,,,,,,,,,,,,,,,,,,,,,,"6bb59ece-2f24-4788-98eb-ef0da4f6d213","b7dca542-9821-45e7-af86-91dbdb645964","00000000-0000-0000-0000-000000000001","2020-10-16T14:45:28.62Z","AOI-552b9630-b106-4fe7-a1fa-97d04a0010ef",SecurityEvent,
"552b9630-b106-4fe7-a1fa-97d04a0010ef","2020-10-16T14:45:27.597Z",OpsManager,,,"wn54026.adi.swedish.org","Microsoft-Windows-Security-Auditing",Security,12810,8,"<EventData xmlns=""http://schemas.microsoft.com/win/2004/08/events/event"">
  <Data Name=""ProcessID"">1916</Data>
  <Data Name=""Application"">\device\harddiskvolume2\windows\system32\dns.exe</Data>
  <Data Name=""Direction"">%%14592</Data>
  <Data Name=""SourceAddress"">10.209.0.33</Data>
  <Data Name=""SourcePort"">53</Data>
  <Data Name=""DestAddress"">10.36.175.87</Data>
  <Data Name=""DestPort"">5394</Data>
  <Data Name=""Protocol"">17</Data>
  <Data Name=""FilterRTID"">68336</Data>
  <Data Name=""LayerName"">%%14610</Data>
  <Data Name=""LayerRTID"">44</Data>
  <Data Name=""RemoteUserID"">S-1-0-0</Data>
  <Data Name=""RemoteMachineID"">S-1-0-0</Data>
</EventData>",5156,"5156 - The Windows Filtering Platform has allowed a connection.",,,,,,,,,,,,,,,,,,null,null,,,,null,,,,,,,,,,,,,,,,,,,,,,,,,,,,null,,,,,,,,,,,,,,,,,,,,null,,,,,,,,,,,null,,,,,,,,,,,,,,,,,,,,,,,,,,,,,,,,,,,,,,,,,,,,,,,,,,,,,,,,,,,,,,,,,,,,,,,,,,,null,,,,,,,,,,,,,,,,,,,,,,,,,,,,,,,,,,,,,,,,,,,,,,,,,"6bb59ece-2f24-4788-98eb-ef0da4f6d213","96528dbb-163e-41b7-83e6-267bae609521","00000000-0000-0000-0000-000000000001","2020-10-16T14:45:28.62Z","AOI-552b9630-b106-4fe7-a1fa-97d04a0010ef",SecurityEvent,
"552b9630-b106-4fe7-a1fa-97d04a0010ef","2020-10-16T14:45:27.597Z",OpsManager,,,"wn54026.adi.swedish.org","Microsoft-Windows-Security-Auditing",Security,12810,8,"<EventData xmlns=""http://schemas.microsoft.com/win/2004/08/events/event"">
  <Data Name=""ProcessID"">1916</Data>
  <Data Name=""Application"">\device\harddiskvolume2\windows\system32\dns.exe</Data>
  <Data Name=""Direction"">%%14592</Data>
  <Data Name=""SourceAddress"">10.209.0.33</Data>
  <Data Name=""SourcePort"">53</Data>
  <Data Name=""DestAddress"">10.36.175.87</Data>
  <Data Name=""DestPort"">5307</Data>
  <Data Name=""Protocol"">17</Data>
  <Data Name=""FilterRTID"">68336</Data>
  <Data Name=""LayerName"">%%14610</Data>
  <Data Name=""LayerRTID"">44</Data>
  <Data Name=""RemoteUserID"">S-1-0-0</Data>
  <Data Name=""RemoteMachineID"">S-1-0-0</Data>
</EventData>",5156,"5156 - The Windows Filtering Platform has allowed a connection.",,,,,,,,,,,,,,,,,,null,null,,,,null,,,,,,,,,,,,,,,,,,,,,,,,,,,,null,,,,,,,,,,,,,,,,,,,,null,,,,,,,,,,,null,,,,,,,,,,,,,,,,,,,,,,,,,,,,,,,,,,,,,,,,,,,,,,,,,,,,,,,,,,,,,,,,,,,,,,,,,,,null,,,,,,,,,,,,,,,,,,,,,,,,,,,,,,,,,,,,,,,,,,,,,,,,,"6bb59ece-2f24-4788-98eb-ef0da4f6d213","90fd1890-3937-462a-b95b-480b119a8488","00000000-0000-0000-0000-000000000001","2020-10-16T14:45:28.62Z","AOI-552b9630-b106-4fe7-a1fa-97d04a0010ef",SecurityEvent,
"552b9630-b106-4fe7-a1fa-97d04a0010ef","2020-10-16T14:45:27.597Z",OpsManager,,,"wn54026.adi.swedish.org","Microsoft-Windows-Security-Auditing",Security,12810,8,"<EventData xmlns=""http://schemas.microsoft.com/win/2004/08/events/event"">
  <Data Name=""ProcessID"">1916</Data>
  <Data Name=""Application"">\device\harddiskvolume2\windows\system32\dns.exe</Data>
  <Data Name=""Direction"">%%14592</Data>
  <Data Name=""SourceAddress"">10.209.0.33</Data>
  <Data Name=""SourcePort"">53</Data>
  <Data Name=""DestAddress"">10.36.175.87</Data>
  <Data Name=""DestPort"">5373</Data>
  <Data Name=""Protocol"">17</Data>
  <Data Name=""FilterRTID"">68336</Data>
  <Data Name=""LayerName"">%%14610</Data>
  <Data Name=""LayerRTID"">44</Data>
  <Data Name=""RemoteUserID"">S-1-0-0</Data>
  <Data Name=""RemoteMachineID"">S-1-0-0</Data>
</EventData>",5156,"5156 - The Windows Filtering Platform has allowed a connection.",,,,,,,,,,,,,,,,,,null,null,,,,null,,,,,,,,,,,,,,,,,,,,,,,,,,,,null,,,,,,,,,,,,,,,,,,,,null,,,,,,,,,,,null,,,,,,,,,,,,,,,,,,,,,,,,,,,,,,,,,,,,,,,,,,,,,,,,,,,,,,,,,,,,,,,,,,,,,,,,,,,null,,,,,,,,,,,,,,,,,,,,,,,,,,,,,,,,,,,,,,,,,,,,,,,,,"6bb59ece-2f24-4788-98eb-ef0da4f6d213","a81647d2-2c10-429a-bf33-8715441cdbc5","00000000-0000-0000-0000-000000000001","2020-10-16T14:45:28.62Z","AOI-552b9630-b106-4fe7-a1fa-97d04a0010ef",SecurityEvent,
"552b9630-b106-4fe7-a1fa-97d04a0010ef","2020-10-16T14:45:27.597Z",OpsManager,,,"wn54026.adi.swedish.org","Microsoft-Windows-Security-Auditing",Security,12810,8,"<EventData xmlns=""http://schemas.microsoft.com/win/2004/08/events/event"">
  <Data Name=""ProcessID"">1916</Data>
  <Data Name=""Application"">\device\harddiskvolume2\windows\system32\dns.exe</Data>
  <Data Name=""Direction"">%%14592</Data>
  <Data Name=""SourceAddress"">10.209.0.33</Data>
  <Data Name=""SourcePort"">53</Data>
  <Data Name=""DestAddress"">10.36.175.87</Data>
  <Data Name=""DestPort"">5333</Data>
  <Data Name=""Protocol"">17</Data>
  <Data Name=""FilterRTID"">68336</Data>
  <Data Name=""LayerName"">%%14610</Data>
  <Data Name=""LayerRTID"">44</Data>
  <Data Name=""RemoteUserID"">S-1-0-0</Data>
  <Data Name=""RemoteMachineID"">S-1-0-0</Data>
</EventData>",5156,"5156 - The Windows Filtering Platform has allowed a connection.",,,,,,,,,,,,,,,,,,null,null,,,,null,,,,,,,,,,,,,,,,,,,,,,,,,,,,null,,,,,,,,,,,,,,,,,,,,null,,,,,,,,,,,null,,,,,,,,,,,,,,,,,,,,,,,,,,,,,,,,,,,,,,,,,,,,,,,,,,,,,,,,,,,,,,,,,,,,,,,,,,,null,,,,,,,,,,,,,,,,,,,,,,,,,,,,,,,,,,,,,,,,,,,,,,,,,"6bb59ece-2f24-4788-98eb-ef0da4f6d213","d7240c5c-d35b-4072-939e-e93734e455ac","00000000-0000-0000-0000-000000000001","2020-10-16T14:45:28.62Z","AOI-552b9630-b106-4fe7-a1fa-97d04a0010ef",SecurityEvent,
"552b9630-b106-4fe7-a1fa-97d04a0010ef","2020-10-16T14:45:27.613Z",OpsManager,,,"wn54026.adi.swedish.org","Microsoft-Windows-Security-Auditing",Security,12810,8,"<EventData xmlns=""http://schemas.microsoft.com/win/2004/08/events/event"">
  <Data Name=""ProcessID"">1916</Data>
  <Data Name=""Application"">\device\harddiskvolume2\windows\system32\dns.exe</Data>
  <Data Name=""Direction"">%%14592</Data>
  <Data Name=""SourceAddress"">10.209.0.33</Data>
  <Data Name=""SourcePort"">53</Data>
  <Data Name=""DestAddress"">10.36.175.59</Data>
  <Data Name=""DestPort"">5347</Data>
  <Data Name=""Protocol"">17</Data>
  <Data Name=""FilterRTID"">68336</Data>
  <Data Name=""LayerName"">%%14610</Data>
  <Data Name=""LayerRTID"">44</Data>
  <Data Name=""RemoteUserID"">S-1-0-0</Data>
  <Data Name=""RemoteMachineID"">S-1-0-0</Data>
</EventData>",5156,"5156 - The Windows Filtering Platform has allowed a connection.",,,,,,,,,,,,,,,,,,null,null,,,,null,,,,,,,,,,,,,,,,,,,,,,,,,,,,null,,,,,,,,,,,,,,,,,,,,null,,,,,,,,,,,null,,,,,,,,,,,,,,,,,,,,,,,,,,,,,,,,,,,,,,,,,,,,,,,,,,,,,,,,,,,,,,,,,,,,,,,,,,,null,,,,,,,,,,,,,,,,,,,,,,,,,,,,,,,,,,,,,,,,,,,,,,,,,"6bb59ece-2f24-4788-98eb-ef0da4f6d213","179d6540-3b14-420b-8e3d-73fed4b9655d","00000000-0000-0000-0000-000000000001","2020-10-16T14:45:28.62Z","AOI-552b9630-b106-4fe7-a1fa-97d04a0010ef",SecurityEvent,
"552b9630-b106-4fe7-a1fa-97d04a0010ef","2020-10-16T14:45:27.613Z",OpsManager,,,"wn54026.adi.swedish.org","Microsoft-Windows-Security-Auditing",Security,12810,8,"<EventData xmlns=""http://schemas.microsoft.com/win/2004/08/events/event"">
  <Data Name=""ProcessID"">1916</Data>
  <Data Name=""Application"">\device\harddiskvolume2\windows\system32\dns.exe</Data>
  <Data Name=""Direction"">%%14592</Data>
  <Data Name=""SourceAddress"">10.209.0.33</Data>
  <Data Name=""SourcePort"">53</Data>
  <Data Name=""DestAddress"">10.211.208.64</Data>
  <Data Name=""DestPort"">51879</Data>
  <Data Name=""Protocol"">17</Data>
  <Data Name=""FilterRTID"">68336</Data>
  <Data Name=""LayerName"">%%14610</Data>
  <Data Name=""LayerRTID"">44</Data>
  <Data Name=""RemoteUserID"">S-1-0-0</Data>
  <Data Name=""RemoteMachineID"">S-1-0-0</Data>
</EventData>",5156,"5156 - The Windows Filtering Platform has allowed a connection.",,,,,,,,,,,,,,,,,,null,null,,,,null,,,,,,,,,,,,,,,,,,,,,,,,,,,,null,,,,,,,,,,,,,,,,,,,,null,,,,,,,,,,,null,,,,,,,,,,,,,,,,,,,,,,,,,,,,,,,,,,,,,,,,,,,,,,,,,,,,,,,,,,,,,,,,,,,,,,,,,,,null,,,,,,,,,,,,,,,,,,,,,,,,,,,,,,,,,,,,,,,,,,,,,,,,,"6bb59ece-2f24-4788-98eb-ef0da4f6d213","bbf416c4-56e5-437b-9172-46b598565bce","00000000-0000-0000-0000-000000000001","2020-10-16T14:45:28.62Z","AOI-552b9630-b106-4fe7-a1fa-97d04a0010ef",SecurityEvent,
"552b9630-b106-4fe7-a1fa-97d04a0010ef","2020-10-16T14:45:27.613Z",OpsManager,,,"wn54026.adi.swedish.org","Microsoft-Windows-Security-Auditing",Security,12810,8,"<EventData xmlns=""http://schemas.microsoft.com/win/2004/08/events/event"">
  <Data Name=""ProcessID"">1916</Data>
  <Data Name=""Application"">\device\harddiskvolume2\windows\system32\dns.exe</Data>
  <Data Name=""Direction"">%%14592</Data>
  <Data Name=""SourceAddress"">10.209.0.33</Data>
  <Data Name=""SourcePort"">53</Data>
  <Data Name=""DestAddress"">10.215.36.85</Data>
  <Data Name=""DestPort"">52261</Data>
  <Data Name=""Protocol"">17</Data>
  <Data Name=""FilterRTID"">68336</Data>
  <Data Name=""LayerName"">%%14610</Data>
  <Data Name=""LayerRTID"">44</Data>
  <Data Name=""RemoteUserID"">S-1-0-0</Data>
  <Data Name=""RemoteMachineID"">S-1-0-0</Data>
</EventData>",5156,"5156 - The Windows Filtering Platform has allowed a connection.",,,,,,,,,,,,,,,,,,null,null,,,,null,,,,,,,,,,,,,,,,,,,,,,,,,,,,null,,,,,,,,,,,,,,,,,,,,null,,,,,,,,,,,null,,,,,,,,,,,,,,,,,,,,,,,,,,,,,,,,,,,,,,,,,,,,,,,,,,,,,,,,,,,,,,,,,,,,,,,,,,,null,,,,,,,,,,,,,,,,,,,,,,,,,,,,,,,,,,,,,,,,,,,,,,,,,"6bb59ece-2f24-4788-98eb-ef0da4f6d213","1deaee02-2b6a-420b-a7cd-f404f25d5e6c","00000000-0000-0000-0000-000000000001","2020-10-16T14:45:28.62Z","AOI-552b9630-b106-4fe7-a1fa-97d04a0010ef",SecurityEvent,
"552b9630-b106-4fe7-a1fa-97d04a0010ef","2020-10-16T14:45:27.613Z",OpsManager,,,"wn54026.adi.swedish.org","Microsoft-Windows-Security-Auditing",Security,12810,8,"<EventData xmlns=""http://schemas.microsoft.com/win/2004/08/events/event"">
  <Data Name=""ProcessID"">1916</Data>
  <Data Name=""Application"">\device\harddiskvolume2\windows\system32\dns.exe</Data>
  <Data Name=""Direction"">%%14593</Data>
  <Data Name=""SourceAddress"">10.209.0.33</Data>
  <Data Name=""SourcePort"">58244</Data>
  <Data Name=""DestAddress"">170.220.123.183</Data>
  <Data Name=""DestPort"">53</Data>
  <Data Name=""Protocol"">17</Data>
  <Data Name=""FilterRTID"">70019</Data>
  <Data Name=""LayerName"">%%14611</Data>
  <Data Name=""LayerRTID"">48</Data>
  <Data Name=""RemoteUserID"">S-1-0-0</Data>
  <Data Name=""RemoteMachineID"">S-1-0-0</Data>
</EventData>",5156,"5156 - The Windows Filtering Platform has allowed a connection.",,,,,,,,,,,,,,,,,,null,null,,,,null,,,,,,,,,,,,,,,,,,,,,,,,,,,,null,,,,,,,,,,,,,,,,,,,,null,,,,,,,,,,,null,,,,,,,,,,,,,,,,,,,,,,,,,,,,,,,,,,,,,,,,,,,,,,,,,,,,,,,,,,,,,,,,,,,,,,,,,,,null,,,,,,,,,,,,,,,,,,,,,,,,,,,,,,,,,,,,,,,,,,,,,,,,,"6bb59ece-2f24-4788-98eb-ef0da4f6d213","3c1eec11-4afd-4bb2-afa4-30f72062f626","00000000-0000-0000-0000-000000000001","2020-10-16T14:45:28.62Z","AOI-552b9630-b106-4fe7-a1fa-97d04a0010ef",SecurityEvent,
"552b9630-b106-4fe7-a1fa-97d04a0010ef","2020-10-16T14:45:27.63Z",OpsManager,,,"wn54026.adi.swedish.org","Microsoft-Windows-Security-Auditing",Security,12810,8,"<EventData xmlns=""http://schemas.microsoft.com/win/2004/08/events/event"">
  <Data Name=""ProcessID"">1916</Data>
  <Data Name=""Application"">\device\harddiskvolume2\windows\system32\dns.exe</Data>
  <Data Name=""Direction"">%%14592</Data>
  <Data Name=""SourceAddress"">10.209.0.33</Data>
  <Data Name=""SourcePort"">53</Data>
  <Data Name=""DestAddress"">10.213.140.37</Data>
  <Data Name=""DestPort"">10674</Data>
  <Data Name=""Protocol"">17</Data>
  <Data Name=""FilterRTID"">68336</Data>
  <Data Name=""LayerName"">%%14610</Data>
  <Data Name=""LayerRTID"">44</Data>
  <Data Name=""RemoteUserID"">S-1-0-0</Data>
  <Data Name=""RemoteMachineID"">S-1-0-0</Data>
</EventData>",5156,"5156 - The Windows Filtering Platform has allowed a connection.",,,,,,,,,,,,,,,,,,null,null,,,,null,,,,,,,,,,,,,,,,,,,,,,,,,,,,null,,,,,,,,,,,,,,,,,,,,null,,,,,,,,,,,null,,,,,,,,,,,,,,,,,,,,,,,,,,,,,,,,,,,,,,,,,,,,,,,,,,,,,,,,,,,,,,,,,,,,,,,,,,,null,,,,,,,,,,,,,,,,,,,,,,,,,,,,,,,,,,,,,,,,,,,,,,,,,"6bb59ece-2f24-4788-98eb-ef0da4f6d213","fdadde4a-27b2-46de-87d0-80f02d2981fa","00000000-0000-0000-0000-000000000001","2020-10-16T14:45:28.62Z","AOI-552b9630-b106-4fe7-a1fa-97d04a0010ef",SecurityEvent,
"552b9630-b106-4fe7-a1fa-97d04a0010ef","2020-10-16T14:45:27.63Z",OpsManager,,,"wn54026.adi.swedish.org","Microsoft-Windows-Security-Auditing",Security,12810,8,"<EventData xmlns=""http://schemas.microsoft.com/win/2004/08/events/event"">
  <Data Name=""ProcessID"">1916</Data>
  <Data Name=""Application"">\device\harddiskvolume2\windows\system32\dns.exe</Data>
  <Data Name=""Direction"">%%14592</Data>
  <Data Name=""SourceAddress"">10.209.0.33</Data>
  <Data Name=""SourcePort"">53</Data>
  <Data Name=""DestAddress"">10.213.140.37</Data>
  <Data Name=""DestPort"">64292</Data>
  <Data Name=""Protocol"">17</Data>
  <Data Name=""FilterRTID"">68336</Data>
  <Data Name=""LayerName"">%%14610</Data>
  <Data Name=""LayerRTID"">44</Data>
  <Data Name=""RemoteUserID"">S-1-0-0</Data>
  <Data Name=""RemoteMachineID"">S-1-0-0</Data>
</EventData>",5156,"5156 - The Windows Filtering Platform has allowed a connection.",,,,,,,,,,,,,,,,,,null,null,,,,null,,,,,,,,,,,,,,,,,,,,,,,,,,,,null,,,,,,,,,,,,,,,,,,,,null,,,,,,,,,,,null,,,,,,,,,,,,,,,,,,,,,,,,,,,,,,,,,,,,,,,,,,,,,,,,,,,,,,,,,,,,,,,,,,,,,,,,,,,null,,,,,,,,,,,,,,,,,,,,,,,,,,,,,,,,,,,,,,,,,,,,,,,,,"6bb59ece-2f24-4788-98eb-ef0da4f6d213","67dfa866-7344-45c6-b69c-114474a2fb80","00000000-0000-0000-0000-000000000001","2020-10-16T14:45:28.62Z","AOI-552b9630-b106-4fe7-a1fa-97d04a0010ef",SecurityEvent,
"552b9630-b106-4fe7-a1fa-97d04a0010ef","2020-10-16T14:45:27.63Z",OpsManager,,,"wn54026.adi.swedish.org","Microsoft-Windows-Security-Auditing",Security,12810,8,"<EventData xmlns=""http://schemas.microsoft.com/win/2004/08/events/event"">
  <Data Name=""ProcessID"">1916</Data>
  <Data Name=""Application"">\device\harddiskvolume2\windows\system32\dns.exe</Data>
  <Data Name=""Direction"">%%14592</Data>
  <Data Name=""SourceAddress"">10.209.0.33</Data>
  <Data Name=""SourcePort"">53</Data>
  <Data Name=""DestAddress"">10.211.208.64</Data>
  <Data Name=""DestPort"">59290</Data>
  <Data Name=""Protocol"">17</Data>
  <Data Name=""FilterRTID"">68336</Data>
  <Data Name=""LayerName"">%%14610</Data>
  <Data Name=""LayerRTID"">44</Data>
  <Data Name=""RemoteUserID"">S-1-0-0</Data>
  <Data Name=""RemoteMachineID"">S-1-0-0</Data>
</EventData>",5156,"5156 - The Windows Filtering Platform has allowed a connection.",,,,,,,,,,,,,,,,,,null,null,,,,null,,,,,,,,,,,,,,,,,,,,,,,,,,,,null,,,,,,,,,,,,,,,,,,,,null,,,,,,,,,,,null,,,,,,,,,,,,,,,,,,,,,,,,,,,,,,,,,,,,,,,,,,,,,,,,,,,,,,,,,,,,,,,,,,,,,,,,,,,null,,,,,,,,,,,,,,,,,,,,,,,,,,,,,,,,,,,,,,,,,,,,,,,,,"6bb59ece-2f24-4788-98eb-ef0da4f6d213","a86be2a2-5c06-44cb-94d4-db1e9b161fff","00000000-0000-0000-0000-000000000001","2020-10-16T14:45:28.62Z","AOI-552b9630-b106-4fe7-a1fa-97d04a0010ef",SecurityEvent,
"552b9630-b106-4fe7-a1fa-97d04a0010ef","2020-10-16T14:45:27.63Z",OpsManager,,,"wn54026.adi.swedish.org","Microsoft-Windows-Security-Auditing",Security,12810,8,"<EventData xmlns=""http://schemas.microsoft.com/win/2004/08/events/event"">
  <Data Name=""ProcessID"">1916</Data>
  <Data Name=""Application"">\device\harddiskvolume2\windows\system32\dns.exe</Data>
  <Data Name=""Direction"">%%14592</Data>
  <Data Name=""SourceAddress"">10.209.0.33</Data>
  <Data Name=""SourcePort"">53</Data>
  <Data Name=""DestAddress"">10.36.175.87</Data>
  <Data Name=""DestPort"">5388</Data>
  <Data Name=""Protocol"">17</Data>
  <Data Name=""FilterRTID"">68336</Data>
  <Data Name=""LayerName"">%%14610</Data>
  <Data Name=""LayerRTID"">44</Data>
  <Data Name=""RemoteUserID"">S-1-0-0</Data>
  <Data Name=""RemoteMachineID"">S-1-0-0</Data>
</EventData>",5156,"5156 - The Windows Filtering Platform has allowed a connection.",,,,,,,,,,,,,,,,,,null,null,,,,null,,,,,,,,,,,,,,,,,,,,,,,,,,,,null,,,,,,,,,,,,,,,,,,,,null,,,,,,,,,,,null,,,,,,,,,,,,,,,,,,,,,,,,,,,,,,,,,,,,,,,,,,,,,,,,,,,,,,,,,,,,,,,,,,,,,,,,,,,null,,,,,,,,,,,,,,,,,,,,,,,,,,,,,,,,,,,,,,,,,,,,,,,,,"6bb59ece-2f24-4788-98eb-ef0da4f6d213","e701d0d4-82ca-4130-9e5b-a0b80004d4cd","00000000-0000-0000-0000-000000000001","2020-10-16T14:45:28.62Z","AOI-552b9630-b106-4fe7-a1fa-97d04a0010ef",SecurityEvent,
"552b9630-b106-4fe7-a1fa-97d04a0010ef","2020-10-16T14:45:27.647Z",OpsManager,,,"wn54026.adi.swedish.org","Microsoft-Windows-Security-Auditing",Security,12810,8,"<EventData xmlns=""http://schemas.microsoft.com/win/2004/08/events/event"">
  <Data Name=""ProcessID"">1916</Data>
  <Data Name=""Application"">\device\harddiskvolume2\windows\system32\dns.exe</Data>
  <Data Name=""Direction"">%%14592</Data>
  <Data Name=""SourceAddress"">10.209.0.33</Data>
  <Data Name=""SourcePort"">53</Data>
  <Data Name=""DestAddress"">10.213.68.17</Data>
  <Data Name=""DestPort"">51528</Data>
  <Data Name=""Protocol"">17</Data>
  <Data Name=""FilterRTID"">68336</Data>
  <Data Name=""LayerName"">%%14610</Data>
  <Data Name=""LayerRTID"">44</Data>
  <Data Name=""RemoteUserID"">S-1-0-0</Data>
  <Data Name=""RemoteMachineID"">S-1-0-0</Data>
</EventData>",5156,"5156 - The Windows Filtering Platform has allowed a connection.",,,,,,,,,,,,,,,,,,null,null,,,,null,,,,,,,,,,,,,,,,,,,,,,,,,,,,null,,,,,,,,,,,,,,,,,,,,null,,,,,,,,,,,null,,,,,,,,,,,,,,,,,,,,,,,,,,,,,,,,,,,,,,,,,,,,,,,,,,,,,,,,,,,,,,,,,,,,,,,,,,,null,,,,,,,,,,,,,,,,,,,,,,,,,,,,,,,,,,,,,,,,,,,,,,,,,"6bb59ece-2f24-4788-98eb-ef0da4f6d213","57cba75d-e76e-4cca-bafd-a08960a0eab7","00000000-0000-0000-0000-000000000001","2020-10-16T14:45:28.62Z","AOI-552b9630-b106-4fe7-a1fa-97d04a0010ef",SecurityEvent,
"552b9630-b106-4fe7-a1fa-97d04a0010ef","2020-10-16T14:45:27.647Z",OpsManager,,,"wn54026.adi.swedish.org","Microsoft-Windows-Security-Auditing",Security,12810,8,"<EventData xmlns=""http://schemas.microsoft.com/win/2004/08/events/event"">
  <Data Name=""ProcessID"">1916</Data>
  <Data Name=""Application"">\device\harddiskvolume2\windows\system32\dns.exe</Data>
  <Data Name=""Direction"">%%14592</Data>
  <Data Name=""SourceAddress"">10.209.0.33</Data>
  <Data Name=""SourcePort"">53</Data>
  <Data Name=""DestAddress"">10.221.61.15</Data>
  <Data Name=""DestPort"">52423</Data>
  <Data Name=""Protocol"">17</Data>
  <Data Name=""FilterRTID"">68336</Data>
  <Data Name=""LayerName"">%%14610</Data>
  <Data Name=""LayerRTID"">44</Data>
  <Data Name=""RemoteUserID"">S-1-0-0</Data>
  <Data Name=""RemoteMachineID"">S-1-0-0</Data>
</EventData>",5156,"5156 - The Windows Filtering Platform has allowed a connection.",,,,,,,,,,,,,,,,,,null,null,,,,null,,,,,,,,,,,,,,,,,,,,,,,,,,,,null,,,,,,,,,,,,,,,,,,,,null,,,,,,,,,,,null,,,,,,,,,,,,,,,,,,,,,,,,,,,,,,,,,,,,,,,,,,,,,,,,,,,,,,,,,,,,,,,,,,,,,,,,,,,null,,,,,,,,,,,,,,,,,,,,,,,,,,,,,,,,,,,,,,,,,,,,,,,,,"6bb59ece-2f24-4788-98eb-ef0da4f6d213","3a69d9a6-15b4-4eb0-aae6-6676ccca7ff6","00000000-0000-0000-0000-000000000001","2020-10-16T14:45:28.62Z","AOI-552b9630-b106-4fe7-a1fa-97d04a0010ef",SecurityEvent,
"552b9630-b106-4fe7-a1fa-97d04a0010ef","2020-10-16T14:45:27.647Z",OpsManager,,,"wn54026.adi.swedish.org","Microsoft-Windows-Security-Auditing",Security,12810,8,"<EventData xmlns=""http://schemas.microsoft.com/win/2004/08/events/event"">
  <Data Name=""ProcessID"">1916</Data>
  <Data Name=""Application"">\device\harddiskvolume2\windows\system32\dns.exe</Data>
  <Data Name=""Direction"">%%14593</Data>
  <Data Name=""SourceAddress"">10.209.0.33</Data>
  <Data Name=""SourcePort"">56877</Data>
  <Data Name=""DestAddress"">170.173.166.32</Data>
  <Data Name=""DestPort"">53</Data>
  <Data Name=""Protocol"">17</Data>
  <Data Name=""FilterRTID"">70019</Data>
  <Data Name=""LayerName"">%%14611</Data>
  <Data Name=""LayerRTID"">48</Data>
  <Data Name=""RemoteUserID"">S-1-0-0</Data>
  <Data Name=""RemoteMachineID"">S-1-0-0</Data>
</EventData>",5156,"5156 - The Windows Filtering Platform has allowed a connection.",,,,,,,,,,,,,,,,,,null,null,,,,null,,,,,,,,,,,,,,,,,,,,,,,,,,,,null,,,,,,,,,,,,,,,,,,,,null,,,,,,,,,,,null,,,,,,,,,,,,,,,,,,,,,,,,,,,,,,,,,,,,,,,,,,,,,,,,,,,,,,,,,,,,,,,,,,,,,,,,,,,null,,,,,,,,,,,,,,,,,,,,,,,,,,,,,,,,,,,,,,,,,,,,,,,,,"6bb59ece-2f24-4788-98eb-ef0da4f6d213","93fcfe13-2312-4d97-beaf-d2b6229ae359","00000000-0000-0000-0000-000000000001","2020-10-16T14:45:28.62Z","AOI-552b9630-b106-4fe7-a1fa-97d04a0010ef",SecurityEvent,
"552b9630-b106-4fe7-a1fa-97d04a0010ef","2020-10-16T14:45:27.66Z",OpsManager,,,"wn54026.adi.swedish.org","Microsoft-Windows-Security-Auditing",Security,12810,8,"<EventData xmlns=""http://schemas.microsoft.com/win/2004/08/events/event"">
  <Data Name=""ProcessID"">1916</Data>
  <Data Name=""Application"">\device\harddiskvolume2\windows\system32\dns.exe</Data>
  <Data Name=""Direction"">%%14592</Data>
  <Data Name=""SourceAddress"">10.209.0.33</Data>
  <Data Name=""SourcePort"">53</Data>
  <Data Name=""DestAddress"">10.211.208.64</Data>
  <Data Name=""DestPort"">55091</Data>
  <Data Name=""Protocol"">17</Data>
  <Data Name=""FilterRTID"">68336</Data>
  <Data Name=""LayerName"">%%14610</Data>
  <Data Name=""LayerRTID"">44</Data>
  <Data Name=""RemoteUserID"">S-1-0-0</Data>
  <Data Name=""RemoteMachineID"">S-1-0-0</Data>
</EventData>",5156,"5156 - The Windows Filtering Platform has allowed a connection.",,,,,,,,,,,,,,,,,,null,null,,,,null,,,,,,,,,,,,,,,,,,,,,,,,,,,,null,,,,,,,,,,,,,,,,,,,,null,,,,,,,,,,,null,,,,,,,,,,,,,,,,,,,,,,,,,,,,,,,,,,,,,,,,,,,,,,,,,,,,,,,,,,,,,,,,,,,,,,,,,,,null,,,,,,,,,,,,,,,,,,,,,,,,,,,,,,,,,,,,,,,,,,,,,,,,,"6bb59ece-2f24-4788-98eb-ef0da4f6d213","021931a5-bb1a-4eaa-bd6c-6ad21da0c0d1","00000000-0000-0000-0000-000000000001","2020-10-16T14:45:28.62Z","AOI-552b9630-b106-4fe7-a1fa-97d04a0010ef",SecurityEvent,
"552b9630-b106-4fe7-a1fa-97d04a0010ef","2020-10-16T14:45:27.66Z",OpsManager,,,"wn54026.adi.swedish.org","Microsoft-Windows-Security-Auditing",Security,12810,8,"<EventData xmlns=""http://schemas.microsoft.com/win/2004/08/events/event"">
  <Data Name=""ProcessID"">1916</Data>
  <Data Name=""Application"">\device\harddiskvolume2\windows\system32\dns.exe</Data>
  <Data Name=""Direction"">%%14593</Data>
  <Data Name=""SourceAddress"">10.209.0.33</Data>
  <Data Name=""SourcePort"">57749</Data>
  <Data Name=""DestAddress"">170.173.166.32</Data>
  <Data Name=""DestPort"">53</Data>
  <Data Name=""Protocol"">17</Data>
  <Data Name=""FilterRTID"">70019</Data>
  <Data Name=""LayerName"">%%14611</Data>
  <Data Name=""LayerRTID"">48</Data>
  <Data Name=""RemoteUserID"">S-1-0-0</Data>
  <Data Name=""RemoteMachineID"">S-1-0-0</Data>
</EventData>",5156,"5156 - The Windows Filtering Platform has allowed a connection.",,,,,,,,,,,,,,,,,,null,null,,,,null,,,,,,,,,,,,,,,,,,,,,,,,,,,,null,,,,,,,,,,,,,,,,,,,,null,,,,,,,,,,,null,,,,,,,,,,,,,,,,,,,,,,,,,,,,,,,,,,,,,,,,,,,,,,,,,,,,,,,,,,,,,,,,,,,,,,,,,,,null,,,,,,,,,,,,,,,,,,,,,,,,,,,,,,,,,,,,,,,,,,,,,,,,,"6bb59ece-2f24-4788-98eb-ef0da4f6d213","9862cdae-4947-4f51-a618-149ad6312487","00000000-0000-0000-0000-000000000001","2020-10-16T14:45:28.62Z","AOI-552b9630-b106-4fe7-a1fa-97d04a0010ef",SecurityEvent,
"552b9630-b106-4fe7-a1fa-97d04a0010ef","2020-10-16T14:45:27.66Z",OpsManager,,,"wn54026.adi.swedish.org","Microsoft-Windows-Security-Auditing",Security,12810,8,"<EventData xmlns=""http://schemas.microsoft.com/win/2004/08/events/event"">
  <Data Name=""ProcessID"">1916</Data>
  <Data Name=""Application"">\device\harddiskvolume2\windows\system32\dns.exe</Data>
  <Data Name=""Direction"">%%14592</Data>
  <Data Name=""SourceAddress"">10.209.0.33</Data>
  <Data Name=""SourcePort"">53</Data>
  <Data Name=""DestAddress"">10.221.63.28</Data>
  <Data Name=""DestPort"">2324</Data>
  <Data Name=""Protocol"">17</Data>
  <Data Name=""FilterRTID"">68336</Data>
  <Data Name=""LayerName"">%%14610</Data>
  <Data Name=""LayerRTID"">44</Data>
  <Data Name=""RemoteUserID"">S-1-0-0</Data>
  <Data Name=""RemoteMachineID"">S-1-0-0</Data>
</EventData>",5156,"5156 - The Windows Filtering Platform has allowed a connection.",,,,,,,,,,,,,,,,,,null,null,,,,null,,,,,,,,,,,,,,,,,,,,,,,,,,,,null,,,,,,,,,,,,,,,,,,,,null,,,,,,,,,,,null,,,,,,,,,,,,,,,,,,,,,,,,,,,,,,,,,,,,,,,,,,,,,,,,,,,,,,,,,,,,,,,,,,,,,,,,,,,null,,,,,,,,,,,,,,,,,,,,,,,,,,,,,,,,,,,,,,,,,,,,,,,,,"6bb59ece-2f24-4788-98eb-ef0da4f6d213","5d8632e9-2a78-4fe8-91ec-be49eef0fab8","00000000-0000-0000-0000-000000000001","2020-10-16T14:45:28.62Z","AOI-552b9630-b106-4fe7-a1fa-97d04a0010ef",SecurityEvent,
"552b9630-b106-4fe7-a1fa-97d04a0010ef","2020-10-16T14:45:27.66Z",OpsManager,,,"wn54026.adi.swedish.org","Microsoft-Windows-Security-Auditing",Security,12810,8,"<EventData xmlns=""http://schemas.microsoft.com/win/2004/08/events/event"">
  <Data Name=""ProcessID"">1916</Data>
  <Data Name=""Application"">\device\harddiskvolume2\windows\system32\dns.exe</Data>
  <Data Name=""Direction"">%%14592</Data>
  <Data Name=""SourceAddress"">10.209.0.33</Data>
  <Data Name=""SourcePort"">53</Data>
  <Data Name=""DestAddress"">10.221.63.28</Data>
  <Data Name=""DestPort"">13029</Data>
  <Data Name=""Protocol"">17</Data>
  <Data Name=""FilterRTID"">68336</Data>
  <Data Name=""LayerName"">%%14610</Data>
  <Data Name=""LayerRTID"">44</Data>
  <Data Name=""RemoteUserID"">S-1-0-0</Data>
  <Data Name=""RemoteMachineID"">S-1-0-0</Data>
</EventData>",5156,"5156 - The Windows Filtering Platform has allowed a connection.",,,,,,,,,,,,,,,,,,null,null,,,,null,,,,,,,,,,,,,,,,,,,,,,,,,,,,null,,,,,,,,,,,,,,,,,,,,null,,,,,,,,,,,null,,,,,,,,,,,,,,,,,,,,,,,,,,,,,,,,,,,,,,,,,,,,,,,,,,,,,,,,,,,,,,,,,,,,,,,,,,,null,,,,,,,,,,,,,,,,,,,,,,,,,,,,,,,,,,,,,,,,,,,,,,,,,"6bb59ece-2f24-4788-98eb-ef0da4f6d213","4b716519-3cbc-475b-8594-157c2e9aef37","00000000-0000-0000-0000-000000000001","2020-10-16T14:45:28.62Z","AOI-552b9630-b106-4fe7-a1fa-97d04a0010ef",SecurityEvent,
"552b9630-b106-4fe7-a1fa-97d04a0010ef","2020-10-16T14:45:27.677Z",OpsManager,,,"wn54026.adi.swedish.org","Microsoft-Windows-Security-Auditing",Security,12810,8,"<EventData xmlns=""http://schemas.microsoft.com/win/2004/08/events/event"">
  <Data Name=""ProcessID"">1916</Data>
  <Data Name=""Application"">\device\harddiskvolume2\windows\system32\dns.exe</Data>
  <Data Name=""Direction"">%%14592</Data>
  <Data Name=""SourceAddress"">10.209.0.33</Data>
  <Data Name=""SourcePort"">53</Data>
  <Data Name=""DestAddress"">10.217.164.40</Data>
  <Data Name=""DestPort"">54947</Data>
  <Data Name=""Protocol"">17</Data>
  <Data Name=""FilterRTID"">68336</Data>
  <Data Name=""LayerName"">%%14610</Data>
  <Data Name=""LayerRTID"">44</Data>
  <Data Name=""RemoteUserID"">S-1-0-0</Data>
  <Data Name=""RemoteMachineID"">S-1-0-0</Data>
</EventData>",5156,"5156 - The Windows Filtering Platform has allowed a connection.",,,,,,,,,,,,,,,,,,null,null,,,,null,,,,,,,,,,,,,,,,,,,,,,,,,,,,null,,,,,,,,,,,,,,,,,,,,null,,,,,,,,,,,null,,,,,,,,,,,,,,,,,,,,,,,,,,,,,,,,,,,,,,,,,,,,,,,,,,,,,,,,,,,,,,,,,,,,,,,,,,,null,,,,,,,,,,,,,,,,,,,,,,,,,,,,,,,,,,,,,,,,,,,,,,,,,"6bb59ece-2f24-4788-98eb-ef0da4f6d213","fcce069e-215a-44f6-9c9f-561327a55504","00000000-0000-0000-0000-000000000001","2020-10-16T14:45:28.62Z","AOI-552b9630-b106-4fe7-a1fa-97d04a0010ef",SecurityEvent,
"552b9630-b106-4fe7-a1fa-97d04a0010ef","2020-10-16T14:45:27.677Z",OpsManager,,,"wn54026.adi.swedish.org","Microsoft-Windows-Security-Auditing",Security,12810,8,"<EventData xmlns=""http://schemas.microsoft.com/win/2004/08/events/event"">
  <Data Name=""ProcessID"">1916</Data>
  <Data Name=""Application"">\device\harddiskvolume2\windows\system32\dns.exe</Data>
  <Data Name=""Direction"">%%14593</Data>
  <Data Name=""SourceAddress"">10.209.0.33</Data>
  <Data Name=""SourcePort"">58867</Data>
  <Data Name=""DestAddress"">170.220.123.183</Data>
  <Data Name=""DestPort"">53</Data>
  <Data Name=""Protocol"">17</Data>
  <Data Name=""FilterRTID"">70019</Data>
  <Data Name=""LayerName"">%%14611</Data>
  <Data Name=""LayerRTID"">48</Data>
  <Data Name=""RemoteUserID"">S-1-0-0</Data>
  <Data Name=""RemoteMachineID"">S-1-0-0</Data>
</EventData>",5156,"5156 - The Windows Filtering Platform has allowed a connection.",,,,,,,,,,,,,,,,,,null,null,,,,null,,,,,,,,,,,,,,,,,,,,,,,,,,,,null,,,,,,,,,,,,,,,,,,,,null,,,,,,,,,,,null,,,,,,,,,,,,,,,,,,,,,,,,,,,,,,,,,,,,,,,,,,,,,,,,,,,,,,,,,,,,,,,,,,,,,,,,,,,null,,,,,,,,,,,,,,,,,,,,,,,,,,,,,,,,,,,,,,,,,,,,,,,,,"6bb59ece-2f24-4788-98eb-ef0da4f6d213","a8bb4b51-b2f6-4738-9bec-5e175c1f5da6","00000000-0000-0000-0000-000000000001","2020-10-16T14:45:28.62Z","AOI-552b9630-b106-4fe7-a1fa-97d04a0010ef",SecurityEvent,
"552b9630-b106-4fe7-a1fa-97d04a0010ef","2020-10-16T14:45:27.677Z",OpsManager,,,"wn54026.adi.swedish.org","Microsoft-Windows-Security-Auditing",Security,12810,8,"<EventData xmlns=""http://schemas.microsoft.com/win/2004/08/events/event"">
  <Data Name=""ProcessID"">1916</Data>
  <Data Name=""Application"">\device\harddiskvolume2\windows\system32\dns.exe</Data>
  <Data Name=""Direction"">%%14592</Data>
  <Data Name=""SourceAddress"">10.209.0.33</Data>
  <Data Name=""SourcePort"">53</Data>
  <Data Name=""DestAddress"">10.221.61.15</Data>
  <Data Name=""DestPort"">59693</Data>
  <Data Name=""Protocol"">17</Data>
  <Data Name=""FilterRTID"">68336</Data>
  <Data Name=""LayerName"">%%14610</Data>
  <Data Name=""LayerRTID"">44</Data>
  <Data Name=""RemoteUserID"">S-1-0-0</Data>
  <Data Name=""RemoteMachineID"">S-1-0-0</Data>
</EventData>",5156,"5156 - The Windows Filtering Platform has allowed a connection.",,,,,,,,,,,,,,,,,,null,null,,,,null,,,,,,,,,,,,,,,,,,,,,,,,,,,,null,,,,,,,,,,,,,,,,,,,,null,,,,,,,,,,,null,,,,,,,,,,,,,,,,,,,,,,,,,,,,,,,,,,,,,,,,,,,,,,,,,,,,,,,,,,,,,,,,,,,,,,,,,,,null,,,,,,,,,,,,,,,,,,,,,,,,,,,,,,,,,,,,,,,,,,,,,,,,,"6bb59ece-2f24-4788-98eb-ef0da4f6d213","07bfb0b4-696a-4fef-97d1-e07bd35acacc","00000000-0000-0000-0000-000000000001","2020-10-16T14:45:28.62Z","AOI-552b9630-b106-4fe7-a1fa-97d04a0010ef",SecurityEvent,
"552b9630-b106-4fe7-a1fa-97d04a0010ef","2020-10-16T14:45:27.693Z",OpsManager,,,"wn54026.adi.swedish.org","Microsoft-Windows-Security-Auditing",Security,12810,8,"<EventData xmlns=""http://schemas.microsoft.com/win/2004/08/events/event"">
  <Data Name=""ProcessID"">1916</Data>
  <Data Name=""Application"">\device\harddiskvolume2\windows\system32\dns.exe</Data>
  <Data Name=""Direction"">%%14592</Data>
  <Data Name=""SourceAddress"">10.209.0.33</Data>
  <Data Name=""SourcePort"">53</Data>
  <Data Name=""DestAddress"">10.36.170.92</Data>
  <Data Name=""DestPort"">5355</Data>
  <Data Name=""Protocol"">17</Data>
  <Data Name=""FilterRTID"">68336</Data>
  <Data Name=""LayerName"">%%14610</Data>
  <Data Name=""LayerRTID"">44</Data>
  <Data Name=""RemoteUserID"">S-1-0-0</Data>
  <Data Name=""RemoteMachineID"">S-1-0-0</Data>
</EventData>",5156,"5156 - The Windows Filtering Platform has allowed a connection.",,,,,,,,,,,,,,,,,,null,null,,,,null,,,,,,,,,,,,,,,,,,,,,,,,,,,,null,,,,,,,,,,,,,,,,,,,,null,,,,,,,,,,,null,,,,,,,,,,,,,,,,,,,,,,,,,,,,,,,,,,,,,,,,,,,,,,,,,,,,,,,,,,,,,,,,,,,,,,,,,,,null,,,,,,,,,,,,,,,,,,,,,,,,,,,,,,,,,,,,,,,,,,,,,,,,,"6bb59ece-2f24-4788-98eb-ef0da4f6d213","b79c036d-5846-42d1-ab73-d26ecb10b18f","00000000-0000-0000-0000-000000000001","2020-10-16T14:45:28.62Z","AOI-552b9630-b106-4fe7-a1fa-97d04a0010ef",SecurityEvent,
"552b9630-b106-4fe7-a1fa-97d04a0010ef","2020-10-16T14:45:27.693Z",OpsManager,,,"wn54026.adi.swedish.org","Microsoft-Windows-Security-Auditing",Security,12810,8,"<EventData xmlns=""http://schemas.microsoft.com/win/2004/08/events/event"">
  <Data Name=""ProcessID"">684</Data>
  <Data Name=""Application"">\device\harddiskvolume2\windows\system32\lsass.exe</Data>
  <Data Name=""Direction"">%%14592</Data>
  <Data Name=""SourceAddress"">10.209.0.33</Data>
  <Data Name=""SourcePort"">636</Data>
  <Data Name=""DestAddress"">170.173.238.135</Data>
  <Data Name=""DestPort"">58325</Data>
  <Data Name=""Protocol"">6</Data>
  <Data Name=""FilterRTID"">68336</Data>
  <Data Name=""LayerName"">%%14610</Data>
  <Data Name=""LayerRTID"">44</Data>
  <Data Name=""RemoteUserID"">S-1-0-0</Data>
  <Data Name=""RemoteMachineID"">S-1-0-0</Data>
</EventData>",5156,"5156 - The Windows Filtering Platform has allowed a connection.",,,,,,,,,,,,,,,,,,null,null,,,,null,,,,,,,,,,,,,,,,,,,,,,,,,,,,null,,,,,,,,,,,,,,,,,,,,null,,,,,,,,,,,null,,,,,,,,,,,,,,,,,,,,,,,,,,,,,,,,,,,,,,,,,,,,,,,,,,,,,,,,,,,,,,,,,,,,,,,,,,,null,,,,,,,,,,,,,,,,,,,,,,,,,,,,,,,,,,,,,,,,,,,,,,,,,"6bb59ece-2f24-4788-98eb-ef0da4f6d213","b73a4929-4306-45a6-9a54-e3625fe02ee5","00000000-0000-0000-0000-000000000001","2020-10-16T14:45:28.62Z","AOI-552b9630-b106-4fe7-a1fa-97d04a0010ef",SecurityEvent,
"552b9630-b106-4fe7-a1fa-97d04a0010ef","2020-10-16T14:45:27.693Z",OpsManager,,,"wn54026.adi.swedish.org","Microsoft-Windows-Security-Auditing",Security,12810,8,"<EventData xmlns=""http://schemas.microsoft.com/win/2004/08/events/event"">
  <Data Name=""ProcessID"">1916</Data>
  <Data Name=""Application"">\device\harddiskvolume2\windows\system32\dns.exe</Data>
  <Data Name=""Direction"">%%14592</Data>
  <Data Name=""SourceAddress"">10.209.0.33</Data>
  <Data Name=""SourcePort"">53</Data>
  <Data Name=""DestAddress"">10.221.61.15</Data>
  <Data Name=""DestPort"">51456</Data>
  <Data Name=""Protocol"">17</Data>
  <Data Name=""FilterRTID"">68336</Data>
  <Data Name=""LayerName"">%%14610</Data>
  <Data Name=""LayerRTID"">44</Data>
  <Data Name=""RemoteUserID"">S-1-0-0</Data>
  <Data Name=""RemoteMachineID"">S-1-0-0</Data>
</EventData>",5156,"5156 - The Windows Filtering Platform has allowed a connection.",,,,,,,,,,,,,,,,,,null,null,,,,null,,,,,,,,,,,,,,,,,,,,,,,,,,,,null,,,,,,,,,,,,,,,,,,,,null,,,,,,,,,,,null,,,,,,,,,,,,,,,,,,,,,,,,,,,,,,,,,,,,,,,,,,,,,,,,,,,,,,,,,,,,,,,,,,,,,,,,,,,null,,,,,,,,,,,,,,,,,,,,,,,,,,,,,,,,,,,,,,,,,,,,,,,,,"6bb59ece-2f24-4788-98eb-ef0da4f6d213","332fd1cc-1dd2-45ca-9531-668c1d282a6f","00000000-0000-0000-0000-000000000001","2020-10-16T14:45:28.62Z","AOI-552b9630-b106-4fe7-a1fa-97d04a0010ef",SecurityEvent,
"552b9630-b106-4fe7-a1fa-97d04a0010ef","2020-10-16T14:45:27.693Z",OpsManager,,,"wn54026.adi.swedish.org","Microsoft-Windows-Security-Auditing",Security,12810,8,"<EventData xmlns=""http://schemas.microsoft.com/win/2004/08/events/event"">
  <Data Name=""ProcessID"">1916</Data>
  <Data Name=""Application"">\device\harddiskvolume2\windows\system32\dns.exe</Data>
  <Data Name=""Direction"">%%14593</Data>
  <Data Name=""SourceAddress"">10.209.0.33</Data>
  <Data Name=""SourcePort"">57109</Data>
  <Data Name=""DestAddress"">170.173.166.32</Data>
  <Data Name=""DestPort"">53</Data>
  <Data Name=""Protocol"">17</Data>
  <Data Name=""FilterRTID"">70019</Data>
  <Data Name=""LayerName"">%%14611</Data>
  <Data Name=""LayerRTID"">48</Data>
  <Data Name=""RemoteUserID"">S-1-0-0</Data>
  <Data Name=""RemoteMachineID"">S-1-0-0</Data>
</EventData>",5156,"5156 - The Windows Filtering Platform has allowed a connection.",,,,,,,,,,,,,,,,,,null,null,,,,null,,,,,,,,,,,,,,,,,,,,,,,,,,,,null,,,,,,,,,,,,,,,,,,,,null,,,,,,,,,,,null,,,,,,,,,,,,,,,,,,,,,,,,,,,,,,,,,,,,,,,,,,,,,,,,,,,,,,,,,,,,,,,,,,,,,,,,,,,null,,,,,,,,,,,,,,,,,,,,,,,,,,,,,,,,,,,,,,,,,,,,,,,,,"6bb59ece-2f24-4788-98eb-ef0da4f6d213","fe59d5cd-4b66-44ad-9a56-8d8d1542d341","00000000-0000-0000-0000-000000000001","2020-10-16T14:45:28.62Z","AOI-552b9630-b106-4fe7-a1fa-97d04a0010ef",SecurityEvent,
"552b9630-b106-4fe7-a1fa-97d04a0010ef","2020-10-16T14:45:27.723Z",OpsManager,,,"wn54026.adi.swedish.org","Microsoft-Windows-Security-Auditing",Security,12810,8,"<EventData xmlns=""http://schemas.microsoft.com/win/2004/08/events/event"">
  <Data Name=""ProcessID"">1916</Data>
  <Data Name=""Application"">\device\harddiskvolume2\windows\system32\dns.exe</Data>
  <Data Name=""Direction"">%%14592</Data>
  <Data Name=""SourceAddress"">10.209.0.33</Data>
  <Data Name=""SourcePort"">53</Data>
  <Data Name=""DestAddress"">10.215.140.67</Data>
  <Data Name=""DestPort"">60382</Data>
  <Data Name=""Protocol"">17</Data>
  <Data Name=""FilterRTID"">68336</Data>
  <Data Name=""LayerName"">%%14610</Data>
  <Data Name=""LayerRTID"">44</Data>
  <Data Name=""RemoteUserID"">S-1-0-0</Data>
  <Data Name=""RemoteMachineID"">S-1-0-0</Data>
</EventData>",5156,"5156 - The Windows Filtering Platform has allowed a connection.",,,,,,,,,,,,,,,,,,null,null,,,,null,,,,,,,,,,,,,,,,,,,,,,,,,,,,null,,,,,,,,,,,,,,,,,,,,null,,,,,,,,,,,null,,,,,,,,,,,,,,,,,,,,,,,,,,,,,,,,,,,,,,,,,,,,,,,,,,,,,,,,,,,,,,,,,,,,,,,,,,,null,,,,,,,,,,,,,,,,,,,,,,,,,,,,,,,,,,,,,,,,,,,,,,,,,"6bb59ece-2f24-4788-98eb-ef0da4f6d213","5baebee7-0dfd-4929-859e-d217593e33a0","00000000-0000-0000-0000-000000000001","2020-10-16T14:45:28.62Z","AOI-552b9630-b106-4fe7-a1fa-97d04a0010ef",SecurityEvent,
"552b9630-b106-4fe7-a1fa-97d04a0010ef","2020-10-16T14:45:27.723Z",OpsManager,,,"wn54026.adi.swedish.org","Microsoft-Windows-Security-Auditing",Security,12810,8,"<EventData xmlns=""http://schemas.microsoft.com/win/2004/08/events/event"">
  <Data Name=""ProcessID"">1916</Data>
  <Data Name=""Application"">\device\harddiskvolume2\windows\system32\dns.exe</Data>
  <Data Name=""Direction"">%%14593</Data>
  <Data Name=""SourceAddress"">10.209.0.33</Data>
  <Data Name=""SourcePort"">57681</Data>
  <Data Name=""DestAddress"">170.173.166.32</Data>
  <Data Name=""DestPort"">53</Data>
  <Data Name=""Protocol"">17</Data>
  <Data Name=""FilterRTID"">70019</Data>
  <Data Name=""LayerName"">%%14611</Data>
  <Data Name=""LayerRTID"">48</Data>
  <Data Name=""RemoteUserID"">S-1-0-0</Data>
  <Data Name=""RemoteMachineID"">S-1-0-0</Data>
</EventData>",5156,"5156 - The Windows Filtering Platform has allowed a connection.",,,,,,,,,,,,,,,,,,null,null,,,,null,,,,,,,,,,,,,,,,,,,,,,,,,,,,null,,,,,,,,,,,,,,,,,,,,null,,,,,,,,,,,null,,,,,,,,,,,,,,,,,,,,,,,,,,,,,,,,,,,,,,,,,,,,,,,,,,,,,,,,,,,,,,,,,,,,,,,,,,,null,,,,,,,,,,,,,,,,,,,,,,,,,,,,,,,,,,,,,,,,,,,,,,,,,"6bb59ece-2f24-4788-98eb-ef0da4f6d213","d0cc57b9-1516-484d-bcf6-779c2b232336","00000000-0000-0000-0000-000000000001","2020-10-16T14:45:28.62Z","AOI-552b9630-b106-4fe7-a1fa-97d04a0010ef",SecurityEvent,
"552b9630-b106-4fe7-a1fa-97d04a0010ef","2020-10-16T14:45:27.74Z",OpsManager,,,"wn54026.adi.swedish.org","Microsoft-Windows-Security-Auditing",Security,12810,8,"<EventData xmlns=""http://schemas.microsoft.com/win/2004/08/events/event"">
  <Data Name=""ProcessID"">1916</Data>
  <Data Name=""Application"">\device\harddiskvolume2\windows\system32\dns.exe</Data>
  <Data Name=""Direction"">%%14592</Data>
  <Data Name=""SourceAddress"">10.209.0.33</Data>
  <Data Name=""SourcePort"">53</Data>
  <Data Name=""DestAddress"">10.221.112.241</Data>
  <Data Name=""DestPort"">59274</Data>
  <Data Name=""Protocol"">17</Data>
  <Data Name=""FilterRTID"">68336</Data>
  <Data Name=""LayerName"">%%14610</Data>
  <Data Name=""LayerRTID"">44</Data>
  <Data Name=""RemoteUserID"">S-1-0-0</Data>
  <Data Name=""RemoteMachineID"">S-1-0-0</Data>
</EventData>",5156,"5156 - The Windows Filtering Platform has allowed a connection.",,,,,,,,,,,,,,,,,,null,null,,,,null,,,,,,,,,,,,,,,,,,,,,,,,,,,,null,,,,,,,,,,,,,,,,,,,,null,,,,,,,,,,,null,,,,,,,,,,,,,,,,,,,,,,,,,,,,,,,,,,,,,,,,,,,,,,,,,,,,,,,,,,,,,,,,,,,,,,,,,,,null,,,,,,,,,,,,,,,,,,,,,,,,,,,,,,,,,,,,,,,,,,,,,,,,,"6bb59ece-2f24-4788-98eb-ef0da4f6d213","c0ac236d-a4c3-4d27-b799-379996aad6b7","00000000-0000-0000-0000-000000000001","2020-10-16T14:45:28.62Z","AOI-552b9630-b106-4fe7-a1fa-97d04a0010ef",SecurityEvent,
"552b9630-b106-4fe7-a1fa-97d04a0010ef","2020-10-16T14:45:27.74Z",OpsManager,,,"wn54026.adi.swedish.org","Microsoft-Windows-Security-Auditing",Security,12810,8,"<EventData xmlns=""http://schemas.microsoft.com/win/2004/08/events/event"">
  <Data Name=""ProcessID"">1916</Data>
  <Data Name=""Application"">\device\harddiskvolume2\windows\system32\dns.exe</Data>
  <Data Name=""Direction"">%%14592</Data>
  <Data Name=""SourceAddress"">10.209.0.33</Data>
  <Data Name=""SourcePort"">53</Data>
  <Data Name=""DestAddress"">10.221.63.28</Data>
  <Data Name=""DestPort"">29830</Data>
  <Data Name=""Protocol"">17</Data>
  <Data Name=""FilterRTID"">68336</Data>
  <Data Name=""LayerName"">%%14610</Data>
  <Data Name=""LayerRTID"">44</Data>
  <Data Name=""RemoteUserID"">S-1-0-0</Data>
  <Data Name=""RemoteMachineID"">S-1-0-0</Data>
</EventData>",5156,"5156 - The Windows Filtering Platform has allowed a connection.",,,,,,,,,,,,,,,,,,null,null,,,,null,,,,,,,,,,,,,,,,,,,,,,,,,,,,null,,,,,,,,,,,,,,,,,,,,null,,,,,,,,,,,null,,,,,,,,,,,,,,,,,,,,,,,,,,,,,,,,,,,,,,,,,,,,,,,,,,,,,,,,,,,,,,,,,,,,,,,,,,,null,,,,,,,,,,,,,,,,,,,,,,,,,,,,,,,,,,,,,,,,,,,,,,,,,"6bb59ece-2f24-4788-98eb-ef0da4f6d213","073308c9-08c2-409a-8fb3-57c97b4c3f60","00000000-0000-0000-0000-000000000001","2020-10-16T14:45:28.62Z","AOI-552b9630-b106-4fe7-a1fa-97d04a0010ef",SecurityEvent,
"552b9630-b106-4fe7-a1fa-97d04a0010ef","2020-10-16T14:45:27.74Z",OpsManager,,,"wn54026.adi.swedish.org","Microsoft-Windows-Security-Auditing",Security,12810,8,"<EventData xmlns=""http://schemas.microsoft.com/win/2004/08/events/event"">
  <Data Name=""ProcessID"">1916</Data>
  <Data Name=""Application"">\device\harddiskvolume2\windows\system32\dns.exe</Data>
  <Data Name=""Direction"">%%14592</Data>
  <Data Name=""SourceAddress"">10.209.0.33</Data>
  <Data Name=""SourcePort"">53</Data>
  <Data Name=""DestAddress"">10.221.112.241</Data>
  <Data Name=""DestPort"">59275</Data>
  <Data Name=""Protocol"">17</Data>
  <Data Name=""FilterRTID"">68336</Data>
  <Data Name=""LayerName"">%%14610</Data>
  <Data Name=""LayerRTID"">44</Data>
  <Data Name=""RemoteUserID"">S-1-0-0</Data>
  <Data Name=""RemoteMachineID"">S-1-0-0</Data>
</EventData>",5156,"5156 - The Windows Filtering Platform has allowed a connection.",,,,,,,,,,,,,,,,,,null,null,,,,null,,,,,,,,,,,,,,,,,,,,,,,,,,,,null,,,,,,,,,,,,,,,,,,,,null,,,,,,,,,,,null,,,,,,,,,,,,,,,,,,,,,,,,,,,,,,,,,,,,,,,,,,,,,,,,,,,,,,,,,,,,,,,,,,,,,,,,,,,null,,,,,,,,,,,,,,,,,,,,,,,,,,,,,,,,,,,,,,,,,,,,,,,,,"6bb59ece-2f24-4788-98eb-ef0da4f6d213","4e9e2465-d57d-4083-81ff-cf246eac99a6","00000000-0000-0000-0000-000000000001","2020-10-16T14:45:28.62Z","AOI-552b9630-b106-4fe7-a1fa-97d04a0010ef",SecurityEvent,
