"552b9630-b106-4fe7-a1fa-97d04a0010ef","2020-10-16T14:45:14.46Z",OpsManager,,,"CTXWU2P01-LS01.ad.providence.org","Microsoft-Windows-Security-Auditing",Security,12810,8,"<EventData xmlns=""http://schemas.microsoft.com/win/2004/08/events/event"">
  <Data Name=""ProcessId"">1364</Data>
  <Data Name=""Application"">\device\harddiskvolume2\windows\system32\svchost.exe</Data>
  <Data Name=""SourceAddress"">::</Data>
  <Data Name=""SourcePort"">60190</Data>
  <Data Name=""Protocol"">17</Data>
  <Data Name=""FilterRTID"">0</Data>
  <Data Name=""LayerName"">%%14608</Data>
  <Data Name=""LayerRTID"">38</Data>
</EventData>",5158,"5158 - The Windows Filtering Platform has permitted a bind to a local port.",,,,,,,,,,,,,,,,,,null,null,,,,null,,,,,,,,,,,,,,,,,,,,,,,,,,,,null,,,,,,,,,,,,,,,,,,,,null,,,,,,,,,,,null,,,,,,,,,,,,,,,,,,,,,,,,,,,,,,,,,,,,,,,,,,,,,,,,,,,,,,,,,,,,,,,,,,,,,,,,,,,null,,,,,,,,,,,,,,,,,,,,,,,,,,,,,,,,,,,,,,,,,,,,,,,,,"1d5c4674-1024-46b0-9286-296bd21493b1","cd519daf-1204-426c-8011-ddf51d725f7b","00000000-0000-0000-0000-000000000001","2020-10-16T14:45:28.794Z","AOI-552b9630-b106-4fe7-a1fa-97d04a0010ef",SecurityEvent,"/subscriptions/f0aad602-69cd-4b25-93b9-4b4356915367/resourcegroups/infrastructure/providers/microsoft.compute/virtualmachines/ctxwu2p01-ls01"
"552b9630-b106-4fe7-a1fa-97d04a0010ef","2020-10-16T14:45:14.46Z",OpsManager,,,"CTXWU2P01-LS01.ad.providence.org","Microsoft-Windows-Security-Auditing",Security,12810,8,"<EventData xmlns=""http://schemas.microsoft.com/win/2004/08/events/event"">
  <Data Name=""ProcessID"">1364</Data>
  <Data Name=""Application"">\device\harddiskvolume2\windows\system32\svchost.exe</Data>
  <Data Name=""Direction"">%%14593</Data>
  <Data Name=""SourceAddress"">100.100.164.4</Data>
  <Data Name=""SourcePort"">60190</Data>
  <Data Name=""DestAddress"">10.250.22.21</Data>
  <Data Name=""DestPort"">53</Data>
  <Data Name=""Protocol"">17</Data>
  <Data Name=""FilterRTID"">106270</Data>
  <Data Name=""LayerName"">%%14611</Data>
  <Data Name=""LayerRTID"">48</Data>
  <Data Name=""RemoteUserID"">S-1-0-0</Data>
  <Data Name=""RemoteMachineID"">S-1-0-0</Data>
</EventData>",5156,"5156 - The Windows Filtering Platform has allowed a connection.",,,,,,,,,,,,,,,,,,null,null,,,,null,,,,,,,,,,,,,,,,,,,,,,,,,,,,null,,,,,,,,,,,,,,,,,,,,null,,,,,,,,,,,null,,,,,,,,,,,,,,,,,,,,,,,,,,,,,,,,,,,,,,,,,,,,,,,,,,,,,,,,,,,,,,,,,,,,,,,,,,,null,,,,,,,,,,,,,,,,,,,,,,,,,,,,,,,,,,,,,,,,,,,,,,,,,"1d5c4674-1024-46b0-9286-296bd21493b1","0d1ba91d-16b9-41e0-8774-91f6caa6d348","00000000-0000-0000-0000-000000000001","2020-10-16T14:45:28.794Z","AOI-552b9630-b106-4fe7-a1fa-97d04a0010ef",SecurityEvent,"/subscriptions/f0aad602-69cd-4b25-93b9-4b4356915367/resourcegroups/infrastructure/providers/microsoft.compute/virtualmachines/ctxwu2p01-ls01"
"552b9630-b106-4fe7-a1fa-97d04a0010ef","2020-10-16T14:45:14.5Z",OpsManager,,,"CTXWU2P01-LS01.ad.providence.org","Microsoft-Windows-Security-Auditing",Security,12810,8,"<EventData xmlns=""http://schemas.microsoft.com/win/2004/08/events/event"">
  <Data Name=""ProcessID"">1364</Data>
  <Data Name=""Application"">\device\harddiskvolume2\windows\system32\svchost.exe</Data>
  <Data Name=""Direction"">%%14593</Data>
  <Data Name=""SourceAddress"">100.100.164.4</Data>
  <Data Name=""SourcePort"">60190</Data>
  <Data Name=""DestAddress"">156.72.80.18</Data>
  <Data Name=""DestPort"">53</Data>
  <Data Name=""Protocol"">17</Data>
  <Data Name=""FilterRTID"">106270</Data>
  <Data Name=""LayerName"">%%14611</Data>
  <Data Name=""LayerRTID"">48</Data>
  <Data Name=""RemoteUserID"">S-1-0-0</Data>
  <Data Name=""RemoteMachineID"">S-1-0-0</Data>
</EventData>",5156,"5156 - The Windows Filtering Platform has allowed a connection.",,,,,,,,,,,,,,,,,,null,null,,,,null,,,,,,,,,,,,,,,,,,,,,,,,,,,,null,,,,,,,,,,,,,,,,,,,,null,,,,,,,,,,,null,,,,,,,,,,,,,,,,,,,,,,,,,,,,,,,,,,,,,,,,,,,,,,,,,,,,,,,,,,,,,,,,,,,,,,,,,,,null,,,,,,,,,,,,,,,,,,,,,,,,,,,,,,,,,,,,,,,,,,,,,,,,,"1d5c4674-1024-46b0-9286-296bd21493b1","04f90936-2681-43ca-b542-056642a7e4f9","00000000-0000-0000-0000-000000000001","2020-10-16T14:45:28.794Z","AOI-552b9630-b106-4fe7-a1fa-97d04a0010ef",SecurityEvent,"/subscriptions/f0aad602-69cd-4b25-93b9-4b4356915367/resourcegroups/infrastructure/providers/microsoft.compute/virtualmachines/ctxwu2p01-ls01"
"552b9630-b106-4fe7-a1fa-97d04a0010ef","2020-10-16T14:45:14.503Z",OpsManager,,,"CTXWU2P01-LS01.ad.providence.org","Microsoft-Windows-Security-Auditing",Security,12810,8,"<EventData xmlns=""http://schemas.microsoft.com/win/2004/08/events/event"">
  <Data Name=""ProcessId"">1092</Data>
  <Data Name=""Application"">\device\harddiskvolume2\windows\system32\svchost.exe</Data>
  <Data Name=""SourceAddress"">0.0.0.0</Data>
  <Data Name=""SourcePort"">64229</Data>
  <Data Name=""Protocol"">6</Data>
  <Data Name=""FilterRTID"">0</Data>
  <Data Name=""LayerName"">%%14608</Data>
  <Data Name=""LayerRTID"">36</Data>
</EventData>",5158,"5158 - The Windows Filtering Platform has permitted a bind to a local port.",,,,,,,,,,,,,,,,,,null,null,,,,null,,,,,,,,,,,,,,,,,,,,,,,,,,,,null,,,,,,,,,,,,,,,,,,,,null,,,,,,,,,,,null,,,,,,,,,,,,,,,,,,,,,,,,,,,,,,,,,,,,,,,,,,,,,,,,,,,,,,,,,,,,,,,,,,,,,,,,,,,null,,,,,,,,,,,,,,,,,,,,,,,,,,,,,,,,,,,,,,,,,,,,,,,,,"1d5c4674-1024-46b0-9286-296bd21493b1","a8718ad4-9d8a-4b38-8b33-c0e1b734ab5b","00000000-0000-0000-0000-000000000001","2020-10-16T14:45:28.794Z","AOI-552b9630-b106-4fe7-a1fa-97d04a0010ef",SecurityEvent,"/subscriptions/f0aad602-69cd-4b25-93b9-4b4356915367/resourcegroups/infrastructure/providers/microsoft.compute/virtualmachines/ctxwu2p01-ls01"
"552b9630-b106-4fe7-a1fa-97d04a0010ef","2020-10-16T14:45:14.503Z",OpsManager,,,"CTXWU2P01-LS01.ad.providence.org","Microsoft-Windows-Security-Auditing",Security,12810,8,"<EventData xmlns=""http://schemas.microsoft.com/win/2004/08/events/event"">
  <Data Name=""ProcessID"">1092</Data>
  <Data Name=""Application"">\device\harddiskvolume2\windows\system32\svchost.exe</Data>
  <Data Name=""Direction"">%%14593</Data>
  <Data Name=""SourceAddress"">100.100.164.4</Data>
  <Data Name=""SourcePort"">64229</Data>
  <Data Name=""DestAddress"">52.114.128.43</Data>
  <Data Name=""DestPort"">443</Data>
  <Data Name=""Protocol"">6</Data>
  <Data Name=""FilterRTID"">106270</Data>
  <Data Name=""LayerName"">%%14611</Data>
  <Data Name=""LayerRTID"">48</Data>
  <Data Name=""RemoteUserID"">S-1-0-0</Data>
  <Data Name=""RemoteMachineID"">S-1-0-0</Data>
</EventData>",5156,"5156 - The Windows Filtering Platform has allowed a connection.",,,,,,,,,,,,,,,,,,null,null,,,,null,,,,,,,,,,,,,,,,,,,,,,,,,,,,null,,,,,,,,,,,,,,,,,,,,null,,,,,,,,,,,null,,,,,,,,,,,,,,,,,,,,,,,,,,,,,,,,,,,,,,,,,,,,,,,,,,,,,,,,,,,,,,,,,,,,,,,,,,,null,,,,,,,,,,,,,,,,,,,,,,,,,,,,,,,,,,,,,,,,,,,,,,,,,"1d5c4674-1024-46b0-9286-296bd21493b1","8e065e1a-b2b6-4870-9b50-346d461e0813","00000000-0000-0000-0000-000000000001","2020-10-16T14:45:28.794Z","AOI-552b9630-b106-4fe7-a1fa-97d04a0010ef",SecurityEvent,"/subscriptions/f0aad602-69cd-4b25-93b9-4b4356915367/resourcegroups/infrastructure/providers/microsoft.compute/virtualmachines/ctxwu2p01-ls01"
"552b9630-b106-4fe7-a1fa-97d04a0010ef","2020-10-16T14:45:14.567Z",OpsManager,,,"CTXWU2P01-LS01.ad.providence.org","Microsoft-Windows-Security-Auditing",Security,12810,8,"<EventData xmlns=""http://schemas.microsoft.com/win/2004/08/events/event"">
  <Data Name=""ProcessId"">3316</Data>
  <Data Name=""Application"">\device\harddiskvolume2\windows\system32\svchost.exe</Data>
  <Data Name=""SourceAddress"">0.0.0.0</Data>
  <Data Name=""SourcePort"">64230</Data>
  <Data Name=""Protocol"">6</Data>
  <Data Name=""FilterRTID"">0</Data>
  <Data Name=""LayerName"">%%14608</Data>
  <Data Name=""LayerRTID"">36</Data>
</EventData>",5158,"5158 - The Windows Filtering Platform has permitted a bind to a local port.",,,,,,,,,,,,,,,,,,null,null,,,,null,,,,,,,,,,,,,,,,,,,,,,,,,,,,null,,,,,,,,,,,,,,,,,,,,null,,,,,,,,,,,null,,,,,,,,,,,,,,,,,,,,,,,,,,,,,,,,,,,,,,,,,,,,,,,,,,,,,,,,,,,,,,,,,,,,,,,,,,,null,,,,,,,,,,,,,,,,,,,,,,,,,,,,,,,,,,,,,,,,,,,,,,,,,"1d5c4674-1024-46b0-9286-296bd21493b1","867fb821-efbd-4831-8f58-0d92f9988d86","00000000-0000-0000-0000-000000000001","2020-10-16T14:45:28.794Z","AOI-552b9630-b106-4fe7-a1fa-97d04a0010ef",SecurityEvent,"/subscriptions/f0aad602-69cd-4b25-93b9-4b4356915367/resourcegroups/infrastructure/providers/microsoft.compute/virtualmachines/ctxwu2p01-ls01"
"552b9630-b106-4fe7-a1fa-97d04a0010ef","2020-10-16T14:45:14.567Z",OpsManager,,,"CTXWU2P01-LS01.ad.providence.org","Microsoft-Windows-Security-Auditing",Security,12810,8,"<EventData xmlns=""http://schemas.microsoft.com/win/2004/08/events/event"">
  <Data Name=""ProcessID"">3316</Data>
  <Data Name=""Application"">\device\harddiskvolume2\windows\system32\svchost.exe</Data>
  <Data Name=""Direction"">%%14593</Data>
  <Data Name=""SourceAddress"">100.100.164.4</Data>
  <Data Name=""SourcePort"">64230</Data>
  <Data Name=""DestAddress"">170.173.161.37</Data>
  <Data Name=""DestPort"">389</Data>
  <Data Name=""Protocol"">6</Data>
  <Data Name=""FilterRTID"">73139</Data>
  <Data Name=""LayerName"">%%14611</Data>
  <Data Name=""LayerRTID"">48</Data>
  <Data Name=""RemoteUserID"">S-1-0-0</Data>
  <Data Name=""RemoteMachineID"">S-1-0-0</Data>
</EventData>",5156,"5156 - The Windows Filtering Platform has allowed a connection.",,,,,,,,,,,,,,,,,,null,null,,,,null,,,,,,,,,,,,,,,,,,,,,,,,,,,,null,,,,,,,,,,,,,,,,,,,,null,,,,,,,,,,,null,,,,,,,,,,,,,,,,,,,,,,,,,,,,,,,,,,,,,,,,,,,,,,,,,,,,,,,,,,,,,,,,,,,,,,,,,,,null,,,,,,,,,,,,,,,,,,,,,,,,,,,,,,,,,,,,,,,,,,,,,,,,,"1d5c4674-1024-46b0-9286-296bd21493b1","1aa919af-f8be-4fce-a3ec-cd2f1f03be3c","00000000-0000-0000-0000-000000000001","2020-10-16T14:45:28.794Z","AOI-552b9630-b106-4fe7-a1fa-97d04a0010ef",SecurityEvent,"/subscriptions/f0aad602-69cd-4b25-93b9-4b4356915367/resourcegroups/infrastructure/providers/microsoft.compute/virtualmachines/ctxwu2p01-ls01"
"552b9630-b106-4fe7-a1fa-97d04a0010ef","2020-10-16T14:45:14.583Z",OpsManager,,,"CTXWU2P01-LS01.ad.providence.org","Microsoft-Windows-Security-Auditing",Security,12809,16,"<EventData xmlns=""http://schemas.microsoft.com/win/2004/08/events/event"">
  <Data Name=""ProcessId"">0</Data>
  <Data Name=""Application"">-</Data>
  <Data Name=""Direction"">%%14592</Data>
  <Data Name=""SourceAddress"">156.72.80.18</Data>
  <Data Name=""SourcePort"">53</Data>
  <Data Name=""DestAddress"">100.100.164.4</Data>
  <Data Name=""DestPort"">60190</Data>
  <Data Name=""Protocol"">17</Data>
  <Data Name=""FilterRTID"">106293</Data>
  <Data Name=""LayerName"">%%14597</Data>
  <Data Name=""LayerRTID"">13</Data>
</EventData>",5152,"5152 - The Windows Filtering Platform blocked a packet.",,,,,,,,,,,,,,,,,,null,null,,,,null,,,,,,,,,,,,,,,,,,,,,,,,,,,,null,,,,,,,,,,,,,,,,,,,,null,,,,,,,,,,,null,,,,,,,,,,,,,,,,,,,,,,,,,,,,,,,,,,,,,,,,,,,,,,,,,,,,,,,,,,,,,,,,,,,,,,,,,,,null,,,,,,,,,,,,,,,,,,,,,,,,,,,,,,,,,,,,,,,,,,,,,,,,,"1d5c4674-1024-46b0-9286-296bd21493b1","bc73c77c-6cf7-42ef-97dc-a865dc40025f","00000000-0000-0000-0000-000000000001","2020-10-16T14:45:28.794Z","AOI-552b9630-b106-4fe7-a1fa-97d04a0010ef",SecurityEvent,"/subscriptions/f0aad602-69cd-4b25-93b9-4b4356915367/resourcegroups/infrastructure/providers/microsoft.compute/virtualmachines/ctxwu2p01-ls01"
"552b9630-b106-4fe7-a1fa-97d04a0010ef","2020-10-16T14:45:14.583Z",OpsManager,,,"CTXWU2P01-LS01.ad.providence.org","Microsoft-Windows-Security-Auditing",Security,12809,16,"<EventData xmlns=""http://schemas.microsoft.com/win/2004/08/events/event"">
  <Data Name=""ProcessId"">0</Data>
  <Data Name=""Application"">-</Data>
  <Data Name=""Direction"">%%14593</Data>
  <Data Name=""SourceAddress"">100.100.164.4</Data>
  <Data Name=""SourcePort"">0</Data>
  <Data Name=""DestAddress"">156.72.80.18</Data>
  <Data Name=""DestPort"">0</Data>
  <Data Name=""Protocol"">1</Data>
  <Data Name=""FilterRTID"">106305</Data>
  <Data Name=""LayerName"">%%14601</Data>
  <Data Name=""LayerRTID"">32</Data>
</EventData>",5152,"5152 - The Windows Filtering Platform blocked a packet.",,,,,,,,,,,,,,,,,,null,null,,,,null,,,,,,,,,,,,,,,,,,,,,,,,,,,,null,,,,,,,,,,,,,,,,,,,,null,,,,,,,,,,,null,,,,,,,,,,,,,,,,,,,,,,,,,,,,,,,,,,,,,,,,,,,,,,,,,,,,,,,,,,,,,,,,,,,,,,,,,,,null,,,,,,,,,,,,,,,,,,,,,,,,,,,,,,,,,,,,,,,,,,,,,,,,,"1d5c4674-1024-46b0-9286-296bd21493b1","92f00cc1-ef63-4198-a7ca-20276ca375c9","00000000-0000-0000-0000-000000000001","2020-10-16T14:45:28.794Z","AOI-552b9630-b106-4fe7-a1fa-97d04a0010ef",SecurityEvent,"/subscriptions/f0aad602-69cd-4b25-93b9-4b4356915367/resourcegroups/infrastructure/providers/microsoft.compute/virtualmachines/ctxwu2p01-ls01"
"552b9630-b106-4fe7-a1fa-97d04a0010ef","2020-10-16T14:45:14.617Z",OpsManager,,,"CTXWU2P01-LS01.ad.providence.org","Microsoft-Windows-Security-Auditing",Security,12810,8,"<EventData xmlns=""http://schemas.microsoft.com/win/2004/08/events/event"">
  <Data Name=""ProcessId"">3316</Data>
  <Data Name=""Application"">\device\harddiskvolume2\windows\system32\svchost.exe</Data>
  <Data Name=""SourceAddress"">0.0.0.0</Data>
  <Data Name=""SourcePort"">64231</Data>
  <Data Name=""Protocol"">6</Data>
  <Data Name=""FilterRTID"">0</Data>
  <Data Name=""LayerName"">%%14608</Data>
  <Data Name=""LayerRTID"">36</Data>
</EventData>",5158,"5158 - The Windows Filtering Platform has permitted a bind to a local port.",,,,,,,,,,,,,,,,,,null,null,,,,null,,,,,,,,,,,,,,,,,,,,,,,,,,,,null,,,,,,,,,,,,,,,,,,,,null,,,,,,,,,,,null,,,,,,,,,,,,,,,,,,,,,,,,,,,,,,,,,,,,,,,,,,,,,,,,,,,,,,,,,,,,,,,,,,,,,,,,,,,null,,,,,,,,,,,,,,,,,,,,,,,,,,,,,,,,,,,,,,,,,,,,,,,,,"1d5c4674-1024-46b0-9286-296bd21493b1","ad87b05d-ff12-4019-9454-c413db7b279a","00000000-0000-0000-0000-000000000001","2020-10-16T14:45:28.794Z","AOI-552b9630-b106-4fe7-a1fa-97d04a0010ef",SecurityEvent,"/subscriptions/f0aad602-69cd-4b25-93b9-4b4356915367/resourcegroups/infrastructure/providers/microsoft.compute/virtualmachines/ctxwu2p01-ls01"
"552b9630-b106-4fe7-a1fa-97d04a0010ef","2020-10-16T14:45:14.617Z",OpsManager,,,"CTXWU2P01-LS01.ad.providence.org","Microsoft-Windows-Security-Auditing",Security,12810,8,"<EventData xmlns=""http://schemas.microsoft.com/win/2004/08/events/event"">
  <Data Name=""ProcessID"">3316</Data>
  <Data Name=""Application"">\device\harddiskvolume2\windows\system32\svchost.exe</Data>
  <Data Name=""Direction"">%%14593</Data>
  <Data Name=""SourceAddress"">100.100.164.4</Data>
  <Data Name=""SourcePort"">64231</Data>
  <Data Name=""DestAddress"">100.100.1.5</Data>
  <Data Name=""DestPort"">389</Data>
  <Data Name=""Protocol"">6</Data>
  <Data Name=""FilterRTID"">73139</Data>
  <Data Name=""LayerName"">%%14611</Data>
  <Data Name=""LayerRTID"">48</Data>
  <Data Name=""RemoteUserID"">S-1-0-0</Data>
  <Data Name=""RemoteMachineID"">S-1-0-0</Data>
</EventData>",5156,"5156 - The Windows Filtering Platform has allowed a connection.",,,,,,,,,,,,,,,,,,null,null,,,,null,,,,,,,,,,,,,,,,,,,,,,,,,,,,null,,,,,,,,,,,,,,,,,,,,null,,,,,,,,,,,null,,,,,,,,,,,,,,,,,,,,,,,,,,,,,,,,,,,,,,,,,,,,,,,,,,,,,,,,,,,,,,,,,,,,,,,,,,,null,,,,,,,,,,,,,,,,,,,,,,,,,,,,,,,,,,,,,,,,,,,,,,,,,"1d5c4674-1024-46b0-9286-296bd21493b1","d891a1b7-c810-4337-b5a9-b6e3978de354","00000000-0000-0000-0000-000000000001","2020-10-16T14:45:28.794Z","AOI-552b9630-b106-4fe7-a1fa-97d04a0010ef",SecurityEvent,"/subscriptions/f0aad602-69cd-4b25-93b9-4b4356915367/resourcegroups/infrastructure/providers/microsoft.compute/virtualmachines/ctxwu2p01-ls01"
"552b9630-b106-4fe7-a1fa-97d04a0010ef","2020-10-16T14:45:15.44Z",OpsManager,,,"CTXWU2P01-LS01.ad.providence.org","Microsoft-Windows-Security-Auditing",Security,12810,8,"<EventData xmlns=""http://schemas.microsoft.com/win/2004/08/events/event"">
  <Data Name=""ProcessId"">3316</Data>
  <Data Name=""Application"">\device\harddiskvolume2\windows\system32\svchost.exe</Data>
  <Data Name=""SourceAddress"">0.0.0.0</Data>
  <Data Name=""SourcePort"">64232</Data>
  <Data Name=""Protocol"">6</Data>
  <Data Name=""FilterRTID"">0</Data>
  <Data Name=""LayerName"">%%14608</Data>
  <Data Name=""LayerRTID"">36</Data>
</EventData>",5158,"5158 - The Windows Filtering Platform has permitted a bind to a local port.",,,,,,,,,,,,,,,,,,null,null,,,,null,,,,,,,,,,,,,,,,,,,,,,,,,,,,null,,,,,,,,,,,,,,,,,,,,null,,,,,,,,,,,null,,,,,,,,,,,,,,,,,,,,,,,,,,,,,,,,,,,,,,,,,,,,,,,,,,,,,,,,,,,,,,,,,,,,,,,,,,,null,,,,,,,,,,,,,,,,,,,,,,,,,,,,,,,,,,,,,,,,,,,,,,,,,"1d5c4674-1024-46b0-9286-296bd21493b1","5c57f251-31ee-4ebb-a56f-4a3449d50f3e","00000000-0000-0000-0000-000000000001","2020-10-16T14:45:28.794Z","AOI-552b9630-b106-4fe7-a1fa-97d04a0010ef",SecurityEvent,"/subscriptions/f0aad602-69cd-4b25-93b9-4b4356915367/resourcegroups/infrastructure/providers/microsoft.compute/virtualmachines/ctxwu2p01-ls01"
"552b9630-b106-4fe7-a1fa-97d04a0010ef","2020-10-16T14:45:15.44Z",OpsManager,,,"CTXWU2P01-LS01.ad.providence.org","Microsoft-Windows-Security-Auditing",Security,12810,8,"<EventData xmlns=""http://schemas.microsoft.com/win/2004/08/events/event"">
  <Data Name=""ProcessID"">3316</Data>
  <Data Name=""Application"">\device\harddiskvolume2\windows\system32\svchost.exe</Data>
  <Data Name=""Direction"">%%14593</Data>
  <Data Name=""SourceAddress"">100.100.164.4</Data>
  <Data Name=""SourcePort"">64232</Data>
  <Data Name=""DestAddress"">170.173.161.37</Data>
  <Data Name=""DestPort"">389</Data>
  <Data Name=""Protocol"">6</Data>
  <Data Name=""FilterRTID"">73139</Data>
  <Data Name=""LayerName"">%%14611</Data>
  <Data Name=""LayerRTID"">48</Data>
  <Data Name=""RemoteUserID"">S-1-0-0</Data>
  <Data Name=""RemoteMachineID"">S-1-0-0</Data>
</EventData>",5156,"5156 - The Windows Filtering Platform has allowed a connection.",,,,,,,,,,,,,,,,,,null,null,,,,null,,,,,,,,,,,,,,,,,,,,,,,,,,,,null,,,,,,,,,,,,,,,,,,,,null,,,,,,,,,,,null,,,,,,,,,,,,,,,,,,,,,,,,,,,,,,,,,,,,,,,,,,,,,,,,,,,,,,,,,,,,,,,,,,,,,,,,,,,null,,,,,,,,,,,,,,,,,,,,,,,,,,,,,,,,,,,,,,,,,,,,,,,,,"1d5c4674-1024-46b0-9286-296bd21493b1","e18963bd-8937-4b10-ae38-70872c2879ad","00000000-0000-0000-0000-000000000001","2020-10-16T14:45:28.794Z","AOI-552b9630-b106-4fe7-a1fa-97d04a0010ef",SecurityEvent,"/subscriptions/f0aad602-69cd-4b25-93b9-4b4356915367/resourcegroups/infrastructure/providers/microsoft.compute/virtualmachines/ctxwu2p01-ls01"
"552b9630-b106-4fe7-a1fa-97d04a0010ef","2020-10-16T14:45:15.487Z",OpsManager,,,"CTXWU2P01-LS01.ad.providence.org","Microsoft-Windows-Security-Auditing",Security,12810,8,"<EventData xmlns=""http://schemas.microsoft.com/win/2004/08/events/event"">
  <Data Name=""ProcessId"">3316</Data>
  <Data Name=""Application"">\device\harddiskvolume2\windows\system32\svchost.exe</Data>
  <Data Name=""SourceAddress"">0.0.0.0</Data>
  <Data Name=""SourcePort"">64233</Data>
  <Data Name=""Protocol"">6</Data>
  <Data Name=""FilterRTID"">0</Data>
  <Data Name=""LayerName"">%%14608</Data>
  <Data Name=""LayerRTID"">36</Data>
</EventData>",5158,"5158 - The Windows Filtering Platform has permitted a bind to a local port.",,,,,,,,,,,,,,,,,,null,null,,,,null,,,,,,,,,,,,,,,,,,,,,,,,,,,,null,,,,,,,,,,,,,,,,,,,,null,,,,,,,,,,,null,,,,,,,,,,,,,,,,,,,,,,,,,,,,,,,,,,,,,,,,,,,,,,,,,,,,,,,,,,,,,,,,,,,,,,,,,,,null,,,,,,,,,,,,,,,,,,,,,,,,,,,,,,,,,,,,,,,,,,,,,,,,,"1d5c4674-1024-46b0-9286-296bd21493b1","ca5cb34a-91e2-444d-bb37-1a74c0fadb70","00000000-0000-0000-0000-000000000001","2020-10-16T14:45:28.794Z","AOI-552b9630-b106-4fe7-a1fa-97d04a0010ef",SecurityEvent,"/subscriptions/f0aad602-69cd-4b25-93b9-4b4356915367/resourcegroups/infrastructure/providers/microsoft.compute/virtualmachines/ctxwu2p01-ls01"
"552b9630-b106-4fe7-a1fa-97d04a0010ef","2020-10-16T14:45:15.487Z",OpsManager,,,"CTXWU2P01-LS01.ad.providence.org","Microsoft-Windows-Security-Auditing",Security,12810,8,"<EventData xmlns=""http://schemas.microsoft.com/win/2004/08/events/event"">
  <Data Name=""ProcessID"">3316</Data>
  <Data Name=""Application"">\device\harddiskvolume2\windows\system32\svchost.exe</Data>
  <Data Name=""Direction"">%%14593</Data>
  <Data Name=""SourceAddress"">100.100.164.4</Data>
  <Data Name=""SourcePort"">64233</Data>
  <Data Name=""DestAddress"">100.100.1.5</Data>
  <Data Name=""DestPort"">389</Data>
  <Data Name=""Protocol"">6</Data>
  <Data Name=""FilterRTID"">73139</Data>
  <Data Name=""LayerName"">%%14611</Data>
  <Data Name=""LayerRTID"">48</Data>
  <Data Name=""RemoteUserID"">S-1-0-0</Data>
  <Data Name=""RemoteMachineID"">S-1-0-0</Data>
</EventData>",5156,"5156 - The Windows Filtering Platform has allowed a connection.",,,,,,,,,,,,,,,,,,null,null,,,,null,,,,,,,,,,,,,,,,,,,,,,,,,,,,null,,,,,,,,,,,,,,,,,,,,null,,,,,,,,,,,null,,,,,,,,,,,,,,,,,,,,,,,,,,,,,,,,,,,,,,,,,,,,,,,,,,,,,,,,,,,,,,,,,,,,,,,,,,,null,,,,,,,,,,,,,,,,,,,,,,,,,,,,,,,,,,,,,,,,,,,,,,,,,"1d5c4674-1024-46b0-9286-296bd21493b1","8d23da66-b480-4c65-9786-b39383781a1b","00000000-0000-0000-0000-000000000001","2020-10-16T14:45:28.794Z","AOI-552b9630-b106-4fe7-a1fa-97d04a0010ef",SecurityEvent,"/subscriptions/f0aad602-69cd-4b25-93b9-4b4356915367/resourcegroups/infrastructure/providers/microsoft.compute/virtualmachines/ctxwu2p01-ls01"
"552b9630-b106-4fe7-a1fa-97d04a0010ef","2020-10-16T14:45:16.243Z",OpsManager,"PHSWA\XAMTLVS0A088$",Machine,"CTXWU2P01-LS01.ad.providence.org","Microsoft-Windows-Security-Auditing",Security,12545,8,,4634,"4634 - An account was logged off.",,,,,,,,,,,,,,,,,,null,null,,,,null,,,,,,,,,,,,,,,,,,,,,,,,,,,,null,,,,,,,,,,,,,,,,,,,,null,,,,,,,,,,,3,"3 - Network",,,,,,,,,,,,,,,,,,,,,,,,,,,,,,,,,,,,,,,,,,,,,,,,,,,,,,,,,,,,,,,,,,,,,,,,,,null,,,,,,,,,,,,,,,,,,,,"PHSWA\XAMTLVS0A088$",PHSWA,,,,0x806df9b0,,,,,,"XAMTLVS0A088$","S-1-5-21-420551719-245851362-9522986-619506",,,,,,,,,,,,,,,,,"1d5c4674-1024-46b0-9286-296bd21493b1","f7cfd38c-99f3-4c38-8a00-e06e2af80c19","00000000-0000-0000-0000-000000000001","2020-10-16T14:45:28.794Z","AOI-552b9630-b106-4fe7-a1fa-97d04a0010ef",SecurityEvent,"/subscriptions/f0aad602-69cd-4b25-93b9-4b4356915367/resourcegroups/infrastructure/providers/microsoft.compute/virtualmachines/ctxwu2p01-ls01"
"552b9630-b106-4fe7-a1fa-97d04a0010ef","2020-10-16T14:45:17.71Z",OpsManager,,,"CTXWU2P01-LS01.ad.providence.org","Microsoft-Windows-Security-Auditing",Security,12810,8,"<EventData xmlns=""http://schemas.microsoft.com/win/2004/08/events/event"">
  <Data Name=""ProcessID"">432</Data>
  <Data Name=""Application"">\device\harddiskvolume2\windows\system32\svchost.exe</Data>
  <Data Name=""Direction"">%%14592</Data>
  <Data Name=""SourceAddress"">10.184.39.204</Data>
  <Data Name=""SourcePort"">64731</Data>
  <Data Name=""DestAddress"">100.100.164.4</Data>
  <Data Name=""DestPort"">135</Data>
  <Data Name=""Protocol"">6</Data>
  <Data Name=""FilterRTID"">72632</Data>
  <Data Name=""LayerName"">%%14610</Data>
  <Data Name=""LayerRTID"">44</Data>
  <Data Name=""RemoteUserID"">S-1-0-0</Data>
  <Data Name=""RemoteMachineID"">S-1-0-0</Data>
</EventData>",5156,"5156 - The Windows Filtering Platform has allowed a connection.",,,,,,,,,,,,,,,,,,null,null,,,,null,,,,,,,,,,,,,,,,,,,,,,,,,,,,null,,,,,,,,,,,,,,,,,,,,null,,,,,,,,,,,null,,,,,,,,,,,,,,,,,,,,,,,,,,,,,,,,,,,,,,,,,,,,,,,,,,,,,,,,,,,,,,,,,,,,,,,,,,,null,,,,,,,,,,,,,,,,,,,,,,,,,,,,,,,,,,,,,,,,,,,,,,,,,"1d5c4674-1024-46b0-9286-296bd21493b1","8d9f7bd7-fcf8-4058-af62-c5762cdd252a","00000000-0000-0000-0000-000000000001","2020-10-16T14:45:28.794Z","AOI-552b9630-b106-4fe7-a1fa-97d04a0010ef",SecurityEvent,"/subscriptions/f0aad602-69cd-4b25-93b9-4b4356915367/resourcegroups/infrastructure/providers/microsoft.compute/virtualmachines/ctxwu2p01-ls01"
"552b9630-b106-4fe7-a1fa-97d04a0010ef","2020-10-16T14:45:17.83Z",OpsManager,,,"CTXWU2P01-LS01.ad.providence.org","Microsoft-Windows-Security-Auditing",Security,12810,8,"<EventData xmlns=""http://schemas.microsoft.com/win/2004/08/events/event"">
  <Data Name=""ProcessID"">3316</Data>
  <Data Name=""Application"">\device\harddiskvolume2\windows\system32\svchost.exe</Data>
  <Data Name=""Direction"">%%14592</Data>
  <Data Name=""SourceAddress"">10.184.39.204</Data>
  <Data Name=""SourcePort"">64741</Data>
  <Data Name=""DestAddress"">100.100.164.4</Data>
  <Data Name=""DestPort"">49673</Data>
  <Data Name=""Protocol"">6</Data>
  <Data Name=""FilterRTID"">72632</Data>
  <Data Name=""LayerName"">%%14610</Data>
  <Data Name=""LayerRTID"">44</Data>
  <Data Name=""RemoteUserID"">S-1-0-0</Data>
  <Data Name=""RemoteMachineID"">S-1-0-0</Data>
</EventData>",5156,"5156 - The Windows Filtering Platform has allowed a connection.",,,,,,,,,,,,,,,,,,null,null,,,,null,,,,,,,,,,,,,,,,,,,,,,,,,,,,null,,,,,,,,,,,,,,,,,,,,null,,,,,,,,,,,null,,,,,,,,,,,,,,,,,,,,,,,,,,,,,,,,,,,,,,,,,,,,,,,,,,,,,,,,,,,,,,,,,,,,,,,,,,,null,,,,,,,,,,,,,,,,,,,,,,,,,,,,,,,,,,,,,,,,,,,,,,,,,"1d5c4674-1024-46b0-9286-296bd21493b1","2e860294-7417-43b1-bcd1-f4dee77e8a9d","00000000-0000-0000-0000-000000000001","2020-10-16T14:45:28.794Z","AOI-552b9630-b106-4fe7-a1fa-97d04a0010ef",SecurityEvent,"/subscriptions/f0aad602-69cd-4b25-93b9-4b4356915367/resourcegroups/infrastructure/providers/microsoft.compute/virtualmachines/ctxwu2p01-ls01"
"552b9630-b106-4fe7-a1fa-97d04a0010ef","2020-10-16T14:45:17.913Z",OpsManager,"WA.PROVIDENCE.ORG\XAMTLVS0A051$",Machine,"CTXWU2P01-LS01.ad.providence.org","Microsoft-Windows-Security-Auditing",Security,12544,8,,4624,"4624 - An account was successfully logged on.",,,,,,,,,,,,,,,,,,null,null,Kerberos,,,null,,,,,,,,,,,,,,,,,,,,,,,,,,,"%%1843",null,,,,,,,,,,,,,,,,"%%1833",,"10.184.39.204",64741,0,"-",,,,,,"fbf8ad61-ed28-7eda-1a00-6734dad34313",,,Kerberos,3,"3 - Network",,,,,,,,,,,,,,,,,,,,,,,,,,,,,,,,,,,,,,,,,,,,,,,,,"-",0x0,"-",,,,,,,,,,,,,,,"-",,,,,,,,null,,,,,,,"-\-",,,,"-",,0x0,,,"-","S-1-0-0",,,"WA.PROVIDENCE.ORG\XAMTLVS0A051$","WA.PROVIDENCE.ORG",,0x0,,0x806f6075,"-","-",,,,"XAMTLVS0A051$","S-1-5-21-420551719-245851362-9522986-619469",,,,,,,,"-",,,,,"%%1843",,,"-","1d5c4674-1024-46b0-9286-296bd21493b1","6581fbd9-e822-4bb7-9f8d-6f94423507b1","00000000-0000-0000-0000-000000000001","2020-10-16T14:45:28.794Z","AOI-552b9630-b106-4fe7-a1fa-97d04a0010ef",SecurityEvent,"/subscriptions/f0aad602-69cd-4b25-93b9-4b4356915367/resourcegroups/infrastructure/providers/microsoft.compute/virtualmachines/ctxwu2p01-ls01"
"552b9630-b106-4fe7-a1fa-97d04a0010ef","2020-10-16T14:45:17.913Z",OpsManager,,,"CTXWU2P01-LS01.ad.providence.org","Microsoft-Windows-Security-Auditing",Security,12554,8,"<EventData xmlns=""http://schemas.microsoft.com/win/2004/08/events/event"">
  <Data Name=""SubjectUserSid"">S-1-0-0</Data>
  <Data Name=""SubjectUserName"">-</Data>
  <Data Name=""SubjectDomainName"">-</Data>
  <Data Name=""SubjectLogonId"">0x0</Data>
  <Data Name=""TargetUserSid"">S-1-5-21-420551719-245851362-9522986-619469</Data>
  <Data Name=""TargetUserName"">XAMTLVS0A051$</Data>
  <Data Name=""TargetDomainName"">WA.PROVIDENCE.ORG</Data>
  <Data Name=""TargetLogonId"">0x806f6075</Data>
  <Data Name=""LogonType"">3</Data>
  <Data Name=""EventIdx"">1</Data>
  <Data Name=""EventCountTotal"">1</Data>
  <Data Name=""GroupMembership""> 		%{S-1-5-21-420551719-245851362-9522986-515} 		%{S-1-1-0} 		%{S-1-5-32-545} 		%{S-1-5-2} 		%{S-1-5-11} 		%{S-1-5-15} 		%{S-1-18-1} 		%{S-1-16-8192}</Data>
</EventData>",4627,"4627 - Group membership information.",,,,,,,,,,,,,,,,,,null,null,,,,null,,,,,,,,,,,,,,,,,,,,,,,,,,,,null,,,,,,,,,,,,,,,,,,,,null,,,,,,,,,,,null,,,,,,,,,,,,,,,,,,,,,,,,,,,,,,,,,,,,,,,,,,,,,,,,,,,,,,,,,,,,,,,,,,,,,,,,,,,null,,,,,,,,,,,,,,,,,,,,,,,,,,,,,,,,,,,,,,,,,,,,,,,,,"1d5c4674-1024-46b0-9286-296bd21493b1","fcb9555d-78f9-4942-a507-66570d4ad999","00000000-0000-0000-0000-000000000001","2020-10-16T14:45:28.794Z","AOI-552b9630-b106-4fe7-a1fa-97d04a0010ef",SecurityEvent,"/subscriptions/f0aad602-69cd-4b25-93b9-4b4356915367/resourcegroups/infrastructure/providers/microsoft.compute/virtualmachines/ctxwu2p01-ls01"
"552b9630-b106-4fe7-a1fa-97d04a0010ef","2020-10-16T14:45:18.153Z",OpsManager,,,"CTXWU2P01-LS01.ad.providence.org","Microsoft-Windows-Security-Auditing",Security,12810,8,"<EventData xmlns=""http://schemas.microsoft.com/win/2004/08/events/event"">
  <Data Name=""ProcessId"">3316</Data>
  <Data Name=""Application"">\device\harddiskvolume2\windows\system32\svchost.exe</Data>
  <Data Name=""SourceAddress"">0.0.0.0</Data>
  <Data Name=""SourcePort"">64234</Data>
  <Data Name=""Protocol"">6</Data>
  <Data Name=""FilterRTID"">0</Data>
  <Data Name=""LayerName"">%%14608</Data>
  <Data Name=""LayerRTID"">36</Data>
</EventData>",5158,"5158 - The Windows Filtering Platform has permitted a bind to a local port.",,,,,,,,,,,,,,,,,,null,null,,,,null,,,,,,,,,,,,,,,,,,,,,,,,,,,,null,,,,,,,,,,,,,,,,,,,,null,,,,,,,,,,,null,,,,,,,,,,,,,,,,,,,,,,,,,,,,,,,,,,,,,,,,,,,,,,,,,,,,,,,,,,,,,,,,,,,,,,,,,,,null,,,,,,,,,,,,,,,,,,,,,,,,,,,,,,,,,,,,,,,,,,,,,,,,,"1d5c4674-1024-46b0-9286-296bd21493b1","56a60d65-1aa5-4171-9df3-7967fc3b2c30","00000000-0000-0000-0000-000000000001","2020-10-16T14:45:28.794Z","AOI-552b9630-b106-4fe7-a1fa-97d04a0010ef",SecurityEvent,"/subscriptions/f0aad602-69cd-4b25-93b9-4b4356915367/resourcegroups/infrastructure/providers/microsoft.compute/virtualmachines/ctxwu2p01-ls01"
"552b9630-b106-4fe7-a1fa-97d04a0010ef","2020-10-16T14:45:18.153Z",OpsManager,,,"CTXWU2P01-LS01.ad.providence.org","Microsoft-Windows-Security-Auditing",Security,12810,8,"<EventData xmlns=""http://schemas.microsoft.com/win/2004/08/events/event"">
  <Data Name=""ProcessID"">3316</Data>
  <Data Name=""Application"">\device\harddiskvolume2\windows\system32\svchost.exe</Data>
  <Data Name=""Direction"">%%14593</Data>
  <Data Name=""SourceAddress"">100.100.164.4</Data>
  <Data Name=""SourcePort"">64234</Data>
  <Data Name=""DestAddress"">170.173.161.37</Data>
  <Data Name=""DestPort"">389</Data>
  <Data Name=""Protocol"">6</Data>
  <Data Name=""FilterRTID"">73139</Data>
  <Data Name=""LayerName"">%%14611</Data>
  <Data Name=""LayerRTID"">48</Data>
  <Data Name=""RemoteUserID"">S-1-0-0</Data>
  <Data Name=""RemoteMachineID"">S-1-0-0</Data>
</EventData>",5156,"5156 - The Windows Filtering Platform has allowed a connection.",,,,,,,,,,,,,,,,,,null,null,,,,null,,,,,,,,,,,,,,,,,,,,,,,,,,,,null,,,,,,,,,,,,,,,,,,,,null,,,,,,,,,,,null,,,,,,,,,,,,,,,,,,,,,,,,,,,,,,,,,,,,,,,,,,,,,,,,,,,,,,,,,,,,,,,,,,,,,,,,,,,null,,,,,,,,,,,,,,,,,,,,,,,,,,,,,,,,,,,,,,,,,,,,,,,,,"1d5c4674-1024-46b0-9286-296bd21493b1","9e92a903-20d3-4572-94b6-a9e303fa233b","00000000-0000-0000-0000-000000000001","2020-10-16T14:45:28.794Z","AOI-552b9630-b106-4fe7-a1fa-97d04a0010ef",SecurityEvent,"/subscriptions/f0aad602-69cd-4b25-93b9-4b4356915367/resourcegroups/infrastructure/providers/microsoft.compute/virtualmachines/ctxwu2p01-ls01"
"552b9630-b106-4fe7-a1fa-97d04a0010ef","2020-10-16T14:45:18.197Z",OpsManager,,,"CTXWU2P01-LS01.ad.providence.org","Microsoft-Windows-Security-Auditing",Security,12810,8,"<EventData xmlns=""http://schemas.microsoft.com/win/2004/08/events/event"">
  <Data Name=""ProcessId"">3316</Data>
  <Data Name=""Application"">\device\harddiskvolume2\windows\system32\svchost.exe</Data>
  <Data Name=""SourceAddress"">0.0.0.0</Data>
  <Data Name=""SourcePort"">64235</Data>
  <Data Name=""Protocol"">6</Data>
  <Data Name=""FilterRTID"">0</Data>
  <Data Name=""LayerName"">%%14608</Data>
  <Data Name=""LayerRTID"">36</Data>
</EventData>",5158,"5158 - The Windows Filtering Platform has permitted a bind to a local port.",,,,,,,,,,,,,,,,,,null,null,,,,null,,,,,,,,,,,,,,,,,,,,,,,,,,,,null,,,,,,,,,,,,,,,,,,,,null,,,,,,,,,,,null,,,,,,,,,,,,,,,,,,,,,,,,,,,,,,,,,,,,,,,,,,,,,,,,,,,,,,,,,,,,,,,,,,,,,,,,,,,null,,,,,,,,,,,,,,,,,,,,,,,,,,,,,,,,,,,,,,,,,,,,,,,,,"1d5c4674-1024-46b0-9286-296bd21493b1","dd0c999c-4617-4bc0-9b60-f5d2ff62db56","00000000-0000-0000-0000-000000000001","2020-10-16T14:45:28.794Z","AOI-552b9630-b106-4fe7-a1fa-97d04a0010ef",SecurityEvent,"/subscriptions/f0aad602-69cd-4b25-93b9-4b4356915367/resourcegroups/infrastructure/providers/microsoft.compute/virtualmachines/ctxwu2p01-ls01"
"552b9630-b106-4fe7-a1fa-97d04a0010ef","2020-10-16T14:45:18.197Z",OpsManager,,,"CTXWU2P01-LS01.ad.providence.org","Microsoft-Windows-Security-Auditing",Security,12810,8,"<EventData xmlns=""http://schemas.microsoft.com/win/2004/08/events/event"">
  <Data Name=""ProcessID"">3316</Data>
  <Data Name=""Application"">\device\harddiskvolume2\windows\system32\svchost.exe</Data>
  <Data Name=""Direction"">%%14593</Data>
  <Data Name=""SourceAddress"">100.100.164.4</Data>
  <Data Name=""SourcePort"">64235</Data>
  <Data Name=""DestAddress"">100.100.1.5</Data>
  <Data Name=""DestPort"">389</Data>
  <Data Name=""Protocol"">6</Data>
  <Data Name=""FilterRTID"">73139</Data>
  <Data Name=""LayerName"">%%14611</Data>
  <Data Name=""LayerRTID"">48</Data>
  <Data Name=""RemoteUserID"">S-1-0-0</Data>
  <Data Name=""RemoteMachineID"">S-1-0-0</Data>
</EventData>",5156,"5156 - The Windows Filtering Platform has allowed a connection.",,,,,,,,,,,,,,,,,,null,null,,,,null,,,,,,,,,,,,,,,,,,,,,,,,,,,,null,,,,,,,,,,,,,,,,,,,,null,,,,,,,,,,,null,,,,,,,,,,,,,,,,,,,,,,,,,,,,,,,,,,,,,,,,,,,,,,,,,,,,,,,,,,,,,,,,,,,,,,,,,,,null,,,,,,,,,,,,,,,,,,,,,,,,,,,,,,,,,,,,,,,,,,,,,,,,,"1d5c4674-1024-46b0-9286-296bd21493b1","52acdc61-d0b7-4957-a0c2-9b84b6f25820","00000000-0000-0000-0000-000000000001","2020-10-16T14:45:28.794Z","AOI-552b9630-b106-4fe7-a1fa-97d04a0010ef",SecurityEvent,"/subscriptions/f0aad602-69cd-4b25-93b9-4b4356915367/resourcegroups/infrastructure/providers/microsoft.compute/virtualmachines/ctxwu2p01-ls01"
"552b9630-b106-4fe7-a1fa-97d04a0010ef","2020-10-16T14:45:21.067Z",OpsManager,,,"CTXWU2P01-LS01.ad.providence.org","Microsoft-Windows-Security-Auditing",Security,12292,8,"<EventData xmlns=""http://schemas.microsoft.com/win/2004/08/events/event"">
  <Data Name=""SubjectUserSid"">S-1-5-18</Data>
  <Data Name=""SubjectUserName"">CTXWU2P01-LS01$</Data>
  <Data Name=""SubjectDomainName"">AD</Data>
  <Data Name=""SubjectLogonId"">0x3e7</Data>
  <Data Name=""ClientProcessId"">2992</Data>
  <Data Name=""ClientCreationTime"">2020-08-27T14:12:56.016154700Z</Data>
  <Data Name=""ProviderName"">Microsoft Software Key Storage Provider</Data>
  <Data Name=""AlgorithmName"">UNKNOWN</Data>
  <Data Name=""KeyName"">{92264264-E29B-48C7-AFAE-4F3C434D542D}</Data>
  <Data Name=""KeyType"">%%2499</Data>
  <Data Name=""KeyFilePath"">C:\ProgramData\Microsoft\Crypto\RSA\MachineKeys\0874e3df7d295394d62415ee8955c36f_e8c99039-0e31-48fb-b66c-ee2a9b1e4b70</Data>
  <Data Name=""Operation"">%%2458</Data>
  <Data Name=""ReturnCode"">0x0</Data>
</EventData>",5058,"5058 - Key file operation.",,,,,,,,,,,,,,,,,,null,null,,,,null,,,,,,,,,,,,,,,,,,,,,,,,,,,,null,,,,,,,,,,,,,,,,,,,,null,,,,,,,,,,,null,,,,,,,,,,,,,,,,,,,,,,,,,,,,,,,,,,,,,,,,,,,,,,,,,,,,,,,,,,,,,,,,,,,,,,,,,,,null,,,,,,,,,,,,,,,,,,,,,,,,,,,,,,,,,,,,,,,,,,,,,,,,,"1d5c4674-1024-46b0-9286-296bd21493b1","0f73e190-2da3-4d04-88cb-842a59efa69c","00000000-0000-0000-0000-000000000001","2020-10-16T14:45:28.794Z","AOI-552b9630-b106-4fe7-a1fa-97d04a0010ef",SecurityEvent,"/subscriptions/f0aad602-69cd-4b25-93b9-4b4356915367/resourcegroups/infrastructure/providers/microsoft.compute/virtualmachines/ctxwu2p01-ls01"
"552b9630-b106-4fe7-a1fa-97d04a0010ef","2020-10-16T14:45:21.067Z",OpsManager,,,"CTXWU2P01-LS01.ad.providence.org","Microsoft-Windows-Security-Auditing",Security,12290,8,"<EventData xmlns=""http://schemas.microsoft.com/win/2004/08/events/event"">
  <Data Name=""SubjectUserSid"">S-1-5-18</Data>
  <Data Name=""SubjectUserName"">CTXWU2P01-LS01$</Data>
  <Data Name=""SubjectDomainName"">AD</Data>
  <Data Name=""SubjectLogonId"">0x3e7</Data>
  <Data Name=""ProviderName"">Microsoft Software Key Storage Provider</Data>
  <Data Name=""AlgorithmName"">RSA</Data>
  <Data Name=""KeyName"">{92264264-E29B-48C7-AFAE-4F3C434D542D}</Data>
  <Data Name=""KeyType"">%%2499</Data>
  <Data Name=""Operation"">%%2480</Data>
  <Data Name=""ReturnCode"">0x0</Data>
</EventData>",5061,"5061 - Cryptographic operation.",,,,,,,,,,,,,,,,,,null,null,,,,null,,,,,,,,,,,,,,,,,,,,,,,,,,,,null,,,,,,,,,,,,,,,,,,,,null,,,,,,,,,,,null,,,,,,,,,,,,,,,,,,,,,,,,,,,,,,,,,,,,,,,,,,,,,,,,,,,,,,,,,,,,,,,,,,,,,,,,,,,null,,,,,,,,,,,,,,,,,,,,,,,,,,,,,,,,,,,,,,,,,,,,,,,,,"1d5c4674-1024-46b0-9286-296bd21493b1","dd95f91e-20b0-4784-aab2-7b3968714774","00000000-0000-0000-0000-000000000001","2020-10-16T14:45:28.794Z","AOI-552b9630-b106-4fe7-a1fa-97d04a0010ef",SecurityEvent,"/subscriptions/f0aad602-69cd-4b25-93b9-4b4356915367/resourcegroups/infrastructure/providers/microsoft.compute/virtualmachines/ctxwu2p01-ls01"
"552b9630-b106-4fe7-a1fa-97d04a0010ef","2020-10-16T14:45:22.063Z",OpsManager,,,"CTXWU2P01-LS01.ad.providence.org","Microsoft-Windows-Security-Auditing",Security,12292,8,"<EventData xmlns=""http://schemas.microsoft.com/win/2004/08/events/event"">
  <Data Name=""SubjectUserSid"">S-1-5-18</Data>
  <Data Name=""SubjectUserName"">CTXWU2P01-LS01$</Data>
  <Data Name=""SubjectDomainName"">AD</Data>
  <Data Name=""SubjectLogonId"">0x3e7</Data>
  <Data Name=""ClientProcessId"">2992</Data>
  <Data Name=""ClientCreationTime"">2020-08-27T14:12:56.016154700Z</Data>
  <Data Name=""ProviderName"">Microsoft Software Key Storage Provider</Data>
  <Data Name=""AlgorithmName"">UNKNOWN</Data>
  <Data Name=""KeyName"">{92264264-E29B-48C7-AFAE-4F3C434D542D}</Data>
  <Data Name=""KeyType"">%%2499</Data>
  <Data Name=""KeyFilePath"">C:\ProgramData\Microsoft\Crypto\RSA\MachineKeys\0874e3df7d295394d62415ee8955c36f_e8c99039-0e31-48fb-b66c-ee2a9b1e4b70</Data>
  <Data Name=""Operation"">%%2458</Data>
  <Data Name=""ReturnCode"">0x0</Data>
</EventData>",5058,"5058 - Key file operation.",,,,,,,,,,,,,,,,,,null,null,,,,null,,,,,,,,,,,,,,,,,,,,,,,,,,,,null,,,,,,,,,,,,,,,,,,,,null,,,,,,,,,,,null,,,,,,,,,,,,,,,,,,,,,,,,,,,,,,,,,,,,,,,,,,,,,,,,,,,,,,,,,,,,,,,,,,,,,,,,,,,null,,,,,,,,,,,,,,,,,,,,,,,,,,,,,,,,,,,,,,,,,,,,,,,,,"1d5c4674-1024-46b0-9286-296bd21493b1","a4ce8ac9-1087-4865-adb5-c561f6a5cbf0","00000000-0000-0000-0000-000000000001","2020-10-16T14:45:28.794Z","AOI-552b9630-b106-4fe7-a1fa-97d04a0010ef",SecurityEvent,"/subscriptions/f0aad602-69cd-4b25-93b9-4b4356915367/resourcegroups/infrastructure/providers/microsoft.compute/virtualmachines/ctxwu2p01-ls01"
"552b9630-b106-4fe7-a1fa-97d04a0010ef","2020-10-16T14:45:22.063Z",OpsManager,,,"CTXWU2P01-LS01.ad.providence.org","Microsoft-Windows-Security-Auditing",Security,12290,8,"<EventData xmlns=""http://schemas.microsoft.com/win/2004/08/events/event"">
  <Data Name=""SubjectUserSid"">S-1-5-18</Data>
  <Data Name=""SubjectUserName"">CTXWU2P01-LS01$</Data>
  <Data Name=""SubjectDomainName"">AD</Data>
  <Data Name=""SubjectLogonId"">0x3e7</Data>
  <Data Name=""ProviderName"">Microsoft Software Key Storage Provider</Data>
  <Data Name=""AlgorithmName"">RSA</Data>
  <Data Name=""KeyName"">{92264264-E29B-48C7-AFAE-4F3C434D542D}</Data>
  <Data Name=""KeyType"">%%2499</Data>
  <Data Name=""Operation"">%%2480</Data>
  <Data Name=""ReturnCode"">0x0</Data>
</EventData>",5061,"5061 - Cryptographic operation.",,,,,,,,,,,,,,,,,,null,null,,,,null,,,,,,,,,,,,,,,,,,,,,,,,,,,,null,,,,,,,,,,,,,,,,,,,,null,,,,,,,,,,,null,,,,,,,,,,,,,,,,,,,,,,,,,,,,,,,,,,,,,,,,,,,,,,,,,,,,,,,,,,,,,,,,,,,,,,,,,,,null,,,,,,,,,,,,,,,,,,,,,,,,,,,,,,,,,,,,,,,,,,,,,,,,,"1d5c4674-1024-46b0-9286-296bd21493b1","55a81816-7ff8-48fb-b482-5e7efce371ee","00000000-0000-0000-0000-000000000001","2020-10-16T14:45:28.794Z","AOI-552b9630-b106-4fe7-a1fa-97d04a0010ef",SecurityEvent,"/subscriptions/f0aad602-69cd-4b25-93b9-4b4356915367/resourcegroups/infrastructure/providers/microsoft.compute/virtualmachines/ctxwu2p01-ls01"
"552b9630-b106-4fe7-a1fa-97d04a0010ef","2020-10-16T14:45:25.057Z",OpsManager,,,"CTXWU2P01-LS01.ad.providence.org","Microsoft-Windows-Security-Auditing",Security,12292,8,"<EventData xmlns=""http://schemas.microsoft.com/win/2004/08/events/event"">
  <Data Name=""SubjectUserSid"">S-1-5-18</Data>
  <Data Name=""SubjectUserName"">CTXWU2P01-LS01$</Data>
  <Data Name=""SubjectDomainName"">AD</Data>
  <Data Name=""SubjectLogonId"">0x3e7</Data>
  <Data Name=""ClientProcessId"">2992</Data>
  <Data Name=""ClientCreationTime"">2020-08-27T14:12:56.016154700Z</Data>
  <Data Name=""ProviderName"">Microsoft Software Key Storage Provider</Data>
  <Data Name=""AlgorithmName"">UNKNOWN</Data>
  <Data Name=""KeyName"">{92264264-E29B-48C7-AFAE-4F3C434D542D}</Data>
  <Data Name=""KeyType"">%%2499</Data>
  <Data Name=""KeyFilePath"">C:\ProgramData\Microsoft\Crypto\RSA\MachineKeys\0874e3df7d295394d62415ee8955c36f_e8c99039-0e31-48fb-b66c-ee2a9b1e4b70</Data>
  <Data Name=""Operation"">%%2458</Data>
  <Data Name=""ReturnCode"">0x0</Data>
</EventData>",5058,"5058 - Key file operation.",,,,,,,,,,,,,,,,,,null,null,,,,null,,,,,,,,,,,,,,,,,,,,,,,,,,,,null,,,,,,,,,,,,,,,,,,,,null,,,,,,,,,,,null,,,,,,,,,,,,,,,,,,,,,,,,,,,,,,,,,,,,,,,,,,,,,,,,,,,,,,,,,,,,,,,,,,,,,,,,,,,null,,,,,,,,,,,,,,,,,,,,,,,,,,,,,,,,,,,,,,,,,,,,,,,,,"1d5c4674-1024-46b0-9286-296bd21493b1","45186c31-bb4a-4066-8fef-c4e127830d99","00000000-0000-0000-0000-000000000001","2020-10-16T14:45:28.794Z","AOI-552b9630-b106-4fe7-a1fa-97d04a0010ef",SecurityEvent,"/subscriptions/f0aad602-69cd-4b25-93b9-4b4356915367/resourcegroups/infrastructure/providers/microsoft.compute/virtualmachines/ctxwu2p01-ls01"
"552b9630-b106-4fe7-a1fa-97d04a0010ef","2020-10-16T14:45:25.057Z",OpsManager,,,"CTXWU2P01-LS01.ad.providence.org","Microsoft-Windows-Security-Auditing",Security,12290,8,"<EventData xmlns=""http://schemas.microsoft.com/win/2004/08/events/event"">
  <Data Name=""SubjectUserSid"">S-1-5-18</Data>
  <Data Name=""SubjectUserName"">CTXWU2P01-LS01$</Data>
  <Data Name=""SubjectDomainName"">AD</Data>
  <Data Name=""SubjectLogonId"">0x3e7</Data>
  <Data Name=""ProviderName"">Microsoft Software Key Storage Provider</Data>
  <Data Name=""AlgorithmName"">RSA</Data>
  <Data Name=""KeyName"">{92264264-E29B-48C7-AFAE-4F3C434D542D}</Data>
  <Data Name=""KeyType"">%%2499</Data>
  <Data Name=""Operation"">%%2480</Data>
  <Data Name=""ReturnCode"">0x0</Data>
</EventData>",5061,"5061 - Cryptographic operation.",,,,,,,,,,,,,,,,,,null,null,,,,null,,,,,,,,,,,,,,,,,,,,,,,,,,,,null,,,,,,,,,,,,,,,,,,,,null,,,,,,,,,,,null,,,,,,,,,,,,,,,,,,,,,,,,,,,,,,,,,,,,,,,,,,,,,,,,,,,,,,,,,,,,,,,,,,,,,,,,,,,null,,,,,,,,,,,,,,,,,,,,,,,,,,,,,,,,,,,,,,,,,,,,,,,,,"1d5c4674-1024-46b0-9286-296bd21493b1","267093b8-94d5-495a-92e0-a39e64d7432c","00000000-0000-0000-0000-000000000001","2020-10-16T14:45:28.794Z","AOI-552b9630-b106-4fe7-a1fa-97d04a0010ef",SecurityEvent,"/subscriptions/f0aad602-69cd-4b25-93b9-4b4356915367/resourcegroups/infrastructure/providers/microsoft.compute/virtualmachines/ctxwu2p01-ls01"
"552b9630-b106-4fe7-a1fa-97d04a0010ef","2020-10-16T14:45:27.103Z",OpsManager,,,"CTXWU2P01-LS01.ad.providence.org","Microsoft-Windows-Security-Auditing",Security,12810,8,"<EventData xmlns=""http://schemas.microsoft.com/win/2004/08/events/event"">
  <Data Name=""ProcessID"">432</Data>
  <Data Name=""Application"">\device\harddiskvolume2\windows\system32\svchost.exe</Data>
  <Data Name=""Direction"">%%14592</Data>
  <Data Name=""SourceAddress"">10.184.39.66</Data>
  <Data Name=""SourcePort"">52227</Data>
  <Data Name=""DestAddress"">100.100.164.4</Data>
  <Data Name=""DestPort"">135</Data>
  <Data Name=""Protocol"">6</Data>
  <Data Name=""FilterRTID"">72632</Data>
  <Data Name=""LayerName"">%%14610</Data>
  <Data Name=""LayerRTID"">44</Data>
  <Data Name=""RemoteUserID"">S-1-0-0</Data>
  <Data Name=""RemoteMachineID"">S-1-0-0</Data>
</EventData>",5156,"5156 - The Windows Filtering Platform has allowed a connection.",,,,,,,,,,,,,,,,,,null,null,,,,null,,,,,,,,,,,,,,,,,,,,,,,,,,,,null,,,,,,,,,,,,,,,,,,,,null,,,,,,,,,,,null,,,,,,,,,,,,,,,,,,,,,,,,,,,,,,,,,,,,,,,,,,,,,,,,,,,,,,,,,,,,,,,,,,,,,,,,,,,null,,,,,,,,,,,,,,,,,,,,,,,,,,,,,,,,,,,,,,,,,,,,,,,,,"1d5c4674-1024-46b0-9286-296bd21493b1","628857c0-2b48-479b-beba-b875135bb6aa","00000000-0000-0000-0000-000000000001","2020-10-16T14:45:28.794Z","AOI-552b9630-b106-4fe7-a1fa-97d04a0010ef",SecurityEvent,"/subscriptions/f0aad602-69cd-4b25-93b9-4b4356915367/resourcegroups/infrastructure/providers/microsoft.compute/virtualmachines/ctxwu2p01-ls01"
"552b9630-b106-4fe7-a1fa-97d04a0010ef","2020-10-16T14:45:27.22Z",OpsManager,,,"CTXWU2P01-LS01.ad.providence.org","Microsoft-Windows-Security-Auditing",Security,12810,8,"<EventData xmlns=""http://schemas.microsoft.com/win/2004/08/events/event"">
  <Data Name=""ProcessID"">3316</Data>
  <Data Name=""Application"">\device\harddiskvolume2\windows\system32\svchost.exe</Data>
  <Data Name=""Direction"">%%14592</Data>
  <Data Name=""SourceAddress"">10.184.39.66</Data>
  <Data Name=""SourcePort"">52238</Data>
  <Data Name=""DestAddress"">100.100.164.4</Data>
  <Data Name=""DestPort"">49673</Data>
  <Data Name=""Protocol"">6</Data>
  <Data Name=""FilterRTID"">72632</Data>
  <Data Name=""LayerName"">%%14610</Data>
  <Data Name=""LayerRTID"">44</Data>
  <Data Name=""RemoteUserID"">S-1-0-0</Data>
  <Data Name=""RemoteMachineID"">S-1-0-0</Data>
</EventData>",5156,"5156 - The Windows Filtering Platform has allowed a connection.",,,,,,,,,,,,,,,,,,null,null,,,,null,,,,,,,,,,,,,,,,,,,,,,,,,,,,null,,,,,,,,,,,,,,,,,,,,null,,,,,,,,,,,null,,,,,,,,,,,,,,,,,,,,,,,,,,,,,,,,,,,,,,,,,,,,,,,,,,,,,,,,,,,,,,,,,,,,,,,,,,,null,,,,,,,,,,,,,,,,,,,,,,,,,,,,,,,,,,,,,,,,,,,,,,,,,"1d5c4674-1024-46b0-9286-296bd21493b1","4824dcce-8fbc-4731-9675-616d6036e592","00000000-0000-0000-0000-000000000001","2020-10-16T14:45:28.794Z","AOI-552b9630-b106-4fe7-a1fa-97d04a0010ef",SecurityEvent,"/subscriptions/f0aad602-69cd-4b25-93b9-4b4356915367/resourcegroups/infrastructure/providers/microsoft.compute/virtualmachines/ctxwu2p01-ls01"
"552b9630-b106-4fe7-a1fa-97d04a0010ef","2020-10-16T14:45:27.307Z",OpsManager,"WA.PROVIDENCE.ORG\XAMTLVS0A184$",Machine,"CTXWU2P01-LS01.ad.providence.org","Microsoft-Windows-Security-Auditing",Security,12544,8,,4624,"4624 - An account was successfully logged on.",,,,,,,,,,,,,,,,,,null,null,Kerberos,,,null,,,,,,,,,,,,,,,,,,,,,,,,,,,"%%1843",null,,,,,,,,,,,,,,,,"%%1833",,"10.184.39.66",52238,0,"-",,,,,,"129af8f7-bd60-7dc6-df90-9c93f7d47fb5",,,Kerberos,3,"3 - Network",,,,,,,,,,,,,,,,,,,,,,,,,,,,,,,,,,,,,,,,,,,,,,,,,"-",0x0,"-",,,,,,,,,,,,,,,"-",,,,,,,,null,,,,,,,"-\-",,,,"-",,0x0,,,"-","S-1-0-0",,,"WA.PROVIDENCE.ORG\XAMTLVS0A184$","WA.PROVIDENCE.ORG",,0x0,,0x806f689e,"-","-",,,,"XAMTLVS0A184$","S-1-5-21-420551719-245851362-9522986-617551",,,,,,,,"-",,,,,"%%1843",,,"-","1d5c4674-1024-46b0-9286-296bd21493b1","0867e16a-5d5b-43ff-ac73-d20491e35398","00000000-0000-0000-0000-000000000001","2020-10-16T14:45:28.794Z","AOI-552b9630-b106-4fe7-a1fa-97d04a0010ef",SecurityEvent,"/subscriptions/f0aad602-69cd-4b25-93b9-4b4356915367/resourcegroups/infrastructure/providers/microsoft.compute/virtualmachines/ctxwu2p01-ls01"
"552b9630-b106-4fe7-a1fa-97d04a0010ef","2020-10-16T14:45:27.307Z",OpsManager,,,"CTXWU2P01-LS01.ad.providence.org","Microsoft-Windows-Security-Auditing",Security,12554,8,"<EventData xmlns=""http://schemas.microsoft.com/win/2004/08/events/event"">
  <Data Name=""SubjectUserSid"">S-1-0-0</Data>
  <Data Name=""SubjectUserName"">-</Data>
  <Data Name=""SubjectDomainName"">-</Data>
  <Data Name=""SubjectLogonId"">0x0</Data>
  <Data Name=""TargetUserSid"">S-1-5-21-420551719-245851362-9522986-617551</Data>
  <Data Name=""TargetUserName"">XAMTLVS0A184$</Data>
  <Data Name=""TargetDomainName"">WA.PROVIDENCE.ORG</Data>
  <Data Name=""TargetLogonId"">0x806f689e</Data>
  <Data Name=""LogonType"">3</Data>
  <Data Name=""EventIdx"">1</Data>
  <Data Name=""EventCountTotal"">1</Data>
  <Data Name=""GroupMembership""> 		%{S-1-5-21-420551719-245851362-9522986-515} 		%{S-1-1-0} 		%{S-1-5-32-545} 		%{S-1-5-2} 		%{S-1-5-11} 		%{S-1-5-15} 		%{S-1-18-1} 		%{S-1-16-8192}</Data>
</EventData>",4627,"4627 - Group membership information.",,,,,,,,,,,,,,,,,,null,null,,,,null,,,,,,,,,,,,,,,,,,,,,,,,,,,,null,,,,,,,,,,,,,,,,,,,,null,,,,,,,,,,,null,,,,,,,,,,,,,,,,,,,,,,,,,,,,,,,,,,,,,,,,,,,,,,,,,,,,,,,,,,,,,,,,,,,,,,,,,,,null,,,,,,,,,,,,,,,,,,,,,,,,,,,,,,,,,,,,,,,,,,,,,,,,,"1d5c4674-1024-46b0-9286-296bd21493b1","66191019-8acd-4f6d-8e91-58c73fa254b4","00000000-0000-0000-0000-000000000001","2020-10-16T14:45:28.794Z","AOI-552b9630-b106-4fe7-a1fa-97d04a0010ef",SecurityEvent,"/subscriptions/f0aad602-69cd-4b25-93b9-4b4356915367/resourcegroups/infrastructure/providers/microsoft.compute/virtualmachines/ctxwu2p01-ls01"
"552b9630-b106-4fe7-a1fa-97d04a0010ef","2020-10-16T14:45:27.547Z",OpsManager,,,"CTXWU2P01-LS01.ad.providence.org","Microsoft-Windows-Security-Auditing",Security,12810,8,"<EventData xmlns=""http://schemas.microsoft.com/win/2004/08/events/event"">
  <Data Name=""ProcessId"">3316</Data>
  <Data Name=""Application"">\device\harddiskvolume2\windows\system32\svchost.exe</Data>
  <Data Name=""SourceAddress"">0.0.0.0</Data>
  <Data Name=""SourcePort"">64236</Data>
  <Data Name=""Protocol"">6</Data>
  <Data Name=""FilterRTID"">0</Data>
  <Data Name=""LayerName"">%%14608</Data>
  <Data Name=""LayerRTID"">36</Data>
</EventData>",5158,"5158 - The Windows Filtering Platform has permitted a bind to a local port.",,,,,,,,,,,,,,,,,,null,null,,,,null,,,,,,,,,,,,,,,,,,,,,,,,,,,,null,,,,,,,,,,,,,,,,,,,,null,,,,,,,,,,,null,,,,,,,,,,,,,,,,,,,,,,,,,,,,,,,,,,,,,,,,,,,,,,,,,,,,,,,,,,,,,,,,,,,,,,,,,,,null,,,,,,,,,,,,,,,,,,,,,,,,,,,,,,,,,,,,,,,,,,,,,,,,,"1d5c4674-1024-46b0-9286-296bd21493b1","cca26698-765b-4b40-82f6-414170284ba4","00000000-0000-0000-0000-000000000001","2020-10-16T14:45:28.794Z","AOI-552b9630-b106-4fe7-a1fa-97d04a0010ef",SecurityEvent,"/subscriptions/f0aad602-69cd-4b25-93b9-4b4356915367/resourcegroups/infrastructure/providers/microsoft.compute/virtualmachines/ctxwu2p01-ls01"
