"552b9630-b106-4fe7-a1fa-97d04a0010ef","2020-10-16T14:45:29.097Z",OpsManager,,,"WN73200.ad.providence.org","Microsoft-Windows-Security-Auditing",Security,14339,8,"<EventData xmlns=""http://schemas.microsoft.com/win/2004/08/events/event"">
  <Data Name=""TargetUserName"">AGUILAD1</Data>
  <Data Name=""TargetDomainName"">AD</Data>
  <Data Name=""TargetSid"">S-1-5-21-1078081533-725345543-682003330-352080</Data>
  <Data Name=""ServiceName"">krbtgt</Data>
  <Data Name=""ServiceSid"">S-1-5-21-1078081533-725345543-682003330-502</Data>
  <Data Name=""TicketOptions"">0x40810010</Data>
  <Data Name=""Status"">0x0</Data>
  <Data Name=""TicketEncryptionType"">0x12</Data>
  <Data Name=""PreAuthType"">2</Data>
  <Data Name=""IpAddress"">::ffff:10.249.3.164</Data>
  <Data Name=""IpPort"">51709</Data>
  <Data Name=""CertIssuerName""></Data>
  <Data Name=""CertSerialNumber""></Data>
  <Data Name=""CertThumbprint""></Data>
</EventData>",4768,"4768 - A Kerberos authentication ticket (TGT) was requested.",,,,,,,,,,,,,,,,,,null,null,,,,null,,,,,,,,,,,,,,,,,,,,,,,,,,,,null,,,,,,,,,,,,,,,,,,"::ffff:10.249.3.164",51709,null,,,,,,,,,,,null,,,,,,,,,,,,,,,,,,,,,,,,,,,,,,,,,,,,,,,,,,,,,,,,,,,,,,,,,,,,,,,,,,,,,,,,,,krbtgt,null,,,,,,0x0,,,,,,,,,,,,,,"AD\AGUILAD1",AD,,,,,,,,"S-1-5-21-1078081533-725345543-682003330-352080",,AGUILAD1,,,,,,,,,,,,,,,,,,"edcb625c-bbfa-4330-b8e0-39556d321ef7","d9c5e557-86d0-4ed4-8eaf-775f757e7a61","00000000-0000-0000-0000-000000000001","2020-10-16T14:45:30.52Z","AOI-552b9630-b106-4fe7-a1fa-97d04a0010ef",SecurityEvent,
"552b9630-b106-4fe7-a1fa-97d04a0010ef","2020-10-16T14:45:29.11Z",OpsManager,"AD\SJO-CAR-H9L18M2$",Machine,"WN73200.ad.providence.org","Microsoft-Windows-Security-Auditing",Security,12545,8,,4634,"4634 - An account was logged off.",,,,,,,,,,,,,,,,,,null,null,,,,null,,,,,,,,,,,,,,,,,,,,,,,,,,,,null,,,,,,,,,,,,,,,,,,,,null,,,,,,,,,,,3,"3 - Network",,,,,,,,,,,,,,,,,,,,,,,,,,,,,,,,,,,,,,,,,,,,,,,,,,,,,,,,,,,,,,,,,,,,,,,,,,null,,,,,,,,,,,,,,,,,,,,"AD\SJO-CAR-H9L18M2$",AD,,,,0x12a5ec9f0,,,,,,"SJO-CAR-H9L18M2$","S-1-5-21-1078081533-725345543-682003330-477706",,,,,,,,,,,,,,,,,"edcb625c-bbfa-4330-b8e0-39556d321ef7","30ff9390-1eef-499d-a7b3-37cf98b85efc","00000000-0000-0000-0000-000000000001","2020-10-16T14:45:30.52Z","AOI-552b9630-b106-4fe7-a1fa-97d04a0010ef",SecurityEvent,
"552b9630-b106-4fe7-a1fa-97d04a0010ef","2020-10-16T14:45:29.11Z",OpsManager,"AD\SJO-CAR-H9L18M2$",Machine,"WN73200.ad.providence.org","Microsoft-Windows-Security-Auditing",Security,12545,8,,4634,"4634 - An account was logged off.",,,,,,,,,,,,,,,,,,null,null,,,,null,,,,,,,,,,,,,,,,,,,,,,,,,,,,null,,,,,,,,,,,,,,,,,,,,null,,,,,,,,,,,3,"3 - Network",,,,,,,,,,,,,,,,,,,,,,,,,,,,,,,,,,,,,,,,,,,,,,,,,,,,,,,,,,,,,,,,,,,,,,,,,,null,,,,,,,,,,,,,,,,,,,,"AD\SJO-CAR-H9L18M2$",AD,,,,0x12a5ece2e,,,,,,"SJO-CAR-H9L18M2$","S-1-5-21-1078081533-725345543-682003330-477706",,,,,,,,,,,,,,,,,"edcb625c-bbfa-4330-b8e0-39556d321ef7","23c6c0b7-26db-4d9e-8ae9-da604afd1c7e","00000000-0000-0000-0000-000000000001","2020-10-16T14:45:30.52Z","AOI-552b9630-b106-4fe7-a1fa-97d04a0010ef",SecurityEvent,
"552b9630-b106-4fe7-a1fa-97d04a0010ef","2020-10-16T14:45:29.127Z",OpsManager,"AD\dangm1",User,"WN73200.ad.providence.org","Microsoft-Windows-Security-Auditing",Security,12544,8,,4624,"4624 - An account was successfully logged on.",,,,,,,,,,,,,,,,,,null,null,Kerberos,,,null,,,,,,,,,,,,,,,,,,,,,,,,,,,,null,,,,,,,,,,,,,,,,"%%1833",,"-","-",0,"-",,,,,,"f8daf4bd-bec6-cb74-191f-8be54939eb7c",,,Kerberos,3,"3 - Network",,,,,,,,,,,,,,,,,,,,,,,,,,,,,,,,,,,,,,,,,,,,,,,,,"-",0x0,"-",,,,,,,,,,,,,,,,,,,,,,,null,,,,,,,"-\-",,,,"-",,0x0,,,"-","S-1-0-0",,,"AD\dangm1",AD,,,,0x12a5ecd9c,,,,,,dangm1,"S-1-5-21-1078081533-725345543-682003330-343394",,,,,,,,"-",,,,,,,,"-","edcb625c-bbfa-4330-b8e0-39556d321ef7","8efea8a3-907e-4ea8-927b-46d29ee7d726","00000000-0000-0000-0000-000000000001","2020-10-16T14:45:30.52Z","AOI-552b9630-b106-4fe7-a1fa-97d04a0010ef",SecurityEvent,
"552b9630-b106-4fe7-a1fa-97d04a0010ef","2020-10-16T14:45:29.127Z",OpsManager,"AD\MHR-LAB-CPKRND2$",Machine,"WN73200.ad.providence.org","Microsoft-Windows-Security-Auditing",Security,12545,8,,4634,"4634 - An account was logged off.",,,,,,,,,,,,,,,,,,null,null,,,,null,,,,,,,,,,,,,,,,,,,,,,,,,,,,null,,,,,,,,,,,,,,,,,,,,null,,,,,,,,,,,3,"3 - Network",,,,,,,,,,,,,,,,,,,,,,,,,,,,,,,,,,,,,,,,,,,,,,,,,,,,,,,,,,,,,,,,,,,,,,,,,,null,,,,,,,,,,,,,,,,,,,,"AD\MHR-LAB-CPKRND2$",AD,,,,0x12a5ec9c7,,,,,,"MHR-LAB-CPKRND2$","S-1-5-21-1078081533-725345543-682003330-473374",,,,,,,,,,,,,,,,,"edcb625c-bbfa-4330-b8e0-39556d321ef7","75f63886-24b6-4899-a71c-805e449e4c8f","00000000-0000-0000-0000-000000000001","2020-10-16T14:45:30.52Z","AOI-552b9630-b106-4fe7-a1fa-97d04a0010ef",SecurityEvent,
"552b9630-b106-4fe7-a1fa-97d04a0010ef","2020-10-16T14:45:29.127Z",OpsManager,"AD\MHR-COM-4KJLZC2$",Machine,"WN73200.ad.providence.org","Microsoft-Windows-Security-Auditing",Security,12544,8,,4624,"4624 - An account was successfully logged on.",,,,,,,,,,,,,,,,,,null,null,Kerberos,,,null,,,,,,,,,,,,,,,,,,,,,,,,,,,,null,,,,,,,,,,,,,,,,"%%1833",,"10.187.142.248",52018,0,"-",,,,,,"6e768dcf-cf72-69ab-7f75-c8825031a1b6",,,Kerberos,3,"3 - Network",,,,,,,,,,,,,,,,,,,,,,,,,,,,,,,,,,,,,,,,,,,,,,,,,"-",0x0,"-",,,,,,,,,,,,,,,,,,,,,,,null,,,,,,,"-\-",,,,"-",,0x0,,,"-","S-1-0-0",,,"AD\MHR-COM-4KJLZC2$",AD,,,,0x12a5ecf1a,,,,,,"MHR-COM-4KJLZC2$","S-1-5-21-1078081533-725345543-682003330-475006",,,,,,,,"-",,,,,,,,"-","edcb625c-bbfa-4330-b8e0-39556d321ef7","55c57bfe-7f6c-43b4-8dae-c8f829720534","00000000-0000-0000-0000-000000000001","2020-10-16T14:45:30.52Z","AOI-552b9630-b106-4fe7-a1fa-97d04a0010ef",SecurityEvent,
"552b9630-b106-4fe7-a1fa-97d04a0010ef","2020-10-16T14:45:29.143Z",OpsManager,,,"WN73200.ad.providence.org","Microsoft-Windows-Security-Auditing",Security,14339,8,"<EventData xmlns=""http://schemas.microsoft.com/win/2004/08/events/event"">
  <Data Name=""TargetUserName"">MHR-LAB-3V7KXV1$</Data>
  <Data Name=""TargetDomainName"">AD.PROVIDENCE.ORG</Data>
  <Data Name=""TargetSid"">S-1-5-21-1078081533-725345543-682003330-474309</Data>
  <Data Name=""ServiceName"">krbtgt</Data>
  <Data Name=""ServiceSid"">S-1-5-21-1078081533-725345543-682003330-502</Data>
  <Data Name=""TicketOptions"">0x40810010</Data>
  <Data Name=""Status"">0x0</Data>
  <Data Name=""TicketEncryptionType"">0x12</Data>
  <Data Name=""PreAuthType"">2</Data>
  <Data Name=""IpAddress"">::ffff:10.187.25.213</Data>
  <Data Name=""IpPort"">52938</Data>
  <Data Name=""CertIssuerName""></Data>
  <Data Name=""CertSerialNumber""></Data>
  <Data Name=""CertThumbprint""></Data>
</EventData>",4768,"4768 - A Kerberos authentication ticket (TGT) was requested.",,,,,,,,,,,,,,,,,,null,null,,,,null,,,,,,,,,,,,,,,,,,,,,,,,,,,,null,,,,,,,,,,,,,,,,,,"::ffff:10.187.25.213",52938,null,,,,,,,,,,,null,,,,,,,,,,,,,,,,,,,,,,,,,,,,,,,,,,,,,,,,,,,,,,,,,,,,,,,,,,,,,,,,,,,,,,,,,,krbtgt,null,,,,,,0x0,,,,,,,,,,,,,,"AD.PROVIDENCE.ORG\MHR-LAB-3V7KXV1$","AD.PROVIDENCE.ORG",,,,,,,,"S-1-5-21-1078081533-725345543-682003330-474309",,"MHR-LAB-3V7KXV1$",,,,,,,,,,,,,,,,,,"edcb625c-bbfa-4330-b8e0-39556d321ef7","c34b7dca-3a45-45bd-9fbd-896304bf0a35","00000000-0000-0000-0000-000000000001","2020-10-16T14:45:30.52Z","AOI-552b9630-b106-4fe7-a1fa-97d04a0010ef",SecurityEvent,
"552b9630-b106-4fe7-a1fa-97d04a0010ef","2020-10-16T14:45:29.143Z",OpsManager,"AD\MHR-LAB-CPKRND2$",Machine,"WN73200.ad.providence.org","Microsoft-Windows-Security-Auditing",Security,12544,8,,4624,"4624 - An account was successfully logged on.",,,,,,,,,,,,,,,,,,null,null,Kerberos,,,null,,,,,,,,,,,,,,,,,,,,,,,,,,,,null,,,,,,,,,,,,,,,,"%%1833",,"10.187.25.247",53636,0,"-",,,,,,"24670b29-788a-4a79-65b4-71e14db37225",,,Kerberos,3,"3 - Network",,,,,,,,,,,,,,,,,,,,,,,,,,,,,,,,,,,,,,,,,,,,,,,,,"-",0x0,"-",,,,,,,,,,,,,,,,,,,,,,,null,,,,,,,"-\-",,,,"-",,0x0,,,"-","S-1-0-0",,,"AD\MHR-LAB-CPKRND2$",AD,,,,0x12a5ecf54,,,,,,"MHR-LAB-CPKRND2$","S-1-5-21-1078081533-725345543-682003330-473374",,,,,,,,"-",,,,,,,,"-","edcb625c-bbfa-4330-b8e0-39556d321ef7","d2ba2a8a-d772-4a3b-881e-cb06a2772a05","00000000-0000-0000-0000-000000000001","2020-10-16T14:45:30.52Z","AOI-552b9630-b106-4fe7-a1fa-97d04a0010ef",SecurityEvent,
"552b9630-b106-4fe7-a1fa-97d04a0010ef","2020-10-16T14:45:29.157Z",OpsManager,,,"WN73200.ad.providence.org","Microsoft-Windows-Security-Auditing",Security,14336,8,"<EventData xmlns=""http://schemas.microsoft.com/win/2004/08/events/event"">
  <Data Name=""PackageName"">MICROSOFT_AUTHENTICATION_PACKAGE_V1_0</Data>
  <Data Name=""TargetUserName"">GONZALEZMI</Data>
  <Data Name=""Workstation"">\\XDLVS1270162</Data>
  <Data Name=""Status"">0x0</Data>
</EventData>",4776,"4776 - The domain controller attempted to validate the credentials for an account.",,,,,,,,,,,,,,,,,,null,null,,,,null,,,,,,,,,,,,,,,,,,,,,,,,,,,,null,,,,,,,,,,,,,,,,,,,,null,,,,,,,,,,,null,,,,,,,,,,,,,,,,,,,,,,,,,,,,,,,,,,,,,,,,"MICROSOFT_AUTHENTICATION_PACKAGE_V1_0",,,,,,,,,,,,,,,,,,,,,,,,,,,,,,,,,,,null,,,,,,0x0,,,,,,,,,,,,,,GONZALEZMI,,,,,,,,,,,GONZALEZMI,,,,,,,,,,,,,,,,"\\XDLVS1270162",,"edcb625c-bbfa-4330-b8e0-39556d321ef7","48c03cdb-f2e6-44d7-a19c-61da386df8a9","00000000-0000-0000-0000-000000000001","2020-10-16T14:45:30.52Z","AOI-552b9630-b106-4fe7-a1fa-97d04a0010ef",SecurityEvent,
"552b9630-b106-4fe7-a1fa-97d04a0010ef","2020-10-16T14:45:29.157Z",OpsManager,"AD\MaXI",User,"WN73200.ad.providence.org","Microsoft-Windows-Security-Auditing",Security,12544,8,,4624,"4624 - An account was successfully logged on.",,,,,,,,,,,,,,,,,,null,null,Kerberos,,,null,,,,,,,,,,,,,,,,,,,,,,,,,,,,null,,,,,,,,,,,,,,,,"%%1833",,"10.250.187.219",60094,0,"-",,,,,,"d571b44a-5a90-53a7-11aa-092e41c1f8d5",,,Kerberos,3,"3 - Network",,,,,,,,,,,,,,,,,,,,,,,,,,,,,,,,,,,,,,,,,,,,,,,,,"-",0x0,"-",,,,,,,,,,,,,,,,,,,,,,,null,,,,,,,"-\-",,,,"-",,0x0,,,"-","S-1-0-0",,,"AD\MaXI",AD,,,,0x12a5ed176,,,,,,MaXI,"S-1-5-21-1078081533-725345543-682003330-327146",,,,,,,,"-",,,,,,,,"-","edcb625c-bbfa-4330-b8e0-39556d321ef7","824279b2-604f-45a5-b1fe-5f705b7b4bef","00000000-0000-0000-0000-000000000001","2020-10-16T14:45:30.52Z","AOI-552b9630-b106-4fe7-a1fa-97d04a0010ef",SecurityEvent,
"552b9630-b106-4fe7-a1fa-97d04a0010ef","2020-10-16T14:45:29.173Z",OpsManager,"AD\SJO-CAR-H9L18M2$",Machine,"WN73200.ad.providence.org","Microsoft-Windows-Security-Auditing",Security,12544,8,,4624,"4624 - An account was successfully logged on.",,,,,,,,,,,,,,,,,,null,null,Kerberos,,,null,,,,,,,,,,,,,,,,,,,,,,,,,,,,null,,,,,,,,,,,,,,,,"%%1833",,"10.193.114.113",56535,0,"-",,,,,,"8b5c1d0a-97ed-1201-f60a-5079028d9bac",,,Kerberos,3,"3 - Network",,,,,,,,,,,,,,,,,,,,,,,,,,,,,,,,,,,,,,,,,,,,,,,,,"-",0x0,"-",,,,,,,,,,,,,,,,,,,,,,,null,,,,,,,"-\-",,,,"-",,0x0,,,"-","S-1-0-0",,,"AD\SJO-CAR-H9L18M2$",AD,,,,0x12a5ed1b0,,,,,,"SJO-CAR-H9L18M2$","S-1-5-21-1078081533-725345543-682003330-477706",,,,,,,,"-",,,,,,,,"-","edcb625c-bbfa-4330-b8e0-39556d321ef7","62bd2e5c-2e1e-4ea7-8515-7b713b981152","00000000-0000-0000-0000-000000000001","2020-10-16T14:45:30.52Z","AOI-552b9630-b106-4fe7-a1fa-97d04a0010ef",SecurityEvent,
"552b9630-b106-4fe7-a1fa-97d04a0010ef","2020-10-16T14:45:29.19Z",OpsManager,"AD\MaXI",User,"WN73200.ad.providence.org","Microsoft-Windows-Security-Auditing",Security,12545,8,,4634,"4634 - An account was logged off.",,,,,,,,,,,,,,,,,,null,null,,,,null,,,,,,,,,,,,,,,,,,,,,,,,,,,,null,,,,,,,,,,,,,,,,,,,,null,,,,,,,,,,,3,"3 - Network",,,,,,,,,,,,,,,,,,,,,,,,,,,,,,,,,,,,,,,,,,,,,,,,,,,,,,,,,,,,,,,,,,,,,,,,,,null,,,,,,,,,,,,,,,,,,,,"AD\MaXI",AD,,,,0x12a5ed176,,,,,,MaXI,"S-1-5-21-1078081533-725345543-682003330-327146",,,,,,,,,,,,,,,,,"edcb625c-bbfa-4330-b8e0-39556d321ef7","5965669a-bbf8-4abe-906c-f1deab1c89e8","00000000-0000-0000-0000-000000000001","2020-10-16T14:45:30.52Z","AOI-552b9630-b106-4fe7-a1fa-97d04a0010ef",SecurityEvent,
"552b9630-b106-4fe7-a1fa-97d04a0010ef","2020-10-16T14:45:29.19Z",OpsManager,,,"WN73200.ad.providence.org","Microsoft-Windows-Security-Auditing",Security,14339,8,"<EventData xmlns=""http://schemas.microsoft.com/win/2004/08/events/event"">
  <Data Name=""TargetUserName"">FranklinJ1</Data>
  <Data Name=""TargetDomainName"">AD.PROVIDENCE.ORG</Data>
  <Data Name=""TargetSid"">S-1-5-21-1078081533-725345543-682003330-339470</Data>
  <Data Name=""ServiceName"">krbtgt</Data>
  <Data Name=""ServiceSid"">S-1-5-21-1078081533-725345543-682003330-502</Data>
  <Data Name=""TicketOptions"">0x40810010</Data>
  <Data Name=""Status"">0x0</Data>
  <Data Name=""TicketEncryptionType"">0x12</Data>
  <Data Name=""PreAuthType"">2</Data>
  <Data Name=""IpAddress"">::ffff:10.249.3.166</Data>
  <Data Name=""IpPort"">50172</Data>
  <Data Name=""CertIssuerName""></Data>
  <Data Name=""CertSerialNumber""></Data>
  <Data Name=""CertThumbprint""></Data>
</EventData>",4768,"4768 - A Kerberos authentication ticket (TGT) was requested.",,,,,,,,,,,,,,,,,,null,null,,,,null,,,,,,,,,,,,,,,,,,,,,,,,,,,,null,,,,,,,,,,,,,,,,,,"::ffff:10.249.3.166",50172,null,,,,,,,,,,,null,,,,,,,,,,,,,,,,,,,,,,,,,,,,,,,,,,,,,,,,,,,,,,,,,,,,,,,,,,,,,,,,,,,,,,,,,,krbtgt,null,,,,,,0x0,,,,,,,,,,,,,,"AD.PROVIDENCE.ORG\FranklinJ1","AD.PROVIDENCE.ORG",,,,,,,,"S-1-5-21-1078081533-725345543-682003330-339470",,FranklinJ1,,,,,,,,,,,,,,,,,,"edcb625c-bbfa-4330-b8e0-39556d321ef7","2fc23c47-5ada-4685-a97e-bd7632485e9b","00000000-0000-0000-0000-000000000001","2020-10-16T14:45:30.52Z","AOI-552b9630-b106-4fe7-a1fa-97d04a0010ef",SecurityEvent,
"552b9630-b106-4fe7-a1fa-97d04a0010ef","2020-10-16T14:45:29.19Z",OpsManager,"GRACESUPPORT\SysAdmin",User,"WN73200.ad.providence.org","Microsoft-Windows-Security-Auditing",Security,12545,8,,4634,"4634 - An account was logged off.",,,,,,,,,,,,,,,,,,null,null,,,,null,,,,,,,,,,,,,,,,,,,,,,,,,,,,null,,,,,,,,,,,,,,,,,,,,null,,,,,,,,,,,3,"3 - Network",,,,,,,,,,,,,,,,,,,,,,,,,,,,,,,,,,,,,,,,,,,,,,,,,,,,,,,,,,,,,,,,,,,,,,,,,,null,,,,,,,,,,,,,,,,,,,,"GRACESUPPORT\SysAdmin",GRACESUPPORT,,,,0x12a5ec8a3,,,,,,SysAdmin,"S-1-5-21-1727216671-1110163928-1990356773-5522",,,,,,,,,,,,,,,,,"edcb625c-bbfa-4330-b8e0-39556d321ef7","58913328-c825-41bb-9584-b2695369155f","00000000-0000-0000-0000-000000000001","2020-10-16T14:45:30.52Z","AOI-552b9630-b106-4fe7-a1fa-97d04a0010ef",SecurityEvent,
"552b9630-b106-4fe7-a1fa-97d04a0010ef","2020-10-16T14:45:29.19Z",OpsManager,"AD\LOT1",User,"WN73200.ad.providence.org","Microsoft-Windows-Security-Auditing",Security,12544,8,,4624,"4624 - An account was successfully logged on.",,,,,,,,,,,,,,,,,,null,null,Kerberos,,,null,,,,,,,,,,,,,,,,,,,,,,,,,,,,null,,,,,,,,,,,,,,,,"%%1833",,"-","-",0,"-",,,,,,"4351c95e-4a58-dd89-338c-499cd61fa3be",,,Kerberos,3,"3 - Network",,,,,,,,,,,,,,,,,,,,,,,,,,,,,,,,,,,,,,,,,,,,,,,,,"-",0x0,"-",,,,,,,,,,,,,,,,,,,,,,,null,,,,,,,"-\-",,,,"-",,0x0,,,"-","S-1-0-0",,,"AD\LOT1",AD,,,,0x12a5ecfe1,,,,,,LOT1,"S-1-5-21-1078081533-725345543-682003330-355200",,,,,,,,"-",,,,,,,,"-","edcb625c-bbfa-4330-b8e0-39556d321ef7","a2b92645-7bc6-427e-9bda-630d5900bd65","00000000-0000-0000-0000-000000000001","2020-10-16T14:45:30.52Z","AOI-552b9630-b106-4fe7-a1fa-97d04a0010ef",SecurityEvent,
"552b9630-b106-4fe7-a1fa-97d04a0010ef","2020-10-16T14:45:29.19Z",OpsManager,"AD\SMG-AIC-3HW8GK2$",Machine,"WN73200.ad.providence.org","Microsoft-Windows-Security-Auditing",Security,12545,8,,4634,"4634 - An account was logged off.",,,,,,,,,,,,,,,,,,null,null,,,,null,,,,,,,,,,,,,,,,,,,,,,,,,,,,null,,,,,,,,,,,,,,,,,,,,null,,,,,,,,,,,3,"3 - Network",,,,,,,,,,,,,,,,,,,,,,,,,,,,,,,,,,,,,,,,,,,,,,,,,,,,,,,,,,,,,,,,,,,,,,,,,,null,,,,,,,,,,,,,,,,,,,,"AD\SMG-AIC-3HW8GK2$",AD,,,,0x12a57a37b,,,,,,"SMG-AIC-3HW8GK2$","S-1-5-21-1078081533-725345543-682003330-470528",,,,,,,,,,,,,,,,,"edcb625c-bbfa-4330-b8e0-39556d321ef7","f44a7866-ad5d-4e82-be29-40fb6c4aa54e","00000000-0000-0000-0000-000000000001","2020-10-16T14:45:30.52Z","AOI-552b9630-b106-4fe7-a1fa-97d04a0010ef",SecurityEvent,
"552b9630-b106-4fe7-a1fa-97d04a0010ef","2020-10-16T14:45:29.19Z",OpsManager,"AD\SJO-FIN-179BXQ1$",Machine,"WN73200.ad.providence.org","Microsoft-Windows-Security-Auditing",Security,12545,8,,4634,"4634 - An account was logged off.",,,,,,,,,,,,,,,,,,null,null,,,,null,,,,,,,,,,,,,,,,,,,,,,,,,,,,null,,,,,,,,,,,,,,,,,,,,null,,,,,,,,,,,3,"3 - Network",,,,,,,,,,,,,,,,,,,,,,,,,,,,,,,,,,,,,,,,,,,,,,,,,,,,,,,,,,,,,,,,,,,,,,,,,,null,,,,,,,,,,,,,,,,,,,,"AD\SJO-FIN-179BXQ1$",AD,,,,0x12a5d2c12,,,,,,"SJO-FIN-179BXQ1$","S-1-5-21-1078081533-725345543-682003330-524828",,,,,,,,,,,,,,,,,"edcb625c-bbfa-4330-b8e0-39556d321ef7","70aac0c0-e5a1-4628-806a-211ad003dbaa","00000000-0000-0000-0000-000000000001","2020-10-16T14:45:30.52Z","AOI-552b9630-b106-4fe7-a1fa-97d04a0010ef",SecurityEvent,
"552b9630-b106-4fe7-a1fa-97d04a0010ef","2020-10-16T14:45:29.19Z",OpsManager,"AD\MaXI",User,"WN73200.ad.providence.org","Microsoft-Windows-Security-Auditing",Security,12544,8,,4624,"4624 - An account was successfully logged on.",,,,,,,,,,,,,,,,,,null,null,Kerberos,,,null,,,,,,,,,,,,,,,,,,,,,,,,,,,,null,,,,,,,,,,,,,,,,"%%1833",,"10.250.187.219",60095,0,"-",,,,,,"d571b44a-5a90-53a7-11aa-092e41c1f8d5",,,Kerberos,3,"3 - Network",,,,,,,,,,,,,,,,,,,,,,,,,,,,,,,,,,,,,,,,,,,,,,,,,"-",0x0,"-",,,,,,,,,,,,,,,,,,,,,,,null,,,,,,,"-\-",,,,"-",,0x0,,,"-","S-1-0-0",,,"AD\MaXI",AD,,,,0x12a5ed20b,,,,,,MaXI,"S-1-5-21-1078081533-725345543-682003330-327146",,,,,,,,"-",,,,,,,,"-","edcb625c-bbfa-4330-b8e0-39556d321ef7","16e0dd9d-960f-4e0b-ad06-9aff1e4b3a33","00000000-0000-0000-0000-000000000001","2020-10-16T14:45:30.52Z","AOI-552b9630-b106-4fe7-a1fa-97d04a0010ef",SecurityEvent,
"552b9630-b106-4fe7-a1fa-97d04a0010ef","2020-10-16T14:45:29.19Z",OpsManager,"AD\MaXI",User,"WN73200.ad.providence.org","Microsoft-Windows-Security-Auditing",Security,12545,8,,4634,"4634 - An account was logged off.",,,,,,,,,,,,,,,,,,null,null,,,,null,,,,,,,,,,,,,,,,,,,,,,,,,,,,null,,,,,,,,,,,,,,,,,,,,null,,,,,,,,,,,3,"3 - Network",,,,,,,,,,,,,,,,,,,,,,,,,,,,,,,,,,,,,,,,,,,,,,,,,,,,,,,,,,,,,,,,,,,,,,,,,,null,,,,,,,,,,,,,,,,,,,,"AD\MaXI",AD,,,,0x12a5ed20b,,,,,,MaXI,"S-1-5-21-1078081533-725345543-682003330-327146",,,,,,,,,,,,,,,,,"edcb625c-bbfa-4330-b8e0-39556d321ef7","9abce6fd-da23-4ace-be08-e01946b4b2e1","00000000-0000-0000-0000-000000000001","2020-10-16T14:45:30.52Z","AOI-552b9630-b106-4fe7-a1fa-97d04a0010ef",SecurityEvent,
"552b9630-b106-4fe7-a1fa-97d04a0010ef","2020-10-16T14:45:29.203Z",OpsManager,"AD\dangm1",User,"WN73200.ad.providence.org","Microsoft-Windows-Security-Auditing",Security,12545,8,,4634,"4634 - An account was logged off.",,,,,,,,,,,,,,,,,,null,null,,,,null,,,,,,,,,,,,,,,,,,,,,,,,,,,,null,,,,,,,,,,,,,,,,,,,,null,,,,,,,,,,,3,"3 - Network",,,,,,,,,,,,,,,,,,,,,,,,,,,,,,,,,,,,,,,,,,,,,,,,,,,,,,,,,,,,,,,,,,,,,,,,,,null,,,,,,,,,,,,,,,,,,,,"AD\dangm1",AD,,,,0x12a5ecd9c,,,,,,dangm1,"S-1-5-21-1078081533-725345543-682003330-343394",,,,,,,,,,,,,,,,,"edcb625c-bbfa-4330-b8e0-39556d321ef7","629c038d-b334-45af-a58d-663c4b89b47f","00000000-0000-0000-0000-000000000001","2020-10-16T14:45:30.52Z","AOI-552b9630-b106-4fe7-a1fa-97d04a0010ef",SecurityEvent,
"552b9630-b106-4fe7-a1fa-97d04a0010ef","2020-10-16T14:45:29.203Z",OpsManager,"AD\MHR-COM-4KJLZC2$",Machine,"WN73200.ad.providence.org","Microsoft-Windows-Security-Auditing",Security,12544,8,,4624,"4624 - An account was successfully logged on.",,,,,,,,,,,,,,,,,,null,null,Kerberos,,,null,,,,,,,,,,,,,,,,,,,,,,,,,,,,null,,,,,,,,,,,,,,,,"%%1833",,"10.187.142.248",52019,0,"-",,,,,,"6e768dcf-cf72-69ab-7f75-c8825031a1b6",,,Kerberos,3,"3 - Network",,,,,,,,,,,,,,,,,,,,,,,,,,,,,,,,,,,,,,,,,,,,,,,,,"-",0x0,"-",,,,,,,,,,,,,,,,,,,,,,,null,,,,,,,"-\-",,,,"-",,0x0,,,"-","S-1-0-0",,,"AD\MHR-COM-4KJLZC2$",AD,,,,0x12a5ed241,,,,,,"MHR-COM-4KJLZC2$","S-1-5-21-1078081533-725345543-682003330-475006",,,,,,,,"-",,,,,,,,"-","edcb625c-bbfa-4330-b8e0-39556d321ef7","9fb0201e-c8be-4773-b2a6-222082982670","00000000-0000-0000-0000-000000000001","2020-10-16T14:45:30.52Z","AOI-552b9630-b106-4fe7-a1fa-97d04a0010ef",SecurityEvent,
"552b9630-b106-4fe7-a1fa-97d04a0010ef","2020-10-16T14:45:29.203Z",OpsManager,"AD\XDLVS1371229$",Machine,"WN73200.ad.providence.org","Microsoft-Windows-Security-Auditing",Security,12544,8,,4624,"4624 - An account was successfully logged on.",,,,,,,,,,,,,,,,,,null,null,Kerberos,,,null,,,,,,,,,,,,,,,,,,,,,,,,,,,,null,,,,,,,,,,,,,,,,"%%1833",,"10.184.11.22",56077,0,"-",,,,,,"537402ea-6dca-baec-d35d-4a0a97e8a017",,,Kerberos,3,"3 - Network",,,,,,,,,,,,,,,,,,,,,,,,,,,,,,,,,,,,,,,,,,,,,,,,,"-",0x0,"-",,,,,,,,,,,,,,,,,,,,,,,null,,,,,,,"-\-",,,,"-",,0x0,,,"-","S-1-0-0",,,"AD\XDLVS1371229$",AD,,,,0x12a5ed25a,,,,,,"XDLVS1371229$","S-1-5-21-1078081533-725345543-682003330-515786",,,,,,,,"-",,,,,,,,"-","edcb625c-bbfa-4330-b8e0-39556d321ef7","b93cd14b-7f65-4208-a01a-8b87f5ee50cd","00000000-0000-0000-0000-000000000001","2020-10-16T14:45:30.52Z","AOI-552b9630-b106-4fe7-a1fa-97d04a0010ef",SecurityEvent,
"552b9630-b106-4fe7-a1fa-97d04a0010ef","2020-10-16T14:45:29.22Z",OpsManager,"AD\XDLVS1170677$",Machine,"WN73200.ad.providence.org","Microsoft-Windows-Security-Auditing",Security,12544,8,,4624,"4624 - An account was successfully logged on.",,,,,,,,,,,,,,,,,,null,null,Kerberos,,,null,,,,,,,,,,,,,,,,,,,,,,,,,,,,null,,,,,,,,,,,,,,,,"%%1840",,"10.184.0.211",59120,0,"-",,,,,,"d4235407-df13-eb8f-0919-52c27507d436",,,Kerberos,3,"3 - Network",,,,,,,,,,,,,,,,,,,,,,,,,,,,,,,,,,,,,,,,,,,,,,,,,"-",0x0,"-",,,,,,,,,,,,,,,,,,,,,,,null,,,,,,,"-\-",,,,"-",,0x0,,,"-","S-1-0-0",,,"AD\XDLVS1170677$",AD,,,,0x12a5ed290,,,,,,"XDLVS1170677$","S-1-5-21-1078081533-725345543-682003330-498161",,,,,,,,"-",,,,,,,,"-","edcb625c-bbfa-4330-b8e0-39556d321ef7","02944c9a-1bc1-44d4-81d5-ea42b0a1fd3a","00000000-0000-0000-0000-000000000001","2020-10-16T14:45:30.52Z","AOI-552b9630-b106-4fe7-a1fa-97d04a0010ef",SecurityEvent,
"552b9630-b106-4fe7-a1fa-97d04a0010ef","2020-10-16T14:45:29.22Z",OpsManager,"AD\GONZALEZMI",User,"WN73200.ad.providence.org","Microsoft-Windows-Security-Auditing",Security,12544,8,,4624,"4624 - An account was successfully logged on.",,,,,,,,,,,,,,,,,,null,null,Kerberos,,,null,,,,,,,,,,,,,,,,,,,,,,,,,,,,null,,,,,,,,,,,,,,,,"%%1833",,"10.184.4.166",51644,0,"-",,,,,,"56381bcc-4a6a-714a-1615-0d803f7bb6a9",,,Kerberos,3,"3 - Network",,,,,,,,,,,,,,,,,,,,,,,,,,,,,,,,,,,,,,,,,,,,,,,,,"-",0x0,"-",,,,,,,,,,,,,,,,,,,,,,,null,,,,,,,"-\-",,,,"-",,0x0,,,"-","S-1-0-0",,,"AD\GONZALEZMI",AD,,,,0x12a5ed2a5,,,,,,GONZALEZMI,"S-1-5-21-1078081533-725345543-682003330-337842",,,,,,,,"-",,,,,,,,"-","edcb625c-bbfa-4330-b8e0-39556d321ef7","ee9057d8-206c-4ee1-8951-dad2ea2e7151","00000000-0000-0000-0000-000000000001","2020-10-16T14:45:30.52Z","AOI-552b9630-b106-4fe7-a1fa-97d04a0010ef",SecurityEvent,
"552b9630-b106-4fe7-a1fa-97d04a0010ef","2020-10-16T14:45:29.22Z",OpsManager,"AD\XDLVS1370779$",Machine,"WN73200.ad.providence.org","Microsoft-Windows-Security-Auditing",Security,12545,8,,4634,"4634 - An account was logged off.",,,,,,,,,,,,,,,,,,null,null,,,,null,,,,,,,,,,,,,,,,,,,,,,,,,,,,null,,,,,,,,,,,,,,,,,,,,null,,,,,,,,,,,3,"3 - Network",,,,,,,,,,,,,,,,,,,,,,,,,,,,,,,,,,,,,,,,,,,,,,,,,,,,,,,,,,,,,,,,,,,,,,,,,,null,,,,,,,,,,,,,,,,,,,,"AD\XDLVS1370779$",AD,,,,0x12a5dbb2b,,,,,,"XDLVS1370779$","S-1-5-21-1078081533-725345543-682003330-515295",,,,,,,,,,,,,,,,,"edcb625c-bbfa-4330-b8e0-39556d321ef7","35516981-1759-4167-8cce-c625cde08bc4","00000000-0000-0000-0000-000000000001","2020-10-16T14:45:30.52Z","AOI-552b9630-b106-4fe7-a1fa-97d04a0010ef",SecurityEvent,
"552b9630-b106-4fe7-a1fa-97d04a0010ef","2020-10-16T14:45:29.22Z",OpsManager,"AD\XDLVS1271016$",Machine,"WN73200.ad.providence.org","Microsoft-Windows-Security-Auditing",Security,12544,8,,4624,"4624 - An account was successfully logged on.",,,,,,,,,,,,,,,,,,null,null,Kerberos,,,null,,,,,,,,,,,,,,,,,,,,,,,,,,,,null,,,,,,,,,,,,,,,,"%%1840",,"10.184.8.230",63405,0,"-",,,,,,"383558cf-d115-fe54-10b2-6f9d277fea0d",,,Kerberos,3,"3 - Network",,,,,,,,,,,,,,,,,,,,,,,,,,,,,,,,,,,,,,,,,,,,,,,,,"-",0x0,"-",,,,,,,,,,,,,,,,,,,,,,,null,,,,,,,"-\-",,,,"-",,0x0,,,"-","S-1-0-0",,,"AD\XDLVS1271016$",AD,,,,0x12a5ed2cb,,,,,,"XDLVS1271016$","S-1-5-21-1078081533-725345543-682003330-527854",,,,,,,,"-",,,,,,,,"-","edcb625c-bbfa-4330-b8e0-39556d321ef7","b810244f-1c69-4b94-83f0-4ba4619be5b4","00000000-0000-0000-0000-000000000001","2020-10-16T14:45:30.52Z","AOI-552b9630-b106-4fe7-a1fa-97d04a0010ef",SecurityEvent,
"552b9630-b106-4fe7-a1fa-97d04a0010ef","2020-10-16T14:45:29.237Z",OpsManager,"AD\MHR-COM-4KJLZC2$",Machine,"WN73200.ad.providence.org","Microsoft-Windows-Security-Auditing",Security,12545,8,,4634,"4634 - An account was logged off.",,,,,,,,,,,,,,,,,,null,null,,,,null,,,,,,,,,,,,,,,,,,,,,,,,,,,,null,,,,,,,,,,,,,,,,,,,,null,,,,,,,,,,,3,"3 - Network",,,,,,,,,,,,,,,,,,,,,,,,,,,,,,,,,,,,,,,,,,,,,,,,,,,,,,,,,,,,,,,,,,,,,,,,,,null,,,,,,,,,,,,,,,,,,,,"AD\MHR-COM-4KJLZC2$",AD,,,,0x12a5ecf1a,,,,,,"MHR-COM-4KJLZC2$","S-1-5-21-1078081533-725345543-682003330-475006",,,,,,,,,,,,,,,,,"edcb625c-bbfa-4330-b8e0-39556d321ef7","995c3d94-ce64-4439-9a1b-325f316fdaa3","00000000-0000-0000-0000-000000000001","2020-10-16T14:45:30.52Z","AOI-552b9630-b106-4fe7-a1fa-97d04a0010ef",SecurityEvent,
"552b9630-b106-4fe7-a1fa-97d04a0010ef","2020-10-16T14:45:29.237Z",OpsManager,"AD\MHR-LAB-CPKRND2$",Machine,"WN73200.ad.providence.org","Microsoft-Windows-Security-Auditing",Security,12545,8,,4634,"4634 - An account was logged off.",,,,,,,,,,,,,,,,,,null,null,,,,null,,,,,,,,,,,,,,,,,,,,,,,,,,,,null,,,,,,,,,,,,,,,,,,,,null,,,,,,,,,,,3,"3 - Network",,,,,,,,,,,,,,,,,,,,,,,,,,,,,,,,,,,,,,,,,,,,,,,,,,,,,,,,,,,,,,,,,,,,,,,,,,null,,,,,,,,,,,,,,,,,,,,"AD\MHR-LAB-CPKRND2$",AD,,,,0x12a5ecf54,,,,,,"MHR-LAB-CPKRND2$","S-1-5-21-1078081533-725345543-682003330-473374",,,,,,,,,,,,,,,,,"edcb625c-bbfa-4330-b8e0-39556d321ef7","4a68364d-ca3c-42c5-95cb-0d473f30dcff","00000000-0000-0000-0000-000000000001","2020-10-16T14:45:30.52Z","AOI-552b9630-b106-4fe7-a1fa-97d04a0010ef",SecurityEvent,
"552b9630-b106-4fe7-a1fa-97d04a0010ef","2020-10-16T14:45:29.237Z",OpsManager,,,"WN73200.ad.providence.org","Microsoft-Windows-Security-Auditing",Security,12544,16,"<EventData xmlns=""http://schemas.microsoft.com/win/2004/08/events/event"">
  <Data Name=""TargetUserSid"">S-1-5-21-798254582-200106796-1537874043-426032</Data>
  <Data Name=""TargetUserName"">-</Data>
  <Data Name=""TargetDomainName"">-</Data>
  <Data Name=""TdoDirection"">2</Data>
  <Data Name=""TdoAttributes"">8</Data>
  <Data Name=""TdoType"">2</Data>
  <Data Name=""TdoSid"">S-1-5-21-798254582-200106796-1537874043</Data>
  <Data Name=""SidList""> 		%{S-1-5-21-379607110-125704906-1236795852-513} 		%{S-1-5-21-422978413-2066309399-315576832-513}</Data>
</EventData>",4675,"4675 - SIDs were filtered.",,,,,,,,,,,,,,,,,,null,null,,,,null,,,,,,,,,,,,,,,,,,,,,,,,,,,,null,,,,,,,,,,,,,,,,,,,,null,,,,,,,,,,,null,,,,,,,,,,,,,,,,,,,,,,,,,,,,,,,,,,,,,,,,,,,,,,,,,,,,,,,,,,,,,,,,,,,,,,,,,,,null,,,,,,,,,,,,,,,,,,,,"-\-","-",,,,,,,,,,"-","S-1-5-21-798254582-200106796-1537874043-426032",,,,,,,,,,,,,,,,,"edcb625c-bbfa-4330-b8e0-39556d321ef7","404aee99-f505-4937-82c7-cfb451a708e6","00000000-0000-0000-0000-000000000001","2020-10-16T14:45:30.52Z","AOI-552b9630-b106-4fe7-a1fa-97d04a0010ef",SecurityEvent,
"552b9630-b106-4fe7-a1fa-97d04a0010ef","2020-10-16T14:45:29.237Z",OpsManager,,,"WN73200.ad.providence.org","Microsoft-Windows-Security-Auditing",Security,12544,16,"<EventData xmlns=""http://schemas.microsoft.com/win/2004/08/events/event"">
  <Data Name=""TargetUserSid"">S-1-5-21-798254582-200106796-1537874043-426032</Data>
  <Data Name=""TargetUserName"">-</Data>
  <Data Name=""TargetDomainName"">-</Data>
  <Data Name=""TdoDirection"">2</Data>
  <Data Name=""TdoAttributes"">8</Data>
  <Data Name=""TdoType"">2</Data>
  <Data Name=""TdoSid"">S-1-5-21-798254582-200106796-1537874043</Data>
  <Data Name=""SidList""> 		%{S-1-5-21-379607110-125704906-1236795852-513} 		%{S-1-5-21-422978413-2066309399-315576832-513}</Data>
</EventData>",4675,"4675 - SIDs were filtered.",,,,,,,,,,,,,,,,,,null,null,,,,null,,,,,,,,,,,,,,,,,,,,,,,,,,,,null,,,,,,,,,,,,,,,,,,,,null,,,,,,,,,,,null,,,,,,,,,,,,,,,,,,,,,,,,,,,,,,,,,,,,,,,,,,,,,,,,,,,,,,,,,,,,,,,,,,,,,,,,,,,null,,,,,,,,,,,,,,,,,,,,"-\-","-",,,,,,,,,,"-","S-1-5-21-798254582-200106796-1537874043-426032",,,,,,,,,,,,,,,,,"edcb625c-bbfa-4330-b8e0-39556d321ef7","e26c5e16-508c-4dbd-80da-ebc50cd55852","00000000-0000-0000-0000-000000000001","2020-10-16T14:45:30.52Z","AOI-552b9630-b106-4fe7-a1fa-97d04a0010ef",SecurityEvent,
"552b9630-b106-4fe7-a1fa-97d04a0010ef","2020-10-16T14:45:29.237Z",OpsManager,"AD\MHR-COM-4KJLZC2$",Machine,"WN73200.ad.providence.org","Microsoft-Windows-Security-Auditing",Security,12545,8,,4634,"4634 - An account was logged off.",,,,,,,,,,,,,,,,,,null,null,,,,null,,,,,,,,,,,,,,,,,,,,,,,,,,,,null,,,,,,,,,,,,,,,,,,,,null,,,,,,,,,,,3,"3 - Network",,,,,,,,,,,,,,,,,,,,,,,,,,,,,,,,,,,,,,,,,,,,,,,,,,,,,,,,,,,,,,,,,,,,,,,,,,null,,,,,,,,,,,,,,,,,,,,"AD\MHR-COM-4KJLZC2$",AD,,,,0x12a5ed241,,,,,,"MHR-COM-4KJLZC2$","S-1-5-21-1078081533-725345543-682003330-475006",,,,,,,,,,,,,,,,,"edcb625c-bbfa-4330-b8e0-39556d321ef7","cddd6943-7da3-4cb0-be0a-f4f728ce353f","00000000-0000-0000-0000-000000000001","2020-10-16T14:45:30.52Z","AOI-552b9630-b106-4fe7-a1fa-97d04a0010ef",SecurityEvent,
"552b9630-b106-4fe7-a1fa-97d04a0010ef","2020-10-16T14:45:29.237Z",OpsManager,"AD\XDLVS1170289$",Machine,"WN73200.ad.providence.org","Microsoft-Windows-Security-Auditing",Security,12544,8,,4624,"4624 - An account was successfully logged on.",,,,,,,,,,,,,,,,,,null,null,Kerberos,,,null,,,,,,,,,,,,,,,,,,,,,,,,,,,,null,,,,,,,,,,,,,,,,"%%1840",,"10.184.2.108",54528,0,"-",,,,,,"8729b288-02e6-81cc-67fc-b7cddc61da17",,,Kerberos,3,"3 - Network",,,,,,,,,,,,,,,,,,,,,,,,,,,,,,,,,,,,,,,,,,,,,,,,,"-",0x0,"-",,,,,,,,,,,,,,,,,,,,,,,null,,,,,,,"-\-",,,,"-",,0x0,,,"-","S-1-0-0",,,"AD\XDLVS1170289$",AD,,,,0x12a5ed329,,,,,,"XDLVS1170289$","S-1-5-21-1078081533-725345543-682003330-497207",,,,,,,,"-",,,,,,,,"-","edcb625c-bbfa-4330-b8e0-39556d321ef7","1a567e7c-b257-4988-870e-87c51f60294f","00000000-0000-0000-0000-000000000001","2020-10-16T14:45:30.52Z","AOI-552b9630-b106-4fe7-a1fa-97d04a0010ef",SecurityEvent,
"552b9630-b106-4fe7-a1fa-97d04a0010ef","2020-10-16T14:45:29.237Z",OpsManager,"AD\VSOTO",User,"WN73200.ad.providence.org","Microsoft-Windows-Security-Auditing",Security,12545,8,,4634,"4634 - An account was logged off.",,,,,,,,,,,,,,,,,,null,null,,,,null,,,,,,,,,,,,,,,,,,,,,,,,,,,,null,,,,,,,,,,,,,,,,,,,,null,,,,,,,,,,,3,"3 - Network",,,,,,,,,,,,,,,,,,,,,,,,,,,,,,,,,,,,,,,,,,,,,,,,,,,,,,,,,,,,,,,,,,,,,,,,,,null,,,,,,,,,,,,,,,,,,,,"AD\VSOTO",AD,,,,0x12a5ec8d3,,,,,,VSOTO,"S-1-5-21-1078081533-725345543-682003330-484768",,,,,,,,,,,,,,,,,"edcb625c-bbfa-4330-b8e0-39556d321ef7","aa8fa1bb-7e48-4f96-9010-ba78a497e4e9","00000000-0000-0000-0000-000000000001","2020-10-16T14:45:30.52Z","AOI-552b9630-b106-4fe7-a1fa-97d04a0010ef",SecurityEvent,
"552b9630-b106-4fe7-a1fa-97d04a0010ef","2020-10-16T14:45:29.237Z",OpsManager,"AD\PROTH",User,"WN73200.ad.providence.org","Microsoft-Windows-Security-Auditing",Security,12545,8,,4634,"4634 - An account was logged off.",,,,,,,,,,,,,,,,,,null,null,,,,null,,,,,,,,,,,,,,,,,,,,,,,,,,,,null,,,,,,,,,,,,,,,,,,,,null,,,,,,,,,,,3,"3 - Network",,,,,,,,,,,,,,,,,,,,,,,,,,,,,,,,,,,,,,,,,,,,,,,,,,,,,,,,,,,,,,,,,,,,,,,,,,null,,,,,,,,,,,,,,,,,,,,"AD\PROTH",AD,,,,0x12a5c3d49,,,,,,PROTH,"S-1-5-21-1078081533-725345543-682003330-471690",,,,,,,,,,,,,,,,,"edcb625c-bbfa-4330-b8e0-39556d321ef7","93ff69cf-0ce0-4d2a-bb7e-7f763b0932c9","00000000-0000-0000-0000-000000000001","2020-10-16T14:45:30.52Z","AOI-552b9630-b106-4fe7-a1fa-97d04a0010ef",SecurityEvent,
"552b9630-b106-4fe7-a1fa-97d04a0010ef","2020-10-16T14:45:29.237Z",OpsManager,"GRACESUPPORT\SysAdmin",User,"WN73200.ad.providence.org","Microsoft-Windows-Security-Auditing",Security,12544,8,,4624,"4624 - An account was successfully logged on.",,,,,,,,,,,,,,,,,,null,null,Kerberos,,,null,,,,,,,,,,,,,,,,,,,,,,,,,,,,null,,,,,,,,,,,,,,,,"%%1833",,"156.72.83.94",50945,0,"-",,,,,,"9e1da1c4-dd5d-ce30-93d0-9233e2a7c685",,,Kerberos,3,"3 - Network",,,,,,,,,,,,,,,,,,,,,,,,,,,,,,,,,,,,,,,,,,,,,,,,,"-",0x0,"-",,,,,,,,,,,,,,,,,,,,,,,null,,,,,,,"-\-",,,,"-",,0x0,,,"-","S-1-0-0",,,"GRACESUPPORT\SysAdmin",GRACESUPPORT,,,,0x12a5ed350,,,,,,SysAdmin,"S-1-5-21-1727216671-1110163928-1990356773-5522",,,,,,,,"-",,,,,,,,"-","edcb625c-bbfa-4330-b8e0-39556d321ef7","11d1f2ff-51aa-4f56-bf86-4037fa9d68f8","00000000-0000-0000-0000-000000000001","2020-10-16T14:45:30.52Z","AOI-552b9630-b106-4fe7-a1fa-97d04a0010ef",SecurityEvent,
"552b9630-b106-4fe7-a1fa-97d04a0010ef","2020-10-16T14:45:29.25Z",OpsManager,,,"WN73200.ad.providence.org","Microsoft-Windows-Security-Auditing",Security,14339,8,"<EventData xmlns=""http://schemas.microsoft.com/win/2004/08/events/event"">
  <Data Name=""TargetUserName"">FranklinJ1</Data>
  <Data Name=""TargetDomainName"">AD.PROVIDENCE.ORG</Data>
  <Data Name=""TargetSid"">S-1-5-21-1078081533-725345543-682003330-339470</Data>
  <Data Name=""ServiceName"">krbtgt</Data>
  <Data Name=""ServiceSid"">S-1-5-21-1078081533-725345543-682003330-502</Data>
  <Data Name=""TicketOptions"">0x40810010</Data>
  <Data Name=""Status"">0x0</Data>
  <Data Name=""TicketEncryptionType"">0x12</Data>
  <Data Name=""PreAuthType"">2</Data>
  <Data Name=""IpAddress"">::ffff:10.249.3.166</Data>
  <Data Name=""IpPort"">50177</Data>
  <Data Name=""CertIssuerName""></Data>
  <Data Name=""CertSerialNumber""></Data>
  <Data Name=""CertThumbprint""></Data>
</EventData>",4768,"4768 - A Kerberos authentication ticket (TGT) was requested.",,,,,,,,,,,,,,,,,,null,null,,,,null,,,,,,,,,,,,,,,,,,,,,,,,,,,,null,,,,,,,,,,,,,,,,,,"::ffff:10.249.3.166",50177,null,,,,,,,,,,,null,,,,,,,,,,,,,,,,,,,,,,,,,,,,,,,,,,,,,,,,,,,,,,,,,,,,,,,,,,,,,,,,,,,,,,,,,,krbtgt,null,,,,,,0x0,,,,,,,,,,,,,,"AD.PROVIDENCE.ORG\FranklinJ1","AD.PROVIDENCE.ORG",,,,,,,,"S-1-5-21-1078081533-725345543-682003330-339470",,FranklinJ1,,,,,,,,,,,,,,,,,,"edcb625c-bbfa-4330-b8e0-39556d321ef7","9bf58d75-a3b9-4c26-91f5-39f2009403bb","00000000-0000-0000-0000-000000000001","2020-10-16T14:45:30.52Z","AOI-552b9630-b106-4fe7-a1fa-97d04a0010ef",SecurityEvent,
"552b9630-b106-4fe7-a1fa-97d04a0010ef","2020-10-16T14:45:29.267Z",OpsManager,"AD\FOXCH",User,"WN73200.ad.providence.org","Microsoft-Windows-Security-Auditing",Security,12545,8,,4634,"4634 - An account was logged off.",,,,,,,,,,,,,,,,,,null,null,,,,null,,,,,,,,,,,,,,,,,,,,,,,,,,,,null,,,,,,,,,,,,,,,,,,,,null,,,,,,,,,,,3,"3 - Network",,,,,,,,,,,,,,,,,,,,,,,,,,,,,,,,,,,,,,,,,,,,,,,,,,,,,,,,,,,,,,,,,,,,,,,,,,null,,,,,,,,,,,,,,,,,,,,"AD\FOXCH",AD,,,,0x12a5b0e26,,,,,,FOXCH,"S-1-5-21-1078081533-725345543-682003330-339548",,,,,,,,,,,,,,,,,"edcb625c-bbfa-4330-b8e0-39556d321ef7","ae196ff0-951a-4410-b9e0-33bdfb743363","00000000-0000-0000-0000-000000000001","2020-10-16T14:45:30.52Z","AOI-552b9630-b106-4fe7-a1fa-97d04a0010ef",SecurityEvent,
"552b9630-b106-4fe7-a1fa-97d04a0010ef","2020-10-16T14:45:25.773Z",OpsManager,"SJHS-NT\SRM-RES-FYN23M2$",Machine,"ADSAPPPP-018.stjoe.org","Microsoft-Windows-Security-Auditing",Security,12544,8,,4624,"4624 - An account was successfully logged on.",,,,,,,,,,,,,,,,,,null,null,Kerberos,,,null,,,,,,,,,,,,,,,,,,,,,,,,,,,,null,,,,,,,,,,,,,,,,"%%1833",,"10.209.112.73",51744,0,"-",,,,,,"3e5358ba-9838-a345-5457-c6c3c871df90",,,Kerberos,3,"3 - Network",,,,,,,,,,,,,,,,,,,,,,,,,,,,,,,,,,,,,,,,,,,,,,,,,"-",0x0,"-",,,,,,,,,,,,,,,,,,,,,,,null,,,,,,,"-\-",,,,"-",,0x0,,,"-","S-1-0-0",,,"SJHS-NT\SRM-RES-FYN23M2$","SJHS-NT",,,,0x3b02ba44f,,,,,,"SRM-RES-FYN23M2$","S-1-5-21-798254582-200106796-1537874043-553577",,,,,,,,"-",,,,,,,,"-","3d178505-6738-487b-8446-e606abdefd74","6b2bbee0-4dd7-46ff-b024-7c34af34e363","00000000-0000-0000-0000-000000000001","2020-10-16T14:45:26.847Z","AOI-552b9630-b106-4fe7-a1fa-97d04a0010ef",SecurityEvent,
"552b9630-b106-4fe7-a1fa-97d04a0010ef","2020-10-16T14:45:25.773Z",OpsManager,"SJHS-NT\CTXXAP6A237-VP$",Machine,"ADSAPPPP-018.stjoe.org","Microsoft-Windows-Security-Auditing",Security,12545,8,,4634,"4634 - An account was logged off.",,,,,,,,,,,,,,,,,,null,null,,,,null,,,,,,,,,,,,,,,,,,,,,,,,,,,,null,,,,,,,,,,,,,,,,,,,,null,,,,,,,,,,,3,"3 - Network",,,,,,,,,,,,,,,,,,,,,,,,,,,,,,,,,,,,,,,,,,,,,,,,,,,,,,,,,,,,,,,,,,,,,,,,,,null,,,,,,,,,,,,,,,,,,,,"SJHS-NT\CTXXAP6A237-VP$","SJHS-NT",,,,0x3b02a94fe,,,,,,"CTXXAP6A237-VP$","S-1-5-21-798254582-200106796-1537874043-308972",,,,,,,,,,,,,,,,,"3d178505-6738-487b-8446-e606abdefd74","2de1b5d6-93f5-4745-b827-845c24a7f59e","00000000-0000-0000-0000-000000000001","2020-10-16T14:45:26.847Z","AOI-552b9630-b106-4fe7-a1fa-97d04a0010ef",SecurityEvent,
"552b9630-b106-4fe7-a1fa-97d04a0010ef","2020-10-16T14:45:25.773Z",OpsManager,"SJHS-NT\mhr-main-or",User,"ADSAPPPP-018.stjoe.org","Microsoft-Windows-Security-Auditing",Security,12544,8,,4624,"4624 - An account was successfully logged on.",,,,,,,,,,,,,,,,,,null,null,Kerberos,,,null,,,,,,,,,,,,,,,,,,,,,,,,,,,,null,,,,,,,,,,,,,,,,"%%1833",,"10.187.21.111",51265,0,"-",,,,,,"51c66eea-ad57-b107-2ba3-8861a36cedfa",,,Kerberos,3,"3 - Network",,,,,,,,,,,,,,,,,,,,,,,,,,,,,,,,,,,,,,,,,,,,,,,,,"-",0x0,"-",,,,,,,,,,,,,,,,,,,,,,,null,,,,,,,"-\-",,,,"-",,0x0,,,"-","S-1-0-0",,,"SJHS-NT\mhr-main-or","SJHS-NT",,,,0x3b02ba46b,,,,,,"mhr-main-or","S-1-5-21-798254582-200106796-1537874043-173595",,,,,,,,"-",,,,,,,,"-","3d178505-6738-487b-8446-e606abdefd74","81f3f337-625a-41c2-922b-ef5540e55bf0","00000000-0000-0000-0000-000000000001","2020-10-16T14:45:26.847Z","AOI-552b9630-b106-4fe7-a1fa-97d04a0010ef",SecurityEvent,
"552b9630-b106-4fe7-a1fa-97d04a0010ef","2020-10-16T14:45:25.787Z",OpsManager,"SJHS-NT\CARTERP2",User,"ADSAPPPP-018.stjoe.org","Microsoft-Windows-Security-Auditing",Security,12544,8,,4624,"4624 - An account was successfully logged on.",,,,,,,,,,,,,,,,,,null,null,Kerberos,,,null,,,,,,,,,,,,,,,,,,,,,,,,,,,,null,,,,,,,,,,,,,,,,"%%1840",,"156.72.53.33",64797,0,"-",,,,,,"3f7f6fe8-859f-1e3c-083a-9990ecf47bd0",,,Kerberos,3,"3 - Network",,,,,,,,,,,,,,,,,,,,,,,,,,,,,,,,,,,,,,,,,,,,,,,,,"-",0x0,"-",,,,,,,,,,,,,,,,,,,,,,,null,,,,,,,"-\-",,,,"-",,0x0,,,"-","S-1-0-0",,,"SJHS-NT\CARTERP2","SJHS-NT",,,,0x3b02ba54b,,,,,,CARTERP2,"S-1-5-21-798254582-200106796-1537874043-578825",,,,,,,,"-",,,,,,,,"-","3d178505-6738-487b-8446-e606abdefd74","83a52ae8-6ef8-4798-bf86-e6a8e5711c5c","00000000-0000-0000-0000-000000000001","2020-10-16T14:45:26.847Z","AOI-552b9630-b106-4fe7-a1fa-97d04a0010ef",SecurityEvent,
"552b9630-b106-4fe7-a1fa-97d04a0010ef","2020-10-16T14:45:25.82Z",OpsManager,"SJHS-NT\NCDT1035501$",Machine,"ADSAPPPP-018.stjoe.org","Microsoft-Windows-Security-Auditing",Security,12545,8,,4634,"4634 - An account was logged off.",,,,,,,,,,,,,,,,,,null,null,,,,null,,,,,,,,,,,,,,,,,,,,,,,,,,,,null,,,,,,,,,,,,,,,,,,,,null,,,,,,,,,,,3,"3 - Network",,,,,,,,,,,,,,,,,,,,,,,,,,,,,,,,,,,,,,,,,,,,,,,,,,,,,,,,,,,,,,,,,,,,,,,,,,null,,,,,,,,,,,,,,,,,,,,"SJHS-NT\NCDT1035501$","SJHS-NT",,,,0x3b02ba217,,,,,,"NCDT1035501$","S-1-5-21-798254582-200106796-1537874043-724056",,,,,,,,,,,,,,,,,"3d178505-6738-487b-8446-e606abdefd74","74ab71ce-e546-4a21-99a6-42624c126abf","00000000-0000-0000-0000-000000000001","2020-10-16T14:45:26.847Z","AOI-552b9630-b106-4fe7-a1fa-97d04a0010ef",SecurityEvent,
"552b9630-b106-4fe7-a1fa-97d04a0010ef","2020-10-16T14:45:25.82Z",OpsManager,"SJHS-NT\SJF-DDR-3KC6JH2$",Machine,"ADSAPPPP-018.stjoe.org","Microsoft-Windows-Security-Auditing",Security,12544,8,,4624,"4624 - An account was successfully logged on.",,,,,,,,,,,,,,,,,,null,null,Kerberos,,,null,,,,,,,,,,,,,,,,,,,,,,,,,,,,null,,,,,,,,,,,,,,,,"%%1833",,"10.194.220.246",61952,0,"-",,,,,,"26c9d28d-7f27-9178-cda4-1594a980575f",,,Kerberos,3,"3 - Network",,,,,,,,,,,,,,,,,,,,,,,,,,,,,,,,,,,,,,,,,,,,,,,,,"-",0x0,"-",,,,,,,,,,,,,,,,,,,,,,,null,,,,,,,"-\-",,,,"-",,0x0,,,"-","S-1-0-0",,,"SJHS-NT\SJF-DDR-3KC6JH2$","SJHS-NT",,,,0x3b02ba5c2,,,,,,"SJF-DDR-3KC6JH2$","S-1-5-21-798254582-200106796-1537874043-563811",,,,,,,,"-",,,,,,,,"-","3d178505-6738-487b-8446-e606abdefd74","e871a29a-1974-4132-8aed-cae5d6820b5d","00000000-0000-0000-0000-000000000001","2020-10-16T14:45:26.847Z","AOI-552b9630-b106-4fe7-a1fa-97d04a0010ef",SecurityEvent,
"552b9630-b106-4fe7-a1fa-97d04a0010ef","2020-10-16T14:45:25.833Z",OpsManager,,,"ADSAPPPP-018.stjoe.org","Microsoft-Windows-Security-Auditing",Security,14337,8,"<EventData xmlns=""http://schemas.microsoft.com/win/2004/08/events/event"">
  <Data Name=""TargetUserName"">CTXXML6A018-VP$@STJOE.ORG</Data>
  <Data Name=""TargetDomainName"">STJOE.ORG</Data>
  <Data Name=""ServiceName"">CTXXML6A018-VP$</Data>
  <Data Name=""ServiceSid"">S-1-5-21-798254582-200106796-1537874043-716472</Data>
  <Data Name=""TicketOptions"">0x40810000</Data>
  <Data Name=""TicketEncryptionType"">0x12</Data>
  <Data Name=""IpAddress"">::ffff:10.249.3.143</Data>
  <Data Name=""IpPort"">59242</Data>
  <Data Name=""Status"">0x0</Data>
  <Data Name=""LogonGuid"">{7F11BEF0-2510-8BEF-A224-B67B016C3826}</Data>
  <Data Name=""TransmittedServices"">-</Data>
</EventData>",4769,"4769 - A Kerberos service ticket was requested.",,,,,,,,,,,,,,,,,,null,null,,,,null,,,,,,,,,,,,,,,,,,,,,,,,,,,,null,,,,,,,,,,,,,,,,,,,,null,,,,,,,,,,,null,,,,,,,,,,,,,,,,,,,,,,,,,,,,,,,,,,,,,,,,,,,,,,,,,,,,,,,,,,,,,,,,,,,,,,,,,,,null,,,,,,,,,,,,,,,,,,,,,,,,,,,,,,,,,,,,,,,,,,,,,,,,,"3d178505-6738-487b-8446-e606abdefd74","17921184-03b6-4e08-a4a8-c1f039f7a094","00000000-0000-0000-0000-000000000001","2020-10-16T14:45:26.847Z","AOI-552b9630-b106-4fe7-a1fa-97d04a0010ef",SecurityEvent,
"552b9630-b106-4fe7-a1fa-97d04a0010ef","2020-10-16T14:45:25.833Z",OpsManager,,,"ADSAPPPP-018.stjoe.org","Microsoft-Windows-Security-Auditing",Security,14339,16,"<EventData xmlns=""http://schemas.microsoft.com/win/2004/08/events/event"">
  <Data Name=""TargetUserName"">SVC-AzureAD-Connect</Data>
  <Data Name=""TargetSid"">S-1-5-21-798254582-200106796-1537874043-370654</Data>
  <Data Name=""ServiceName"">krbtgt/SJHS-NT</Data>
  <Data Name=""TicketOptions"">0x40810010</Data>
  <Data Name=""Status"">0x18</Data>
  <Data Name=""PreAuthType"">2</Data>
  <Data Name=""IpAddress"">::ffff:10.248.128.25</Data>
  <Data Name=""IpPort"">54273</Data>
  <Data Name=""CertIssuerName""></Data>
  <Data Name=""CertSerialNumber""></Data>
  <Data Name=""CertThumbprint""></Data>
</EventData>",4771,"4771 - Kerberos pre-authentication failed.",,,,,,,,,,,,,,,,,,null,null,,,,null,,,,,,,,,,,,,,,,,,,,,,,,,,,,null,,,,,,,,,,,,,,,,,,"::ffff:10.248.128.25",54273,null,,,,,,,,,,,null,,,,,,,,,,,,,,,,,,,,,,,,,,,,,,,,,,,,,,,,,,,,,,,,,,,,,,,,,,,,,,,,,,,,,,,,,,"krbtgt/SJHS-NT",null,,,,,,0x18,,,,,,,,,,,,,,"SVC-AzureAD-Connect",,,,,,,,,"S-1-5-21-798254582-200106796-1537874043-370654",,"SVC-AzureAD-Connect",,,,,,,,,,,,,,,,,,"3d178505-6738-487b-8446-e606abdefd74","b7b60c80-8061-40c2-80b7-7e75fab6a34f","00000000-0000-0000-0000-000000000001","2020-10-16T14:45:26.847Z","AOI-552b9630-b106-4fe7-a1fa-97d04a0010ef",SecurityEvent,
"552b9630-b106-4fe7-a1fa-97d04a0010ef","2020-10-16T14:45:25.833Z",OpsManager,,,"ADSAPPPP-018.stjoe.org","Microsoft-Windows-Security-Auditing",Security,14339,16,"<EventData xmlns=""http://schemas.microsoft.com/win/2004/08/events/event"">
  <Data Name=""TargetUserName"">summit</Data>
  <Data Name=""TargetSid"">S-1-5-21-798254582-200106796-1537874043-17823</Data>
  <Data Name=""ServiceName"">krbtgt/sjhs-nt</Data>
  <Data Name=""TicketOptions"">0x40810010</Data>
  <Data Name=""Status"">0x18</Data>
  <Data Name=""PreAuthType"">2</Data>
  <Data Name=""IpAddress"">::ffff:10.250.131.239</Data>
  <Data Name=""IpPort"">65171</Data>
  <Data Name=""CertIssuerName""></Data>
  <Data Name=""CertSerialNumber""></Data>
  <Data Name=""CertThumbprint""></Data>
</EventData>",4771,"4771 - Kerberos pre-authentication failed.",,,,,,,,,,,,,,,,,,null,null,,,,null,,,,,,,,,,,,,,,,,,,,,,,,,,,,null,,,,,,,,,,,,,,,,,,"::ffff:10.250.131.239",65171,null,,,,,,,,,,,null,,,,,,,,,,,,,,,,,,,,,,,,,,,,,,,,,,,,,,,,,,,,,,,,,,,,,,,,,,,,,,,,,,,,,,,,,,"krbtgt/sjhs-nt",null,,,,,,0x18,,,,,,,,,,,,,,summit,,,,,,,,,"S-1-5-21-798254582-200106796-1537874043-17823",,summit,,,,,,,,,,,,,,,,,,"3d178505-6738-487b-8446-e606abdefd74","15933fc8-a2e9-4abb-ab5d-7ae302af4b47","00000000-0000-0000-0000-000000000001","2020-10-16T14:45:26.847Z","AOI-552b9630-b106-4fe7-a1fa-97d04a0010ef",SecurityEvent,
"552b9630-b106-4fe7-a1fa-97d04a0010ef","2020-10-16T14:45:25.85Z",OpsManager,"SJHS-NT\SJF-DDR-3KC6JH2$",Machine,"ADSAPPPP-018.stjoe.org","Microsoft-Windows-Security-Auditing",Security,12545,8,,4634,"4634 - An account was logged off.",,,,,,,,,,,,,,,,,,null,null,,,,null,,,,,,,,,,,,,,,,,,,,,,,,,,,,null,,,,,,,,,,,,,,,,,,,,null,,,,,,,,,,,3,"3 - Network",,,,,,,,,,,,,,,,,,,,,,,,,,,,,,,,,,,,,,,,,,,,,,,,,,,,,,,,,,,,,,,,,,,,,,,,,,null,,,,,,,,,,,,,,,,,,,,"SJHS-NT\SJF-DDR-3KC6JH2$","SJHS-NT",,,,0x3b02ba428,,,,,,"SJF-DDR-3KC6JH2$","S-1-5-21-798254582-200106796-1537874043-563811",,,,,,,,,,,,,,,,,"3d178505-6738-487b-8446-e606abdefd74","7e7e6f12-5d39-48d1-939c-08f9d2d445e0","00000000-0000-0000-0000-000000000001","2020-10-16T14:45:26.847Z","AOI-552b9630-b106-4fe7-a1fa-97d04a0010ef",SecurityEvent,
"552b9630-b106-4fe7-a1fa-97d04a0010ef","2020-10-16T14:45:25.85Z",OpsManager,,,"ADSAPPPP-018.stjoe.org","Microsoft-Windows-Security-Auditing",Security,14339,8,"<EventData xmlns=""http://schemas.microsoft.com/win/2004/08/events/event"">
  <Data Name=""TargetUserName"">CASTRON2</Data>
  <Data Name=""TargetDomainName"">SJHS-NT</Data>
  <Data Name=""TargetSid"">S-1-5-21-798254582-200106796-1537874043-426032</Data>
  <Data Name=""ServiceName"">krbtgt</Data>
  <Data Name=""ServiceSid"">S-1-5-21-798254582-200106796-1537874043-502</Data>
  <Data Name=""TicketOptions"">0x40810010</Data>
  <Data Name=""Status"">0x0</Data>
  <Data Name=""TicketEncryptionType"">0x12</Data>
  <Data Name=""PreAuthType"">2</Data>
  <Data Name=""IpAddress"">::ffff:10.184.2.98</Data>
  <Data Name=""IpPort"">54790</Data>
  <Data Name=""CertIssuerName""></Data>
  <Data Name=""CertSerialNumber""></Data>
  <Data Name=""CertThumbprint""></Data>
</EventData>",4768,"4768 - A Kerberos authentication ticket (TGT) was requested.",,,,,,,,,,,,,,,,,,null,null,,,,null,,,,,,,,,,,,,,,,,,,,,,,,,,,,null,,,,,,,,,,,,,,,,,,"::ffff:10.184.2.98",54790,null,,,,,,,,,,,null,,,,,,,,,,,,,,,,,,,,,,,,,,,,,,,,,,,,,,,,,,,,,,,,,,,,,,,,,,,,,,,,,,,,,,,,,,krbtgt,null,,,,,,0x0,,,,,,,,,,,,,,"SJHS-NT\CASTRON2","SJHS-NT",,,,,,,,"S-1-5-21-798254582-200106796-1537874043-426032",,CASTRON2,,,,,,,,,,,,,,,,,,"3d178505-6738-487b-8446-e606abdefd74","a828c83f-9b78-4f74-8116-99eae30b9fce","00000000-0000-0000-0000-000000000001","2020-10-16T14:45:26.847Z","AOI-552b9630-b106-4fe7-a1fa-97d04a0010ef",SecurityEvent,
"552b9630-b106-4fe7-a1fa-97d04a0010ef","2020-10-16T14:45:25.85Z",OpsManager,,,"ADSAPPPP-018.stjoe.org","Microsoft-Windows-Security-Auditing",Security,14337,8,"<EventData xmlns=""http://schemas.microsoft.com/win/2004/08/events/event"">
  <Data Name=""TargetUserName"">CASTRON2@STJOE.ORG</Data>
  <Data Name=""TargetDomainName"">STJOE.ORG</Data>
  <Data Name=""ServiceName"">AD.PROVIDENCE.ORG</Data>
  <Data Name=""ServiceSid"">S-1-5-21-798254582-200106796-1537874043-0</Data>
  <Data Name=""TicketOptions"">0x40810000</Data>
  <Data Name=""TicketEncryptionType"">0x12</Data>
  <Data Name=""IpAddress"">::ffff:10.184.2.98</Data>
  <Data Name=""IpPort"">54791</Data>
  <Data Name=""Status"">0x0</Data>
  <Data Name=""LogonGuid"">{35C453D1-24EE-19DD-4B78-0EA302994C3C}</Data>
  <Data Name=""TransmittedServices"">-</Data>
</EventData>",4769,"4769 - A Kerberos service ticket was requested.",,,,,,,,,,,,,,,,,,null,null,,,,null,,,,,,,,,,,,,,,,,,,,,,,,,,,,null,,,,,,,,,,,,,,,,,,,,null,,,,,,,,,,,null,,,,,,,,,,,,,,,,,,,,,,,,,,,,,,,,,,,,,,,,,,,,,,,,,,,,,,,,,,,,,,,,,,,,,,,,,,,null,,,,,,,,,,,,,,,,,,,,,,,,,,,,,,,,,,,,,,,,,,,,,,,,,"3d178505-6738-487b-8446-e606abdefd74","5d2ee119-b06f-4f52-a373-739d6510ed76","00000000-0000-0000-0000-000000000001","2020-10-16T14:45:26.847Z","AOI-552b9630-b106-4fe7-a1fa-97d04a0010ef",SecurityEvent,
"552b9630-b106-4fe7-a1fa-97d04a0010ef","2020-10-16T14:45:25.867Z",OpsManager,,,"ADSAPPPP-018.stjoe.org","Microsoft-Windows-Security-Auditing",Security,14336,8,"<EventData xmlns=""http://schemas.microsoft.com/win/2004/08/events/event"">
  <Data Name=""PackageName"">MICROSOFT_AUTHENTICATION_PACKAGE_V1_0</Data>
  <Data Name=""TargetUserName"">BOSHAC1</Data>
  <Data Name=""Workstation"">ADSAPPPP-018</Data>
  <Data Name=""Status"">0x0</Data>
</EventData>",4776,"4776 - The domain controller attempted to validate the credentials for an account.",,,,,,,,,,,,,,,,,,null,null,,,,null,,,,,,,,,,,,,,,,,,,,,,,,,,,,null,,,,,,,,,,,,,,,,,,,,null,,,,,,,,,,,null,,,,,,,,,,,,,,,,,,,,,,,,,,,,,,,,,,,,,,,,"MICROSOFT_AUTHENTICATION_PACKAGE_V1_0",,,,,,,,,,,,,,,,,,,,,,,,,,,,,,,,,,,null,,,,,,0x0,,,,,,,,,,,,,,BOSHAC1,,,,,,,,,,,BOSHAC1,,,,,,,,,,,,,,,,"ADSAPPPP-018",,"3d178505-6738-487b-8446-e606abdefd74","68dce391-a1cf-4253-a412-7652b7c1e62e","00000000-0000-0000-0000-000000000001","2020-10-16T14:45:26.847Z","AOI-552b9630-b106-4fe7-a1fa-97d04a0010ef",SecurityEvent,
"552b9630-b106-4fe7-a1fa-97d04a0010ef","2020-10-16T14:45:25.867Z",OpsManager,"SJHS-NT\BUGBEEJ1",User,"ADSAPPPP-018.stjoe.org","Microsoft-Windows-Security-Auditing",Security,12544,8,,4624,"4624 - An account was successfully logged on.",,,,,,,,,,,,,,,,,,null,null,Kerberos,,,null,,,,,,,,,,,,,,,,,,,,,,,,,,,,null,,,,,,,,,,,,,,,,"%%1833",,"156.72.141.249",57646,0,"-",,,,,,"9981ac7f-5f57-37f3-0690-238d83f784b9",,,Kerberos,3,"3 - Network",,,,,,,,,,,,,,,,,,,,,,,,,,,,,,,,,,,,,,,,,,,,,,,,,"-",0x0,"-",,,,,,,,,,,,,,,,,,,,,,,null,,,,,,,"-\-",,,,"-",,0x0,,,"-","S-1-0-0",,,"SJHS-NT\BUGBEEJ1","SJHS-NT",,,,0x3b02ba722,,,,,,BUGBEEJ1,"S-1-5-21-798254582-200106796-1537874043-142405",,,,,,,,"-",,,,,,,,"-","3d178505-6738-487b-8446-e606abdefd74","ca66ba9f-9ccf-4cb9-acbb-2138a2fd891b","00000000-0000-0000-0000-000000000001","2020-10-16T14:45:26.847Z","AOI-552b9630-b106-4fe7-a1fa-97d04a0010ef",SecurityEvent,
